-0.443990534  0
-0.444746174  0.000534318411
-0.443408138  0.00114910719
-0.443534668  0.000868768651
-0.4436061  0.000697945401
-0.443483916  0.00059221951
-0.443451973  0.000508477465
-0.443714069  0.000507995413
-0.444011815  0.000531696528
-0.443877372  0.00049523262
-0.443765836  0.000462601102
-0.443761549  0.000424070877
-0.443697752  0.000396219821
-0.443668266  0.000369013853
-0.443705322  0.000346268421
-0.443741936  0.000326556657
-0.443884377  0.000336984461
-0.443774265  0.000335771337
-0.443724938  0.000321702092
-0.443638802  0.000316938638
-0.443607227  0.000303415111
-0.443502776  0.000307076397
-0.443528464  0.000294797723
-0.443552724  0.000283510998
-0.443610952  0.000278085773
-0.4436417  0.000269084637
-0.443720144  0.000270311058
-0.44370034  0.000261381535
-0.443663436  0.000254960375
-0.443618476  0.000250394357
-0.443589529  0.000243984685
-0.443599132  0.000236549089
-0.443616154  0.000229992588
-0.443569847  0.000227842212
-0.443571435  0.000221337968
-0.443590704  0.00021602678
-0.44360751  0.00021084093
-0.44364994  0.000209518367
-0.443618892  0.000206433705
-0.443648449  0.000203377831
-0.443686138  0.000201879399
-0.44363346  0.000203829733
-0.443649843  0.000199746788
-0.44361907  0.000197563384
-0.443625442  0.000193275833
-0.443602438  0.000190438229
-0.443607952  0.000186466168
-0.443651248  0.000187540553
-0.443683311  0.00018643376
-0.443668429  0.000183298055
-0.443674536  0.00017980567
-0.443667414  0.000176488859
-0.443655164  0.000173583492
-0.443687605  0.000173374013
-0.443693157  0.000170310618
-0.44368113  0.0001676935
-0.443708058  0.000166899657
-0.443712303  0.000164076035
-0.443724387  0.000161739512
-0.44373398  0.00015932805
-0.443738677  0.000156785343
-0.443744447  0.0001543627
-0.443743805  0.000151913837
-0.44372968  0.000150195381
-0.443711452  0.00014898671
-0.443720539  0.000147006205
-0.443741898  0.000146355513
-0.44375057  0.000144459908
-0.443730071  0.000143813329
-0.443724351  0.000141872555
-0.443744074  0.000141238708
-0.443781565  0.000144166879
-0.443775896  0.000142303399
-0.443781488  0.000140490213
-0.443775388  0.000138749359
-0.443801116  0.000139288495
-0.443820387  0.000138806344
-0.443822173  0.000137038262
-0.44383068  0.000135567408
-0.443818661  0.000134404582
-0.443837157  0.000134011914
-0.443827073  0.000132756452
-0.44381114  0.000132109672
-0.443815397  0.000130605494
-0.44380417  0.000129550595
-0.443780499  0.000130188754
-0.443778775  0.000128703748
-0.443752912  0.000129813809
-0.443759298  0.000128512222
-0.443762918  0.000127135298
-0.443784147  0.000127498234
-0.443793006  0.000126419758
-0.443799138  0.000125209075
-0.443782154  0.000125023772
-0.443806257  0.000126009682
-0.443809097  0.0001247291
-0.443812639  0.000123493496
-0.443825074  0.000122857886
-0.44382697  0.000121631524
-0.443839001  0.000121008786
