-3   1.94607e-05
-2.96   2.45641e-06
-2.92   2.80536e-06
-2.88   1.40206e-06
-2.84   3.15802e-06
-2.8   4.55852e-06
-2.76   1.31573e-05
-2.72   9.29496e-06
-2.68   1.84137e-05
-2.64   3.1741e-05
-2.6   3.43746e-05
-2.56   5.59446e-05
-2.52   7.05085e-05
-2.48   0.000122791
-2.44   0.000152756
-2.4   0.000238894
-2.36   0.000291164
-2.32   0.000424801
-2.28   0.000570409
-2.24   0.000761598
-2.2   0.00101361
-2.16   0.00131696
-2.12   0.00175055
-2.08   0.00234527
-2.04   0.00304053
-2   0.00376776
-1.96   0.00479697
-1.92   0.00616249
-1.88   0.00757822
-1.84   0.0094289
-1.8   0.0116768
-1.76   0.0143109
-1.72   0.0170087
-1.68   0.0205355
-1.64   0.0242825
-1.6   0.0286802
-1.56   0.0336712
-1.52   0.0391845
-1.48   0.0447401
-1.44   0.050997
-1.4   0.0577598
-1.36   0.0649075
-1.32   0.0722505
-1.28   0.0799276
-1.24   0.0875782
-1.2   0.0949047
-1.16   0.102477
-1.12   0.109576
-1.08   0.1164
-1.04   0.122527
-1   0.128008
-0.96   0.133429
-0.92   0.137314
-0.88   0.141087
-0.84   0.142977
-0.8   0.143794
-0.76   0.145026
-0.72   0.145003
-0.68   0.143725
-0.64   0.141565
-0.6   0.139666
-0.56   0.136393
-0.52   0.132903
-0.48   0.129421
-0.44   0.125381
-0.4   0.121699
-0.36   0.117892
-0.32   0.114664
-0.28   0.110949
-0.24   0.108228
-0.2   0.105347
-0.16   0.103469
-0.12   0.101666
-0.08   0.100563
-0.04   0.100019
0   0.0999813
0.04   0.10056
0.08   0.101726
0.12   0.103066
0.16   0.105414
0.2   0.108053
0.24   0.111032
0.28   0.114205
0.32   0.118406
0.36   0.121767
0.4   0.125638
0.44   0.129369
0.48   0.13334
0.52   0.136172
0.56   0.13928
0.6   0.14174
0.64   0.143877
0.68   0.145018
0.72   0.145306
0.76   0.144359
0.8   0.142731
0.84   0.14016
0.88   0.137149
0.92   0.133264
0.96   0.128321
1   0.122593
1.04   0.116204
1.08   0.109084
1.12   0.101913
1.16   0.0945503
1.2   0.0872487
1.24   0.0793636
1.28   0.0717883
1.32   0.0644407
1.36   0.0576757
1.4   0.0505039
1.44   0.0446363
1.48   0.0384409
1.52   0.0333351
1.56   0.0287062
1.6   0.0239794
1.64   0.0203594
1.68   0.0170806
1.72   0.014078
1.76   0.011487
1.8   0.00944627
1.84   0.0075358
1.88   0.00601581
1.92   0.00487059
1.96   0.00381957
2   0.00293529
2.04   0.00233802
2.08   0.00174105
2.12   0.00137685
2.16   0.00102416
2.2   0.000769081
2.24   0.000569367
2.28   0.000423768
2.32   0.000316235
2.36   0.000212043
2.4   0.00016066
2.44   0.000107528
2.48   9.20928e-05
2.52   6.17381e-05
2.56   3.90981e-05
2.6   3.03479e-05
2.64   2.42146e-05
2.68   1.24608e-05
2.72   8.24776e-06
2.76   5.61057e-06
2.8   3.85906e-06
2.84   1.57553e-06
2.88   2.10461e-06
2.92   2.10071e-06
2.96   2.13873e-05
