0  374.937
1  315.042
2  262.732
3  246.73
4  222.193
5  215.441
6  186.949
7  180.065
8  172.4
9  168.895
10  162.394
11  158.005
12  146.621
13  136.469
14  129.066
15  125.62
16  124.062
17  120.413
18  118.49
19  117.711
20  117.704
21  117.635
22  117.416
23  117.341
24  117.328
25  117.307
26  117.193
27  115.908
28  115.908
29  115.908
30  115.908
31  113.406
32  97.3683
33  73.0973
34  70.742
35  65.2973
36  65.1531
37  64.3835
38  62.8403
39  62.5777
40  62.5777
41  62.5393
42  62.403
43  62.403
44  62.403
45  62.403
46  62.403
47  62.403
48  62.403
49  62.403
50  62.403
51  62.403
52  62.403
53  62.403
54  62.403
55  62.403
56  62.403
57  62.403
58  62.403
59  62.403
60  62.403
61  62.403
62  62.403
63  62.403
64  62.403
65  62.403
66  62.403
67  62.403
68  62.403
69  62.403
70  62.403
71  62.403
72  62.403
73  62.403
74  62.403
75  62.403
76  62.403
77  62.403
78  62.403
79  62.403
80  62.403
81  62.403
82  62.403
83  62.403
84  62.403
85  62.403
86  62.403
87  62.403
88  62.403
89  62.403
90  62.403
91  62.403
92  62.403
93  62.403
94  62.403
95  62.403
96  62.403
97  62.403
98  62.403
99  62.403
