   7.1747   6.9659

   4.8221   8.7606

  -1.2752  -9.9184

  -4.8816   8.7275

  -9.8968   1.4330

  -8.9986  -4.3618

  -2.7882  -9.6034

   8.5750   5.1448

  -5.5678  -8.3066

   8.2879  -5.5957

  -6.9137   7.2250

   5.1749  -8.5569

   1.6293  -9.8664

   9.9119   1.3242

   4.9095   8.7119

  -8.9820  -4.3959

  -1.8265   9.8318

  -9.5878  -2.8416

   9.9410   1.0850

  -8.6651  -4.9916

   9.1864   3.9509

   0.2924  -9.9957

   1.0563   9.9441

   3.4881   9.3719

  -9.9909   0.4255

   0.3799  -9.9928

  -9.9142   1.3071

  -9.9935   0.3606

  -0.4958   9.9877

   0.6738   9.9773

  -9.8434   1.7628

  -8.6101  -5.0859

