0  420.035
1  114.64
2  114.64
3  114.64
4  114.64
5  114.64
6  114.64
7  114.64
8  113.786
9  113.786
10  92.4211
11  92.4211
12  92.4211
13  92.4211
14  92.4211
15  92.4211
16  92.4211
17  92.4211
18  92.4211
19  92.4211
20  92.4211
21  92.4211
22  92.4211
23  92.4211
24  92.4211
25  92.4211
26  92.4211
27  92.4211
28  92.4211
29  92.4211
30  92.4211
31  92.4211
32  92.4211
33  92.4211
34  92.4211
35  92.4211
36  92.4211
37  92.4211
38  92.4211
39  92.4211
40  92.4211
41  80.209
42  80.209
43  80.209
44  80.209
45  80.209
46  80.209
47  80.209
48  80.209
49  80.209
50  80.209
51  80.209
52  80.209
53  80.209
54  80.209
55  80.209
56  80.209
57  80.209
58  80.209
59  80.209
60  80.209
61  80.209
62  80.209
63  80.209
64  80.209
65  80.209
66  80.209
67  80.209
68  80.209
69  80.209
70  80.209
71  80.209
72  80.209
73  80.209
74  80.209
75  80.209
76  80.209
77  80.209
78  80.209
79  80.209
80  80.209
81  80.209
82  80.209
83  80.209
84  80.209
85  80.209
86  80.209
87  80.209
88  80.209
89  80.209
90  80.209
91  80.209
92  80.209
93  80.209
94  80.209
95  80.209
96  80.209
97  76.0735
98  76.0735
99  76.0735
100  76.0735
101  76.0735
102  76.0735
103  76.0735
104  76.0735
105  76.0735
106  76.0735
107  76.0735
108  76.0735
109  76.0735
110  76.0735
111  76.0735
112  76.0735
113  76.0735
114  76.0735
115  76.0735
116  76.0735
117  76.0735
118  76.0735
119  76.0735
120  76.0735
121  76.0735
122  76.0735
123  76.0735
124  76.0735
125  76.0735
126  76.0735
127  76.0735
128  76.0735
129  76.0735
130  76.0735
131  76.0735
132  72.0564
133  72.0564
134  72.0564
135  72.0564
136  72.0564
137  72.0564
138  72.0564
139  72.0564
140  72.0564
141  71.9233
142  71.9233
143  71.9094
144  67.8424
145  67.8424
146  67.8424
147  67.8424
148  67.8424
149  67.8424
150  67.8424
151  67.8424
152  67.8424
153  65.1068
154  65.1068
155  65.1068
156  65.1068
157  65.1068
158  65.1068
159  65.1068
160  65.1068
161  65.1068
162  65.1068
163  65.1068
164  65.1068
165  65.1068
166  65.1068
167  65.1068
168  65.1068
169  65.1068
170  65.1068
171  65.1068
172  65.1068
173  65.1068
174  65.1068
175  65.1068
176  65.1068
177  65.1068
178  65.1068
179  65.1068
180  65.1068
181  65.1068
182  65.1068
183  65.1068
184  65.1068
185  65.1068
186  65.1068
187  65.1068
188  65.1068
189  65.1068
190  65.1068
191  65.1068
192  65.1068
193  65.1068
194  65.1068
195  65.1068
196  65.1068
197  65.1068
198  65.1068
199  65.1068
200  65.1068
201  65.1068
202  65.1068
203  65.1068
204  65.1068
205  65.1068
206  65.1068
207  65.1068
208  65.1068
209  65.1068
210  65.1068
211  65.1068
212  65.1068
213  65.1068
214  65.1068
215  65.1068
216  65.1068
217  65.1068
218  65.1068
219  65.1068
220  65.1068
221  65.1068
222  65.1068
223  65.1068
224  65.1068
225  65.1068
226  65.1068
227  65.1068
228  65.1068
229  65.1068
230  65.1068
231  65.1068
232  65.1068
233  65.1068
234  65.1068
235  65.1068
236  65.1068
237  65.1068
238  65.1068
239  65.1068
240  65.1068
241  65.1068
242  65.1068
243  65.1068
244  65.1068
245  65.1068
246  65.1068
247  65.1068
248  65.1068
249  65.1068
