5  0.2  0.3  0.3  0.2
4.79208  0.194  0.291  0.276  0.184
4.58417  0.18818  0.28227  0.25392  0.16928
4.37625  0.182535  0.273802  0.233606  0.155738
4.16833  0.177059  0.265588  0.214918  0.143279
3.96042  0.171747  0.25762  0.197724  0.131816
3.7525  0.166594  0.249892  0.181907  0.121271
3.54458  0.161597  0.242395  0.167354  0.111569
3.33667  0.156749  0.235123  0.153966  0.102644
3.12875  0.152046  0.228069  0.141648  0.0944323
2.92083  0.147485  0.221227  0.130317  0.0868777
2.71292  0.14306  0.21459  0.119891  0.0799275
2.505  0.138768  0.208153  0.1103  0.0735333
2.29708  0.134605  0.201908  0.101476  0.0676506
2.08917  0.130567  0.195851  0.0933578  0.0622386
1.88125  0.12665  0.189975  0.0858892  0.0572595
1.67333  0.122851  0.184276  0.0790181  0.0526787
1.46542  0.119165  0.178748  0.0726966  0.0484644
1.2575  0.11559  0.173385  0.0668809  0.0445873
1.04958  0.112123  0.168184  0.0615304  0.0410203
0.841667  0.108759  0.163138  0.056608  0.0377387
0.63375  0.105496  0.158244  0.0520794  0.0347196
0.425833  0.102331  0.153497  0.047913  0.031942
0.217917  0.0992613  0.148892  0.04408  0.0293866
0.01  0.0962834  0.144425  0.0405536  0.0270357
