0  156.764
10  122.778
20  116.468
30  106.543
40  96.1482
50  81.4708
60  70.8092
70  62.7772
80  58.5454
90  55.9984
100  54.5216
110  53.3114
120  52.2332
130  52.161
140  51.8272
150  51.8272
160  51.7824
170  51.6624
180  51.5548
190  51.2548
200  51.2548
210  51.2548
220  51.2548
230  51.2548
240  51.2548
250  51.2548
260  51.2548
270  51.2548
280  51.2548
290  51.2548
300  51.2548
310  51.2548
320  51.2548
330  51.2548
340  51.2548
350  51.2548
360  51.2475
370  50.9358
380  50.8556
390  50.7091
400  50.6672
410  50.5626
420  50.5626
430  50.5626
440  50.5626
450  50.5626
460  50.5626
470  50.5626
480  50.5626
490  50.5581
500  50.3265
510  50.3265
520  50.3265
530  50.3265
540  50.3265
550  50.3265
560  50.1321
570  49.8564
580  49.2943
590  48.573
600  48.573
610  48.573
620  48.573
630  48.573
640  48.573
650  48.573
660  48.573
670  48.573
680  48.573
690  48.573
700  48.573
710  48.573
720  48.573
730  48.573
740  48.573
750  48.573
760  48.573
770  48.573
780  48.573
790  48.573
800  48.573
810  48.573
820  48.573
830  48.573
840  48.573
850  48.573
860  48.573
870  48.573
880  48.573
890  48.573
900  48.573
910  48.573
920  48.573
930  48.573
940  48.573
950  48.573
960  48.573
970  48.573
980  48.573
990  48.573
1000  48.573
1010  48.573
1020  48.573
1030  48.573
1040  48.573
1050  48.573
1060  48.573
1070  48.573
1080  48.573
1090  48.573
1100  48.573
1110  48.573
1120  48.573
1130  48.573
1140  48.573
1150  48.573
1160  48.573
1170  48.573
1180  48.573
1190  48.573
1200  48.573
1210  48.573
1220  48.573
1230  48.573
1240  48.573
1250  48.573
1260  48.573
1270  48.573
1280  48.573
1290  48.573
1300  48.573
1310  48.573
1320  48.573
1330  48.573
1340  48.573
1350  48.573
1360  48.573
1370  48.573
1380  48.573
1390  48.573
1400  48.573
1410  48.573
1420  48.573
1430  48.573
1440  48.573
1450  48.573
1460  48.573
1470  48.573
1480  48.573
1490  48.573
1500  48.573
1510  48.573
1520  48.573
1530  48.573
1540  48.573
1550  48.573
1560  48.573
1570  48.573
1580  48.573
1590  48.573
1600  48.573
1610  48.573
1620  48.573
1630  48.573
1640  48.573
1650  48.573
1660  48.573
1670  48.573
1680  48.573
1690  48.573
1700  48.573
1710  48.573
1720  48.573
1730  48.573
1740  48.573
1750  48.573
1760  48.573
1770  48.573
1780  48.573
1790  48.573
1800  48.573
1810  48.573
1820  48.573
1830  48.573
1840  48.573
1850  48.573
1860  48.573
1870  48.573
1880  48.573
1890  48.573
1900  48.573
1910  48.573
1920  48.573
1930  48.573
1940  48.573
1950  48.573
1960  48.573
1970  48.573
1980  48.573
1990  48.573
