0  166.727
1  93.4927
2  86.2223
3  86.2223
4  86.2223
5  84.6692
6  84.6692
7  84.6692
8  84.6692
9  84.6692
10  84.6692
11  84.6692
12  84.6692
13  84.6692
14  84.6692
15  84.6692
16  84.6692
17  84.6692
18  84.6692
19  84.6692
20  84.6692
21  84.6692
22  84.6692
23  84.0839
24  84.0839
25  84.0839
26  77.1555
27  77.1555
28  77.1555
29  77.1555
30  77.1555
31  77.1555
32  77.1555
33  77.1555
34  77.1555
35  77.1555
36  77.1555
37  77.1555
38  77.1555
39  77.1555
40  77.1555
41  77.1555
42  77.1555
43  77.1555
44  77.1555
45  77.1555
46  77.1555
47  77.1555
48  77.1555
49  77.1555
50  77.1555
51  77.1555
52  77.1555
53  77.1555
54  77.1555
55  77.1555
56  77.1555
57  77.1555
58  77.1555
59  77.1555
60  77.1555
61  77.1555
62  77.1555
63  77.1555
64  77.1555
65  77.1555
66  77.1555
67  77.1555
68  77.1555
69  77.1555
70  77.1555
71  77.1555
72  77.1555
73  77.1555
74  77.1555
75  77.1555
76  77.1555
77  77.1555
78  77.1555
79  77.1555
80  77.1555
81  77.1555
82  77.1555
83  77.1555
84  77.1555
85  76.9607
86  76.9607
87  76.9607
88  76.9607
89  76.9607
90  76.9607
91  76.9607
92  76.9607
93  74.5139
94  69.5243
95  69.5243
96  69.5243
97  69.5243
98  69.5243
99  69.5243
100  69.5243
101  69.5243
102  69.5243
103  69.5243
104  69.5243
105  69.5243
106  69.5243
107  69.5243
108  69.5243
109  69.5243
110  69.5243
111  69.5243
112  69.5243
113  68.0656
114  68.0656
115  68.0656
116  68.0656
117  68.0656
118  68.0656
119  68.0656
120  68.0656
121  66.9911
122  66.9911
123  66.9911
124  66.9911
125  66.9911
126  65.69
127  65.69
128  65.69
129  65.69
130  65.69
131  65.69
132  65.69
133  65.69
134  65.69
135  65.69
136  65.69
137  65.69
138  65.69
139  65.69
140  65.69
141  65.69
142  65.69
143  65.69
144  65.69
145  65.69
146  65.69
147  61.4187
148  61.4187
149  61.4187
150  61.4187
151  61.4187
152  61.4187
153  61.4187
154  61.4187
155  61.4187
156  61.4187
157  61.4187
158  61.4187
159  61.4187
160  61.4187
161  61.4187
162  61.4187
163  59.9808
164  59.9808
165  58.4106
166  58.4106
167  58.4106
168  58.4106
169  58.4106
170  58.4106
171  58.4106
172  58.4106
173  58.4106
174  58.4106
175  56.6292
176  56.6292
177  56.6292
178  56.6292
179  56.6292
180  56.6292
181  52.7533
182  52.7533
183  52.7533
184  52.7533
185  52.7533
186  52.7533
187  52.7533
188  52.7533
189  52.7533
190  52.7533
191  52.7533
192  52.7533
193  52.7533
194  52.7533
195  52.7533
196  52.7533
197  52.7533
198  52.7533
199  52.7533
200  52.7533
201  52.7533
202  51.1087
203  51.1087
204  51.1087
205  51.1087
206  51.1087
207  51.1087
208  51.1087
209  50.7697
210  50.7697
211  48.8208
212  48.8208
213  48.8208
214  48.8208
215  48.8208
216  48.8208
217  48.8208
218  48.8208
219  48.8208
220  48.8208
221  48.8208
222  48.8208
223  48.8208
224  48.8208
225  48.8208
226  48.8208
227  48.8208
228  48.8208
229  48.8208
230  48.8208
231  48.8208
232  48.8208
233  48.8208
234  48.8208
235  48.8208
236  48.8208
237  48.8208
238  48.8208
239  48.8208
240  48.8208
241  48.8208
242  48.8208
243  48.8208
244  48.8208
245  48.8208
246  48.8208
247  48.8208
248  48.8208
249  48.8208
