5  0.2  0.3  0.3  0.2
4.79208  0.196  0.291  0.276  0.19
4.58417  0.19208  0.28227  0.25392  0.1805
4.37625  0.188238  0.273802  0.233606  0.171475
4.16833  0.184474  0.265588  0.214918  0.162901
3.96042  0.180784  0.25762  0.197724  0.154756
3.7525  0.177168  0.249892  0.181907  0.147018
3.54458  0.173625  0.242395  0.167354  0.139667
3.33667  0.170153  0.235123  0.153966  0.132684
3.12875  0.16675  0.228069  0.141648  0.12605
2.92083  0.163415  0.221227  0.130317  0.119747
2.71292  0.160146  0.21459  0.119891  0.11376
2.505  0.156943  0.208153  0.1103  0.108072
2.29708  0.153804  0.201908  0.101476  0.102668
2.08917  0.150728  0.195851  0.0933578  0.097535
1.88125  0.147714  0.189975  0.0858892  0.0926582
1.67333  0.14476  0.184276  0.0790181  0.0880253
1.46542  0.141864  0.178748  0.0726966  0.0836241
1.2575  0.139027  0.173385  0.0668809  0.0794429
1.04958  0.136247  0.168184  0.0615304  0.0754707
0.841667  0.133522  0.163138  0.056608  0.0716972
0.63375  0.130851  0.158244  0.0520794  0.0681123
0.425833  0.128234  0.153497  0.047913  0.0647067
0.217917  0.125669  0.148892  0.04408  0.0614714
0.01  0.123156  0.144425  0.0405536  0.0583978
