0.000000000000000000e+00 1.000000000000000000e+00
5.000000000000000000e+03 8.243894955841991612e-01
1.000000000000000000e+04 6.992547583200954264e-01
1.500000000000000000e+04 6.062036000441569650e-01
2.000000000000000000e+04 5.354371808186940696e-01
2.500000000000000000e+04 4.798201191813855626e-01
3.000000000000000000e+04 4.352101461227477208e-01
3.500000000000000000e+04 3.985121993278760710e-01
4.000000000000000000e+04 3.680108378297653471e-01
4.500000000000000000e+04 3.422802892465473534e-01
5.000000000000000000e+04 3.200037148271554499e-01
5.500000000000000000e+04 3.005590505326844464e-01
6.000000000000000000e+04 2.839039974864454585e-01
6.500000000000000000e+04 2.690006580619505594e-01
7.000000000000000000e+04 2.557480447707159987e-01
7.500000000000000000e+04 2.441018795240296746e-01
8.000000000000000000e+04 2.330837910939902724e-01
8.500000000000000000e+04 2.227834889527494089e-01
9.000000000000000000e+04 2.125426506463281850e-01
9.500000000000000000e+04 2.038404517070858679e-01
1.000000000000000000e+05 1.960550148518588887e-01
1.050000000000000000e+05 1.893528523234761785e-01
1.100000000000000000e+05 1.831037826598662654e-01
1.150000000000000000e+05 1.777271431038996985e-01
1.200000000000000000e+05 1.727552154620152491e-01
1.250000000000000000e+05 1.681982918066213806e-01
1.300000000000000000e+05 1.631801344873319293e-01
1.350000000000000000e+05 1.582390040329009206e-01
1.400000000000000000e+05 1.535423891489522130e-01
1.450000000000000000e+05 1.501505987199493741e-01
1.500000000000000000e+05 1.466712570640592850e-01
1.550000000000000000e+05 1.430771561353860744e-01
1.600000000000000000e+05 1.401571332738734688e-01
1.650000000000000000e+05 1.370834046911501847e-01
1.700000000000000000e+05 1.336702329810220968e-01
1.750000000000000000e+05 1.305123572087674988e-01
1.800000000000000000e+05 1.271643021593017453e-01
1.850000000000000000e+05 1.239116063473880841e-01
1.900000000000000000e+05 1.206738637535157560e-01
1.950000000000000000e+05 1.178725624936905331e-01
2.000000000000000000e+05 1.152829309071600333e-01
2.050000000000000000e+05 1.134531076011301431e-01
2.100000000000000000e+05 1.117531106208629332e-01
2.150000000000000000e+05 1.085925063027465137e-01
2.200000000000000000e+05 1.052723874282540384e-01
2.250000000000000000e+05 1.024406041342415113e-01
2.300000000000000000e+05 9.993236175434719315e-02
2.350000000000000000e+05 9.817753682601879084e-02
2.400000000000000000e+05 9.657464074263433229e-02
2.450000000000000000e+05 9.423112966273129720e-02
2.500000000000000000e+05 9.213819413198816310e-02
2.550000000000000000e+05 9.036148400610957698e-02
2.600000000000000000e+05 8.820498244757420114e-02
2.650000000000000000e+05 8.667855945780537918e-02
2.700000000000000000e+05 8.525222975545854176e-02
2.750000000000000000e+05 8.304325656679834022e-02
2.800000000000000000e+05 8.032575540499738154e-02
2.850000000000000000e+05 7.762953569022054690e-02
2.900000000000000000e+05 7.510921985042294524e-02
2.950000000000000000e+05 7.385462749933868754e-02
3.000000000000000000e+05 7.248315623131063035e-02
3.050000000000000000e+05 7.146242840663662166e-02
3.100000000000000000e+05 7.061679385111813145e-02
3.150000000000000000e+05 6.961689807618086367e-02
3.200000000000000000e+05 6.815208919033453883e-02
3.250000000000000000e+05 6.630341839125759862e-02
3.300000000000000000e+05 6.494241693501635881e-02
3.350000000000000000e+05 6.400498716738908800e-02
3.400000000000000000e+05 6.334092495915280563e-02
3.450000000000000000e+05 6.214542183114541568e-02
3.500000000000000000e+05 6.109928735379347581e-02
3.550000000000000000e+05 5.946666082531256586e-02
3.600000000000000000e+05 5.775873597555554462e-02
3.650000000000000000e+05 5.587532249944085483e-02
3.700000000000000000e+05 5.437095389828923431e-02
3.750000000000000000e+05 5.330239208674518447e-02
3.800000000000000000e+05 5.322200621760625472e-02
3.850000000000000000e+05 5.195229016668757860e-02
3.900000000000000000e+05 5.103530072803556111e-02
3.950000000000000000e+05 4.982321317930445831e-02
4.000000000000000000e+05 4.835520514536973541e-02
4.050000000000000000e+05 4.673421510860781974e-02
4.100000000000000000e+05 4.519233544349422760e-02
4.150000000000000000e+05 4.383803086859637543e-02
4.200000000000000000e+05 4.283737322513889167e-02
4.250000000000000000e+05 4.218327985372732902e-02
4.300000000000000000e+05 4.212733691991834423e-02
4.350000000000000000e+05 4.257311241309040539e-02
4.400000000000000000e+05 4.247519189389083183e-02
4.450000000000000000e+05 4.201292544830954184e-02
4.500000000000000000e+05 4.174621234218225257e-02
4.550000000000000000e+05 4.138282522682813769e-02
4.600000000000000000e+05 4.130318268969968010e-02
4.650000000000000000e+05 4.133371290126855446e-02
4.700000000000000000e+05 4.110733513845231391e-02
4.750000000000000000e+05 4.062546189443448641e-02
4.800000000000000000e+05 4.022190729915262747e-02
4.850000000000000000e+05 3.978586679014750604e-02
4.900000000000000000e+05 3.934250225489928365e-02
4.950000000000000000e+05 3.859566761916171512e-02
