0.000000000000000000e+00 1.000000000000000000e+00
5.000000000000000000e+03 8.015553845920055931e-01
1.000000000000000000e+04 6.638866659068303200e-01
1.500000000000000000e+04 5.639953304031892767e-01
2.000000000000000000e+04 4.897115291940636328e-01
2.500000000000000000e+04 4.325212848512227093e-01
3.000000000000000000e+04 3.872744906747711546e-01
3.500000000000000000e+04 3.506618224712640952e-01
4.000000000000000000e+04 3.205820609284520395e-01
4.500000000000000000e+04 2.956491166783539737e-01
5.000000000000000000e+04 2.742462200704581243e-01
5.500000000000000000e+04 2.555364707312524630e-01
6.000000000000000000e+04 2.397571646315671268e-01
6.500000000000000000e+04 2.258256530460599765e-01
7.000000000000000000e+04 2.136285531824215211e-01
7.500000000000000000e+04 2.030811142677956815e-01
8.000000000000000000e+04 1.930700293578723192e-01
8.500000000000000000e+04 1.837553183369588228e-01
9.000000000000000000e+04 1.743685302188281439e-01
9.500000000000000000e+04 1.666658057810018467e-01
1.000000000000000000e+05 1.596185195900499676e-01
1.050000000000000000e+05 1.534699837026159974e-01
1.100000000000000000e+05 1.478914097617121948e-01
1.150000000000000000e+05 1.434505644612329156e-01
1.200000000000000000e+05 1.393112373775172719e-01
1.250000000000000000e+05 1.356068412636466380e-01
1.300000000000000000e+05 1.314206574179667408e-01
1.350000000000000000e+05 1.273558826348165640e-01
1.400000000000000000e+05 1.233426747646567262e-01
1.450000000000000000e+05 1.209589463238869012e-01
1.500000000000000000e+05 1.184162871724632055e-01
1.550000000000000000e+05 1.153033055855740008e-01
1.600000000000000000e+05 1.128270884680679098e-01
1.650000000000000000e+05 1.103190416660748269e-01
1.700000000000000000e+05 1.072473314740588907e-01
1.750000000000000000e+05 1.044066609589388989e-01
1.800000000000000000e+05 1.015087105810194429e-01
1.850000000000000000e+05 9.884380202872213028e-02
1.900000000000000000e+05 9.635907770953626439e-02
1.950000000000000000e+05 9.429746766479694953e-02
2.000000000000000000e+05 9.237600461457670664e-02
2.050000000000000000e+05 9.133710125890528997e-02
2.100000000000000000e+05 9.016515784041388704e-02
2.150000000000000000e+05 8.688099061948359458e-02
2.200000000000000000e+05 8.377730613056158515e-02
2.250000000000000000e+05 8.146878951225003385e-02
2.300000000000000000e+05 7.943134743792215624e-02
2.350000000000000000e+05 7.831811816694780881e-02
2.400000000000000000e+05 7.718824990588035728e-02
2.450000000000000000e+05 7.519961594386026515e-02
2.500000000000000000e+05 7.328005373348402129e-02
2.550000000000000000e+05 7.159391790151466151e-02
2.600000000000000000e+05 6.975943875758616741e-02
2.650000000000000000e+05 6.861967902357288263e-02
2.700000000000000000e+05 6.732557029636733470e-02
2.750000000000000000e+05 6.531613646330317047e-02
2.800000000000000000e+05 6.322701210668053851e-02
2.850000000000000000e+05 6.103121423597770295e-02
2.900000000000000000e+05 5.894521632182366661e-02
2.950000000000000000e+05 5.814752688173433631e-02
3.000000000000000000e+05 5.722502626365767037e-02
3.050000000000000000e+05 5.663650678326233312e-02
3.100000000000000000e+05 5.617250351636490086e-02
3.150000000000000000e+05 5.549253733270490679e-02
3.200000000000000000e+05 5.457987189905698366e-02
3.250000000000000000e+05 5.311720223124873769e-02
3.300000000000000000e+05 5.242288838086347352e-02
3.350000000000000000e+05 5.198789534589538797e-02
3.400000000000000000e+05 5.160793433793539609e-02
3.450000000000000000e+05 5.075257283209705372e-02
3.500000000000000000e+05 4.996331962075591104e-02
3.550000000000000000e+05 4.879944583539314040e-02
3.600000000000000000e+05 4.729704872047411218e-02
3.650000000000000000e+05 4.570721415913443081e-02
3.700000000000000000e+05 4.471859368646922267e-02
3.750000000000000000e+05 4.420590447284210994e-02
3.800000000000000000e+05 4.451174747456911052e-02
3.850000000000000000e+05 4.335143941451110455e-02
3.900000000000000000e+05 4.247391805308207285e-02
3.950000000000000000e+05 4.107374967719107373e-02
4.000000000000000000e+05 3.943948165517281029e-02
4.050000000000000000e+05 3.771810789355332927e-02
4.100000000000000000e+05 3.610810819001158967e-02
4.150000000000000000e+05 3.505636831680848664e-02
4.200000000000000000e+05 3.423861771335623416e-02
4.250000000000000000e+05 3.379390531899673783e-02
4.300000000000000000e+05 3.404823177047906768e-02
4.350000000000000000e+05 3.494730972869936059e-02
4.400000000000000000e+05 3.538926047490319193e-02
4.450000000000000000e+05 3.499687368634126633e-02
4.500000000000000000e+05 3.457226634785022512e-02
4.550000000000000000e+05 3.414711241341429615e-02
4.600000000000000000e+05 3.384130273449140885e-02
4.650000000000000000e+05 3.367502997564227746e-02
4.700000000000000000e+05 3.316220812687861730e-02
4.750000000000000000e+05 3.234630001681553652e-02
4.800000000000000000e+05 3.186430796956265382e-02
4.850000000000000000e+05 3.152914816418282695e-02
4.900000000000000000e+05 3.127114180117882697e-02
4.950000000000000000e+05 3.057639340437852751e-02
