1.000000000000000000e+01 3.423739625766301486e-04
2.000000000000000000e+01 4.196398043941536337e-04
3.000000000000000000e+01 4.660719717152959863e-04
4.000000000000000000e+01 4.987965958766944763e-04
5.000000000000000000e+01 5.263126862951163568e-04
6.000000000000000000e+01 5.490238835864878764e-04
7.000000000000000000e+01 5.634488460101260256e-04
8.000000000000000000e+01 5.758549560575911604e-04
9.000000000000000000e+01 5.950274404329848220e-04
1.000000000000000000e+02 6.036258976276196895e-04
2.000000000000000000e+02 6.650701578721674063e-04
3.000000000000000000e+02 6.864215118038048419e-04
4.000000000000000000e+02 6.921856223501618574e-04
5.000000000000000000e+02 7.030003141318019082e-04
6.000000000000000000e+02 7.119467252340298162e-04
7.000000000000000000e+02 7.358581559977761533e-04
8.000000000000000000e+02 7.121626948378222783e-04
9.000000000000000000e+02 7.402150043190886116e-04
1.000000000000000000e+03 6.997994112486057797e-04
1.200000000000000000e+03 7.415758408756601859e-04
1.400000000000000000e+03 7.463704289376353000e-04
1.600000000000000000e+03 7.280990145470575244e-04
1.800000000000000000e+03 7.438431349922342960e-04
2.000000000000000000e+03 6.777870322774172916e-04
2.200000000000000000e+03 7.106355527138096592e-04
2.400000000000000000e+03 7.490905733492481773e-04
2.600000000000000000e+03 7.201004551294241593e-04
2.800000000000000000e+03 7.375072099408835642e-04
3.000000000000000000e+03 7.313349980279689041e-04
3.200000000000000000e+03 7.864303147370922545e-04
3.400000000000000000e+03 7.857509448360440289e-04
3.600000000000000000e+03 7.669523312221933342e-04
3.800000000000000000e+03 7.207641299140395271e-04
4.000000000000000000e+03 7.325040423571423489e-04
4.200000000000000000e+03 7.658041410852568960e-04
4.400000000000000000e+03 7.292056718822778096e-04
4.600000000000000000e+03 7.391559521834758584e-04
4.800000000000000000e+03 7.542456293150809083e-04
5.000000000000000000e+03 7.944536648842475714e-04
