1.000000000000000000e+01 1.280747214326010575e+00 5.558136465284403216e-04
3.500000000000000000e+01 1.280752221103055311e+00 8.069824596141575304e-04
6.000000000000000000e+01 1.280751327545101237e+00 9.237492587050475865e-04
8.500000000000000000e+01 1.280754025129513085e+00 9.886533420636804768e-04
1.100000000000000000e+02 1.280750514039400656e+00 1.043670466831556282e-03
1.350000000000000000e+02 1.280749753207111485e+00 1.076072657550401464e-03
1.600000000000000000e+02 1.280747214325999028e+00 1.102947319951522913e-03
1.850000000000000000e+02 1.280750129887769040e+00 1.122809211034680619e-03
2.100000000000000000e+02 1.280765978605443722e+00 1.140854599874778063e-03
2.350000000000000000e+02 1.280758667356880487e+00 1.153550489984531829e-03
2.600000000000000000e+02 1.280751327545104123e+00 1.170331887437573879e-03
2.850000000000000000e+02 1.280749651897418628e+00 1.182836861158519971e-03
3.100000000000000000e+02 1.280752848489151274e+00 1.180177693991882109e-03
3.350000000000000000e+02 1.280767584044257390e+00 1.190722604368203881e-03
3.600000000000000000e+02 1.280751182310679193e+00 1.184008688179978130e-03
3.850000000000000000e+02 1.280752772190983269e+00 1.190400589887343277e-03
4.100000000000000000e+02 1.280767211462815025e+00 1.205880337282430386e-03
4.350000000000000000e+02 1.280766505661095511e+00 1.188113785400668086e-03
4.600000000000000000e+02 1.280765110877572166e+00 1.197412716274804572e-03
4.850000000000000000e+02 1.280767642097887515e+00 1.191086991752553833e-03
5.100000000000000000e+02 1.280765978605441058e+00 1.198081809763721283e-03
5.350000000000000000e+02 1.280748869433047998e+00 1.231754687282605662e-03
5.600000000000000000e+02 1.280769151665595462e+00 1.241424279606175322e-03
5.850000000000000000e+02 1.280760009001382205e+00 1.253721851234082746e-03
6.100000000000000000e+02 1.280760009001381095e+00 1.232830515238480000e-03
6.350000000000000000e+02 1.280756608744459291e+00 1.249405016086835947e-03
6.600000000000000000e+02 1.280757696823586089e+00 1.272928693415022877e-03
6.850000000000000000e+02 1.280783832935828981e+00 1.231784446189679262e-03
7.100000000000000000e+02 1.280760335917496384e+00 1.235324584697963107e-03
7.350000000000000000e+02 1.280765978605440836e+00 1.280495535836232357e-03
7.600000000000000000e+02 1.280783476476008209e+00 1.245505857046137234e-03
7.850000000000000000e+02 1.280766985326281748e+00 1.282071322887024705e-03
8.100000000000000000e+02 1.280761332126778340e+00 1.257369849291461094e-03
8.350000000000000000e+02 1.280785729105000437e+00 1.265411197986574757e-03
8.600000000000000000e+02 1.280754155879999301e+00 1.270604933616332512e-03
8.850000000000000000e+02 1.280750982778378511e+00 1.247228121809513613e-03
9.100000000000000000e+02 1.280760009001382205e+00 1.287429029955688845e-03
9.350000000000000000e+02 1.280773295928221200e+00 1.285764355677952806e-03
9.600000000000000000e+02 1.280757514711538425e+00 1.287124980899946938e-03
9.850000000000000000e+02 1.280774113257040492e+00 1.270629325340306027e-03
1.010000000000000000e+03 1.280750514039405319e+00 1.260830979170601482e-03
1.035000000000000000e+03 1.280749753207109043e+00 1.261112611990882230e-03
1.060000000000000000e+03 1.280766985326281748e+00 1.303096424730392248e-03
1.085000000000000000e+03 1.280759427657785388e+00 1.246527372259179306e-03
1.110000000000000000e+03 1.280767563983983948e+00 1.267147630466735828e-03
1.135000000000000000e+03 1.280774224909893011e+00 1.248130939784458443e-03
1.160000000000000000e+03 1.280753494087525146e+00 1.275826762368111435e-03
1.185000000000000000e+03 1.280773308365654950e+00 1.257973229011371836e-03
1.210000000000000000e+03 1.280752772190984157e+00 1.257265735382605320e-03
1.235000000000000000e+03 1.280782700653384953e+00 1.266253133963416268e-03
1.260000000000000000e+03 1.280779627312811142e+00 1.286229107822016784e-03
1.285000000000000000e+03 1.280750551182820551e+00 1.262460748137860661e-03
1.310000000000000000e+03 1.280758102270041165e+00 1.269589403218795813e-03
1.335000000000000000e+03 1.280773295928218980e+00 1.300044693532107594e-03
1.360000000000000000e+03 1.280755424615323212e+00 1.263035938796184914e-03
1.385000000000000000e+03 1.280750562468873754e+00 1.281002650049826086e-03
1.410000000000000000e+03 1.280750982778379177e+00 1.245845093772356615e-03
1.435000000000000000e+03 1.280777876276582905e+00 1.214734021778136018e-03
1.460000000000000000e+03 1.280783476476007543e+00 1.291855243278918668e-03
1.485000000000000000e+03 1.280779627312810476e+00 1.304714366125445937e-03
1.510000000000000000e+03 1.280766241365718372e+00 1.256108088848997958e-03
1.535000000000000000e+03 1.280770696234527994e+00 1.278233269574963627e-03
1.560000000000000000e+03 1.280757514711538203e+00 1.258682933212075875e-03
1.585000000000000000e+03 1.280769047687145612e+00 1.257209954153930579e-03
1.610000000000000000e+03 1.280759427657784499e+00 1.263177960111565865e-03
1.635000000000000000e+03 1.280779969318694311e+00 1.260103390673103724e-03
1.660000000000000000e+03 1.280754155879998191e+00 1.224304363134337981e-03
1.685000000000000000e+03 1.280774953292163953e+00 1.268697498077962175e-03
1.710000000000000000e+03 1.280783476476007099e+00 1.292095546267223779e-03
1.735000000000000000e+03 1.280751182310678749e+00 1.318217998173874719e-03
1.760000000000000000e+03 1.280760335917493942e+00 1.295458252310740859e-03
1.785000000000000000e+03 1.280765978605441946e+00 1.301490577299277158e-03
1.810000000000000000e+03 1.280765110877570612e+00 1.256933824341048122e-03
1.835000000000000000e+03 1.280755424615323435e+00 1.248706271612281312e-03
1.860000000000000000e+03 1.280794388545177132e+00 1.260468001910808799e-03
1.885000000000000000e+03 1.280769545147890653e+00 1.293188412421325626e-03
1.910000000000000000e+03 1.280793980907104057e+00 1.304504187313445737e-03
1.935000000000000000e+03 1.280764426004045609e+00 1.298554979486497710e-03
1.960000000000000000e+03 1.280765978605440836e+00 1.254595261572559678e-03
1.985000000000000000e+03 1.280794893160857040e+00 1.292213848823536154e-03
2.010000000000000000e+03 1.280794388545177354e+00 1.311145412501561660e-03
2.035000000000000000e+03 1.280786004603119199e+00 1.292435152497170038e-03
2.060000000000000000e+03 1.280795383900344531e+00 1.295913421476906210e-03
2.085000000000000000e+03 1.280797631044620299e+00 1.288780883930923035e-03
2.110000000000000000e+03 1.280798251793316744e+00 1.249324508345076110e-03
2.135000000000000000e+03 1.280760009001381539e+00 1.271070184164780010e-03
2.160000000000000000e+03 1.280779627312811142e+00 1.282680637949676176e-03
2.185000000000000000e+03 1.280787250459673121e+00 1.253880128301434983e-03
2.210000000000000000e+03 1.280768232795418626e+00 1.322108270390164693e-03
2.235000000000000000e+03 1.280796830744073578e+00 1.296901300671173549e-03
2.260000000000000000e+03 1.280768232795418848e+00 1.247863942382891654e-03
2.285000000000000000e+03 1.280775181366310633e+00 1.314508610498838371e-03
2.310000000000000000e+03 1.280779627312811586e+00 1.272589817532503685e-03
2.335000000000000000e+03 1.280748869433048220e+00 1.252408102618770029e-03
2.360000000000000000e+03 1.280798251793317188e+00 1.351590746891168223e-03
2.385000000000000000e+03 1.280795904049432110e+00 1.278971532280729967e-03
2.410000000000000000e+03 1.280770717208892018e+00 1.353710128088049655e-03
2.435000000000000000e+03 1.280750191664246529e+00 1.253895815370124596e-03
2.460000000000000000e+03 1.280777876276582461e+00 1.270560894283609844e-03
2.485000000000000000e+03 1.280767323903620136e+00 1.298477082210829428e-03
2.510000000000000000e+03 1.280767266091412893e+00 1.287646547754394940e-03
2.535000000000000000e+03 1.280774113257040936e+00 1.243527098586496302e-03
2.560000000000000000e+03 1.280757514711539313e+00 1.309643399016146605e-03
2.585000000000000000e+03 1.280783224309237411e+00 1.306642389103847670e-03
2.610000000000000000e+03 1.280793980907102947e+00 1.313713597529400298e-03
2.635000000000000000e+03 1.280791950561729120e+00 1.282683101698056400e-03
2.660000000000000000e+03 1.280785328499056241e+00 1.312195598704181876e-03
2.685000000000000000e+03 1.280769975655272841e+00 1.326832026704425575e-03
2.710000000000000000e+03 1.280779444930210342e+00 1.295624367011016624e-03
2.735000000000000000e+03 1.280769609253269437e+00 1.321441236055910084e-03
2.760000000000000000e+03 1.280765110877572610e+00 1.317027726423822048e-03
2.785000000000000000e+03 1.280794240899471470e+00 1.303889150195166550e-03
2.810000000000000000e+03 1.280787599959787748e+00 1.327286968439735960e-03
2.835000000000000000e+03 1.280779627312810254e+00 1.256613850764256093e-03
2.860000000000000000e+03 1.280781754772526648e+00 1.337987810628026193e-03
2.885000000000000000e+03 1.280758946742669657e+00 1.289173869940391003e-03
2.910000000000000000e+03 1.280782635427343052e+00 1.315312351636356656e-03
2.935000000000000000e+03 1.280780271798777292e+00 1.321462004408970395e-03
2.960000000000000000e+03 1.280768052127573942e+00 1.264298737019681467e-03
2.985000000000000000e+03 1.280795174800148262e+00 1.350923813064257599e-03
3.010000000000000000e+03 1.280754155879997525e+00 1.309014888737517661e-03
3.035000000000000000e+03 1.280778470452445417e+00 1.352454552717008776e-03
3.060000000000000000e+03 1.280780481462769238e+00 1.311690670073248745e-03
3.085000000000000000e+03 1.280761332126778562e+00 1.336165699630884312e-03
3.110000000000000000e+03 1.280780293056671848e+00 1.307022304404582185e-03
3.135000000000000000e+03 1.280795904049431444e+00 1.251985503563673779e-03
3.160000000000000000e+03 1.280770814601025709e+00 1.317436794776800750e-03
3.185000000000000000e+03 1.280826344479330858e+00 1.297792233483523183e-03
3.210000000000000000e+03 1.280785561511404991e+00 1.319995950286830802e-03
3.235000000000000000e+03 1.280789674429434255e+00 1.258544025527185079e-03
3.260000000000000000e+03 1.280780481462768794e+00 1.317708947435878349e-03
3.285000000000000000e+03 1.280783476476007543e+00 1.374534258101760623e-03
3.310000000000000000e+03 1.280766241365719260e+00 1.317325748097744826e-03
3.335000000000000000e+03 1.280835406131832999e+00 1.321538005404706119e-03
3.360000000000000000e+03 1.280768052127572831e+00 1.381941469879402126e-03
3.385000000000000000e+03 1.280779701534380477e+00 1.339593104950514459e-03
3.410000000000000000e+03 1.280779544546659432e+00 1.347288721712618358e-03
3.435000000000000000e+03 1.280771564732218648e+00 1.359608385437183469e-03
3.460000000000000000e+03 1.280796817927102316e+00 1.248762130686153788e-03
3.485000000000000000e+03 1.280794022989635961e+00 1.295763987603153460e-03
3.510000000000000000e+03 1.280796738688254610e+00 1.411128888408751721e-03
3.535000000000000000e+03 1.280800376452295275e+00 1.368628474557085240e-03
3.560000000000000000e+03 1.280797490924959758e+00 1.385449235882050623e-03
3.585000000000000000e+03 1.280797631044619633e+00 1.312591739294546693e-03
3.610000000000000000e+03 1.280787250459673121e+00 1.397227014024500329e-03
3.635000000000000000e+03 1.280789071494693454e+00 1.242365266720547390e-03
3.660000000000000000e+03 1.280770853539858090e+00 1.376991866339622589e-03
3.685000000000000000e+03 1.280788048740138407e+00 1.418374220111269946e-03
3.710000000000000000e+03 1.280796447035041252e+00 1.381738044129868790e-03
3.735000000000000000e+03 1.280839747444917354e+00 1.303400302105508059e-03
3.760000000000000000e+03 1.280840431274179014e+00 1.293323057815065538e-03
3.785000000000000000e+03 1.280757696823585867e+00 1.374842103806012865e-03
3.810000000000000000e+03 1.280758102270040499e+00 1.311676763534465806e-03
3.835000000000000000e+03 1.280790722274596005e+00 1.336211447435972730e-03
3.860000000000000000e+03 1.280797471699401058e+00 1.369899280943208744e-03
3.885000000000000000e+03 1.280768052127573942e+00 1.341048347184756488e-03
3.910000000000000000e+03 1.280850679521517987e+00 1.340674415031499868e-03
3.935000000000000000e+03 1.280756608744459735e+00 1.347139664303840037e-03
3.960000000000000000e+03 1.280779627312811142e+00 1.348460103301059223e-03
3.985000000000000000e+03 1.280776617925220240e+00 1.336979670709412564e-03
4.010000000000000000e+03 1.280773619925992035e+00 1.327453117488719414e-03
4.035000000000000000e+03 1.280846823632645348e+00 1.325907800975247800e-03
4.060000000000000000e+03 1.280777876276582905e+00 1.347274945105860627e-03
4.085000000000000000e+03 1.280794356997812855e+00 1.385305958679838509e-03
4.110000000000000000e+03 1.280778413428244278e+00 1.360074162431677879e-03
4.135000000000000000e+03 1.280841288958081581e+00 1.323418427673529654e-03
4.160000000000000000e+03 1.280757514711537981e+00 1.303949895174392939e-03
4.185000000000000000e+03 1.280791950561729564e+00 1.385635860420078146e-03
4.210000000000000000e+03 1.280838805732920305e+00 1.350575050485102770e-03
4.235000000000000000e+03 1.280752772190982380e+00 1.428183238321064459e-03
4.260000000000000000e+03 1.280796738688255054e+00 1.327827853667278533e-03
4.285000000000000000e+03 1.280812624210356132e+00 1.351717465064286236e-03
4.310000000000000000e+03 1.280753494087526256e+00 1.333241659934372107e-03
4.335000000000000000e+03 1.280796079277869426e+00 1.390377971945826923e-03
4.360000000000000000e+03 1.280816943237968353e+00 1.340550865867680321e-03
4.385000000000000000e+03 1.280749651897417740e+00 1.391438634829182328e-03
4.410000000000000000e+03 1.280797580125619506e+00 1.320991594068878601e-03
4.435000000000000000e+03 1.280840997286197602e+00 1.309676848195880138e-03
4.460000000000000000e+03 1.280769151665599237e+00 1.413538233322752385e-03
4.485000000000000000e+03 1.280772307407072486e+00 1.445849363707992895e-03
4.510000000000000000e+03 1.280831494539408144e+00 1.307473297189994371e-03
4.535000000000000000e+03 1.280770301200761407e+00 1.343348432814759144e-03
4.560000000000000000e+03 1.280816943237968797e+00 1.295820878502081238e-03
4.585000000000000000e+03 1.280759536956369571e+00 1.286730836329934161e-03
4.610000000000000000e+03 1.280787821920945202e+00 1.407065478297885985e-03
4.635000000000000000e+03 1.280834915502726767e+00 1.376072690005111093e-03
4.660000000000000000e+03 1.280776883297902735e+00 1.388554931020126188e-03
4.685000000000000000e+03 1.280837702329796768e+00 1.387320902503442902e-03
4.710000000000000000e+03 1.280766985326282636e+00 1.438013839094414749e-03
4.735000000000000000e+03 1.280788297663801201e+00 1.367797399806171699e-03
4.760000000000000000e+03 1.280765978605442390e+00 1.338884853904565584e-03
4.785000000000000000e+03 1.280781754772525982e+00 1.276897073473241091e-03
4.810000000000000000e+03 1.280842210273903437e+00 1.368127445588180084e-03
4.835000000000000000e+03 1.280790921012841421e+00 1.367843373233621840e-03
4.860000000000000000e+03 1.280837225615266473e+00 1.342377650385201491e-03
4.885000000000000000e+03 1.280797845874726670e+00 1.364753681806922352e-03
4.910000000000000000e+03 1.280845880181888052e+00 1.300349094499788109e-03
4.935000000000000000e+03 1.280800376452295719e+00 1.435443395971921273e-03
4.960000000000000000e+03 1.280827642955644885e+00 1.401495425473869242e-03
4.985000000000000000e+03 1.280794651137413309e+00 1.372363984859535429e-03
