           1    -5.45017    -5.45017           0
           2    -5.43673    -5.44345  0.00672405
           3    -5.45317    -5.44669  0.00505609
           4     -5.4646    -5.45117  0.00572932
           5    -5.45988    -5.45291  0.00476771
           6    -5.46625    -5.45513  0.00448355
           7    -5.46721    -5.45686  0.00416344
           8    -5.44854    -5.45582   0.0037526
           9      -5.434    -5.45339  0.00410234
          10    -5.48572    -5.45663  0.00488982
          11    -5.45651    -5.45662  0.00442302
          12    -5.44234    -5.45543  0.00420935
          13    -5.47363    -5.45683  0.00411739
          14    -5.46329    -5.45729  0.00383979
          15    -5.46251    -5.45763  0.00359156
          16    -5.45144    -5.45725  0.00338185
          17    -5.46888    -5.45793  0.00324949
          18    -5.45578    -5.45781  0.00306598
          19    -5.45913    -5.45788  0.00290096
          20     -5.4579    -5.45788  0.00275209
          21    -5.43653    -5.45687  0.00280824
          22    -5.49056     -5.4584  0.00308463
          23    -5.45904    -5.45843   0.0029476
          24       -5.48    -5.45932  0.00296181
          25    -5.46138    -5.45941  0.00284206
          26    -5.43994    -5.45866  0.00283137
          27    -5.46059    -5.45873  0.00272542
          28    -5.43369    -5.45783  0.00277434
          29    -5.47863    -5.45855  0.00277134
          30    -5.44949    -5.45825  0.00269436
          31     -5.4735    -5.45874  0.00265204
          32    -5.46921    -5.45907  0.00258857
          33    -5.48683    -5.45991  0.00264615
          34    -5.45245    -5.45969  0.00257651
          35    -5.46252    -5.45977  0.00250312
          36    -5.43347    -5.45904  0.00253997
          37    -5.44596    -5.45869  0.00249553
          38    -5.46684     -5.4589  0.00243842
          39    -5.43439    -5.45827  0.00245685
          40     -5.4562    -5.45822   0.0023952
          41    -5.45326     -5.4581  0.00233918
          42    -5.48084    -5.45864   0.0023461
          43    -5.45226    -5.45849   0.0022957
          44    -5.48275    -5.45904  0.00230967
          45    -5.44765    -5.45879   0.0022719
          46     -5.4724    -5.45909  0.00224157
          47    -5.47605    -5.45945  0.00222284
          48    -5.45911    -5.45944  0.00217605
          49    -5.49016    -5.46007  0.00222147
          50    -5.44057    -5.45968  0.00221126
          51    -5.46034    -5.45969   0.0021675
          52    -5.48903    -5.46026  0.00219902
          53    -5.45612    -5.46018  0.00215854
          54    -5.45908    -5.46016  0.00211829
          55    -5.48377    -5.46059  0.00212329
          56    -5.45959    -5.46057  0.00208511
          57    -5.45613    -5.46049  0.00204968
          58    -5.47174    -5.46068  0.00202334
          59    -5.46665    -5.46079  0.00199132
          60    -5.49152     -5.4613  0.00202375
          61    -5.45446    -5.46119  0.00199345
          62    -5.48353    -5.46155  0.00199386
          63    -5.46112    -5.46154  0.00196197
          64    -5.48641    -5.46193  0.00196979
          65    -5.46659      -5.462  0.00194057
          66    -5.44706    -5.46177   0.0019243
          67    -5.49282    -5.46224   0.0019512
          68    -5.43181    -5.46179  0.00197366
          69    -5.45332    -5.46167  0.00194872
          70    -5.45356    -5.46155  0.00192417
          71    -5.45272    -5.46143  0.00190095
          72     -5.4332    -5.46103  0.00191492
          73    -5.44834    -5.46086  0.00189649
          74    -5.44532    -5.46065  0.00188243
          75    -5.45823    -5.46062  0.00185744
          76    -5.47132    -5.46076  0.00183824
          77      -5.455    -5.46068  0.00181575
          78    -5.45954    -5.46067  0.00179238
          79    -5.44225    -5.46044  0.00178484
          80    -5.43824    -5.46016   0.0017841
          81    -5.47299    -5.46032  0.00176904
          82     -5.4724    -5.46046  0.00175354
          83    -5.45922    -5.46045  0.00173235
          84    -5.44545    -5.46027  0.00172089
          85    -5.46451    -5.46032  0.00170126
          86    -5.49322     -5.4607  0.00172432
          87    -5.48725    -5.46101  0.00173149
          88    -5.49205    -5.46136  0.00174767
          89    -5.46164    -5.46136  0.00172793
          90    -5.46978    -5.46146  0.00171118
          91     -5.4747     -5.4616  0.00169851
          92    -5.45312    -5.46151  0.00168248
          93     -5.4744    -5.46165  0.00167005
          94    -5.47922    -5.46184  0.00166272
          95    -5.47351    -5.46196  0.00164971
          96    -5.48998    -5.46225  0.00165832
          97    -5.47687     -5.4624  0.00164805
          98    -5.47666    -5.46255  0.00163762
          99     -5.4771    -5.46269  0.00162764
         100    -5.43804    -5.46245  0.00163004
