   0.0128248           0           0
   0.0384745           0           0
   0.0641241           0           0
   0.0897737           0           0
    0.115423           0           0
    0.141073           0           0
    0.166723           0           0
    0.192372           0           0
    0.218022           0           0
    0.243672           0           0
    0.269321           0           0
    0.294971           0           0
     0.32062           0           0
     0.34627           0           0
     0.37192           0           0
    0.397569           0           0
    0.423219           0           0
    0.448869           0           0
    0.474518           0           0
    0.500168           0           0
    0.525818           0           0
    0.551467           0           0
    0.577117           0           0
    0.602767           0           0
    0.628416           0           0
    0.654066           0           0
    0.679715           0           0
    0.705365           0           0
    0.731015           0           0
    0.756664           0           0
    0.782314           0           0
    0.807964           0           0
    0.833613           0           0
    0.859263           0           0
    0.884913  0.00244547  0.00172045
    0.910562   0.0369544  0.00731849
    0.936212    0.223945   0.0145137
    0.961861    0.700651   0.0247833
    0.987511     1.65347   0.0361968
     1.01316     2.44578   0.0455736
     1.03881     3.11885     0.04753
     1.06446     3.44275   0.0533326
     1.09011     3.40915   0.0534563
     1.11576     3.18038   0.0549804
     1.14141     2.92881   0.0420762
     1.16706     2.57934   0.0428579
     1.19271     2.31882   0.0408297
     1.21836     2.07837   0.0315424
     1.24401     1.87909   0.0335413
     1.26966     1.68573   0.0300249
     1.29531     1.50721    0.028714
     1.32096     1.37132   0.0260731
     1.34661     1.29951   0.0257147
     1.37226     1.14054   0.0220079
     1.39791     1.10936   0.0226377
     1.42355     1.05651    0.020618
      1.4492     0.99574    0.020242
     1.47485    0.931033   0.0223533
      1.5005    0.913935    0.021622
     1.52615    0.887996   0.0207826
      1.5518    0.877573   0.0187041
     1.57745    0.889671   0.0178262
      1.6031    0.932222   0.0196514
     1.62875     0.91356   0.0160086
      1.6544    0.941078   0.0170846
     1.68005    0.968537   0.0185082
      1.7057    0.987021   0.0179565
     1.73135     1.02923   0.0188713
       1.757     1.10145   0.0195056
     1.78265     1.10734   0.0189865
      1.8083     1.18626   0.0171583
     1.83395     1.24868   0.0197244
      1.8596     1.29449   0.0193983
     1.88525     1.31986   0.0186006
      1.9109      1.4205    0.018755
     1.93655     1.49853   0.0188807
      1.9622     1.48622   0.0171763
     1.98785     1.55086   0.0178933
      2.0135     1.54891   0.0206455
     2.03915     1.63547    0.019603
      2.0648     1.63754   0.0173623
     2.09045     1.62762   0.0197884
      2.1161     1.60059   0.0157649
     2.14174     1.61049   0.0199638
     2.16739     1.54345   0.0166736
     2.19304     1.53066   0.0169844
     2.21869     1.51414   0.0167303
     2.24434     1.46491   0.0175207
     2.26999     1.41396    0.016378
     2.29564     1.36782   0.0164455
     2.32129      1.3781   0.0135933
     2.34694     1.31877   0.0150866
     2.37259     1.29806   0.0143662
     2.39824     1.25629   0.0144003
     2.42389     1.25462   0.0147056
     2.44954     1.21571   0.0129734
     2.47519     1.19065   0.0122612
     2.50084     1.19774   0.0134725
     2.52649     1.17474   0.0144449
     2.55214     1.18065   0.0123613
