           1   0.0128248           0
           1   0.0384745           0
           1   0.0641241           0
           1   0.0897737           0
           1    0.115423           0
           1    0.141073           0
           1    0.166723           0
           1    0.192372           0
           1    0.218022           0
           1    0.243672           0
           1    0.269321           0
           1    0.294971           0
           1     0.32062           0
           1     0.34627           0
           1     0.37192           0
           1    0.397569           0
           1    0.423219           0
           1    0.448869           0
           1    0.474518           0
           1    0.500168           0
           1    0.525818           0
           1    0.551467           0
           1    0.577117           0
           1    0.602767           0
           1    0.628416           0
           1    0.654066           0
           1    0.679715           0
           1    0.705365           0
           1    0.731015           0
           1    0.756664           0
           1    0.782314           0
           1    0.807964           0
           1    0.833613           0
           1    0.859263           0
           1    0.884913           0
           1    0.910562           0
           1    0.936212    0.327725
           1    0.961861    0.206987
           1    0.987511     1.66918
           1     1.01316     2.61181
           1     1.03881       3.283
           1     1.06446     4.30977
           1     1.09011     3.46475
           1     1.11576     2.76889
           1     1.14141     3.30731
           1     1.16706     2.31993
           1     1.19271      2.0193
           1     1.21836     2.90276
           1     1.24401     1.67058
           1     1.26966     1.54436
           1     1.29531    0.970182
           1     1.32096     1.04262
           1     1.34661      1.1617
           1     1.37226     1.06783
           1     1.39791       0.882
           1     1.42355    0.803253
           1      1.4492     1.36777
           1     1.47485     1.10051
           1      1.5005    0.637926
           1     1.52615    0.822218
           1      1.5518     1.11337
           1     1.57745    0.962014
           1      1.6031    0.782441
           1     1.62875    0.938465
           1      1.6544     1.01454
           1     1.68005    0.882031
           1      1.7057     1.28355
           1     1.73135    0.958312
           1       1.757     1.17868
           1     1.78265     1.08474
           1      1.8083     1.31774
           1     1.83395     1.33807
           1      1.8596     1.52293
           1     1.88525      1.2393
           1      1.9109     1.52093
           1     1.93655     1.35325
           1      1.9622     1.59167
           1     1.98785     1.62355
           1      2.0135     1.65331
           1     2.03915     1.42775
           1      2.0648     1.41496
           1     2.09045     1.73104
           1      2.1161     1.68933
           1     2.14174     1.87874
           1     2.16739     1.32494
           1     2.19304     1.55295
           1     2.21869     1.16712
           1     2.24434     1.44475
           1     2.26999     1.65387
           1     2.29564     1.38091
           1     2.32129     1.06623
           1     2.34694     1.49504
           1     2.37259     1.22475
           1     2.39824      1.1321
           1     2.42389     1.18975
           1     2.44954     1.46818
           1     2.47519     1.03154
           1     2.50084     1.28608
           1     2.52649     1.17009
           1     2.55214     1.36721

           2   0.0128248           0
           2   0.0384745           0
           2   0.0641241           0
           2   0.0897737           0
           2    0.115423           0
           2    0.141073           0
           2    0.166723           0
           2    0.192372           0
           2    0.218022           0
           2    0.243672           0
           2    0.269321           0
           2    0.294971           0
           2     0.32062           0
           2     0.34627           0
           2     0.37192           0
           2    0.397569           0
           2    0.423219           0
           2    0.448869           0
           2    0.474518           0
           2    0.500168           0
           2    0.525818           0
           2    0.551467           0
           2    0.577117           0
           2    0.602767           0
           2    0.628416           0
           2    0.654066           0
           2    0.679715           0
           2    0.705365           0
           2    0.731015           0
           2    0.756664           0
           2    0.782314           0
           2    0.807964           0
           2    0.833613           0
           2    0.859263           0
           2    0.884913           0
           2    0.910562           0
           2    0.936212    0.218483
           2    0.961861    0.931441
           2    0.987511     1.47281
           2     1.01316     2.61181
           2     1.03881     3.72665
           2     1.06446     2.36615
           2     1.09011      3.6259
           2     1.11576     3.30729
           2     1.14141     3.08683
           2     1.16706     2.17933
           2     1.19271     2.96163
           2     1.21836     2.12869
           2     1.24401     1.29934
           2     1.26966     1.48496
           2     1.29531     1.82623
           2     1.32096     1.20725
           2     1.34661      1.2145
           2     1.37226     1.11867
           2     1.39791       1.225
           2     1.42355       1.134
           2      1.4492       1.231
           2     1.47485     0.92443
           2      1.5005    0.680454
           2     1.52615    0.698886
           2      1.5518    0.994079
           2     1.57745     1.03898
           2      1.6031     1.00599
           2     1.62875     1.04675
           2      1.6544    0.629717
           2     1.68005     1.01773
           2      1.7057     0.59241
           2     1.73135    0.958312
           2       1.757    0.992573
           2     1.78265     1.47646
           2      1.8083     1.22989
           2     1.83395    0.939499
           2      1.8596     1.49524
           2     1.88525     1.58954
           2      1.9109     1.78316
           2     1.93655     1.65964
           2      1.9622      1.3181
           2     1.98785     1.47816
           2      2.0135     1.20455
           2     2.03915     1.88832
           2      2.0648     1.90907
           2     2.09045     1.53384
           2      2.1161     1.41134
           2     2.14174     1.56561
           2     2.16739     1.56954
           2     2.19304     1.51314
           2     2.21869     1.51726
           2     2.24434     1.67287
           2     2.26999     1.33796
           2     2.29564     1.25372
           2     2.32129     1.10177
           2     2.34694     1.23428
           2     2.37259     1.17372
           2     2.39824     1.19869
           2     2.42389     1.23865
           2     2.44954     1.37243
           2     2.47519     1.43791
           2     2.50084     1.28608
           2     2.52649     1.05008
           2     2.55214     1.19079

           3   0.0128248           0
           3   0.0384745           0
           3   0.0641241           0
           3   0.0897737           0
           3    0.115423           0
           3    0.141073           0
           3    0.166723           0
           3    0.192372           0
           3    0.218022           0
           3    0.243672           0
           3    0.269321           0
           3    0.294971           0
           3     0.32062           0
           3     0.34627           0
           3     0.37192           0
           3    0.397569           0
           3    0.423219           0
           3    0.448869           0
           3    0.474518           0
           3    0.500168           0
           3    0.525818           0
           3    0.551467           0
           3    0.577117           0
           3    0.602767           0
           3    0.628416           0
           3    0.654066           0
           3    0.679715           0
           3    0.705365           0
           3    0.731015           0
           3    0.756664           0
           3    0.782314           0
           3    0.807964           0
           3    0.833613           0
           3    0.859263           0
           3    0.884913           0
           3    0.910562           0
           3    0.936212    0.327725
           3    0.961861     1.03493
           3    0.987511     1.76737
           3     1.01316     1.95886
           3     1.03881     2.92808
           3     1.06446     3.71823
           3     1.09011     3.22302
           3     1.11576     3.15346
           3     1.14141     2.79284
           3     1.16706     2.81204
           3     1.19271     2.22123
           3     1.21836     2.06418
           3     1.24401     1.79432
           3     1.26966     1.60376
           3     1.29531     1.48381
           3     1.32096     1.37187
           3     1.34661     1.47852
           3     1.37226     1.06783
           3     1.39791       1.225
           3     1.42355    0.756003
           3      1.4492    0.866257
           3     1.47485     0.96845
           3      1.5005    0.893096
           3     1.52615    0.822218
           3      1.5518     1.11337
           3     1.57745    0.885053
           3      1.6031     1.19229
           3     1.62875    0.938465
           3      1.6544     1.04953
           3     1.68005     1.15342
           3      1.7057       1.119
           3     1.73135     1.34164
           3       1.757     1.02359
           3     1.78265    0.723162
           3      1.8083     0.96634
           3     1.83395     1.16726
           3      1.8596     1.49524
           3     1.88525     1.15848
           3      1.9109     1.41604
           3     1.93655     1.40431
           3      1.9622     1.64141
           3     1.98785     1.52663
           3      2.0135     1.70055
           3     2.03915     1.65804
           3      2.0648      1.3925
           3     2.09045     1.62148
           3      2.1161     1.49688
           3     2.14174     1.48211
           3     2.16739     1.48801
           3     2.19304     1.77196
           3     2.21869     1.67287
           3     2.24434     1.48277
           3     2.26999     1.46804
           3     2.29564     1.21738
           3     2.32129     1.35056
           3     2.34694     1.25166
           3     2.37259     1.46289
           3     2.39824      1.1321
           3     2.42389     1.12456
           3     2.44954     1.34051
           3     2.47519     1.29724
           3     2.50084     1.14828
           3     2.52649     1.11009
           3     2.55214     1.08789

           4   0.0128248           0
           4   0.0384745           0
           4   0.0641241           0
           4   0.0897737           0
           4    0.115423           0
           4    0.141073           0
           4    0.166723           0
           4    0.192372           0
           4    0.218022           0
           4    0.243672           0
           4    0.269321           0
           4    0.294971           0
           4     0.32062           0
           4     0.34627           0
           4     0.37192           0
           4    0.397569           0
           4    0.423219           0
           4    0.448869           0
           4    0.474518           0
           4    0.500168           0
           4    0.525818           0
           4    0.551467           0
           4    0.577117           0
           4    0.602767           0
           4    0.628416           0
           4    0.654066           0
           4    0.679715           0
           4    0.705365           0
           4    0.731015           0
           4    0.756664           0
           4    0.782314           0
           4    0.807964           0
           4    0.833613           0
           4    0.859263           0
           4    0.884913           0
           4    0.910562           0
           4    0.936212    0.109242
           4    0.961861    0.827948
           4    0.987511       1.571
           4     1.01316     3.07821
           4     1.03881     2.92808
           4     1.06446     3.38021
           4     1.09011     2.65899
           4     1.11576     3.46112
           4     1.14141     2.86634
           4     1.16706     2.81204
           4     1.19271     2.82701
           4     1.21836     1.93517
           4     1.24401     2.04182
           4     1.26966     1.78196
           4     1.29531     1.14139
           4     1.32096     1.20725
           4     1.34661      1.2673
           4     1.37226     1.27122
           4     1.39791       1.078
           4     1.42355     1.32301
           4      1.4492    0.957442
           4     1.47485    0.836389
           4      1.5005     0.80804
           4     1.52615    0.657775
           4      1.5518    0.795263
           4     1.57745     1.23138
           4      1.6031    0.894218
           4     1.62875    0.830181
           4      1.6544     0.73467
           4     1.68005    0.882031
           4      1.7057       1.119
           4     1.73135     1.14997
           4       1.757     1.11664
           4     1.78265    0.934084
           4      1.8083     1.49343
           4     1.83395     1.19573
           4      1.8596      1.3568
           4     1.88525     1.42789
           4      1.9109     1.23248
           4     1.93655     1.81284
           4      1.9622     1.36784
           4     1.98785     1.84164
           4      2.0135     1.67693
           4     2.03915     1.28958
           4      2.0648     1.48234
           4     2.09045     1.53384
           4      2.1161     1.77487
           4     2.14174     1.87874
           4     2.16739     1.40647
           4     2.19304     1.45341
           4     2.21869     1.34219
           4     2.24434     1.36871
           4     2.26999     1.30079
           4     2.29564     1.47176
           4     2.32129      1.3861
           4     2.34694     1.26905
           4     2.37259     1.24176
           4     2.39824     1.26528
           4     2.42389     1.10826
           4     2.44954     1.16497
           4     2.47519     1.14095
           4     2.50084     1.30139
           4     2.52649     1.08008
           4     2.55214     1.14669

           5   0.0128248           0
           5   0.0384745           0
           5   0.0641241           0
           5   0.0897737           0
           5    0.115423           0
           5    0.141073           0
           5    0.166723           0
           5    0.192372           0
           5    0.218022           0
           5    0.243672           0
           5    0.269321           0
           5    0.294971           0
           5     0.32062           0
           5     0.34627           0
           5     0.37192           0
           5    0.397569           0
           5    0.423219           0
           5    0.448869           0
           5    0.474518           0
           5    0.500168           0
           5    0.525818           0
           5    0.551467           0
           5    0.577117           0
           5    0.602767           0
           5    0.628416           0
           5    0.654066           0
           5    0.679715           0
           5    0.705365           0
           5    0.731015           0
           5    0.756664           0
           5    0.782314           0
           5    0.807964           0
           5    0.833613           0
           5    0.859263           0
           5    0.884913           0
           5    0.910562           0
           5    0.936212    0.327725
           5    0.961861    0.724454
           5    0.987511     1.96375
           5     1.01316     2.33198
           5     1.03881     3.46046
           5     1.06446     3.71823
           5     1.09011      3.3036
           5     1.11576     2.30741
           5     1.14141     2.86634
           5     1.16706     2.95264
           5     1.19271     1.75006
           5     1.21836     2.12869
           5     1.24401     2.16556
           5     1.26966     1.18797
           5     1.29531     1.19846
           5     1.32096     1.92062
           5     1.34661      1.2145
           5     1.37226     1.62716
           5     1.39791       0.833
           5     1.42355    0.945004
           5      1.4492     1.27659
           5     1.47485     1.23257
           5      1.5005    0.893096
           5     1.52615    0.575553
           5      1.5518    0.954315
           5     1.57745    0.962014
           5      1.6031    0.856959
           5     1.62875    0.830181
           5      1.6544     1.22445
           5     1.68005     1.01773
           5      1.7057    0.921527
           5     1.73135     1.05414
           5       1.757     1.14766
           5     1.78265    0.602635
           5      1.8083    0.937057
           5     1.83395     1.50889
           5      1.8596     1.30142
           5     1.88525     1.15848
           5      1.9109     1.57338
           5     1.93655     1.37878
           5      1.9622     1.64141
           5     1.98785     1.55086
           5      2.0135     1.84226
           5     2.03915     1.70409
           5      2.0648     1.45988
           5     2.09045     1.38045
           5      2.1161     1.79625
           5     2.14174     1.75349
           5     2.16739     1.67146
           5     2.19304     1.53304
           5     2.21869     1.28383
           5     2.24434     1.31169
           5     2.26999     1.37512
           5     2.29564     1.47176
           5     2.32129     1.11954
           5     2.34694      1.6515
           5     2.37259     1.34382
           5     2.39824     1.16539
           5     2.42389     1.10826
           5     2.44954     1.24476
           5     2.47519     1.26598
           5     2.50084     1.27077
           5     2.52649      1.2901
           5     2.55214     1.08789

           6   0.0128248           0
           6   0.0384745           0
           6   0.0641241           0
           6   0.0897737           0
           6    0.115423           0
           6    0.141073           0
           6    0.166723           0
           6    0.192372           0
           6    0.218022           0
           6    0.243672           0
           6    0.269321           0
           6    0.294971           0
           6     0.32062           0
           6     0.34627           0
           6     0.37192           0
           6    0.397569           0
           6    0.423219           0
           6    0.448869           0
           6    0.474518           0
           6    0.500168           0
           6    0.525818           0
           6    0.551467           0
           6    0.577117           0
           6    0.602767           0
           6    0.628416           0
           6    0.654066           0
           6    0.679715           0
           6    0.705365           0
           6    0.731015           0
           6    0.756664           0
           6    0.782314           0
           6    0.807964           0
           6    0.833613           0
           6    0.859263           0
           6    0.884913           0
           6    0.910562           0
           6    0.936212    0.327725
           6    0.961861    0.517467
           6    0.987511     2.06193
           6     1.01316     2.42525
           6     1.03881     3.10554
           6     1.06446     3.04219
           6     1.09011     3.14245
           6     1.11576     2.76889
           6     1.14141     2.64585
           6     1.16706     2.53083
           6     1.19271     2.55777
           6     1.21836     2.19319
           6     1.24401     1.79432
           6     1.26966     2.25715
           6     1.29531     1.42674
           6     1.32096      1.5365
           6     1.34661      1.2145
           6     1.37226     1.32207
           6     1.39791        0.98
           6     1.42355    0.945004
           6      1.4492     1.09422
           6     1.47485    0.704328
           6      1.5005    0.893096
           6     1.52615     1.19222
           6      1.5518    0.516921
           6     1.57745     1.07746
           6      1.6031     1.37859
           6     1.62875    0.830181
           6      1.6544     1.01454
           6     1.68005      1.1195
           6      1.7057     1.02026
           6     1.73135    0.894425
           6       1.757     1.24072
           6     1.78265     1.44632
           6      1.8083    0.937057
           6     1.83395    0.967968
           6      1.8596     1.02452
           6     1.88525     1.40095
           6      1.9109      1.3636
           6     1.93655     1.71071
           6      1.9622      1.3181
           6     1.98785     1.47816
           6      2.0135     1.18094
           6     2.03915     1.54289
           6      2.0648     1.81924
           6     2.09045     1.73104
           6      2.1161      1.6038
           6     2.14174     1.64911
           6     2.16739     1.38609
           6     2.19304     1.27422
           6     2.21869     1.55616
           6     2.24434     1.69188
           6     2.26999     1.54237
           6     2.29564     1.39908
           6     2.32129     1.47495
           6     2.34694     1.47766
           6     2.37259     1.24176
           6     2.39824     1.43177
           6     2.42389     1.27124
           6     2.44954     1.21284
           6     2.47519     1.20347
           6     2.50084     1.27077
           6     2.52649     1.18509
           6     2.55214     1.04378

           7   0.0128248           0
           7   0.0384745           0
           7   0.0641241           0
           7   0.0897737           0
           7    0.115423           0
           7    0.141073           0
           7    0.166723           0
           7    0.192372           0
           7    0.218022           0
           7    0.243672           0
           7    0.269321           0
           7    0.294971           0
           7     0.32062           0
           7     0.34627           0
           7     0.37192           0
           7    0.397569           0
           7    0.423219           0
           7    0.448869           0
           7    0.474518           0
           7    0.500168           0
           7    0.525818           0
           7    0.551467           0
           7    0.577117           0
           7    0.602767           0
           7    0.628416           0
           7    0.654066           0
           7    0.679715           0
           7    0.705365           0
           7    0.731015           0
           7    0.756664           0
           7    0.782314           0
           7    0.807964           0
           7    0.833613           0
           7    0.859263           0
           7    0.884913           0
           7    0.910562           0
           7    0.936212    0.327725
           7    0.961861     1.03493
           7    0.987511     1.37462
           7     1.01316     2.79837
           7     1.03881     2.57316
           7     1.06446     3.54922
           7     1.09011      2.9813
           7     1.11576     3.23038
           7     1.14141     3.08683
           7     1.16706     3.23384
           7     1.19271     2.35585
           7     1.21836     1.61264
           7     1.24401     2.16556
           7     1.26966     1.84136
           7     1.29531      1.3126
           7     1.32096    0.823123
           7     1.34661      1.1617
           7     1.37226     1.27122
           7     1.39791       1.274
           7     1.42355      1.0395
           7      1.4492    0.911849
           7     1.47485     1.01247
           7      1.5005     1.02068
           7     1.52615    0.739997
           7      1.5518    0.954315
           7     1.57745     1.26986
           7      1.6031     1.00599
           7     1.62875    0.794086
           7      1.6544    0.664702
           7     1.68005    0.949879
           7      1.7057     1.05317
           7     1.73135    0.894425
           7       1.757     1.11664
           7     1.78265     1.14501
           7      1.8083     1.46415
           7     1.83395      1.2242
           7      1.8596    0.775312
           7     1.88525     1.37401
           7      1.9109     1.57338
           7     1.93655     1.63411
           7      1.9622     1.74089
           7     1.98785     1.55086
           7      2.0135     1.44074
           7     2.03915     1.33564
           7      2.0648     1.70694
           7     2.09045     1.27089
           7      2.1161     1.43273
           7     2.14174     2.10836
           7     2.16739     1.95683
           7     2.19304     1.55295
           7     2.21869      1.4589
           7     2.24434     1.52079
           7     2.26999     1.35654
           7     2.29564      1.3264
           7     2.32129     1.13731
           7     2.34694     1.28643
           7     2.37259     1.12268
           7     2.39824     1.41512
           7     2.42389    0.961581
           7     2.44954     1.35647
           7     2.47519     1.23472
           7     2.50084      1.3167
           7     2.52649     1.35011
           7     2.55214      1.2202

           8   0.0128248           0
           8   0.0384745           0
           8   0.0641241           0
           8   0.0897737           0
           8    0.115423           0
           8    0.141073           0
           8    0.166723           0
           8    0.192372           0
           8    0.218022           0
           8    0.243672           0
           8    0.269321           0
           8    0.294971           0
           8     0.32062           0
           8     0.34627           0
           8     0.37192           0
           8    0.397569           0
           8    0.423219           0
           8    0.448869           0
           8    0.474518           0
           8    0.500168           0
           8    0.525818           0
           8    0.551467           0
           8    0.577117           0
           8    0.602767           0
           8    0.628416           0
           8    0.654066           0
           8    0.679715           0
           8    0.705365           0
           8    0.731015           0
           8    0.756664           0
           8    0.782314           0
           8    0.807964           0
           8    0.833613           0
           8    0.859263           0
           8    0.884913           0
           8    0.910562           0
           8    0.936212    0.109242
           8    0.961861    0.620961
           8    0.987511     1.66918
           8     1.01316     3.17149
           8     1.03881     3.10554
           8     1.06446     3.88725
           8     1.09011     3.54533
           8     1.11576     3.07655
           8     1.14141     2.49886
           8     1.16706     2.24963
           8     1.19271     2.28854
           8     1.21836     1.74165
           8     1.24401     2.59867
           8     1.26966     1.66316
           8     1.29531     1.59795
           8     1.32096     1.04262
           8     1.34661      1.1617
           8     1.37226    0.915279
           8     1.39791       0.833
           8     1.42355     1.08675
           8      1.4492    0.729479
           8     1.47485     1.27659
           8      1.5005    0.978153
           8     1.52615     1.19222
           8      1.5518    0.715737
           8     1.57745    0.808092
           8      1.6031     1.37859
           8     1.62875    0.902371
           8      1.6544     0.97956
           8     1.68005     1.05165
           8      1.7057    0.888615
           8     1.73135    0.734706
           8       1.757     1.42682
           8     1.78265    0.813557
           8      1.8083     1.25917
           8     1.83395     1.05338
           8      1.8596     1.55062
           8     1.88525     1.29319
           8      1.9109     1.44226
           8     1.93655     1.58304
           8      1.9622     1.69115
           8     1.98785     1.23584
           8      2.0135      1.3935
           8     2.03915     1.56592
           8      2.0648     1.48234
           8     2.09045      1.8406
           8      2.1161     1.34719
           8     2.14174     1.50299
           8     2.16739     1.83453
           8     2.19304     1.79187
           8     2.21869     1.40054
           8     2.24434     1.40673
           8     2.26999     1.56095
           8     2.29564     1.68979
           8     2.32129     1.33279
           8     2.34694      1.4255
           8     2.37259     1.20774
           8     2.39824     1.08215
           8     2.42389     1.25494
           8     2.44954     1.11709
           8     2.47519     1.12532
           8     2.50084     1.01049
           8     2.52649     1.05008
           8     2.55214     1.36721

           9   0.0128248           0
           9   0.0384745           0
           9   0.0641241           0
           9   0.0897737           0
           9    0.115423           0
           9    0.141073           0
           9    0.166723           0
           9    0.192372           0
           9    0.218022           0
           9    0.243672           0
           9    0.269321           0
           9    0.294971           0
           9     0.32062           0
           9     0.34627           0
           9     0.37192           0
           9    0.397569           0
           9    0.423219           0
           9    0.448869           0
           9    0.474518           0
           9    0.500168           0
           9    0.525818           0
           9    0.551467           0
           9    0.577117           0
           9    0.602767           0
           9    0.628416           0
           9    0.654066           0
           9    0.679715           0
           9    0.705365           0
           9    0.731015           0
           9    0.756664           0
           9    0.782314           0
           9    0.807964           0
           9    0.833613           0
           9    0.859263           0
           9    0.884913           0
           9    0.910562    0.115482
           9    0.936212    0.327725
           9    0.961861     1.44891
           9    0.987511       1.571
           9     1.01316     1.86558
           9     1.03881     3.01681
           9     1.06446      3.1267
           9     1.09011     3.78705
           9     1.11576     2.99963
           9     1.14141     2.93984
           9     1.16706     2.46053
           9     1.19271     2.15392
           9     1.21836     1.61264
           9     1.24401     2.22743
           9     1.26966     1.78196
           9     1.29531     1.42674
           9     1.32096       1.317
           9     1.34661    0.950478
           9     1.37226     1.47462
           9     1.39791       1.176
           9     1.42355     1.22851
           9      1.4492     1.04863
           9     1.47485    0.792369
           9      1.5005      1.1908
           9     1.52615    0.781107
           9      1.5518    0.835026
           9     1.57745    0.769611
           9      1.6031     1.08051
           9     1.62875     1.19113
           9      1.6544    0.839623
           9     1.68005    0.983803
           9      1.7057     1.02026
           9     1.73135      1.0222
           9       1.757     1.36479
           9     1.78265     1.26553
           9      1.8083      1.3763
           9     1.83395      1.2242
           9      1.8596     1.19066
           9     1.88525     1.13154
           9      1.9109     1.12759
           9     1.93655      1.9405
           9      1.9622     1.16888
           9     1.98785     1.62355
           9      2.0135     1.53522
           9     2.03915     1.12839
           9      2.0648     1.48234
           9     2.09045     1.33663
           9      2.1161     1.75348
           9     2.14174     1.48211
           9     2.16739     1.56954
           9     2.19304     1.37377
           9     2.21869     1.51726
           9     2.24434     1.71089
           9     2.26999     1.28221
           9     2.29564     1.76247
           9     2.32129     1.49272
           9     2.34694     1.35597
           9     2.37259     1.25877
           9     2.39824     1.68149
           9     2.42389     1.14086
           9     2.44954      1.2288
           9     2.47519     1.10969
           9     2.50084     1.28608
           9     2.52649     1.12509
           9     2.55214    0.999679

          10   0.0128248           0
          10   0.0384745           0
          10   0.0641241           0
          10   0.0897737           0
          10    0.115423           0
          10    0.141073           0
          10    0.166723           0
          10    0.192372           0
          10    0.218022           0
          10    0.243672           0
          10    0.269321           0
          10    0.294971           0
          10     0.32062           0
          10     0.34627           0
          10     0.37192           0
          10    0.397569           0
          10    0.423219           0
          10    0.448869           0
          10    0.474518           0
          10    0.500168           0
          10    0.525818           0
          10    0.551467           0
          10    0.577117           0
          10    0.602767           0
          10    0.628416           0
          10    0.654066           0
          10    0.679715           0
          10    0.705365           0
          10    0.731015           0
          10    0.756664           0
          10    0.782314           0
          10    0.807964           0
          10    0.833613           0
          10    0.859263           0
          10    0.884913           0
          10    0.910562           0
          10    0.936212           0
          10    0.961861    0.827948
          10    0.987511       1.571
          10     1.01316     1.86558
          10     1.03881     2.92808
          10     1.06446     3.63373
          10     1.09011     3.54533
          10     1.11576     4.53791
          10     1.14141     2.35187
          10     1.16706     2.88234
          10     1.19271     1.88468
          10     1.21836     2.19319
          10     1.24401     1.97994
          10     1.26966     1.54436
          10     1.29531     1.19846
          10     1.32096     2.14012
          10     1.34661    0.686456
          10     1.37226     1.22037
          10     1.39791       1.078
          10     1.42355    0.992254
          10      1.4492     1.04863
          10     1.47485     1.14453
          10      1.5005    0.935625
          10     1.52615    0.739997
          10      1.5518      0.7555
          10     1.57745    0.923534
          10      1.6031     1.11777
          10     1.62875    0.902371
          10      1.6544     0.73467
          10     1.68005     1.08558
          10      1.7057    0.888615
          10     1.73135    0.958312
          10       1.757     1.02359
          10     1.78265     1.14501
          10      1.8083      1.2006
          10     1.83395     1.16726
          10      1.8596     1.41218
          10     1.88525     1.29319
          10      1.9109     1.15381
          10     1.93655     1.63411
          10      1.9622     1.74089
          10     1.98785     1.30854
          10      2.0135     1.74778
          10     2.03915     1.45078
          10      2.0648     1.79678
          10     2.09045     1.66531
          10      2.1161     1.58241
          10     2.14174     1.83699
          10     2.16739     1.48801
          10     2.19304     1.59277
          10     2.21869     1.32274
          10     2.24434     1.36871
          10     2.26999     1.52379
          10     2.29564     1.30823
          10     2.32129     1.49272
          10     2.34694     1.37335
          10     2.37259     1.27578
          10     2.39824     1.11545
          10     2.42389     1.48312
          10     2.44954     1.14901
          10     2.47519     1.28161
          10     2.50084    0.918628
          10     2.52649     1.14009
          10     2.55214     1.16139

          11   0.0128248           0
          11   0.0384745           0
          11   0.0641241           0
          11   0.0897737           0
          11    0.115423           0
          11    0.141073           0
          11    0.166723           0
          11    0.192372           0
          11    0.218022           0
          11    0.243672           0
          11    0.269321           0
          11    0.294971           0
          11     0.32062           0
          11     0.34627           0
          11     0.37192           0
          11    0.397569           0
          11    0.423219           0
          11    0.448869           0
          11    0.474518           0
          11    0.500168           0
          11    0.525818           0
          11    0.551467           0
          11    0.577117           0
          11    0.602767           0
          11    0.628416           0
          11    0.654066           0
          11    0.679715           0
          11    0.705365           0
          11    0.731015           0
          11    0.756664           0
          11    0.782314           0
          11    0.807964           0
          11    0.833613           0
          11    0.859263           0
          11    0.884913           0
          11    0.910562           0
          11    0.936212           0
          11    0.961861    0.827948
          11    0.987511       1.571
          11     1.01316     3.07821
          11     1.03881     3.19427
          11     1.06446     2.78868
          11     1.09011     3.54533
          11     1.11576     3.30729
          11     1.14141     2.64585
          11     1.16706     2.88234
          11     1.19271     2.22123
          11     1.21836     1.61264
          11     1.24401     1.11372
          11     1.26966     1.90076
          11     1.29531     1.82623
          11     1.32096     1.92062
          11     1.34661     1.37291
          11     1.37226     1.22037
          11     1.39791        0.98
          11     1.42355     1.22851
          11      1.4492      1.1854
          11     1.47485    0.704328
          11      1.5005     0.80804
          11     1.52615    0.781107
          11      1.5518    0.874789
          11     1.57745    0.962014
          11      1.6031     1.08051
          11     1.62875     1.01066
          11      1.6544     1.18947
          11     1.68005     1.05165
          11      1.7057     0.78988
          11     1.73135    0.830537
          11       1.757    0.837483
          11     1.78265     1.26553
          11      1.8083     1.28845
          11     1.83395     1.33807
          11      1.8596     1.19066
          11     1.88525      1.2393
          11      1.9109     1.07514
          11     1.93655     1.35325
          11      1.9622     1.64141
          11     1.98785     1.76895
          11      2.0135     1.79502
          11     2.03915     1.58895
          11      2.0648     1.86416
          11     2.09045     1.81869
          11      2.1161     1.62518
          11     2.14174     1.35686
          11     2.16739     1.26379
          11     2.19304     1.37377
          11     2.21869        1.42
          11     2.24434      1.5398
          11     2.26999     1.43087
          11     2.29564     1.59894
          11     2.32129     1.15508
          11     2.34694     1.54719
          11     2.37259     1.34382
          11     2.39824     1.26528
          11     2.42389     1.18975
          11     2.44954      1.0373
          11     2.47519     1.34413
          11     2.50084     0.99518
          11     2.52649      1.3201
          11     2.55214     1.11729

          12   0.0128248           0
          12   0.0384745           0
          12   0.0641241           0
          12   0.0897737           0
          12    0.115423           0
          12    0.141073           0
          12    0.166723           0
          12    0.192372           0
          12    0.218022           0
          12    0.243672           0
          12    0.269321           0
          12    0.294971           0
          12     0.32062           0
          12     0.34627           0
          12     0.37192           0
          12    0.397569           0
          12    0.423219           0
          12    0.448869           0
          12    0.474518           0
          12    0.500168           0
          12    0.525818           0
          12    0.551467           0
          12    0.577117           0
          12    0.602767           0
          12    0.628416           0
          12    0.654066           0
          12    0.679715           0
          12    0.705365           0
          12    0.731015           0
          12    0.756664           0
          12    0.782314           0
          12    0.807964           0
          12    0.833613           0
          12    0.859263           0
          12    0.884913           0
          12    0.910562    0.115482
          12    0.936212    0.327725
          12    0.961861    0.931441
          12    0.987511     1.47281
          12     1.01316     2.51853
          12     1.03881     3.19427
          12     1.06446     2.53516
          12     1.09011      3.9482
          12     1.11576     2.61507
          12     1.14141     3.01333
          12     1.16706     2.81204
          12     1.19271     2.15392
          12     1.21836     2.51572
          12     1.24401      1.8562
          12     1.26966     2.13835
          12     1.29531     1.48381
          12     1.32096     1.37187
          12     1.34661     1.32011
          12     1.37226     1.01698
          12     1.39791        1.47
          12     1.42355     1.27576
          12      1.4492    0.820664
          12     1.47485    0.792369
          12      1.5005    0.850568
          12     1.52615     1.23333
          12      1.5518    0.835026
          12     1.57745    0.577209
          12      1.6031    0.782441
          12     1.62875    0.649707
          12      1.6544    0.769655
          12     1.68005    0.882031
          12      1.7057    0.658233
          12     1.73135    0.958312
          12       1.757     1.36479
          12     1.78265    0.934084
          12      1.8083     1.17132
          12     1.83395     1.36654
          12      1.8596     1.02452
          12     1.88525     1.61648
          12      1.9109     1.54716
          12     1.93655     1.50644
          12      1.9622     1.64141
          12     1.98785     1.50239
          12      2.0135     1.67693
          12     2.03915     1.72712
          12      2.0648     1.34758
          12     2.09045     2.03781
          12      2.1161     1.75348
          12     2.14174     1.73261
          12     2.16739     1.69185
          12     2.19304     1.45341
          12     2.21869        1.42
          12     2.24434     1.48277
          12     2.26999     1.17071
          12     2.29564      1.3264
          12     2.32129     1.42164
          12     2.34694     1.30382
          12     2.37259     1.53093
          12     2.39824     1.16539
          12     2.42389     1.27124
          12     2.44954     1.13305
          12     2.47519    0.969024
          12     2.50084     1.24015
          12     2.52649     1.17009
          12     2.55214      1.2937

          13   0.0128248           0
          13   0.0384745           0
          13   0.0641241           0
          13   0.0897737           0
          13    0.115423           0
          13    0.141073           0
          13    0.166723           0
          13    0.192372           0
          13    0.218022           0
          13    0.243672           0
          13    0.269321           0
          13    0.294971           0
          13     0.32062           0
          13     0.34627           0
          13     0.37192           0
          13    0.397569           0
          13    0.423219           0
          13    0.448869           0
          13    0.474518           0
          13    0.500168           0
          13    0.525818           0
          13    0.551467           0
          13    0.577117           0
          13    0.602767           0
          13    0.628416           0
          13    0.654066           0
          13    0.679715           0
          13    0.705365           0
          13    0.731015           0
          13    0.756664           0
          13    0.782314           0
          13    0.807964           0
          13    0.833613           0
          13    0.859263           0
          13    0.884913           0
          13    0.910562           0
          13    0.936212           0
          13    0.961861    0.620961
          13    0.987511     2.25831
          13     1.01316      1.7723
          13     1.03881     3.10554
          13     1.06446     4.05626
          13     1.09011     3.70648
          13     1.11576     3.69186
          13     1.14141     3.16032
          13     1.16706     2.17933
          13     1.19271     1.88468
          13     1.21836     1.80616
          13     1.24401      1.8562
          13     1.26966     2.01955
          13     1.29531     1.25553
          13     1.32096    0.713373
          13     1.34661     1.53133
          13     1.37226     1.11867
          13     1.39791       1.127
          13     1.42355    0.708753
          13      1.4492     1.00303
          13     1.47485     0.92443
          13      1.5005     0.80804
          13     1.52615     1.06888
          13      1.5518    0.914552
          13     1.57745    0.885053
          13      1.6031    0.894218
          13     1.62875     1.04675
          13      1.6544    0.804639
          13     1.68005     1.15342
          13      1.7057       1.119
          13     1.73135     1.08609
          13       1.757    0.899519
          13     1.78265     1.47646
          13      1.8083     1.52272
          13     1.83395     1.33807
          13      1.8596     1.38449
          13     1.88525     1.07766
          13      1.9109     1.20626
          13     1.93655     1.45538
          13      1.9622     1.39271
          13     1.98785     1.91434
          13      2.0135     1.84226
          13     2.03915     1.31261
          13      2.0648     1.97645
          13     2.09045     1.44619
          13      2.1161     1.34719
          13     2.14174     1.50299
          13     2.16739     1.40647
          13     2.19304     1.75205
          13     2.21869     1.22548
          13     2.24434     1.08357
          13     2.26999     1.65387
          13     2.29564     1.63528
          13     2.32129     1.10177
          13     2.34694     1.28643
          13     2.37259     1.24176
          13     2.39824    0.982259
          13     2.42389     1.27124
          13     2.44954     1.19688
          13     2.47519     1.37539
          13     2.50084     1.22484
          13     2.52649     1.20009
          13     2.55214      1.2643

          14   0.0128248           0
          14   0.0384745           0
          14   0.0641241           0
          14   0.0897737           0
          14    0.115423           0
          14    0.141073           0
          14    0.166723           0
          14    0.192372           0
          14    0.218022           0
          14    0.243672           0
          14    0.269321           0
          14    0.294971           0
          14     0.32062           0
          14     0.34627           0
          14     0.37192           0
          14    0.397569           0
          14    0.423219           0
          14    0.448869           0
          14    0.474518           0
          14    0.500168           0
          14    0.525818           0
          14    0.551467           0
          14    0.577117           0
          14    0.602767           0
          14    0.628416           0
          14    0.654066           0
          14    0.679715           0
          14    0.705365           0
          14    0.731015           0
          14    0.756664           0
          14    0.782314           0
          14    0.807964           0
          14    0.833613           0
          14    0.859263           0
          14    0.884913           0
          14    0.910562    0.115482
          14    0.936212    0.436967
          14    0.961861    0.413974
          14    0.987511     2.16012
          14     1.01316     3.63788
          14     1.03881     2.75062
          14     1.06446     3.04219
          14     1.09011     3.06187
          14     1.11576     2.30741
          14     1.14141     3.01333
          14     1.16706     2.74174
          14     1.19271     3.09625
          14     1.21836     1.87067
          14     1.24401     1.79432
          14     1.26966     1.48496
          14     1.29531     1.59795
          14     1.32096     1.20725
          14     1.34661     1.05609
          14     1.37226     1.11867
          14     1.39791       1.323
          14     1.42355     1.37026
          14      1.4492    0.683887
          14     1.47485    0.748348
          14      1.5005     1.10574
          14     1.52615    0.822218
          14      1.5518    0.874789
          14     1.57745    0.808092
          14      1.6031     1.04325
          14     1.62875     1.19113
          14      1.6544    0.804639
          14     1.68005    0.882031
          14      1.7057    0.888615
          14     1.73135     1.43747
          14       1.757     1.42682
          14     1.78265    0.813557
          14      1.8083     1.22989
          14     1.83395     1.50889
          14      1.8596     1.10759
          14     1.88525     1.32013
          14      1.9109      1.3636
          14     1.93655     1.07238
          14      1.9622     1.61654
          14     1.98785     1.74471
          14      2.0135     1.62969
          14     2.03915     1.56592
          14      2.0648     1.66202
          14     2.09045     1.62148
          14      2.1161      1.6038
          14     2.14174     1.54474
          14     2.16739     1.44724
          14     2.19304     1.53304
          14     2.21869      1.4589
          14     2.24434     1.48277
          14     2.26999     1.17071
          14     2.29564     1.43542
          14     2.32129      1.3861
          14     2.34694     1.14736
          14     2.37259     1.07165
          14     2.39824     1.53166
          14     2.42389     1.02677
          14     2.44954     1.10113
          14     2.47519     1.35976
          14     2.50084     1.24015
          14     2.52649      1.3351
          14     2.55214      1.2349

          15   0.0128248           0
          15   0.0384745           0
          15   0.0641241           0
          15   0.0897737           0
          15    0.115423           0
          15    0.141073           0
          15    0.166723           0
          15    0.192372           0
          15    0.218022           0
          15    0.243672           0
          15    0.269321           0
          15    0.294971           0
          15     0.32062           0
          15     0.34627           0
          15     0.37192           0
          15    0.397569           0
          15    0.423219           0
          15    0.448869           0
          15    0.474518           0
          15    0.500168           0
          15    0.525818           0
          15    0.551467           0
          15    0.577117           0
          15    0.602767           0
          15    0.628416           0
          15    0.654066           0
          15    0.679715           0
          15    0.705365           0
          15    0.731015           0
          15    0.756664           0
          15    0.782314           0
          15    0.807964           0
          15    0.833613           0
          15    0.859263           0
          15    0.884913           0
          15    0.910562    0.115482
          15    0.936212    0.218483
          15    0.961861    0.724454
          15    0.987511     1.96375
          15     1.01316     1.58574
          15     1.03881     3.72665
          15     1.06446     3.54922
          15     1.09011     4.02878
          15     1.11576     3.23038
          15     1.14141     2.79284
          15     1.16706     2.60113
          15     1.19271     2.42316
          15     1.21836     1.99968
          15     1.24401     2.04182
          15     1.26966     1.36617
          15     1.29531    0.970182
          15     1.32096     1.04262
          15     1.34661      1.1617
          15     1.37226     1.62716
          15     1.39791       1.176
          15     1.42355     1.08675
          15      1.4492    0.957442
          15     1.47485     1.14453
          15      1.5005    0.765511
          15     1.52615    0.863329
          15      1.5518    0.596447
          15     1.57745    0.808092
          15      1.6031     1.04325
          15     1.62875     1.04675
          15      1.6544    0.769655
          15     1.68005    0.746334
          15      1.7057    0.954438
          15     1.73135     1.18192
          15       1.757     1.08563
          15     1.78265     1.26553
          15      1.8083     1.34702
          15     1.83395     1.05338
          15      1.8596       1.606
          15     1.88525     1.50872
          15      1.9109     1.54716
          15     1.93655     1.53198
          15      1.9622     1.11914
          15     1.98785     1.57509
          15      2.0135     1.55883
          15     2.03915     1.84226
          15      2.0648      1.7294
          15     2.09045     1.59957
          15      2.1161     1.75348
          15     2.14174     1.46124
          15     2.16739      1.6307
          15     2.19304     1.53304
          15     2.21869     1.77013
          15     2.24434     1.00753
          15     2.26999     1.41229
          15     2.29564     1.23555
          15     2.32129     1.36833
          15     2.34694     1.21689
          15     2.37259      1.3098
          15     2.39824     1.16539
          15     2.42389     1.09196
          15     2.44954      1.2288
          15     2.47519     1.20347
          15     2.50084     1.11766
          15     2.52649      1.2601
          15     2.55214     1.13199

          16   0.0128248           0
          16   0.0384745           0
          16   0.0641241           0
          16   0.0897737           0
          16    0.115423           0
          16    0.141073           0
          16    0.166723           0
          16    0.192372           0
          16    0.218022           0
          16    0.243672           0
          16    0.269321           0
          16    0.294971           0
          16     0.32062           0
          16     0.34627           0
          16     0.37192           0
          16    0.397569           0
          16    0.423219           0
          16    0.448869           0
          16    0.474518           0
          16    0.500168           0
          16    0.525818           0
          16    0.551467           0
          16    0.577117           0
          16    0.602767           0
          16    0.628416           0
          16    0.654066           0
          16    0.679715           0
          16    0.705365           0
          16    0.731015           0
          16    0.756664           0
          16    0.782314           0
          16    0.807964           0
          16    0.833613           0
          16    0.859263           0
          16    0.884913           0
          16    0.910562           0
          16    0.936212    0.327725
          16    0.961861    0.620961
          16    0.987511     1.37462
          16     1.01316     2.70509
          16     1.03881     3.99284
          16     1.06446     3.54922
          16     1.09011     2.17554
          16     1.11576     2.69198
          16     1.14141     2.64585
          16     1.16706     2.67144
          16     1.19271     2.28854
          16     1.21836     2.51572
          16     1.24401     1.91807
          16     1.26966     1.66316
          16     1.29531      2.0545
          16     1.32096     1.42675
          16     1.34661     1.32011
          16     1.37226     1.22037
          16     1.39791       1.127
          16     1.42355    0.803253
          16      1.4492    0.866257
          16     1.47485     1.01247
          16      1.5005     1.36091
          16     1.52615    0.616664
          16      1.5518      0.7555
          16     1.57745    0.923534
          16      1.6031     1.04325
          16     1.62875    0.938465
          16      1.6544     0.97956
          16     1.68005    0.983803
          16      1.7057     1.31647
          16     1.73135     1.05414
          16       1.757    0.992573
          16     1.78265     1.20527
          16      1.8083    0.907774
          16     1.83395     1.05338
          16      1.8596     0.96914
          16     1.88525     1.53566
          16      1.9109     1.31115
          16     1.93655     1.50644
          16      1.9622     1.41758
          16     1.98785     1.47816
          16      2.0135     1.55883
          16     2.03915      1.3817
          16      2.0648      1.6171
          16     2.09045     1.66531
          16      2.1161      1.8604
          16     2.14174     1.46124
          16     2.16739     1.56954
          16     2.19304     1.61268
          16     2.21869      1.9063
          16     2.24434     1.50178
          16     2.26999     1.76536
          16     2.29564      1.5081
          16     2.32129     1.20839
          16     2.34694     1.16474
          16     2.37259     1.25877
          16     2.39824     1.39847
          16     2.42389     1.23865
          16     2.44954     1.16497
          16     2.47519     1.07843
          16     2.50084     1.27077
          16     2.52649     1.03508
          16     2.55214     1.04378

          17   0.0128248           0
          17   0.0384745           0
          17   0.0641241           0
          17   0.0897737           0
          17    0.115423           0
          17    0.141073           0
          17    0.166723           0
          17    0.192372           0
          17    0.218022           0
          17    0.243672           0
          17    0.269321           0
          17    0.294971           0
          17     0.32062           0
          17     0.34627           0
          17     0.37192           0
          17    0.397569           0
          17    0.423219           0
          17    0.448869           0
          17    0.474518           0
          17    0.500168           0
          17    0.525818           0
          17    0.551467           0
          17    0.577117           0
          17    0.602767           0
          17    0.628416           0
          17    0.654066           0
          17    0.679715           0
          17    0.705365           0
          17    0.731015           0
          17    0.756664           0
          17    0.782314           0
          17    0.807964           0
          17    0.833613           0
          17    0.859263           0
          17    0.884913           0
          17    0.910562           0
          17    0.936212    0.218483
          17    0.961861    0.931441
          17    0.987511     1.66918
          17     1.01316     2.42525
          17     1.03881     2.92808
          17     1.06446     3.54922
          17     1.09011      3.6259
          17     1.11576     3.23038
          17     1.14141     2.79284
          17     1.16706     2.67144
          17     1.19271     1.75006
          17     1.21836     2.32221
          17     1.24401     1.23746
          17     1.26966     1.72256
          17     1.29531     1.71209
          17     1.32096     1.15237
          17     1.34661      1.2145
          17     1.37226     1.52547
          17     1.39791        1.47
          17     1.42355    0.945004
          17      1.4492     1.09422
          17     1.47485    0.880409
          17      1.5005    0.978153
          17     1.52615    0.986662
          17      1.5518    0.874789
          17     1.57745     1.23138
          17      1.6031    0.931477
          17     1.62875    0.866276
          17      1.6544    0.874608
          17     1.68005     1.05165
          17      1.7057    0.888615
          17     1.73135     1.18192
          17       1.757     1.05461
          17     1.78265     1.14501
          17      1.8083     1.17132
          17     1.83395     1.02491
          17      1.8596      1.3568
          17     1.88525     0.96989
          17      1.9109     1.38982
          17     1.93655     1.07238
          17      1.9622     1.51706
          17     1.98785     2.05973
          17      2.0135     1.36989
          17     2.03915     1.54289
          17      2.0648     1.32512
          17     2.09045     1.64339
          17      2.1161      1.6038
          17     2.14174     1.44036
          17     2.16739     1.69185
          17     2.19304     1.25431
          17     2.21869      1.9063
          17     2.24434     1.61584
          17     2.26999      1.5052
          17     2.29564     1.54444
          17     2.32129     1.61712
          17     2.34694     1.02567
          17     2.37259     1.29279
          17     2.39824     1.43177
          17     2.42389     1.25494
          17     2.44954     1.40434
          17     2.47519     1.40665
          17     2.50084     1.13297
          17     2.52649      1.2751
          17     2.55214      1.2349

          18   0.0128248           0
          18   0.0384745           0
          18   0.0641241           0
          18   0.0897737           0
          18    0.115423           0
          18    0.141073           0
          18    0.166723           0
          18    0.192372           0
          18    0.218022           0
          18    0.243672           0
          18    0.269321           0
          18    0.294971           0
          18     0.32062           0
          18     0.34627           0
          18     0.37192           0
          18    0.397569           0
          18    0.423219           0
          18    0.448869           0
          18    0.474518           0
          18    0.500168           0
          18    0.525818           0
          18    0.551467           0
          18    0.577117           0
          18    0.602767           0
          18    0.628416           0
          18    0.654066           0
          18    0.679715           0
          18    0.705365           0
          18    0.731015           0
          18    0.756664           0
          18    0.782314           0
          18    0.807964           0
          18    0.833613           0
          18    0.859263           0
          18    0.884913           0
          18    0.910562           0
          18    0.936212     0.65545
          18    0.961861    0.931441
          18    0.987511     1.17825
          18     1.01316     2.98493
          18     1.03881     2.92808
          18     1.06446     2.70417
          18     1.09011     3.38417
          18     1.11576     2.99963
          18     1.14141     2.57236
          18     1.16706     3.72595
          18     1.19271      2.0193
          18     1.21836     2.32221
          18     1.24401     1.36121
          18     1.26966     1.54436
          18     1.29531     1.25553
          18     1.32096     1.20725
          18     1.34661     1.90096
          18     1.37226     1.11867
          18     1.39791       1.225
          18     1.42355       1.134
          18      1.4492      1.1854
          18     1.47485    0.792369
          18      1.5005      1.1908
          18     1.52615     0.90444
          18      1.5518     1.03384
          18     1.57745    0.923534
          18      1.6031    0.596145
          18     1.62875    0.649707
          18      1.6544    0.874608
          18     1.68005      1.1195
          18      1.7057     1.08608
          18     1.73135     1.05414
          18       1.757    0.837483
          18     1.78265    0.934084
          18      1.8083    0.907774
          18     1.83395      1.3096
          18      1.8596     1.52293
          18     1.88525     1.40095
          18      1.9109     1.67827
          18     1.93655     1.45538
          18      1.9622     1.76576
          18     1.98785     1.33277
          18      2.0135     1.53522
          18     2.03915     1.42775
          18      2.0648     1.93153
          18     2.09045     1.88443
          18      2.1161     1.66795
          18     2.14174     1.23162
          18     2.16739     1.61031
          18     2.19304     1.59277
          18     2.21869     1.32274
          18     2.24434     1.36871
          18     2.26999     1.30079
          18     2.29564     1.48993
          18     2.32129     1.40387
          18     2.34694     1.37335
          18     2.37259     1.19073
          18     2.39824     1.14874
          18     2.42389      1.5972
          18     2.44954     1.14901
          18     2.47519     1.07843
          18     2.50084      1.1636
          18     2.52649     1.06508
          18     2.55214      1.2202

          19   0.0128248           0
          19   0.0384745           0
          19   0.0641241           0
          19   0.0897737           0
          19    0.115423           0
          19    0.141073           0
          19    0.166723           0
          19    0.192372           0
          19    0.218022           0
          19    0.243672           0
          19    0.269321           0
          19    0.294971           0
          19     0.32062           0
          19     0.34627           0
          19     0.37192           0
          19    0.397569           0
          19    0.423219           0
          19    0.448869           0
          19    0.474518           0
          19    0.500168           0
          19    0.525818           0
          19    0.551467           0
          19    0.577117           0
          19    0.602767           0
          19    0.628416           0
          19    0.654066           0
          19    0.679715           0
          19    0.705365           0
          19    0.731015           0
          19    0.756664           0
          19    0.782314           0
          19    0.807964           0
          19    0.833613           0
          19    0.859263           0
          19    0.884913           0
          19    0.910562           0
          19    0.936212    0.218483
          19    0.961861     1.24192
          19    0.987511     1.37462
          19     1.01316     1.95886
          19     1.03881     3.01681
          19     1.06446     3.54922
          19     1.09011     2.41727
          19     1.11576     3.46112
          19     1.14141     3.45431
          19     1.16706     2.88234
          19     1.19271      2.0193
          19     1.21836     1.87067
          19     1.24401     1.91807
          19     1.26966     1.84136
          19     1.29531     1.48381
          19     1.32096     1.37187
          19     1.34661    0.897674
          19     1.37226     1.83056
          19     1.39791       0.833
          19     1.42355     1.37026
          19      1.4492     1.13981
          19     1.47485     1.45268
          19      1.5005    0.765511
          19     1.52615    0.986662
          19      1.5518    0.914552
          19     1.57745    0.923534
          19      1.6031    0.931477
          19     1.62875    0.721896
          19      1.6544     0.73467
          19     1.68005    0.712409
          19      1.7057    0.888615
          19     1.73135    0.862481
          19       1.757    0.775448
          19     1.78265     1.35593
          19      1.8083     1.28845
          19     1.83395     1.08185
          19      1.8596      1.3568
          19     1.88525     1.45483
          19      1.9109     1.99295
          19     1.93655     1.25111
          19      1.9622     1.51706
          19     1.98785       1.357
          19      2.0135     1.53522
          19     2.03915     1.68106
          19      2.0648     1.59464
          19     2.09045     1.59957
          19      2.1161     1.90317
          19     2.14174     1.66999
          19     2.16739     1.36571
          19     2.19304     1.61268
          19     2.21869     1.28383
          19     2.24434      1.5398
          19     2.26999     1.26363
          19     2.29564     1.78064
          19     2.32129     1.22616
          19     2.34694    0.938747
          19     2.37259     1.12268
          19     2.39824      1.5816
          19     2.42389     1.17345
          19     2.44954     1.27668
          19     2.47519     1.25035
          19     2.50084     1.20953
          19     2.52649      1.2301
          19     2.55214      1.2496

          20   0.0128248           0
          20   0.0384745           0
          20   0.0641241           0
          20   0.0897737           0
          20    0.115423           0
          20    0.141073           0
          20    0.166723           0
          20    0.192372           0
          20    0.218022           0
          20    0.243672           0
          20    0.269321           0
          20    0.294971           0
          20     0.32062           0
          20     0.34627           0
          20     0.37192           0
          20    0.397569           0
          20    0.423219           0
          20    0.448869           0
          20    0.474518           0
          20    0.500168           0
          20    0.525818           0
          20    0.551467           0
          20    0.577117           0
          20    0.602767           0
          20    0.628416           0
          20    0.654066           0
          20    0.679715           0
          20    0.705365           0
          20    0.731015           0
          20    0.756664           0
          20    0.782314           0
          20    0.807964           0
          20    0.833613           0
          20    0.859263           0
          20    0.884913           0
          20    0.910562           0
          20    0.936212    0.436967
          20    0.961861    0.517467
          20    0.987511     1.37462
          20     1.01316     2.51853
          20     1.03881     2.48443
          20     1.06446     3.54922
          20     1.09011     4.35108
          20     1.11576     2.92272
          20     1.14141     2.79284
          20     1.16706     1.89813
          20     1.19271     2.89432
          20     1.21836      2.2577
          20     1.24401     1.42308
          20     1.26966     2.07895
          20     1.29531     1.42674
          20     1.32096     1.15237
          20     1.34661     1.68974
          20     1.37226     1.01698
          20     1.39791       1.617
          20     1.42355     1.18125
          20      1.4492    0.957442
          20     1.47485     1.23257
          20      1.5005    0.978153
          20     1.52615    0.822218
          20      1.5518      0.7555
          20     1.57745    0.846573
          20      1.6031     1.00599
          20     1.62875    0.649707
          20      1.6544      1.1195
          20     1.68005    0.983803
          20      1.7057    0.921527
          20     1.73135    0.990256
          20       1.757    0.837483
          20     1.78265     1.20527
          20      1.8083     1.34702
          20     1.83395     1.25266
          20      1.8596     0.91376
          20     1.88525     1.32013
          20      1.9109     1.18003
          20     1.93655     1.60858
          20      1.9622     1.14401
          20     1.98785     1.64779
          20      2.0135     1.48798
          20     2.03915     1.77318
          20      2.0648      1.5048
          20     2.09045     2.08163
          20      2.1161     1.56103
          20     2.14174     1.41949
          20     2.16739     1.34532
          20     2.19304     1.77196
          20     2.21869     1.65342
          20     2.24434     1.21664
          20     2.26999     1.05922
          20     2.29564     1.67162
          20     2.32129     1.58157
          20     2.34694     1.46027
          20     2.37259     1.34382
          20     2.39824     1.41512
          20     2.42389     1.53201
          20     2.44954     1.29263
          20     2.47519     1.15658
          20     2.50084     1.36263
          20     2.52649    0.975076
          20     2.55214     1.11729

