0  -5.44848433  0
1  -5.42615373  0.0157901193
2  -5.43749942  0.0140224402
3  -5.4494432  0.0147510733
4  -5.44474401  0.0125270177
5  -5.44594257  0.010496363
6  -5.4430152  0.00939623317
7  -5.44695175  0.00900864927
8  -5.45204755  0.00933836195
9  -5.45042526  0.00854427761
10  -5.45314473  0.00818887387
11  -5.45101819  0.00777768481
12  -5.45384594  0.00767625147
13  -5.45455227  0.00716037065
14  -5.45666811  0.00698863288
15  -5.45340082  0.00727562058
16  -5.45729985  0.00782294097
17  -5.45656271  0.00742298151
18  -5.45555571  0.00710027342
19  -5.45606834  0.00676373972
20  -5.45572622  0.00645030354
21  -5.45533104  0.0061692017
22  -5.45439546  0.00597149573
23  -5.45356493  0.0057801502
24  -5.45454035  0.00563064425
25  -5.45558456  0.00551005553
26  -5.45546147  0.00530735414
27  -5.4556102  0.00511988932
28  -5.45595223  0.0049547532
29  -5.45508043  0.00486568907
30  -5.4552278  0.00471096278
31  -5.45551978  0.00457278408
32  -5.45325213  0.00496474245
33  -5.45252619  0.00487150482
34  -5.45184127  0.00478022408
35  -5.45085352  0.00474839456
36  -5.45130489  0.00464146241
37  -5.45035855  0.0046147839
38  -5.45016934  0.00450033329
39  -5.44942258  0.00444935046
40  -5.45066892  0.00451201653
41  -5.4520728  0.00461782682
42  -5.45288374  0.004581087
43  -5.45293393  0.00447724635
44  -5.45211989  0.00445114072
45  -5.45240527  0.00436351574
46  -5.45164411  0.00433655305
47  -5.45162964  0.00424623235
48  -5.45285989  0.00433413048
49  -5.4526981  0.00425046665
50  -5.45292435  0.00417314132
51  -5.45367897  0.00416055867
52  -5.45237484  0.00428157327
53  -5.45196809  0.0042215616
54  -5.45262035  0.00419489268
55  -5.45177903  0.00420350312
56  -5.45085739  0.00422958861
57  -5.45070726  0.00415932821
58  -5.45094364  0.00409554224
59  -5.45104819  0.0040286176
60  -5.45122137  0.00396629505
61  -5.45102864  0.00390700204
62  -5.45148545  0.00387159885
63  -5.45155853  0.0038117948
64  -5.45127674  0.00376355309
65  -5.45162898  0.00372297652
66  -5.45145527  0.00367146011
67  -5.45194783  0.00365035951
68  -5.4519275  0.00359751236
69  -5.45160745  0.00356032791
70  -5.45136493  0.00351843218
71  -5.45163822  0.00348016223
72  -5.45149109  0.00343559739
73  -5.45183436  0.00340627604
74  -5.4521923  0.00337961358
75  -5.45192995  0.00334531182
76  -5.45190813  0.00330193742
77  -5.45213793  0.00326759205
78  -5.4522798  0.00322930819
79  -5.45268828  0.0032146724
80  -5.45322185  0.00321896212
81  -5.45327644  0.00318016932
82  -5.45320218  0.00314272095
83  -5.4533241  0.00310767157
84  -5.45330443  0.00307117298
85  -5.45333064  0.00303557355
86  -5.45356582  0.00300977834
87  -5.45405112  0.00301444777
88  -5.45419548  0.00298403215
89  -5.45453967  0.00297065964
90  -5.45478349  0.00294800415
91  -5.45431441  0.00295304448
92  -5.4539263  0.00294668546
93  -5.45335304  0.00297057594
94  -5.45342823  0.00294025815
95  -5.45374483  0.00292662672
96  -5.45437111  0.00296270726
97  -5.45494382  0.0029873175
98  -5.45511918  0.00296228507
99  -5.45488743  0.00294171426
