   0.0128248           0           0
   0.0384745           0           0
   0.0641241           0           0
   0.0897737           0           0
    0.115423           0           0
    0.141073           0           0
    0.166723           0           0
    0.192372           0           0
    0.218022           0           0
    0.243672           0           0
    0.269321           0           0
    0.294971           0           0
     0.32062           0           0
     0.34627           0           0
     0.37192           0           0
    0.397569           0           0
    0.423219           0           0
    0.448869           0           0
    0.474518           0           0
    0.500168           0           0
    0.525818           0           0
    0.551467           0           0
    0.577117           0           0
    0.602767           0           0
    0.628416           0           0
    0.654066           0           0
    0.679715           0           0
    0.705365           0           0
    0.731015           0           0
    0.756664           0           0
    0.782314           0           0
    0.807964           0           0
    0.833613           0           0
    0.859263 2.59364e-05 2.59364e-05
    0.884913   0.0014306 0.000219181
    0.910562   0.0307645 0.000970302
    0.936212    0.223541  0.00305678
    0.961861    0.771472  0.00626336
    0.987511     1.61351  0.00909939
     1.01316      2.4908   0.0116107
     1.03881      3.1133   0.0116217
     1.06446     3.40365   0.0140842
     1.09011     3.38727   0.0118245
     1.11576     3.21386    0.011773
     1.14141     2.92744   0.0114443
     1.16706     2.62682  0.00960463
     1.19271     2.33834  0.00984477
     1.21836     2.07833   0.0106474
     1.24401     1.86446  0.00955866
     1.26966     1.64468  0.00928434
     1.29531     1.49041  0.00876042
     1.32096     1.34533  0.00761721
     1.34661     1.25026  0.00733902
     1.37226      1.1496   0.0063842
     1.39791     1.07967  0.00706314
     1.42355     1.03299   0.0069019
      1.4492     0.98761   0.0058582
     1.47485    0.951208   0.0054493
      1.5005    0.923309   0.0059129
     1.52615    0.905534  0.00502574
      1.5518    0.893553    0.005645
     1.57745    0.895828  0.00604344
      1.6031    0.907046  0.00582235
     1.62875    0.912322  0.00539684
      1.6544    0.933899  0.00538717
     1.68005    0.961614  0.00527032
      1.7057     1.00659  0.00560289
     1.73135     1.04236  0.00490319
       1.757     1.09442  0.00556606
     1.78265     1.14675  0.00565958
      1.8083     1.19676  0.00526242
     1.83395     1.25509  0.00602363
      1.8596     1.30957  0.00596514
     1.88525     1.36249  0.00575278
      1.9109     1.41469  0.00593486
     1.93655     1.46076   0.0055176
      1.9622     1.50618  0.00540741
     1.98785     1.55027  0.00573101
      2.0135     1.58623  0.00555019
     2.03915     1.60286  0.00601978
      2.0648     1.61771  0.00518248
     2.09045     1.62303  0.00526974
      2.1161     1.61467  0.00556222
     2.14174     1.59624  0.00568595
     2.16739     1.56241  0.00488473
     2.19304     1.53724   0.0056497
     2.21869      1.4879  0.00517385
     2.24434     1.45149  0.00517847
     2.26999     1.41425  0.00445555
     2.29564     1.38471  0.00435637
     2.32129      1.3411  0.00471768
     2.34694     1.30972  0.00460309
     2.37259     1.27604  0.00397269
     2.39824     1.25113  0.00410311
     2.42389     1.23234  0.00409773
     2.44954     1.21461  0.00427787
     2.47519     1.20008  0.00384015
     2.50084     1.19055  0.00403514
     2.52649     1.18723  0.00420066
     2.55214      1.1901  0.00383998
