0  1.37576241  0
1  1.51010064  0.0949914782
2  1.47131268  0.0708053348
3  1.40643545  0.0773099388
4  1.43617904  0.0673269203
5  1.4576651  0.0594353933
6  1.48903747  0.0586427849
7  1.46784705  0.0550079159
8  1.42853091  0.061358121
9  1.43257945  0.0553557133
10  1.41951221  0.0518427609
11  1.43720063  0.0504499526
12  1.42220429  0.0487471046
13  1.41067118  0.0466095193
14  1.41022065  0.0435043953
15  1.4331805  0.046450555
16  1.41656668  0.0465946479
17  1.42164878  0.0442823432
18  1.42710437  0.0422864222
19  1.42169647  0.0405164263
20  1.42418479  0.0386634075
21  1.43152977  0.0375971795
22  1.43689147  0.0363428219
23  1.43477072  0.0348903599
24  1.42752465  0.0342389149
25  1.42346957  0.0331612958
26  1.42369204  0.0319338459
27  1.4218153  0.0308484497
28  1.41937287  0.029881244
29  1.42679  0.0297915242
30  1.42701081  0.0288313256
31  1.4282947  0.0279589188
32  1.43926775  0.0291856477
33  1.44216965  0.0284711482
34  1.44534239  0.0278339051
35  1.45076221  0.0275833691
36  1.4459629  0.0272521977
37  1.44782586  0.0265986344
38  1.44908148  0.0259462375
39  1.45002602  0.0253147681
40  1.4413941  0.0261275902
41  1.4366241  0.0259372698
42  1.43327534  0.025549342
43  1.43172782  0.0250154977
44  1.43314573  0.0244997491
45  1.43122307  0.024042469
46  1.43643591  0.0240894164
47  1.43554255  0.0236041129
48  1.4287953  0.0240674368
49  1.43031703  0.023634147
50  1.42990904  0.0231742535
51  1.42713279  0.022894287
52  1.43449135  0.0236153057
53  1.43809932  0.0234519801
54  1.43515507  0.0232096613
55  1.43927822  0.023158543
56  1.4442367  0.0232770314
57  1.44153815  0.023031597
58  1.43956239  0.0227258178
59  1.43888774  0.0223570659
60  1.4392995  0.0219943481
61  1.43882021  0.0216448221
62  1.43625965  0.0214521753
63  1.43652164  0.0211185848
64  1.43823692  0.0208632263
65  1.43824632  0.020547119
66  1.44082328  0.0204014037
67  1.43938209  0.0201522229
68  1.43989269  0.0198666291
69  1.44233387  0.0197322345
70  1.44229894  0.0194543466
71  1.43965268  0.0193632877
72  1.44099176  0.0191442837
73  1.44013652  0.0189046708
74  1.44024008  0.0186528922
75  1.44177384  0.0184704093
76  1.44226363  0.0182370268
77  1.44291006  0.0180146718
78  1.44384508  0.0178108869
79  1.44389133  0.0175883109
80  1.44378568  0.0173714885
81  1.4459784  0.0172974748
82  1.44554211  0.0170945728
83  1.44357567  0.0170037925
84  1.44229269  0.0168520805
85  1.44175928  0.0166645658
86  1.44306145  0.0165238166
87  1.44109526  0.0164526093
88  1.43972734  0.0163245161
89  1.43922261  0.0161509333
90  1.43868101  0.0159825291
91  1.44056031  0.0159189119
92  1.44206071  0.0158182909
93  1.44352537  0.0157176734
94  1.44424422  0.0155686536
95  1.44235828  0.015520288
96  1.43894066  0.0157320701
97  1.43690068  0.0157032448
98  1.43661536  0.015547218
99  1.43673057  0.0153921726
