           1     1.48908     1.48908           0
           2     1.50781     1.49845  0.00936788
           3     1.45115     1.48268   0.0166662
           4     1.37402     1.45552   0.0296113
           5      1.4156     1.44753   0.0242865
           6      1.3822     1.43664   0.0226231
           7     1.36887     1.42696   0.0214314
           8     1.50771     1.43706   0.0211269
           9     1.52505     1.44683   0.0210418
          10     1.26489     1.42864   0.0261768
          11     1.43449     1.42917   0.0236838
          12     1.54077     1.43847   0.0235355
          13     1.36829     1.43307   0.0223125
          14     1.40184     1.43084   0.0207775
          15      1.4179     1.42998    0.019362
          16     1.44105     1.43067   0.0181248
          17     1.37827     1.42759    0.017302
          18     1.45427     1.42907   0.0163797
          19     1.44413     1.42986   0.0155139
          20     1.43279     1.43001   0.0147185
