5.306505076139305110e-01 1.480170369148254395e+00
4.973272397010946033e-01 1.444682836532592773e+00
8.074394794918668961e-01 1.774935960769653320e+00
-8.331551291159629002e-01 2.778959274291992188e-02
1.043849398448131183e-01 1.026220083236694336e+00
1.689521379115377364e-01 1.094980716705322266e+00
9.238727570944580414e-01 1.898931264877319336e+00
-4.157049464149022988e-01 4.723519682884216309e-01
-5.183424401691063554e-01 3.630484938621520996e-01
-7.994121154690043696e-01 6.372416019439697266e-02
-9.671407408170515918e-01 -1.148979067802429199e-01
8.590586335843810595e-01 1.829907655715942383e+00
3.398330931818200895e-01 1.276959896087646484e+00
5.703058240462755002e-01 1.522401094436645508e+00
-4.365397884921018434e-01 4.501639306545257568e-01
1.728203323726533736e-01 1.099100232124328613e+00
-8.720894677580377508e-01 -1.367336511611938477e-02
-2.874480813075419583e-02 8.844439983367919922e-01
9.549902794888935897e-01 1.932069778442382812e+00
7.530104906331815950e-01 1.716971993446350098e+00
-3.236820963263087325e-01 5.703514218330383301e-01
9.231403090829970459e-01 1.898151159286499023e+00
-5.365967470575909726e-01 3.436085581779479980e-01
8.986376448313628806e-01 1.872057199478149414e+00
8.827554094129972384e-01 1.855143427848815918e+00
5.984051747047833825e-01 1.552325487136840820e+00
2.608958737335822509e-01 1.192896008491516113e+00
7.485759332498940211e-01 1.712249398231506348e+00
-4.139594309844065734e-01 4.742108285427093506e-01
6.978871106258364154e-01 1.658268451690673828e+00
2.357533838350476252e-01 1.166120529174804688e+00
-9.735262844822010209e-01 -1.216982007026672363e-01
-3.055329641355608583e-01 5.896792411804199219e-01
-7.037182781036699364e-01 1.656329631805419922e-01
9.636587796365063685e-01 1.941301107406616211e+00
-4.325938592002387395e-02 8.689867258071899414e-01
-5.217269002674607137e-03 9.094995856285095215e-01
2.789450327974472010e-01 1.212117433547973633e+00
-2.628307877407649595e-01 6.351548433303833008e-01
-7.261994566288021424e-01 1.416917443275451660e-01
6.442354663884910515e-01 1.601132392883300781e+00
-6.203041761944840804e-01 2.544646263122558594e-01
2.263796509291204906e-02 9.391639232635498047e-01
-5.513659420505214737e-01 3.278801441192626953e-01
-8.043110310119319095e-01 5.850708484649658203e-02
7.243830348433666355e-01 1.686485290527343750e+00
9.458389780462606033e-01 1.922324180603027344e+00
9.216693161260003375e-01 1.896584749221801758e+00
8.131109984423579018e-01 1.780975818634033203e+00
5.480946653972775806e-01 1.498747467994689941e+00
-3.337096959427161558e-01 5.596725940704345703e-01
-8.377972200240064726e-01 2.284604310989379883e-02
-1.855176571723853307e-01 7.174892425537109375e-01
-5.355317156581145266e-01 3.447428345680236816e-01
-7.350247304840340501e-01 1.322932839393615723e-01
-8.931456364263494763e-01 -3.609704971313476562e-02
4.511887284211575366e-01 1.395547866821289062e+00
-9.771450827499379432e-01 -1.255519986152648926e-01
5.411614970055524942e-01 1.491364002227783203e+00
-7.061067091992498934e-01 1.630894541740417480e-01
-8.409558348264885019e-01 1.948225498199462891e-02
-8.207939315227892330e-01 4.095363616943359375e-02
3.440956147078289007e-01 1.281499266624450684e+00
-5.092655802943104604e-01 3.727148175239562988e-01
-1.589210666398030991e-01 7.458131909370422363e-01
1.147375826478338467e-01 1.037245154380798340e+00
7.211023476575875168e-01 1.682991504669189453e+00
4.540885254226565415e-01 1.398635864257812500e+00
-4.593441895225707228e-01 4.258784949779510498e-01
-7.370344014177447889e-01 1.301531195640563965e-01
-8.892513591576041154e-01 -3.194987773895263672e-02
-3.968027310381150308e-01 4.924818277359008789e-01
-4.757637015206435116e-01 4.083925485610961914e-01
-8.771886639904069582e-02 8.216397762298583984e-01
3.665626710953608924e-01 1.305425524711608887e+00
3.912508912777143966e-01 1.331717133522033691e+00
-4.329623068356667215e-01 4.539737999439239502e-01
-2.401460881997590224e-01 6.593128442764282227e-01
-6.376980765261939244e-01 2.359410524368286133e-01
5.770910246130374066e-01 1.529627084732055664e+00
-8.863038471335193957e-01 -2.881091833114624023e-02
3.939944834499746751e-01 1.334638953208923340e+00
5.573907918822067487e-01 1.508647441864013672e+00
5.548151236975062961e-01 1.505904436111450195e+00
-4.811548713092901330e-01 4.026512503623962402e-01
-2.523737241348771310e-01 6.462910175323486328e-01
1.751992703927780504e-01 1.101633667945861816e+00
-4.543561951510659558e-01 4.311904311180114746e-01
-2.582944015642225644e-01 6.399857997894287109e-01
-6.058914396287207182e-01 2.698133587837219238e-01
-8.028823248798522272e-02 8.295530080795288086e-01
-9.107753974917718320e-01 -5.487185716629028320e-02
5.995917691412360195e-01 1.553589105606079102e+00
-8.460871060267345367e-01 1.401776075363159180e-02
3.767029766305207694e-02 9.551725387573242188e-01
-3.863798009096077735e-01 5.035816431045532227e-01
1.550858976627509378e-01 1.080213904380798340e+00
9.188666816668502602e-01 1.893599987030029297e+00
2.911404889120077222e-01 1.225104928016662598e+00
-9.292751284890181651e-01 -7.457309961318969727e-02
