5.306505076139305110e-01 4.781394302845001221e-01
4.973272397010946033e-01 4.788264036178588867e-01
8.074394794918668961e-01 4.724334180355072021e-01
-8.331551291159629002e-01 5.062543749809265137e-01
1.043849398448131183e-01 4.869269132614135742e-01
1.689521379115377364e-01 4.855958521366119385e-01
9.238727570944580414e-01 4.700331389904022217e-01
-4.157049464149022988e-01 4.976485967636108398e-01
-5.183424401691063554e-01 4.997644722461700439e-01
-7.994121154690043696e-01 5.055587291717529297e-01
-9.671407408170515918e-01 5.090164542198181152e-01
8.590586335843810595e-01 4.713692963123321533e-01
3.398330931818200895e-01 4.820731580257415771e-01
5.703058240462755002e-01 4.773219525814056396e-01
-4.365397884921018434e-01 4.980781078338623047e-01
1.728203323726533736e-01 4.855161309242248535e-01
-8.720894677580377508e-01 5.070569515228271484e-01
-2.874480813075419583e-02 4.896714091300964355e-01
9.549902794888935897e-01 4.693916440010070801e-01
7.530104906331815950e-01 4.735554754734039307e-01
-3.236820963263087325e-01 4.957515299320220947e-01
9.231403090829970459e-01 4.700482487678527832e-01
-5.365967470575909726e-01 5.001407861709594727e-01
8.986376448313628806e-01 4.705533683300018311e-01
8.827554094129972384e-01 4.708807766437530518e-01
5.984051747047833825e-01 4.767426848411560059e-01
2.608958737335822509e-01 4.837004542350769043e-01
7.485759332498940211e-01 4.736469089984893799e-01
-4.139594309844065734e-01 4.976126253604888916e-01
6.978871106258364154e-01 4.746918380260467529e-01
2.357533838350476252e-01 4.842187464237213135e-01
-9.735262844822010209e-01 5.091481208801269531e-01
-3.055329641355608583e-01 4.953773915767669678e-01
-7.037182781036699364e-01 5.035859942436218262e-01
9.636587796365063685e-01 4.692129492759704590e-01
-4.325938592002387395e-02 4.899706244468688965e-01
-5.217269002674607137e-03 4.891863763332366943e-01
2.789450327974472010e-01 4.833283424377441406e-01
-2.628307877407649595e-01 4.944970905780792236e-01
-7.261994566288021424e-01 5.040494799613952637e-01
6.442354663884910515e-01 4.757978916168212891e-01
-6.203041761944840804e-01 5.018664002418518066e-01
2.263796509291204906e-02 4.886121451854705811e-01
-5.513659420505214737e-01 5.004452466964721680e-01
-8.043110310119319095e-01 5.056596994400024414e-01
7.243830348433666355e-01 4.741456210613250732e-01
9.458389780462606033e-01 4.695802927017211914e-01
9.216693161260003375e-01 4.700785577297210693e-01
8.131109984423579018e-01 4.723165035247802734e-01
5.480946653972775806e-01 4.777798354625701904e-01
-3.337096959427161558e-01 4.959582686424255371e-01
-8.377972200240064726e-01 5.063500404357910156e-01
-1.855176571723853307e-01 4.929032623767852783e-01
-5.355317156581145266e-01 5.001188516616821289e-01
-7.350247304840340501e-01 5.042313933372497559e-01
-8.931456364263494763e-01 5.074910521507263184e-01
4.511887284211575366e-01 4.797775447368621826e-01
-9.771450827499379432e-01 5.092226862907409668e-01
5.411614970055524942e-01 4.779227375984191895e-01
-7.061067091992498934e-01 5.036352276802062988e-01
-8.409558348264885019e-01 5.064151883125305176e-01
-8.207939315227892330e-01 5.059995055198669434e-01
3.440956147078289007e-01 4.819852709770202637e-01
-5.092655802943104604e-01 4.995773434638977051e-01
-1.589210666398030991e-01 4.923549890518188477e-01
1.147375826478338467e-01 4.867134988307952881e-01
7.211023476575875168e-01 4.742132723331451416e-01
4.540885254226565415e-01 4.797177612781524658e-01
-4.593441895225707228e-01 4.985482096672058105e-01
-7.370344014177447889e-01 5.042728185653686523e-01
-8.892513591576041154e-01 5.074107646942138672e-01
-3.968027310381150308e-01 4.972589313983917236e-01
-4.757637015206435116e-01 4.988867044448852539e-01
-8.771886639904069582e-02 4.908871352672576904e-01
3.665626710953608924e-01 4.815221130847930908e-01
3.912508912777143966e-01 4.810131788253784180e-01
-4.329623068356667215e-01 4.980043470859527588e-01
-2.401460881997590224e-01 4.940294325351715088e-01
-6.376980765261939244e-01 5.022249817848205566e-01
5.770910246130374066e-01 4.771820604801177979e-01
-8.863038471335193957e-01 5.073500275611877441e-01
3.939944834499746751e-01 4.809566140174865723e-01
5.573907918822067487e-01 4.775881767272949219e-01
5.548151236975062961e-01 4.776412844657897949e-01
-4.811548713092901330e-01 4.989978373050689697e-01
-2.523737241348771310e-01 4.942815005779266357e-01
1.751992703927780504e-01 4.854670763015747070e-01
-4.543561951510659558e-01 4.984453916549682617e-01
-2.582944015642225644e-01 4.944035708904266357e-01
-6.058914396287207182e-01 5.015692710876464844e-01
-8.028823248798522272e-02 4.907339513301849365e-01
-9.107753974917718320e-01 5.078545212745666504e-01
5.995917691412360195e-01 4.767182171344757080e-01
-8.460871060267345367e-01 5.065209269523620605e-01
3.767029766305207694e-02 4.883022308349609375e-01
-3.863798009096077735e-01 4.970440566539764404e-01
1.550858976627509378e-01 4.858817160129547119e-01
9.188666816668502602e-01 4.701363444328308105e-01
2.911404889120077222e-01 4.830769598484039307e-01
-9.292751284890181651e-01 5.082358717918395996e-01
