5.306505076139305110e-01 1.388663768768310547e+00
4.973272397010946033e-01 1.354030013084411621e+00
8.074394794918668961e-01 1.676337242126464844e+00
-8.331551291159629002e-01 -2.877295017242431641e-02
1.043849398448131183e-01 9.456354379653930664e-01
1.689521379115377364e-01 1.012741684913635254e+00
9.238727570944580414e-01 1.797349214553833008e+00
-4.157049464149022988e-01 4.050932824611663818e-01
-5.183424401691063554e-01 2.984195947647094727e-01
-7.994121154690043696e-01 6.296992301940917969e-03
-9.671407408170515918e-01 -1.680274605751037598e-01
8.590586335843810595e-01 1.729986310005187988e+00
3.398330931818200895e-01 1.190342426300048828e+00
5.703058240462755002e-01 1.429878473281860352e+00
-4.365397884921018434e-01 3.834390938282012939e-01
1.728203323726533736e-01 1.016762018203735352e+00
-8.720894677580377508e-01 -6.923830509185791016e-02
-2.874480813075419583e-02 8.072704672813415527e-01
9.549902794888935897e-01 1.829690456390380859e+00
7.530104906331815950e-01 1.619767904281616211e+00
-3.236820963263087325e-01 5.007349252700805664e-01
9.231403090829970459e-01 1.796587944030761719e+00
-5.365967470575909726e-01 2.794474363327026367e-01
8.986376448313628806e-01 1.771121740341186523e+00
8.827554094129972384e-01 1.754614949226379395e+00
5.984051747047833825e-01 1.459082841873168945e+00
2.608958737335822509e-01 1.108301162719726562e+00
7.485759332498940211e-01 1.615158915519714355e+00
-4.139594309844065734e-01 4.069074392318725586e-01
6.978871106258364154e-01 1.562476873397827148e+00
2.357533838350476252e-01 1.082169890403747559e+00
-9.735262844822010209e-01 -1.746640801429748535e-01
-3.055329641355608583e-01 5.195977687835693359e-01
-7.037182781036699364e-01 1.057539582252502441e-01
9.636587796365063685e-01 1.838699817657470703e+00
-4.325938592002387395e-02 7.921850681304931641e-01
-5.217269002674607137e-03 8.317232131958007812e-01
2.789450327974472010e-01 1.127060055732727051e+00
-2.628307877407649595e-01 5.639791488647460938e-01
-7.261994566288021424e-01 8.238875865936279297e-02
6.442354663884910515e-01 1.506715297698974609e+00
-6.203041761944840804e-01 1.924483180046081543e-01
2.263796509291204906e-02 8.606738448143005371e-01
-5.513659420505214737e-01 2.640974521636962891e-01
-8.043110310119319095e-01 1.205444335937500000e-03
7.243830348433666355e-01 1.590014696121215820e+00
9.458389780462606033e-01 1.820179224014282227e+00
9.216693161260003375e-01 1.795059204101562500e+00
8.131109984423579018e-01 1.682231903076171875e+00
5.480946653972775806e-01 1.406793832778930664e+00
-3.337096959427161558e-01 4.903129637241363525e-01
-8.377972200240064726e-01 -3.359758853912353516e-02
-1.855176571723853307e-01 6.443325877189636230e-01
-5.355317156581145266e-01 2.805544137954711914e-01
-7.350247304840340501e-01 7.321637868881225586e-02
-8.931456364263494763e-01 -9.112250804901123047e-02
4.511887284211575366e-01 1.306077122688293457e+00
-9.771450827499379432e-01 -1.784252524375915527e-01
5.411614970055524942e-01 1.399588108062744141e+00
-7.061067091992498934e-01 1.032716035842895508e-01
-8.409558348264885019e-01 -3.688043355941772461e-02
-8.207939315227892330e-01 -1.592564582824707031e-02
3.440956147078289007e-01 1.194772601127624512e+00
-5.092655802943104604e-01 3.078534007072448730e-01
-1.589210666398030991e-01 6.719750761985778809e-01
1.147375826478338467e-01 9.563952088356018066e-01
7.211023476575875168e-01 1.586605072021484375e+00
4.540885254226565415e-01 1.309090971946716309e+00
-4.593441895225707228e-01 3.597379624843597412e-01
-7.370344014177447889e-01 7.112771272659301758e-02
-8.892513591576041154e-01 -8.707511425018310547e-02
-3.968027310381150308e-01 4.247388243675231934e-01
-4.757637015206435116e-01 3.426727354526519775e-01
-8.771886639904069582e-02 7.459772825241088867e-01
3.665626710953608924e-01 1.218123197555541992e+00
3.912508912777143966e-01 1.243782281875610352e+00
-4.329623068356667215e-01 3.871572911739349365e-01
-2.401460881997590224e-01 5.875558853149414062e-01
-6.376980765261939244e-01 1.743704080581665039e-01
5.770910246130374066e-01 1.436930418014526367e+00
-8.863038471335193957e-01 -8.401167392730712891e-02
3.939944834499746751e-01 1.246633768081665039e+00
5.573907918822067487e-01 1.416455507278442383e+00
5.548151236975062961e-01 1.413778543472290039e+00
-4.811548713092901330e-01 3.370695710182189941e-01
-2.523737241348771310e-01 5.748474597930908203e-01
1.751992703927780504e-01 1.019234538078308105e+00
-4.543561951510659558e-01 3.649221062660217285e-01
-2.582944015642225644e-01 5.686938762664794922e-01
-6.058914396287207182e-01 2.074277400970458984e-01
-8.028823248798522272e-02 7.537000775337219238e-01
-9.107753974917718320e-01 -1.094456315040588379e-01
5.995917691412360195e-01 1.460316061973571777e+00
-8.460871060267345367e-01 -4.221343994140625000e-02
3.767029766305207694e-02 8.762972950935363770e-01
-3.863798009096077735e-01 4.355716109275817871e-01
1.550858976627509378e-01 9.983301758766174316e-01
9.188666816668502602e-01 1.792146325111389160e+00
2.911404889120077222e-01 1.139735102653503418e+00
-9.292751284890181651e-01 -1.286728382110595703e-01
