5.306505076139305110e-01 2.050062179565429688e+00
4.973272397010946033e-01 1.984032630920410156e+00
8.074394794918668961e-01 2.598515748977661133e+00
-8.331551291159629002e-01 -6.522992849349975586e-01
1.043849398448131183e-01 1.205423116683959961e+00
1.689521379115377364e-01 1.333362102508544922e+00
9.238727570944580414e-01 2.829226493835449219e+00
-4.157049464149022988e-01 1.748723983764648438e-01
-5.183424401691063554e-01 -2.850234508514404297e-02
-7.994121154690043696e-01 -5.854380130767822266e-01
-9.671407408170515918e-01 -9.177898168563842773e-01
8.590586335843810595e-01 2.700798273086547852e+00
3.398330931818200895e-01 1.671960234642028809e+00
5.703058240462755002e-01 2.128638744354248047e+00
-4.365397884921018434e-01 1.335883736610412598e-01
1.728203323726533736e-01 1.341026782989501953e+00
-8.720894677580377508e-01 -7.294471263885498047e-01
-2.874480813075419583e-02 9.416283965110778809e-01
9.549902794888935897e-01 2.890885353088378906e+00
7.530104906331815950e-01 2.490665435791015625e+00
-3.236820963263087325e-01 3.572143316268920898e-01
9.231403090829970459e-01 2.827775239944458008e+00
-5.365967470575909726e-01 -6.467306613922119141e-02
8.986376448313628806e-01 2.779223442077636719e+00
8.827554094129972384e-01 2.747753143310546875e+00
5.984051747047833825e-01 2.184317111968994141e+00
2.608958737335822509e-01 1.515547275543212891e+00
7.485759332498940211e-01 2.481878280639648438e+00
-4.139594309844065734e-01 1.783310174942016602e-01
6.978871106258364154e-01 2.381439208984375000e+00
2.357533838350476252e-01 1.465727806091308594e+00
-9.735262844822010209e-01 -9.304428100585937500e-01
-3.055329641355608583e-01 3.931765556335449219e-01
-7.037182781036699364e-01 -3.958220481872558594e-01
9.636587796365063685e-01 2.908061981201171875e+00
-4.325938592002387395e-02 9.128679633140563965e-01
-5.217269002674607137e-03 9.882478713989257812e-01
2.789450327974472010e-01 1.551311492919921875e+00
-2.628307877407649595e-01 4.777902960777282715e-01
-7.261994566288021424e-01 -4.403680562973022461e-01
6.442354663884910515e-01 2.275129318237304688e+00
-6.203041761944840804e-01 -2.305381298065185547e-01
2.263796509291204906e-02 1.043442606925964355e+00
-5.513659420505214737e-01 -9.393799304962158203e-02
-8.043110310119319095e-01 -5.951451063156127930e-01
7.243830348433666355e-01 2.433940649032592773e+00
9.458389780462606033e-01 2.872752428054809570e+00
9.216693161260003375e-01 2.824860572814941406e+00
8.131109984423579018e-01 2.609753608703613281e+00
5.480946653972775806e-01 2.084627628326416016e+00
-3.337096959427161558e-01 3.373448252677917480e-01
-8.377972200240064726e-01 -6.614974737167358398e-01
-1.855176571723853307e-01 6.309852600097656250e-01
-5.355317156581145266e-01 -6.256270408630371094e-02
-7.350247304840340501e-01 -4.578553438186645508e-01
-8.931456364263494763e-01 -7.711695432662963867e-01
4.511887284211575366e-01 1.892609953880310059e+00
-9.771450827499379432e-01 -9.376133680343627930e-01
5.411614970055524942e-01 2.070889472961425781e+00
-7.061067091992498934e-01 -4.005546569824218750e-01
-8.409558348264885019e-01 -6.677563190460205078e-01
-8.207939315227892330e-01 -6.278057098388671875e-01
3.440956147078289007e-01 1.680406332015991211e+00
-5.092655802943104604e-01 -1.051676273345947266e-02
-1.589210666398030991e-01 6.836860179901123047e-01
1.147375826478338467e-01 1.225936770439147949e+00
7.211023476575875168e-01 2.427439928054809570e+00
4.540885254226565415e-01 1.898355841636657715e+00
-4.593441895225707228e-01 8.840185403823852539e-02
-7.370344014177447889e-01 -4.618374109268188477e-01
-8.892513591576041154e-01 -7.634531259536743164e-01
-3.968027310381150308e-01 2.123268246650695801e-01
-4.757637015206435116e-01 5.586677789688110352e-02
-8.771886639904069582e-02 8.247721195220947266e-01
3.665626710953608924e-01 1.724924564361572266e+00
3.912508912777143966e-01 1.773843884468078613e+00
-4.329623068356667215e-01 1.406771540641784668e-01
-2.401460881997590224e-01 5.227397680282592773e-01
-6.376980765261939244e-01 -2.650038003921508789e-01
5.770910246130374066e-01 2.142083644866943359e+00
-8.863038471335193957e-01 -7.576127052307128906e-01
3.939944834499746751e-01 1.779280304908752441e+00
5.573907918822067487e-01 2.103047847747802734e+00
5.548151236975062961e-01 2.097944259643554688e+00
-4.811548713092901330e-01 4.518425464630126953e-02
-2.523737241348771310e-01 4.985108375549316406e-01
1.751992703927780504e-01 1.345740675926208496e+00
-4.543561951510659558e-01 9.828543663024902344e-02
-2.582944015642225644e-01 4.867790937423706055e-01
-6.058914396287207182e-01 -2.019795179367065430e-01
-8.028823248798522272e-02 8.394958376884460449e-01
-9.107753974917718320e-01 -8.061027526855468750e-01
5.995917691412360195e-01 2.186668395996093750e+00
-8.460871060267345367e-01 -6.779237985610961914e-01
3.767029766305207694e-02 1.073228955268859863e+00
-3.863798009096077735e-01 2.329797148704528809e-01
1.550858976627509378e-01 1.305886268615722656e+00
9.188666816668502602e-01 2.819307327270507812e+00
2.911404889120077222e-01 1.575476646423339844e+00
-9.292751284890181651e-01 -8.427597284317016602e-01
