5.306505076139305110e-01 2.003019809722900391e+00
4.973272397010946033e-01 1.939357280731201172e+00
8.074394794918668961e-01 2.531813621520996094e+00
-8.331551291159629002e-01 -6.024729013442993164e-01
1.043849398448131183e-01 1.188657641410827637e+00
1.689521379115377364e-01 1.312010526657104492e+00
9.238727570944580414e-01 2.754254341125488281e+00
-4.157049464149022988e-01 1.950480341911315918e-01
-5.183424401691063554e-01 -1.036584377288818359e-03
-7.994121154690043696e-01 -5.380083322525024414e-01
-9.671407408170515918e-01 -8.584467172622680664e-01
8.590586335843810595e-01 2.630429744720458984e+00
3.398330931818200895e-01 1.638471364974975586e+00
5.703058240462755002e-01 2.078779697418212891e+00
-4.365397884921018434e-01 1.552439332008361816e-01
1.728203323726533736e-01 1.319400548934936523e+00
-8.720894677580377508e-01 -6.768552064895629883e-01
-2.874480813075419583e-02 9.343189597129821777e-01
9.549902794888935897e-01 2.813703060150146484e+00
7.530104906331815950e-01 2.427829265594482422e+00
-3.236820963263087325e-01 3.708537817001342773e-01
9.231403090829970459e-01 2.752855062484741211e+00
-5.365967470575909726e-01 -3.591072559356689453e-02
8.986376448313628806e-01 2.706043720245361328e+00
8.827554094129972384e-01 2.675701618194580078e+00
5.984051747047833825e-01 2.132462501525878906e+00
2.608958737335822509e-01 1.487665176391601562e+00
7.485759332498940211e-01 2.419357299804687500e+00
-4.139594309844065734e-01 1.983827352523803711e-01
6.978871106258364154e-01 2.322518348693847656e+00
2.357533838350476252e-01 1.439631581306457520e+00
-9.735262844822010209e-01 -8.706459999084472656e-01
-3.055329641355608583e-01 4.055269360542297363e-01
-7.037182781036699364e-01 -3.551893234252929688e-01
9.636587796365063685e-01 2.830263853073120117e+00
-4.325938592002387395e-02 9.065894484519958496e-01
-5.217269002674607137e-03 9.792672991752624512e-01
2.789450327974472010e-01 1.522147417068481445e+00
-2.628307877407649595e-01 4.871075749397277832e-01
-7.261994566288021424e-01 -3.981385231018066406e-01
6.442354663884910515e-01 2.220019340515136719e+00
-6.203041761944840804e-01 -1.958301067352294922e-01
2.263796509291204906e-02 1.032483577728271484e+00
-5.513659420505214737e-01 -6.412661075592041016e-02
-8.043110310119319095e-01 -5.473674535751342773e-01
7.243830348433666355e-01 2.373137950897216797e+00
9.458389780462606033e-01 2.796219825744628906e+00
9.216693161260003375e-01 2.750044822692871094e+00
8.131109984423579018e-01 2.542648792266845703e+00
5.480946653972775806e-01 2.036346435546875000e+00
-3.337096959427161558e-01 3.516964912414550781e-01
-8.377972200240064726e-01 -6.113413572311401367e-01
-1.855176571723853307e-01 6.348110437393188477e-01
-5.355317156581145266e-01 -3.387594223022460938e-02
-7.350247304840340501e-01 -4.149988889694213867e-01
-8.931456364263494763e-01 -7.170821428298950195e-01
4.511887284211575366e-01 1.851211667060852051e+00
-9.771450827499379432e-01 -8.775595426559448242e-01
5.411614970055524942e-01 2.023100852966308594e+00
-7.061067091992498934e-01 -3.597522974014282227e-01
-8.409558348264885019e-01 -6.173758506774902344e-01
-8.207939315227892330e-01 -5.788573026657104492e-01
3.440956147078289007e-01 1.646614789962768555e+00
-5.092655802943104604e-01 1.630431413650512695e-02
-1.589210666398030991e-01 6.856226921081542969e-01
1.147375826478338467e-01 1.208436012268066406e+00
7.211023476575875168e-01 2.366870164871215820e+00
4.540885254226565415e-01 1.856751680374145508e+00
-4.593441895225707228e-01 1.116771101951599121e-01
-7.370344014177447889e-01 -4.188382625579833984e-01
-8.892513591576041154e-01 -7.096422910690307617e-01
-3.968027310381150308e-01 2.311599254608154297e-01
-4.757637015206435116e-01 8.030825853347778320e-02
-8.771886639904069582e-02 8.216515183448791504e-01
3.665626710953608924e-01 1.689537048339843750e+00
3.912508912777143966e-01 1.736702919006347656e+00
-4.329623068356667215e-01 1.620785593986511230e-01
-2.401460881997590224e-01 5.304457545280456543e-01
-6.376980765261939244e-01 -2.290604114532470703e-01
5.770910246130374066e-01 2.091742515563964844e+00
-8.863038471335193957e-01 -7.040112018585205078e-01
3.939944834499746751e-01 1.741944432258605957e+00
5.573907918822067487e-01 2.054106235504150391e+00
5.548151236975062961e-01 2.049185276031494141e+00
-4.811548713092901330e-01 7.000869512557983398e-02
-2.523737241348771310e-01 5.070853829383850098e-01
1.751992703927780504e-01 1.323945522308349609e+00
-4.543561951510659558e-01 1.212064623832702637e-01
-2.582944015642225644e-01 4.957741796970367432e-01
-6.058914396287207182e-01 -1.682952642440795898e-01
-8.028823248798522272e-02 8.358474373817443848e-01
-9.107753974917718320e-01 -7.507631778717041016e-01
5.995917691412360195e-01 2.134729385375976562e+00
-8.460871060267345367e-01 -6.271789073944091797e-01
3.767029766305207694e-02 1.061202168464660645e+00
-3.863798009096077735e-01 2.510724663734436035e-01
1.550858976627509378e-01 1.285519719123840332e+00
9.188666816668502602e-01 2.744690418243408203e+00
2.911404889120077222e-01 1.545446276664733887e+00
-9.292751284890181651e-01 -7.861061096191406250e-01
