5.306505076139305110e-01 1.940890789031982422e+00
4.973272397010946033e-01 1.880406141281127930e+00
8.074394794918668961e-01 2.443287849426269531e+00
-8.331551291159629002e-01 -5.345383882522583008e-01
1.043849398448131183e-01 1.167180776596069336e+00
1.689521379115377364e-01 1.284376025199890137e+00
9.238727570944580414e-01 2.654624462127685547e+00
-4.157049464149022988e-01 2.231711149215698242e-01
-5.183424401691063554e-01 3.687483072280883789e-02
-7.994121154690043696e-01 -4.732917547225952148e-01
-9.671407408170515918e-01 -7.777341604232788086e-01
8.590586335843810595e-01 2.536981105804443359e+00
3.398330931818200895e-01 1.594540119171142578e+00
5.703058240462755002e-01 2.012868881225585938e+00
-4.365397884921018434e-01 1.853539347648620605e-01
1.728203323726533736e-01 1.291397094726562500e+00
-8.720894677580377508e-01 -6.052075624465942383e-01
-2.874480813075419583e-02 9.255383610725402832e-01
9.549902794888935897e-01 2.711105346679687500e+00
7.530104906331815950e-01 2.344494342803955078e+00
-3.236820963263087325e-01 3.902007937431335449e-01
9.231403090829970459e-01 2.653295040130615234e+00
-5.365967470575909726e-01 3.741621971130371094e-03
8.986376448313628806e-01 2.608820438385009766e+00
8.827554094129972384e-01 2.579992771148681641e+00
5.984051747047833825e-01 2.063871860504150391e+00
2.608958737335822509e-01 1.451262116432189941e+00
7.485759332498940211e-01 2.336444854736328125e+00
-4.139594309844065734e-01 2.263393402099609375e-01
6.978871106258364154e-01 2.244440317153930664e+00
2.357533838350476252e-01 1.405626296997070312e+00
-9.735262844822010209e-01 -7.893245220184326172e-01
-3.055329641355608583e-01 4.231430888175964355e-01
-7.037182781036699364e-01 -2.995989322662353516e-01
9.636587796365063685e-01 2.726839542388916016e+00
-4.325938592002387395e-02 8.991931080818176270e-01
-5.217269002674607137e-03 9.682429432868957520e-01
2.789450327974472010e-01 1.484022855758666992e+00
-2.628307877407649595e-01 5.006513595581054688e-01
-7.261994566288021424e-01 -3.404042720794677734e-01
6.442354663884910515e-01 2.147057771682739258e+00
-6.203041761944840804e-01 -1.481947898864746094e-01
2.263796509291204906e-02 1.018802642822265625e+00
-5.513659420505214737e-01 -2.306580543518066406e-02
-8.043110310119319095e-01 -4.821836948394775391e-01
7.243830348433666355e-01 2.292532920837402344e+00
9.458389780462606033e-01 2.694495201110839844e+00
9.216693161260003375e-01 2.650624990463256836e+00
8.131109984423579018e-01 2.453581809997558594e+00
5.480946653972775806e-01 1.972553730010986328e+00
-3.337096959427161558e-01 3.719998002052307129e-01
-8.377972200240064726e-01 -5.429642200469970703e-01
-1.855176571723853307e-01 6.409816145896911621e-01
-5.355317156581145266e-01 5.674779415130615234e-03
-7.350247304840340501e-01 -3.564229011535644531e-01
-8.931456364263494763e-01 -6.434264183044433594e-01
4.511887284211575366e-01 1.796660661697387695e+00
-9.771450827499379432e-01 -7.958929538726806641e-01
5.411614970055524942e-01 1.959969282150268555e+00
-7.061067091992498934e-01 -3.039340972900390625e-01
-8.409558348264885019e-01 -5.486973524093627930e-01
-8.207939315227892330e-01 -5.121016502380371094e-01
3.440956147078289007e-01 1.602277040481567383e+00
-5.092655802943104604e-01 5.335015058517456055e-02
-1.589210666398030991e-01 6.892567873001098633e-01
1.147375826478338467e-01 1.185971736907958984e+00
7.211023476575875168e-01 2.286578178405761719e+00
4.540885254226565415e-01 1.801923990249633789e+00
-4.593441895225707228e-01 1.439619660377502441e-01
-7.370344014177447889e-01 -3.600705862045288086e-01
-8.892513591576041154e-01 -6.363580226898193359e-01
-3.968027310381150308e-01 2.574803233146667480e-01
-4.757637015206435116e-01 1.141590476036071777e-01
-8.771886639904069582e-02 8.184951543807983398e-01
3.665626710953608924e-01 1.643056869506835938e+00
3.912508912777143966e-01 1.687868118286132812e+00
-4.329623068356667215e-01 1.918474435806274414e-01
-2.401460881997590224e-01 5.418261289596557617e-01
-6.376980765261939244e-01 -1.797662973403930664e-01
5.770910246130374066e-01 2.025184631347656250e+00
-8.863038471335193957e-01 -6.310080289840698242e-01
3.939944834499746751e-01 1.692847967147827148e+00
5.573907918822067487e-01 1.989426970481872559e+00
5.548151236975062961e-01 1.984751820564270020e+00
-4.811548713092901330e-01 1.043736338615417480e-01
-2.523737241348771310e-01 5.196318626403808594e-01
1.751992703927780504e-01 1.295715093612670898e+00
-4.543561951510659558e-01 1.530156135559082031e-01
-2.582944015642225644e-01 5.088852643966674805e-01
-6.058914396287207182e-01 -1.220344305038452148e-01
-8.028823248798522272e-02 8.319824337959289551e-01
-9.107753974917718320e-01 -6.754261255264282227e-01
5.995917691412360195e-01 2.066025495529174805e+00
-8.460871060267345367e-01 -5.580110549926757812e-01
3.767029766305207694e-02 1.046087741851806641e+00
-3.863798009096077735e-01 2.763988375663757324e-01
1.550858976627509378e-01 1.259207487106323242e+00
9.188666816668502602e-01 2.645537853240966797e+00
2.911404889120077222e-01 1.506158828735351562e+00
-9.292751284890181651e-01 -7.090047597885131836e-01
