-4.245472636458380578e-02 9.151461720466613770e-01
-5.121183622662170976e-01 -2.273553609848022461e-02
4.443015314002081162e-01 1.887160539627075195e+00
-7.744234703380254992e-01 -5.465385317802429199e-01
9.809066187229704692e-01 2.958719253540039062e+00
6.907470742144077303e-01 2.379293203353881836e+00
6.901788001158415398e-02 1.137748241424560547e+00
-1.508940878839810651e-01 6.986011862754821777e-01
-4.270707350802647184e-01 1.470978856086730957e-01
3.182941881535006345e-03 1.006281018257141113e+00
7.588349240483360791e-01 2.515259265899658203e+00
-4.499871985986327871e-01 1.013355255126953125e-01
1.074917606271874604e-03 1.002071499824523926e+00
-5.309001958659382847e-01 -6.024140119552612305e-02
-3.257017726700970339e-01 3.495238423347473145e-01
-6.194789821533350782e-01 -2.371264100074768066e-01
9.810783878423756654e-01 2.959062337875366211e+00
1.429948929249111877e-01 1.285474658012390137e+00
4.656302480733909288e-01 1.929752349853515625e+00
-8.035001730959265842e-01 -6.046023964881896973e-01
-2.677648998513684209e-01 4.652192592620849609e-01
7.852796060946429790e-01 2.568067312240600586e+00
-8.311233471521042304e-01 -6.597637534141540527e-01
-6.690335433207736937e-01 -3.360829949378967285e-01
2.508352207023372138e-01 1.500823378562927246e+00
2.455779882084503374e-01 1.490325093269348145e+00
6.764540889078591857e-01 2.350751161575317383e+00
8.709855277428428799e-01 2.739215373992919922e+00
-7.160270491494724610e-01 -4.299253821372985840e-01
-4.812523629460010444e-01 3.890138864517211914e-02
-1.450771886134882838e-01 7.102171182632446289e-01
-9.981934289575007391e-01 -9.933897852897644043e-01
-8.603713940806101412e-01 -7.181698679924011230e-01
-5.470174441179567193e-01 -9.242635965347290039e-02
-3.779607196837653227e-02 9.244491457939147949e-01
-4.969545236627743723e-01 7.545411586761474609e-03
7.533637844460960853e-01 2.504333972930908203e+00
-3.514542489159777627e-01 2.980981469154357910e-01
8.492456242852572945e-01 2.695802450180053711e+00
9.495745214694200076e-01 2.896151542663574219e+00
-1.002769321848424600e-01 7.996797561645507812e-01
-5.457423662013527466e-01 -8.988016843795776367e-02
-4.166677331539934137e-01 1.678718924522399902e-01
5.526673633188923240e-01 2.103558778762817383e+00
-4.533005844148179087e-01 9.471893310546875000e-02
-2.388342641594307647e-01 5.229915380477905273e-01
-4.284828303630039414e-02 9.143602848052978516e-01
1.502222329399682810e-01 1.299907088279724121e+00
9.922008806024762428e-01 2.981272935867309570e+00
-5.355804896728153519e-01 -6.958764791488647461e-02
-2.931525935036622954e-01 4.145219922065734863e-01
-4.742176459789779752e-01 5.294919013977050781e-02
-2.777731267125793657e-01 4.452336430549621582e-01
-7.983909662107588900e-01 -5.943997502326965332e-01
-2.803804655179056304e-01 4.400269985198974609e-01
7.757300629287768867e-01 2.548997640609741211e+00
-4.028203043071019174e-01 1.955240964889526367e-01
-2.561304403018622722e-01 4.884524345397949219e-01
8.889483288758692758e-01 2.775085687637329102e+00
4.567579926537363999e-01 1.912035226821899414e+00
3.347742963609667832e-02 1.066776752471923828e+00
5.543854568068811162e-01 2.106989622116088867e+00
-7.536407022909921150e-01 -5.050370097160339355e-01
-7.101929355831537727e-02 8.581049442291259766e-01
-7.635277425282673835e-01 -5.247805714607238770e-01
-5.327637099608399929e-01 -6.396275758743286133e-02
-7.162654805194828000e-01 -4.304015040397644043e-01
-2.763975216617213793e-01 4.479805827140808105e-01
-2.367213592081482965e-01 5.272108316421508789e-01
8.946171636664816962e-01 2.786405801773071289e+00
-4.717485376249415108e-01 5.787980556488037109e-02
-5.514230936696629115e-02 8.898100852966308594e-01
6.227588079269734678e-01 2.243525981903076172e+00
6.312351728733234246e-01 2.260452508926391602e+00
5.006863740700404630e-01 1.999756693840026855e+00
-4.243324757198541075e-01 1.525660157203674316e-01
-1.005676117728593333e-02 9.798423647880554199e-01
-6.275768096265534890e-01 -2.532971501350402832e-01
-6.232009544343914964e-01 -2.445588707923889160e-01
-1.283175737233781533e-01 7.436847686767578125e-01
4.771844424858822098e-01 1.952825188636779785e+00
5.316851999567573372e-02 1.106098413467407227e+00
7.733664416949046494e-01 2.544277667999267578e+00
6.618175955551517387e-01 2.321523189544677734e+00
-9.367891143591888792e-01 -8.707700371742248535e-01
1.368380857324320576e-01 1.273180007934570312e+00
2.183225287112862123e-01 1.435898065567016602e+00
9.231502886001630159e-01 2.843384265899658203e+00
-9.535267465822765409e-01 -9.041938185691833496e-01
6.220754193725785974e-02 1.124148607254028320e+00
-5.904372761282952187e-01 -1.791324019432067871e-01
-8.926741874168218072e-01 -7.826760411262512207e-01
1.749770494634466100e-01 1.349340558052062988e+00
5.452082872656049961e-01 2.088663578033447266e+00
5.497308984503757046e-01 2.097694873809814453e+00
-9.394231796881864494e-01 -8.760301470756530762e-01
-1.861071994568213039e-01 6.282833814620971680e-01
-9.109807457027589983e-01 -8.192327618598937988e-01
-5.043227060184605204e-01 -7.168233394622802734e-03
-6.142385944841033396e-01 -2.266618609428405762e-01
