3.293311730688772698e-01 1.618952155113220215e+00
-1.538911196677577031e-01 7.071170806884765625e-01
-6.020181201490319989e-01 -1.384935379028320312e-01
-2.650493554961455001e-01 4.973627328872680664e-01
4.137436188402441317e-01 1.778237462043762207e+00
2.990684483505936520e-01 1.561846733093261719e+00
8.559523331967158200e-01 2.612680435180664062e+00
7.337218273187497974e-01 2.382032871246337891e+00
6.323015045327367023e-01 2.190653800964355469e+00
8.229017507015246036e-01 2.550314188003540039e+00
-4.473256945259012074e-01 1.534093618392944336e-01
-2.609529197207010043e-01 5.050927400588989258e-01
-2.402121924279652099e-01 5.442302227020263672e-01
1.209011774195605238e-01 1.225647091865539551e+00
3.364364590855419834e-01 1.632359743118286133e+00
-4.265666339192113465e-01 1.925814747810363770e-01
-9.610750653813993072e-01 -8.160299062728881836e-01
-2.015552326841814068e-01 6.171754598617553711e-01
-3.829440808911990235e-01 2.748967409133911133e-01
8.843694380360958007e-01 2.666303157806396484e+00
7.765300810880870763e-01 2.462811470031738281e+00
7.206213566868391318e-01 2.357312202453613281e+00
3.059995218904860703e-01 1.574925661087036133e+00
-3.114216706021222247e-01 4.098587632179260254e-01
9.769853479860945988e-02 1.181864023208618164e+00
6.304500814327453906e-01 2.187160015106201172e+00
-8.027792625543779259e-01 -5.173275470733642578e-01
6.021497605106094220e-01 2.133757829666137695e+00
-9.176404173437566758e-01 -7.340691089630126953e-01
6.328420624287114382e-01 2.191673755645751953e+00
6.151276083197469990e-01 2.158246994018554688e+00
-8.979853823424883696e-01 -6.969804763793945312e-01
2.543214229237165114e-01 1.477409601211547852e+00
4.906148625794415352e-03 1.006765723228454590e+00
-6.603609936565706384e-01 -2.485858201980590820e-01
-7.032421246452487118e-01 -3.295021057128906250e-01
5.465182521340463673e-01 2.028781890869140625e+00
1.353854976736881266e-01 1.252978801727294922e+00
9.659982698330649153e-01 2.820335865020751953e+00
9.644955545766882299e-01 2.817500114440917969e+00
9.853339869285326902e-01 2.856822013854980469e+00
-7.627689632684682142e-01 -4.418286085128784180e-01
8.765122739279245234e-01 2.651476860046386719e+00
-5.108607819588744103e-01 3.351932764053344727e-02
-8.357548048277596564e-02 8.398019075393676758e-01
5.148131116434517818e-01 1.968954563140869141e+00
-5.927581358455360494e-01 -1.210199594497680664e-01
1.326232111086598220e-01 1.247766494750976562e+00
-6.283665035480086036e-01 -1.882126331329345703e-01
-7.905277866374134099e-01 -4.942090511322021484e-01
-7.668827751408029414e-01 -4.495912790298461914e-01
-2.847219303035624094e-01 4.602408409118652344e-01
-9.906903263256330305e-01 -8.719136714935302734e-01
-1.502921575966209566e-01 7.139083147048950195e-01
3.283942101622980836e-01 1.617184162139892578e+00
-1.966236299920225417e-01 6.264813542366027832e-01
-8.284107989603297639e-01 -5.656939744949340820e-01
-8.746222759527189083e-01 -6.528944969177246094e-01
-4.437669744702765762e-01 1.601245999336242676e-01
-6.613746189127984731e-01 -2.504985332489013672e-01
9.301899464359388858e-01 2.752765893936157227e+00
-6.975395500518299929e-01 -3.187414407730102539e-01
6.109248748099931348e-01 2.150316238403320312e+00
1.722158834822895557e-01 1.322477340698242188e+00
1.385738399685887412e-01 1.258995175361633301e+00
2.416143184756913698e-02 1.043100237846374512e+00
9.435261522279021484e-01 2.777931213378906250e+00
-2.723104498167243648e-01 4.836611747741699219e-01
5.758315019077524521e-01 2.084095478057861328e+00
1.105882149339192377e-01 1.206186652183532715e+00
-2.087326647485476805e-01 6.036317348480224609e-01
9.109318666115617802e-01 2.716426134109497070e+00
1.966319387293742338e-01 1.368550181388854980e+00
-7.621661157079728799e-01 -4.406909942626953125e-01
-1.649215980062868070e-01 6.863027215003967285e-01
5.631634553632152151e-01 2.060191154479980469e+00
3.874940464784275562e-01 1.728704929351806641e+00
8.326806596731484156e-01 2.568767070770263672e+00
-4.812452317169595428e-01 8.940362930297851562e-02
5.163874327076476423e-01 1.971925139427185059e+00
-8.024958521095815200e-02 8.460778594017028809e-01
1.472194939336308739e-01 1.275309443473815918e+00
9.100933620125659651e-01 2.714843750000000000e+00
9.585726399783547347e-01 2.806323528289794922e+00
7.231819278511271154e-01 2.362143993377685547e+00
-2.818058245394075012e-01 4.657435417175292969e-01
7.754016714546396738e-01 2.460682153701782227e+00
2.772183552828260122e-01 1.520615816116333008e+00
-1.400064390585737950e-01 7.333173751831054688e-01
-9.285146349990325287e-01 -7.545888423919677734e-01
5.402562483831643281e-01 2.016965389251708984e+00
4.211161448226086179e-03 1.005454301834106445e+00
5.723769989301215055e-01 2.077577114105224609e+00
4.960455986865397460e-01 1.933540344238281250e+00
5.871347360967038576e-01 2.105424404144287109e+00
-3.986976826064663193e-01 2.451698780059814453e-01
6.015971981352619125e-01 2.132715225219726562e+00
9.769265693233464276e-02 1.181852817535400391e+00
-5.334759910171360531e-02 8.968415856361389160e-01
3.502518276415138576e-01 1.658429145812988281e+00
