-9.216244154913586506e-01 1.595544219017028809e-01
-4.343860748471808364e-01 3.455755114555358887e-01
-7.596068775736621870e-01 2.214105427265167236e-01
-4.077196049557101354e-01 3.557564318180084229e-01
-7.625445620915118905e-01 2.202889919281005859e-01
-3.640336412120479537e-01 3.724351525306701660e-01
-1.714740109706600624e-01 4.459518492221832275e-01
-8.717050073024312784e-01 1.786129772663116455e-01
3.849442387400396903e-01 6.583849191665649414e-01
1.332029084131503005e-01 5.622734427452087402e-01
-4.692210181211091680e-01 3.322759866714477539e-01
4.649610693339933931e-02 5.291699171066284180e-01
-8.121189784831166492e-01 2.013621330261230469e-01
1.518929911123585441e-01 5.694090723991394043e-01
8.585923951524281339e-01 8.392174839973449707e-01
-3.628620950973526771e-01 3.728824257850646973e-01
3.348207599273633761e-01 6.392484307289123535e-01
-7.364042751912156515e-01 2.302689850330352783e-01
4.326544082371310829e-01 6.766000390052795410e-01
-4.211878141055978020e-01 3.506144285202026367e-01
-6.336172759857663372e-01 2.695116996765136719e-01
1.730258696201663060e-01 5.774773359298706055e-01
-9.597849076250128952e-01 1.449852585792541504e-01
6.578800584347261893e-01 7.625881433486938477e-01
-9.906090476149058688e-01 1.332170069217681885e-01
3.556330735924602138e-01 6.471943259239196777e-01
-4.599840536156702964e-01 3.358025550842285156e-01
4.703880442451897625e-01 6.910062432289123535e-01
9.243770902348764640e-01 8.643331527709960938e-01
-5.024937129600839381e-01 3.195729255676269531e-01
1.523146688356737943e-01 5.695700645446777344e-01
1.840838625436780340e-01 5.816991329193115234e-01
1.445038115817467439e-01 5.665879845619201660e-01
-5.538367347187633793e-01 2.999708652496337891e-01
9.054980230339699787e-01 8.571254014968872070e-01
-1.057492427647452882e-01 4.710446894168853760e-01
6.928173449422556640e-01 7.759267687797546387e-01
3.989585506350086241e-01 6.637353897094726562e-01
-4.051260982897326723e-01 3.567466139793395996e-01
6.275956394049544418e-01 7.510260343551635742e-01
-2.069885183060307110e-01 4.323928952217102051e-01
7.622063942223231692e-01 8.024185895919799805e-01
1.625457452717173901e-01 5.734761357307434082e-01
7.634707237097055899e-01 8.029012680053710938e-01
3.850631801555317590e-01 6.584303379058837891e-01
4.505085596392810476e-01 6.834164857864379883e-01
2.648763853404512147e-03 5.124295949935913086e-01
9.121672694464477704e-01 8.596716523170471191e-01
2.879803984592748112e-01 6.213654279708862305e-01
-1.522899028836406377e-01 4.532760977745056152e-01
2.127864282558487030e-01 5.926573872566223145e-01
-9.616136033813329487e-01 1.442870795726776123e-01
-3.968503666509013428e-01 3.599061369895935059e-01
3.203470749853700728e-01 6.337226033210754395e-01
-4.198447855791118677e-01 3.511272072792053223e-01
2.360308579976830856e-01 6.015318036079406738e-01
-1.424625981084677306e-01 4.570280313491821289e-01
-7.290518715550995399e-01 2.330760359764099121e-01
-4.034353480879384612e-01 3.573921024799346924e-01
1.399298214025297415e-01 5.648416876792907715e-01
1.817455224963464566e-01 5.808063745498657227e-01
1.486504976991576132e-01 5.681711435317993164e-01
3.064016397142672599e-01 6.283984184265136719e-01
3.042065400033777678e-01 6.275603771209716797e-01
-1.371631291320520862e-01 4.590512812137603760e-01
7.930931917021259991e-01 8.142107725143432617e-01
-2.648762599042069343e-01 4.102921187877655029e-01
-1.282701494687463750e-01 4.624465107917785645e-01
7.838467100313442071e-01 8.106805682182312012e-01
6.123879780921714922e-01 7.452198863029479980e-01
4.077771670807326387e-01 6.671022176742553711e-01
-7.995462253753977677e-01 2.061622440814971924e-01
8.389652274893470985e-01 8.317240476608276367e-01
4.284825990982228383e-01 6.750072836875915527e-01
9.976940131357330266e-01 8.923246264457702637e-01
-7.011033906840125063e-01 2.437463998794555664e-01
7.362521147364284868e-01 7.925095558166503906e-01
-6.750141306472503544e-01 2.537069320678710938e-01
2.311191285676883478e-01 5.996565222740173340e-01
-7.523600343011169755e-01 2.241773009300231934e-01
6.960164586444688162e-01 7.771481275558471680e-01
6.146379174500213871e-01 7.460789084434509277e-01
1.382014772291866311e-01 5.641818046569824219e-01
-1.856334055480006739e-01 4.405459761619567871e-01
-8.616660090897239055e-01 1.824457347393035889e-01
3.948575462891272814e-01 6.621696949005126953e-01
-9.291463464386229276e-02 4.759447574615478516e-01
4.441111989406958394e-01 6.809740662574768066e-01
7.327646518572583645e-01 7.911781072616577148e-01
9.510430100057716274e-01 8.745138645172119141e-01
7.116066847852220434e-01 7.831002473831176758e-01
-9.765718316299960566e-01 1.385762095451354980e-01
-2.800438710432722189e-01 4.045013189315795898e-01
4.599811248481160408e-01 6.870329976081848145e-01
-6.567406454771189672e-01 2.606835067272186279e-01
4.207321240825856457e-02 5.274813175201416016e-01
-8.913240233214927422e-01 1.711226999759674072e-01
-6.000069502071998517e-01 2.823436856269836426e-01
-9.629564110787720566e-01 1.437744200229644775e-01
5.873954067148412506e-01 7.356780767440795898e-01
