-6.506832292099884452e-01 1.243300437927246094e-01
-3.440239981838406624e-01 5.263419747352600098e-01
3.606973320300030927e-01 1.450189590454101562e+00
-8.735847633227387110e-01 -1.678805947303771973e-01
2.144987480230819976e-01 1.258532047271728516e+00
-4.470699424716784165e-02 9.187287092208862305e-01
-4.320000464757978165e-01 4.110106229782104492e-01
-5.231734381518839960e-01 2.914877533912658691e-01
2.902548659751347238e-02 1.015387654304504395e+00
-2.641448389259173357e-01 6.310588121414184570e-01
-8.696021747468929419e-02 8.633372783660888672e-01
-3.250452364715201714e-01 5.512220263481140137e-01
9.409873871919551824e-01 2.210915327072143555e+00
-7.331211365087919596e-01 1.625883579254150391e-02
-8.063920936432515951e-01 -7.979494333267211914e-02
-3.132165424181678759e-01 5.667287111282348633e-01
1.820538017409825127e-01 1.215998649597167969e+00
3.183529437000565121e-01 1.394678592681884766e+00
-2.054865056639159082e-01 7.079563736915588379e-01
9.985559878443421855e-01 2.286384344100952148e+00
-2.962140076139148093e-01 5.890179872512817383e-01
4.428133359199049046e-01 1.557838916778564453e+00
2.751653890615857190e-01 1.338062286376953125e+00
6.261077264949213017e-01 1.798126935958862305e+00
9.524513269076400057e-01 2.225943803787231445e+00
7.795873128910804084e-01 1.999329566955566406e+00
5.291239487154171250e-01 1.670986890792846680e+00
3.964969556365811609e-01 1.497120857238769531e+00
-3.290036606482007464e-01 5.460327863693237305e-01
-7.046288435865852851e-01 5.361056327819824219e-02
-8.747279938803804722e-01 -1.693792939186096191e-01
-5.161965915970303520e-01 3.006339669227600098e-01
-1.354370376374027796e-01 7.997870445251464844e-01
4.399254725996493143e-02 1.035008549690246582e+00
5.461671081097432268e-01 1.693329572677612305e+00
9.174818461131859504e-01 2.180100917816162109e+00
-7.653590392303779577e-01 -2.600318193435668945e-02
-7.859917196124168726e-01 -5.305141210556030273e-02
1.793894460271014957e-01 1.212505817413330078e+00
4.907961478945859213e-01 1.620741367340087891e+00
6.963007606939697336e-01 1.890145778656005859e+00
8.716641604335770843e-01 2.120036602020263672e+00
9.668524845212840280e-01 2.244822978973388672e+00
-2.003966155509482316e-01 7.146289348602294922e-01
-2.393296329448537652e-01 6.635900735855102539e-01
-7.043826466054552426e-01 5.393326282501220703e-02
3.698688773671188201e-01 1.462213039398193359e+00
3.135239168816741362e-01 1.388348102569580078e+00
7.241251917024145168e-01 1.926621913909912109e+00
-8.054840104247187327e-01 -7.860451936721801758e-02
-4.446184349316428808e-03 9.715082645416259766e-01
1.621638593441261378e-01 1.189924120903015137e+00
-5.168859199201631949e-01 2.997303009033203125e-01
-6.619491877416774361e-01 1.095609664916992188e-01
7.191616728392429270e-01 1.920114994049072266e+00
-8.829301555288824321e-01 -1.801318526268005371e-01
-5.875819216385425037e-02 9.003084897994995117e-01
-7.683319973982294382e-01 -2.990049123764038086e-02
-8.588247733726528388e-02 8.647501468658447266e-01
9.599246526846185734e-01 2.235740900039672852e+00
-1.525872930890543877e-01 7.773041129112243652e-01
7.142498350091346371e-01 1.913675904273986816e+00
-7.653688716336122244e-01 -2.601605653762817383e-02
-4.574958464762717281e-01 3.775871992111206055e-01
-1.924145186653309914e-01 7.250930070877075195e-01
-2.003757199813385181e-01 7.146563529968261719e-01
3.427669573403062664e-01 1.426684021949768066e+00
-3.105637452489846684e-01 5.702064037322998047e-01
4.275337368200327059e-01 1.537808179855346680e+00
2.783737984507850260e-01 1.342268466949462891e+00
-2.016777094904538270e-01 7.129495143890380859e-01
-1.364797446913614820e-01 7.984201312065124512e-01
2.290553996206414755e-01 1.277614951133728027e+00
-8.599156197107107324e-01 -1.499611735343933105e-01
6.448134767113806731e-01 1.822649002075195312e+00
3.068423222272738116e-01 1.379588961601257324e+00
4.526849288356704637e-01 1.570779919624328613e+00
7.384600216478087731e-02 1.074144601821899414e+00
-7.790457780165105373e-01 -4.394561052322387695e-02
-1.899287734061001487e-01 7.283516526222229004e-01
-1.892528343028878623e-01 7.292377352714538574e-01
-3.579140199135661948e-01 5.081329941749572754e-01
-9.400993501905012817e-01 -2.550773024559020996e-01
4.745084851929546321e-01 1.599389314651489258e+00
-7.804310838749985990e-01 -4.576164484024047852e-02
2.126162660901702584e-01 1.256064176559448242e+00
4.064349929344315271e-01 1.510149002075195312e+00
2.695726458673894932e-01 1.330730676651000977e+00
9.182845039559499600e-01 2.181153059005737305e+00
-7.934036898297227580e-01 -6.276804208755493164e-02
7.343343182103982958e-01 1.940005421638488770e+00
-9.416195303021734908e-01 -2.570701241493225098e-01
6.983370985416792465e-02 1.068884730339050293e+00
-1.915127641214824372e-01 7.262750864028930664e-01
4.836772078751638837e-02 1.040744185447692871e+00
-2.698002458799804160e-01 6.236449480056762695e-01
-6.188661701198638898e-01 1.660403013229370117e-01
-9.617542051026204408e-01 -2.834654450416564941e-01
3.629962758234861475e-02 1.024923563003540039e+00
6.855537253696846189e-01 1.876057028770446777e+00
