5.306505076139305110e-01 1.313763141632080078e+00
4.973272397010946033e-01 1.283110737800598145e+00
8.074394794918668961e-01 1.568367958068847656e+00
-8.331551291159629002e-01 5.926471948623657227e-02
1.043849398448131183e-01 9.216622114181518555e-01
1.689521379115377364e-01 9.810544252395629883e-01
9.238727570944580414e-01 1.675469160079956055e+00
-4.157049464149022988e-01 4.432568550109863281e-01
-5.183424401691063554e-01 3.488456010818481445e-01
-7.994121154690043696e-01 9.030324220657348633e-02
-9.671407408170515918e-01 -6.398212909698486328e-02
8.590586335843810595e-01 1.615849852561950684e+00
3.398330931818200895e-01 1.138239502906799316e+00
5.703058240462755002e-01 1.350240230560302734e+00
-4.365397884921018434e-01 4.240918755531311035e-01
1.728203323726533736e-01 9.846125841140747070e-01
-8.720894677580377508e-01 2.345091104507446289e-02
-2.874480813075419583e-02 7.992026209831237793e-01
9.549902794888935897e-01 1.704092741012573242e+00
7.530104906331815950e-01 1.518301367759704590e+00
-3.236820963263087325e-01 5.279041528701782227e-01
9.231403090829970459e-01 1.674795389175415039e+00
-5.365967470575909726e-01 3.320543169975280762e-01
8.986376448313628806e-01 1.652256727218627930e+00
8.827554094129972384e-01 1.637647390365600586e+00
5.984051747047833825e-01 1.376087427139282227e+00
2.608958737335822509e-01 1.065629005432128906e+00
7.485759332498940211e-01 1.514222145080566406e+00
-4.139594309844065734e-01 4.448624551296234131e-01
6.978871106258364154e-01 1.467596054077148438e+00
2.357533838350476252e-01 1.042501688003540039e+00
-9.735262844822010209e-01 -6.985586881637573242e-02
-3.055329641355608583e-01 5.445986986160278320e-01
-7.037182781036699364e-01 1.783273816108703613e-01
9.636587796365063685e-01 1.712066411972045898e+00
-4.325938592002387395e-02 7.858514189720153809e-01
-5.217269002674607137e-03 8.208444714546203613e-01
2.789450327974472010e-01 1.082231521606445312e+00
-2.628307877407649595e-01 5.838783383369445801e-01
-7.261994566288021424e-01 1.576480269432067871e-01
6.442354663884910515e-01 1.418244481086730957e+00
-6.203041761944840804e-01 2.550559639930725098e-01
2.263796509291204906e-02 8.464671373367309570e-01
-5.513659420505214737e-01 3.184688687324523926e-01
-8.043110310119319095e-01 8.579701185226440430e-02
7.243830348433666355e-01 1.491968393325805664e+00
9.458389780462606033e-01 1.695674896240234375e+00
9.216693161260003375e-01 1.673442363739013672e+00
8.131109984423579018e-01 1.573584794998168945e+00
5.480946653972775806e-01 1.329809188842773438e+00
-3.337096959427161558e-01 5.186802744865417480e-01
-8.377972200240064726e-01 5.499470233917236328e-02
-1.855176571723853307e-01 6.549949645996093750e-01
-5.355317156581145266e-01 3.330340385437011719e-01
-7.350247304840340501e-01 1.495300531387329102e-01
-8.931456364263494763e-01 4.082381725311279297e-03
4.511887284211575366e-01 1.240670204162597656e+00
-9.771450827499379432e-01 -7.318460941314697266e-02
5.411614970055524942e-01 1.323431730270385742e+00
-7.061067091992498934e-01 1.761303544044494629e-01
-8.409558348264885019e-01 5.208921432495117188e-02
-8.207939315227892330e-01 7.063519954681396484e-02
3.440956147078289007e-01 1.142160415649414062e+00
-5.092655802943104604e-01 3.571949303150177002e-01
-1.589210666398030991e-01 6.794598102569580078e-01
1.147375826478338467e-01 9.311851263046264648e-01
7.211023476575875168e-01 1.488950610160827637e+00
4.540885254226565415e-01 1.243337631225585938e+00
-4.593441895225707228e-01 4.031152427196502686e-01
-7.370344014177447889e-01 1.476815342903137207e-01
-8.892513591576041154e-01 7.664561271667480469e-03
-3.968027310381150308e-01 4.606440663337707520e-01
-4.757637015206435116e-01 3.880116939544677734e-01
-8.771886639904069582e-02 7.449553012847900391e-01
3.665626710953608924e-01 1.162826776504516602e+00
3.912508912777143966e-01 1.185536265373229980e+00
-4.329623068356667215e-01 4.273826479911804199e-01
-2.401460881997590224e-01 6.047449111938476562e-01
-6.376980765261939244e-01 2.390561699867248535e-01
5.770910246130374066e-01 1.356481552124023438e+00
-8.863038471335193957e-01 1.037579774856567383e-02
3.939944834499746751e-01 1.188059926033020020e+00
5.573907918822067487e-01 1.338360309600830078e+00
5.548151236975062961e-01 1.335991024971008301e+00
-4.811548713092901330e-01 3.830526471138000488e-01
-2.523737241348771310e-01 5.934972763061523438e-01
1.751992703927780504e-01 9.868009090423583984e-01
-4.543561951510659558e-01 4.077034294605255127e-01
-2.582944015642225644e-01 5.880511403083801270e-01
-6.058914396287207182e-01 2.683135271072387695e-01
-8.028823248798522272e-02 7.517903447151184082e-01
-9.107753974917718320e-01 -1.213443279266357422e-02
5.995917691412360195e-01 1.377178907394409180e+00
-8.460871060267345367e-01 4.736924171447753906e-02
3.767029766305207694e-02 8.602946996688842773e-01
-3.863798009096077735e-01 4.702315926551818848e-01
1.550858976627509378e-01 9.682995676994323730e-01
9.188666816668502602e-01 1.670864343643188477e+00
2.911404889120077222e-01 1.093449592590332031e+00
-9.292751284890181651e-01 -2.915143966674804688e-02
