1.486504976991576132e-01 7.910974025726318359e-01
3.064016397142672599e-01 9.040986299514770508e-01
3.042065400033777678e-01 9.025262594223022461e-01
-1.371631291320520862e-01 5.863616466522216797e-01
7.930931917021259991e-01 1.252728462219238281e+00
-2.648762599042069343e-01 4.948774576187133789e-01
-1.282701494687463750e-01 5.927319526672363281e-01
7.838467100313442071e-01 1.246104955673217773e+00
6.123879780921714922e-01 1.123284578323364258e+00
4.077771670807326387e-01 9.767165780067443848e-01
-7.995462253753977677e-01 1.118794083595275879e-01
8.389652274893470985e-01 1.285587787628173828e+00
4.284825990982228383e-01 9.915484189987182617e-01
9.976940131357330266e-01 1.399289369583129883e+00
-7.011033906840125063e-01 1.823965907096862793e-01
7.362521147364284868e-01 1.212011814117431641e+00
-6.750141306472503544e-01 2.010850310325622559e-01
2.311191285676883478e-01 8.501718044281005859e-01
-7.523600343011169755e-01 1.456801295280456543e-01
6.960164586444688162e-01 1.183189868927001953e+00
6.146379174500213871e-01 1.124896287918090820e+00
1.382014772291866311e-01 7.836124897003173828e-01
-1.856334055480006739e-01 5.516411662101745605e-01
-8.616660090897239055e-01 6.738144159317016602e-02
3.948575462891272814e-01 9.674619436264038086e-01
-9.291463464386229276e-02 6.180580258369445801e-01
4.441111989406958394e-01 1.002743601799011230e+00
7.327646518572583645e-01 1.209513545036315918e+00
9.510430100057716274e-01 1.365872025489807129e+00
7.116066847852220434e-01 1.194357633590698242e+00
-9.765718316299960566e-01 -1.492863893508911133e-02
-2.800438710432722189e-01 4.840124845504760742e-01
4.599811248481160408e-01 1.014111638069152832e+00
-6.567406454771189672e-01 2.141747772693634033e-01
4.207321240825856457e-02 7.147533297538757324e-01
-8.913240233214927422e-01 4.613661766052246094e-02
-6.000069502071998517e-01 2.548146247863769531e-01
-9.629564110787720566e-01 -5.175530910491943359e-03
5.873954067148412506e-01 1.105381846427917480e+00
-5.521506238792397436e-01 2.890953719615936279e-01
-3.092966386061946071e-01 4.630579650402069092e-01
8.561625869311817461e-01 1.297906756401062012e+00
4.088288038470655472e-01 9.774699211120605469e-01
-9.363221409373843063e-01 1.390331983566284180e-02
-6.706116870041745059e-01 2.042386233806610107e-01
2.429568029995270440e-01 8.586514592170715332e-01
1.544571772083351835e-01 7.952569127082824707e-01
-5.242143572509827543e-01 3.091067969799041748e-01
8.684279958495875196e-01 1.306692719459533691e+00
2.279319119317919640e-01 8.478887677192687988e-01
7.126560604991660774e-02 7.356646060943603516e-01
1.798199527091419725e-01 8.134248852729797363e-01
4.602440590335392656e-01 1.014299988746643066e+00
-3.761100090407962782e-01 4.151978194713592529e-01
-2.035578755678162377e-01 5.388013720512390137e-01
-5.803125020497557074e-01 2.689222693443298340e-01
-6.276139882393276803e-01 2.350389957427978516e-01
8.887447799678671601e-01 1.321246147155761719e+00
4.791015900985751141e-01 1.027808189392089844e+00
-1.908238276486584617e-02 6.709460020065307617e-01
-5.451707440533535287e-01 2.940952181816101074e-01
-4.912870364592141215e-01 3.326935172080993652e-01
-8.839416793522487659e-01 5.142480134963989258e-02
-1.311667488837584550e-01 5.906570553779602051e-01
-3.764082360117948500e-01 4.149841666221618652e-01
3.926869776309189763e-01 9.659070968627929688e-01
-2.444963214150381869e-01 5.094761252403259277e-01
-6.407926448807303998e-01 2.255987524986267090e-01
-9.506425432173375434e-01 3.645241260528564453e-03
-8.655007370735028349e-01 6.463450193405151367e-02
3.587855469971346078e-01 9.416226148605346680e-01
-9.260631088790938215e-02 6.182788610458374023e-01
7.315842221744439655e-02 7.370204925537109375e-01
7.933425860806841978e-01 1.252907037734985352e+00
9.806778947934087221e-01 1.387100219726562500e+00
-5.662060312030521292e-01 2.790270745754241943e-01
3.261564062002015874e-01 9.182494878768920898e-01
-4.733552465256987141e-01 3.455385267734527588e-01
-9.586980010685426379e-01 -2.125084400177001953e-03
5.167573076722828951e-01 1.054781913757324219e+00
-3.599656983550643119e-01 4.267624020576477051e-01
-2.330722116562040647e-01 5.176595449447631836e-01
1.766342271072114389e-01 8.111428618431091309e-01
6.620969104723808396e-01 1.158892393112182617e+00
2.579636871822974520e-01 8.694012761116027832e-01
7.453013108947905696e-01 1.218493938446044922e+00
-4.529159303687284588e-01 3.601797223091125488e-01
5.960936678251274046e-01 1.111612558364868164e+00
-6.287281113880955896e-01 2.342409193515777588e-01
9.055833139438891344e-01 1.333308100700378418e+00
3.749765527756305783e-01 9.532206058502197266e-01
-5.689846457728831020e-01 2.770367264747619629e-01
8.947411809778484937e-01 1.325541496276855469e+00
4.617116135403156463e-01 1.015351295471191406e+00
-4.921167148099483413e-01 3.320991992950439453e-01
-5.733760452650360495e-01 2.738910019397735596e-01
3.640142786132649633e-02 7.106904983520507812e-01
-9.486745638909368505e-01 5.054950714111328125e-03
-5.850598491177811944e-01 2.655216455459594727e-01
-1.506290624969874870e-01 5.767157077789306641e-01
