-4.245472636458380578e-02 9.287261962890625000e-01
-5.121183622662170976e-01 -2.277851104736328125e-02
4.443015314002081162e-01 1.914859294891357422e+00
-7.744234703380254992e-01 -5.541898012161254883e-01
9.809066187229704692e-01 3.001982688903808594e+00
6.907470742144077303e-01 2.414140224456787109e+00
6.901788001158415398e-02 1.154561638832092285e+00
-1.508940878839810651e-01 7.090358734130859375e-01
-4.270707350802647184e-01 1.495218276977539062e-01
3.182941881535006345e-03 1.021184802055358887e+00
7.588349240483360791e-01 2.552081346511840820e+00
-4.499871985986327871e-01 1.030947566032409668e-01
1.074917606271874604e-03 1.016914129257202148e+00
-5.309001958659382847e-01 -6.082916259765625000e-02
-3.257017726700970339e-01 3.548880815505981445e-01
-6.194789821533350782e-01 -2.402834892272949219e-01
9.810783878423756654e-01 3.002330780029296875e+00
1.429948929249111877e-01 1.304433822631835938e+00
4.656302480733909288e-01 1.958069801330566406e+00
-8.035001730959265842e-01 -6.130970716476440430e-01
-2.677648998513684209e-01 4.722639918327331543e-01
7.852796060946429790e-01 2.605656385421752930e+00
-8.311233471521042304e-01 -6.690596342086791992e-01
-6.690335433207736937e-01 -3.406773805618286133e-01
2.508352207023372138e-01 1.522910475730895996e+00
2.455779882084503374e-01 1.512259721755981445e+00
6.764540889078591857e-01 2.385183811187744141e+00
8.709855277428428799e-01 2.779290199279785156e+00
-7.160270491494724610e-01 -4.358828067779541016e-01
-4.812523629460010444e-01 3.975373506546020508e-02
-1.450771886134882838e-01 7.208204865455627441e-01
-9.981934289575007391e-01 -1.007531642913818359e+00
-8.603713940806101412e-01 -7.283141613006591797e-01
-5.470174441179567193e-01 -9.348154067993164062e-02
-3.779607196837653227e-02 9.381642937660217285e-01
-4.969545236627743723e-01 7.942318916320800781e-03
7.533637844460960853e-01 2.540997266769409180e+00
-3.514542489159777627e-01 3.027153611183166504e-01
8.492456242852572945e-01 2.735246896743774414e+00
9.495745214694200076e-01 2.938506126403808594e+00
-1.002769321848424600e-01 8.115825653076171875e-01
-5.457423662013527466e-01 -9.089839458465576172e-02
-4.166677331539934137e-01 1.705976128578186035e-01
5.526673633188923240e-01 2.134400844573974609e+00
-4.533005844148179087e-01 9.638202190399169922e-02
-2.388342641594307647e-01 5.308753848075866699e-01
-4.284828303630039414e-02 9.279288649559020996e-01
1.502222329399682810e-01 1.319075822830200195e+00
9.922008806024762428e-01 3.024863958358764648e+00
-5.355804896728153519e-01 -7.031118869781494141e-02
-2.931525935036622954e-01 4.208303689956665039e-01
-4.742176459789779752e-01 5.400556325912475586e-02
-2.777731267125793657e-01 4.519881010055541992e-01
-7.983909662107588900e-01 -6.027462482452392578e-01
-2.803804655179056304e-01 4.467058181762695312e-01
7.757300629287768867e-01 2.586309671401977539e+00
-4.028203043071019174e-01 1.986514329910278320e-01
-2.561304403018622722e-01 4.958345890045166016e-01
8.889483288758692758e-01 2.815681695938110352e+00
4.567579926537363999e-01 1.940095186233520508e+00
3.347742963609667832e-02 1.082559227943420410e+00
5.543854568068811162e-01 2.137881517410278320e+00
-7.536407022909921150e-01 -5.120854377746582031e-01
-7.101929355831537727e-02 8.708564043045043945e-01
-7.635277425282673835e-01 -5.321158170700073242e-01
-5.327637099608399929e-01 -6.460452079772949219e-02
-7.162654805194828000e-01 -4.363659620285034180e-01
-2.763975216617213793e-01 4.547749161720275879e-01
-2.367213592081482965e-01 5.351559519767761230e-01
8.946171636664816962e-01 2.827166318893432617e+00
-4.717485376249415108e-01 5.900782346725463867e-02
-5.514230936696629115e-02 9.030220508575439453e-01
6.227588079269734678e-01 2.276401042938232422e+00
6.312351728733234246e-01 2.293573379516601562e+00
5.006863740700404630e-01 2.029090881347656250e+00
-4.243324757198541075e-01 1.550693511962890625e-01
-1.005676117728593333e-02 9.943621158599853516e-01
-6.275768096265534890e-01 -2.566890716552734375e-01
-6.232009544343914964e-01 -2.478238344192504883e-01
-1.283175737233781533e-01 7.547742128372192383e-01
4.771844424858822098e-01 1.981477737426757812e+00
5.316851999567573372e-02 1.122452020645141602e+00
7.733664416949046494e-01 2.581521034240722656e+00
6.618175955551517387e-01 2.355531215667724609e+00
-9.367891143591888792e-01 -8.831309080123901367e-01
1.368380857324320576e-01 1.291960477828979492e+00
2.183225287112862123e-01 1.457042217254638672e+00
9.231502886001630159e-01 2.884972572326660156e+00
-9.535267465822765409e-01 -9.170401096343994141e-01
6.220754193725785974e-02 1.140764474868774414e+00
-5.904372761282952187e-01 -1.814470291137695312e-01
-8.926741874168218072e-01 -7.937573194503784180e-01
1.749770494634466100e-01 1.369227290153503418e+00
5.452082872656049961e-01 2.119289159774780273e+00
5.497308984503757046e-01 2.128451585769653320e+00
-9.394231796881864494e-01 -8.884674310684204102e-01
-1.861071994568213039e-01 6.376966238021850586e-01
-9.109807457027589983e-01 -8.308449983596801758e-01
-5.043227060184605204e-01 -6.985068321228027344e-03
-6.142385944841033396e-01 -2.296668291091918945e-01
