-4.245472636458380578e-02 9.223787784576416016e-01
-5.121183622662170976e-01 -2.363419532775878906e-02
4.443015314002081162e-01 1.902820467948913574e+00
-7.744234703380254992e-01 -5.519784688949584961e-01
9.809066187229704692e-01 2.983669281005859375e+00
6.907470742144077303e-01 2.399219751358032227e+00
6.901788001158415398e-02 1.146910905838012695e+00
-1.508940878839810651e-01 7.039564251899719238e-01
-4.270707350802647184e-01 1.476716995239257812e-01
3.182941881535006345e-03 1.014303803443908691e+00
7.588349240483360791e-01 2.536364555358886719e+00
-4.499871985986327871e-01 1.015124917030334473e-01
1.074917606271874604e-03 1.010057687759399414e+00
-5.309001958659382847e-01 -6.146526336669921875e-02
-3.257017726700970339e-01 3.518525958061218262e-01
-6.194789821533350782e-01 -2.398837804794311523e-01
9.810783878423756654e-01 2.984015226364135742e+00
1.429948929249111877e-01 1.295917987823486328e+00
4.656302480733909288e-01 1.945781469345092773e+00
-8.035001730959265842e-01 -6.105457544326782227e-01
-2.677648998513684209e-01 4.685510993003845215e-01
7.852796060946429790e-01 2.589630603790283203e+00
-8.311233471521042304e-01 -6.661853790283203125e-01
-6.690335433207736937e-01 -3.396983146667480469e-01
2.508352207023372138e-01 1.513133764266967773e+00
2.455779882084503374e-01 1.502544403076171875e+00
6.764540889078591857e-01 2.370430231094360352e+00
8.709855277428428799e-01 2.762262344360351562e+00
-7.160270491494724610e-01 -4.343543052673339844e-01
-4.812523629460010444e-01 3.853708505630493164e-02
-1.450771886134882838e-01 7.156730294227600098e-01
-9.981934289575007391e-01 -1.002703905105590820e+00
-8.603713940806101412e-01 -7.250977754592895508e-01
-5.470174441179567193e-01 -9.392929077148437500e-02
-3.779607196837653227e-02 9.317624568939208984e-01
-4.969545236627743723e-01 6.909251213073730469e-03
7.533637844460960853e-01 2.525344371795654297e+00
-3.514542489159777627e-01 2.999810576438903809e-01
8.492456242852572945e-01 2.718472957611083984e+00
9.495745214694200076e-01 2.920558929443359375e+00
-1.002769321848424600e-01 8.059113025665283203e-01
-5.457423662013527466e-01 -9.136092662811279297e-02
-4.166677331539934137e-01 1.686257719993591309e-01
5.526673633188923240e-01 2.121094703674316406e+00
-4.533005844148179087e-01 9.483855962753295898e-02
-2.388342641594307647e-01 5.268242359161376953e-01
-4.284828303630039414e-02 9.215860962867736816e-01
1.502222329399682810e-01 1.310475587844848633e+00
9.922008806024762428e-01 3.006418704986572266e+00
-5.355804896728153519e-01 -7.089257240295410156e-02
-2.931525935036622954e-01 4.174143075942993164e-01
-4.742176459789779752e-01 5.270671844482421875e-02
-2.777731267125793657e-01 4.483922123908996582e-01
-7.983909662107588900e-01 -6.002546548843383789e-01
-2.803804655179056304e-01 4.431403875350952148e-01
7.757300629287768867e-01 2.570395469665527344e+00
-4.028203043071019174e-01 1.965177059173583984e-01
-2.561304403018622722e-01 4.919856786727905273e-01
8.889483288758692758e-01 2.798443794250488281e+00
4.567579926537363999e-01 1.927910685539245605e+00
3.347742963609667832e-02 1.075324058532714844e+00
5.543854568068811162e-01 2.124555349349975586e+00
-7.536407022909921150e-01 -5.101170539855957031e-01
-7.101929355831537727e-02 8.648430109024047852e-01
-7.635277425282673835e-01 -5.300319194793701172e-01
-5.327637099608399929e-01 -6.521880626678466797e-02
-7.162654805194828000e-01 -4.348345994949340820e-01
-2.763975216617213793e-01 4.511629939079284668e-01
-2.367213592081482965e-01 5.310801267623901367e-01
8.946171636664816962e-01 2.809862136840820312e+00
-4.717485376249415108e-01 5.768007040023803711e-02
-5.514230936696629115e-02 8.968230485916137695e-01
6.227588079269734678e-01 2.262275218963623047e+00
6.312351728733234246e-01 2.279348850250244141e+00
5.006863740700404630e-01 2.016392707824707031e+00
-4.243324757198541075e-01 1.531872153282165527e-01
-1.005676117728593333e-02 9.876359105110168457e-01
-6.275768096265534890e-01 -2.561947107315063477e-01
-6.232009544343914964e-01 -2.473807334899902344e-01
-1.283175737233781533e-01 7.494307756423950195e-01
4.771844424858822098e-01 1.969054341316223145e+00
5.316851999567573372e-02 1.114986538887023926e+00
7.733664416949046494e-01 2.565634727478027344e+00
6.618175955551517387e-01 2.340949058532714844e+00
-9.367891143591888792e-01 -8.790210485458374023e-01
1.368380857324320576e-01 1.283516645431518555e+00
2.183225287112862123e-01 1.447645545005798340e+00
9.231502886001630159e-01 2.867334365844726562e+00
-9.535267465822765409e-01 -9.127345085144042969e-01
6.220754193725785974e-02 1.133193254470825195e+00
-5.904372761282952187e-01 -1.813869476318359375e-01
-8.926741874168218072e-01 -7.901632785797119141e-01
1.749770494634466100e-01 1.360337495803833008e+00
5.452082872656049961e-01 2.106070518493652344e+00
5.497308984503757046e-01 2.115180015563964844e+00
-9.394231796881864494e-01 -8.843266963958740234e-01
-1.861071994568213039e-01 6.330289244651794434e-01
-9.109807457027589983e-01 -8.270369768142700195e-01
-5.043227060184605204e-01 -7.931947708129882812e-03
-6.142385944841033396e-01 -2.293285131454467773e-01
