-4.245472636458380578e-02 9.366794824600219727e-01
-5.121183622662170976e-01 -1.813030242919921875e-02
4.443015314002081162e-01 1.926238059997558594e+00
-7.744234703380254992e-01 -5.513875484466552734e-01
9.809066187229704692e-01 3.017137527465820312e+00
6.907470742144077303e-01 2.427253246307373047e+00
6.901788001158415398e-02 1.163299322128295898e+00
-1.508940878839810651e-01 7.162259817123413086e-01
-4.270707350802647184e-01 1.547685265541076660e-01
3.182941881535006345e-03 1.029459238052368164e+00
7.588349240483360791e-01 2.565673351287841797e+00
-4.499871985986327871e-01 1.081801056861877441e-01
1.074917606271874604e-03 1.025173664093017578e+00
-5.309001958659382847e-01 -5.631315708160400391e-02
-3.257017726700970339e-01 3.608480691909790039e-01
-6.194789821533350782e-01 -2.363908290863037109e-01
9.810783878423756654e-01 3.017486572265625000e+00
1.429948929249111877e-01 1.313692092895507812e+00
4.656302480733909288e-01 1.969598531723022461e+00
-8.035001730959265842e-01 -6.104995012283325195e-01
-2.677648998513684209e-01 4.786317348480224609e-01
7.852796060946429790e-01 2.619434595108032227e+00
-8.311233471521042304e-01 -6.666563749313354492e-01
-6.690335433207736937e-01 -3.371334075927734375e-01
2.508352207023372138e-01 1.532927751541137695e+00
2.455779882084503374e-01 1.522239923477172852e+00
6.764540889078591857e-01 2.398195981979370117e+00
8.709855277428428799e-01 2.793671607971191406e+00
-7.160270491494724610e-01 -4.326695203781127930e-01
-4.812523629460010444e-01 4.461914300918579102e-02
-1.450771886134882838e-01 7.280515432357788086e-01
-9.981934289575007391e-01 -1.006304144859313965e+00
-8.603713940806101412e-01 -7.261166572570800781e-01
-5.470174441179567193e-01 -8.907902240753173828e-02
-3.779607196837653227e-02 9.461503624916076660e-01
-4.969545236627743723e-01 1.269721984863281250e-02
7.533637844460960853e-01 2.554550647735595703e+00
-3.514542489159777627e-01 3.084941506385803223e-01
8.492456242852572945e-01 2.749475240707397461e+00
9.495745214694200076e-01 2.953440427780151367e+00
-1.002769321848424600e-01 8.191289305686950684e-01
-5.457423662013527466e-01 -8.648681640625000000e-02
-4.166677331539934137e-01 1.759174466133117676e-01
5.526673633188923240e-01 2.146542072296142578e+00
-4.533005844148179087e-01 1.014441251754760742e-01
-2.388342641594307647e-01 5.374467372894287109e-01
-4.284828303630039414e-02 9.358793497085571289e-01
1.502222329399682810e-01 1.328384995460510254e+00
9.922008806024762428e-01 3.040098190307617188e+00
-5.355804896728153519e-01 -6.582808494567871094e-02
-2.931525935036622954e-01 4.270194172859191895e-01
-4.742176459789779752e-01 5.892044305801391602e-02
-2.777731267125793657e-01 4.582853913307189941e-01
-7.983909662107588900e-01 -6.001126766204833984e-01
-2.803804655179056304e-01 4.529847502708435059e-01
7.757300629287768867e-01 2.600020647048950195e+00
-4.028203043071019174e-01 2.040687799453735352e-01
-2.561304403018622722e-01 5.022841691970825195e-01
8.889483288758692758e-01 2.830189466476440430e+00
4.567579926537363999e-01 1.951561450958251953e+00
3.347742963609667832e-02 1.091046929359436035e+00
5.543854568068811162e-01 2.150034904479980469e+00
-7.536407022909921150e-01 -5.091369152069091797e-01
-7.101929355831537727e-02 8.786087036132812500e-01
-7.635277425282673835e-01 -5.292369127273559570e-01
-5.327637099608399929e-01 -6.010162830352783203e-02
-7.162654805194828000e-01 -4.331543445587158203e-01
-2.763975216617213793e-01 4.610818624496459961e-01
-2.367213592081482965e-01 5.417421460151672363e-01
8.946171636664816962e-01 2.841713905334472656e+00
-4.717485376249415108e-01 6.394010782241821289e-02
-5.514230936696629115e-02 9.108860492706298828e-01
6.227588079269734678e-01 2.289035320281982422e+00
6.312351728733234246e-01 2.306267738342285156e+00
5.006863740700404630e-01 2.040866374969482422e+00
-4.243324757198541075e-01 1.603353023529052734e-01
-1.005676117728593333e-02 1.002543449401855469e+00
-6.275768096265534890e-01 -2.528533935546875000e-01
-6.232009544343914964e-01 -2.439574003219604492e-01
-1.283175737233781533e-01 7.621232271194458008e-01
4.771844424858822098e-01 1.993087768554687500e+00
5.316851999567573372e-02 1.131078243255615234e+00
7.733664416949046494e-01 2.595215559005737305e+00
6.618175955551517387e-01 2.368440628051757812e+00
-9.367891143591888792e-01 -8.814711570739746094e-01
1.368380857324320576e-01 1.301175475120544434e+00
2.183225287112862123e-01 1.466830492019653320e+00
9.231502886001630159e-01 2.899720907211303711e+00
-9.535267465822765409e-01 -9.154982566833496094e-01
6.220754193725785974e-02 1.149454236030578613e+00
-5.904372761282952187e-01 -1.773500442504882812e-01
-8.926741874168218072e-01 -7.917871475219726562e-01
1.749770494634466100e-01 1.378710746765136719e+00
5.452082872656049961e-01 2.131377935409545898e+00
5.497308984503757046e-01 2.140572071075439453e+00
-9.394231796881864494e-01 -8.868262767791748047e-01
-1.861071994568213039e-01 6.446390151977539062e-01
-9.109807457027589983e-01 -8.290036916732788086e-01
-5.043227060184605204e-01 -2.282023429870605469e-03
-6.142385944841033396e-01 -2.257373332977294922e-01
