0  123.648
10  112.223
20  101.377
30  93.346
40  88.3137
50  72.4596
60  65.5763
70  62.2913
80  60.8809
90  60.2318
100  59.3311
110  57.7907
120  56.2539
130  55.7532
140  48.6695
150  48.6695
160  48.1173
170  48.1173
180  48.1173
190  48.1173
200  48.1173
210  48.1173
220  47.2446
230  47.2446
240  47.2446
250  47.2446
260  47.2446
270  47.2228
280  47.2228
290  47.2228
300  47.2228
310  47.2228
320  47.2228
330  47.2228
340  46.7967
350  46.7967
360  46.7967
370  46.7967
380  46.7967
390  46.7967
400  46.7967
410  46.7967
420  46.7967
430  46.7967
440  46.7967
450  46.7967
460  46.7967
470  46.7967
480  46.7967
490  46.7967
500  46.7967
510  46.7967
520  46.7967
530  46.7967
540  46.7967
550  46.7967
560  46.7967
570  46.7967
580  46.7967
590  46.7967
600  46.7967
610  46.7967
620  46.7967
630  46.7967
640  46.7967
650  46.7967
660  46.7967
670  46.7967
680  46.7967
690  46.7967
700  46.7967
710  46.7967
720  46.7967
730  46.7967
740  46.7967
750  46.7967
760  46.7967
770  46.7967
780  46.7967
790  46.7967
800  46.7967
810  46.7967
820  46.7967
830  46.7967
840  46.7967
850  46.7967
860  46.7967
870  46.7967
880  46.7967
890  46.7967
900  46.7967
910  46.7967
920  46.7967
930  46.7967
940  46.7967
950  46.7967
960  46.7967
970  46.7967
980  46.7967
990  46.7967
1000  46.7967
1010  46.7967
1020  46.7967
1030  46.7967
1040  46.7967
1050  46.7967
1060  46.7967
1070  46.7967
1080  46.7967
1090  46.7967
1100  46.7967
1110  46.7967
1120  46.7967
1130  46.7967
1140  46.7967
1150  46.7967
1160  46.7967
1170  46.7967
1180  46.7967
1190  46.7967
1200  46.7967
1210  46.7967
1220  46.7967
1230  46.7967
1240  46.7967
1250  46.7967
1260  46.7967
1270  46.7967
1280  46.7967
1290  46.7967
1300  46.7967
1310  46.7967
1320  46.7967
1330  46.7967
1340  46.7967
1350  46.7967
1360  46.7967
1370  46.7967
1380  46.7967
1390  46.7967
1400  46.7967
1410  46.7967
1420  46.7967
1430  46.7967
1440  46.7967
1450  46.7967
1460  46.7967
1470  46.7967
1480  46.7967
1490  46.7967
1500  46.7967
1510  46.7967
1520  46.7967
1530  46.7967
1540  46.7967
1550  46.7967
1560  46.7967
1570  46.7967
1580  46.7967
1590  46.7967
1600  46.7967
1610  46.7967
1620  46.7967
1630  46.7967
1640  46.7967
1650  46.7967
1660  46.7967
1670  46.7967
1680  46.7967
1690  46.7967
1700  46.7967
1710  46.7967
1720  46.7967
1730  46.7967
1740  46.7967
1750  46.7967
1760  46.7967
1770  46.7967
1780  46.7967
1790  46.7967
1800  46.7967
1810  46.7967
1820  46.7967
1830  46.7967
1840  46.7967
1850  46.7967
1860  46.7967
1870  46.7967
1880  46.7967
1890  46.7967
1900  46.7967
1910  46.7967
1920  46.7967
1930  46.7967
1940  46.7967
1950  46.7967
1960  46.7967
1970  46.7967
1980  46.7967
1990  46.7967
