0  9.6172  0
1  9.66616  0.0346219
2  9.69361  0.0321732
3  9.70415  0.0257989
4  9.71837  0.0242399
5  9.71972  0.0202378
6  9.72343  0.0176831
7  9.7243  0.0154941
8  9.72563  0.0138291
9  9.72773  0.0126043
10  9.73018  0.0116949
11  9.73251  0.0109508
12  9.73432  0.0102565
13  9.7345  0.00952541
14  9.73481  0.00889549
15  9.73543  0.00836101
16  9.73816  0.00830384
17  9.73787  0.0078477
18  9.73706  0.00747629
19  9.73735  0.00710793
20  9.73732  0.00676951
21  9.73808  0.00650489
22  9.74016  0.00654551
23  9.74026  0.00627348
24  9.74135  0.00611686
25  9.74121  0.00588312
26  9.7408  0.00567937
27  9.74145  0.00551318
28  9.74262  0.00544584
29  9.74334  0.0053111
30  9.74211  0.00527979
31  9.74232  0.00511911
32  9.74324  0.00504575
33  9.74355  0.004907
34  9.74439  0.00483789
35  9.74423  0.00470629
36  9.74504  0.00464937
37  9.74471  0.00453926
38  9.7455  0.00449174
39  9.74488  0.00442225
40  9.74502  0.00431682
41  9.74509  0.00421448
42  9.74471  0.00413359
43  9.74597  0.00422812
44  9.74562  0.00414806
45  9.74629  0.00411022
46  9.74687  0.0040638
47  9.74648  0.00399787
48  9.7458  0.00397372
49  9.74538  0.00391659
50  9.74664  0.00403741
51  9.74725  0.0040063
52  9.74637  0.00402683
53  9.74623  0.00395474
54  9.74647  0.00389036
55  9.74652  0.00382125
56  9.74682  0.00376607
57  9.74698  0.00370442
58  9.74754  0.00368397
59  9.74733  0.00362893
60  9.74793  0.00361908
61  9.74792  0.00356072
62  9.74761  0.00351792
63  9.74736  0.00347132
64  9.74724  0.00342004
65  9.74753  0.00338007
66  9.74746  0.00333025
67  9.74694  0.00332187
68  9.74692  0.00327383
69  9.747  0.00322807
70  9.74704  0.0031829
71  9.74745  0.00316507
72  9.7473  0.00312523
73  9.74725  0.00308339
74  9.74683  0.00307172
75  9.74752  0.00310954
76  9.74749  0.00306936
77  9.74724  0.0030397
78  9.74711  0.00300399
79  9.74735  0.0029759
80  9.74712  0.00294815
81  9.74685  0.0029242
82  9.74685  0.00288898
83  9.74647  0.00287837
84  9.74691  0.00287699
85  9.74672  0.00284957
86  9.74712  0.00284503
87  9.7472  0.00281361
88  9.74694  0.00279409
89  9.74699  0.00276359
90  9.74725  0.00274546
91  9.74757  0.00273363
92  9.74796  0.00273316
93  9.74834  0.00273041
94  9.74789  0.00273995
95  9.74775  0.00271485
96  9.7479  0.00269082
97  9.74758  0.00268182
98  9.74738  0.00266231
99  9.74721  0.00264102
