0  0.774482  0
1  0.772104  0.00168145
2  0.77274  0.00123534
3  0.773332  0.00105868
4  0.773035  0.000887492
5  0.773262  0.000767996
6  0.772935  0.000724428
7  0.772825  0.00064222
8  0.772763  0.000573799
9  0.772843  0.000521921
10  0.772867  0.000475015
11  0.773022  0.000459971
12  0.773059  0.000426076
13  0.773081  0.000396221
14  0.773024  0.000373899
15  0.77303  0.000350577
16  0.772859  0.000369426
17  0.772806  0.000352616
18  0.773037  0.000402741
19  0.773113  0.000389619
20  0.773034  0.000379022
21  0.773092  0.000366296
22  0.773178  0.000360329
23  0.773139  0.00034748
24  0.773187  0.000336918
25  0.773071  0.000343198
26  0.773034  0.000332531
27  0.773103  0.000327709
28  0.772942  0.000353439
29  0.77282  0.000362294
30  0.772965  0.000378718
31  0.773015  0.000370087
32  0.772974  0.000361157
33  0.773109  0.000375029
34  0.77303  0.000372507
35  0.773044  0.000362411
36  0.773107  0.000358023
37  0.773044  0.000354107
38  0.772996  0.000348178
39  0.772961  0.000341245
40  0.772927  0.000334598
41  0.772902  0.000327569
42  0.772903  0.000319951
43  0.772855  0.000316274
44  0.772837  0.000309742
45  0.772847  0.000303164
46  0.772716  0.000323774
47  0.772743  0.000318186
48  0.772706  0.000313902
49  0.772707  0.000307627
50  0.772707  0.000301595
51  0.772702  0.000295833
52  0.772697  0.000290289
53  0.772737  0.000287631
54  0.772748  0.000282608
55  0.772689  0.000283661
56  0.772711  0.000279527
57  0.772707  0.000274729
58  0.772695  0.000270348
59  0.772696  0.000265843
60  0.772687  0.000261607
61  0.772684  0.00025741
62  0.772708  0.000254462
63  0.772743  0.000252781
64  0.7727  0.000252504
65  0.772704  0.000248721
66  0.77269  0.000245417
67  0.772705  0.000242271
68  0.772736  0.000240727
69  0.77275  0.000237682
70  0.772725  0.000235621
71  0.772751  0.000233754
72  0.772763  0.000230856
73  0.772792  0.000229584
74  0.77283  0.000229633
75  0.772804  0.000228093
76  0.77282  0.000225701
77  0.77281  0.000223009
78  0.772809  0.000220191
79  0.772757  0.000223587
80  0.772814  0.000227952
81  0.772809  0.000225208
82  0.772808  0.000222503
83  0.772828  0.000220759
84  0.77285  0.000219248
85  0.772848  0.000216705
86  0.772862  0.000214679
87  0.772839  0.000213507
88  0.772878  0.000214714
89  0.772871  0.000212459
90  0.772897  0.00021176
91  0.7729  0.000209481
92  0.772882  0.000208024
93  0.772891  0.000206005
94  0.772833  0.000211834
95  0.772818  0.000210133
96  0.772839  0.000208953
97  0.772838  0.000206821
98  0.772849  0.000205024
99  0.772846  0.000202998
