0  -6.67285585  0
1  -6.67167531  0.000834771766
2  -6.67227042  0.000738791598
3  -6.67331186  0.0010585185
4  -6.67424771  0.00119069596
5  -6.67415537  0.000995821124
6  -6.67437859  0.000878222842
7  -6.6743317  0.000769695493
8  -6.67444485  0.000692441164
9  -6.67433807  0.000631377385
10  -6.67449888  0.000594106314
11  -6.67462432  0.000557682654
12  -6.67453362  0.000522107405
13  -6.67444728  0.000491900728
14  -6.67462255  0.000489334759
15  -6.67441013  0.000502744976
16  -6.67433806  0.000478309208
17  -6.67451233  0.000482438712
18  -6.67447635  0.000458386933
19  -6.67437779  0.000445938271
20  -6.67434323  0.000426040204
21  -6.67454669  0.00045266059
22  -6.67461595  0.000438246172
23  -6.67467083  0.000423407647
24  -6.67469811  0.000407349146
25  -6.67472758  0.000392746452
26  -6.67472325  0.000378224162
27  -6.67470717  0.000365057787
28  -6.67480013  0.000364113966
29  -6.67468235  0.000370536032
30  -6.67477785  0.000370684559
31  -6.67474315  0.000360721188
32  -6.67480198  0.000354554712
33  -6.67482578  0.000344924774
34  -6.67488083  0.000339435024
35  -6.67480881  0.000337560156
36  -6.6747607  0.000331848513
37  -6.67470217  0.000328236011
38  -6.67462793  0.000328109407
39  -6.67465894  0.000321368898
40  -6.67470191  0.000316390328
41  -6.67453381  0.000350681983
42  -6.67450989  0.000343341074
43  -6.67452289  0.000335783762
44  -6.67449105  0.000329827429
45  -6.67451989  0.000323915482
46  -6.67450722  0.000317271424
47  -6.67446172  0.000313906767
48  -6.67444343  0.000308032997
49  -6.67443858  0.000301910475
50  -6.67453419  0.000310760858
51  -6.67452063  0.000305080758
52  -6.67453948  0.000299906382
53  -6.67458965  0.000298520527
54  -6.67460019  0.000293278793
55  -6.67456797  0.000289806238
56  -6.67453489  0.000286603056
57  -6.674472  0.000288479144
58  -6.67442126  0.000288018824
59  -6.67444358  0.000284082064
60  -6.67444335  0.000279425071
61  -6.6744202  0.000275875362
62  -6.67445585  0.000273790353
63  -6.67439115  0.000277052841
64  -6.6744431  0.000277617845
65  -6.67445211  0.000273557819
66  -6.67444469  0.000269575365
67  -6.67445432  0.000265782798
68  -6.67448572  0.000263779076
69  -6.6744684  0.000260578763
70  -6.67449198  0.000257973534
71  -6.67451744  0.000255643342
72  -6.67451981  0.000252152368
73  -6.67450214  0.000249363337
74  -6.67450996  0.000246161297
75  -6.67453859  0.000244581143
76  -6.67453873  0.000241404804
77  -6.67457589  0.000241152839
78  -6.67454731  0.000239787087
79  -6.67453954  0.000236915762
80  -6.67455739  0.000234662568
81  -6.67455124  0.000231881444
82  -6.67452278  0.000230828049
83  -6.67451442  0.000228231243
84  -6.67447696  0.000228600189
85  -6.67451969  0.000229902202
86  -6.67454413  0.000228554169
87  -6.67455277  0.000226120306
88  -6.674546  0.000223681074
89  -6.67452247  0.000222429685
90  -6.67453494  0.00022033479
91  -6.67455628  0.000218971107
92  -6.67455486  0.000216621216
93  -6.67452469  0.000216407227
94  -6.67452555  0.000214130971
95  -6.67457128  0.000216729037
96  -6.67455377  0.000215201197
97  -6.67454272  0.000213288764
98  -6.67452947  0.00021154567
99  -6.67458674  0.000217044267
