0  -5.47913367  0
1  -5.47900375  9.18648744e-05
2  -5.47887624  0.000120788329
3  -5.47882353  0.00010144229
4  -5.47898188  0.000163231909
5  -5.47898236  0.000136027289
6  -5.4790411  0.000128657506
7  -5.47901077  0.000116096793
8  -5.47896886  0.000110502975
9  -5.47891164  0.000113300864
10  -5.47889114  0.000104838962
11  -5.47888051  9.6639942e-05
12  -5.47885834  9.17132304e-05
13  -5.47883928  8.71215541e-05
14  -5.47882143  8.31222065e-05
15  -5.4788312  7.84990131e-05
16  -5.47882499  7.41261091e-05
17  -5.4788339  7.05413885e-05
18  -5.478829  6.69990675e-05
19  -5.47882613  6.37104078e-05
20  -5.4788465  6.38508281e-05
21  -5.47887786  6.82135667e-05
22  -5.47892373  7.91856116e-05
23  -5.47892137  7.59213456e-05
24  -5.47892155  7.28846922e-05
25  -5.47891985  7.01012211e-05
26  -5.47891854  6.75171164e-05
27  -5.47893145  6.63279066e-05
28  -5.47892156  6.47734495e-05
29  -5.47890501  6.46936158e-05
30  -5.47891678  6.36678128e-05
31  -5.47889678  6.47426277e-05
32  -5.47890451  6.32407469e-05
33  -5.4789038  6.13847458e-05
34  -5.47889736  5.99672942e-05
35  -5.47889212  5.85299874e-05
36  -5.4788744  5.95699641e-05
37  -5.47887475  5.80033332e-05
38  -5.47886832  5.68715086e-05
39  -5.4788934  6.07292154e-05
40  -5.4788788  6.09777969e-05
41  -5.47886248  6.16700547e-05
42  -5.47887696  6.19118205e-05
43  -5.47887962  6.05617503e-05
44  -5.47888082  5.92278898e-05
45  -5.47888348  5.80000321e-05
46  -5.47888603  5.68218483e-05
47  -5.47887566  5.65769985e-05
48  -5.47887375  5.54545463e-05
49  -5.47887471  5.43537916e-05
50  -5.47887814  5.33962605e-05
51  -5.47888629  5.29871844e-05
52  -5.47888662  5.19884983e-05
53  -5.47889763  5.21784327e-05
54  -5.47888974  5.18235316e-05
55  -5.47888111  5.16116371e-05
56  -5.47888167  5.07091825e-05
57  -5.47888113  4.98377301e-05
58  -5.4788772  4.91480155e-05
59  -5.47888247  4.86111806e-05
60  -5.47887931  4.7916986e-05
61  -5.47888118  4.71804708e-05
62  -5.47888185  4.64364535e-05
63  -5.47887784  4.58841603e-05
64  -5.47888786  4.62599371e-05
65  -5.47888622  4.55881866e-05
66  -5.47887548  4.61548195e-05
67  -5.47887565  4.547638e-05
68  -5.47887389  4.48513666e-05
69  -5.47886745  4.46701243e-05
70  -5.47886847  4.40525892e-05
71  -5.47887532  4.39689769e-05
72  -5.47887776  4.34347039e-05
73  -5.47888007  4.29091898e-05
74  -5.47888016  4.2337153e-05
75  -5.47887953  4.17847366e-05
76  -5.47888145  4.12861252e-05
77  -5.47888465  4.08804755e-05
78  -5.47888518  4.03664104e-05
79  -5.47888219  3.99723692e-05
80  -5.47888087  3.95007396e-05
81  -5.47887845  3.90925756e-05
82  -5.47886956  3.96205711e-05
83  -5.47886676  3.92475761e-05
84  -5.47886393  3.88877461e-05
85  -5.47886388  3.84356006e-05
86  -5.47886412  3.79945962e-05
87  -5.47887186  3.83417231e-05
88  -5.47887525  3.8060688e-05
89  -5.47887356  3.76753956e-05
90  -5.47886913  3.75205549e-05
91  -5.47887634  3.77996266e-05
92  -5.47887952  3.75265968e-05
93  -5.47888303  3.7291335e-05
94  -5.47888397  3.69105281e-05
95  -5.47888916  3.68894846e-05
96  -5.47889284  3.6691981e-05
97  -5.4788985  3.67515099e-05
98  -5.4788978  3.63868941e-05
99  -5.47889954  3.60648162e-05
