0  1.16172  0
1  1.15816  0.00252218
2  1.15911  0.00185302
3  1.16  0.00158802
4  1.15955  0.00133124
5  1.15989  0.00115199
6  1.1594  0.00108664
7  1.15924  0.00096333
8  1.15915  0.000860699
9  1.15926  0.000782881
10  1.1593  0.000712523
11  1.15953  0.000689957
12  1.15959  0.000639114
13  1.15962  0.000594331
14  1.15954  0.000560848
15  1.15954  0.000525866
16  1.15929  0.000554139
17  1.15921  0.000528924
18  1.15956  0.000604112
19  1.15967  0.000584429
20  1.15955  0.000568533
21  1.15964  0.000549444
22  1.15977  0.000540494
23  1.15971  0.00052122
24  1.15978  0.000505377
25  1.15961  0.000514798
26  1.15955  0.000498796
27  1.15965  0.000491563
28  1.15941  0.000530159
29  1.15923  0.000543441
30  1.15945  0.000568076
31  1.15952  0.000555131
32  1.15946  0.000541736
33  1.15966  0.000562543
34  1.15955  0.000558761
35  1.15957  0.000543617
36  1.15966  0.000537034
37  1.15957  0.00053116
38  1.15949  0.000522268
39  1.15944  0.000511867
40  1.15939  0.000501897
41  1.15935  0.000491353
42  1.15935  0.000479927
43  1.15928  0.000474411
44  1.15926  0.000464613
45  1.15927  0.000454747
46  1.15907  0.000485661
47  1.15911  0.000477279
48  1.15906  0.000470853
49  1.15906  0.000461441
50  1.15906  0.000452393
51  1.15905  0.000443749
52  1.15905  0.000435434
53  1.15911  0.000431447
54  1.15912  0.000423912
55  1.15903  0.000425491
56  1.15907  0.000419291
57  1.15906  0.000412093
58  1.15904  0.000405522
59  1.15904  0.000398765
60  1.15903  0.000392411
61  1.15903  0.000386115
62  1.15906  0.000381693
63  1.15911  0.000379171
64  1.15905  0.000378755
65  1.15906  0.000373082
66  1.15904  0.000368126
67  1.15906  0.000363407
68  1.1591  0.000361091
69  1.15912  0.000356524
70  1.15909  0.000353432
71  1.15913  0.000350631
72  1.15914  0.000346284
73  1.15919  0.000344376
74  1.15925  0.000344449
75  1.15921  0.000342139
76  1.15923  0.000338551
77  1.15922  0.000334513
78  1.15921  0.000330286
79  1.15913  0.00033538
80  1.15922  0.000341929
81  1.15921  0.000337813
82  1.15921  0.000333754
83  1.15924  0.000331138
84  1.15927  0.000328873
85  1.15927  0.000325057
86  1.15929  0.000322019
87  1.15926  0.00032026
88  1.15932  0.000322071
89  1.15931  0.000318688
90  1.15935  0.000317641
91  1.15935  0.000314221
92  1.15932  0.000312037
93  1.15934  0.000309007
94  1.15925  0.000317752
95  1.15923  0.0003152
96  1.15926  0.000313429
97  1.15926  0.000310231
98  1.15927  0.000307536
99  1.15927  0.000304497
