-7.84036
-7.80385
-7.72844
-7.63797
-7.53569
-7.42333
-7.3053
-7.1903
-7.08594
-6.99745
-6.93104
-6.88975
-6.87263
-6.8782
-6.90194
-6.93607
-6.97503
-7.01458
-7.04871
-7.07687
-7.09655
-7.10867
-7.11183
-7.10695
-7.0968
-7.08477
-7.07178
-7.06103
-7.05067
-7.04604
-7.04756
-7.05905
-7.07687
-7.10285
-7.13414
-7.17073
-7.20798
-7.24226
-7.2753
-7.30335
-7.32235
-7.33207
-7.33634
-7.33247
-7.32453
-7.30859
-7.29188
-7.2706
-7.24986
-7.23011
-7.21108
-7.19665
-7.18298
-7.17543
-7.16835
-7.16235
-7.15969
-7.15829
-7.15766
-7.16212
-7.16575
-7.17506
-7.18494
-7.19561
-7.20646
-7.21699
-7.22658
-7.23228
-7.23851
-7.24147
-7.24235
-7.242
-7.24035
-7.23471
-7.22921
-7.22471
-7.2199
-7.21442
-7.20884
-7.20444
-7.19891
-7.19534
-7.19327
-7.19283
-7.19343
-7.19553
-7.19774
-7.19958
-7.20144
-7.20265
-7.1995
-7.1922
-7.18344
-7.1719
-7.15865
-7.14838
-7.13602
-7.12632
-7.12037
-7.11738
-7.11802
-7.12132
-7.12827
-7.13299
-7.13997
-7.14539
-7.14916
-7.14914
-7.14747
-7.1412
-7.13657
-7.13143
-7.1259
-7.12175
-7.12228
-7.12717
-7.13779
-7.15364
-7.17491
-7.201
-7.22588
-7.24954
-7.27273
-7.29211
-7.30663
-7.31427
-7.32169
-7.32046
-7.31187
-7.29943
-7.28441
-7.26762
-7.24882
-7.23236
-7.21448
-7.20034
-7.19317
-7.1892
-7.18814
-7.18854
-7.19439
-7.2015
-7.20517
-7.20436
-7.20306
-7.19848
-7.19344
-7.18791
-7.18157
-7.1738
-7.16506
-7.15749
-7.14909
-7.14176
-7.1393
-7.13734
-7.14146
-7.14578
-7.15354
-7.16398
-7.17547
-7.18815
-7.19774
-7.20791
-7.21152
-7.21153
-7.20743
-7.20091
-7.19261
-7.18241
-7.17375
-7.16415
-7.15963
-7.15776
-7.15563
-7.15413
-7.1584
-7.16271
-7.17316
-7.18483
-7.19956
-7.21541
-7.23333
-7.24809
-7.2561
-7.26532
-7.27148
-7.27316
-7.27019
-7.26498
-7.2554
-7.24547
-7.23201
-7.21974
-7.20827
-7.19912
-7.19028
-7.18748
-7.18558
-7.1878
-7.19145
-7.19588
-7.20205
-7.20754
-7.21266
-7.21799
-7.22044
-7.21907
-7.21794
-7.21794
-7.21655
-7.21376
-7.21103
-7.20451
-7.20154
-7.19456
-7.18942
-7.18521
-7.17796
-7.17249
-7.17001
-7.16716
-7.16443
-7.16163
-7.15882
-7.15869
-7.15911
-7.16177
-7.16092
-7.164
-7.1708
-7.17895
-7.18593
-7.19094
-7.19611
-7.19918
-7.19881
-7.19692
-7.191
-7.18525
-7.17855
-7.1722
-7.16771
-7.16441
-7.16071
-7.15583
-7.15294
-7.15011
-7.15034
-7.15059
-7.14942
-7.15141
-7.1539
-7.15921
-7.16253
-7.16649
-7.17126
-7.17621
-7.18384
-7.18946
-7.1961
-7.20248
-7.21273
-7.22222
-7.23124
-7.24327
-7.25165
-7.26187
-7.27246
-7.27987
-7.28998
-7.2935
-7.29816
-7.29449
-7.28708
-7.28008
-7.26998
-7.25945
-7.24429
-7.23196
-7.21772
-7.20396
-7.18829
-7.1765
-7.1625
-7.15384
-7.1473
-7.14529
-7.1482
-7.15239
-7.16081
-7.16787
-7.17462
-7.1786
-7.179
-7.17854
-7.17256
-7.1649
-7.15772
-7.15064
-7.14456
-7.14101
-7.14575
-7.15342
-7.16769
-7.18545
-7.20707
-7.22529
-7.24228
-7.25492
-7.26429
-7.26867
-7.26863
-7.26259
-7.25246
-7.23791
-7.21699
-7.19458
-7.17355
-7.15147
-7.13623
-7.12414
-7.11464
-7.11161
-7.11598
-7.12434
-7.13586
-7.15285
-7.16795
-7.18395
-7.19663
-7.21087
-7.22104
-7.22762
-7.23212
-7.23221
-7.2301
-7.22395
-7.21975
-7.21275
-7.20651
-7.20247
-7.20154
-7.19899
-7.19869
-7.2015
-7.20245
-7.20431
-7.2082
-7.21358
-7.21658
-7.22037
-7.22414
-7.22383
-7.22461
-7.22146
-7.21835
-7.21516
-7.20951
-7.20083
-7.19265
-7.18234
-7.17188
-7.16352
-7.15362
-7.14372
-7.13295
-7.12852
-7.12445
-7.12696
-7.13461
-7.14426
-7.15503
-7.16786
-7.18148
-7.19307
-7.20807
-7.21811
-7.22624
-7.23341
-7.23419
-7.23433
-7.22907
-7.22349
-7.21648
-7.2065
-7.19799
-7.19009
-7.18232
-7.17919
-7.17745
-7.18014
-7.1858
-7.19152
-7.19641
-7.20512
-7.21095
-7.21527
-7.21932
-7.21944
-7.21994
-7.21937
-7.21685
-7.21392
-7.21239
-7.20924
-7.20776
-7.20467
-7.20281
-7.19888
-7.19237
-7.18282
-7.17641
-7.16808
-7.16061
-7.155
-7.15733
-7.16357
-7.17654
-7.19457
-7.21094
-7.2263
-7.24232
-7.25205
-7.26072
-7.26559
-7.26676
-7.26258
-7.25571
-7.2456
-7.23329
-7.22085
-7.20737
-7.19172
-7.17642
-7.16282
-7.1476
-7.13466
-7.12441
-7.12205
-7.12406
-7.1319
-7.1415
-7.15591
-7.1711
-7.18832
-7.20281
-7.21308
-7.21957
-7.22379
-7.22204
-7.2144
-7.20589
-7.19855
-7.19162
-7.18869
-7.18681
-7.18566
-7.18844
-7.19183
-7.19946
-7.20772
-7.21241
-7.21774
-7.22001
-7.21608
-7.20616
-7.19316
-7.17972
-7.16306
-7.14965
-7.14003
-7.1335
-7.13453
-7.13947
-7.14929
-7.16137
-7.1729
-7.18793
-7.20011
-7.21399
-7.22455
-7.23165
-7.23804
-7.24227
-7.24248
-7.24091
-7.24071
-7.23978
-7.2391
-7.23603
-7.2349
-7.23441
-7.23348
-7.23578
-7.23481
-7.23322
-7.23205
-7.22897
-7.2218
-7.21652
-7.21235
-7.20669
-7.20314
-7.1999
-7.19647
-7.19231
-7.19053
-7.19156
-7.19259
-7.19506
-7.1975
-7.19703
-7.19554
-7.19195
-7.18378
-7.17865
-7.17067
-7.16122
-7.1517
-7.14234
-7.13543
-7.12746
-7.12267
-7.11989
-7.12028
-7.1263
-7.13358
-7.14274
-7.15267
-7.1629
-7.17183
-7.17568
-7.17968
-7.18347
-7.18594
-7.18784
-7.18769
-7.18726
-7.18969
-7.1936
-7.19423
-7.19516
-7.1958
-7.19447
-7.19316
-7.19332
-7.19446
-7.19327
-7.19234
-7.19405
-7.19565
-7.19912
-7.20234
-7.20735
-7.21286
-7.2193
-7.22392
-7.22664
-7.23079
-7.23277
-7.23522
-7.23888
-7.24412
-7.24797
-7.25144
-7.25381
-7.25216
-7.25149
-7.24529
-7.23879
-7.2279
-7.21881
-7.20841
-7.20148
-7.19914
-7.19528
-7.19756
-7.20235
-7.20634
-7.21144
-7.21019
-7.20912
-7.20451
-7.19686
-7.18696
-7.17722
-7.1676
-7.15986
-7.15375
-7.14918
-7.14819
-7.15228
-7.15724
-7.16186
-7.1685
-7.17668
-7.18293
-7.18788
-7.19111
-7.19564
-7.19846
-7.20117
-7.20439
-7.20497
-7.20706
-7.20913
-7.21133
-7.21214
-7.21313
-7.21212
-7.21018
-7.20743
-7.20418
-7.20041
-7.19712
-7.19217
-7.18755
-7.18373
-7.18158
-7.18095
-7.18256
-7.1851
-7.18967
-7.19543
-7.20311
-7.21051
-7.21455
-7.21871
-7.22227
-7.22624
-7.22674
-7.22588
-7.22362
-7.2176
-7.21119
-7.20284
-7.19528
-7.18701
-7.18208
-7.17938
-7.17855
-7.17864
-7.17797
-7.17947
-7.1801
-7.18028
-7.18318
-7.18783
-7.19178
-7.19948
-7.20696
-7.21535
-7.22196
-7.22777
-7.23156
-7.23671
-7.23978
-7.24348
-7.24337
-7.2444
-7.23948
-7.23412
-7.22452
-7.21381
-7.20082
-7.18539
-7.16835
-7.15027
-7.13347
-7.12128
-7.11253
-7.10844
-7.10887
-7.11083
-7.11776
-7.12521
-7.13157
-7.13788
-7.14392
-7.14838
-7.15243
-7.1551
-7.15664
-7.15423
-7.15522
-7.15292
-7.15202
-7.15354
-7.15797
-7.16506
-7.17501
-7.18838
-7.20469
-7.22312
-7.24309
-7.26086
-7.27702
-7.29272
-7.30118
-7.3078
-7.31163
-7.30825
-7.30144
-7.28873
-7.27345
-7.25377
-7.23471
-7.21095
-7.1913
-7.1732
-7.161
-7.15168
-7.15034
-7.15316
-7.16286
-7.17338
-7.1869
-7.19994
-7.21038
-7.21952
-7.22357
-7.2241
-7.22093
-7.21372
-7.20498
-7.19477
-7.18664
-7.17828
-7.1705
-7.16534
-7.16368
-7.16475
-7.1699
-7.17663
-7.18458
-7.1917
-7.19466
-7.19838
-7.19876
-7.19482
-7.19199
-7.187
-7.18534
-7.18212
-7.18075
-7.18075
-7.17991
-7.17813
-7.17695
-7.17605
-7.17516
-7.17313
-7.17427
-7.17773
-7.18214
-7.18859
-7.1964
-7.20368
-7.20986
-7.21363
-7.21281
-7.2109
-7.20648
-7.19694
-7.18861
-7.17846
-7.1707
-7.16563
-7.16453
-7.16461
-7.16684
-7.17118
-7.17798
-7.18938
-7.20054
-7.21179
-7.22597
-7.2377
-7.24996
-7.25622
-7.26194
-7.26158
-7.25649
-7.24768
-7.23609
-7.22166
-7.20878
-7.19258
-7.17932
-7.1683
-7.16207
-7.16129
-7.16148
-7.1666
-7.17024
-7.17706
-7.18306
-7.18511
-7.18605
-7.18156
-7.17692
-7.17046
-7.16109
-7.15526
-7.14859
-7.14459
-7.14416
-7.14889
-7.15612
-7.16731
-7.17816
-7.19058
-7.20317
-7.21676
-7.22847
-7.23916
-7.2461
-7.24852
-7.24947
-7.24675
-7.24103
-7.23529
-7.22502
-7.21684
-7.21063
-7.20086
-7.19378
-7.18495
-7.17699
-7.16916
-7.15938
-7.15094
-7.1433
-7.14039
-7.14042
-7.14323
-7.14635
-7.15454
-7.16579
-7.17674
-7.18806
-7.20192
-7.2123
-7.22111
-7.23095
-7.24165
-7.24909
-7.25666
-7.25955
-7.26218
-7.26131
-7.25513
-7.24361
-7.2308
-7.21671
-7.20132
-7.18718
-7.17396
-7.16376
-7.15594
-7.14942
-7.14554
-7.14368
-7.14468
-7.14738
-7.15311
-7.15886
-7.16633
-7.17389
-7.18018
-7.1859
-7.18955
-7.19094
-7.19063
-7.18991
-7.18801
-7.18497
-7.18656
-7.19024
-7.19797
-7.20638
-7.2174
-7.22905
-7.24122
-7.25128
-7.2592
-7.26555
-7.26856
-7.2691
-7.26813
-7.26496
-7.25866
-7.24935
-7.23962
-7.22772
-7.21502
-7.20264
-7.19212
-7.18
-7.16828
-7.15847
-7.14866
-7.13893
-7.13273
-7.12403
-7.11537
-7.11102
-7.10815
-7.10685
-7.10547
-7.10897
-7.11513
-7.12222
-7.13171
-7.14203
-7.1535
-7.16982
-7.18523
-7.19747
-7.21039
-7.22054
-7.22952
-7.23655
-7.24355
-7.24803
-7.25111
-7.25266
-7.25066
-7.24722
-7.24477
-7.24197
-7.24366
-7.24584
-7.25166
-7.25678
-7.26472
-7.26939
-7.27301
-7.27199
-7.26829
-7.25935
-7.24998
-7.23787
-7.22374
-7.21239
-7.20213
-7.19395
-7.18986
-7.18617
-7.18248
-7.17803
-7.17301
-7.16535
-7.16018
-7.15385
-7.14747
-7.14651
-7.1474
-7.1491
-7.15642
-7.1651
-7.17478
-7.18552
-7.19124
-7.20033
-7.20325
-7.20835
-7.2104
-7.21054
-7.20958
-7.2078
-7.20436
-7.19942
-7.19427
-7.18871
-7.18124
-7.17528
-7.17363
-7.17126
-7.17198
-7.17629
-7.17863
-7.18366
-7.18499
-7.18732
-7.1909
-7.19398
-7.19915
-7.20394
-7.21121
-7.2163
-7.222
-7.22573
-7.22921
-7.22985
-7.23027
-7.22995
-7.22524
-7.22263
-7.21293
-7.19526
-7.16269
-7.12436
-7.08295
-7.04275
-7.00399
-6.96609
-6.93343
-6.90737
-6.88433
-6.86282
-6.84797
-6.83199
-6.8174
-6.80223
-6.78988
-6.77872
-6.77185
-6.77436
-6.7808
-6.79436
-6.81262
-6.83286
-6.8533
-6.86852
-6.87997
-6.88522
-6.88691
-6.88516
-6.88199
-6.87952
-6.8771
-6.8808
-6.88629
-6.89771
-6.90614
-6.91759
-6.92892
-6.94123
-6.95125
-6.95857
-6.96609
-6.97014
-6.97231
-6.97053
-6.96629
-6.96138
-6.95411
-6.94752
-6.93971
-6.93325
-6.92974
-6.92616
-6.92749
-6.92861
-6.93276
-6.93919
-6.94343
-6.9501
-6.9563
-6.95717
-6.95872
-6.95615
-6.95451
-6.95142
-6.94812
-6.94356
-6.93756
-6.93411
-6.93042
-6.9267
-6.91998
-6.91504
-6.90972
-6.90652
-6.9024
-6.90044
-6.89343
-6.88989
-6.88945
-6.88808
-6.88651
-6.88496
-6.88453
-6.88479
-6.88602
-6.8868
-6.88795
-6.89063
-6.89547
-6.90071
-6.90827
-6.91137
-6.9161
-6.92221
-6.92565
-6.92859
-6.93099
-6.93119
-6.93221
-6.92904
-6.93028
-6.92928
-6.92905
-6.92869
-6.92661
-6.92507
-6.92049
-6.91715
-6.91351
-6.91284
-6.91324
-6.91697
-6.92465
-6.93832
-6.95226
-6.96877
-6.9838
-6.99544
-7.00124
-7.00229
-6.99882
-6.98657
-6.97114
-6.94725
-6.92438
-6.90052
-6.87881
-6.86251
-6.85058
-6.84765
-6.84691
-6.85048
-6.85696
-6.86602
-6.87449
-6.88066
-6.88657
-6.89299
-6.89575
-6.90014
-6.90451
-6.90505
-6.90878
-6.91178
-6.91553
-6.91776
-6.91814
-6.91808
-6.91382
-6.91442
-6.91659
-6.92189
-6.92923
-6.9401
-6.95304
-6.96629
-6.98045
-6.99106
-7.0023
-7.00826
-7.01144
-7.00711
-6.99827
-6.98582
-6.97105
-6.95268
-6.93511
-6.92053
-6.90807
-6.89543
-6.88445
-6.87941
-6.87593
-6.87378
-6.87412
-6.87674
-6.88327
-6.89637
-6.90973
-6.92508
-6.93813
-6.94729
-6.95046
-6.94708
-6.9394
-6.93067
-6.91972
-6.90773
-6.89441
-6.87962
-6.86746
-6.86028
-6.85698
-6.8553
-6.86069
-6.86703
-6.87252
-6.87997
-6.88407
-6.88917
-6.89326
-6.9007
-6.90743
-6.91282
-6.91743
-6.91959
-6.91727
-6.91072
-6.90417
-6.89978
-6.89615
-6.8942
-6.89249
-6.89446
-6.89729
-6.9061
-6.9235
-6.94568
-6.97356
-7.0032
-7.03149
-7.05427
-7.07503
-7.08818
-7.09532
-7.0945
-7.08783
-7.07232
-7.05037
-7.0227
-6.99086
-6.95677
-6.92205
-6.89432
-6.8761
-6.86588
-6.86238
-6.8628
-6.86619
-6.86526
-6.86383
-6.86169
-6.86098
-6.86025
-6.86354
-6.86748
-6.87487
-6.88118
-6.88571
-6.88719
-6.88367
-6.88073
-6.87603
-6.86628
-6.85825
-6.84793
-6.83958
-6.83313
-6.83154
-6.83327
-6.84258
-6.86001
-6.87897
-6.90204
-6.92466
-6.94649
-6.96319
-6.97658
-6.98546
-6.98765
-6.98257
-6.97323
-6.96102
-6.95035
-6.93857
-6.93392
-6.93621
-6.94021
-6.94524
-6.95136
-6.95773
-6.9587
-6.95876
-6.95701
-6.95054
-6.94107
-6.93151
-6.92378
-6.9202
-6.91847
-6.92037
-6.92203
-6.92471
-6.92481
-6.92131
-6.91341
-6.90258
-6.88813
-6.87789
-6.8692
-6.86198
-6.8654
-6.872
-6.88315
-6.90147
-6.91953
-6.93232
-6.94499
-6.94882
-6.94955
-6.94538
-6.93987
-6.93581
-6.93605
-6.94037
-6.94764
-6.95651
-6.96506
-6.96787
-6.96541
-6.95716
-6.94767
-6.93863
-6.92856
-6.92283
-6.92402
-6.92434
-6.92788
-6.93011
-6.93237
-6.93576
-6.93349
-6.9282
-6.91992
-6.90941
-6.89649
-6.88655
-6.8787
-6.87381
-6.8749
-6.88245
-6.89429
-6.91215
-6.92814
-6.94307
-6.95599
-6.96162
-6.96421
-6.96044
-6.9545
-6.94617
-6.93932
-6.93264
-6.92961
-6.93228
-6.93331
-6.93485
-6.93621
-6.93312
-6.92775
-6.91995
-6.9128
-6.9071
-6.90508
-6.90535
-6.90918
-6.9137
-6.92223
-6.93024
-6.93782
-6.94411
-6.94941
-6.95307
-6.95739
-6.95783
-6.95562
-6.94736
-6.94024
-6.93158
-6.92436
-6.91952
-6.91838
-6.9204
-6.91643
-6.91271
-6.9065
-6.89579
-6.88542
-6.87633
-6.87149
-6.87082
-6.87318
-6.87924
-6.89191
-6.89897
-6.90634
-6.91051
-6.909
-6.90388
-6.8987
-6.88933
-6.88234
-6.87957
-6.88078
-6.88473
-6.89443
-6.90709
-6.92258
-6.93941
-6.95533
-6.97054
-6.98419
-6.99313
-6.99943
-6.99916
-6.99413
-6.98788
-6.9819
-6.9748
-6.96764
-6.95892
-6.95514
-6.95172
-6.94915
-6.94569
-6.94346
-6.9394
-6.9366
-6.93233
-6.92573
-6.92263
-6.91619
-6.90586
-6.8975
-6.88872
-6.87644
-6.86064
-6.83935
-6.81742
-6.79831
-6.78186
-6.77475
-6.77706
-6.78784
-6.80745
-6.83593
-6.87019
-6.90175
-6.93222
-6.95568
-6.97303
-6.98428
-6.98416
-6.97969
-6.96985
-6.96058
-6.95347
-6.95087
-6.95368
-6.95905
-6.96517
-6.96872
-6.9713
-6.96955
-6.96162
-6.94847
-6.93232
-6.91708
-6.90543
-6.89474
-6.88332
-6.87836
-6.87343
-6.87041
-6.87017
-6.87263
-6.87393
-6.88119
-6.88969
-6.90396
-6.91686
-6.93117
-6.94482
-6.95844
-6.96738
-6.97233
-6.971
-6.96837
-6.96078
-6.95188
-6.94398
-6.93409
-6.92448
-6.91867
-6.91081
-6.90683
-6.90631
-6.91087
-6.91831
-6.92863
-6.9425
-6.9585
-6.97038
-6.97584
-6.97815
-6.97715
-6.96921
-6.95981
-6.94823
-6.9372
-6.9265
-6.91514
-6.9051
-6.89583
-6.8885
-6.88782
-6.88955
-6.89223
-6.89059
-6.88775
-6.88585
-6.88512
-6.88584
-6.89151
-6.8975
-6.9059
-6.91333
-6.91968
-6.92012
-6.91795
-6.91114
-6.89853
-6.88517
-6.8717
-6.86164
-6.85351
-6.85198
-6.85721
-6.86436
-6.87205
-6.88066
-6.89146
-6.90575
-6.92128
-6.93852
-6.95265
-6.96299
-6.97183
-6.97704
-6.97546
-6.96957
-6.96023
-6.95026
-6.93803
-6.92878
-6.92232
-6.91939
-6.92238
-6.92895
-6.93744
-6.94618
-6.95474
-6.9626
-6.96677
-6.96665
-6.96239
-6.95603
-6.94255
-6.93143
-6.91799
-6.90425
-6.8909
-6.87965
-6.86964
-6.86189
-6.85833
-6.8595
-6.86566
-6.87822
-6.89645
-6.91653
-6.93854
-6.95706
-6.9684
-6.97387
-6.97405
-6.97198
-6.96237
-6.95145
-6.94235
-6.93094
-6.92142
-6.91205
-6.90496
-6.89605
-6.89136
-6.89075
-6.89072
-6.8925
-6.89675
-6.9044
-6.91162
-6.91944
-6.929
-6.93779
-6.94214
-6.94439
-6.94404
-6.94195
-6.93817
-6.93275
-6.92262
-6.91422
-6.90942
-6.90654
-6.90687
-6.91287
-6.92144
-6.93279
-6.9422
-6.94998
-6.9564
-6.95775
-6.95285
-6.9466
-6.93967
-6.93238
-6.92533
-6.92308
-6.92187
-6.92276
-6.9256
-6.93018
-6.93754
-6.9447
-6.95462
-6.96222
-6.96933
-6.97503
-6.97968
-6.98048
-6.97447
-6.96877
-6.96286
-6.95131
-6.93782
-6.92379
-6.91237
-6.90449
-6.8967
-6.89088
-6.885
-6.87922
-6.87357
-6.86678
-6.86
-6.85402
-6.84922
-6.84626
-6.84768
-6.85223
-6.86181
-6.8748
-6.88815
-6.90496
-6.92164
-6.9366
-6.9526
-6.96663
-6.97419
-6.98106
-6.98666
-6.98578
-6.98248
-6.97729
-6.9685
-6.95606
-6.94316
-6.92812
-6.91317
-6.90235
-6.8924
-6.88089
-6.87245
-6.86794
-6.86777
-6.87182
-6.87808
-6.88577
-6.89427
-6.90083
-6.90614
-6.91093
-6.91077
-6.90727
-6.90479
-6.90479
-6.90946
-6.91755
-6.9318
-6.94701
-6.95951
-6.96858
-6.97413
-6.97505
-6.96618
-6.9553
-6.94053
-6.92267
-6.90586
-6.89022
-6.8775
-6.86587
-6.86005
-6.85791
-6.86186
-6.86691
-6.87442
-6.88324
-6.89363
-6.9047
-6.91601
-6.92469
-6.93533
-6.94401
-6.95206
-6.95654
-6.96077
-6.9621
-6.96329
-6.96471
-6.96286
-6.95833
-6.95379
-6.94975
-6.94692
-6.93922
-6.93249
-6.92161
-6.91607
-6.91001
-6.90773
-6.90891
-6.91178
-6.91615
-6.92094
-6.92598
-6.93141
-6.93439
-6.93706
-6.94007
-6.94025
-6.93855
-6.93598
-6.93854
-6.93817
-6.93815
-6.94373
-6.94448
-6.94376
-6.94012
-6.93657
-6.93086
-6.92348
-6.91784
-6.9128
-6.90737
-6.90182
-6.89536
-6.89141
-6.88839
-6.88915
-6.89218
-6.90277
-6.91658
-6.9311
-6.94897
-6.96265
-6.97481
-6.98305
-6.98454
-6.98325
-6.97367
-6.95918
-6.9403
-6.92033
-6.90113
-6.88125
-6.86476
-6.85409
-6.84559
-6.84431
-6.84722
-6.85518
-6.86979
-6.88608
-6.89996
-6.9114
-6.91943
-6.92254
-6.92091
-6.91847
-6.91532
-6.91351
-6.91122
-6.90739
-6.91041
-6.9151
-6.91759
-6.92015
-6.92028
-6.91612
-6.90895
-6.89802
-6.88941
-6.8824
-6.88183
-6.88573
-6.89513
-6.90901
-6.92519
-6.94063
-6.95315
-6.96442
-6.97124
-6.97478
-6.97521
-6.97357
-6.96843
-6.96309
-6.95311
-6.94286
-6.92969
-6.91768
-6.90646
-6.89954
-6.89573
-6.89112
-6.89143
-6.89277
-6.89375
-6.89487
-6.8975
-6.90428
-6.91049
-6.91857
-6.93017
-6.93878
-6.95019
-6.9564
-6.96123
-6.96616
-6.96656
-6.96435
-6.96019
-6.95405
-6.94679
-6.93785
-6.93148
-6.9242
-6.91816
-6.91288
-6.91159
-6.90994
-6.91122
-6.91223
-6.91657
-6.92387
-6.93566
-6.94749
-6.95865
-6.96697
-6.97525
-6.97687
-6.9735
-6.96395
-6.95366
-6.93947
-6.92679
-6.91601
-6.9081
-6.90577
-6.90519
-6.90691
-6.90981
-6.91134
-6.91024
-6.90711
-6.90242
-6.89904
-6.89685
-6.89539
-6.89946
-6.90387
-6.91167
-6.92095
-6.92816
-6.93456
-6.93742
-6.9365
-6.93528
-6.92692
-6.91987
-6.91025
-6.90353
-6.89554
-6.89222
-6.88869
-6.88496
-6.88476
-6.88599
-6.89187
-6.90324
-6.91526
-6.93113
-6.94622
-6.95878
-6.96901
-6.97643
-6.97962
-6.9766
-6.9694
-6.95847
-6.94378
-6.92764
-6.91138
-6.89824
-6.88825
-6.88308
-6.87637
-6.87588
-6.88188
-6.88994
-6.90262
-6.9185
-6.93678
-6.95193
-6.96575
-6.97324
-6.98098
-6.98969
-6.99294
-6.99279
-6.99463
-6.99714
-6.99218
-6.9882
-6.98
-6.96971
-6.95581
-6.94316
-6.92732
-6.90883
-6.88974
-6.87087
-6.85479
-6.84376
-6.83516
-6.83275
-6.83545
-6.84426
-6.85654
-6.87123
-6.88692
-6.90034
-6.91011
-6.91781
-6.92583
-6.93099
-6.93635
-6.94517
-6.95607
-6.96855
-6.97932
-6.98778
-6.99079
-6.98678
-6.97963
-6.971
-6.96057
-6.95168
-6.94309
-6.93446
-6.93037
-6.92428
-6.92157
-6.91736
-6.91827
-6.92082
-6.92177
-6.92428
-6.92751
-6.92762
-6.92726
-6.92371
-6.91874
-6.91033
-6.90166
-6.8891
-6.87182
-6.84874
-6.82336
-6.80113
-6.78184
-6.76952
-6.76137
-6.76041
-6.76198
-6.76309
-6.75983
-6.75689
-6.74416
-6.73276
-6.71796
-6.70553
-6.69623
-6.69318
-6.6987
-6.71164
-6.72708
-6.74309
-6.75992
-6.7748
-6.79103
-6.80764
-6.82265
-6.83591
-6.84177
-6.84027
-6.83212
-6.81977
-6.80878
-6.79302
-6.7792
-6.76697
-6.75543
-6.74519
-6.73714
-6.72976
-6.71847
-6.70297
-6.68981
-6.67565
-6.66109
-6.64946
-6.64597
-6.64336
-6.64813
-6.65993
-6.68112
-6.70991
-6.74054
-6.76857
-6.79731
-6.81804
-6.83674
-6.85237
-6.86805
-6.88335
-6.89422
-6.90316
-6.91202
-6.91629
-6.91922
-6.91616
-6.91128
-6.90435
-6.8924
-6.88368
-6.87502
-6.86517
-6.8531
-6.83864
-6.82031
-6.79776
-6.77031
-6.74136
-6.7113
-6.68342
-6.66077
-6.64439
-6.63564
-6.63323
-6.63551
-6.64196
-6.65456
-6.66574
-6.67617
-6.68599
-6.698
-6.70771
-6.71789
-6.73512
-6.75328
-6.77576
-6.79963
-6.8216
-6.84298
-6.85938
-6.86828
-6.87005
-6.86599
-6.85655
-6.84254
-6.83005
-6.81381
-6.7986
-6.78118
-6.76521
-6.75271
-6.74307
-6.73985
-6.743
-6.75022
-6.76236
-6.77443
-6.78754
-6.79921
-6.80327
-6.8028
-6.79867
-6.79039
-6.77895
-6.76502
-6.75155
-6.73858
-6.72336
-6.70912
-6.6993
-6.68995
-6.6863
-6.68492
-6.68787
-6.69259
-6.69995
-6.71263
-6.72335
-6.73515
-6.74724
-6.75981
-6.77174
-6.78779
-6.80429
-6.82203
-6.83917
-6.85186
-6.86279
-6.87312
-6.87768
-6.88029
-6.87828
-6.87288
-6.86726
-6.85844
-6.84706
-6.83195
-6.813
-6.78808
-6.75485
-6.72534
-6.6974
-6.67388
-6.65909
-6.65019
-6.65418
-6.66516
-6.67958
-6.70234
-6.72765
-6.75283
-6.77696
-6.79636
-6.80864
-6.81494
-6.8157
-6.81279
-6.80874
-6.80688
-6.80597
-6.80587
-6.8096
-6.8136
-6.81559
-6.81791
-6.81988
-6.8208
-6.82176
-6.82136
-6.81709
-6.80998
-6.80069
-6.79079
-6.77701
-6.75934
-6.74356
-6.72625
-6.71067
-6.6974
-6.68744
-6.68299
-6.68123
-6.68466
-6.68804
-6.69307
-6.69465
-6.69799
-6.70526
-6.71709
-6.73061
-6.74959
-6.7649
-6.7824
-6.79975
-6.81432
-6.82792
-6.84266
-6.85659
-6.86821
-6.87823
-6.88181
-6.88098
-6.87262
-6.85745
-6.84036
-6.82344
-6.80674
-6.78953
-6.77543
-6.76527
-6.75786
-6.75009
-6.74139
-6.73509
-6.72997
-6.72828
-6.73108
-6.7395
-6.75701
-6.77911
-6.806
-6.83008
-6.84266
-6.84797
-6.84223
-6.82625
-6.80371
-6.78079
-6.7615
-6.75485
-6.75938
-6.77114
-6.78689
-6.80214
-6.81475
-6.82426
-6.82796
-6.8259
-6.81699
-6.80843
-6.79787
-6.78913
-6.78145
-6.77688
-6.77249
-6.76711
-6.76783
-6.76963
-6.77014
-6.77148
-6.77202
-6.77456
-6.77637
-6.78029
-6.78033
-6.77825
-6.77431
-6.77001
-6.76312
-6.75417
-6.74428
-6.7341
-6.72738
-6.72502
-6.72556
-6.73144
-6.74063
-6.7502
-6.76191
-6.7709
-6.78031
-6.78407
-6.78108
-6.77204
-6.75579
-6.73566
-6.71347
-6.68994
-6.66947
-6.65629
-6.65321
-6.65584
-6.66856
-6.68971
-6.71549
-6.74224
-6.76809
-6.79532
-6.81911
-6.8362
-6.84705
-6.85205
-6.84928
-6.84442
-6.83542
-6.82467
-6.8165
-6.80766
-6.80212
-6.79368
-6.7857
-6.77868
-6.77611
-6.77356
-6.77433
-6.78131
-6.78829
-6.79549
-6.7972
-6.80149
-6.80402
-6.79941
-6.7972
-6.79677
-6.79909
-6.80261
-6.80577
-6.80815
-6.8077
-6.80355
-6.79295
-6.77621
-6.75757
-6.73833
-6.71523
-6.69404
-6.67441
-6.65911
-6.64977
-6.6517
-6.66468
-6.68659
-6.71332
-6.74488
-6.77427
-6.80029
-6.81838
-6.82965
-6.83417
-6.83109
-6.82285
-6.81131
-6.79323
-6.77763
-6.76295
-6.75108
-6.74473
-6.73974
-6.73645
-6.72523
-6.72144
-6.71973
-6.72201
-6.73083
-6.74514
-6.76403
-6.78628
-6.80849
-6.82322
-6.83162
-6.82882
-6.81621
-6.79623
-6.77073
-6.74883
-6.72921
-6.71763
-6.71481
-6.71959
-6.73114
-6.74334
-6.7532
-6.76111
-6.76678
-6.7692
-6.76972
-6.76739
-6.76765
-6.76869
-6.77343
-6.7795
-6.78709
-6.7936
-6.79584
-6.79721
-6.79543
-6.79182
-6.78655
-6.78193
-6.7769
-6.77191
-6.76843
-6.76857
-6.76845
-6.77
-6.77297
-6.77489
-6.77587
-6.77337
-6.77032
-6.76783
-6.76289
-6.75758
-6.75111
-6.74368
-6.73468
-6.72713
-6.72191
-6.71565
-6.71259
-6.71066
-6.71139
-6.71253
-6.71894
-6.72389
-6.73202
-6.74275
-6.75395
-6.7611
-6.76876
-6.77249
-6.77495
-6.77492
-6.77818
-6.7827
-6.78913
-6.80063
-6.81538
-6.8275
-6.84223
-6.84911
-6.8542
-6.84984
-6.84188
-6.82921
-6.81296
-6.79758
-6.77922
-6.75908
-6.73965
-6.72139
-6.70317
-6.6839
-6.67141
-6.66278
-6.65973
-6.6651
-6.67638
-6.6934
-6.71902
-6.74148
-6.76963
-6.79575
-6.82307
-6.8463
-6.86135
-6.87063
-6.87271
-6.86651
-6.85581
-6.84211
-6.82717
-6.81187
-6.79932
-6.7895
-6.78528
-6.78476
-6.78808
-6.79438
-6.80356
-6.80774
-6.81027
-6.80817
-6.79958
-6.78646
-6.77262
-6.75993
-6.7445
-6.73278
-6.72736
-6.72517
-6.7284
-6.73579
-6.74062
-6.7496
-6.7601
-6.77092
-6.78195
-6.79042
-6.79403
-6.79428
-6.78756
-6.77584
-6.76425
-6.7514
-6.74143
-6.73203
-6.72714
-6.72362
-6.72399
-6.72676
-6.72973
-6.74006
-6.7487
-6.75472
-6.76738
-6.7754
-6.78716
-6.79644
-6.80437
-6.81004
-6.81454
-6.8172
-6.81854
-6.81849
-6.81147
-6.80106
-6.78544
-6.7639
-6.7406
-6.71604
-6.69552
-6.68029
-6.67592
-6.68339
-6.70243
-6.73246
-6.76665
-6.80276
-6.83367
-6.86064
-6.87815
-6.88365
-6.88058
-6.86276
-6.83842
-6.8124
-6.78933
-6.76755
-6.75111
-6.74088
-6.73768
-6.74041
-6.74912
-6.75981
-6.77588
-6.79166
-6.80757
-6.82386
-6.83612
-6.84549
-6.8523
-6.85224
-6.84589
-6.83259
-6.81089
-6.78315
-6.74855
-6.71577
-6.68633
-6.66173
-6.64696
-6.6383
-6.6378
-6.64533
-6.66311
-6.68526
-6.71231
-6.7419
-6.77114
-6.79909
-6.82375
-6.83898
-6.84857
-6.85044
-6.84719
-6.83999
-6.8268
-6.81676
-6.80203
-6.78846
-6.77641
-6.7636
-6.75084
-6.73996
-6.73086
-6.72545
-6.72567
-6.73195
-6.74316
-6.75882
-6.77779
-6.79934
-6.8171
-6.83208
-6.84004
-6.84026
-6.83212
-6.82087
-6.80857
-6.79512
-6.78227
-6.77126
-6.75908
-6.74831
-6.73827
-6.72872
-6.7186
-6.70788
-6.70338
-6.70019
-6.69676
-6.69636
-6.69738
-6.7022
-6.70806
-6.71744
-6.73318
-6.74677
-6.75872
-6.76576
-6.7688
-6.76566
-6.75908
-6.75255
-6.74537
-6.74234
-6.73976
-6.73938
-6.73706
-6.73598
-6.7353
-6.73404
-6.73289
-6.73431
-6.73728
-6.74328
-6.75156
-6.7666
-6.78041
-6.7968
-6.81139
-6.82493
-6.83333
-6.83532
-6.83326
-6.83276
-6.82713
-6.81623
-6.80632
-6.79093
-6.77747
-6.7626
-6.74644
-6.73622
-6.72558
-6.71937
-6.71446
-6.7102
-6.7093
-6.70542
-6.70584
-6.70692
-6.71093
-6.71766
-6.72894
-6.74742
-6.77655
-6.81379
-6.84886
-6.8813
-6.9057
-6.92181
-6.92811
-6.9218
-6.90736
-6.88226
-6.85268
-6.82545
-6.80085
-6.78355
-6.77138
-6.7696
-6.77289
-6.77625
-6.78152
-6.7845
-6.78138
-6.7734
-6.76148
-6.74807
-6.73513
-6.72403
-6.7143
-6.71096
-6.7106
-6.71735
-6.72442
-6.73426
-6.74499
-6.75314
-6.76023
-6.76357
-6.76145
-6.75376
-6.74179
-6.72673
-6.70723
-6.68645
-6.66688
-6.65229
-6.6427
-6.64465
-6.65404
-6.67632
-6.70596
-6.73994
-6.77261
-6.80361
-6.82966
-6.84973
-6.86224
-6.87166
-6.87629
-6.88281
-6.8867
-6.88813
-6.88343
-6.87842
-6.8715
-6.86573
-6.86197
-6.85884
-6.85739
-6.85681
-6.85393
-6.85238
-6.84597
-6.83757
-6.82976
-6.81604
-6.80093
-6.78167
-6.7631
-6.74573
-6.73209
-6.72151
-6.71873
-6.71964
-6.72585
-6.7341
-6.74294
-6.74965
-6.75077
-6.74423
-6.7323
-6.71319
-6.69079
-6.66997
-6.65273
-6.64019
-6.63357
-6.63316
-6.63821
-6.64809
-6.6647
-6.68573
-6.71213
-6.73892
-6.76427
-6.78446
-6.79324
-6.79491
-6.78661
-6.77119
-6.75448
-6.73775
-6.72922
-6.72824
-6.73307
-6.74566
-6.765
-6.78785
-6.80835
-6.83084
-6.84909
-6.86405
-6.87572
-6.88172
-6.88962
-6.89255
-6.89866
-6.90419
-6.90433
-6.90122
-6.89857
-6.89339
-6.8819
-6.86959
-6.85758
-6.84361
-6.82582
-6.8093
-6.79051
-6.77201
-6.7575
-6.74924
-6.7486
-6.75288
-6.76391
-6.77887
-6.78919
-6.79523
-6.7966
-6.79125
-6.77868
-6.76198
-6.7444
-6.72725
-6.71415
-6.70742
-6.70814
-6.71167
-6.71642
-6.72131
-6.71756
-6.70956
-6.69813
-6.68714
-6.67498
-6.66731
-6.66206
-6.66338
-6.67531
-6.69253
-6.71241
-6.73301
-6.75203
-6.77106
-6.7836
-6.79317
-6.79668
-6.79308
-6.78662
-6.77983
-6.77083
-6.76247
-6.75694
-6.75423
-6.75962
-6.7685
-6.78155
-6.79783
-6.81462
-6.82411
-6.82638
-6.82048
-6.80881
-6.79293
-6.77787
-6.76435
-6.75727
-6.75554
-6.76225
-6.78049
-6.80335
-6.82812
-6.85031
-6.86679
-6.87688
-6.87955
-6.872
-6.85863
-6.84026
-6.81851
-6.79871
-6.77946
-6.76631
-6.75951
-6.75173
-6.74588
-6.73885
-6.72991
-6.71681
-6.70238
-6.68804
-6.67786
-6.67309
-6.67521
-6.68311
-6.69939
-6.71816
-6.73799
-6.7535
-6.76576
-6.77405
-6.77504
-6.7704
-6.76053
-6.74791
-6.73836
-6.73546
-6.74318
-6.7551
-6.77045
-6.79245
-6.81349
-6.8326
-6.84655
-6.85247
-6.84394
-6.82743
-6.80288
-6.77675
-6.75011
-6.72812
-6.71184
-6.70621
-6.71059
-6.72783
-6.75029
-6.77663
-6.80603
-6.83191
-6.8581
-6.8769
-6.88924
-6.89609
-6.89451
-6.89031
-6.87963
-6.86951
-6.85582
-6.83687
-6.81623
-6.79238
-6.76844
-6.7468
-6.72694
-6.71428
-6.70621
-6.70128
-6.7017
-6.70239
-6.70558
-6.71045
-6.71753
-6.72135
-6.72096
-6.7206
-6.71682
-6.71292
-6.71343
-6.71568
-6.72175
-6.72843
-6.73249
-6.73897
-6.74302
-6.74608
-6.75166
-6.75762
-6.76312
-6.7689
-6.77639
-6.77931
-6.78204
-6.78112
-6.77682
-6.77305
-6.77129
-6.77557
-6.78507
-6.80397
-6.82548
-6.84191
-6.85662
-6.86384
-6.86098
-6.84773
-6.824
-6.79535
-6.76358
-6.7304
-6.70155
-6.68049
-6.67052
-6.66761
-6.67647
-6.69117
-6.70484
-6.71599
-6.72216
-6.72479
-6.72518
-6.72114
-6.71877
-6.71986
-6.72318
-6.72807
-6.73546
-6.74458
-6.75201
-6.7668
-6.78172
-6.79927
-6.8202
-6.84387
-6.86168
-6.87299
-6.87224
-6.86022
-6.83683
-6.80216
-6.76176
-6.72032
-6.6846
-6.66346
-6.65217
-6.6553
-6.67217
-6.69813
-6.72812
-6.76045
-6.78498
-6.80411
-6.81572
-6.81794
-6.81411
-6.80765
-6.79709
-6.78476
-6.76919
-6.75267
-6.73357
-6.71302
-6.69088
-6.67186
-6.65922
-6.65142
-6.64877
-6.65725
-6.67577
-6.69909
-6.72968
-6.76217
-6.79541
-6.82335
-6.84518
-6.85876
-6.8655
-6.86541
-6.85638
-6.8471
-6.83163
-6.81557
-6.7977
-6.77642
-6.75535
-6.73
-6.70952
-6.68816
-6.67192
-6.66207
-6.65821
-6.66031
-6.6694
-6.67971
-6.68916
-6.70105
-6.7085
-6.71492
-6.72109
-6.72442
-6.7289
-6.7321
-6.73535
-6.73548
-6.73453
-6.73054
-6.72112
-6.70909
-6.69725
-6.6855
-6.68241
-6.68307
-6.69194
-6.70854
-6.72706
-6.74936
-6.77035
-6.79195
-6.81087
-6.82408
-6.83582
-6.84179
-6.84197
-6.83628
-6.82751
-6.81694
-6.80143
-6.78148
-6.76472
-6.74818
-6.73514
-6.7274
-6.71973
-6.71633
-6.71245
-6.71378
-6.71861
-6.72675
-6.73604
-6.74173
-6.74782
-6.74511
-6.74086
-6.73039
-6.71993
-6.71093
-6.7027
-6.69543
-6.69385
-6.69138
-6.68584
-6.68451
-6.67887
-6.67615
-6.67729
-6.68209
-6.68655
-6.69125
-6.70092
-6.71523
-6.73068
-6.74838
-6.77183
-6.80137
-6.82852
-6.85521
-6.87658
-6.89218
-6.89946
-6.90012
-6.8919
-6.87407
-6.85723
-6.83825
-6.82009
-6.80061
-6.77951
-6.75846
-6.74153
-6.72639
-6.71688
-6.71193
-6.71409
-6.72183
-6.73578
-6.75233
-6.77288
-6.79085
-6.80704
-6.81647
-6.81837
-6.81434
-6.80409
-6.78522
-6.76343
-6.73888
-6.71438
-6.69429
-6.67198
-6.65628
-6.64632
-6.64142
-6.64622
-6.65741
-6.67686
-6.7017
-6.72755
-6.74835
-6.76408
-6.77186
-6.76925
-6.75821
-6.7397
-6.7199
-6.70176
-6.68922
-6.68474
-6.68767
-6.69975
-6.71554
-6.73616
-6.75771
-6.7766
-6.79419
-6.80842
-6.8182
-6.82569
-6.83117
-6.83979
-6.84355
-6.8441
-6.84262
-6.83861
-6.83057
-6.82118
-6.81057
-6.79824
-6.78251
-6.76918
-6.75683
-6.74351
-6.73164
-6.7223
-6.71498
-6.71393
-6.71572
-6.72337
-6.73028
-6.7364
-6.74576
-6.75505
-6.76084
-6.76691
-6.77108
-6.7803
-6.78701
-6.7926
-6.79808
-6.80135
-6.80376
-6.80219
-6.79586
-6.78769
-6.77913
-6.77044
-6.76002
-6.75122
-6.74031
-6.72787
-6.7203
-6.7133
-6.70373
-6.69484
-6.68855
-6.68401
-6.679
-6.6782
-6.68228
-6.68784
-6.7009
-6.71365
-6.73215
-6.75057
-6.76895
-6.78852
-6.80093
-6.8063
-6.80475
-6.79557
-6.78052
-6.76378
-6.74651
-6.73022
-6.71807
-6.71604
-6.72131
-6.72897
-6.7396
-6.75259
-6.76602
-6.77747
-6.78616
-6.79413
-6.79877
-6.80148
-6.80087
-6.80062
-6.79604
-6.78981
-6.77922
-6.76549
-6.7482
-6.72677
-6.70858
-6.69623
-6.68918
-6.68859
-6.69516
-6.7081
-6.72734
-6.7472
-6.77149
-6.79637
-6.81663
-6.82995
-6.83534
-6.83381
-6.8227
-6.80475
-6.78385
-6.75832
-6.73417
-6.71184
-6.69731
-6.68905
-6.69065
-6.6977
-6.71042
-6.7214
-6.72892
-6.72962
-6.72424
-6.71703
-6.70945
-6.70161
-6.69819
-6.69972
-6.70761
-6.7196
-6.73401
-6.75089
-6.76492
-6.77694
-6.78362
-6.78323
-6.77915
-6.76333
-6.74828
-6.73236
-6.72038
-6.71334
-6.71292
-6.71805
-6.7304
-6.74866
-6.77002
-6.79244
-6.81174
-6.82607
-6.83745
-6.84308
-6.84412
-6.84811
-6.84552
-6.84273
-6.83563
-6.82462
-6.81183
-6.79317
-6.76939
-6.74274
-6.71836
-6.69236
-6.6712
-6.6563
-6.65244
-6.65609
-6.66862
-6.68901
-6.71384
-6.73769
-6.75817
-6.77127
-6.77373
-6.77091
-6.75939
-6.74774
-6.73658
-6.73104
-6.73348
-6.74199
-6.75463
-6.7685
-6.78137
-6.78944
-6.78926
-6.78275
-6.77525
-6.76598
-6.76227
-6.76338
-6.76762
-6.77045
-6.77455
-6.77426
-6.76743
-6.76073
-6.75364
-6.7491
-6.74766
-6.75017
-6.75253
-6.7584
-6.76331
-6.77197
-6.77706
-6.78063
-6.77798
-6.77062
-6.76186
-6.74844
-6.73229
-6.71513
-6.70323
-6.70014
-6.70159
-6.71393
-6.73275
-6.75272
-6.77103
-6.79011
-6.80152
-6.80514
-6.80057
-6.78758
-6.76657
-6.74438
-6.72117
-6.69892
-6.6878
-6.68535
-6.69606
-6.7186
-6.74868
-6.78323
-6.81685
-6.84805
-6.86893
-6.88007
-6.88208
-6.87549
-6.86075
-6.83665
-6.80945
-6.78149
-6.75698
-6.73579
-6.71917
-6.70947
-6.70159
-6.69966
-6.69939
-6.70207
-6.70828
-6.71573
-6.72664
-6.73723
-6.74803
-6.75507
-6.75901
-6.75705
-6.75317
-6.7459
-6.73726
-6.73542
-6.73683
-6.74346
-6.75613
-6.7786
-6.80304
-6.82665
-6.84489
-6.85247
-6.846
-6.81885
-6.78223
-6.73833
-6.69923
-6.66761
-6.65224
-6.65353
-6.66926
-6.69394
-6.72304
-6.74991
-6.77205
-6.78594
-6.79526
-6.79219
-6.77952
-6.75889
-6.73309
-6.70847
-6.68677
-6.67028
-6.66096
-6.65931
-6.66334
-6.67372
-6.6882
-6.70813
-6.72912
-6.75601
-6.7886
-6.82511
-6.86007
-6.89038
-6.91129
-6.92632
-6.92783
-6.91432
-6.89116
-6.85746
-6.81894
-6.77703
-6.74034
-6.71025
-6.69628
-6.69326
-6.70582
-6.72918
-6.75684
-6.78722
-6.81321
-6.8351
-6.8492
-6.85624
-6.85551
-6.84601
-6.82815
-6.80137
-6.76603
-6.73203
-6.69258
-6.65958
-6.62674
-6.60071
-6.57959
-6.56336
-6.54856
-6.5381
-6.53183
-6.52996
-6.531
-6.53723
-6.55167
-6.57492
-6.60824
-6.64754
-6.69117
-6.7377
-6.78277
-6.8244
-6.8569
-6.88008
-6.89216
-6.89174
-6.88749
-6.87709
-6.86369
-6.84781
-6.8344
-6.82286
-6.81326
-6.8055
-6.80316
-6.80279
-6.80531
-6.80989
-6.81288
-6.81221
-6.81088
-6.80658
-6.80345
-6.79624
-6.78924
-6.783
-6.78185
-6.78162
-6.78258
-6.7823
-6.78269
-6.78197
-6.77672
-6.7708
-6.7585
-6.74421
-6.72622
-6.70902
-6.69223
-6.68016
-6.66999
-6.66633
-6.66631
-6.66869
-6.67651
-6.68662
-6.69498
-6.70504
-6.71478
-6.72129
-6.72609
-6.7302
-6.73001
-6.73135
-6.73179
-6.73132
-6.73289
-6.73401
-6.73485
-6.73295
-6.73154
-6.73041
-6.72705
-6.72205
-6.71314
-6.70212
-6.68727
-6.67247
-6.66487
-6.66002
-6.66547
-6.67879
-6.70007
-6.72736
-6.75506
-6.78285
-6.80589
-6.82052
-6.83262
-6.83217
-6.82701
-6.81925
-6.80585
-6.79223
-6.77765
-6.76843
-6.76656
-6.77056
-6.78287
-6.8009
-6.82212
-6.84399
-6.85852
-6.87214
-6.87809
-6.87778
-6.86747
-6.85231
-6.83278
-6.8108
-6.78738
-6.76491
-6.74461
-6.72726
-6.71208
-6.69796
-6.68378
-6.67261
-6.66614
-6.65992
-6.65683
-6.65807
-6.66485
-6.67855
-6.69017
-6.70494
-6.71836
-6.7311
-6.73848
-6.74751
-6.753
-6.75461
-6.75182
-6.74667
-6.73957
-6.72733
-6.71266
-6.69748
-6.68117
-6.66322
-6.64537
-6.63401
-6.62815
-6.63463
-6.64574
-6.66584
-6.68996
-6.71715
-6.74075
-6.76288
-6.77651
-6.78573
-6.78871
-6.78323
-6.77203
-6.75849
-6.74582
-6.73907
-6.7395
-6.74955
-6.76629
-6.78758
-6.81392
-6.84121
-6.86428
-6.88074
-6.88984
-6.89489
-6.89154
-6.8795
-6.86459
-6.84409
-6.82291
-6.79974
-6.78194
-6.76495
-6.75013
-6.73954
-6.73753
-6.73813
-6.74213
-6.7456
-6.74833
-6.74687
-6.74215
-6.73363
-6.72353
-6.71429
-6.70619
-6.69845
-6.69328
-6.6906
-6.69322
-6.69953
-6.71186
-6.73122
-6.7507
-6.7728
-6.79056
-6.80055
-6.80289
-6.79369
-6.78147
-6.75966
-6.73337
-6.70966
-6.6861
-6.66813
-6.65417
-6.64686
-6.64686
-6.65144
-6.66387
-6.68139
-6.70404
-6.72288
-6.73759
-6.74437
-6.74289
-6.73219
-6.72065
-6.70686
-6.69526
-6.68665
-6.68521
-6.69071
-6.69971
-6.71436
-6.72653
-6.7409
-6.75398
-6.76461
-6.77814
-6.78939
-6.80383
-6.82022
-6.83917
-6.8607
-6.88432
-6.90264
-6.91497
-6.92318
-6.92212
-6.91223
-6.89708
-6.87555
-6.84832
-6.81756
-6.78319
-6.75147
-6.72635
-6.70373
-6.69363
-6.68955
-6.69172
-6.69766
-6.70698
-6.71397
-6.72163
-6.7259
-6.72419
-6.72004
-6.71405
-6.70268
-6.69101
-6.68277
-6.67561
-6.67413
-6.67763
-6.68735
-6.69867
-6.71421
-6.73069
-6.7449
-6.75553
-6.76229
-6.76703
-6.76551
-6.76017
-6.7552
-6.74688
-6.73601
-6.72968
-6.72201
-6.71944
-6.72012
-6.7219
-6.72481
-6.73005
-6.73491
-6.73762
-6.73624
-6.73158
-6.72782
-6.72606
-6.72554
-6.72674
-6.72991
-6.73873
-6.74877
-6.75744
-6.76825
-6.78015
-6.7888
-6.79769
-6.80703
-6.81018
-6.81027
-6.81017
-6.81525
-6.82174
-6.83124
-6.84049
-6.84596
-6.85072
-6.85228
-6.8491
-6.84052
-6.82797
-6.81118
-6.7846
-6.75412
-6.72206
-6.69376
-6.66735
-6.65036
-6.63951
-6.63479
-6.63366
-6.63786
-6.64746
-6.65576
-6.66842
-6.68289
-6.6977
-6.71133
-6.72631
-6.74072
-6.75258
-6.76653
-6.77977
-6.79108
-6.808
-6.82872
-6.84626
-6.85926
-6.86493
-6.86189
-6.84744
-6.82518
-6.79628
-6.76441
-6.72777
-6.69572
-6.6715
-6.65402
-6.64803
-6.65418
-6.67021
-6.69087
-6.7122
-6.73255
-6.74829
-6.76039
-6.77067
-6.77768
-6.77733
-6.77704
-6.77044
-6.7617
-6.75151
-6.74056
-6.7334
-6.73174
-6.74138
-6.75702
-6.77328
-6.78759
-6.80035
-6.80562
-6.80713
-6.80526
-6.79412
-6.78227
-6.76914
-6.75273
-6.73982
-6.72927
-6.72177
-6.71603
-6.71087
-6.71007
-6.70918
-6.71306
-6.71907
-6.72465
-6.72923
-6.73534
-6.7428
-6.74877
-6.75465
-6.7613
-6.76822
-6.77552
-6.7811
-6.78528
-6.78906
-6.79812
-6.80903
-6.82169
-6.83702
-6.85586
-6.86858
-6.88074
-6.88267
-6.87525
-6.85856
-6.82881
-6.79126
-6.74994
-6.71175
-6.68354
-6.669
-6.66046
-6.65884
-6.65718
-6.65539
-6.65544
-6.65388
-6.6559
-6.66036
-6.66734
-6.67754
-6.68998
-6.70361
-6.71841
-6.73224
-6.74679
-6.76335
-6.77375
-6.78432
-6.7921
-6.7926
-6.78976
-6.77909
-6.76861
-6.75654
-6.74124
-6.73025
-6.72333
-6.72033
-6.71659
-6.71637
-6.71705
-6.71658
-6.71723
-6.72073
-6.7274
-6.73642
-6.75381
-6.77462
-6.79513
-6.81031
-6.82277
-6.82758
-6.82716
-6.82237
-6.81597
-6.80031
-6.77728
-6.74621
-6.71221
-6.68103
-6.65099
-6.63456
-6.62803
-6.63365
-6.65138
-6.67346
-6.69748
-6.71885
-6.73672
-6.74558
-6.7494
-6.74742
-6.7388
-6.72795
-6.71403
-6.70037
-6.68585
-6.67502
-6.66321
-6.65442
-6.6521
-6.65052
-6.65497
-6.66613
-6.68272
-6.704
-6.72658
-6.75079
-6.77165
-6.78917
-6.8008
-6.80502
-6.8024
-6.79299
-6.77689
-6.75693
-6.73363
-6.71028
-6.68962
-6.67174
-6.65855
-6.6472
-6.64101
-6.63921
-6.64304
-6.65605
-6.67612
-6.70132
-6.73176
-6.7601
-6.78428
-6.80443
-6.81807
-6.82351
-6.82096
-6.81191
-6.80225
-6.78598
-6.77036
-6.75999
-6.75347
-6.7507
-6.74971
-6.74978
-6.74952
-6.74081
-6.73151
-6.72199
-6.70783
-6.69624
-6.68403
-6.67709
-6.67547
-6.67741
-6.68578
-6.68974
-6.69554
-6.69628
-6.69142
-6.67643
-6.66203
-6.64704
-6.63702
-6.63428
-6.63917
-6.65214
-6.66757
-6.6858
-6.70377
-6.71645
-6.72302
-6.72761
-6.72975
-6.73085
-6.7323
-6.73532
-6.73911
-6.74463
-6.74665
-6.74825
-6.75226
-6.7533
-6.75595
-6.75256
-6.75177
-6.74655
-6.73945
-6.73084
-6.72036
-6.70701
-6.69155
-6.67724
-6.66596
-6.65755
-6.65467
-6.65965
-6.67102
-6.69005
-6.7131
-6.73491
-6.75076
-6.76142
-6.76058
-6.75403
-6.73979
-6.72234
-6.70604
-6.69199
-6.68144
-6.68069
-6.69013
-6.70641
-6.72566
-6.74602
-6.76245
-6.77295
-6.77713
-6.7758
-6.7716
-6.76632
-6.76052
-6.75779
-6.75565
-6.75389
-6.75301
-6.75049
-6.74293
-6.73845
-6.73082
-6.72038
-6.70896
-6.69834
-6.69293
-6.69222
-6.6969
-6.70667
-6.72128
-6.73693
-6.75218
-6.76057
-6.76604
-6.76669
-6.7631
-6.75519
-6.74646
-6.73522
-6.72223
-6.70743
-6.69359
-6.67942
-6.66494
-6.65471
-6.6492
-6.65211
-6.66477
-6.68874
-6.71749
-6.75097
-6.77714
-6.79617
-6.80742
-6.81073
-6.80346
-6.79095
-6.77476
-6.75522
-6.73244
-6.71448
-6.69963
-6.69085
-6.68919
-6.69256
-6.69891
-6.70825
-6.71773
-6.72648
-6.73063
-6.7307
-6.72192
-6.71127
-6.69417
-6.67463
-6.65166
-6.63105
-6.6172
-6.6103
-6.61633
-6.62851
-6.64754
-6.66727
-6.68505
-6.69924
-6.71405
-6.72484
-6.73755
-6.74673
-6.75592
-6.76444
-6.77196
-6.77581
-6.77555
-6.77559
-6.77072
-6.76697
-6.76268
-6.75955
-6.76335
-6.77142
-6.78514
-6.80171
-6.81916
-6.83112
-6.84081
-6.84329
-6.83996
-6.83017
-6.81641
-6.80116
-6.78408
-6.76378
-6.7443
-6.72477
-6.7029
-6.67801
-6.65523
-6.63584
-6.62478
-6.61667
-6.61762
-6.6266
-6.64084
-6.65872
-6.67629
-6.69429
-6.70878
-6.72391
-6.73414
-6.74362
-6.74647
-6.74561
-6.74095
-6.73226
-6.7189
-6.7022
-6.6829
-6.66349
-6.64874
-6.63734
-6.63218
-6.62939
-6.6394
-6.65067
-6.66822
-6.68546
-6.70052
-6.71712
-6.72815
-6.73525
-6.74018
-6.73886
-6.73334
-6.7283
-6.72248
-6.72145
-6.71805
-6.72028
-6.72334
-6.7306
-6.74072
-6.75145
-6.76248
-6.77689
-6.79452
-6.81652
-6.84501
-6.87169
-6.89597
-6.91291
-6.91972
-6.91359
-6.89679
-6.86732
-6.83104
-6.78757
-6.73966
-6.6945
-6.65399
-6.62531
-6.60822
-6.59624
-6.59887
-6.60411
-6.61166
-6.61824
-6.6258
-6.63633
-6.64327
-6.65247
-6.6597
-6.66897
-6.67427
-6.67757
-6.67505
-6.66809
-6.65907
-6.64699
-6.63279
-6.61876
-6.60859
-6.60319
-6.60483
-6.60805
-6.61393
-6.62079
-6.62782
-6.63242
-6.64164
-6.65819
-6.67575
-6.6994
-6.72583
-6.75179
-6.7764
-6.79891
-6.82056
-6.83993
-6.8529
-6.86009
-6.86215
-6.85447
-6.84208
-6.82402
-6.80388
-6.78607
-6.76913
-6.75587
-6.74629
-6.73543
-6.71941
-6.70516
-6.68742
-6.66963
-6.65938
-6.65682
-6.66275
-6.67853
-6.69913
-6.72667
-6.75557
-6.78216
-6.80382
-6.82252
-6.83168
-6.82739
-6.81536
-6.79524
-6.7703
-6.745
-6.72364
-6.70346
-6.68777
-6.68014
-6.67351
-6.67063
-6.66996
-6.67303
-6.67586
-6.68113
-6.68431
-6.68876
-6.69546
-6.7008
-6.70441
-6.7075
-6.71313
-6.71483
-6.71529
-6.71578
-6.71444
-6.71174
-6.70706
-6.70237
-6.69905
-6.69279
-6.6882
-6.68187
-6.67608
-6.67633
-6.68223
-6.69206
-6.70905
-6.73336
-6.7627
-6.79797
-6.83285
-6.86527
-6.88932
-6.90388
-6.90424
-6.89345
-6.86811
-6.83523
-6.79738
-6.75791
-6.71952
-6.68746
-6.66358
-6.64373
-6.63366
-6.62815
-6.63103
-6.64296
-6.6651
-6.69668
-6.73032
-6.76205
-6.78925
-6.80274
-6.80683
-6.80254
-6.79023
-6.77309
-6.75539
-6.73729
-6.71864
-6.7008
-6.68198
-6.66656
-6.65373
-6.65142
-6.65726
-6.66978
-6.68646
-6.70645
-6.72664
-6.74697
-6.76746
-6.78499
-6.79633
-6.80468
-6.80566
-6.79792
-6.78692
-6.76887
-6.75071
-6.72801
-6.70857
-6.68709
-6.66928
-6.65277
-6.6428
-6.64232
-6.64385
-6.65473
-6.66989
-6.68761
-6.70413
-6.71782
-6.72545
-6.72835
-6.72658
-6.7186
-6.70834
-6.70238
-6.69673
-6.69581
-6.70194
-6.71467
-6.72919
-6.74826
-6.76466
-6.77933
-6.79272
-6.80417
-6.81143
-6.80961
-6.8031
-6.7875
-6.76587
-6.73953
-6.7111
-6.68583
-6.66731
-6.6556
-6.65038
-6.64706
-6.64457
-6.64
-6.63412
-6.62946
-6.62782
-6.62923
-6.63695
-6.64496
-6.65511
-6.66756
-6.67949
-6.69309
-6.71168
-6.73039
-6.75341
-6.77337
-6.7943
-6.81321
-6.82771
-6.84339
-6.85085
-6.85658
-6.8547
-6.84689
-6.83424
-6.81518
-6.79376
-6.77026
-6.74355
-6.71479
-6.68779
-6.66538
-6.65345
-6.65151
-6.65464
-6.66627
-6.67897
-6.69069
-6.69926
-6.70191
-6.70027
-6.69632
-6.69477
-6.69434
-6.7
-6.70862
-6.72119
-6.73615
-6.75002
-6.76038
-6.77031
-6.77584
-6.77624
-6.76808
-6.7559
-6.7391
-6.72095
-6.70061
-6.68184
-6.66875
-6.66215
-6.66097
-6.66674
-6.67346
-6.68012
-6.68598
-6.69022
-6.69261
-6.69277
-6.69043
-6.68805
-6.68614
-6.68446
-6.68773
-6.69132
-6.698
-6.71008
-6.72423
-6.74157
-6.75681
-6.76704
-6.77163
-6.7729
-6.76929
-6.76238
-6.75757
-6.75165
-6.74713
-6.74078
-6.73146
-6.72031
-6.70505
-6.68632
-6.66932
-6.66061
-6.66081
-6.67336
-6.69797
-6.72867
-6.76221
-6.79545
-6.81807
-6.83203
-6.83423
-6.82604
-6.80574
-6.78152
-6.75451
-6.72864
-6.70531
-6.68639
-6.67449
-6.67064
-6.67926
-6.69699
-6.71999
-6.7444
-6.7683
-6.79219
-6.80135
-6.80243
-6.79466
-6.77682
-6.7493
-6.71559
-6.68163
-6.64953
-6.62493
-6.607
-6.59863
-6.59347
-6.59681
-6.60482
-6.61881
-6.63542
-6.65906
-6.68257
-6.70307
-6.72215
-6.73544
-6.74131
-6.74699
-6.75308
-6.76048
-6.77059
-6.78406
-6.79851
-6.81454
-6.83171
-6.8463
-6.85575
-6.86246
-6.86179
-6.85572
-6.84097
-6.82186
-6.80179
-6.77797
-6.74944
-6.72243
-6.69283
-6.66228
-6.63932
-6.62246
-6.61183
-6.61078
-6.61688
-6.63145
-6.64773
-6.66492
-6.68443
-6.70007
-6.71847
-6.73629
-6.75281
-6.76745
-6.7827
-6.79309
-6.79618
-6.79148
-6.78435
-6.77137
-6.75751
-6.74536
-6.72827
-6.71212
-6.69126
-6.66887
-6.64721
-6.62844
-6.61151
-6.60593
-6.61111
-6.62482
-6.65172
-6.68788
-6.73061
-6.77041
-6.80524
-6.83296
-6.84883
-6.85024
-6.83585
-6.80827
-6.77445
-6.73408
-6.69099
-6.65001
-6.61648
-6.58864
-6.57263
-6.56681
-6.5716
-6.58587
-6.60503
-6.62834
-6.64916
-6.66645
-6.68063
-6.68945
-6.69223
-6.69007
-6.68632
-6.68212
-6.6863
-6.69711
-6.715
-6.73795
-6.76275
-6.78945
-6.81454
-6.83555
-6.85383
-6.86673
-6.87164
-6.8716
-6.86591
-6.84842
-6.82536
-6.79804
-6.76958
-6.74516
-6.725
-6.71513
-6.71317
-6.71325
-6.71504
-6.71801
-6.71909
-6.71865
-6.71779
-6.72198
-6.72521
-6.72766
-6.73185
-6.73418
-6.7371
-6.73659
-6.73505
-6.73454
-6.73343
-6.73226
-6.72629
-6.72393
-6.72201
-6.72374
-6.72441
-6.72666
-6.73002
-6.7375
-6.74683
-6.75085
-6.754
-6.75306
-6.74538
-6.73162
-6.71029
-6.68223
-6.65384
-6.62433
-6.59957
-6.57984
-6.56897
-6.57051
-6.58653
-6.61373
-6.64739
-6.68305
-6.71659
-6.74644
-6.76621
-6.7819
-6.78806
-6.79101
-6.79011
-6.783
-6.77877
-6.77264
-6.76398
-6.75558
-6.74843
-6.7402
-6.73171
-6.72112
-6.71248
-6.70573
-6.6974
-6.69355
-6.69307
-6.69796
-6.70985
-6.72496
-6.74019
-6.7538
-6.76191
-6.76734
-6.7674
-6.76093
-6.7528
-6.74646
-6.74152
-6.7368
-6.73626
-6.73381
-6.73211
-6.73036
-6.72565
-6.71767
-6.70751
-6.69679
-6.68755
-6.68429
-6.68235
-6.68544
-6.69398
-6.7053
-6.71523
-6.72137
-6.72476
-6.72261
-6.71451
-6.70377
-6.69118
-6.68308
-6.67845
-6.6743
-6.67452
-6.6775
-6.68064
-6.68456
-6.69003
-6.69865
-6.70718
-6.71472
-6.72533
-6.73288
-6.7382
-6.74153
-6.73832
-6.73646
-6.73005
-6.71833
-6.70707
-6.6944
-6.67919
-6.6617
-6.64268
-6.62263
-6.60102
-6.57899
-6.56168
-6.55468
-6.55965
-6.58531
-6.62691
-6.68111
-6.73811
-6.79433
-6.84525
-6.88203
-6.90889
-6.91693
-6.9142
-6.90007
-6.87218
-6.83871
-6.80013
-6.7561
-6.71946
-6.69287
-6.67743
-6.67599
-6.68618
-6.7001
-6.71846
-6.73252
-6.73865
-6.73368
-6.71637
-6.69178
-6.66285
-6.63716
-6.61585
-6.60599
-6.60895
-6.62244
-6.64468
-6.66832
-6.69008
-6.71193
-6.72726
-6.73806
-6.74985
-6.75959
-6.77405
-6.7939
-6.81723
-6.8407
-6.8598
-6.87336
-6.87687
-6.87688
-6.8682
-6.85321
-6.83654
-6.81829
-6.79461
-6.77333
-6.75414
-6.73518
-6.71546
-6.69597
-6.67695
-6.66085
-6.64703
-6.63536
-6.62927
-6.6216
-6.61571
-6.60899
-6.60553
-6.60891
-6.6196
-6.64012
-6.66263
-6.68897
-6.71715
-6.74251
-6.76096
-6.77466
-6.78579
-6.79179
-6.79159
-6.78504
-6.77504
-6.76397
-6.7538
-6.74258
-6.73102
-6.72154
-6.71498
-6.71225
-6.71588
-6.72588
-6.74092
-6.74895
-6.73066
-6.66675
-6.56895
-6.54555
-6.66187
-6.81053
-6.90248
-6.93997
-6.95184
-6.95634
-6.96462
-6.98636
-7.0181
-7.04308
-7.03005
-6.98154
-6.91201
-6.84836
-6.80756
-6.78638
-6.77619
-6.75668
-6.71783
-6.66445
-6.60914
-6.56553
-6.54373
-6.54602
-6.57024
-6.61094
-6.65296
-6.67719
-6.6764
-6.6503
-6.61083
-6.56561
-6.52807
-6.51026
-6.50791
-6.51618
-6.53013
-6.54516
-6.56074
-6.57109
-6.57493
-6.56833
-6.55705
-6.54073
-6.53498
-6.54889
-6.58899
-6.64027
-6.68789
-6.72256
-6.74692
-6.76126
-6.76669
-6.76226
-6.75097
-6.73787
-6.72737
-6.72637
-6.73453
-6.75245
-6.77338
-6.79468
-6.81052
-6.82263
-6.82666
-6.82661
-6.82092
-6.81262
-6.79613
-6.77266
-6.74972
-6.72626
-6.70573
-6.68789
-6.67821
-6.6725
-6.67148
-6.67837
-6.68553
-6.6904
-6.69135
-6.68965
-6.68931
-6.69185
-6.70118
-6.71512
-6.73559
-6.75697
-6.77673
-6.79437
-6.81079
-6.82269
-6.83255
-6.83792
-6.84386
-6.84187
-6.83052
-6.8136
-6.78848
-6.75931
-6.72516
-6.69135
-6.65999
-6.63385
-6.61032
-6.59358
-6.58239
-6.57433
-6.57459
-6.57897
-6.58932
-6.60118
-6.61337
-6.62398
-6.6321
-6.64047
-6.64822
-6.6527
-6.65818
-6.66135
-6.66156
-6.66037
-6.65865
-6.65688
-6.65435
-6.65357
-6.65605
-6.66043
-6.66715
-6.67611
-6.68948
-6.70391
-6.71801
-6.73072
-6.74813
-6.75959
-6.76816
-6.7729
-6.77532
-6.77413
-6.77306
-6.77272
-6.77455
-6.77483
-6.77819
-6.77718
-6.77224
-6.76335
-6.7471
-6.73603
-6.72367
-6.71695
-6.71086
-6.70922
-6.7128
-6.71743
-6.72151
-6.72029
-6.71789
-6.71122
-6.69952
-6.68773
-6.67647
-6.66691
-6.66063
-6.66199
-6.67044
-6.68164
-6.69658
-6.7088
-6.71719
-6.71867
-6.71111
-6.69433
-6.67343
-6.64583
-6.61953
-6.58867
-6.56798
-6.55447
-6.55107
-6.55555
-6.5674
-6.58855
-6.6132
-6.63913
-6.66988
-6.70366
-6.73278
-6.76148
-6.78582
-6.80182
-6.80896
-6.80718
-6.79715
-6.77965
-6.75798
-6.73713
-6.71979
-6.71067
-6.70678
-6.70274
-6.70181
-6.69921
-6.69627
-6.68743
-6.67676
-6.66855
-6.66693
-6.67583
-6.69278
-6.71079
-6.72542
-6.73298
-6.73233
-6.72552
-6.70933
-6.6939
-6.67793
-6.66268
-6.65385
-6.6518
-6.65598
-6.66658
-6.68229
-6.7011
-6.71985
-6.7389
-6.75414
-6.76426
-6.76934
-6.77235
-6.76964
-6.76365
-6.75854
-6.75268
-6.74823
-6.74321
-6.73795
-6.7325
-6.72809
-6.72084
-6.71145
-6.70161
-6.6902
-6.68622
-6.68267
-6.68455
-6.69327
-6.70317
-6.71452
-6.72248
-6.72749
-6.73415
-6.74168
-6.74752
-6.74951
-6.74735
-6.74031
-6.72406
-6.70701
-6.67828
-6.65212
-6.62603
-6.60611
-6.59444
-6.59389
-6.59708
-6.60405
-6.61251
-6.62349
-6.63255
-6.64321
-6.65621
-6.67439
-6.69412
-6.71705
-6.74031
-6.76182
-6.78116
-6.79325
-6.79375
-6.7884
-6.7779
-6.76588
-6.7543
-6.74287
-6.73292
-6.72743
-6.72084
-6.71664
-6.71346
-6.71267
-6.71272
-6.71478
-6.71404
-6.716
-6.71458
-6.71368
-6.71137
-6.71078
-6.70736
-6.70366
-6.69905
-6.69527
-6.69326
-6.69257
-6.69045
-6.69036
-6.68757
-6.68418
-6.67969
-6.6793
-6.68125
-6.69077
-6.70731
-6.7251
-6.74201
-6.75252
-6.75627
-6.7512
-6.74165
-6.72881
-6.7202
-6.71394
-6.70928
-6.70525
-6.70052
-6.69734
-6.68987
-6.68096
-6.67202
-6.66526
-6.66095
-6.66038
-6.66101
-6.66707
-6.67538
-6.68609
-6.69553
-6.69958
-6.69711
-6.69417
-6.68677
-6.67856
-6.67108
-6.66705
-6.66764
-6.67409
-6.6876
-6.70314
-6.7208
-6.73871
-6.75356
-6.76234
-6.76
-6.74819
-6.7258
-6.69525
-6.66016
-6.62965
-6.60454
-6.59245
-6.59308
-6.60774
-6.63195
-6.66538
-6.70315
-6.73907
-6.77269
-6.80201
-6.82441
-6.84302
-6.85424
-6.85585
-6.85218
-6.84395
-6.82621
-6.80588
-6.78168
-6.75795
-6.73538
-6.71306
-6.69022
-6.67198
-6.65162
-6.63657
-6.62369
-6.61659
-6.61379
-6.61376
-6.61527
-6.61629
-6.62252
-6.63338
-6.65161
-6.67372
-6.69384
-6.70894
-6.72044
-6.72591
-6.72712
-6.72397
-6.72166
-6.72213
-6.72949
-6.73771
-6.74825
-6.75794
-6.76278
-6.76128
-6.76168
-6.76016
-6.76065
-6.76172
-6.76391
-6.76717
-6.76635
-6.75602
-6.74013
-6.71199
-6.68167
-6.64938
-6.61766
-6.59318
-6.5751
-6.57029
-6.57656
-6.59065
-6.61555
-6.64576
-6.68068
-6.71803
-6.74886
-6.77479
-6.79019
-6.79994
-6.80026
-6.7938
-6.7802
-6.76381
-6.7477
-6.73322
-6.72138
-6.71168
-6.7055
-6.70445
-6.70555
-6.70965
-6.71522
-6.72164
-6.72397
-6.72786
-6.72678
-6.72312
-6.7213
-6.71943
-6.72093
-6.72462
-6.73109
-6.73182
-6.73356
-6.73347
-6.72846
-6.72124
-6.71057
-6.69323
-6.67889
-6.66125
-6.65098
-6.64594
-6.64521
-6.64657
-6.64706
-6.64883
-6.64695
-6.64234
-6.63763
-6.63297
-6.62864
-6.62696
-6.62934
-6.63181
-6.63749
-6.64455
-6.65654
-6.66604
-6.67679
-6.6861
-6.69778
-6.70696
-6.71633
-6.72635
-6.73423
-6.74472
-6.75289
-6.75512
-6.75562
-6.749
-6.74026
-6.72928
-6.71745
-6.70577
-6.69666
-6.68719
-6.6792
-6.66984
-6.66413
-6.66404
-6.66825
-6.67391
-6.67909
-6.68102
-6.67963
-6.67967
-6.68166
-6.68796
-6.69815
-6.70679
-6.7187
-6.7256
-6.73336
-6.74077
-6.74561
-6.74842
-6.7479
-6.73883
-6.72765
-6.71318
-6.69996
-6.68976
-6.68421
-6.6888
-6.70707
-6.73062
-6.75594
-6.78275
-6.80743
-6.82436
-6.8342
-6.83354
-6.82331
-6.80519
-6.77846
-6.74443
-6.70812
-6.67417
-6.64635
-6.62151
-6.6041
-6.59464
-6.59091
-6.58917
-6.58838
-6.5893
-6.5892
-6.59051
-6.59321
-6.59989
-6.61341
-6.63674
-6.66424
-6.6962
-6.73155
-6.76817
-6.79909
-6.82363
-6.83967
-6.84389
-6.83427
-6.81187
-6.78096
-6.74336
-6.71071
-6.68154
-6.66087
-6.64648
-6.64642
-6.6546
-6.67115
-6.69374
-6.71895
-6.74389
-6.76334
-6.77705
-6.77726
-6.76538
-6.74183
-6.71465
-6.68148
-6.65437
-6.63525
-6.6287
-6.63285
-6.65018
-6.67388
-6.701
-6.73225
-6.75816
-6.77779
-6.79046
-6.79813
-6.79731
-6.791
-6.77927
-6.76379
-6.74603
-6.7266
-6.7054
-6.68715
-6.66921
-6.65345
-6.6413
-6.6329
-6.62797
-6.62615
-6.628
-6.63476
-6.64633
-6.66138
-6.68086
-6.70433
-6.72376
-6.74254
-6.75755
-6.76829
-6.7729
-6.7753
-6.77234
-6.76864
-6.76307
-6.75073
-6.73884
-6.72363
-6.70557
-6.68711
-6.67276
-6.66048
-6.65597
-6.65928
-6.66989
-6.6848
-6.70015
-6.7141
-6.72229
-6.72447
-6.72491
-6.7229
-6.719
-6.71638
-6.71622
-6.71595
-6.72247
-6.72798
-6.73801
-6.75073
-6.76347
-6.77616
-6.78244
-6.78521
-6.77903
-6.7641
-6.74233
-6.72102
-6.6998
-6.68253
-6.67372
-6.66887
-6.66871
-6.66831
-6.66838
-6.66733
-6.66621
-6.66418
-6.66177
-6.66123
-6.66402
-6.67098
-6.68474
-6.69931
-6.71496
-6.73496
-6.7524
-6.76391
-6.76753
-6.76284
-6.74637
-6.72236
-6.69385
-6.66765
-6.64303
-6.62549
-6.6213
-6.62736
-6.64062
-6.66031
-6.67915
-6.6969
-6.71036
-6.71546
-6.72023
-6.72383
-6.72695
-6.73129
-6.7364
-6.74515
-6.7524
-6.75554
-6.75692
-6.75269
-6.7481
-6.74188
-6.7338
-6.72845
-6.72493
-6.72607
-6.73149
-6.73877
-6.74769
-6.75814
-6.76701
-6.77598
-6.78322
-6.78178
-6.77499
-6.7628
-6.74017
-6.71634
-6.69075
-6.66955
-6.6494
-6.63507
-6.6291
-6.62541
-6.62585
-6.62882
-6.63202
-6.63009
-6.62694
-6.62224
-6.62503
-6.62699
-6.63557
-6.64893
-6.66389
-6.68308
-6.70171
-6.71894
-6.7286
-6.73683
-6.73405
-6.72792
-6.71919
-6.70639
-6.69278
-6.677
-6.66351
-6.65196
-6.64176
-6.6354
-6.63541
-6.63734
-6.64721
-6.65995
-6.67555
-6.6921
-6.71088
-6.72456
-6.73442
-6.74045
-6.74075
-6.73688
-6.72944
-6.72375
-6.71562
-6.70913
-6.70484
-6.70336
-6.70736
-6.71509
-6.72445
-6.73487
-6.74321
-6.75061
-6.75662
-6.75582
-6.75054
-6.73997
-6.73103
-6.72438
-6.71813
-6.71726
-6.71726
-6.71713
-6.71712
-6.71683
-6.71731
-6.71829
-6.72196
-6.72342
-6.72814
-6.72972
-6.73213
-6.73217
-6.7333
-6.72826
-6.72602
-6.72258
-6.7165
-6.71334
-6.71206
-6.71094
-6.70685
-6.70178
-6.69018
-6.67743
-6.66406
-6.65507
-6.65455
-6.66272
-6.67274
-6.68451
-6.69439
-6.69866
-6.69823
-6.69444
-6.68547
-6.67422
-6.66569
-6.66542
-6.66818
-6.67599
-6.68559
-6.69717
-6.70925
-6.71959
-6.73222
-6.74339
-6.75199
-6.75511
-6.75617
-6.74921
-6.73749
-6.72347
-6.70785
-6.69315
-6.68321
-6.68134
-6.68446
-6.6957
-6.71073
-6.72812
-6.7472
-6.76443
-6.7801
-6.79141
-6.79227
-6.7869
-6.77308
-6.75254
-6.72979
-6.70751
-6.6879
-6.67356
-6.66577
-6.66417
-6.66855
-6.67357
-6.67768
-6.67975
-6.67809
-6.67626
-6.67292
-6.67014
-6.66622
-6.66403
-6.66353
-6.66414
-6.66589
-6.6639
-6.66339
-6.66101
-6.66019
-6.66089
-6.66392
-6.67086
-6.68468
-6.70398
-6.72602
-6.75004
-6.77149
-6.78658
-6.79192
-6.78643
-6.77339
-6.75173
-6.72859
-6.70566
-6.68274
-6.66756
-6.65904
-6.65677
-6.66326
-6.67626
-6.68784
-6.70048
-6.70871
-6.71153
-6.71112
-6.71229
-6.71383
-6.71473
-6.71963
-6.72463
-6.73394
-6.74234
-6.7495
-6.75448
-6.75848
-6.75865
-6.75733
-6.75586
-6.75237
-6.74984
-6.74333
-6.73823
-6.7316
-6.72378
-6.71337
-6.69904
-6.6817
-6.66623
-6.64863
-6.62938
-6.61452
-6.60477
-6.60749
-6.61799
-6.63511
-6.65651
-6.67746
-6.69528
-6.69978
-6.69724
-6.6854
-6.66923
-6.65035
-6.63654
-6.63081
-6.63306
-6.64338
-6.65401
-6.66817
-6.68103
-6.69036
-6.69794
-6.70264
-6.70138
-6.69916
-6.69512
-6.69369
-6.69182
-6.69653
-6.70342
-6.71628
-6.73047
-6.74384
-6.7568
-6.77149
-6.7756
-6.7765
-6.77129
-6.7595
-6.74145
-6.724
-6.70886
-6.69613
-6.68127
-6.66876
-6.65314
-6.63783
-6.62131
-6.60817
-6.60507
-6.60783
-6.61971
-6.64145
-6.66835
-6.69742
-6.72787
-6.75357
-6.77076
-6.77718
-6.77843
-6.77425
-6.7651
-6.7497
-6.73412
-6.72152
-6.7046
-6.69015
-6.68134
-6.67857
-6.68139
-6.6898
-6.70356
-6.719
-6.73578
-6.75131
-6.76616
-6.77915
-6.79036
-6.80066
-6.80942
-6.81086
-6.80855
-6.80056
-6.78562
-6.76382
-6.73992
-6.71762
-6.69996
-6.68846
-6.68763
-6.6936
-6.70742
-6.72323
-6.74178
-6.7577
-6.76952
-6.77103
-6.7681
-6.7569
-6.73987
-6.71933
-6.69727
-6.67389
-6.65479
-6.64113
-6.63365
-6.63459
-6.6422
-6.65964
-6.68106
-6.70287
-6.72483
-6.7425
-6.75418
-6.7615
-6.76132
-6.75912
-6.75438
-6.75045
-6.74981
-6.75221
-6.75589
-6.76007
-6.76557
-6.76639
-6.76602
-6.76201
-6.74949
-6.73267
-6.70939
-6.68342
-6.65881
-6.6355
-6.6194
-6.61095
-6.61274
-6.6251
-6.64602
-6.67069
-6.70241
-6.73523
-6.76727
-6.79761
-6.82074
-6.83794
-6.85143
-6.85721
-6.85996
-6.85764
-6.84874
-6.83207
-6.81123
-6.78993
-6.76597
-6.74482
-6.72941
-6.71371
-6.69991
-6.6878
-6.67724
-6.66753
-6.66567
-6.66274
-6.66797
-6.67529
-6.68031
-6.68702
-6.6922
-6.69561
-6.69927
-6.69956
-6.69782
-6.69355
-6.68731
-6.68133
-6.67103
-6.65911
-6.64947
-6.6452
-6.64509
-6.64907
-6.66143
-6.67728
-6.69547
-6.71509
-6.72898
-6.73934
-6.74483
-6.74371
-6.74009
-6.73511
-6.72729
-6.71929
-6.71082
-6.70488
-6.70023
-6.69575
-6.6978
-6.70453
-6.71836
-6.73837
-6.75713
-6.77336
-6.78304
-6.78584
-6.77703
-6.76134
-6.74088
-6.7178
-6.69892
-6.68542
-6.67981
-6.68028
-6.69176
-6.70908
-6.72953
-6.75227
-6.7738
-6.79707
-6.81589
-6.83159
-6.84014
-6.83891
-6.82989
-6.81886
-6.80333
-6.78181
-6.76097
-6.73862
-6.71458
-6.69065
-6.66719
-6.64555
-6.62944
-6.61863
-6.61683
-6.62253
-6.63822
-6.65982
-6.68325
-6.70659
-6.72683
-6.739
-6.74651
-6.74563
-6.73804
-6.72866
-6.71963
-6.71127
-6.70796
-6.70795
-6.71087
-6.71453
-6.71902
-6.72368
-6.72618
-6.72216
-6.72054
-6.71705
-6.72018
-6.72357
-6.72712
-6.73237
-6.73786
-6.74642
-6.75456
-6.75878
-6.76074
-6.75952
-6.75425
-6.74546
-6.73769
-6.73303
-6.72994
-6.73244
-6.73862
-6.74909
-6.76379
-6.78522
-6.80615
-6.82322
-6.8381
-6.84379
-6.84249
-6.83463
-6.819
-6.7997
-6.77647
-6.75213
-6.72993
-6.7088
-6.6912
-6.67807
-6.67236
-6.66787
-6.67098
-6.67847
-6.68607
-6.69405
-6.6977
-6.6989
-6.69364
-6.68437
-6.67343
-6.6579
-6.64311
-6.6284
-6.61728
-6.60782
-6.60274
-6.60137
-6.60801
-6.61816
-6.63185
-6.64949
-6.6693
-6.68599
-6.70213
-6.71395
-6.72546
-6.73454
-6.74029
-6.74706
-6.75408
-6.76322
-6.7729
-6.78251
-6.79226
-6.80071
-6.80861
-6.81458
-6.81737
-6.81472
-6.80626
-6.79481
-6.78199
-6.77147
-6.76114
-6.75655
-6.75389
-6.74819
-6.73565
-6.71322
-6.68283
-6.64991
-6.61475
-6.58816
-6.57568
-6.5845
-6.61726
-6.6659
-6.72021
-6.77001
-6.80785
-6.83487
-6.84853
-6.85258
-6.85096
-6.84258
-6.82916
-6.81328
-6.79492
-6.77691
-6.75881
-6.74118
-6.72423
-6.71048
-6.70011
-6.69061
-6.68655
-6.68663
-6.69003
-6.6947
-6.70187
-6.70854
-6.71582
-6.72421
-6.73041
-6.73296
-6.73685
-6.73881
-6.73705
-6.72907
-6.71775
-6.70258
-6.68776
-6.67549
-6.66311
-6.65473
-6.65181
-6.651
-6.65341
-6.65902
-6.66757
-6.67936
-6.69684
-6.71679
-6.73621
-6.75604
-6.77085
-6.78175
-6.78597
-6.78824
-6.78272
-6.77199
-6.7587
-6.73951
-6.72232
-6.70455
-6.6918
-6.68859
-6.69571
-6.71511
-6.74196
-6.77176
-6.80001
-6.81891
-6.82927
-6.82513
-6.80954
-6.78279
-6.75405
-6.72429
-6.69697
-6.67654
-6.66182
-6.65045
-6.64409
-6.64722
-6.65004
-6.65551
-6.65821
-6.66022
-6.66022
-6.65809
-6.65796
-6.6561
-6.65611
-6.66248
-6.66954
-6.67736
-6.68794
-6.69987
-6.71555
-6.73011
-6.74666
-6.76241
-6.77476
-6.78658
-6.79601
-6.79766
-6.7972
-6.79451
-6.78552
-6.77447
-6.75779
-6.74177
-6.72485
-6.70537
-6.6895
-6.67895
-6.67446
-6.67658
-6.68537
-6.69383
-6.70457
-6.71609
-6.72186
-6.72771
-6.72659
-6.72381
-6.71864
-6.71306
-6.70737
-6.70648
-6.70783
-6.71088
-6.72333
-6.73544
-6.74877
-6.75892
-6.76323
-6.75928
-6.74431
-6.72264
-6.69318
-6.65902
-6.62876
-6.60122
-6.58211
-6.57408
-6.57958
-6.59697
-6.62294
-6.65536
-6.68611
-6.71556
-6.7384
-6.75197
-6.75985
-6.76172
-6.7547
-6.7456
-6.73446
-6.71983
-6.70626
-6.69537
-6.6893
-6.68259
-6.68047
-6.68156
-6.68357
-6.68632
-6.69083
-6.6916
-6.69105
-6.68965
-6.68926
-6.69233
-6.70031
-6.71477
-6.73528
-6.76134
-6.79108
-6.82063
-6.8491
-6.87123
-6.88636
-6.89462
-6.88924
-6.87094
-6.84231
-6.80361
-6.76177
-6.72048
-6.68542
-6.65825
-6.64159
-6.63398
-6.63455
-6.63569
-6.63509
-6.63298
-6.62938
-6.62041
-6.61009
-6.60391
-6.60342
-6.60886
-6.62158
-6.63739
-6.65893
-6.68138
-6.70667
-6.72873
-6.75024
-6.76913
-6.78816
-6.80122
-6.80842
-6.80977
-6.80655
-6.80451
-6.80078
-6.79809
-6.79501
-6.79142
-6.78607
-6.78136
-6.77087
-6.75917
-6.74629
-6.73436
-6.71913
-6.70662
-6.69001
-6.6725
-6.65492
-6.6442
-6.63905
-6.64311
-6.65775
-6.67918
-6.70517
-6.73141
-6.75432
-6.77136
-6.77589
-6.77259
-6.76438
-6.75185
-6.7386
-6.73322
-6.73141
-6.74054
-6.75621
-6.7748
-6.78908
-6.7975
-6.80018
-6.79189
-6.77656
-6.76426
-6.75081
-6.73918
-6.73307
-6.72961
-6.72962
-6.73282
-6.73428
-6.73467
-6.73212
-6.72673
-6.71784
-6.70864
-6.70222
-6.69836
-6.69405
-6.68705
-6.67658
-6.65911
-6.64289
-6.62335
-6.60932
-6.6019
-6.60522
-6.61755
-6.63528
-6.65648
-6.67721
-6.6968
-6.71564
-6.72985
-6.74097
-6.74536
-6.74908
-6.7505
-6.75155
-6.75852
-6.76701
-6.77917
-6.79156
-6.80455
-6.81479
-6.81781
-6.81718
-6.80837
-6.79403
-6.77066
-6.73888
-6.7072
-6.67821
-6.6546
-6.64244
-6.64156
-6.65252
-6.67427
-6.69937
-6.72473
-6.74807
-6.76426
-6.78001
-6.78955
-6.80031
-6.80671
-6.81264
-6.81549
-6.80825
-6.79244
-6.7706
-6.74249
-6.70655
-6.6699
-6.63389
-6.59871
-6.56997
-6.55076
-6.5399
-6.54118
-6.55076
-6.56685
-6.5913
-6.62326
-6.65938
-6.69925
-6.73894
-6.77402
-6.80537
-6.82642
-6.84131
-6.847
-6.84582
-6.84231
-6.83314
-6.818
-6.80275
-6.78896
-6.77362
-6.75461
-6.72949
-6.70277
-6.67616
-6.64987
-6.62693
-6.61706
-6.62262
-6.64473
-6.68086
-6.72457
-6.77469
-6.82305
-6.86344
-6.89677
-6.91407
-6.91275
-6.89568
-6.86592
-6.83091
-6.79386
-6.76121
-6.73411
-6.71414
-6.69777
-6.68446
-6.67698
-6.67398
-6.67565
-6.67858
-6.68256
-6.68433
-6.68014
-6.67186
-6.66104
-6.64387
-6.62393
-6.6058
-6.5927
-6.58801
-6.59548
-6.61627
-6.64834
-6.68471
-6.7187
-6.75035
-6.77418
-6.78985
-6.79903
-6.80553
-6.80795
-6.8114
-6.81692
-6.8212
-6.82644
-6.82893
-6.82961
-6.82633
-6.81726
-6.80729
-6.7915
-6.77357
-6.75503
-6.73637
-6.71543
-6.69349
-6.67516
-6.65813
-6.64567
-6.63732
-6.63287
-6.62782
-6.62865
-6.62826
-6.63272
-6.63868
-6.64645
-6.65899
-6.67182
-6.68349
-6.69666
-6.7078
-6.71897
-6.72697
-6.73374
-6.73936
-6.74342
-6.74266
-6.7359
-6.72712
-6.71555
-6.69959
-6.68442
-6.67085
-6.65912
-6.65241
-6.65253
-6.65816
-6.66946
-6.68447
-6.69775
-6.70529
-6.70364
-6.69678
-6.67979
-6.66125
-6.65033
-6.64612
-6.65597
-6.67744
-6.70507
-6.73357
-6.75555
-6.76866
-6.77393
-6.77617
-6.77264
-6.76887
-6.7646
-6.76209
-6.76039
-6.76013
-6.75983
-6.758
-6.75629
-6.7534
-6.75108
-6.75349
-6.7553
-6.76259
-6.76959
-6.7793
-6.78627
-6.79157
-6.79135
-6.78029
-6.76299
-6.73743
-6.71139
-6.68855
-6.67336
-6.66911
-6.67442
-6.68942
-6.70579
-6.72342
-6.7385
-6.75047
-6.75803
-6.76
-6.7579
-6.75214
-6.7429
-6.7348
-6.72476
-6.71673
-6.71438
-6.71827
-6.72316
-6.73117
-6.74081
-6.74756
-6.74758
-6.74128
-6.7288
-6.71511
-6.69737
-6.68635
-6.67831
-6.67526
-6.67749
-6.68277
-6.68529
-6.68642
-6.68528
-6.68156
-6.67622
-6.66998
-6.66464
-6.66389
-6.66448
-6.66386
-6.66568
-6.66751
-6.67602
-6.68845
-6.70777
-6.7277
-6.74781
-6.76237
-6.77016
-6.76918
-6.76423
-6.75302
-6.74041
-6.72615
-6.71262
-6.70238
-6.69527
-6.69123
-6.68878
-6.68647
-6.68469
-6.68247
-6.68387
-6.69004
-6.70068
-6.71558
-6.73294
-6.7464
-6.7648
-6.77698
-6.78458
-6.79079
-6.79095
-6.78798
-6.78513
-6.77705
-6.76757
-6.75696
-6.7424
-6.72878
-6.72017
-6.71495
-6.71432
-6.72012
-6.72652
-6.72527
-6.71708
-6.70178
-6.68363
-6.66303
-6.64796
-6.64166
-6.64578
-6.65869
-6.67882
-6.70115
-6.72049
-6.736
-6.74583
-6.7459
-6.74238
-6.73861
-6.73759
-6.7441
-6.75858
-6.77981
-6.80357
-6.82686
-6.84004
-6.84049
-6.83063
-6.8094
-6.78437
-6.75379
-6.72421
-6.69932
-6.68068
-6.66847
-6.66482
-6.66377
-6.66524
-6.66945
-6.67393
-6.67663
-6.68188
-6.68463
-6.69007
-6.68772
-6.68268
-6.6801
-6.67823
-6.67298
-6.66824
-6.6628
-6.65671
-6.64859
-6.64002
-6.62885
-6.6178
-6.61029
-6.60914
-6.61495
-6.62548
-6.64285
-6.66619
-6.69069
-6.71973
-6.74361
-6.769
-6.79057
-6.80755
-6.81902
-6.8255
-6.82472
-6.82367
-6.81875
-6.8134
-6.8054
-6.79858
-6.79248
-6.78687
-6.78232
-6.77782
-6.77426
-6.76867
-6.7665
-6.75917
-6.75053
-6.73856
-6.72221
-6.70624
-6.68819
-6.6715
-6.65672
-6.64366
-6.63284
-6.62718
-6.62399
-6.62089
-6.62433
-6.63056
-6.63832
-6.65031
-6.66505
-6.6804
-6.69549
-6.71306
-6.72806
-6.73868
-6.74627
-6.75005
-6.74917
-6.74767
-6.74593
-6.74262
-6.73925
-6.73781
-6.73719
-6.73584
-6.7341
-6.73462
-6.73994
-6.74761
-6.7562
-6.76432
-6.77263
-6.78101
-6.78056
-6.77804
-6.76961
-6.75167
-6.72993
-6.70292
-6.67008
-6.63549
-6.6046
-6.58357
-6.57231
-6.57403
-6.58656
-6.61138
-6.64662
-6.6778
-6.70349
-6.72122
-6.73148
-6.73456
-6.728
-6.71697
-6.70353
-6.68799
-6.67248
-6.65593
-6.64261
-6.63436
-6.62669
-6.61918
-6.61547
-6.61573
-6.61997
-6.62746
-6.63558
-6.64669
-6.65861
-6.6662
-6.66602
-6.6634
-6.65502
-6.64159
-6.62329
-6.6067
-6.59445
-6.58269
-6.57915
-6.5815
-6.58997
-6.606
-6.62289
-6.63711
-6.65494
-6.66547
-6.66794
-6.6715
-6.66961
-6.66645
-6.66149
-6.65736
-6.64876
-6.6391
-6.62638
-6.61652
-6.61145
-6.61693
-6.63306
-6.65473
-6.67805
-6.70239
-6.72172
-6.73256
-6.73886
-6.73689
-6.72896
-6.71289
-6.69298
-6.66867
-6.64215
-6.61686
-6.59341
-6.57533
-6.56176
-6.55361
-6.5548
-6.56247
-6.57224
-6.5832
-6.59773
-6.61667
-6.63988
-6.6629
-6.69048
-6.71484
-6.73466
-6.74462
-6.7418
-6.72821
-6.70408
-6.67591
-6.64688
-6.62203
-6.60559
-6.59763
-6.59906
-6.60347
-6.60963
-6.61363
-6.61895
-6.62499
-6.63258
-6.64323
-6.65752
-6.67364
-6.69131
-6.70104
-6.70607
-6.70114
-6.69046
-6.67387
-6.65421
-6.63139
-6.60693
-6.5812
-6.55693
-6.53679
-6.5239
-6.51984
-6.5234
-6.5343
-6.55422
-6.57868
-6.60667
-6.63579
-6.66374
-6.68611
-6.70349
-6.71469
-6.72004
-6.71589
-6.70663
-6.69355
-6.67866
-6.66145
-6.64441
-6.62957
-6.61908
-6.61259
-6.61246
-6.61628
-6.62351
-6.63591
-6.6498
-6.66166
-6.67051
-6.67515
-6.67382
-6.6687
-6.6637
-6.66042
-6.65699
-6.65531
-6.65585
-6.65475
-6.6535
-6.6512
-6.6444
-6.63466
-6.62475
-6.61395
-6.60322
-6.59834
-6.5945
-6.59665
-6.60466
-6.61927
-6.63913
-6.66304
-6.68555
-6.70988
-6.73123
-6.7418
-6.74523
-6.73926
-6.72433
-6.69833
-6.66653
-6.63265
-6.59501
-6.55643
-6.52608
-6.50224
-6.49273
-6.4946
-6.50932
-6.5351
-6.56772
-6.60141
-6.6334
-6.66194
-6.67902
-6.68758
-6.68742
-6.67902
-6.66914
-6.65883
-6.64432
-6.63518
-6.62888
-6.62913
-6.63614
-6.65063
-6.66227
-6.67056
-6.67676
-6.68135
-6.68439
-6.6911
-6.69976
-6.71412
-6.73318
-6.75577
-6.77638
-6.79265
-6.79915
-6.79574
-6.77703
-6.74585
-6.70316
-6.66017
-6.61988
-6.59051
-6.56999
-6.56205
-6.56259
-6.56757
-6.57517
-6.5813
-6.58287
-6.57862
-6.57231
-6.56203
-6.55361
-6.54781
-6.54384
-6.54447
-6.54758
-6.55671
-6.5669
-6.5789
-6.59255
-6.60475
-6.61611
-6.6272
-6.64371
-6.6647
-6.68625
-6.70425
-6.71829
-6.72727
-6.72755
-6.72362
-6.71365
-6.70336
-6.69212
-6.6808
-6.67416
-6.66426
-6.65576
-6.64725
-6.641
-6.6375
-6.64034
-6.64825
-6.6612
-6.6793
-6.69814
-6.71264
-6.72432
-6.72758
-6.72217
-6.70733
-6.68646
-6.66205
-6.63871
-6.61296
-6.58934
-6.57367
-6.56997
-6.57639
-6.59465
-6.62247
-6.65246
-6.68219
-6.70609
-6.72232
-6.72781
-6.72611
-6.71358
-6.69679
-6.67245
-6.64767
-6.62152
-6.59725
-6.575
-6.55574
-6.54063
-6.53113
-6.53066
-6.53803
-6.5522
-6.57288
-6.59436
-6.61758
-6.638
-6.65923
-6.67189
-6.68204
-6.68809
-6.69276
-6.69659
-6.69771
-6.69764
-6.69137
-6.68333
-6.67322
-6.66441
-6.65602
-6.65159
-6.64825
-6.64664
-6.64466
-6.64208
-6.6378
-6.63651
-6.63613
-6.63622
-6.64021
-6.64198
-6.64637
-6.64603
-6.6448
-6.64403
-6.64501
-6.64447
-6.64711
-6.64963
-6.65605
-6.65961
-6.66402
-6.66855
-6.67567
-6.68409
-6.69146
-6.69802
-6.70264
-6.70199
-6.69925
-6.68993
-6.67677
-6.66072
-6.64104
-6.61996
-6.6005
-6.58257
-6.56588
-6.55392
-6.54405
-6.53991
-6.54276
-6.55558
-6.57347
-6.59969
-6.62513
-6.64956
-6.66841
-6.67935
-6.67914
-6.67001
-6.65598
-6.63919
-6.62222
-6.60938
-6.60399
-6.60625
-6.61514
-6.63141
-6.6546
-6.68145
-6.70947
-6.73155
-6.75445
-6.77086
-6.78313
-6.78566
-6.78097
-6.76521
-6.74129
-6.70643
-6.6656
-6.62362
-6.58346
-6.54843
-6.51831
-6.49794
-6.48517
-6.48608
-6.4961
-6.5182
-6.54517
-6.57751
-6.61388
-6.65302
-6.6908
-6.72325
-6.75094
-6.77183
-6.78517
-6.78769
-6.78295
-6.7686
-6.74918
-6.72733
-6.69997
-6.66927
-6.6481
-6.63022
-6.62449
-6.62792
-6.63519
-6.64344
-6.64817
-6.64757
-6.64494
-6.63977
-6.63624
-6.63178
-6.63101
-6.63068
-6.62931
-6.62965
-6.63554
-6.63937
-6.64323
-6.64654
-6.64652
-6.64536
-6.64115
-6.63435
-6.62336
-6.61155
-6.59823
-6.58526
-6.57296
-6.56641
-6.56738
-6.57462
-6.58856
-6.60297
-6.6183
-6.62994
-6.6383
-6.64216
-6.64278
-6.63982
-6.63285
-6.62316
-6.60868
-6.59256
-6.58014
-6.57297
-6.57406
-6.58365
-6.59911
-6.62014
-6.64435
-6.66813
-6.69249
-6.71456
-6.73269
-6.74645
-6.75535
-6.75464
-6.75213
-6.74147
-6.72821
-6.70836
-6.68121
-6.65266
-6.62214
-6.592
-6.56781
-6.54623
-6.53115
-6.52458
-6.5217
-6.52474
-6.53509
-6.55554
-6.57969
-6.60778
-6.63494
-6.6603
-6.68155
-6.70048
-6.70985
-6.71644
-6.71692
-6.71581
-6.71137
-6.70566
-6.69734
-6.68959
-6.67671
-6.66707
-6.65648
-6.65119
-6.64999
-6.65212
-6.65607
-6.66098
-6.66263
-6.66387
-6.66259
-6.66526
-6.66973
-6.67207
-6.67274
-6.67095
-6.66555
-6.65778
-6.64755
-6.63854
-6.62775
-6.61708
-6.60986
-6.60395
-6.5999
-6.59824
-6.59757
-6.60028
-6.60771
-6.61647
-6.63085
-6.64837
-6.6672
-6.68848
-6.70366
-6.71558
-6.71976
-6.7165
-6.70716
-6.69281
-6.67251
-6.65412
-6.63619
-6.61852
-6.60459
-6.59849
-6.59934
-6.60602
-6.61941
-6.63625
-6.65208
-6.66987
-6.68612
-6.69861
-6.71048
-6.72096
-6.72678
-6.72771
-6.72067
-6.70475
-6.68433
-6.66242
-6.64366
-6.62219
-6.60523
-6.59054
-6.57723
-6.56671
-6.56128
-6.55763
-6.55998
-6.56448
-6.57241
-6.57654
-6.58176
-6.58621
-6.59215
-6.59844
-6.61359
-6.62711
-6.64534
-6.66589
-6.68041
-6.69159
-6.69677
-6.69374
-6.68538
-6.67905
-6.67409
-6.67794
-6.68806
-6.70428
-6.72096
-6.737
-6.74799
-6.75186
-6.74887
-6.73491
-6.7148
-6.69043
-6.66136
-6.63051
-6.60038
-6.57336
-6.55572
-6.54953
-6.55367
-6.57228
-6.59902
-6.63331
-6.67036
-6.70783
-6.74235
-6.77281
-6.79237
-6.80319
-6.80112
-6.78691
-6.75881
-6.72523
-6.69094
-6.65941
-6.63771
-6.62968
-6.62853
-6.62754
-6.62829
-6.62328
-6.6142
-6.60048
-6.58561
-6.56984
-6.55371
-6.54101
-6.53497
-6.52797
-6.52764
-6.53533
-6.5465
-6.56491
-6.58897
-6.62139
-6.65583
-6.6922
-6.72461
-6.7512
-6.76699
-6.77213
-6.76886
-6.75724
-6.73957
-6.71256
-6.68226
-6.64748
-6.61176
-6.57838
-6.54977
-6.52802
-6.5101
-6.49874
-6.49437
-6.49688
-6.50627
-6.52112
-6.54263
-6.56596
-6.58969
-6.61163
-6.63061
-6.64508
-6.65278
-6.65211
-6.64519
-6.63722
-6.63245
-6.63372
-6.64162
-6.65528
-6.67153
-6.68998
-6.70246
-6.71187
-6.71237
-6.705
-6.69167
-6.67415
-6.6584
-6.6494
-6.65012
-6.66087
-6.68148
-6.70935
-6.73751
-6.76873
-6.78681
-6.79928
-6.8019
-6.79626
-6.77747
-6.75229
-6.71853
-6.68173
-6.64231
-6.60418
-6.56859
-6.54134
-6.5219
-6.50892
-6.51061
-6.52378
-6.55042
-6.58491
-6.62318
-6.66428
-6.70012
-6.72904
-6.75114
-6.76048
-6.76026
-6.74845
-6.72771
-6.70243
-6.67114
-6.64089
-6.61557
-6.59372
-6.58181
-6.57963
-6.5818
-6.58767
-6.59548
-6.60411
-6.61033
-6.61365
-6.61222
-6.60834
-6.60275
-6.59348
-6.58344
-6.57513
-6.56929
-6.56761
-6.57436
-6.58582
-6.60333
-6.62387
-6.64567
-6.66587
-6.67904
-6.68526
-6.68564
-6.67822
-6.66909
-6.65802
-6.64905
-6.64872
-6.65577
-6.6687
-6.68592
-6.70709
-6.72665
-6.74678
-6.75596
-6.76221
-6.75538
-6.74004
-6.71754
-6.69067
-6.662
-6.6372
-6.61642
-6.60655
-6.601
-6.59995
-6.5985
-6.59682
-6.59405
-6.59109
-6.59144
-6.58992
-6.59111
-6.59427
-6.59863
-6.60676
-6.61188
-6.61796
-6.62071
-6.61809
-6.61259
-6.60442
-6.59503
-6.5837
-6.57698
-6.57784
-6.58427
-6.59702
-6.61579
-6.63485
-6.65311
-6.67087
-6.6825
-6.69379
-6.70444
-6.71563
-6.72506
-6.73411
-6.74396
-6.75361
-6.76276
-6.76276
-6.75889
-6.74781
-6.72751
-6.70669
-6.68114
-6.65535
-6.63353
-6.6098
-6.59074
-6.57985
-6.57281
-6.57123
-6.57211
-6.57864
-6.5845
-6.58969
-6.59254
-6.59401
-6.59525
-6.59755
-6.60221
-6.60624
-6.61689
-6.6319
-6.65058
-6.67486
-6.7011
-6.72522
-6.74071
-6.74699
-6.74161
-6.72566
-6.69924
-6.66911
-6.63669
-6.61126
-6.59627
-6.59143
-6.5935
-6.60215
-6.61766
-6.63208
-6.64634
-6.65825
-6.66937
-6.67788
-6.68508
-6.69029
-6.69783
-6.70515
-6.71129
-6.71757
-6.72787
-6.7335
-6.73431
-6.72832
-6.71406
-6.69287
-6.6646
-6.63216
-6.5965
-6.5665
-6.54278
-6.52592
-6.51857
-6.52076
-6.52812
-6.5432
-6.56037
-6.57982
-6.59503
-6.60654
-6.61693
-6.62494
-6.63276
-6.64157
-6.64825
-6.65722
-6.66538
-6.67477
-6.6777
-6.67453
-6.67197
-6.66512
-6.65587
-6.64069
-6.62995
-6.61948
-6.61621
-6.6195
-6.63124
-6.64723
-6.67238
-6.69724
-6.72069
-6.74162
-6.75453
-6.75935
-6.75613
-6.74667
-6.73067
-6.70787
-6.68238
-6.65341
-6.63129
-6.61462
-6.613
-6.62514
-6.64767
-6.67582
-6.69977
-6.71201
-6.71098
-6.69684
-6.66881
-6.63514
-6.59896
-6.5662
-6.53881
-6.52076
-6.51512
-6.52312
-6.54327
-6.57133
-6.60466
-6.63631
-6.66057
-6.67598
-6.68381
-6.68495
-6.67936
-6.67519
-6.67223
-6.66928
-6.66545
-6.66296
-6.66227
-6.6625
-6.66432
-6.67057
-6.68157
-6.69408
-6.7096
-6.72098
-6.73241
-6.7373
-6.7382
-6.73305
-6.72258
-6.70645
-6.68848
-6.67124
-6.6556
-6.64769
-6.6424
-6.64037
-6.63933
-6.63794
-6.63721
-6.63534
-6.62915
-6.62338
-6.61458
-6.60042
-6.58692
-6.57431
-6.56207
-6.55999
-6.56289
-6.57512
-6.60034
-6.63148
-6.66163
-6.69042
-6.71215
-6.7229
-6.72207
-6.71173
-6.69223
-6.66725
-6.6387
-6.6093
-6.58492
-6.56478
-6.55417
-6.55628
-6.56823
-6.59003
-6.61329
-6.63952
-6.66324
-6.6856
-6.70053
-6.71355
-6.72141
-6.73053
-6.73795
-6.74463
-6.74965
-6.75206
-6.74953
-6.74237
-6.73031
-6.71881
-6.70728
-6.69694
-6.69145
-6.68729
-6.68544
-6.68511
-6.67957
-6.66995
-6.65447
-6.63505
-6.6147
-6.59964
-6.59239
-6.59603
-6.60931
-6.63231
-6.65641
-6.67907
-6.7015
-6.71803
-6.72486
-6.72455
-6.71446
-6.69826
-6.68072
-6.66225
-6.64375
-6.63069
-6.62271
-6.62207
-6.62907
-6.64448
-6.66062
-6.67644
-6.6905
-6.69644
-6.69622
-6.69374
-6.68852
-6.68103
-6.67053
-6.65897
-6.64359
-6.62952
-6.61888
-6.60868
-6.60634
-6.60932
-6.61696
-6.62864
-6.64893
-6.67059
-6.69349
-6.71979
-6.74702
-6.77087
-6.7892
-6.80291
-6.80675
-6.79685
-6.77814
-6.75645
-6.72897
-6.70195
-6.67728
-6.65828
-6.6417
-6.62891
-6.62371
-6.62525
-6.63001
-6.63585
-6.64249
-6.64936
-6.65645
-6.66471
-6.66779
-6.66956
-6.67064
-6.66828
-6.66171
-6.65579
-6.65447
-6.65463
-6.6563
-6.66204
-6.66804
-6.67488
-6.67668
-6.67772
-6.67593
-6.6712
-6.663
-6.65161
-6.63514
-6.62117
-6.61199
-6.60831
-6.6112
-6.61972
-6.63046
-6.64207
-6.65287
-6.65891
-6.66201
-6.66412
-6.66389
-6.66076
-6.65494
-6.64734
-6.63515
-6.61791
-6.60007
-6.58199
-6.56902
-6.56914
-6.5859
-6.6167
-6.65416
-6.69183
-6.72526
-6.75523
-6.77784
-6.79035
-6.79857
-6.7948
-6.78048
-6.75687
-6.72402
-6.68717
-6.65306
-6.62259
-6.6032
-6.6009
-6.61202
-6.63807
-6.67224
-6.7103
-6.74603
-6.77325
-6.78695
-6.78934
-6.77955
-6.75389
-6.72434
-6.68762
-6.64919
-6.61381
-6.58409
-6.56387
-6.55743
-6.56397
-6.58124
-6.60509
-6.63078
-6.65481
-6.67579
-6.68807
-6.69261
-6.69158
-6.6862
-6.6824
-6.67839
-6.6755
-6.66965
-6.65943
-6.64709
-6.6318
-6.6164
-6.60651
-6.60628
-6.61247
-6.62726
-6.64504
-6.65891
-6.6688
-6.66778
-6.66405
-6.65747
-6.65705
-6.66409
-6.67543
-6.69295
-6.71593
-6.7325
-6.74554
-6.74853
-6.74008
-6.72278
-6.69637
-6.66519
-6.63074
-6.60034
-6.57932
-6.56269
-6.55679
-6.55852
-6.57
-6.58482
-6.60453
-6.62825
-6.65174
-6.67607
-6.70198
-6.72719
-6.75125
-6.77179
-6.78963
-6.80376
-6.81037
-6.80757
-6.79582
-6.77926
-6.756
-6.73107
-6.70656
-6.69208
-6.67916
-6.67391
-6.67537
-6.68536
-6.7
-6.71443
-6.72469
-6.7275
-6.72404
-6.70806
-6.68556
-6.65357
-6.62118
-6.583
-6.54805
-6.51796
-6.49627
-6.48499
-6.48641
-6.49726
-6.51882
-6.54667
-6.58087
-6.61664
-6.65046
-6.68157
-6.7025
-6.71903
-6.72732
-6.72486
-6.71793
-6.70701
-6.69127
-6.67371
-6.65753
-6.64434
-6.63456
-6.6309
-6.62965
-6.6369
-6.65076
-6.66278
-6.67846
-6.68933
-6.69028
-6.68825
-6.67918
-6.66556
-6.6508
-6.63557
-6.62851
-6.63206
-6.64722
-6.66952
-6.69174
-6.71132
-6.72686
-6.73946
-6.74853
-6.75522
-6.75706
-6.75548
-6.75059
-6.73982
-6.722
-6.69998
-6.67255
-6.64692
-6.62331
-6.60478
-6.59703
-6.59634
-6.60378
-6.62217
-6.64714
-6.67467
-6.70352
-6.72643
-6.74015
-6.74657
-6.74357
-6.73111
-6.70953
-6.68433
-6.65804
-6.63623
-6.61937
-6.60376
-6.59287
-6.58789
-6.58798
-6.59054
-6.59248
-6.59622
-6.60082
-6.60416
-6.60503
-6.60789
-6.61039
-6.6169
-6.6278
-6.64508
-6.66802
-6.69015
-6.71097
-6.72809
-6.73937
-6.74668
-6.74803
-6.74466
-6.73707
-6.72573
-6.71526
-6.70252
-6.69068
-6.67718
-6.66289
-6.65142
-6.6425
-6.63914
-6.63727
-6.63709
-6.63998
-6.63987
-6.63784
-6.63211
-6.6203
-6.60605
-6.5907
-6.57379
-6.55678
-6.54342
-6.53715
-6.53732
-6.54382
-6.55538
-6.57258
-6.59182
-6.61353
-6.63652
-6.6591
-6.68256
-6.70394
-6.72317
-6.73969
-6.75493
-6.76409
-6.76928
-6.76973
-6.76708
-6.76153
-6.75217
-6.74112
-6.73211
-6.72038
-6.70842
-6.69721
-6.68496
-6.67204
-6.66031
-6.64953
-6.63728
-6.62826
-6.62207
-6.61925
-6.62104
-6.63055
-6.64887
-6.66881
-6.68634
-6.69873
-6.70426
-6.70059
-6.68791
-6.67675
-6.66487
-6.65683
-6.64903
-6.64704
-6.64966
-6.65569
-6.6657
-6.6763
-6.68858
-6.69352
-6.69424
-6.69217
-6.68739
-6.67926
-6.66828
-6.66004
-6.65169
-6.64877
-6.64857
-6.65282
-6.659
-6.66694
-6.67641
-6.68977
-6.70402
-6.71718
-6.72563
-6.72996
-6.7246
-6.71446
-6.6978
-6.67594
-6.65351
-6.63398
-6.61808
-6.61235
-6.6123
-6.6201
-6.63125
-6.64272
-6.65643
-6.67139
-6.686
-6.69941
-6.71114
-6.71842
-6.71732
-6.71453
-6.70831
-6.70091
-6.69156
-6.68251
-6.67627
-6.67061
-6.66998
-6.67165
-6.6768
-6.6846
-6.68892
-6.69161
-6.69193
-6.69095
-6.68505
-6.679
-6.6672
-6.65164
-6.63552
-6.61691
-6.60769
-6.60491
-6.61318
-6.62532
-6.64249
-6.65851
-6.66602
-6.66753
-6.6626
-6.64976
-6.63726
-6.6278
-6.62433
-6.62886
-6.64076
-6.65812
-6.67355
-6.682
-6.68506
-6.67945
-6.66911
-6.65626
-6.64511
-6.63652
-6.63489
-6.63909
-6.65287
-6.66779
-6.68206
-6.69374
-6.69779
-6.6957
-6.68268
-6.66617
-6.64839
-6.63672
-6.634
-6.64333
-6.65798
-6.67905
-6.69726
-6.71541
-6.72885
-6.73605
-6.73955
-6.74092
-6.73689
-6.73315
-6.72614
-6.71438
-6.69875
-6.68359
-6.66808
-6.65126
-6.63964
-6.63688
-6.63947
-6.65024
-6.66844
-6.68654
-6.70185
-6.71744
-6.72665
-6.72698
-6.72204
-6.71255
-6.70564
-6.69481
-6.68834
-6.67929
-6.66908
-6.66177
-6.65421
-6.64413
-6.63683
-6.63185
-6.62637
-6.62541
-6.62491
-6.62854
-6.63159
-6.63329
-6.63827
-6.64163
-6.64505
-6.64846
-6.65245
-6.65771
-6.6601
-6.66449
-6.67183
-6.67454
-6.67607
-6.67514
-6.66999
-6.66203
-6.65388
-6.6455
-6.63943
-6.63741
-6.64188
-6.65184
-6.66336
-6.67403
-6.68727
-6.69843
-6.70592
-6.71088
-6.71009
-6.70642
-6.69729
-6.6823
-6.66425
-6.64302
-6.62117
-6.59726
-6.57476
-6.56404
-6.56061
-6.57161
-6.59106
-6.61464
-6.63851
-6.66035
-6.67365
-6.67678
-6.66987
-6.65884
-6.64276
-6.63
-6.61658
-6.60823
-6.60181
-6.597
-6.59224
-6.59187
-6.58906
-6.58805
-6.58881
-6.59345
-6.60041
-6.61268
-6.62763
-6.64461
-6.66817
-6.6939
-6.72304
-6.75194
-6.77901
-6.80438
-6.82505
-6.83972
-6.84824
-6.85361
-6.84877
-6.84086
-6.8261
-6.8097
-6.79397
-6.78187
-6.7695
-6.75284
-6.73098
-6.70479
-6.67254
-6.63355
-6.58988
-6.54959
-6.51612
-6.49432
-6.48695
-6.49629
-6.51602
-6.53952
-6.56574
-6.58504
-6.5998
-6.60839
-6.60828
-6.60507
-6.60327
-6.60548
-6.61432
-6.62619
-6.6453
-6.6618
-6.67731
-6.68981
-6.69788
-6.7054
-6.7077
-6.70556
-6.69746
-6.68619
-6.68157
-6.68237
-6.69258
-6.71309
-6.73521
-6.75752
-6.77604
-6.78699
-6.78986
-6.78448
-6.77769
-6.76388
-6.74591
-6.72718
-6.71148
-6.69588
-6.68481
-6.68123
-6.67982
-6.68083
-6.68457
-6.68479
-6.68094
-6.67105
-6.65312
-6.63271
-6.61407
-6.60023
-6.59771
-6.60862
-6.63192
-6.66192
-6.69581
-6.72592
-6.74867
-6.7556
-6.7474
-6.72316
-6.68636
-6.64287
-6.59899
-6.56314
-6.53978
-6.54111
-6.56004
-6.59143
-6.63107
-6.67142
-6.70746
-6.73057
-6.74439
-6.7496
-6.74551
-6.73538
-6.71959
-6.69956
-6.6818
-6.66613
-6.653
-6.64721
-6.64376
-6.64051
-6.63805
-6.63724
-6.63332
-6.62908
-6.62721
-6.62669
-6.63171
-6.63704
-6.64433
-6.65281
-6.65772
-6.66119
-6.66609
-6.67307
-6.6813
-6.68847
-6.7008
-6.71193
-6.72405
-6.73849
-6.7534
-6.76481
-6.7713
-6.77222
-6.7688
-6.75663
-6.74196
-6.72504
-6.71396
-6.70383
-6.70429
-6.70502
-6.70902
-6.71272
-6.71648
-6.7142
-6.70819
-6.69829
-6.68061
-6.65896
-6.63303
-6.60847
-6.58872
-6.57944
-6.57606
-6.58016
-6.58547
-6.59353
-6.60337
-6.60708
-6.61207
-6.61172
-6.61675
-6.62688
-6.64039
-6.6563
-6.67312
-6.68958
-6.70345
-6.71205
-6.71815
-6.71758
-6.71363
-6.70569
-6.697
-6.68798
-6.67921
-6.67521
-6.6739
-6.67
-6.67162
-6.673
-6.67391
-6.6756
-6.67516
-6.67616
-6.67247
-6.67221
-6.67478
-6.67825
-6.68272
-6.6877
-6.68969
-6.68679
-6.68147
-6.66819
-6.65029
-6.62727
-6.60112
-6.57174
-6.54457
-6.52505
-6.51419
-6.51302
-6.52394
-6.54403
-6.57027
-6.60229
-6.63347
-6.66573
-6.69324
-6.71545
-6.72864
-6.73623
-6.73862
-6.7354
-6.72968
-6.72555
-6.71988
-6.71518
-6.7137
-6.71499
-6.71515
-6.71737
-6.72333
-6.73185
-6.74054
-6.7448
-6.74075
-6.73002
-6.71003
-6.68361
-6.64782
-6.60819
-6.56778
-6.52851
-6.49352
-6.46685
-6.45248
-6.45144
-6.4666
-6.49905
-6.54262
-6.5934
-6.64843
-6.70328
-6.75277
-6.79778
-6.83471
-6.86469
-6.88322
-6.88872
-6.88833
-6.87351
-6.84765
-6.81709
-6.78279
-6.74681
-6.7134
-6.68305
-6.65948
-6.64201
-6.63537
-6.63642
-6.64316
-6.6558
-6.67334
-6.68669
-6.69519
-6.69489
-6.68526
-6.67208
-6.65192
-6.63464
-6.61916
-6.60965
-6.6054
-6.60084
-6.60195
-6.60686
-6.61339
-6.6207
-6.62586
-6.62517
-6.62492
-6.62328
-6.62421
-6.62476
-6.63103
-6.64033
-6.65295
-6.66505
-6.6809
-6.69642
-6.71621
-6.73219
-6.74805
-6.76017
-6.76637
-6.76293
-6.75437
-6.74222
-6.72795
-6.7142
-6.70706
-6.69804
-6.6871
-6.67653
-6.65763
-6.63765
-6.61553
-6.59327
-6.57327
-6.55964
-6.55206
-6.55408
-6.56399
-6.58474
-6.60978
-6.64321
-6.67463
-6.71078
-6.74308
-6.76916
-6.78709
-6.79684
-6.79882
-6.79011
-6.77249
-6.75024
-6.7274
-6.70645
-6.69304
-6.68668
-6.69058
-6.70044
-6.715
-6.73134
-6.74545
-6.74893
-6.74604
-6.73319
-6.71223
-6.67875
-6.64004
-6.59388
-6.55114
-6.51758
-6.49572
-6.48887
-6.50016
-6.52466
-6.55276
-6.58201
-6.613
-6.63995
-6.66268
-6.67725
-6.68736
-6.68969
-6.6879
-6.68413
-6.68059
-6.67727
-6.67065
-6.66644
-6.66162
-6.65758
-6.65456
-6.65274
-6.6502
-6.64464
-6.64279
-6.64725
-6.65714
-6.66972
-6.68952
-6.70721
-6.72162
-6.7296
-6.72487
-6.70663
-6.67965
-6.64262
-6.6029
-6.56281
-6.53044
-6.50589
-6.49613
-6.49992
-6.51638
-6.54635
-6.58959
-6.63732
-6.68468
-6.73205
-6.77163
-6.80977
-6.83945
-6.86202
-6.87441
-6.87792
-6.86988
-6.85758
-6.83906
-6.81594
-6.79605
-6.77584
-6.75913
-6.74679
-6.73793
-6.73278
-6.72522
-6.71673
-6.7051
-6.69027
-6.6733
-6.6604
-6.6476
-6.64067
-6.63655
-6.6354
-6.63402
-6.63618
-6.6413
-6.64606
-6.65153
-6.66061
-6.66789
-6.67786
-6.69581
-6.71063
-6.72626
-6.73881
-6.74649
-6.744
-6.73822
-6.72439
-6.71063
-6.69478
-6.68647
-6.67938
-6.67805
-6.67935
-6.68379
-6.69367
-6.69668
-6.69624
-6.68933
-6.67648
-6.66307
-6.64882
-6.64075
-6.6331
-6.62878
-6.6229
-6.61663
-6.60638
-6.59507
-6.58648
-6.58358
-6.58982
-6.60732
-6.62911
-6.65634
-6.67643
-6.68945
-6.69594
-6.69759
-6.69737
-6.69819
-6.70316
-6.70906
-6.71494
-6.72229
-6.73061
-6.7353
-6.73581
-6.73372
-6.72976
-6.72832
-6.72681
-6.72264
-6.71774
-6.7138
-6.70664
-6.69921
-6.69197
-6.68506
-6.68032
-6.67833
-6.67757
-6.67746
-6.67469
-6.67392
-6.67293
-6.67029
-6.6666
-6.66286
-6.65729
-6.64961
-6.63958
-6.63114
-6.62468
-6.62094
-6.62149
-6.6275
-6.64087
-6.66041
-6.68313
-6.70541
-6.72392
-6.74048
-6.75212
-6.75643
-6.75609
-6.74845
-6.73513
-6.7167
-6.70297
-6.68991
-6.67908
-6.67261
-6.67584
-6.68912
-6.70852
-6.73485
-6.75712
-6.77512
-6.78453
-6.78442
-6.78089
-6.76947
-6.7546
-6.741
-6.72742
-6.7143
-6.70322
-6.69231
-6.68168
-6.67243
-6.66901
-6.67245
-6.68473
-6.70792
-6.73276
-6.75709
-6.77474
-6.78165
-6.77396
-6.75636
-6.72794
-6.69065
-6.6508
-6.61201
-6.57834
-6.55241
-6.5363
-6.536
-6.54454
-6.56075
-6.5828
-6.6041
-6.62494
-6.64792
-6.67106
-6.69428
-6.7176
-6.74239
-6.76457
-6.78455
-6.79489
-6.79708
-6.78915
-6.771
-6.74334
-6.71349
-6.68503
-6.66186
-6.64742
-6.64348
-6.6503
-6.66953
-6.69515
-6.72123
-6.74439
-6.76498
-6.77838
-6.78029
-6.77798
-6.76733
-6.7491
-6.72585
-6.70052
-6.67614
-6.65506
-6.64168
-6.63708
-6.64
-6.64809
-6.66145
-6.67489
-6.68504
-6.69219
-6.69442
-6.69007
-6.68579
-6.67934
-6.66894
-6.65569
-6.6471
-6.6399
-6.63809
-6.63857
-6.64498
-6.65493
-6.66522
-6.67939
-6.69428
-6.7093
-6.72396
-6.7388
-6.75405
-6.76815
-6.783
-6.79375
-6.79657
-6.79305
-6.77654
-6.74945
-6.7139
-6.6752
-6.63606
-6.59995
-6.57445
-6.55722
-6.55122
-6.55666
-6.56837
-6.58679
-6.60877
-6.63739
-6.66482
-6.69481
-6.72123
-6.74065
-6.75692
-6.76607
-6.77384
-6.77722
-6.7774
-6.77765
-6.77846
-6.77859
-6.7748
-6.76775
-6.76027
-6.74681
-6.73367
-6.72024
-6.70386
-6.68633
-6.67046
-6.66198
-6.65852
-6.66377
-6.67686
-6.68702
-6.69531
-6.69715
-6.69382
-6.68665
-6.67998
-6.67445
-6.67445
-6.67861
-6.68341
-6.69573
-6.70895
-6.7208
-6.72785
-6.72947
-6.72566
-6.71738
-6.70011
-6.68182
-6.65951
-6.63767
-6.61909
-6.60302
-6.5952
-6.59664
-6.60563
-6.62149
-6.64434
-6.66659
-6.69149
-6.71262
-6.7305
-6.73848
-6.73818
-6.73237
-6.72454
-6.71724
-6.71198
-6.7125
-6.71583
-6.72082
-6.72277
-6.72535
-6.72604
-6.72459
-6.72817
-6.72978
-6.73773
-6.74922
-6.76041
-6.76742
-6.766
-6.76064
-6.74724
-6.72733
-6.70657
-6.69099
-6.67956
-6.67517
-6.67661
-6.67827
-6.68191
-6.68596
-6.69099
-6.69849
-6.70184
-6.70356
-6.70574
-6.70716
-6.70475
-6.70425
-6.70446
-6.70535
-6.70737
-6.71209
-6.71824
-6.71817
-6.71919
-6.71603
-6.71435
-6.71365
-6.71312
-6.71555
-6.72222
-6.72972
-6.73674
-6.74725
-6.75637
-6.76404
-6.76826
-6.76707
-6.76045
-6.74473
-6.72206
-6.69245
-6.66441
-6.63557
-6.6098
-6.59
-6.5763
-6.57265
-6.57294
-6.58183
-6.59738
-6.61593
-6.63182
-6.64314
-6.64771
-6.64829
-6.64528
-6.63867
-6.63565
-6.63665
-6.645
-6.66322
-6.68965
-6.71915
-6.74758
-6.77285
-6.79284
-6.80533
-6.80711
-6.80259
-6.79238
-6.77837
-6.76178
-6.74491
-6.73093
-6.72012
-6.71735
-6.71915
-6.72266
-6.73048
-6.73574
-6.73669
-6.72817
-6.71127
-6.69022
-6.66588
-6.64326
-6.62835
-6.61841
-6.61829
-6.62178
-6.62738
-6.63664
-6.64738
-6.65743
-6.66519
-6.67037
-6.67306
-6.67885
-6.68552
-6.69582
-6.71046
-6.72697
-6.74291
-6.75316
-6.75921
-6.75619
-6.74784
-6.73688
-6.7213
-6.70318
-6.6826
-6.66281
-6.64436
-6.62409
-6.60852
-6.59384
-6.58007
-6.56775
-6.55501
-6.54964
-6.54729
-6.54696
-6.55385
-6.56783
-6.58602
-6.6135
-6.64661
-6.68263
-6.71847
-6.75654
-6.79561
-6.83173
-6.86127
-6.88014
-6.89092
-6.89149
-6.88278
-6.86206
-6.83942
-6.81346
-6.79147
-6.77303
-6.75991
-6.74677
-6.73189
-6.71464
-6.69302
-6.66703
-6.64102
-6.61895
-6.60292
-6.59694
-6.60184
-6.61431
-6.63236
-6.64855
-6.66923
-6.68789
-6.70958
-6.73234
-6.75504
-6.78075
-6.79928
-6.81081
-6.81882
-6.81763
-6.80411
-6.78102
-6.75496
-6.7302
-6.70897
-6.69178
-6.67921
-6.67028
-6.66056
-6.64992
-6.63706
-6.62373
-6.61098
-6.60542
-6.60401
-6.61206
-6.62594
-6.64434
-6.66094
-6.6728
-6.68167
-6.68738
-6.69199
-6.69396
-6.69696
-6.69478
-6.69428
-6.69418
-6.68621
-6.67582
-6.66344
-6.64965
-6.64177
-6.63083
-6.62478
-6.62016
-6.62295
-6.63084
-6.6436
-6.66538
-6.69059
-6.71624
-6.7408
-6.76402
-6.78028
-6.79318
-6.79933
-6.80174
-6.79754
-6.7904
-6.77912
-6.76407
-6.74584
-6.7246
-6.70147
-6.67798
-6.65961
-6.64693
-6.6438
-6.65276
-6.67205
-6.69108
-6.71028
-6.72168
-6.72122
-6.71422
-6.70403
-6.6921
-6.67914
-6.6683
-6.65944
-6.65285
-6.65016
-6.65832
-6.67398
-6.69543
-6.71499
-6.7382
-6.7575
-6.7684
-6.77303
-6.77053
-6.76035
-6.74381
-6.7258
-6.7059
-6.68316
-6.66479
-6.65345
-6.64925
-6.65018
-6.65917
-6.67218
-6.68728
-6.70226
-6.71566
-6.72223
-6.72115
-6.71116
-6.69723
-6.6838
-6.67141
-6.66634
-6.66602
-6.67216
-6.68107
-6.69048
-6.6972
-6.69877
-6.69406
-6.6846
-6.67514
-6.66626
-6.65777
-6.65509
-6.66036
-6.67102
-6.68091
-6.69374
-6.70632
-6.71405
-6.71784
-6.71626
-6.71347
-6.7093
-6.70376
-6.69384
-6.68653
-6.68516
-6.68395
-6.68483
-6.68702
-6.69059
-6.69302
-6.69014
-6.68185
-6.67055
-6.65933
-6.65078
-6.64657
-6.6502
-6.66005
-6.67352
-6.68966
-6.70993
-6.72551
-6.73818
-6.7531
-6.7646
-6.77716
-6.78733
-6.79229
-6.79247
-6.7895
-6.77756
-6.7617
-6.74477
-6.72483
-6.70349
-6.6841
-6.66672
-6.65878
-6.65065
-6.64684
-6.64158
-6.63811
-6.63327
-6.63235
-6.62991
-6.63091
-6.63922
-6.65298
-6.6699
-6.68994
-6.71244
-6.73075
-6.74358
-6.74897
-6.74806
-6.74049
-6.72333
-6.70685
-6.686
-6.66665
-6.65194
-6.64842
-6.65352
-6.66739
-6.69136
-6.71773
-6.7505
-6.77821
-6.80115
-6.81835
-6.8307
-6.8343
-6.83172
-6.82155
-6.80334
-6.77851
-6.75113
-6.72327
-6.6931
-6.67182
-6.65789
-6.65275
-6.65246
-6.65644
-6.66197
-6.66553
-6.66674
-6.66294
-6.65436
-6.64547
-6.63541
-6.62511
-6.61675
-6.61119
-6.61106
-6.61686
-6.63088
-6.65224
-6.67587
-6.70174
-6.72819
-6.753
-6.77058
-6.78419
-6.79077
-6.78463
-6.77322
-6.75318
-6.73083
-6.70609
-6.68126
-6.66011
-6.64327
-6.63315
-6.63114
-6.63474
-6.64896
-6.66965
-6.69358
-6.72035
-6.74571
-6.76862
-6.78541
-6.79894
-6.80784
-6.8075
-6.79833
-6.78179
-6.75723
-6.72825
-6.70029
-6.6781
-6.66065
-6.65154
-6.64796
-6.65358
-6.66227
-6.67199
-6.68296
-6.69296
-6.70329
-6.70977
-6.71496
-6.72316
-6.7305
-6.73664
-6.73816
-6.73525
-6.7286
-6.72274
-6.71687
-6.7106
-6.70397
-6.69308
-6.68078
-6.66804
-6.64733
-6.62539
-6.60622
-6.5902
-6.57946
-6.57295
-6.57043
-6.57334
-6.57996
-6.59008
-6.60409
-6.62199
-6.64316
-6.6606
-6.67589
-6.68536
-6.6921
-6.69919
-6.70458
-6.71568
-6.72833
-6.74588
-6.75943
-6.77479
-6.78667
-6.79352
-6.79633
-6.79113
-6.78224
-6.76475
-6.74457
-6.72065
-6.69587
-6.67237
-6.65438
-6.64347
-6.64071
-6.64882
-6.65711
-6.67048
-6.68415
-6.69026
-6.69432
-6.69168
-6.68655
-6.68048
-6.67584
-6.67595
-6.68175
-6.69465
-6.71048
-6.72712
-6.74319
-6.75267
-6.75632
-6.75553
-6.74946
-6.7389
-6.72692
-6.71555
-6.70281
-6.69362
-6.68728
-6.68963
-6.699
-6.71407
-6.73417
-6.75649
-6.77428
-6.78618
-6.78735
-6.77604
-6.75175
-6.71876
-6.68167
-6.64707
-6.61842
-6.59969
-6.59264
-6.59831
-6.61632
-6.64105
-6.66834
-6.69342
-6.71216
-6.72041
-6.71919
-6.71071
-6.69413
-6.67349
-6.65177
-6.63202
-6.61851
-6.61134
-6.61251
-6.62087
-6.63843
-6.66191
-6.69102
-6.72049
-6.7476
-6.76971
-6.78674
-6.7922
-6.7906
-6.78122
-6.76065
-6.73797
-6.71278
-6.68775
-6.66596
-6.65338
-6.64877
-6.64698
-6.65303
-6.66524
-6.67789
-6.6862
-6.69365
-6.69814
-6.69803
-6.694
-6.68716
-6.67764
-6.67029
-6.66456
-6.66341
-6.6632
-6.66871
-6.67842
-6.69142
-6.70117
-6.71081
-6.71996
-6.72997
-6.73949
-6.74911
-6.75831
-6.76407
-6.76638
-6.76578
-6.76117
-6.74806
-6.72784
-6.69869
-6.66571
-6.63202
-6.5978
-6.56896
-6.54795
-6.53729
-6.544
-6.56751
-6.60312
-6.65016
-6.69321
-6.73591
-6.76934
-6.79008
-6.79888
-6.79016
-6.7686
-6.7366
-6.69296
-6.64427
-6.5956
-6.55441
-6.52393
-6.50831
-6.51193
-6.53596
-6.5759
-6.62616
-6.67924
-6.72897
-6.76554
-6.78761
-6.79574
-6.79432
-6.78214
-6.76399
-6.74851
-6.73793
-6.73161
-6.7329
-6.74195
-6.75196
-6.76143
-6.76464
-6.76268
-6.75431
-6.74137
-6.72009
-6.69669
-6.67299
-6.65344
-6.63934
-6.6332
-6.63535
-6.64098
-6.65404
-6.67136
-6.68823
-6.70271
-6.71274
-6.71938
-6.72207
-6.72533
-6.72762
-6.72725
-6.73193
-6.73409
-6.73922
-6.7447
