-6.65046
-6.64819
-6.62941
-6.61548
-6.60641
-6.59929
-6.59248
-6.58762
-6.5847
-6.58179
-6.57952
-6.5779
-6.57596
-6.57499
-6.57532
-6.575
-6.57435
-6.57436
-6.57306
-6.57274
-6.57242
-6.57339
-6.57371
-6.57306
-6.57241
-6.57306
-6.57371
-6.57532
-6.57403
-6.57338
-6.57241
-6.57402
-6.57435
-6.57565
-6.57629
-6.57824
-6.57921
-6.57824
-6.57954
-6.58148
-6.58148
-6.58019
-6.58148
-6.58213
-6.58504
-6.58472
-6.58666
-6.58536
-6.58439
-6.58309
-6.5805
-6.58018
-6.57824
-6.58018
-6.5805
-6.57986
-6.5805
-6.58018
-6.57824
-6.57888
-6.57629
-6.57726
-6.57726
-6.57726
-6.57759
-6.57856
-6.58018
-6.57986
-6.58212
-6.58309
-6.58374
-6.58471
-6.58569
-6.58374
-6.58277
-6.58342
-6.58406
-6.58406
-6.58374
-6.58406
-6.58244
-6.5818
-6.58147
-6.58147
-6.58115
-6.58115
-6.5805
-6.57953
-6.57953
-6.58083
-6.5805
-6.57921
-6.57953
-6.57953
-6.57921
-6.58179
-6.58082
-6.57985
-6.5792
-6.57791
-6.57693
-6.57596
-6.57694
-6.57499
-6.57564
-6.57597
-6.57661
-6.57597
-6.57629
-6.57435
-6.57564
-6.57693
-6.57693
-6.57596
-6.57596
-6.57564
-6.57596
-6.57661
-6.57855
-6.58244
-6.58373
-6.58406
-6.58568
-6.58665
-6.58697
-6.58536
-6.58892
-6.58924
-6.5873
-6.586
-6.58568
-6.586
-6.58535
-6.58665
-6.5847
-6.58341
-6.58503
-6.58535
-6.58438
-6.58179
-6.58309
-6.58568
-6.586
-6.58374
-6.58309
-6.58115
-6.5805
-6.58082
-6.58147
-6.58147
-6.58082
-6.58114
-6.57985
-6.57823
-6.57953
-6.57888
-6.58147
-6.58114
-6.58114
-6.58114
-6.5805
-6.58082
-6.57953
-6.5818
-6.58147
-6.58179
-6.58179
-6.58212
-6.58212
-6.5805
-6.57985
-6.57726
-6.57855
-6.58114
-6.58179
-6.58082
-6.58276
-6.58147
-6.58308
-6.58308
-6.58406
-6.58503
-6.58794
-6.58859
-6.58438
-6.58406
-6.58406
-6.58341
-6.58212
-6.58244
-6.58179
-6.58341
-6.58308
-6.58438
-6.58567
-6.58729
-6.58632
-6.58794
-6.58697
-6.58697
-6.586
-6.58438
-6.58406
-6.58341
-6.58341
-6.58503
-6.58535
-6.58341
-6.58309
-6.58503
-6.58632
-6.58665
-6.58729
-6.58438
-6.58535
-6.58276
-6.58244
-6.58341
-6.58147
-6.58114
-6.58341
-6.5847
-6.58535
-6.58503
-6.58373
-6.58405
-6.58373
-6.58438
-6.58017
-6.57855
-6.57952
-6.58114
-6.58147
-6.58049
-6.58114
-6.58179
-6.58147
-6.58211
-6.58082
-6.58114
-6.58114
-6.58147
-6.58309
-6.58503
-6.58568
-6.58438
-6.58438
-6.58373
-6.58535
-6.586
-6.58406
-6.58406
-6.58341
-6.58471
-6.58341
-6.58244
-6.58212
-6.58179
-6.58374
-6.58309
-6.58277
-6.58147
-6.58342
-6.58406
-6.58374
-6.58601
-6.58439
-6.58471
-6.58601
-6.58536
-6.58925
-6.58892
-6.59248
-6.59054
-6.58763
-6.58763
-6.58666
-6.58698
-6.58407
-6.58504
-6.58471
-6.58504
-6.58309
-6.58406
-6.58115
-6.58115
-6.58018
-6.58018
-6.58147
-6.58083
-6.58212
-6.58115
-6.58051
-6.57921
-6.57759
-6.57889
-6.57824
-6.57856
-6.5805
-6.5818
-6.58147
-6.57953
-6.58083
-6.57985
-6.58083
-6.5818
-6.58471
-6.58407
-6.58375
-6.58213
-6.58148
-6.58083
-6.58116
-6.58083
-6.58148
-6.58213
-6.57986
-6.57824
-6.57856
-6.57662
-6.57856
-6.57921
-6.57694
-6.57532
-6.57565
-6.57532
-6.57467
-6.57727
-6.57694
-6.57759
-6.57597
-6.57792
-6.57856
-6.57889
-6.5805
-6.58083
-6.58147
-6.57985
-6.58115
-6.57985
-6.57888
-6.5792
-6.58147
-6.58083
-6.58115
-6.58342
-6.58277
-6.58212
-6.58277
-6.58439
-6.58342
-6.58342
-6.58407
-6.5818
-6.58212
-6.58018
-6.57986
-6.58083
-6.5805
-6.57824
-6.57759
-6.57597
-6.57532
-6.57758
-6.57856
-6.57888
-6.57661
-6.57791
-6.57596
-6.57661
-6.57855
-6.5792
-6.57855
-6.57856
-6.57888
-6.57758
-6.58082
-6.58082
-6.58115
-6.58309
-6.58147
-6.58212
-6.58018
-6.5805
-6.58147
-6.58082
-6.58212
-6.58341
-6.58309
-6.5847
-6.58438
-6.58503
-6.58568
-6.58438
-6.58147
-6.58276
-6.58244
-6.58244
-6.58406
-6.58341
-6.58438
-6.58503
-6.58405
-6.58276
-6.58276
-6.58114
-6.58147
-6.58082
-6.58244
-6.58341
-6.58341
-6.58179
-6.58406
-6.58406
-6.58308
-6.58049
-6.58114
-6.58049
-6.58179
-6.5847
-6.58438
-6.58341
-6.58503
-6.58341
-6.58438
-6.58536
-6.58633
-6.58535
-6.58471
-6.58341
-6.58211
-6.58244
-6.58309
-6.58244
-6.58244
-6.58373
-6.58211
-6.58049
-6.57823
-6.57952
-6.58017
-6.58146
-6.57985
-6.57952
-6.57823
-6.5792
-6.57952
-6.5792
-6.57952
-6.58211
-6.58276
-6.58049
-6.57888
-6.57855
-6.57758
-6.57887
-6.5792
-6.57823
-6.5792
-6.57888
-6.58114
-6.58309
-6.58179
-6.58309
-6.58471
-6.58438
-6.58244
-6.58114
-6.58179
-6.57985
-6.57985
-6.58049
-6.57985
-6.58179
-6.58276
-6.58438
-6.58503
-6.58309
-6.58373
-6.58179
-6.58276
-6.58244
-6.58114
-6.58179
-6.58276
-6.58179
-6.5805
-6.58147
-6.58212
-6.58309
-6.58147
-6.58147
-6.58179
-6.58147
-6.58438
-6.58438
-6.58438
-6.58567
-6.586
-6.58308
-6.58276
-6.58406
-6.58405
-6.586
-6.58761
-6.58794
-6.586
-6.5847
-6.5847
-6.58373
-6.58405
-6.58503
-6.58438
-6.58438
-6.58406
-6.58082
-6.58211
-6.58179
-6.58082
-6.58017
-6.57952
-6.58049
-6.57888
-6.57823
-6.57693
-6.57596
-6.5779
-6.57888
-6.58017
-6.58147
-6.58309
-6.58406
-6.58114
-6.57985
-6.57985
-6.57985
-6.58017
-6.57888
-6.57726
-6.57823
-6.58049
-6.57952
-6.5792
-6.5792
-6.5779
-6.57726
-6.57855
-6.58114
-6.58146
-6.58179
-6.58405
-6.58502
-6.58632
-6.58567
-6.58535
-6.5847
-6.58502
-6.58438
-6.58308
-6.58438
-6.58405
-6.58405
-6.5847
-6.58632
-6.58632
-6.58632
-6.58632
-6.58405
-6.58502
-6.58308
-6.5834
-6.58146
-6.58243
-6.58178
-6.58275
-6.58534
-6.58307
-6.58405
-6.58567
-6.58599
-6.58826
-6.58599
-6.58632
-6.58567
-6.58437
-6.58275
-6.58243
-6.58243
-6.5834
-6.58405
-6.5834
-6.58308
-6.5847
-6.5847
-6.58275
-6.58211
-6.58308
-6.58275
-6.58211
-6.58081
-6.58178
-6.58178
-6.58211
-6.58308
-6.58146
-6.58146
-6.58178
-6.58275
-6.58308
-6.58437
-6.58437
-6.58405
-6.5834
-6.58275
-6.5821
-6.58243
-6.58146
-6.58081
-6.58049
-6.58081
-6.58113
-6.58178
-6.58146
-6.58146
-6.58146
-6.58275
-6.58372
-6.58178
-6.58081
-6.58049
-6.58211
-6.58211
-6.58275
-6.58405
-6.5834
-6.58373
-6.58275
-6.58243
-6.58049
-6.58049
-6.58113
-6.58211
-6.58276
-6.58179
-6.58243
-6.58179
-6.58017
-6.58049
-6.58146
-6.58049
-6.58211
-6.58276
-6.58405
-6.58373
-6.58308
-6.58114
-6.58146
-6.58081
-6.58211
-6.58114
-6.58308
-6.58114
-6.58114
-6.57952
-6.57952
-6.57984
-6.57984
-6.57952
-6.57822
-6.57693
-6.57757
-6.5779
-6.57855
-6.57952
-6.57855
-6.58017
-6.58114
-6.58082
-6.58082
-6.58114
-6.58049
-6.58017
-6.57953
-6.5792
-6.57661
-6.57888
-6.57855
-6.5792
-6.58049
-6.58179
-6.58211
-6.58147
-6.58082
-6.5805
-6.58082
-6.58244
-6.58276
-6.58341
-6.58633
-6.58536
-6.58633
-6.58859
-6.58795
-6.58827
-6.58697
-6.58697
-6.58568
-6.58697
-6.58406
-6.58406
-6.58276
-6.58308
-6.58114
-6.58179
-6.58146
-6.58373
-6.58373
-6.58503
-6.58568
-6.58503
-6.58568
-6.58471
-6.58406
-6.58341
-6.58179
-6.58082
-6.57953
-6.5805
-6.5805
-6.57952
-6.57888
-6.57888
-6.57855
-6.57953
-6.58017
-6.58147
-6.58277
-6.5818
-6.58406
-6.58536
-6.58406
-6.58471
-6.58309
-6.58406
-6.58244
-6.58179
-6.58212
-6.58179
-6.58115
-6.58179
-6.58309
-6.58406
-6.58276
-6.58276
-6.58276
-6.58147
-6.5805
-6.58017
-6.57985
-6.58017
-6.58082
-6.58017
-6.58179
-6.58373
-6.58244
-6.58308
-6.58146
-6.58081
-6.58081
-6.58243
-6.58276
-6.58276
-6.58243
-6.58211
-6.58405
-6.58373
-6.58211
-6.58308
-6.58244
-6.58438
-6.58341
-6.58568
-6.586
-6.58567
-6.58535
-6.58535
-6.5847
-6.58664
-6.58502
-6.5847
-6.58373
-6.58373
-6.58502
-6.5834
-6.58373
-6.58081
-6.58081
-6.58114
-6.57984
-6.58049
-6.57887
-6.57984
-6.58081
-6.57951
-6.58113
-6.58016
-6.57919
-6.57854
-6.57951
-6.57951
-6.58048
-6.57887
-6.57757
-6.57627
-6.57692
-6.57757
-6.57984
-6.58146
-6.58178
-6.58372
-6.5847
-6.5847
-6.58599
-6.5834
-6.58308
-6.58469
-6.58275
-6.58372
-6.5834
-6.58437
-6.58566
-6.58469
-6.58404
-6.58242
-6.58307
-6.58372
-6.58404
-6.58178
-6.5821
-6.58372
-6.58405
-6.58437
-6.58728
-6.58696
-6.58534
-6.58502
-6.58599
-6.58469
-6.58534
-6.58405
-6.58599
-6.58826
-6.5889
-6.58728
-6.58663
-6.58599
-6.58437
-6.58339
-6.5821
-6.5821
-6.58242
-6.58178
-6.58145
-6.58081
-6.58081
-6.58048
-6.58145
-6.58113
-6.58178
-6.58243
-6.58243
-6.58308
-6.5834
-6.5834
-6.5834
-6.58405
-6.58372
-6.58146
-6.5821
-6.58243
-6.58405
-6.58372
-6.58405
-6.58405
-6.5847
-6.58437
-6.58373
-6.58373
-6.58275
-6.58178
-6.58178
-6.58211
-6.58178
-6.58081
-6.58146
-6.58146
-6.58146
-6.58178
-6.5834
-6.58243
-6.58081
-6.58016
-6.57887
-6.57725
-6.57887
-6.57757
-6.57563
-6.57693
-6.57822
-6.57919
-6.5779
-6.57919
-6.58081
-6.58114
-6.58178
-6.58146
-6.58081
-6.58405
-6.586
-6.58503
-6.58567
-6.58503
-6.58503
-6.58503
-6.58697
-6.58827
-6.58989
-6.59151
-6.59086
-6.58956
-6.58924
-6.58762
-6.58859
-6.58762
-6.58794
-6.586
-6.58665
-6.58535
-6.58568
-6.58503
-6.58568
-6.5847
-6.586
-6.586
-6.58405
-6.58373
-6.58243
-6.58082
-6.58114
-6.58049
-6.57952
-6.57855
-6.57855
-6.57758
-6.58017
-6.58146
-6.58114
-6.5834
-6.58405
-6.58211
-6.58308
-6.58373
-6.5847
-6.58697
-6.58503
-6.58762
-6.58535
-6.58665
-6.58632
-6.58567
-6.58567
-6.58664
-6.58762
-6.58826
-6.58924
-6.58956
-6.58697
-6.58438
-6.58438
-6.58211
-6.58179
-6.58438
-6.5847
-6.58762
-6.58665
-6.58632
-6.58665
-6.58568
-6.586
-6.58535
-6.58697
-6.58665
-6.58762
-6.58762
-6.58859
-6.58795
-6.58827
-6.58892
-6.586
-6.58568
-6.02137
-6.02396
-6.02137
-6.01975
-6.01846
-6.01878
-6.01878
-6.01651
-6.01554
-6.01683
-6.01683
-6.01457
-6.01619
-6.01522
-6.01522
-6.01457
-6.01586
-6.01554
-6.01424
-6.01521
-6.01263
-6.01101
-6.01036
-6.01069
-6.01263
-6.01263
-6.01328
-6.01263
-6.01295
-6.01328
-6.01393
-6.0149
-6.0136
-6.0149
-6.01425
-6.01651
-6.01392
-6.0136
-6.01328
-6.01457
-6.01457
-6.01328
-6.01392
-6.01328
-6.01328
-6.01198
-6.01069
-6.01069
-6.00972
-6.01004
-6.00907
-6.00874
-6.01004
-6.00939
-6.01134
-6.01069
-6.01101
-6.01231
-6.01102
-6.01264
-6.0149
-6.01328
-6.01393
-6.01199
-6.01231
-6.01231
-6.01296
-6.01296
-6.01198
-6.01393
-6.01587
-6.01781
-6.01652
-6.01652
-6.01555
-6.01619
-6.01555
-6.01684
-6.01296
-6.01231
-6.01426
-6.01458
-6.01393
-6.01264
-6.01199
-6.01166
-6.01199
-6.01134
-6.01037
-6.01004
-6.01101
-6.01166
-6.01425
-6.01231
-6.01231
-6.01426
-6.01426
-6.01458
-6.01523
-6.01458
-6.01555
-6.01296
-6.01522
-6.01555
-6.01684
-6.01814
-6.01781
-6.01814
-6.01555
-6.01425
-6.01231
-6.01231
-6.01134
-6.01069
-6.01036
-6.01231
-6.01166
-6.01231
-6.01231
-6.01199
-6.0107
-6.0107
-6.01264
-6.01199
-6.01361
-6.01102
-6.01199
-6.01231
-6.01263
-6.01392
-6.0136
-6.01587
-6.01458
-6.01328
-6.01231
-6.01296
-6.01328
-6.01231
-6.01231
-6.01393
-6.01263
-6.01328
-6.01393
-6.01069
-6.01069
-6.01037
-6.01166
-6.01263
-6.01295
-6.0136
-6.01004
-6.01036
-6.01036
-6.01101
-6.01101
-6.01198
-6.01296
-6.01296
-6.0136
-6.01166
-6.01263
-6.01199
-6.01328
-6.01231
-6.01199
-6.01231
-6.01328
-6.01198
-6.01134
-6.01231
-6.01328
-6.01166
-6.00939
-6.01101
-6.01231
-6.01295
-6.0136
-6.01328
-6.01295
-6.01522
-6.0149
-6.01587
-6.01652
-6.0175
-6.01782
-6.01685
-6.01588
-6.01685
-6.01749
-6.01814
-6.01782
-6.01555
-6.01425
-6.0149
-6.01523
-6.01264
-6.01329
-6.01264
-6.0107
-6.01167
-6.0107
-6.01167
-6.01167
-6.01426
-6.01556
-6.01588
-6.01718
-6.0188
-6.0188
-6.01653
-6.01491
-6.01491
-6.01458
-6.01491
-6.01459
-6.01653
-6.0162
-6.0162
-6.01717
-6.01556
-6.01491
-6.01491
-6.01556
-6.01459
-6.01653
-6.01654
-6.01686
-6.01621
-6.01718
-6.01686
-6.01718
-6.01783
-6.01848
-6.01847
-6.0162
-6.01555
-6.01588
-6.01458
-6.01232
-6.01038
-6.01168
-6.01071
-6.01103
-6.01103
-6.01135
-6.00973
-6.01006
-6.00941
-6.01135
-6.01233
-6.01265
-6.012
-6.00909
-6.00974
-6.01136
-6.01006
-6.01168
-6.01103
-6.01103
-6.01006
-6.00974
-6.00747
-6.00715
-6.00974
-6.00974
-6.01136
-6.01201
-6.01331
-6.01266
-6.01331
-6.01493
-6.01558
-6.01428
-6.01298
-6.01136
-6.01169
-6.00909
-6.01006
-6.01362
-6.01492
-6.0146
-6.0146
-6.0159
-6.01428
-6.01493
-6.01687
-6.01654
-6.0146
-6.01265
-6.01136
-6.01201
-6.01168
-6.01233
-6.01104
-6.01071
-6.00974
-6.00877
-6.0078
-6.0078
-6.0065
-6.00941
-6.01135
-6.01006
-6.0133
-6.0133
-6.01233
-6.01492
-6.01622
-6.01395
-6.01557
-6.01363
-6.01395
-6.01363
-6.01395
-6.01492
-6.01686
-6.01816
-6.01816
-6.01784
-6.01848
-6.01751
-6.01687
-6.01557
-6.01621
-6.01783
-6.01654
-6.01621
-6.01913
-6.01816
-6.01848
-6.01686
-6.01589
-6.01784
-6.01686
-6.01622
-6.01589
-6.01589
-6.0146
-6.01557
-6.01589
-6.01459
-6.01362
-6.0133
-6.01233
-6.01427
-6.01362
-6.01362
-6.01524
-6.01427
-6.01524
-6.01427
-6.01427
-6.0133
-6.0133
-6.01135
-6.01006
-6.01167
-6.01006
-6.00909
-6.00974
-6.00877
-6.00844
-6.00779
-6.00844
-6.00941
-6.01135
-6.012
-6.01265
-6.01135
-6.01265
-6.01297
-6.01297
-6.012
-6.01071
-6.00909
-6.01038
-6.01103
-6.01265
-6.01136
-6.01297
-6.01297
-6.01265
-6.012
-6.01265
-6.01524
-6.01233
-6.01168
-6.01136
-6.00909
-6.00844
-6.00844
-6.01006
-6.01168
-6.01168
-6.01135
-6.01524
-6.0133
-6.01362
-6.01427
-6.0133
-6.01233
-6.01362
-6.01135
-6.01038
-6.01103
-6.012
-6.01135
-6.012
-6.01168
-6.01135
-6.01103
-6.01006
-6.01006
-6.01136
-6.01168
-6.01363
-6.0133
-6.01201
-6.01233
-6.01459
-6.01621
-6.01718
-6.01524
-6.01653
-6.01653
-6.01621
-6.01459
-6.01459
-6.01362
-6.01492
-6.01556
-6.01427
-6.01653
-6.01556
-6.01136
-6.01071
-6.01233
-6.01395
-6.01557
-6.01427
-6.01297
-6.01265
-6.01038
-6.01038
-6.01103
-6.0107
-6.01038
-6.012
-6.01524
-6.01492
-6.01589
-6.01492
-6.01492
-6.01686
-6.01524
-6.01557
-6.01427
-6.01426
-6.01426
-6.01459
-6.01556
-6.01523
-6.01394
-6.01103
-6.01071
-6.01135
-6.01168
-6.01168
-6.01135
-6.012
-6.01427
-6.01459
-6.01135
-6.01232
-6.01168
-6.01168
-6.01329
-6.01621
-6.01588
-6.01847
-6.01847
-6.02042
-6.01815
-6.01621
-6.01459
-6.01556
-6.01556
-6.01589
-6.01427
-6.01524
-6.01427
-6.01394
-6.01556
-6.01524
-6.01459
-6.01653
-6.01459
-6.01394
-6.01329
-6.01362
-6.01265
-6.01103
-6.01103
-6.01329
-6.01362
-6.01135
-6.0107
-6.01168
-6.01006
-6.01038
-6.0107
-6.01265
-6.01491
-6.01556
-6.01556
-6.01361
-6.0107
-6.012
-6.01426
-6.01718
-6.01621
-6.01459
-6.01394
-6.01362
-6.01297
-6.01491
-6.01491
-6.01588
-6.01588
-6.01653
-6.01459
-6.01459
-6.01491
-6.01362
-6.01394
-6.01394
-6.01458
-6.01264
-6.01232
-6.01459
-6.01588
-6.01588
-6.01523
-6.01491
-6.01588
-6.0162
-6.0175
-6.01653
-6.01427
-6.01427
-6.01524
-6.01426
-6.01362
-6.01329
-6.01459
-6.01394
-6.01458
-6.01458
-6.01361
-6.01394
-6.01394
-6.01329
-6.012
-6.01135
-6.01232
-6.01297
-6.0133
-6.01362
-6.01556
-6.0133
-6.01524
-6.01556
-6.01523
-6.01426
-6.01394
-6.01297
-6.01167
-6.01102
-6.01037
-6.00908
-6.00843
-6.00876
-6.00843
-6.01038
-6.012
-6.01168
-6.01167
-6.01232
-6.01556
-6.01459
-6.01394
-6.01556
-6.01459
-6.01491
-6.01459
-6.01556
-6.01329
-6.01329
-6.01491
-6.01426
-6.01264
-6.01102
-6.01102
-6.00973
-6.00908
-6.01103
-6.01362
-6.01362
-6.01362
-6.01329
-6.01362
-6.01459
-6.01589
-6.01362
-6.01297
-6.01426
-6.01426
-6.01329
-6.01361
-6.01297
-6.01329
-6.012
-6.01135
-6.01297
-6.01362
-6.01167
-6.01103
-6.01102
-6.0107
-6.00973
-6.01199
-6.01329
-6.01426
-6.01459
-6.01426
-6.01491
-6.01426
-6.01588
-6.01524
-6.01459
-6.01362
-6.01362
-6.01297
-6.00974
-6.01135
-6.01653
-6.01815
-6.01783
-6.01523
-6.01297
-6.01232
-6.0107
-6.0107
-6.0107
-6.01103
-6.01167
-6.01135
-6.01103
-6.01103
-6.01103
-6.0107
-6.01167
-6.012
-6.01329
-6.01426
-6.01265
-6.01265
-6.012
-6.01038
-6.01168
-6.01362
-6.012
-6.01265
-6.01492
-6.01362
-6.01297
-6.01362
-6.01362
-6.01232
-6.012
-6.01005
-6.00811
-6.00973
-6.01135
-6.01005
-6.00973
-6.01038
-6.01167
-6.01329
-6.01361
-6.01297
-6.01232
-6.0107
-6.01038
-6.01297
-6.01394
-6.01362
-6.01394
-6.01361
-6.01296
-6.0107
-6.01135
-6.01232
-6.01232
-6.01232
-6.01329
-6.01459
-6.01103
-6.01005
-6.00908
-6.00779
-6.00876
-6.01037
-6.01264
-6.01232
-6.01329
-6.01329
-6.01523
-6.01491
-6.01458
-6.01394
-6.01394
-6.01426
-6.01491
-6.01329
-6.01426
-6.01426
-6.01491
-6.01361
-6.01394
-6.01329
-6.01426
-6.01685
-6.01717
-6.01556
-6.01459
-6.01491
-6.0175
-6.01653
-6.01782
-6.01556
-6.01782
-6.01717
-6.01685
-6.01653
-6.01523
-6.01393
-6.01264
-6.01199
-6.01264
-6.01199
-6.01231
-6.01426
-6.01458
-6.01393
-6.01264
-6.01587
-6.0149
-6.01296
-6.0162
-6.01555
-6.01555
-6.01523
-6.01717
-6.01814
-6.01749
-6.01782
-6.01782
-6.01684
-6.01555
-6.01328
-6.01296
-6.01198
-6.01198
-6.01036
-6.01198
-6.01295
-6.01198
-6.0136
-6.01231
-6.01263
-6.0136
-6.01328
-6.01587
-6.01555
-6.0149
-6.01328
-6.01263
-6.01328
-6.01231
-6.0123
-6.01424
-6.01327
-6.0136
-6.01198
-6.01004
-6.01101
-6.0123
-6.01231
-6.01295
-6.01425
-6.01457
-6.01328
-6.01327
-6.0136
-6.01521
-6.01521
-6.01165
-6.01262
-6.01359
-6.01198
-6.01165
-6.01165
-6.01101
-6.01101
-6.00971
-6.011
-6.01132
-6.01294
-6.01262
-6.01197
-6.01197
-6.01295
-6.01392
-6.01392
-6.01521
-6.01489
-6.01424
-6.01359
-6.01391
-6.01359
-6.01553
-6.01488
-6.01553
-6.01423
-6.01423
-6.01391
-6.01553
-6.01715
-6.01488
-6.0152
-6.01521
-6.01423
-6.01294
-6.01229
-6.01423
-6.01358
-6.01294
-6.01456
-6.01294
-6.01488
-6.01326
-6.01262
-6.01488
-6.01553
-6.01618
-6.01683
-6.01682
-6.0165
-6.01488
-6.01585
-6.01552
-6.01552
-6.01488
-6.0165
-6.01585
-6.01617
-6.01423
-6.01358
-6.0139
-6.01682
-6.01844
-6.01909
-6.01812
-6.02006
-6.01974
-6.01941
-6.01747
-6.01811
-6.01649
-6.01617
-6.01585
-6.0152
-6.01617
-6.0152
-6.01423
-6.01423
-6.01456
-6.01488
-6.01552
-6.01585
-6.01714
-6.01779
-6.01617
-6.01649
-6.0139
-6.01261
-6.01229
-6.01099
-6.01131
-6.01132
-6.01099
-6.01358
-6.01164
-6.01261
-6.01164
-6.01326
-6.01261
-6.0152
-6.01585
-6.01423
-6.01358
-6.01131
-6.01034
-6.01164
-6.01099
-6.01261
-6.01326
-6.01261
-6.01229
-6.01293
-6.0139
-6.01358
-6.0139
-6.01455
-6.01423
-6.01358
-6.01228
-6.01228
-6.01293
-6.01552
-6.01325
-6.01325
-6.01519
-6.01455
-6.01455
-6.0152
-6.01747
-6.01746
-6.01811
-6.01487
-6.01423
-6.01649
-6.01487
-6.01131
-6.01131
-6.0139
-6.01131
-6.01228
-6.01164
-6.01131
-6.00969
-6.01164
-6.01261
-6.01261
-6.01261
-6.01196
-6.01163
-6.0126
-6.01131
-6.01098
-6.01034
-6.01066
-6.01034
-6.01001
-6.01034
-6.01002
-6.00905
-6.00937
-6.01261
-6.0139
-6.01422
-6.01519
-6.0152
-6.0152
-6.01455
-6.0152
-6.01552
-6.0139
-6.01293
-6.0126
-6.01131
-6.01163
-6.01195
-6.01163
-6.01487
-6.01454
-6.01551
-6.0126
-6.0126
-6.0126
-6.01033
-6.01001
-6.01163
-6.01195
-6.01389
-6.01487
-6.01649
-6.01616
-6.01616
-5.70147
-5.70276
-5.70179
-5.69952
-5.69887
-5.69725
-5.69693
-5.69466
-5.69467
-5.69467
-5.69435
-5.69208
-5.69402
-5.69046
-5.69176
-5.6911
-5.69143
-5.69045
-5.68916
-5.68948
-5.69175
-5.69337
-5.69434
-5.69564
-5.69434
-5.6937
-5.69369
-5.69434
-5.69758
-5.6992
-5.69952
-5.69855
-5.69726
-5.69952
-5.69758
-5.69693
-5.69661
-5.69564
-5.69499
-5.69629
-5.69888
-5.69888
-5.69629
-5.69726
-5.69758
-5.69661
-5.69628
-5.70017
-5.69919
-5.69822
-5.69596
-5.69531
-5.6966
-5.69725
-5.69596
-5.69823
-5.69628
-5.69596
-5.69531
-5.69661
-5.69887
-5.6979
-5.6966
-5.69758
-5.69725
-5.69952
-5.69985
-5.70179
-5.70373
-5.70114
-5.70114
-5.70049
-5.69888
-5.69693
-5.69629
-5.69661
-5.69758
-5.69726
-5.69693
-5.69466
-5.69175
-5.68981
-5.68883
-5.68948
-5.69013
-5.68948
-5.68819
-5.69013
-5.68981
-5.68949
-5.68981
-5.69305
-5.69337
-5.69207
-5.69467
-5.69467
-5.69596
-5.69693
-5.69629
-5.69759
-5.69856
-5.69824
-5.69759
-5.69759
-5.69759
-5.69694
-5.70018
-5.70082
-5.70277
-5.70179
-5.7005
-5.69952
-5.69693
-5.69564
-5.69564
-5.69531
-5.69661
-5.69596
-5.69629
-5.69726
-5.69467
-5.69273
-5.6924
-5.6924
-5.6924
-5.69176
-5.6924
-5.6937
-5.6924
-5.69111
-5.6924
-5.69143
-5.69272
-5.6924
-5.6924
-5.69046
-5.6882
-5.68949
-5.6882
-5.6882
-5.68885
-5.68982
-5.68917
-5.69111
-5.69208
-5.6937
-5.69532
-5.69435
-5.69435
-5.69694
-5.69694
-5.69791
-5.69694
-5.695
-5.69532
-5.69532
-5.69629
-5.69791
-5.7005
-5.70147
-5.69694
-5.69661
-5.69564
-5.69434
-5.69499
-5.69337
-5.69596
-5.69726
-5.69499
-5.69596
-5.69661
-5.69661
-5.69759
-5.69823
-5.69791
-5.69823
-5.69856
-5.69856
-5.69823
-5.69888
-5.69823
-5.69629
-5.69694
-5.69758
-5.69661
-5.69661
-5.69694
-5.69694
-5.69791
-5.69888
-5.69791
-5.69662
-5.69597
-5.69759
-5.69791
-5.69629
-5.69759
-5.69726
-5.69726
-5.69661
-5.69499
-5.69402
-5.69143
-5.69144
-5.69079
-5.69241
-5.69111
-5.69079
-5.69176
-5.69338
-5.69273
-5.695
-5.69305
-5.69435
-5.69694
-5.69759
-5.69726
-5.69758
-5.69726
-5.69629
-5.69726
-5.69694
-5.69823
-5.69791
-5.69564
-5.69467
-5.69532
-5.69597
-5.69467
-5.69434
-5.69564
-5.69758
-5.69758
-5.69564
-5.69532
-5.69499
-5.69564
-5.69628
-5.69596
-5.69726
-5.69693
-5.69888
-5.7005
-5.69791
-5.69856
-5.69953
-5.69985
-5.6992
-5.69822
-5.69531
-5.69563
-5.69693
-5.69726
-5.69693
-5.69532
-5.6937
-5.69402
-5.69467
-5.69532
-5.69337
-5.69402
-5.69305
-5.69305
-5.69272
-5.69402
-5.69402
-5.69143
-5.69337
-5.69499
-5.69434
-5.69402
-5.69272
-5.69337
-5.69337
-5.69596
-5.69596
-5.69596
-5.69661
-5.6992
-5.70082
-5.70114
-5.70049
-5.69855
-5.6979
-5.69822
-5.69725
-5.69725
-5.69693
-5.69466
-5.69402
-5.69208
-5.69369
-5.69434
-5.69402
-5.69402
-5.69305
-5.69337
-5.69466
-5.69466
-5.69434
-5.69466
-5.69628
-5.69401
-5.69304
-5.69369
-5.69466
-5.69467
-5.69369
-5.69564
-5.69726
-5.69694
-5.69661
-5.69726
-5.69629
-5.69758
-5.69693
-5.69499
-5.69531
-5.69466
-5.69725
-5.69693
-5.69661
-5.69596
-5.69758
-5.69628
-5.69499
-5.69693
-5.69693
-5.69693
-5.69305
-5.69467
-5.69758
-5.69531
-5.69563
-5.69628
-5.69725
-5.69725
-5.69596
-5.69499
-5.69434
-5.69467
-5.6937
-5.69143
-5.6911
-5.69272
-5.69175
-5.6924
-5.6924
-5.69207
-5.69045
-5.69078
-5.69207
-5.69337
-5.69337
-5.69564
-5.69661
-5.69791
-5.69694
-5.69597
-5.69564
-5.69499
-5.69564
-5.69791
-5.69629
-5.69725
-5.69693
-5.69596
-5.69725
-5.6979
-5.69952
-5.69305
-5.69337
-5.69369
-5.69401
-5.69531
-5.69596
-5.69596
-5.69661
-5.69823
-5.69726
-5.69791
-5.69693
-5.69564
-5.69467
-5.69272
-5.69466
-5.69466
-5.69498
-5.69498
-5.69466
-5.69596
-5.69596
-5.69434
-5.69337
-5.69369
-5.69434
-5.69563
-5.69498
-5.69595
-5.69531
-5.69563
-5.6953
-5.69595
-5.6966
-5.69531
-5.69595
-5.69628
-5.69692
-5.69724
-5.69854
-5.69886
-5.69789
-5.6966
-5.69692
-5.6953
-5.69433
-5.69466
-5.69466
-5.69498
-5.69336
-5.69271
-5.69401
-5.69401
-5.69465
-5.69498
-5.69498
-5.69368
-5.69368
-5.6953
-5.69465
-5.69562
-5.69594
-5.69692
-5.69595
-5.69756
-5.69497
-5.69336
-5.69336
-5.69433
-5.69303
-5.69465
-5.69465
-5.69497
-5.69335
-5.69433
-5.69465
-5.694
-5.6953
-5.69757
-5.6966
-5.69984
-5.69887
-5.70113
-5.69951
-5.69951
-5.69919
-5.69854
-5.70081
-5.70113
-5.69983
-5.69886
-5.69854
-5.69757
-5.69433
-5.6953
-5.69562
-5.69497
-5.69497
-5.69336
-5.69142
-5.69401
-5.6911
-5.69271
-5.69207
-5.69369
-5.69434
-5.6924
-5.6924
-5.69369
-5.69434
-5.69596
-5.69758
-5.69887
-5.69919
-5.70016
-5.70016
-5.70081
-5.69984
-5.69822
-5.69693
-5.69823
-5.69661
-5.69726
-5.69823
-5.69758
-5.69628
-5.6966
-5.69854
-5.69628
-5.69466
-5.69531
-5.69498
-5.69628
-5.69855
-5.69563
-5.69466
-5.69369
-5.69272
-5.69337
-5.69466
-5.69564
-5.69823
-5.69823
-5.69628
-5.69596
-5.69434
-5.69434
-5.69272
-5.69304
-5.69207
-5.6924
-5.69272
-5.6911
-5.69499
-5.69563
-5.6924
-5.69499
-5.69272
-5.69466
-5.69531
-5.69628
-5.69661
-5.69693
-5.69628
-5.69564
-5.69629
-5.69434
-5.69467
-5.69564
-5.69563
-5.69693
-5.69725
-5.69855
-5.69822
-5.69822
-5.69725
-5.69531
-5.69466
-5.69305
-5.69305
-5.69176
-5.6937
-5.69564
-5.69629
-5.69921
-5.69694
-5.695
-5.69435
-5.69564
-5.69434
-5.69305
-5.69208
-5.69208
-5.69208
-5.69305
-5.6924
-5.69499
-5.69628
-5.69758
-5.69985
-5.69952
-5.69888
-5.69952
-5.69855
-5.69791
-5.69791
-5.69726
-5.69726
-5.69467
-5.69467
-5.69499
-5.69402
-5.69499
-5.69369
-5.6924
-5.69143
-5.69337
-5.69304
-5.6924
-5.69143
-5.69014
-5.69046
-5.69273
-5.69208
-5.69273
-5.69208
-5.69176
-5.69176
-5.68885
-5.69111
-5.68982
-5.69014
-5.69208
-5.69305
-5.69338
-5.69402
-5.6937
-5.69305
-5.69305
-5.6937
-5.69402
-5.69435
-5.695
-5.69726
-5.69727
-5.69856
-5.69889
-5.69824
-5.69532
-5.6937
-5.69338
-5.69273
-5.69273
-5.69435
-5.69434
-5.69499
-5.69532
-5.69499
-5.69305
-5.68949
-5.6911
-5.69272
-5.6924
-5.69305
-5.69272
-5.69337
-5.69175
-5.69013
-5.69208
-5.69111
-5.69079
-5.69046
-5.69208
-5.69273
-5.69305
-5.69402
-5.69305
-5.69402
-5.69337
-5.6937
-5.69175
-5.69143
-5.69208
-5.6924
-5.6924
-5.6937
-5.69434
-5.69499
-5.69434
-5.69693
-5.69564
-5.69597
-5.69564
-5.69726
-5.69791
-5.69661
-5.69532
-5.69888
-5.69985
-5.69759
-5.69823
-5.69532
-5.69597
-5.69597
-5.69402
-5.69597
-5.69467
-5.695
-5.69435
-5.69273
-5.69338
-5.69046
-5.69143
-5.69208
-5.69337
-5.69337
-5.69208
-5.69078
-5.69273
-5.69694
-5.69662
-5.69597
-5.69403
-5.69371
-5.695
-5.695
-5.69662
-5.69467
-5.69208
-5.69207
-5.69142
-5.69207
-5.69045
-5.69207
-5.69337
-5.69208
-5.69305
-5.69467
-5.69467
-5.69467
-5.69467
-5.69532
-5.69629
-5.69693
-5.69532
-5.69564
-5.69434
-5.69596
-5.69467
-5.69434
-5.69467
-5.6937
-5.69434
-5.69499
-5.69467
-5.6937
-5.69338
-5.69435
-5.69402
-5.6937
-5.69337
-5.69402
-5.69304
-5.69466
-5.69336
-5.69466
-5.69499
-5.69499
-5.69337
-5.6937
-5.69499
-5.69661
-5.69596
-5.69596
-5.69369
-5.69531
-5.69661
-5.69823
-5.69661
-5.69693
-5.69628
-5.69628
-5.69661
-5.69564
-5.69499
-5.69499
-5.6937
-5.69564
-5.69499
-5.69467
-5.69726
-5.69629
-5.69629
-5.69402
-5.69337
-5.69337
-5.69467
-5.69467
-5.69661
-5.69596
-5.69531
-5.6937
-5.69273
-5.69273
-5.69273
-5.69208
-5.69305
-5.6924
-5.69143
-5.69175
-5.6924
-5.69239
-5.69207
-5.69175
-5.6911
-5.68981
-5.68981
-5.68916
-5.69013
-5.69046
-5.69175
-5.6937
-5.69241
-5.69338
-5.69337
-5.69305
-5.69434
-5.69369
-5.69499
-5.69531
-5.69304
-5.69175
-5.6924
-5.6937
-5.69175
-5.69305
-5.69305
-5.6937
-5.69499
-5.6937
-5.69629
-5.69499
-5.69758
-5.70049
-5.69952
-5.69758
-5.69888
-5.7005
-5.69823
-5.69693
-5.69726
-5.69693
-5.69434
-5.69467
-5.6937
-5.6924
-5.69208
-5.6924
-5.69305
-5.69143
-5.69143
-5.6937
-5.69338
-5.6937
-5.69564
-5.69726
-5.69694
-5.69597
-5.69531
-5.69369
-5.69207
-5.69078
-5.69078
-5.68949
-5.68884
-5.69111
-5.68949
-5.68852
-5.68787
-5.68949
-5.68949
-5.69111
-5.69013
-5.68916
-5.69175
-5.69337
-5.69337
-5.6924
-5.69079
-5.69208
-5.69111
-5.69208
-5.69208
-5.68982
-5.68884
-5.69046
-5.69111
-5.69176
-5.69273
-5.6924
-5.69499
-5.69564
-5.69597
-5.69726
-5.69986
-5.69921
-5.69792
-5.69598
-5.695
-5.69403
-5.69467
-5.69402
-5.69402
-5.69176
-5.68982
-5.69208
-5.6937
-5.695
-5.695
-5.69403
-5.69403
-5.69532
-5.695
-5.69597
-5.69662
-5.69564
-5.69564
-5.69305
-5.6924
-5.69435
-5.69305
-5.69338
-5.69403
-5.69532
-5.695
-5.69468
-5.6937
-5.6937
-5.6937
-5.6937
-5.69241
-5.69371
-5.69403
-5.69468
-5.69274
-5.69144
-5.69209
-5.69274
-5.69501
-5.69695
-5.69694
-5.69629
-5.69532
-5.69694
-5.69565
-5.69274
-5.69371
-5.69339
-5.69371
-5.69469
-5.69631
-5.69372
-5.69307
-5.69209
-5.69371
-5.69468
-5.69597
-5.69533
-5.69565
-5.69565
-5.69889
-5.69954
-5.69889
-5.69922
-5.69695
-5.69857
-5.69825
-5.69792
-5.69857
-5.69663
-5.69695
-5.69468
-5.6963
-5.6976
-5.69695
-5.6976
-5.69695
-5.6963
-5.69597
-5.69371
-5.69403
-5.69435
-5.69371
-5.695
-5.69371
-5.69274
-5.69209
-5.69339
-5.69242
-5.6895
-5.6895
-5.68853
-5.68821
-5.69079
-5.69209
-5.69404
-5.69468
-5.69242
-5.69339
-5.69306
-5.69241
-5.69403
-5.695
-5.69435
-5.69338
-5.69468
-5.69338
-5.695
-5.6963
-5.69662
-5.69759
-5.69759
-5.69791
-5.69661
-5.69888
-5.70083
-5.69856
-5.69921
-5.69986
-5.69954
-5.6605
-5.65889
-5.65888
-5.65921
-5.65791
-5.65693
-5.65629
-5.65693
-5.65434
-5.65499
-5.65629
-5.65532
-5.65403
-5.65209
-5.65144
-5.65241
-5.65079
-5.65047
-5.65144
-5.65177
-5.65112
-5.65144
-5.65274
-5.65144
-5.65533
-5.65565
-5.65435
-5.65338
-5.65501
-5.65468
-5.65566
-5.65534
-5.65598
-5.65695
-5.65598
-5.65468
-5.65273
-5.65143
-5.65467
-5.65435
-5.65402
-5.65467
-5.65532
-5.65565
-5.65856
-5.65759
-5.6576
-5.65759
-5.65565
-5.65403
-5.65468
-5.65468
-5.65532
-5.65467
-5.655
-5.65467
-5.65435
-5.65273
-5.65273
-5.65532
-5.65662
-5.655
-5.65532
-5.65661
-5.655
-5.65532
-5.65533
-5.65695
-5.65695
-5.65662
-5.65533
-5.65501
-5.65533
-5.65306
-5.65533
-5.65468
-5.65565
-5.65662
-5.65598
-5.65727
-5.65533
-5.65792
-5.65727
-5.65727
-5.65759
-5.65727
-5.65694
-5.65921
-5.66018
-5.65954
-5.6618
-5.66083
-5.66018
-5.6605
-5.65888
-5.65888
-5.65791
-5.65759
-5.65565
-5.65532
-5.65565
-5.65435
-5.65338
-5.65338
-5.65144
-5.65338
-5.65241
-5.65241
-5.6537
-5.65241
-5.65274
-5.65177
-5.65306
-5.65436
-5.65339
-5.65501
-5.65533
-5.65469
-5.65307
-5.65306
-5.65533
-5.65565
-5.65306
-5.65339
-5.65209
-5.65145
-5.65306
-5.65209
-5.65307
-5.65112
-5.65145
-5.6521
-5.65339
-5.65469
-5.6534
-5.65566
-5.65372
-5.65501
-5.65371
-5.65404
-5.65533
-5.65533
-5.65371
-5.65565
-5.65565
-5.65242
-5.65371
-5.6508
-5.65015
-5.65177
-5.65468
-5.65468
-5.65241
-5.65274
-5.655
-5.655
-5.65306
-5.65274
-5.65565
-5.65566
-5.65728
-5.65793
-5.6589
-5.6589
-5.66019
-5.66019
-5.65663
-5.6576
-5.6576
-5.65857
-5.65857
-5.6576
-5.65663
-5.65792
-5.65727
-5.65727
-5.6563
-5.65662
-5.65662
-5.65727
-5.6563
-5.65727
-5.6563
-5.65695
-5.65663
-5.65598
-5.65695
-5.65857
-5.65695
-5.65598
-5.65403
-5.65241
-5.65436
-5.65209
-5.65306
-5.65468
-5.65435
-5.65532
-5.65403
-5.6537
-5.65435
-5.65533
-5.65436
-5.65468
-5.65566
-5.65566
-5.65598
-5.65533
-5.6563
-5.65759
-5.6592
-5.66082
-5.66082
-5.6618
-5.6605
-5.66083
-5.66148
-5.66083
-5.66148
-5.6618
-5.66051
-5.65921
-5.65759
-5.66051
-5.66018
-5.65889
-5.65856
-5.65921
-5.65921
-5.6605
-5.66212
-5.66244
-5.6592
-5.65823
-5.65856
-5.65823
-5.65888
-5.65985
-5.65888
-5.6592
-5.65758
-5.65823
-5.65629
-5.65337
-5.65467
-5.65726
-5.65726
-5.65758
-5.65531
-5.65726
-5.65629
-5.65467
-5.65434
-5.65402
-5.65564
-5.65628
-5.65499
-5.65402
-5.65401
-5.65466
-5.65401
-5.65531
-5.65466
-5.65239
-5.65466
-5.65692
-5.65595
-5.65498
-5.65563
-5.6566
-5.65498
-5.65466
-5.65563
-5.65401
-5.65563
-5.65304
-5.65336
-5.65239
-5.65207
-5.65564
-5.65661
-5.65661
-5.65661
-5.65596
-5.65531
-5.6566
-5.6579
-5.65725
-5.65498
-5.65563
-5.6566
-5.65466
-5.65272
-5.6524
-5.65337
-5.65402
-5.6537
-5.65435
-5.65337
-5.6524
-5.65046
-5.65176
-5.65208
-5.65435
-5.65597
-5.65791
-5.65888
-5.65662
-5.65597
-5.65661
-5.65597
-5.65467
-5.65402
-5.65402
-5.655
-5.65208
-5.65111
-5.65144
-5.65144
-5.65144
-5.65177
-5.65338
-5.65274
-5.65144
-5.65209
-5.65111
-5.65176
-5.65111
-5.65208
-5.65143
-5.65273
-5.65305
-5.65532
-5.65565
-5.65597
-5.65532
-5.65468
-5.65629
-5.65823
-5.65726
-5.65597
-5.65435
-5.65435
-5.65467
-5.65467
-5.65597
-5.65533
-5.65597
-5.65662
-5.65662
-5.65921
-5.655
-5.65435
-5.65306
-5.65338
-5.65402
-5.65499
-5.65434
-5.65402
-5.65435
-5.655
-5.65662
-5.65726
-5.65662
-5.65726
-5.65629
-5.65435
-5.65823
-5.65791
-5.65953
-5.65921
-5.65791
-5.65856
-5.65759
-5.65565
-5.65403
-5.65597
-5.655
-5.65467
-5.6537
-5.65499
-5.65434
-5.6537
-5.65402
-5.655
-5.655
-5.65565
-5.6563
-5.65533
-5.65759
-5.65694
-5.65791
-5.65693
-5.65596
-5.65596
-5.65564
-5.65532
-5.65532
-5.65662
-5.65791
-5.65694
-5.655
-5.655
-5.65273
-5.65273
-5.65337
-5.65435
-5.6537
-5.65629
-5.65759
-5.65532
-5.655
-5.65435
-5.65467
-5.65531
-5.65661
-5.65467
-5.65402
-5.65143
-5.65305
-5.65305
-5.65467
-5.65403
-5.65306
-5.655
-5.65597
-5.65629
-5.65499
-5.65499
-5.65693
-5.65499
-5.65596
-5.65758
-5.65758
-5.65629
-5.65888
-5.65921
-5.65888
-5.65856
-5.65791
-5.65597
-5.65694
-5.65726
-5.65466
-5.65531
-5.65369
-5.65304
-5.65304
-5.6524
-5.65208
-5.65111
-5.65208
-5.65046
-5.64917
-5.64981
-5.6524
-5.65564
-5.65564
-5.65564
-5.65499
-5.65531
-5.65466
-5.65337
-5.65369
-5.6511
-5.65078
-5.64948
-5.64916
-5.65046
-5.65078
-5.6524
-5.6524
-5.65305
-5.6524
-5.65273
-5.65175
-5.65272
-5.6524
-5.65045
-5.65272
-5.65369
-5.65369
-5.65272
-5.65498
-5.65499
-5.65434
-5.65435
-5.65532
-5.65759
-5.65499
-5.65564
-5.65531
-5.65757
-5.65659
-5.65562
-5.65433
-5.65401
-5.65433
-5.65563
-5.65531
-5.65434
-5.65207
-5.65434
-5.65434
-5.65434
-5.65401
-5.65304
-5.65401
-5.65498
-5.6553
-5.6553
-5.6553
-5.65433
-5.65466
-5.6553
-5.65789
-5.65724
-5.65724
-5.65789
-5.65951
-5.66016
-5.66049
-5.65887
-5.66114
-5.66114
-5.65822
-5.65758
-5.6566
-5.65757
-5.65692
-5.65756
-5.65562
-5.65691
-5.65497
-5.65562
-5.65724
-5.65757
-5.65919
-5.65855
-5.65855
-5.65725
-5.6566
-5.6566
-5.6566
-5.65693
-5.65628
-5.65336
-5.65563
-5.65336
-5.65562
-5.65401
-5.65401
-5.65368
-5.65368
-5.65142
-5.65045
-5.65077
-5.65207
-5.65174
-5.65077
-5.65077
-5.65142
-5.65368
-5.65433
-5.65369
-5.65337
-5.65272
-5.6537
-5.65402
-5.65564
-5.65726
-5.65628
-5.65887
-5.65984
-5.65984
-5.65757
-5.65693
-5.6566
-5.65596
-5.65434
-5.65498
-5.65466
-5.65498
-5.65628
-5.65628
-5.65402
-5.65337
-5.6524
-5.65499
-5.65499
-5.65531
-5.65499
-5.65725
-5.65758
-5.65693
-5.65434
-5.65337
-5.6537
-5.65272
-5.65466
-5.65369
-5.65369
-5.65207
-5.65207
-5.65175
-5.65369
-5.65336
-5.65434
-5.65369
-5.6511
-5.6511
-5.65207
-5.6511
-5.6524
-5.65434
-5.65434
-5.65402
-5.65434
-5.65142
-5.65078
-5.64981
-5.64851
-5.64981
-5.6511
-5.6524
-5.6511
-5.65045
-5.65078
-5.65045
-5.6511
-5.6511
-5.65207
-5.6511
-5.6498
-5.65239
-5.65142
-5.65239
-5.65239
-5.65272
-5.65402
-5.65402
-5.65564
-5.65661
-5.65499
-5.65758
-5.65467
-5.6537
-5.65563
-5.65563
-5.6566
-5.65498
-5.65433
-5.65466
-5.65369
-5.65433
-5.65563
-5.65725
-5.65919
-5.65596
-5.65628
-5.65531
-5.65564
-5.65369
-5.65369
-5.65434
-5.65531
-5.65531
-5.65498
-5.65466
-5.65498
-5.65563
-5.65595
-5.65498
-5.6553
-5.65757
-5.65627
-5.65368
-5.65109
-5.65044
-5.65401
-5.65368
-5.65563
-5.65628
-5.65725
-5.65466
-5.65627
-5.65725
-5.65725
-5.65563
-5.65433
-5.65401
-5.65174
-5.65045
-5.65174
-5.65401
-5.65498
-5.654
-5.65465
-5.65336
-5.65562
-5.654
-5.65465
-5.65498
-5.6566
-5.6553
-5.65563
-5.65272
-5.65239
-5.65369
-5.65401
-5.65433
-5.65498
-5.6553
-5.65659
-5.65724
-5.65854
-5.65821
-5.65627
-5.65628
-5.65725
-5.65693
-5.65531
-5.65337
-5.65531
-5.6566
-5.65596
-5.65757
-5.65693
-5.65725
-5.65563
-5.65789
-5.65789
-5.65563
-5.65239
-5.65271
-5.65174
-5.65207
-5.65175
-5.6524
-5.65175
-5.6511
-5.64948
-5.64819
-5.64851
-5.64981
-5.65046
-5.65175
-5.6524
-5.65369
-5.65272
-5.65142
-5.65175
-5.64916
-5.64948
-5.64949
-5.64884
-5.64949
-5.64787
-5.65143
-5.65143
-5.65014
-5.65175
-5.65143
-5.65272
-5.65272
-5.65305
-5.65369
-5.65175
-5.65111
-5.65078
-5.6537
-5.65435
-5.65564
-5.65597
-5.65564
-5.65273
-5.65337
-5.65304
-5.65304
-5.65175
-5.65207
-5.65369
-5.65401
-5.6566
-5.65499
-5.65531
-5.65499
-5.65304
-5.65434
-5.65272
-5.65272
-5.65239
-5.65239
-5.65369
-5.65758
-5.65888
-5.65888
-5.66082
-5.66017
-5.65758
-5.65661
-5.65596
-5.65564
-5.65629
-5.65531
-5.65564
-5.6579
-5.65531
-5.6566
-5.65563
-5.65434
-5.65272
-5.65304
-5.65175
-5.65337
-5.65467
-5.65337
-5.65305
-5.65402
-5.65207
-5.6511
-5.65304
-5.65336
-5.65466
-5.65498
-5.65563
-5.65336
-5.65304
-5.65369
-5.65401
-5.65402
-5.65402
-5.65596
-5.65531
-5.65401
-5.65563
-5.65563
-5.65369
-5.65563
-5.65434
-5.65531
-5.65628
-5.65531
-5.65337
-5.65304
-5.65337
-5.65402
-5.65369
-5.65272
-5.65369
-5.65563
-5.65628
-5.65563
-5.65433
-5.6566
-5.65822
-5.6566
-5.65563
-5.65531
-5.65272
-5.65272
-5.65628
-5.65661
-5.65564
-5.65434
-5.65628
-5.65693
-5.65855
-5.65952
-5.65791
-5.65791
-5.65791
-5.65726
-5.65629
-5.65726
-5.66018
-5.65888
-5.65759
-5.65597
-5.65629
-5.65402
-5.65499
-5.65531
-5.65531
-5.65337
-5.6524
-5.6537
-5.65143
-5.65176
-5.6524
-5.65241
-5.65111
-5.65208
-5.65403
-5.65467
-5.65759
-5.65856
-5.65532
-5.65532
-5.65791
-5.65856
-5.65889
-5.65889
-5.65922
-5.65792
-5.65792
-5.65824
-5.65954
-5.65662
-5.65565
-5.65662
-5.65532
-5.65435
-5.65435
-5.65532
-5.65564
-5.655
-5.65468
-5.65306
-5.65209
-5.65371
-5.65597
-5.65435
-5.6563
-5.65565
-5.6563
-5.65726
-5.65629
-5.65467
-5.65175
-5.65305
-5.655
-5.65532
-5.65468
-5.65597
-5.65468
-5.655
-5.65727
-5.655
-5.65565
-5.65694
-5.655
-5.65499
-5.65499
-5.65564
-5.65597
-5.65499
-5.65629
-5.65499
-5.65597
-5.65726
-5.65726
-5.65597
-5.65597
-5.65694
-5.65597
-5.65467
-5.65435
-5.655
-5.65694
-5.65791
-5.65759
-5.65597
-5.65759
-5.65824
-5.65759
-5.65727
-5.65953
-5.65695
-5.65792
-5.65598
-5.65501
-5.65695
-5.6576
-5.65889
-5.65889
-5.65759
-5.65661
-5.65823
-5.65694
-5.65759
-5.65662
-5.65565
-5.65662
-5.655
-5.65467
-5.6537
-5.65208
-5.65111
-5.65079
-5.65079
-5.65144
-5.65079
-5.65079
-5.65338
-5.65144
-5.65241
-5.65436
-5.65339
-5.65338
-5.58677
-5.58838
-5.59065
-5.58968
-5.59097
-5.59291
-5.59518
-5.59389
-5.59454
-5.59551
-5.59486
-5.59421
-5.59421
-5.59388
-5.59162
-5.59356
-5.59615
-5.5981
-5.59712
-5.59777
-5.59583
-5.59356
-5.59162
-5.59324
-5.59195
-5.59065
-5.58839
-5.58774
-5.59
-5.58805
-5.58967
-5.5887
-5.58773
-5.58935
-5.58968
-5.59033
-5.59033
-5.59162
-5.59033
-5.59098
-5.59227
-5.59195
-5.59259
-5.59162
-5.5913
-5.59
-5.59195
-5.59162
-5.59162
-5.59388
-5.59162
-5.58968
-5.58903
-5.58903
-5.59
-5.59001
-5.5913
-5.59098
-5.59098
-5.59033
-5.58871
-5.58742
-5.58677
-5.58645
-5.58774
-5.58871
-5.58968
-5.59065
-5.59033
-5.59065
-5.58936
-5.58968
-5.58968
-5.5887
-5.58903
-5.5887
-5.58773
-5.58935
-5.58968
-5.58935
-5.59033
-5.5913
-5.5913
-5.59065
-5.59
-5.59324
-5.59162
-5.58967
-5.59
-5.59032
-5.59098
-5.5913
-5.59227
-5.59422
-5.59033
-5.58904
-5.59033
-5.58871
-5.58968
-5.58807
-5.58807
-5.58871
-5.58839
-5.59131
-5.58904
-5.59066
-5.59164
-5.59261
-5.58872
-5.58872
-5.58807
-5.58839
-5.58871
-5.58806
-5.58807
-5.58613
-5.58613
-5.58807
-5.58872
-5.58775
-5.58872
-5.58969
-5.59033
-5.59066
-5.5913
-5.59163
-5.59325
-5.59163
-5.59033
-5.59228
-5.59195
-5.59389
-5.59066
-5.5913
-5.58936
-5.58774
-5.5871
-5.5871
-5.58645
-5.58515
-5.58515
-5.58644
-5.58677
-5.58677
-5.58741
-5.58709
-5.58839
-5.59033
-5.59131
-5.59034
-5.59099
-5.5884
-5.58807
-5.58645
-5.58548
-5.58645
-5.58709
-5.58547
-5.58547
-5.58677
-5.58741
-5.58677
-5.5871
-5.5871
-5.5871
-5.58742
-5.58807
-5.58968
-5.59162
-5.59227
-5.59389
-5.59389
-5.59292
-5.59292
-5.5926
-5.58937
-5.59163
-5.59293
-5.59292
-5.59228
-5.59098
-5.5913
-5.59098
-5.59001
-5.58872
-5.58872
-5.58872
-5.59002
-5.5884
-5.58905
-5.59002
-5.59099
-5.59066
-5.59163
-5.59163
-5.59098
-5.58936
-5.58936
-5.58936
-5.58839
-5.58904
-5.58871
-5.58806
-5.58677
-5.58742
-5.5871
-5.59066
-5.59066
-5.59066
-5.59163
-5.59357
-5.59293
-5.59357
-5.59519
-5.59584
-5.59324
-5.59324
-5.59227
-5.59195
-5.5926
-5.59227
-5.59033
-5.58903
-5.58806
-5.58871
-5.58871
-5.58968
-5.58742
-5.58904
-5.58936
-5.59098
-5.59033
-5.58968
-5.58967
-5.58773
-5.58903
-5.58838
-5.58968
-5.59033
-5.59033
-5.58936
-5.59162
-5.59162
-5.59421
-5.59324
-5.59227
-5.5913
-5.59097
-5.58968
-5.58774
-5.58968
-5.58968
-5.59227
-5.59356
-5.59291
-5.59421
-5.59388
-5.59389
-5.59356
-5.59389
-5.59162
-5.59227
-5.59195
-5.59195
-5.59065
-5.58935
-5.58935
-5.58935
-5.58741
-5.58741
-5.5887
-5.58902
-5.58708
-5.58643
-5.58611
-5.5887
-5.58708
-5.58675
-5.5874
-5.58805
-5.58935
-5.58935
-5.59032
-5.58935
-5.59129
-5.59097
-5.59291
-5.59162
-5.59032
-5.58935
-5.5887
-5.58773
-5.58708
-5.58611
-5.58546
-5.58773
-5.58935
-5.59129
-5.5887
-5.59226
-5.59194
-5.59453
-5.59518
-5.59356
-5.59486
-5.59356
-5.59259
-5.59421
-5.59388
-5.59226
-5.59226
-5.59097
-5.59291
-5.59032
-5.59097
-5.59
-5.59097
-5.59291
-5.59388
-5.59356
-5.5942
-5.5942
-5.59356
-5.59485
-5.59259
-5.59097
-5.59
-5.59033
-5.59033
-5.59162
-5.59065
-5.59162
-5.59194
-5.59097
-5.59129
-5.58999
-5.59064
-5.59161
-5.5874
-5.59
-5.59032
-5.59065
-5.58935
-5.58903
-5.59162
-5.59032
-5.59097
-5.58967
-5.59129
-5.59097
-5.59194
-5.5913
-5.59065
-5.59195
-5.59292
-5.59259
-5.59097
-5.58967
-5.58838
-5.58935
-5.58838
-5.58838
-5.58935
-5.59097
-5.58967
-5.59032
-5.59356
-5.59226
-5.59227
-5.59227
-5.59129
-5.59032
-5.58968
-5.59097
-5.59324
-5.59324
-5.59292
-5.59422
-5.59292
-5.59324
-5.59227
-5.59098
-5.5913
-5.59033
-5.59065
-5.59325
-5.59487
-5.59325
-5.59584
-5.59616
-5.59454
-5.59486
-5.59453
-5.59356
-5.59421
-5.59324
-5.59486
-5.59583
-5.59518
-5.59324
-5.59486
-5.59583
-5.59357
-5.59357
-5.59356
-5.59356
-5.59421
-5.59647
-5.5955
-5.59388
-5.5955
-5.59421
-5.59356
-5.59259
-5.59324
-5.59195
-5.59195
-5.58936
-5.58806
-5.58936
-5.58968
-5.58871
-5.58774
-5.59001
-5.58937
-5.58872
-5.58936
-5.58936
-5.58904
-5.58775
-5.58742
-5.58936
-5.58904
-5.59066
-5.59001
-5.58807
-5.58871
-5.59001
-5.58904
-5.58839
-5.58839
-5.58774
-5.58936
-5.59001
-5.59131
-5.59131
-5.59228
-5.59164
-5.59293
-5.59163
-5.59196
-5.5926
-5.5926
-5.59066
-5.58936
-5.58969
-5.58775
-5.58969
-5.58969
-5.59001
-5.58968
-5.58968
-5.59131
-5.59131
-5.59099
-5.59261
-5.59034
-5.5897
-5.59067
-5.59099
-5.59066
-5.59131
-5.59163
-5.59131
-5.59196
-5.59131
-5.59195
-5.59033
-5.59195
-5.59357
-5.59454
-5.59422
-5.59389
-5.59228
-5.59098
-5.59163
-5.5926
-5.59196
-5.5939
-5.59454
-5.5926
-5.59292
-5.59065
-5.5913
-5.58903
-5.59033
-5.58871
-5.58871
-5.58676
-5.58676
-5.59032
-5.58903
-5.59033
-5.59065
-5.59098
-5.59066
-5.59098
-5.59066
-5.59163
-5.59325
-5.59228
-5.59033
-5.59162
-5.59001
-5.58839
-5.58839
-5.59001
-5.58969
-5.59195
-5.59131
-5.59001
-5.58969
-5.59066
-5.59196
-5.59001
-5.59034
-5.58905
-5.58872
-5.58872
-5.58807
-5.58741
-5.58677
-5.58547
-5.58547
-5.58547
-5.58677
-5.58709
-5.58644
-5.5858
-5.58547
-5.58482
-5.58741
-5.58806
-5.58936
-5.59162
-5.59162
-5.59097
-5.59259
-5.59195
-5.59421
-5.59325
-5.59422
-5.59486
-5.59325
-5.59551
-5.59325
-5.59422
-5.59357
-5.59325
-5.59357
-5.59195
-5.59163
-5.5926
-5.59325
-5.59325
-5.59357
-5.59324
-5.59486
-5.59648
-5.59422
-5.59454
-5.5939
-5.5939
-5.59487
-5.59487
-5.59455
-5.59357
-5.59389
-5.59195
-5.59163
-5.59001
-5.58936
-5.59001
-5.59034
-5.58937
-5.59131
-5.59293
-5.59422
-5.59228
-5.59163
-5.59098
-5.59195
-5.59131
-5.59001
-5.58968
-5.58968
-5.58904
-5.59066
-5.59066
-5.59034
-5.59066
-5.59163
-5.59293
-5.59357
-5.5926
-5.59195
-5.59163
-5.59066
-5.5926
-5.59163
-5.58968
-5.58904
-5.58742
-5.58807
-5.5884
-5.58807
-5.58775
-5.58937
-5.58969
-5.58839
-5.58936
-5.58872
-5.58937
-5.58937
-5.58905
-5.59034
-5.59066
-5.58872
-5.58645
-5.58645
-5.5858
-5.58612
-5.58774
-5.58774
-5.58774
-5.59001
-5.58905
-5.59002
-5.59099
-5.59261
-5.59098
-5.59131
-5.59163
-5.59292
-5.59389
-5.59389
-5.59324
-5.5913
-5.59195
-5.59292
-5.59292
-5.59163
-5.59099
-5.5952
-5.59261
-5.59196
-5.59326
-5.59455
-5.59422
-5.5926
-5.59195
-5.59066
-5.5913
-5.5913
-5.59324
-5.5913
-5.59163
-5.59098
-5.59098
-5.58871
-5.58969
-5.58904
-5.5871
-5.5884
-5.59001
-5.58936
-5.59098
-5.5926
-5.59324
-5.59357
-5.59422
-5.59325
-5.59227
-5.5926
-5.5926
-5.59163
-5.59325
-5.59325
-5.59357
-5.59066
-5.58839
-5.58969
-5.59098
-5.59033
-5.59292
-5.59325
-5.59098
-5.59195
-5.59195
-5.58936
-5.58741
-5.58515
-5.58612
-5.5858
-5.58515
-5.58677
-5.58515
-5.58709
-5.58904
-5.59001
-5.58968
-5.59163
-5.59228
-5.59098
-5.58807
-5.58839
-5.5871
-5.58742
-5.59066
-5.58969
-5.59066
-5.58839
-5.58613
-5.58516
-5.58548
-5.58288
-5.58353
-5.58418
-5.58159
-5.58126
-5.58191
-5.58483
-5.58516
-5.58548
-5.58775
-5.59034
-5.59228
-5.59228
-5.59131
-5.59325
-5.5939
-5.59292
-5.5913
-5.5913
-5.58871
-5.58806
-5.58709
-5.58677
-5.58774
-5.58807
-5.59001
-5.58969
-5.5884
-5.5884
-5.58872
-5.58904
-5.58936
-5.59033
-5.58936
-5.59162
-5.59324
-5.59454
-5.59519
-5.59454
-5.59519
-5.59552
-5.59455
-5.59487
-5.59487
-5.59293
-5.59293
-5.59487
-5.59293
-5.5926
-5.59292
-5.59324
-5.59421
-5.59227
-5.59195
-5.59227
-5.59066
-5.59001
-5.59163
-5.5926
-5.59227
-5.59065
-5.5926
-5.59227
-5.59065
-5.59098
-5.59001
-5.59033
-5.58806
-5.5858
-5.5858
-5.58644
-5.58806
-5.58547
-5.58644
-5.58709
-5.59
-5.59
-5.58968
-5.58871
-5.59033
-5.59292
-5.59066
-5.59001
-5.59001
-5.58969
-5.59033
-5.59001
-5.58807
-5.58871
-5.58839
-5.58968
-5.58935
-5.58806
-5.58709
-5.58806
-5.58935
-5.59001
-5.59033
-5.59066
-5.5926
-5.5913
-5.59292
-5.5913
-5.59163
-5.59195
-5.58871
-5.59001
-5.59033
-5.58871
-5.58774
-5.58839
-5.58839
-5.58871
-5.58742
-5.58807
-5.58969
-5.58774
-5.58709
-5.58547
-5.58418
-5.58515
-5.58612
-5.58645
-5.5871
-5.58645
-5.5884
-5.59002
-5.58872
-5.58742
-5.58775
-5.58807
-5.58678
-5.58807
-5.58678
-5.58678
-5.58839
-5.58936
-5.58936
-5.58872
-5.58774
-5.58677
-5.58871
-5.58774
-5.58709
-5.58774
-5.58872
-5.58839
-5.5871
-5.58807
-5.58937
-5.58969
-5.59001
-5.58839
-5.58904
-5.59001
-5.58839
-5.58872
-5.59001
-5.59001
-5.58936
-5.58872
-5.58969
-5.58937
-5.58742
-5.58872
-5.58807
-5.5871
-5.58677
-5.58321
-5.58483
-5.5858
-5.58483
-5.58677
-5.58872
-5.58904
-5.58807
-5.5871
-5.5871
-5.5871
-5.58645
-5.58677
-5.58871
-5.58871
-5.59194
-5.59389
-5.59551
-5.5939
-5.59293
-5.59423
-5.59293
-5.5952
-5.59261
-5.5926
-5.59357
-5.59163
-5.5926
-5.59357
-5.58968
-5.58871
-5.5887
-5.58773
-5.58806
-5.58936
-5.58774
-5.58904
-5.58969
-5.59034
-5.59034
-5.58872
-5.58839
-5.58806
-5.58968
-5.58871
-5.58806
-5.58774
-5.58709
-5.58807
-5.58774
-5.58677
-5.58969
-5.59066
-5.59066
-5.59292
-5.59163
-5.5913
-5.59195
-5.59292
-5.5939
-5.5939
-5.59454
-5.5926
-5.59454
-5.59422
-5.5926
-5.59292
-5.59389
-5.59065
-5.59033
-5.59227
-5.59454
-5.59583
-5.59648
-5.59551
-5.59421
-5.59162
-5.58839
-5.58936
-5.58871
-5.59001
-5.58936
-5.58838
-5.58806
-5.58741
-5.58935
-5.58806
-5.58806
-5.59001
-5.5913
-5.58936
-5.58742
-5.58839
-5.59001
-5.59098
-5.59033
-5.58968
-5.59
-5.59195
-5.59259
-5.59195
-5.59162
-5.59129
-5.59032
-5.59
-5.59
-5.59
-5.54561
-5.54467
-5.54532
-5.54622
-5.5452
-5.54593
-5.54761
-5.54921
-5.55049
-5.55307
-5.55598
-5.55792
-5.55986
-5.56117
-5.56636
-5.56798
-5.57056
-5.56989
-5.56761
-5.56502
-5.56147
-5.56212
-5.5618
-5.55986
-5.55888
-5.55887
-5.55854
-5.55854
-5.55757
-5.55498
-5.55435
-5.55598
-5.55566
-5.55437
-5.55209
-5.5537
-5.55402
-5.55272
-5.55402
-5.55434
-5.55402
-5.55338
-5.55176
-5.55176
-5.55047
-5.54917
-5.54594
-5.54658
-5.5456
-5.54592
-5.543
-5.54301
-5.54431
-5.54561
-5.54399
-5.54334
-5.54366
-5.54528
-5.54593
-5.54592
-5.54592
-5.54462
-5.54397
-5.54203
-5.54204
-5.54204
-5.54366
-5.54366
-5.54495
-5.54366
-5.54398
-5.54431
-5.54755
-5.54787
-5.5456
-5.54657
-5.54722
-5.54819
-5.54689
-5.54754
-5.54592
-5.54366
-5.5456
-5.54658
-5.54658
-5.5456
-5.54463
-5.54528
-5.5456
-5.54657
-5.54528
-5.5456
-5.54528
-5.54463
-5.54463
-5.54625
-5.5456
-5.54495
-5.54236
-5.54431
-5.54399
-5.5414
-5.54107
-5.5401
-5.54107
-5.54042
-5.54042
-5.54042
-5.54139
-5.5401
-5.54074
-5.54204
-5.54107
-5.54236
-5.54171
-5.54236
-5.54237
-5.54301
-5.54366
-5.54333
-5.54398
-5.54431
-5.54204
-5.54237
-5.54269
-5.54236
-5.54236
-5.54269
-5.54301
-5.54204
-5.54172
-5.54301
-5.54398
-5.54463
-5.54463
-5.54625
-5.54657
-5.54495
-5.54139
-5.54334
-5.54172
-5.54107
-5.54107
-5.54269
-5.54301
-5.54366
-5.54366
-5.54398
-5.54172
-5.54334
-5.54334
-5.54334
-5.54334
-5.5388
-5.54042
-5.53977
-5.54204
-5.54107
-5.54042
-5.54172
-5.54269
-5.54398
-5.54269
-5.54399
-5.54496
-5.54431
-5.5456
-5.54722
-5.54754
-5.54559
-5.5443
-5.54333
-5.54042
-5.53977
-5.53848
-5.53848
-5.5388
-5.53848
-5.53718
-5.5388
-5.53848
-5.54106
-5.53718
-5.53815
-5.53847
-5.53976
-5.53977
-5.53912
-5.54139
-5.54236
-5.54106
-5.54204
-5.54463
-5.54301
-5.54366
-5.54495
-5.54495
-5.54463
-5.54463
-5.54528
-5.5456
-5.5456
-5.54592
-5.54527
-5.54624
-5.54624
-5.54236
-5.54107
-5.54042
-5.54333
-5.54398
-5.54398
-5.54333
-5.5417
-5.54106
-5.54139
-5.54139
-5.54236
-5.54398
-5.5456
-5.54787
-5.54527
-5.5456
-5.54527
-5.54333
-5.54333
-5.54397
-5.54397
-5.54397
-5.54398
-5.54398
-5.54301
-5.54366
-5.54398
-5.54398
-5.54398
-5.54625
-5.54592
-5.5443
-5.54463
-5.54463
-5.54592
-5.54625
-5.54592
-5.54528
-5.54625
-5.5456
-5.54431
-5.54366
-5.54139
-5.54463
-5.5443
-5.54398
-5.54527
-5.54463
-5.54528
-5.54431
-5.54204
-5.54172
-5.54204
-5.54172
-5.54075
-5.54075
-5.54205
-5.54075
-5.54496
-5.54237
-5.54431
-5.54398
-5.54333
-5.54236
-5.54463
-5.54496
-5.5456
-5.54593
-5.54787
-5.54722
-5.5469
-5.54625
-5.54689
-5.54495
-5.54334
-5.54172
-5.54107
-5.54366
-5.54625
-5.54496
-5.54463
-5.54399
-5.54398
-5.54431
-5.54333
-5.54204
-5.54366
-5.54301
-5.54366
-5.54398
-5.54495
-5.54495
-5.5456
-5.54301
-5.54366
-5.54204
-5.54204
-5.54139
-5.54301
-5.54236
-5.54204
-5.54139
-5.54171
-5.54333
-5.54527
-5.54495
-5.54657
-5.54625
-5.54625
-5.54495
-5.54527
-5.54301
-5.54203
-5.54268
-5.54204
-5.54204
-5.54107
-5.54107
-5.5401
-5.54042
-5.53977
-5.54236
-5.5443
-5.54463
-5.54366
-5.54204
-5.54366
-5.54334
-5.54334
-5.54334
-5.54366
-5.54334
-5.54334
-5.54107
-5.54074
-5.53977
-5.5401
-5.54075
-5.5401
-5.53816
-5.54043
-5.54107
-5.54139
-5.54074
-5.5401
-5.53945
-5.53945
-5.54139
-5.54107
-5.54042
-5.54043
-5.54108
-5.5427
-5.5427
-5.54399
-5.54496
-5.54561
-5.54528
-5.54754
-5.54754
-5.54851
-5.54818
-5.54851
-5.54754
-5.54851
-5.55014
-5.54949
-5.54885
-5.5482
-5.54626
-5.5469
-5.5469
-5.54431
-5.54367
-5.54561
-5.54431
-5.54496
-5.54398
-5.54366
-5.54366
-5.54301
-5.54107
-5.54268
-5.54042
-5.54041
-5.53847
-5.53782
-5.53783
-5.53848
-5.53977
-5.53944
-5.54106
-5.54138
-5.54236
-5.54301
-5.54204
-5.54042
-5.54172
-5.54333
-5.54527
-5.54463
-5.54365
-5.54236
-5.5443
-5.5443
-5.5456
-5.54722
-5.54689
-5.54398
-5.54592
-5.54657
-5.54722
-5.54527
-5.54268
-5.54269
-5.54366
-5.54269
-5.54463
-5.54204
-5.54269
-5.54333
-5.54268
-5.54365
-5.54236
-5.54365
-5.54462
-5.54268
-5.54268
-5.54171
-5.54236
-5.5456
-5.5456
-5.54657
-5.54463
-5.5456
-5.5456
-5.54625
-5.54527
-5.54462
-5.54495
-5.54559
-5.54624
-5.54592
-5.54592
-5.54786
-5.54883
-5.5498
-5.5498
-5.54948
-5.5456
-5.5456
-5.54398
-5.54268
-5.5443
-5.54462
-5.5456
-5.54625
-5.54851
-5.5456
-5.5456
-5.54657
-5.54592
-5.54657
-5.54689
-5.54268
-5.54203
-5.53685
-5.5362
-5.53718
-5.53912
-5.54106
-5.54171
-5.54463
-5.5456
-5.5456
-5.54657
-5.54754
-5.54754
-5.54787
-5.54916
-5.54722
-5.5456
-5.54333
-5.54495
-5.54398
-5.54463
-5.54431
-5.54657
-5.54625
-5.54592
-5.54625
-5.54495
-5.54755
-5.54981
-5.54884
-5.54949
-5.54658
-5.54496
-5.54366
-5.54269
-5.54172
-5.54269
-5.54301
-5.54463
-5.54366
-5.54334
-5.54431
-5.5456
-5.54625
-5.54658
-5.54528
-5.54237
-5.5414
-5.54107
-5.54237
-5.54463
-5.54367
-5.54625
-5.54528
-5.54657
-5.54819
-5.54787
-5.54755
-5.5482
-5.54593
-5.54658
-5.54657
-5.54722
-5.5469
-5.54431
-5.54301
-5.54625
-5.54722
-5.5456
-5.54496
-5.54528
-5.54399
-5.54399
-5.54334
-5.54334
-5.54496
-5.5456
-5.54398
-5.54204
-5.54139
-5.54301
-5.54171
-5.54106
-5.54203
-5.54398
-5.54495
-5.54527
-5.54625
-5.54527
-5.54463
-5.54366
-5.54333
-5.54397
-5.54656
-5.54559
-5.54365
-5.54268
-5.54365
-5.54268
-5.54236
-5.54366
-5.5456
-5.5469
-5.54722
-5.54754
-5.54495
-5.54624
-5.54591
-5.54624
-5.54332
-5.54462
-5.54429
-5.54365
-5.54268
-5.54139
-5.54106
-5.54074
-5.54366
-5.54431
-5.54463
-5.54366
-5.54592
-5.54398
-5.5443
-5.54397
-5.54462
-5.54365
-5.54494
-5.54462
-5.54333
-5.5456
-5.54527
-5.54398
-5.54269
-5.54398
-5.54398
-5.54463
-5.54463
-5.5443
-5.54398
-5.54333
-5.54139
-5.54203
-5.54171
-5.54138
-5.54171
-5.54235
-5.543
-5.54332
-5.54365
-5.54462
-5.54559
-5.54526
-5.54559
-5.54785
-5.54624
-5.54624
-5.54624
-5.54656
-5.54526
-5.54559
-5.54364
-5.54364
-5.54461
-5.54202
-5.54332
-5.54429
-5.54429
-5.54397
-5.54558
-5.54461
-5.54461
-5.54461
-5.54494
-5.54526
-5.54526
-5.54624
-5.54559
-5.54332
-5.543
-5.54267
-5.5417
-5.54202
-5.54364
-5.543
-5.54623
-5.54526
-5.54559
-5.54591
-5.54494
-5.54495
-5.54269
-5.54398
-5.54495
-5.54527
-5.5443
-5.54559
-5.54494
-5.54333
-5.54397
-5.543
-5.54301
-5.54139
-5.54074
-5.54042
-5.54139
-5.54203
-5.54171
-5.54138
-5.54138
-5.54171
-5.54462
-5.5443
-5.54204
-5.54301
-5.54333
-5.54301
-5.54301
-5.54463
-5.54431
-5.54431
-5.54398
-5.5456
-5.54398
-5.54106
-5.54138
-5.54203
-5.54203
-5.54398
-5.5443
-5.54592
-5.54754
-5.54528
-5.54592
-5.54657
-5.54592
-5.54462
-5.54236
-5.54301
-5.54301
-5.54139
-5.54172
-5.54042
-5.54204
-5.54365
-5.54301
-5.54301
-5.54171
-5.54171
-5.54301
-5.54365
-5.54398
-5.54463
-5.54365
-5.5443
-5.54657
-5.54528
-5.54495
-5.54592
-5.54236
-5.54171
-5.54074
-5.54268
-5.5417
-5.54106
-5.543
-5.54235
-5.54268
-5.5443
-5.54656
-5.54494
-5.54332
-5.54041
-5.54364
-5.54299
-5.54461
-5.54623
-5.54526
-5.54591
-5.54559
-5.54592
-5.543
-5.54462
-5.54171
-5.54138
-5.543
-5.54332
-5.54397
-5.54235
-5.54203
-5.54203
-5.54106
-5.54073
-5.54267
-5.5417
-5.54364
-5.54397
-5.54397
-5.54365
-5.54624
-5.54624
-5.54624
-5.54689
-5.54624
-5.54526
-5.54364
-5.54559
-5.54558
-5.54623
-5.54656
-5.54591
-5.54656
-5.5472
-5.54688
-5.54656
-5.54494
-5.54494
-5.54753
-5.54818
-5.54883
-5.54688
-5.54656
-5.54623
-5.54332
-5.54364
-5.54397
-5.54397
-5.54397
-5.54332
-5.543
-5.54267
-5.54462
-5.54397
-5.54623
-5.54526
-5.54559
-5.54462
-5.54624
-5.54332
-5.54462
-5.54559
-5.54397
-5.54429
-5.54494
-5.54494
-5.543
-5.54333
-5.54138
-5.54138
-5.54073
-5.5404
-5.5417
-5.54462
-5.54462
-5.54527
-5.54624
-5.54592
-5.54592
-5.54721
-5.54656
-5.54462
-5.54365
-5.54688
-5.54785
-5.54883
-5.54786
-5.54688
-5.54591
-5.54365
-5.54462
-5.5456
-5.54625
-5.54495
-5.54657
-5.54592
-5.54592
-5.54722
-5.54754
-5.54624
-5.54462
-5.54462
-5.543
-5.54365
-5.54365
-5.54332
-5.54397
-5.54397
-5.54559
-5.54786
-5.54624
-5.54592
-5.54462
-5.54268
-5.54203
-5.54203
-5.5417
-5.54138
-5.54138
-5.5417
-5.54365
-5.54397
-5.54333
-5.54236
-5.54041
-5.54106
-5.54203
-5.54397
-5.54364
-5.543
-5.54203
-5.54106
-5.54138
-5.53912
-5.53976
-5.53944
-5.54041
-5.54138
-5.54203
-5.54267
-5.54494
-5.54689
-5.54688
-5.54721
-5.54753
-5.54786
-5.54721
-5.54527
-5.54462
-5.54235
-5.54268
-5.54397
-5.54267
-5.54364
-5.54397
-5.54267
-5.54332
-5.54592
-5.54559
-5.54786
-5.54915
-5.54883
-5.54786
-5.54915
-5.5498
-5.54785
-5.54785
-5.54624
-5.54785
-5.54818
-5.54786
-5.54689
-5.54721
-5.54624
-5.54591
-5.54688
-5.54656
-5.54753
-5.54494
-5.54462
-5.5443
-5.54494
-5.54559
-5.54494
-5.54365
-5.54591
-5.54656
-5.54429
-5.54267
-5.53976
-5.54105
-5.5417
-5.54235
-5.54398
-5.54593
-5.54949
-5.54755
-5.54787
-5.54754
-5.54851
-5.54754
-5.54721
-5.54721
-5.54689
-5.54818
-5.54624
-5.54689
-5.54721
-5.54624
-5.54657
-5.54754
-5.54592
-5.54592
-5.54527
-5.54657
-5.54495
-5.54624
-5.54559
-5.54721
-5.54754
-5.54592
-5.54462
-5.54786
-5.54527
-5.5456
-5.54624
-5.54592
-5.543
-5.54203
-5.54268
-5.5443
-5.543
-5.54462
-5.54462
-5.54592
-5.54495
-5.54333
-5.54494
-5.54365
-5.54203
-5.54171
-5.54041
-5.5388
-5.5401
-5.54172
-5.54204
-5.53945
-5.53913
-5.53977
-5.57471
-5.57244
-5.57211
-5.57568
-5.57438
-5.57341
-5.57438
-5.57632
-5.57794
-5.57923
-5.58085
-5.58085
-5.58085
-5.57988
-5.57956
-5.57923
-5.57923
-5.58085
-5.58409
-5.58409
-5.58539
-5.58668
-5.58668
-5.58441
-5.58247
-5.5815
-5.58117
-5.5802
-5.58149
-5.58117
-5.58182
-5.5802
-5.58021
-5.57956
-5.57956
-5.576
-5.57568
-5.5747
-5.57438
-5.57503
-5.576
-5.5747
-5.57437
-5.57437
-5.57405
-5.5747
-5.57437
-5.57696
-5.57826
-5.57729
-5.57697
-5.576
-5.57503
-5.57665
-5.57697
-5.57923
-5.57988
-5.57956
-5.57923
-5.57859
-5.57697
-5.57535
-5.57632
-5.57535
-5.57697
-5.57956
-5.57891
-5.57956
-5.57891
-5.57891
-5.58053
-5.57987
-5.57955
-5.57793
-5.57696
-5.57728
-5.57793
-5.57567
-5.57599
-5.57567
-5.57567
-5.57762
-5.57762
-5.57762
-5.57956
-5.57892
-5.58021
-5.58183
-5.58281
-5.58183
-5.58119
-5.58215
-5.57989
-5.57794
-5.57891
-5.57762
-5.5773
-5.57794
-5.57859
-5.57697
-5.57891
-5.57535
-5.57632
-5.57729
-5.57535
-5.57568
-5.57568
-5.57535
-5.57665
-5.576
-5.57503
-5.57373
-5.57308
-5.57535
-5.57535
-5.57438
-5.57438
-5.57632
-5.57729
-5.57632
-5.57794
-5.57858
-5.57923
-5.5815
-5.58053
-5.58021
-5.57988
-5.57762
-5.57665
-5.57697
-5.576
-5.57567
-5.57502
-5.57632
-5.57729
-5.57535
-5.57534
-5.57437
-5.57502
-5.57793
-5.57858
-5.57923
-5.57924
-5.58053
-5.57924
-5.57891
-5.57891
-5.57761
-5.57793
-5.57793
-5.57825
-5.57663
-5.57858
-5.5802
-5.58052
-5.58052
-5.57858
-5.57955
-5.57923
-5.58085
-5.58182
-5.58021
-5.57762
-5.57891
-5.58021
-5.57859
-5.57956
-5.5802
-5.57988
-5.57988
-5.57955
-5.57858
-5.57858
-5.57729
-5.57696
-5.57567
-5.57664
-5.57762
-5.57729
-5.57697
-5.57698
-5.57503
-5.57601
-5.576
-5.57503
-5.57536
-5.57633
-5.576
-5.5773
-5.57795
-5.57795
-5.57633
-5.57504
-5.57536
-5.57633
-5.57374
-5.57536
-5.57503
-5.57957
-5.58183
-5.58183
-5.58151
-5.57989
-5.58054
-5.58119
-5.57989
-5.57957
-5.57989
-5.57957
-5.57795
-5.57795
-5.57989
-5.58054
-5.58248
-5.5828
-5.58183
-5.58022
-5.58216
-5.58281
-5.58152
-5.58249
-5.58055
-5.57893
-5.57828
-5.57666
-5.57666
-5.57601
-5.57536
-5.57601
-5.57536
-5.57472
-5.57407
-5.57569
-5.57309
-5.5731
-5.57374
-5.57278
-5.57278
-5.57116
-5.57148
-5.57051
-5.57051
-5.57278
-5.57277
-5.57407
-5.57439
-5.57601
-5.57601
-5.57633
-5.57568
-5.57795
-5.5786
-5.57827
-5.5786
-5.57958
-5.57796
-5.57796
-5.57666
-5.57796
-5.57893
-5.57763
-5.57763
-5.57763
-5.57925
-5.58087
-5.58184
-5.58249
-5.58184
-5.58152
-5.58152
-5.58185
-5.5812
-5.57925
-5.57796
-5.57731
-5.5786
-5.57731
-5.57796
-5.57861
-5.57861
-5.57861
-5.57764
-5.57666
-5.57795
-5.57698
-5.57795
-5.57827
-5.57794
-5.57827
-5.57795
-5.57796
-5.57796
-5.57634
-5.57634
-5.57505
-5.5744
-5.57601
-5.57666
-5.57633
-5.57633
-5.57569
-5.57633
-5.57698
-5.5773
-5.57666
-5.57698
-5.57795
-5.57666
-5.5773
-5.57828
-5.57892
-5.57795
-5.57763
-5.57601
-5.57504
-5.57569
-5.57504
-5.57213
-5.57278
-5.57472
-5.57699
-5.57731
-5.57796
-5.57698
-5.57666
-5.57731
-5.57504
-5.57342
-5.57407
-5.57407
-5.57472
-5.57569
-5.57601
-5.57537
-5.57634
-5.57699
-5.57634
-5.57764
-5.57731
-5.57764
-5.57634
-5.57829
-5.57764
-5.57699
-5.57861
-5.57796
-5.58055
-5.58055
-5.57989
-5.5799
-5.57957
-5.58119
-5.58249
-5.58347
-5.58477
-5.58347
-5.58412
-5.5825
-5.5812
-5.57796
-5.57796
-5.57763
-5.57666
-5.57731
-5.57763
-5.57537
-5.57278
-5.57537
-5.57505
-5.57667
-5.57634
-5.57699
-5.57731
-5.57667
-5.57829
-5.57731
-5.57634
-5.57925
-5.58023
-5.57958
-5.57958
-5.57893
-5.58023
-5.57893
-5.57893
-5.57861
-5.57666
-5.57699
-5.57828
-5.57537
-5.57407
-5.57439
-5.57245
-5.57245
-5.57051
-5.57213
-5.57439
-5.57374
-5.57407
-5.57504
-5.57601
-5.5773
-5.5799
-5.5786
-5.57828
-5.57958
-5.57763
-5.57925
-5.57763
-5.57763
-5.57763
-5.57828
-5.57828
-5.58087
-5.58184
-5.57957
-5.58184
-5.58054
-5.58022
-5.5799
-5.5799
-5.5799
-5.57796
-5.57796
-5.57699
-5.57504
-5.57666
-5.57633
-5.57568
-5.57439
-5.57374
-5.57309
-5.57213
-5.5731
-5.57246
-5.5744
-5.57602
-5.5757
-5.57699
-5.57893
-5.57764
-5.57861
-5.58023
-5.57926
-5.57861
-5.57861
-5.58055
-5.57861
-5.57796
-5.57764
-5.57634
-5.57537
-5.57732
-5.57764
-5.57861
-5.57926
-5.57926
-5.57893
-5.57828
-5.57828
-5.57861
-5.57958
-5.58087
-5.58088
-5.58152
-5.58055
-5.58023
-5.58315
-5.58412
-5.58412
-5.58444
-5.58249
-5.58119
-5.57957
-5.57892
-5.57763
-5.57698
-5.57633
-5.57763
-5.57699
-5.57569
-5.57634
-5.57958
-5.58022
-5.57957
-5.57989
-5.58022
-5.57989
-5.58087
-5.58022
-5.58184
-5.58184
-5.58314
-5.58087
-5.57893
-5.57634
-5.57699
-5.57602
-5.57472
-5.57343
-5.57246
-5.57537
-5.57699
-5.5786
-5.57893
-5.57893
-5.57861
-5.5812
-5.58022
-5.57958
-5.5786
-5.57925
-5.57763
-5.58022
-5.58022
-5.5799
-5.57828
-5.57957
-5.57957
-5.57957
-5.58022
-5.57925
-5.57796
-5.57667
-5.57634
-5.57796
-5.57667
-5.57699
-5.57958
-5.5812
-5.58087
-5.58281
-5.5799
-5.57925
-5.57893
-5.57958
-5.57861
-5.57796
-5.57958
-5.57796
-5.57504
-5.57795
-5.57925
-5.57925
-5.58022
-5.57925
-5.57828
-5.57892
-5.57828
-5.5786
-5.57893
-5.57925
-5.57795
-5.57665
-5.57698
-5.57827
-5.5786
-5.57796
-5.57763
-5.57472
-5.57601
-5.57374
-5.57309
-5.57212
-5.57342
-5.57536
-5.57601
-5.57601
-5.57439
-5.5731
-5.5744
-5.57537
-5.57764
-5.57699
-5.57828
-5.57828
-5.57699
-5.57893
-5.57893
-5.57958
-5.57893
-5.57926
-5.57926
-5.57634
-5.5757
-5.57408
-5.57505
-5.57505
-5.57311
-5.5744
-5.57666
-5.57731
-5.57828
-5.57763
-5.57699
-5.57861
-5.57926
-5.57991
-5.5812
-5.57926
-5.58056
-5.57829
-5.57894
-5.577
-5.57764
-5.58024
-5.57959
-5.57829
-5.57894
-5.58023
-5.57861
-5.57861
-5.57861
-5.57601
-5.57407
-5.57407
-5.57375
-5.57634
-5.57795
-5.57731
-5.57698
-5.57731
-5.57666
-5.57699
-5.57731
-5.57634
-5.57764
-5.57635
-5.57732
-5.57732
-5.57764
-5.5812
-5.58282
-5.58055
-5.57926
-5.58055
-5.58217
-5.58282
-5.58055
-5.57958
-5.58022
-5.5799
-5.57731
-5.57698
-5.57698
-5.5773
-5.57796
-5.57731
-5.57926
-5.58023
-5.57862
-5.58024
-5.58056
-5.57959
-5.57959
-5.57958
-5.58055
-5.57925
-5.57796
-5.57634
-5.57634
-5.57504
-5.57245
-5.57181
-5.57213
-5.57408
-5.57505
-5.57635
-5.57667
-5.57441
-5.57311
-5.57506
-5.5757
-5.57635
-5.57797
-5.57926
-5.57925
-5.57893
-5.57925
-5.58088
-5.58153
-5.57991
-5.58056
-5.58056
-5.57991
-5.57894
-5.57926
-5.57732
-5.57667
-5.57764
-5.57699
-5.57764
-5.577
-5.57732
-5.57764
-5.57667
-5.57893
-5.57861
-5.57828
-5.57861
-5.57958
-5.57861
-5.57634
-5.57634
-5.57504
-5.57472
-5.57472
-5.57537
-5.5731
-5.57505
-5.57408
-5.5757
-5.57602
-5.57537
-5.57732
-5.57829
-5.57764
-5.57861
-5.57796
-5.57796
-5.5757
-5.57375
-5.57311
-5.5744
-5.57505
-5.57408
-5.57505
-5.57635
-5.57537
-5.57602
-5.57732
-5.57731
-5.57699
-5.57667
-5.57505
-5.57408
-5.57505
-5.57635
-5.57732
-5.57668
-5.57862
-5.57635
-5.57441
-5.57635
-5.5757
-5.57667
-5.57797
-5.57894
-5.58057
-5.58057
-5.57927
-5.57797
-5.57991
-5.57991
-5.58088
-5.58056
-5.58023
-5.57926
-5.57926
-5.57991
-5.58023
-5.58153
-5.58153
-5.58088
-5.58282
-5.58153
-5.58282
-5.5812
-5.58088
-5.57862
-5.5783
-5.57894
-5.57733
-5.57829
-5.57765
-5.57861
-5.57893
-5.57796
-5.57667
-5.57473
-5.57538
-5.57408
-5.57409
-5.57409
-5.57506
-5.57636
-5.57668
-5.577
-5.577
-5.57603
-5.57765
-5.57733
-5.577
-5.5783
-5.58056
-5.57894
-5.57765
-5.5783
-5.57959
-5.57992
-5.58024
-5.57959
-5.58056
-5.57732
-5.57797
-5.577
-5.57602
-5.57635
-5.57765
-5.57635
-5.57571
-5.5757
-5.5757
-5.57538
-5.57376
-5.57149
-5.57214
-5.57311
-5.57247
-5.57343
-5.57214
-5.57343
-5.57343
-5.5757
-5.57635
-5.57829
-5.57894
-5.57926
-5.57797
-5.57927
-5.57926
-5.58056
-5.58056
-5.57958
-5.57894
-5.57829
-5.57829
-5.57862
-5.57862
-5.57862
-5.57667
-5.57538
-5.57473
-5.57408
-5.57408
-5.57473
-5.57182
-5.57603
-5.57733
-5.57765
-5.57992
-5.57895
-5.57733
-5.5783
-5.57668
-5.57635
-5.57732
-5.57571
-5.57441
-5.57505
-5.57408
-5.57246
-5.57409
-5.577
-5.577
-5.57733
-5.57765
-5.57927
-5.57797
-5.577
-5.57603
-5.57538
-5.57441
-5.57442
-5.57442
-5.57345
-5.5741
-5.57636
-5.57604
-5.57701
-5.57862
-5.57927
-5.57991
-5.57959
-5.57895
-5.57831
-5.58025
-5.57993
-5.57766
-5.57669
-5.57474
-5.57668
-5.577
-5.57797
-5.57926
-5.57959
-5.57829
-5.57862
-5.577
-5.5757
-5.57635
-5.577
-5.57571
-5.577
-5.57635
-5.57959
-5.57668
-5.57279
-5.57279
-5.57441
-5.57312
-5.57279
-5.57279
-5.57377
-5.57474
-5.577
-5.57733
-5.57668
-5.57635
-5.57732
-5.57894
-5.57862
-5.57894
-5.58024
-5.57927
-5.58121
-5.5783
-5.57895
-5.57927
-5.57959
-5.5796
-5.57992
-5.57798
-5.57992
-5.58089
-5.58283
-5.58218
-5.58186
-5.58121
-5.58024
-5.57992
-5.57959
-5.58024
-5.57895
-5.58154
-5.58024
-5.57992
-5.57927
-5.57733
-5.57797
-5.57733
-5.57732
-5.57732
-5.57668
-5.57571
-5.57732
-5.57862
-5.577
-5.57862
-5.57959
-5.57862
-5.57862
-5.57862
-5.57732
-5.57506
-5.57603
-5.57668
-5.57636
-5.577
-5.57765
-5.57668
-5.577
-5.57797
-5.57764
-5.57732
-5.57894
-5.58121
-5.58218
-5.58153
-5.58121
-5.58315
-5.58477
-5.58509
-5.58379
-5.58315
-5.58477
-5.58153
-5.58153
-5.58185
-5.57926
-5.57926
-5.57959
-5.57797
-5.5757
-5.5744
-5.57602
-5.57666
-5.57731
-5.57569
-5.57537
-5.41517
-5.41549
-5.41614
-5.41647
-5.41711
-5.41776
-5.41517
-5.41387
-5.41484
-5.41646
-5.4184
-5.41743
-5.41678
-5.4184
-5.4184
-5.41678
-5.41678
-5.41775
-5.41872
-5.41873
-5.41614
-5.41549
-5.41711
-5.41808
-5.41646
-5.41808
-5.41938
-5.42002
-5.4184
-5.41873
-5.42099
-5.41905
-5.41905
-5.41807
-5.41678
-5.41808
-5.41743
-5.4142
-5.41744
-5.41808
-5.41582
-5.41873
-5.41841
-5.41776
-5.41614
-5.41711
-5.41646
-5.41776
-5.41743
-5.41808
-5.41743
-5.41808
-5.4197
-5.4197
-5.41841
-5.41938
-5.4197
-5.41776
-5.41841
-5.41808
-5.41873
-5.41743
-5.41743
-5.41678
-5.41581
-5.4158
-5.41516
-5.41548
-5.41451
-5.41257
-5.41386
-5.41645
-5.4171
-5.41581
-5.41516
-5.4158
-5.41742
-5.41613
-5.4184
-5.41937
-5.42132
-5.42229
-5.42164
-5.42164
-5.42067
-5.42131
-5.42163
-5.42163
-5.42196
-5.42163
-5.42293
-5.42228
-5.42164
-5.41937
-5.41969
-5.42099
-5.42196
-5.42196
-5.42099
-5.41905
-5.4197
-5.41743
-5.41808
-5.41678
-5.41646
-5.41516
-5.41451
-5.41387
-5.41419
-5.41451
-5.41516
-5.41581
-5.41678
-5.41807
-5.41807
-5.4171
-5.41807
-5.41808
-5.41808
-5.41807
-5.4184
-5.4171
-5.41678
-5.41743
-5.4197
-5.41937
-5.41969
-5.42034
-5.42164
-5.42131
-5.42034
-5.41937
-5.41937
-5.41904
-5.42002
-5.41969
-5.41807
-5.4184
-5.41905
-5.41873
-5.41841
-5.41808
-5.41614
-5.41387
-5.41354
-5.41484
-5.41451
-5.41419
-5.41516
-5.41484
-5.41581
-5.41776
-5.41743
-5.41613
-5.41613
-5.41581
-5.41484
-5.41742
-5.4171
-5.41742
-5.41742
-5.41775
-5.41775
-5.41775
-5.41452
-5.41419
-5.41517
-5.41258
-5.41226
-5.4129
-5.41484
-5.41484
-5.41614
-5.4197
-5.42067
-5.4184
-5.41872
-5.41678
-5.41775
-5.4171
-5.41645
-5.41613
-5.41581
-5.41452
-5.41419
-5.41679
-5.41646
-5.41679
-5.41679
-5.41517
-5.41646
-5.41938
-5.41775
-5.41872
-5.41743
-5.41613
-5.41549
-5.4184
-5.41776
-5.41582
-5.41517
-5.41582
-5.41582
-5.41776
-5.41776
-5.41841
-5.41906
-5.42036
-5.42003
-5.42004
-5.41939
-5.42134
-5.42166
-5.42165
-5.41841
-5.41776
-5.41679
-5.41873
-5.4184
-5.41905
-5.41873
-5.41744
-5.41776
-5.41906
-5.42003
-5.41938
-5.41971
-5.41744
-5.41679
-5.41711
-5.41647
-5.41679
-5.41549
-5.41647
-5.41582
-5.41582
-5.41776
-5.41906
-5.41939
-5.41777
-5.41841
-5.42036
-5.42133
-5.42004
-5.41907
-5.41939
-5.41809
-5.41874
-5.41744
-5.41776
-5.41744
-5.41646
-5.41938
-5.41841
-5.41841
-5.41776
-5.41776
-5.41743
-5.41873
-5.41938
-5.41938
-5.42035
-5.42067
-5.41873
-5.41938
-5.41938
-5.41938
-5.41808
-5.41711
-5.41679
-5.41938
-5.41905
-5.41776
-5.41808
-5.42034
-5.42002
-5.41905
-5.41873
-5.41712
-5.41712
-5.41712
-5.41777
-5.41712
-5.41874
-5.41809
-5.42003
-5.41905
-5.42003
-5.42003
-5.42067
-5.421
-5.421
-5.42067
-5.42002
-5.42099
-5.42164
-5.42164
-5.42261
-5.42132
-5.421
-5.41905
-5.42067
-5.41744
-5.41582
-5.41387
-5.41355
-5.41485
-5.41582
-5.41841
-5.41809
-5.41906
-5.4197
-5.42132
-5.421
-5.42132
-5.42003
-5.41938
-5.41873
-5.41841
-5.41679
-5.41744
-5.41744
-5.41614
-5.41744
-5.41614
-5.41809
-5.41647
-5.41517
-5.41484
-5.41581
-5.4142
-5.41452
-5.41387
-5.41679
-5.41679
-5.41743
-5.41743
-5.41873
-5.42002
-5.4197
-5.41938
-5.4197
-5.41873
-5.42035
-5.42002
-5.42003
-5.42035
-5.41905
-5.4171
-5.41646
-5.41613
-5.41516
-5.41613
-5.41516
-5.41451
-5.41418
-5.41645
-5.41677
-5.42001
-5.42001
-5.42034
-5.42034
-5.42067
-5.41937
-5.41808
-5.4184
-5.41904
-5.41872
-5.41839
-5.41904
-5.41969
-5.41904
-5.41839
-5.41872
-5.41905
-5.4197
-5.41614
-5.41711
-5.41679
-5.41873
-5.41841
-5.41938
-5.41841
-5.41841
-5.41549
-5.41258
-5.4116
-5.41225
-5.41452
-5.41516
-5.41646
-5.41451
-5.41484
-5.41354
-5.41517
-5.41452
-5.4142
-5.41484
-5.41711
-5.41873
-5.41776
-5.41711
-5.41711
-5.41873
-5.41906
-5.42067
-5.4197
-5.41938
-5.42132
-5.42099
-5.41775
-5.42034
-5.41839
-5.41839
-5.41839
-5.4171
-5.41678
-5.41678
-5.41646
-5.41775
-5.41775
-5.41872
-5.41742
-5.41872
-5.41969
-5.41872
-5.41807
-5.42131
-5.42098
-5.42001
-5.41904
-5.41645
-5.41548
-5.41484
-5.41516
-5.41451
-5.41548
-5.41613
-5.41645
-5.41451
-5.41321
-5.41288
-5.41224
-5.41321
-5.41224
-5.41257
-5.41192
-5.41192
-5.41159
-5.41192
-5.41224
-5.41191
-5.41224
-5.41062
-5.40867
-5.40899
-5.40964
-5.41061
-5.41126
-5.41061
-5.41126
-5.4132
-5.41418
-5.41612
-5.41741
-5.41806
-5.41903
-5.42065
-5.41838
-5.42
-5.41903
-5.42097
-5.42162
-5.41968
-5.42
-5.42
-5.41935
-5.42097
-5.41967
-5.4187
-5.42
-5.4187
-5.41675
-5.41514
-5.41676
-5.41643
-5.41676
-5.41579
-5.41547
-5.41547
-5.41871
-5.41806
-5.41968
-5.41903
-5.41936
-5.41806
-5.41709
-5.41547
-5.41677
-5.41482
-5.41644
-5.41514
-5.41514
-5.4145
-5.41353
-5.41288
-5.41385
-5.4132
-5.41352
-5.41158
-5.41287
-5.41514
-5.41547
-5.41579
-5.41644
-5.41644
-5.41644
-5.41547
-5.41644
-5.41579
-5.41482
-5.41611
-5.41708
-5.41806
-5.41968
-5.42032
-5.42162
-5.42356
-5.42162
-5.42
-5.41773
-5.41547
-5.41709
-5.41645
-5.41806
-5.41839
-5.41806
-5.41806
-5.41838
-5.41644
-5.41806
-5.41967
-5.41903
-5.41773
-5.41838
-5.41902
-5.41838
-5.41838
-5.41806
-5.41579
-5.41676
-5.41838
-5.41805
-5.41838
-5.41902
-5.4187
-5.41967
-5.42032
-5.41935
-5.41902
-5.41935
-5.42226
-5.42032
-5.42031
-5.42032
-5.41967
-5.41934
-5.42064
-5.41934
-5.41967
-5.41902
-5.42064
-5.41902
-5.41967
-5.41999
-5.42064
-5.41869
-5.42161
-5.41902
-5.4187
-5.42064
-5.41935
-5.42
-5.42129
-5.42064
-5.4187
-5.41934
-5.41805
-5.41934
-5.41967
-5.42032
-5.41902
-5.4187
-5.41838
-5.41805
-5.4187
-5.41611
-5.41449
-5.41482
-5.41514
-5.41611
-5.41708
-5.41675
-5.41772
-5.41902
-5.41805
-5.41934
-5.4187
-5.4187
-5.41805
-5.41773
-5.41741
-5.4187
-5.41741
-5.41806
-5.41838
-5.41967
-5.4187
-5.41966
-5.42095
-5.41933
-5.41739
-5.41836
-5.41837
-5.41546
-5.41578
-5.41481
-5.41514
-5.41513
-5.4161
-5.41611
-5.41416
-5.41319
-5.41578
-5.41351
-5.41319
-5.41545
-5.41513
-5.41545
-5.41481
-5.41675
-5.41707
-5.41902
-5.42032
-5.42226
-5.42194
-5.42032
-5.41935
-5.41838
-5.4187
-5.41611
-5.41546
-5.41384
-5.41255
-5.41222
-5.41287
-5.41481
-5.41417
-5.41352
-5.41352
-5.41417
-5.41547
-5.41611
-5.41806
-5.41806
-5.41709
-5.4158
-5.4158
-5.41774
-5.42033
-5.4213
-5.42033
-5.41903
-5.41806
-5.41773
-5.41773
-5.41806
-5.41774
-5.41936
-5.41807
-5.41969
-5.42034
-5.42131
-5.42293
-5.42357
-5.42454
-5.42583
-5.42648
-5.42518
-5.42324
-5.42195
-5.41936
-5.42293
-5.42001
-5.42034
-5.42066
-5.4226
-5.42066
-5.42066
-5.41904
-5.41936
-5.41936
-5.41968
-5.41838
-5.41871
-5.41838
-5.41482
-5.41514
-5.41547
-5.41806
-5.41936
-5.41904
-5.42066
-5.42033
-5.41969
-5.42098
-5.41969
-5.41969
-5.41872
-5.41806
-5.41968
-5.41871
-5.41838
-5.41903
-5.41643
-5.41579
-5.41708
-5.41643
-5.41546
-5.41482
-5.41547
-5.41579
-5.41644
-5.41612
-5.41709
-5.41935
-5.41967
-5.41935
-5.41903
-5.41773
-5.41579
-5.41676
-5.41676
-5.41773
-5.41806
-5.41838
-5.41903
-5.41774
-5.41677
-5.41774
-5.41741
-5.41903
-5.4187
-5.41708
-5.41838
-5.42032
-5.42162
-5.42195
-5.42292
-5.42163
-5.42325
-5.41937
-5.42066
-5.41872
-5.4184
-5.41936
-5.42098
-5.4213
-5.42162
-5.41903
-5.41968
-5.41839
-5.41806
-5.41644
-5.41547
-5.41482
-5.41482
-5.41774
-5.41709
-5.41677
-5.41612
-5.41515
-5.41741
-5.41709
-5.41903
-5.42001
-5.41904
-5.41936
-5.42098
-5.42357
-5.42324
-5.42291
-5.42291
-5.42065
-5.41838
-5.41838
-5.41774
-5.41741
-5.41871
-5.41612
-5.41515
-5.41515
-5.41677
-5.41709
-5.41676
-5.41676
-5.41709
-5.41968
-5.41839
-5.42
-5.4213
-5.41903
-5.42033
-5.41936
-5.41903
-5.42194
-5.42032
-5.41903
-5.42032
-5.41967
-5.41935
-5.41773
-5.41967
-5.42032
-5.42065
-5.41935
-5.41741
-5.41579
-5.41546
-5.41676
-5.41514
-5.41611
-5.41611
-5.41449
-5.41481
-5.41643
-5.41903
-5.41968
-5.42065
-5.42097
-5.42162
-5.42065
-5.42097
-5.41902
-5.41902
-5.42064
-5.42226
-5.42161
-5.42064
-5.42226
-5.42097
-5.41968
-5.41774
-5.41774
-5.41806
-5.41935
-5.41968
-5.42194
-5.42259
-5.42032
-5.41709
-5.41838
-5.41774
-5.41709
-5.41612
-5.4145
-5.41385
-5.41321
-5.4132
-5.41126
-5.41223
-5.4132
-5.41255
-5.41223
-5.41287
-5.41158
-5.41288
-5.41353
-5.41612
-5.41612
-5.41515
-5.41579
-5.41579
-5.41612
-5.41709
-5.41547
-5.41612
-5.41676
-5.42033
-5.42
-5.41676
-5.41774
-5.41806
-5.41903
-5.41579
-5.41676
-5.41547
-5.41643
-5.41708
-5.41838
-5.41676
-5.41935
-5.41968
-5.41968
-5.42097
-5.42033
-5.41903
-5.41741
-5.41677
-5.41612
-5.4145
-5.41482
-5.41353
-5.41611
-5.41514
-5.41546
-5.41481
-5.41385
-5.41515
-5.41677
-5.4171
-5.41742
-5.41807
-5.41612
-5.41612
-5.41644
-5.41806
-5.41838
-5.41773
-5.41676
-5.41579
-5.41449
-5.41223
-5.41191
-5.41256
-5.41321
-5.41451
-5.4171
-5.41936
-5.41806
-5.41871
-5.41968
-5.41968
-5.41839
-5.41838
-5.41968
-5.42032
-5.41968
-5.41968
-5.42065
-5.42033
-5.42195
-5.42033
-5.42163
-5.42066
-5.42098
-5.42098
-5.42098
-5.41936
-5.41774
-5.41612
-5.4132
-5.41418
-5.41418
-5.41483
-5.41515
-5.41515
-5.41677
-5.41871
-5.41806
-5.41968
-5.42033
-5.41774
-5.41741
-5.41806
-5.41644
-5.41903
-5.41773
-5.41546
-5.41676
-5.41773
-5.41612
-5.41645
-5.4171
-5.41677
-5.4158
-5.4158
-5.41548
-5.41612
-5.41677
-5.41677
-5.41838
-5.41741
-5.41644
-5.41741
-5.41806
-5.42065
-5.42001
-5.42098
-5.42098
-5.4669
-5.46561
-5.46625
-5.46496
-5.4669
-5.46787
-5.4682
-5.46755
-5.46658
-5.46464
-5.46302
-5.46108
-5.46237
-5.46367
-5.46366
-5.46463
-5.46334
-5.46269
-5.46464
-5.46496
-5.46626
-5.46659
-5.46594
-5.46399
-5.46302
-5.46204
-5.46204
-5.46172
-5.46334
-5.46205
-5.45946
-5.46044
-5.46206
-5.46206
-5.46335
-5.46238
-5.46076
-5.46076
-5.46044
-5.45882
-5.45979
-5.46108
-5.4627
-5.46335
-5.46464
-5.46271
-5.46141
-5.46303
-5.46271
-5.46174
-5.46238
-5.46271
-5.46271
-5.46206
-5.46303
-5.46206
-5.46238
-5.46368
-5.46108
-5.46108
-5.46108
-5.46076
-5.45979
-5.46303
-5.46368
-5.46238
-5.46271
-5.464
-5.46433
-5.46433
-5.46757
-5.47048
-5.46951
-5.46821
-5.46983
-5.46853
-5.46788
-5.46756
-5.46918
-5.4682
-5.46529
-5.46432
-5.46529
-5.46594
-5.4653
-5.464
-5.46238
-5.46141
-5.46303
-5.46174
-5.46206
-5.46465
-5.46627
-5.46497
-5.464
-5.46562
-5.46562
-5.464
-5.46432
-5.46432
-5.46594
-5.46433
-5.46433
-5.46433
-5.46465
-5.46497
-5.4653
-5.46238
-5.46141
-5.46173
-5.46173
-5.46173
-5.46206
-5.46174
-5.46206
-5.46336
-5.46271
-5.46206
-5.46303
-5.46368
-5.46336
-5.46271
-5.46336
-5.46336
-5.46272
-5.46498
-5.46692
-5.46724
-5.46691
-5.46659
-5.46692
-5.46725
-5.46725
-5.46628
-5.46693
-5.46628
-5.46272
-5.46369
-5.46304
-5.46305
-5.46434
-5.46466
-5.46531
-5.46789
-5.46757
-5.46659
-5.46757
-5.46595
-5.4653
-5.46336
-5.46207
-5.46175
-5.46175
-5.46078
-5.4624
-5.46499
-5.46272
-5.46466
-5.46434
-5.46369
-5.46368
-5.46303
-5.46206
-5.46271
-5.46368
-5.46433
-5.46401
-5.46272
-5.46175
-5.46337
-5.46369
-5.46337
-5.46272
-5.46045
-5.46045
-5.46012
-5.46142
-5.46174
-5.4611
-5.46207
-5.46239
-5.46174
-5.46174
-5.46336
-5.46239
-5.46304
-5.46401
-5.46336
-5.46466
-5.46207
-5.46206
-5.46077
-5.46271
-5.46562
-5.46498
-5.46401
-5.46563
-5.46272
-5.46272
-5.4624
-5.46175
-5.46272
-5.46272
-5.46272
-5.46045
-5.45947
-5.46174
-5.4598
-5.45915
-5.45753
-5.45883
-5.45818
-5.45818
-5.45915
-5.45851
-5.45883
-5.46142
-5.46369
-5.46498
-5.46369
-5.46272
-5.46369
-5.46499
-5.46563
-5.46563
-5.46725
-5.46595
-5.46401
-5.46109
-5.46465
-5.46401
-5.46336
-5.46109
-5.46045
-5.46077
-5.4611
-5.4611
-5.46045
-5.4624
-5.46143
-5.46305
-5.4624
-5.46563
-5.46401
-5.46336
-5.46239
-5.46207
-5.46239
-5.46433
-5.46433
-5.46466
-5.46304
-5.46272
-5.46272
-5.46305
-5.46564
-5.46467
-5.46661
-5.46758
-5.46467
-5.46337
-5.46305
-5.46142
-5.45981
-5.45948
-5.46013
-5.46045
-5.46175
-5.45948
-5.4598
-5.46207
-5.46013
-5.4624
-5.46337
-5.46014
-5.46079
-5.46111
-5.46208
-5.46402
-5.46305
-5.46272
-5.46207
-5.4624
-5.46337
-5.46305
-5.46273
-5.46241
-5.46305
-5.46338
-5.46402
-5.46273
-5.46176
-5.4624
-5.46305
-5.46273
-5.46337
-5.46175
-5.4624
-5.4624
-5.46175
-5.46369
-5.46304
-5.46078
-5.46078
-5.46111
-5.46111
-5.46338
-5.46435
-5.4637
-5.465
-5.46629
-5.46662
-5.46435
-5.4624
-5.46046
-5.46143
-5.4637
-5.4624
-5.46078
-5.46046
-5.46143
-5.46208
-5.46046
-5.46014
-5.46111
-5.46176
-5.46079
-5.46176
-5.46078
-5.46046
-5.45981
-5.46046
-5.46272
-5.4624
-5.46176
-5.46079
-5.45917
-5.45949
-5.4595
-5.45949
-5.45885
-5.4569
-5.45755
-5.45722
-5.45884
-5.45949
-5.45917
-5.46014
-5.46046
-5.46208
-5.46111
-5.45916
-5.45981
-5.45917
-5.45981
-5.46079
-5.45982
-5.46014
-5.46208
-5.46337
-5.46305
-5.4624
-5.46305
-5.46337
-5.46337
-5.46273
-5.46337
-5.46305
-5.46338
-5.46402
-5.46402
-5.46532
-5.46564
-5.46564
-5.46564
-5.46791
-5.46823
-5.46888
-5.46888
-5.4692
-5.4692
-5.46726
-5.46499
-5.46596
-5.46531
-5.46531
-5.4666
-5.46693
-5.46628
-5.46628
-5.46661
-5.46466
-5.46466
-5.46499
-5.46434
-5.46207
-5.46045
-5.46175
-5.46208
-5.46176
-5.46209
-5.4637
-5.46435
-5.46208
-5.46402
-5.46466
-5.46628
-5.46434
-5.46402
-5.46402
-5.46337
-5.4637
-5.4637
-5.46661
-5.46499
-5.46273
-5.46143
-5.46111
-5.46078
-5.45981
-5.46175
-5.46143
-5.46272
-5.46272
-5.46402
-5.46499
-5.46564
-5.46531
-5.46628
-5.46661
-5.46661
-5.46532
-5.46564
-5.46338
-5.4637
-5.46403
-5.4637
-5.46435
-5.46564
-5.46467
-5.46564
-5.46402
-5.46402
-5.4637
-5.46176
-5.46078
-5.46014
-5.45917
-5.45884
-5.46046
-5.4624
-5.46078
-5.46143
-5.46143
-5.46208
-5.46176
-5.46175
-5.46337
-5.46305
-5.46434
-5.46434
-5.46499
-5.46694
-5.46564
-5.46435
-5.46305
-5.46305
-5.46078
-5.46111
-5.45884
-5.45625
-5.45593
-5.45366
-5.45722
-5.45916
-5.46208
-5.46078
-5.46143
-5.46305
-5.46208
-5.46273
-5.46435
-5.46337
-5.46434
-5.46531
-5.46531
-5.46467
-5.46402
-5.465
-5.46467
-5.46209
-5.46144
-5.46014
-5.46079
-5.4624
-5.46499
-5.46531
-5.46499
-5.4624
-5.46305
-5.46176
-5.46046
-5.46079
-5.46047
-5.46241
-5.46144
-5.4624
-5.46272
-5.46402
-5.46466
-5.46661
-5.46532
-5.46597
-5.46338
-5.46338
-5.46306
-5.46144
-5.46079
-5.46209
-5.46144
-5.46403
-5.46597
-5.46565
-5.46371
-5.46403
-5.46467
-5.46273
-5.46208
-5.46369
-5.4624
-5.46143
-5.4624
-5.46143
-5.45949
-5.4624
-5.46499
-5.46499
-5.46499
-5.46369
-5.46596
-5.46369
-5.46466
-5.4624
-5.45916
-5.45981
-5.46142
-5.4611
-5.46272
-5.46434
-5.46239
-5.46239
-5.46142
-5.46401
-5.46563
-5.46498
-5.46628
-5.46498
-5.46369
-5.46304
-5.46369
-5.46563
-5.46369
-5.4624
-5.46337
-5.46078
-5.46013
-5.46143
-5.46272
-5.46401
-5.46563
-5.46531
-5.46369
-5.46142
-5.46078
-5.46143
-5.46078
-5.45819
-5.45884
-5.45949
-5.45949
-5.46046
-5.45949
-5.45981
-5.45916
-5.45754
-5.45787
-5.45948
-5.46337
-5.46498
-5.46369
-5.46563
-5.46336
-5.46369
-5.46304
-5.46143
-5.46014
-5.46143
-5.46208
-5.46176
-5.45982
-5.45982
-5.45787
-5.45949
-5.45884
-5.46078
-5.46208
-5.46273
-5.46175
-5.46402
-5.46273
-5.46175
-5.46046
-5.46046
-5.45981
-5.4611
-5.46143
-5.46013
-5.46208
-5.46337
-5.46596
-5.46726
-5.46726
-5.46791
-5.46791
-5.46726
-5.46661
-5.4692
-5.46758
-5.4679
-5.46499
-5.4624
-5.4611
-5.46337
-5.46564
-5.46531
-5.4637
-5.4637
-5.46467
-5.46499
-5.46369
-5.46401
-5.46368
-5.46271
-5.46142
-5.46271
-5.46369
-5.46272
-5.46402
-5.4624
-5.46305
-5.46499
-5.46434
-5.46369
-5.46369
-5.46369
-5.46466
-5.46369
-5.46725
-5.4679
-5.46887
-5.46887
-5.46693
-5.46758
-5.46725
-5.46758
-5.4666
-5.46434
-5.46595
-5.46562
-5.4653
-5.46725
-5.4666
-5.4666
-5.46725
-5.46725
-5.46693
-5.46563
-5.46887
-5.46919
-5.46757
-5.46562
-5.46562
-5.46336
-5.46239
-5.46498
-5.46562
-5.4653
-5.46627
-5.4653
-5.46498
-5.46531
-5.46401
-5.46401
-5.46498
-5.46465
-5.46497
-5.46562
-5.46627
-5.46498
-5.46466
-5.46401
-5.46531
-5.46434
-5.46402
-5.46337
-5.46336
-5.46466
-5.46594
-5.46691
-5.46432
-5.46626
-5.46659
-5.4653
-5.4653
-5.46596
-5.46758
-5.46499
-5.46337
-5.46337
-5.46304
-5.46369
-5.46337
-5.4611
-5.4611
-5.4611
-5.46013
-5.4624
-5.46337
-5.46207
-5.46078
-5.46175
-5.46078
-5.46013
-5.4611
-5.4611
-5.46337
-5.46305
-5.46337
-5.46531
-5.46499
-5.46402
-5.46402
-5.46467
-5.46499
-5.46305
-5.46531
-5.46531
-5.46499
-5.46596
-5.46758
-5.4679
-5.46758
-5.46758
-5.46952
-5.46823
-5.4679
-5.46596
-5.46757
-5.46563
-5.46887
-5.46757
-5.4666
-5.46466
-5.46434
-5.46143
-5.45981
-5.46046
-5.45981
-5.46078
-5.46045
-5.46045
-5.46012
-5.46239
-5.46207
-5.46207
-5.45883
-5.45721
-5.45916
-5.45818
-5.46109
-5.45915
-5.46044
-5.46271
-5.46368
-5.46336
-5.46239
-5.46207
-5.46239
-5.46207
-5.46433
-5.46466
-5.46531
-5.46434
-5.46369
-5.46272
-5.4611
-5.46272
-5.46498
-5.46239
-5.46336
-5.46304
-5.46239
-5.46369
-5.46433
-5.46725
-5.46498
-5.46433
-5.46401
-5.46239
-5.46077
-5.46045
-5.4598
-5.45851
-5.46013
-5.4598
-5.46077
-5.46174
-5.46304
-5.46207
-5.46109
-5.46206
-5.46271
-5.46206
-5.46239
-5.46239
-5.46174
-5.46304
-5.46239
-5.46434
-5.46531
-5.4666
-5.46563
-5.46595
-5.46692
-5.46628
-5.46498
-5.4653
-5.46304
-5.46045
-5.46012
-5.46174
-5.46109
-5.46077
-5.46207
-5.46433
-5.46692
-5.4679
-5.46628
-5.46595
-5.46531
-5.4666
-5.46498
-5.46336
-5.46207
-5.46045
-5.45915
-5.45915
-5.46076
-5.46141
-5.46173
-5.46336
-5.46336
-5.46272
-5.46337
-5.46466
-5.46402
-5.46434
-5.46402
-5.46596
-5.46693
-5.46596
-5.46984
-5.46919
-5.46595
-5.46465
-5.464
-5.46335
-5.464
-5.46368
-5.464
-5.46303
-5.46465
-5.4653
-5.46368
-5.46239
-5.46433
-5.46466
-5.46595
-5.46595
-5.46401
-5.46433
-5.4611
-5.46142
-5.46174
-5.46433
-5.46724
-5.46465
-5.46336
-5.46304
-5.46336
-5.46498
-5.46595
-5.46304
-5.46239
-5.46142
-5.46271
-5.46174
-5.46336
-5.46433
-5.4653
-5.46336
-5.46369
-5.46271
-5.4653
-5.46401
-5.46401
-5.46401
-5.46434
-5.46272
-5.46304
-5.46401
-5.46336
-5.46109
-5.46303
-5.46239
-5.46142
-5.46401
-5.46207
-5.46239
-5.46271
-5.46303
-5.46303
-5.464
-5.46335
-5.46336
-5.46206
-5.46304
-5.46109
-5.46239
-5.45916
-5.4611
-5.4624
-5.46305
-5.46305
-5.4637
-5.46596
-5.46661
-5.46596
-5.46563
-5.46595
-5.46531
-5.46563
-5.46401
-5.46337
-5.46143
-5.46046
-5.46143
-5.4637
-5.46143
-5.46079
-5.45949
-5.46014
-5.4582
-5.45949
-5.45819
-5.45948
-5.46207
-5.46239
-5.46077
-5.46142
-5.46337
-5.46208
-5.45981
-5.46078
-5.46175
-5.46402
-5.46435
-5.46629
-5.46564
-5.46467
-5.46402
-5.46467
-5.46596
-5.46402
-5.46434
-5.4637
-5.46337
-5.46369
-5.46499
-5.46531
-5.46175
-5.4598
-5.46045
-5.46142
-5.45981
-5.46175
-5.4611
-5.46078
-5.46176
-5.46111
-5.5232
-5.52417
-5.52352
-5.52449
-5.52416
-5.52545
-5.52416
-5.52448
-5.52383
-5.52157
-5.52027
-5.52286
-5.52448
-5.52416
-5.52546
-5.52287
-5.52449
-5.52481
-5.52643
-5.52708
-5.52838
-5.52708
-5.52902
-5.52999
-5.52902
-5.53129
-5.53096
-5.53032
-5.52967
-5.5287
-5.52935
-5.52773
-5.52741
-5.52708
-5.52611
-5.52384
-5.52449
-5.52255
-5.52319
-5.52352
-5.52417
-5.52255
-5.52287
-5.52482
-5.52514
-5.52482
-5.52643
-5.52417
-5.52223
-5.52611
-5.52579
-5.52709
-5.52839
-5.53001
-5.52774
-5.52839
-5.52579
-5.52579
-5.52352
-5.52611
-5.52546
-5.52546
-5.52352
-5.5219
-5.52547
-5.5245
-5.5245
-5.52353
-5.52158
-5.5219
-5.52093
-5.52287
-5.52125
-5.52061
-5.51899
-5.51997
-5.52029
-5.52093
-5.5219
-5.5219
-5.52157
-5.52319
-5.5232
-5.52773
-5.52871
-5.52871
-5.52838
-5.52773
-5.52708
-5.52675
-5.52805
-5.5274
-5.52481
-5.52352
-5.52481
-5.52514
-5.52417
-5.52287
-5.52093
-5.5219
-5.52287
-5.52158
-5.5206
-5.52222
-5.52222
-5.52287
-5.52351
-5.52319
-5.52319
-5.52416
-5.52513
-5.5261
-5.52416
-5.52416
-5.52416
-5.52319
-5.52255
-5.52384
-5.52546
-5.52675
-5.52643
-5.52707
-5.52772
-5.52772
-5.5274
-5.52675
-5.52707
-5.52772
-5.52773
-5.52643
-5.52352
-5.52319
-5.52384
-5.52352
-5.52481
-5.52449
-5.52319
-5.51995
-5.52254
-5.52448
-5.52481
-5.52319
-5.52318
-5.5248
-5.52546
-5.52902
-5.5287
-5.52838
-5.52676
-5.52417
-5.52611
-5.5261
-5.52578
-5.52739
-5.52804
-5.52772
-5.52837
-5.52869
-5.52869
-5.52804
-5.52836
-5.52739
-5.52545
-5.5261
-5.52481
-5.52546
-5.52708
-5.52902
-5.5287
-5.53032
-5.53097
-5.52967
-5.52902
-5.52869
-5.52869
-5.52804
-5.5261
-5.52771
-5.52707
-5.5261
-5.52675
-5.52545
-5.52383
-5.52448
-5.5248
-5.52416
-5.52254
-5.52222
-5.52125
-5.52287
-5.52255
-5.52384
-5.52546
-5.52643
-5.52513
-5.52545
-5.52674
-5.52836
-5.52965
-5.52965
-5.52804
-5.52836
-5.52836
-5.52675
-5.52448
-5.52513
-5.52611
-5.52384
-5.52546
-5.5261
-5.52545
-5.52448
-5.52383
-5.52351
-5.52254
-5.52254
-5.52318
-5.52351
-5.52286
-5.52383
-5.52416
-5.52319
-5.52319
-5.52319
-5.52157
-5.52416
-5.52739
-5.52804
-5.52577
-5.52674
-5.52642
-5.52771
-5.52674
-5.52707
-5.52707
-5.5248
-5.52513
-5.52577
-5.52642
-5.52642
-5.52609
-5.52577
-5.52448
-5.52545
-5.5261
-5.52545
-5.52772
-5.52772
-5.5274
-5.52642
-5.52642
-5.52577
-5.52383
-5.5248
-5.52415
-5.52415
-5.52577
-5.52544
-5.52544
-5.52415
-5.52609
-5.52512
-5.52707
-5.52804
-5.52642
-5.52707
-5.5261
-5.52836
-5.52933
-5.52868
-5.52868
-5.52966
-5.53095
-5.5303
-5.52901
-5.52998
-5.52739
-5.52739
-5.52934
-5.52998
-5.52933
-5.52739
-5.52706
-5.52447
-5.52383
-5.52674
-5.5261
-5.52643
-5.52545
-5.5248
-5.52416
-5.5248
-5.52448
-5.52577
-5.52674
-5.52415
-5.52577
-5.52642
-5.5261
-5.52416
-5.52222
-5.52157
-5.52319
-5.52157
-5.52319
-5.52319
-5.52383
-5.52545
-5.5248
-5.52545
-5.52706
-5.52771
-5.52771
-5.52901
-5.52642
-5.5261
-5.52481
-5.52611
-5.52546
-5.52481
-5.52513
-5.52642
-5.52739
-5.52674
-5.52739
-5.52739
-5.52772
-5.52578
-5.52643
-5.52708
-5.5261
-5.52869
-5.5261
-5.5261
-5.52707
-5.52772
-5.5274
-5.52481
-5.52611
-5.52675
-5.52578
-5.52481
-5.52578
-5.52513
-5.52545
-5.52675
-5.52513
-5.52384
-5.52254
-5.52254
-5.52578
-5.52578
-5.52513
-5.52611
-5.5274
-5.52546
-5.52513
-5.52449
-5.52319
-5.5219
-5.52287
-5.52578
-5.52384
-5.52481
-5.52319
-5.52384
-5.52513
-5.52513
-5.52578
-5.52805
-5.52869
-5.52707
-5.52805
-5.52773
-5.5274
-5.52708
-5.52708
-5.52903
-5.52968
-5.53
-5.52773
-5.5287
-5.52805
-5.5274
-5.52772
-5.5274
-5.52902
-5.5261
-5.52449
-5.52481
-5.52676
-5.52773
-5.52806
-5.52676
-5.52676
-5.52741
-5.52643
-5.52773
-5.52805
-5.52772
-5.52805
-5.5287
-5.52805
-5.52644
-5.52579
-5.52676
-5.52838
-5.52741
-5.52741
-5.52741
-5.5274
-5.52675
-5.52578
-5.52578
-5.52513
-5.52707
-5.5274
-5.52448
-5.52416
-5.52384
-5.52546
-5.52579
-5.52546
-5.52611
-5.52481
-5.52254
-5.52222
-5.51963
-5.51995
-5.51866
-5.5164
-5.51672
-5.51898
-5.5219
-5.52417
-5.52514
-5.52384
-5.52449
-5.52352
-5.52287
-5.52352
-5.52449
-5.52579
-5.52482
-5.52514
-5.52288
-5.52158
-5.52288
-5.5232
-5.5232
-5.5219
-5.5219
-5.5232
-5.52191
-5.52385
-5.52482
-5.52482
-5.5245
-5.52191
-5.52417
-5.52579
-5.52449
-5.52449
-5.52514
-5.52352
-5.52514
-5.52708
-5.52773
-5.52547
-5.5245
-5.52579
-5.52774
-5.52903
-5.52774
-5.52806
-5.52871
-5.53033
-5.52838
-5.52968
-5.5287
-5.52902
-5.52838
-5.52903
-5.52806
-5.52677
-5.52677
-5.52677
-5.5258
-5.52547
-5.52579
-5.52482
-5.52417
-5.52482
-5.52579
-5.52806
-5.52644
-5.52838
-5.52741
-5.52805
-5.52805
-5.52676
-5.5287
-5.52611
-5.52223
-5.52353
-5.52612
-5.52677
-5.52579
-5.52579
-5.52676
-5.52773
-5.52773
-5.52773
-5.52838
-5.52741
-5.52644
-5.52482
-5.52352
-5.52158
-5.52287
-5.5219
-5.52287
-5.5232
-5.52449
-5.52417
-5.52223
-5.52158
-5.52158
-5.52287
-5.52255
-5.52384
-5.52093
-5.52158
-5.52547
-5.52482
-5.52482
-5.52482
-5.52385
-5.52773
-5.52644
-5.52709
-5.52547
-5.52676
-5.52773
-5.52741
-5.53
-5.5313
-5.53065
-5.52936
-5.52968
-5.52774
-5.52806
-5.52741
-5.52838
-5.52741
-5.52741
-5.52677
-5.52579
-5.52515
-5.52482
-5.52482
-5.5245
-5.52611
-5.52644
-5.52611
-5.52676
-5.52903
-5.52774
-5.52936
-5.53033
-5.52806
-5.52677
-5.52709
-5.52774
-5.52741
-5.52806
-5.52838
-5.52708
-5.52417
-5.52546
-5.5274
-5.52935
-5.52611
-5.52676
-5.52741
-5.52644
-5.52741
-5.52936
-5.53032
-5.52968
-5.53032
-5.53032
-5.52708
-5.52578
-5.52675
-5.52805
-5.52675
-5.52643
-5.52514
-5.52384
-5.52352
-5.52546
-5.52643
-5.52643
-5.52384
-5.5219
-5.52222
-5.52157
-5.52286
-5.52189
-5.52125
-5.52028
-5.52061
-5.52222
-5.52417
-5.52514
-5.52514
-5.52676
-5.52805
-5.52643
-5.52546
-5.52643
-5.5274
-5.52416
-5.52319
-5.52384
-5.5232
-5.52287
-5.52125
-5.5219
-5.52384
-5.52611
-5.52449
-5.52448
-5.52805
-5.52837
-5.5274
-5.52546
-5.52481
-5.52546
-5.52514
-5.52417
-5.52352
-5.52352
-5.52352
-5.52254
-5.52287
-5.52319
-5.52255
-5.52222
-5.52579
-5.52579
-5.52449
-5.52676
-5.52643
-5.52805
-5.52902
-5.52805
-5.52708
-5.5287
-5.52708
-5.52643
-5.52805
-5.52805
-5.5261
-5.52384
-5.52028
-5.52254
-5.52157
-5.52287
-5.5219
-5.52287
-5.52287
-5.52643
-5.52643
-5.52578
-5.52675
-5.52708
-5.52546
-5.52417
-5.52546
-5.52547
-5.52514
-5.52417
-5.52449
-5.52579
-5.52417
-5.52773
-5.52837
-5.52837
-5.5274
-5.52934
-5.52999
-5.52934
-5.53032
-5.52837
-5.53129
-5.53097
-5.53
-5.5287
-5.5287
-5.52676
-5.52612
-5.52579
-5.52514
-5.5245
-5.52579
-5.52805
-5.52578
-5.52676
-5.52708
-5.52773
-5.52643
-5.52546
-5.52514
-5.52449
-5.52482
-5.52417
-5.52255
-5.52352
-5.52482
-5.52579
-5.52676
-5.52676
-5.52676
-5.52611
-5.52675
-5.52837
-5.5274
-5.52611
-5.52546
-5.52579
-5.52384
-5.52482
-5.52708
-5.52547
-5.52676
-5.52578
-5.52643
-5.52611
-5.52481
-5.52449
-5.52416
-5.52481
-5.52643
-5.52546
-5.52675
-5.5274
-5.52676
-5.5274
-5.52773
-5.52838
-5.52676
-5.52676
-5.52838
-5.52838
-5.52806
-5.5287
-5.52805
-5.52676
-5.52643
-5.52805
-5.52773
-5.52773
-5.52546
-5.52611
-5.52579
-5.52482
-5.52514
-5.52546
-5.52708
-5.52546
-5.52287
-5.52384
-5.52514
-5.52741
-5.52805
-5.52741
-5.52546
-5.52546
-5.52546
-5.52482
-5.52449
-5.52223
-5.52223
-5.52579
-5.52449
-5.52319
-5.52352
-5.52384
-5.52513
-5.52611
-5.52675
-5.52869
-5.52999
-5.52999
-5.52902
-5.52805
-5.5287
-5.52676
-5.52611
-5.52385
-5.52223
-5.52255
-5.52061
-5.52222
-5.52255
-5.52546
-5.52352
-5.52449
-5.52514
-5.52547
-5.52741
-5.52741
-5.52967
-5.5287
-5.52935
-5.52902
-5.52837
-5.52675
-5.52578
-5.52513
-5.52513
-5.52902
-5.52773
-5.5287
-5.53033
-5.52774
-5.52838
-5.52774
-5.52838
-5.52903
-5.5287
-5.52805
-5.52676
-5.52676
-5.52611
-5.52579
-5.52741
-5.52709
-5.52644
-5.52677
-5.52644
-5.52514
-5.52482
-5.52611
-5.52546
-5.52579
-5.52417
-5.52449
-5.52417
-5.52255
-5.52125
-5.52126
-5.52029
-5.52126
-5.52256
-5.52385
-5.52385
-5.52385
-5.52384
-5.52514
-5.5261
-5.52675
-5.52643
-5.52578
-5.5261
-5.52546
-5.52449
-5.52352
-5.52288
-5.52126
-5.52061
-5.52222
-5.52287
-5.52352
-5.52384
-5.52384
-5.52513
-5.52578
-5.52642
-5.52545
-5.52545
-5.52481
-5.52578
-5.5261
-5.52611
-5.52578
-5.52708
-5.52481
-5.52417
-5.52416
-5.52028
-5.51963
-5.5193
-5.51898
-5.51865
-5.52156
-5.5248
-5.52319
-5.52319
-5.52546
-5.52675
-5.52449
-5.52384
-5.52384
-5.52352
-5.52351
-5.52416
-5.52416
-5.52642
-5.52837
-5.53096
-5.52934
-5.52837
-5.52805
-5.52966
-5.52837
-5.52805
-5.52805
-5.52902
-5.52902
-5.52869
-5.52837
-5.52643
-5.52449
-5.52449
-5.52643
-5.52643
-5.52611
-5.52319
-5.52157
-5.52222
-5.52222
-5.52351
-5.52416
-5.52254
-5.52286
-5.52415
-5.52416
-5.52707
-5.52352
-5.5232
-5.52222
-5.52093
-5.52222
-5.52125
-5.5219
-5.52449
-5.52448
-5.52416
-5.52351
-5.52448
-5.5248
-5.52382
-5.52285
-5.52286
-5.52253
-5.52254
-5.52319
-5.52578
-5.52611
-5.52578
-5.52578
-5.52837
-5.52837
-5.52578
-5.5248
-5.52448
-5.52254
-5.52221
-5.5248
-5.52578
-5.52675
-5.52513
-5.52449
-5.52449
-5.52643
-5.52481
-5.52351
-5.52189
-5.52189
-5.52254
-5.52448
-5.52707
-5.52577
-5.5261
-5.5274
-5.52772
-5.52772
-5.52707
-5.5274
-5.5274
-5.52999
-5.5316
-5.52901
-5.52934
-5.52545
-5.52383
-5.52286
