3.19562
3.37615
3.70793
4.13064
4.62545
5.17361
5.74748
6.30786
6.81752
7.24636
7.56662
7.76425
7.84152
7.809
7.68921
7.51465
7.31349
7.10949
6.92763
6.77761
6.67001
6.60472
6.58388
6.60224
6.64891
6.7105
6.77846
6.8393
6.89089
6.91621
6.9102
6.86187
6.7783
6.65682
6.50696
6.33386
6.15413
5.98267
5.82253
5.68767
5.59133
5.53644
5.51533
5.53263
5.5767
5.65221
5.73884
5.8402
5.94102
6.03695
6.12623
6.19902
6.26312
6.30675
6.34235
6.36879
6.38111
6.38389
6.37819
6.35487
6.32745
6.28291
6.23403
6.18244
6.13158
6.08455
6.04415
6.01759
5.99534
5.9853
5.98429
5.9897
6.00099
6.02331
6.04697
6.06933
6.09257
6.11678
6.14002
6.15893
6.17805
6.19023
6.1961
6.19529
6.18926
6.17765
6.16489
6.15384
6.14604
6.14522
6.16127
6.1946
6.23901
6.29568
6.35947
6.41676
6.47495
6.52064
6.54949
6.56254
6.55896
6.54263
6.51375
6.48789
6.45799
6.43489
6.42079
6.42156
6.43274
6.45989
6.48739
6.51685
6.54437
6.56219
6.5597
6.53509
6.48423
6.40869
6.31001
6.19264
6.07375
5.95765
5.84694
5.75265
5.68016
5.63614
5.60728
5.61224
5.64739
5.70325
5.77439
5.85563
5.94374
6.02532
6.10481
6.16775
6.2049
6.2237
6.22592
6.21746
6.19359
6.16744
6.15257
6.15324
6.16159
6.18357
6.21231
6.2468
6.28645
6.3311
6.37807
6.4208
6.4617
6.49482
6.51032
6.51648
6.50028
6.47427
6.43187
6.37639
6.31429
6.24919
6.19475
6.14683
6.12364
6.1197
6.13532
6.16463
6.2034
6.24892
6.29137
6.3346
6.36437
6.38492
6.40116
6.40941
6.39678
6.3747
6.32967
6.27345
6.20393
6.12794
6.04637
5.97371
5.92071
5.87279
5.84142
5.83122
5.84313
5.87154
5.91978
5.9769
6.04697
6.11636
6.18229
6.23813
6.28546
6.31
6.3223
6.31603
6.29866
6.27384
6.24196
6.21065
6.18116
6.15368
6.13589
6.1303
6.1281
6.12699
6.13201
6.14261
6.15524
6.17809
6.19517
6.22288
6.24829
6.27278
6.30424
6.33131
6.35056
6.36867
6.38415
6.39715
6.40728
6.40851
6.40535
6.39396
6.38688
6.36815
6.33888
6.30531
6.27447
6.24987
6.22865
6.21715
6.2191
6.2302
6.25506
6.28297
6.31464
6.34548
6.37094
6.39178
6.41125
6.43102
6.44438
6.45553
6.45766
6.45702
6.45642
6.44561
6.43064
6.40689
6.38556
6.36147
6.33458
6.30621
6.27077
6.23819
6.2018
6.16456
6.11778
6.07191
6.02667
5.97482
5.9314
5.88521
5.84062
5.80673
5.77211
5.7581
5.74846
5.76401
5.79434
5.8297
5.87688
5.92915
5.9947
6.05628
6.12322
6.18912
6.25781
6.31507
6.3724
6.4116
6.43809
6.44567
6.43347
6.41064
6.3732
6.33672
6.30279
6.28038
6.27395
6.27882
6.3046
6.34054
6.37811
6.41349
6.44009
6.45077
6.43061
6.39076
6.32453
6.24152
6.14486
6.05487
5.97136
5.90521
5.85735
5.83386
5.83464
5.86333
5.91482
5.98798
6.08429
6.18955
6.29324
6.39603
6.47617
6.53785
6.57971
6.59225
6.57405
6.53455
6.47841
6.40382
6.33005
6.25417
6.18833
6.12451
6.07708
6.04627
6.02914
6.03014
6.043
6.06969
6.09495
6.12698
6.15614
6.17791
6.18928
6.20005
6.20161
6.19224
6.18314
6.16883
6.14754
6.12135
6.09983
6.07745
6.0574
6.04997
6.04497
6.05391
6.06816
6.08769
6.11715
6.15736
6.20037
6.25165
6.30623
6.35799
6.41291
6.46505
6.51347
6.5398
6.55508
6.54485
6.51258
6.46661
6.41117
6.34689
6.2793
6.21702
6.15042
6.09961
6.0594
6.02882
6.02029
6.0214
6.04217
6.07052
6.10742
6.15419
6.19855
6.23953
6.27529
6.29352
6.29981
6.28727
6.2602
6.2273
6.19343
6.15143
6.11838
6.09278
6.07262
6.06577
6.06217
6.06416
6.07288
6.08432
6.09434
6.10952
6.12298
6.14242
6.16226
6.19007
6.22677
6.27237
6.31146
6.35213
6.38478
6.40374
6.39305
6.36056
6.30155
6.22302
6.14418
6.06833
5.996
5.94535
5.90683
5.88716
5.88603
5.90637
5.94135
5.99094
6.05148
6.11701
6.1879
6.26492
6.3407
6.4102
6.47834
6.53413
6.57425
6.58535
6.57391
6.53681
6.48461
6.41391
6.33779
6.2583
6.19032
6.14054
6.10996
6.09563
6.10419
6.13277
6.167
6.19884
6.22699
6.24162
6.24825
6.24745
6.23259
6.21158
6.17774
6.14127
6.11465
6.09257
6.08656
6.10558
6.14947
6.21021
6.27869
6.35637
6.42406
6.47601
6.51017
6.51484
6.49776
6.45804
6.40368
6.34371
6.27248
6.20688
6.13987
6.08466
6.04326
6.01045
5.98937
5.9833
5.98621
5.98986
5.99753
6.00595
6.02003
6.0296
6.03707
6.04469
6.04476
6.05194
6.06105
6.07019
6.08464
6.1091
6.13033
6.14962
6.17219
6.1895
6.20462
6.21773
6.22932
6.23234
6.22639
6.21894
6.20869
6.20076
6.203
6.21217
6.23092
6.2644
6.29535
6.3357
6.38141
6.42799
6.47331
6.51052
6.54535
6.5669
6.57655
6.57139
6.54658
6.51287
6.47079
6.42487
6.37825
6.33637
6.30888
6.28532
6.26673
6.25511
6.2479
6.24709
6.24775
6.24238
6.23381
6.2328
6.23205
6.23316
6.23986
6.24751
6.25249
6.25517
6.26204
6.26653
6.2624
6.25464
6.23808
6.21716
6.18819
6.15561
6.1206
6.09115
6.06862
6.04574
6.0295
6.01298
5.99371
5.971
5.95215
5.93643
5.92699
5.93176
5.94094
5.96917
6.00464
6.05464
6.10291
6.15261
6.18964
6.20883
6.22249
6.21489
6.19654
6.17793
6.15823
6.15652
6.16041
6.1788
6.21033
6.25209
6.29701
6.34275
6.38277
6.4148
6.43682
6.44316
6.43069
6.40979
6.385
6.35327
6.31754
6.28682
6.26067
6.24036
6.2192
6.20329
6.18855
6.17325
6.16406
6.15224
6.1416
6.13254
6.12885
6.12735
6.13272
6.14243
6.15605
6.17279
6.19258
6.21293
6.2378
6.2617
6.28217
6.29569
6.3012
6.29634
6.2837
6.26148
6.23261
6.19698
6.16098
6.13287
6.10648
6.08457
6.06605
6.0603
6.06331
6.07525
6.10073
6.13119
6.16835
6.20428
6.24047
6.26663
6.28438
6.29442
6.2992
6.30301
6.29999
6.29697
6.29276
6.27977
6.2595
6.23703
6.20311
6.16733
6.12846
6.09362
6.06173
6.03635
6.01088
5.99353
5.97901
5.97768
5.97941
6.00031
6.02887
6.07371
6.12787
6.19316
6.2685
6.34981
6.43292
6.5094
6.56871
6.61086
6.63194
6.63249
6.62074
6.59181
6.55821
6.52594
6.49444
6.46514
6.4414
6.42113
6.40711
6.39953
6.40474
6.40593
6.41569
6.42081
6.4159
6.39703
6.36283
6.31239
6.24526
6.16453
6.07476
5.98036
5.89267
5.81323
5.74196
5.69557
5.66377
5.64967
5.66351
5.69715
5.75547
5.82989
5.92209
6.01791
6.12496
6.21964
6.30324
6.36282
6.40267
6.41089
6.3967
6.35631
6.30609
6.24515
6.18511
6.13457
6.094
6.07401
6.07213
6.08822
6.12133
6.1634
6.21145
6.25486
6.29604
6.33092
6.35328
6.35999
6.35249
6.32886
6.29685
6.26044
6.22742
6.20781
6.19232
6.18995
6.20173
6.21398
6.23194
6.24209
6.25442
6.26171
6.26583
6.27257
6.28273
6.2928
6.30247
6.31068
6.31799
6.31337
6.29788
6.27472
6.24304
6.20678
6.17307
6.14619
6.13147
6.13509
6.14951
6.17671
6.22021
6.26333
6.30983
6.34797
6.37515
6.38737
6.39007
6.38083
6.35958
6.32569
6.27491
6.21894
6.159
6.09151
6.03143
5.97542
5.94044
5.91653
5.9167
5.93803
5.97745
6.03119
6.09696
6.16218
6.23401
6.29532
6.34446
6.37366
6.38057
6.37558
6.35201
6.32692
6.29369
6.26459
6.2494
6.24382
6.25787
6.27914
6.30924
6.34777
6.3776
6.40533
6.42095
6.42084
6.40071
6.36648
6.31598
6.26055
6.1985
6.13575
6.07326
6.01981
5.97544
5.94733
5.9377
5.93961
5.95685
5.98652
6.02038
6.0666
6.10954
6.14878
6.19634
6.23877
6.28586
6.33165
6.37687
6.4246
6.46582
6.49975
6.51609
6.51761
6.50429
6.4819
6.44134
6.38869
6.33318
6.27514
6.21121
6.1554
6.10402
6.05185
6.00015
5.95928
5.92385
5.90636
5.89873
5.90869
5.93971
5.99047
6.04992
6.11554
6.18479
6.24996
6.30987
6.35856
6.39641
6.42523
6.4418
6.44758
6.44114
6.42573
6.39947
6.37027
6.33602
6.30202
6.27305
6.24916
6.23459
6.22989
6.23299
6.23934
6.24812
6.2566
6.24976
6.23144
6.19676
6.15368
6.09983
6.04222
5.98404
5.93365
5.89309
5.86244
5.84623
5.84282
5.85021
5.86982
5.90334
5.94986
6.00257
6.06364
6.12817
6.19176
6.2493
6.30729
6.36089
6.40702
6.45026
6.49092
6.52166
6.55558
6.58668
6.60501
6.61594
6.61867
6.6163
6.59781
6.5682
6.53158
6.48536
6.43362
6.3766
6.3073
6.2396
6.17988
6.12117
6.07221
6.0304
5.99794
5.97071
5.95394
5.94482
5.94311
5.95223
5.96618
5.97766
5.98724
5.9824
5.9708
5.94603
5.91952
5.88677
5.86468
5.85169
5.85778
5.8794
5.92126
5.97065
6.02947
6.09269
6.14677
6.19324
6.22906
6.25035
6.26684
6.28191
6.29971
6.32158
6.35252
6.38014
6.40985
6.43607
6.4441
6.44015
6.42663
6.3945
6.3553
6.31227
6.26734
6.23537
6.19904
6.17969
6.15932
6.14957
6.14816
6.15348
6.16488
6.18362
6.20836
6.23468
6.26118
6.28943
6.31068
6.31839
6.3238
6.31947
6.30541
6.29465
6.27755
6.2682
6.25606
6.24022
6.22427
6.2026
6.18106
6.15423
6.13324
6.11287
6.09944
6.08938
6.08835
6.09025
6.0956
6.11158
6.12308
6.13566
6.13886
6.13499
6.1265
6.1132
6.09003
6.06637
6.03977
6.02449
6.01903
6.02287
6.03939
6.06541
6.11322
6.16973
6.23764
6.30896
6.38239
6.45056
6.50666
6.53696
6.5427
6.52312
6.4748
6.41654
6.3472
6.28438
6.23072
6.18668
6.15963
6.15325
6.16209
6.1798
6.206
6.22891
6.24709
6.26149
6.26792
6.26678
6.25667
6.24395
6.21803
6.19018
6.16219
6.13113
6.10364
6.08367
6.06255
6.05151
6.04463
6.04776
6.05731
6.0819
6.10471
6.12439
6.1476
6.17687
6.19764
6.21368
6.22222
6.2266
6.22537
6.22026
6.21424
6.20054
6.192
6.17785
6.16902
6.16453
6.16884
6.18468
6.20452
6.22761
6.25205
6.27731
6.30137
6.31894
6.32762
6.3335
6.33716
6.34385
6.34142
6.33639
6.32464
6.30716
6.28832
6.26536
6.23956
6.21313
6.18047
6.14984
6.12556
6.10182
6.08266
6.06385
6.05407
6.04878
6.04817
6.05691
6.07387
6.09075
6.11551
6.14252
6.165
6.18987
6.21163
6.23063
6.2476
6.25178
6.2529
6.25506
6.25565
6.25831
6.25825
6.25531
6.25172
6.24426
6.23255
6.21951
6.19844
6.17497
6.148
6.12228
6.10187
6.08205
6.0701
6.07218
6.09044
6.12742
6.17065
6.2307
6.29225
6.34416
6.38903
6.42408
6.43975
6.4424
6.42966
6.40101
6.35917
6.3152
6.27005
6.22466
6.18366
6.14831
6.12626
6.11829
6.1204
6.13739
6.16778
6.20731
6.25308
6.29457
6.32709
6.34428
6.3352
6.31578
6.2753
6.22275
6.15677
6.09017
6.02601
5.966
5.92304
5.89285
5.88841
5.89532
5.92737
5.96987
6.02783
6.09385
6.16216
6.23151
6.29757
6.35388
6.39727
6.42217
6.42979
6.42065
6.39569
6.34699
6.28275
6.21246
6.14016
6.07418
6.01766
5.98208
5.96264
5.9752
6.00578
6.05182
6.11224
6.17826
6.25158
6.32323
6.38147
6.42621
6.45718
6.4671
6.458
6.43615
6.38952
6.34023
6.29219
6.24086
6.20223
6.17516
6.14837
6.12945
6.11452
6.10718
6.10265
6.10117
6.10657
6.11241
6.12904
6.15056
6.18106
6.21157
6.24289
6.26822
6.27814
6.27241
6.24844
6.19603
6.13299
6.05546
5.97543
5.90265
5.83863
5.79418
5.77413
5.78061
5.81574
5.8765
5.95968
6.05711
6.16043
6.27466
6.37421
6.4569
6.51686
6.56088
6.58109
6.57446
6.55098
6.50914
6.4543
6.38715
6.32143
6.25099
6.18385
6.13274
6.09238
6.07058
6.06427
6.06535
6.08206
6.10698
6.14259
6.18767
6.22903
6.27061
6.30077
6.31977
6.3217
6.3072
6.27234
6.22651
6.17334
6.12003
6.06752
6.02427
5.99271
5.98256
5.98985
6.0168
6.05945
6.11607
6.17104
6.22505
6.27292
6.31166
6.34082
6.35953
6.3658
6.3556
6.3341
6.30294
6.26247
6.21891
6.17092
6.13328
6.105
6.09029
6.09146
6.10219
6.12061
6.1494
6.18109
6.21447
6.24542
6.27584
6.30496
6.33078
6.35057
6.36736
6.37767
6.37128
6.34514
6.2995
6.23636
6.15662
6.06856
5.98428
5.9145
5.85785
5.82502
5.82493
5.84219
5.88404
5.93613
5.99739
6.06477
6.12492
6.17295
6.21398
6.23574
6.2537
6.258
6.26045
6.25591
6.25708
6.25654
6.26355
6.27735
6.29254
6.30552
6.31782
6.32646
6.32884
6.33247
6.32399
6.30615
6.27948
6.24881
6.22016
6.19146
6.16415
6.14034
6.12178
6.11051
6.10604
6.11143
6.11846
6.13005
6.14775
6.16636
6.18491
6.20079
6.21714
6.22754
6.23431
6.24261
6.24933
6.25944
6.27361
6.28979
6.29631
6.30593
6.30855
6.30654
6.29206
6.26798
6.24087
6.20677
6.16828
6.13952
6.1137
6.09911
6.09138
6.09804
6.11118
6.13265
6.15842
6.18384
6.21123
6.23709
6.2624
6.28247
6.29567
6.30212
6.29973
6.28973
6.26471
6.23014
6.18428
6.13523
6.08714
6.04507
6.00446
5.97359
5.95412
5.95348
5.97433
6.0021
6.05037
6.10293
6.1547
6.20625
6.23937
6.27163
6.28919
6.29757
6.30401
6.30209
6.29418
6.28297
6.26613
6.24612
6.22403
6.19747
6.17285
6.14808
6.12688
6.10639
6.09572
6.09608
6.10402
6.12449
6.14983
6.18039
6.21373
6.24225
6.26505
6.27922
6.28106
6.26792
6.24676
6.21826
6.19116
6.16871
6.15127
6.13984
6.14217
6.14945
6.16776
6.18907
6.21155
6.22975
6.24566
6.25766
6.26624
6.27923
6.28734
6.29983
6.32043
6.34537
6.37384
6.39384
6.4101
6.41396
6.40304
6.38217
6.34421
6.29542
6.23704
6.17723
6.12585
6.07603
6.04274
6.02295
6.01807
6.02571
6.0478
6.08015
6.11327
6.14164
6.16716
6.1825
6.18887
6.17746
6.16112
6.13529
6.10642
6.08123
6.06345
6.04973
6.04439
6.03647
6.04501
6.05065
6.06674
6.07978
6.09004
6.09229
6.09991
6.11102
6.12022
6.12405
6.55629
6.65333
6.85219
7.14912
7.48775
7.77739
7.9212
7.88966
7.73508
7.53892
7.36084
7.23735
7.20007
7.27342
7.4629
7.72298
7.98839
8.19107
8.29982
8.31257
8.2599
8.19131
8.14019
8.12414
8.15201
8.2101
8.29026
8.36884
8.43982
8.48223
8.50741
8.5167
8.50394
8.48366
8.4533
8.40807
8.36317
8.3129
8.25543
8.19007
8.12099
8.05148
7.97926
7.91336
7.86033
7.82901
7.82278
7.8396
7.885
7.95014
8.02279
8.09203
8.14538
8.17565
8.18993
8.18159
8.16913
8.156
8.14633
8.13624
8.11916
8.08742
8.03963
7.96541
7.88188
7.78926
7.70577
7.62924
7.57389
7.54794
7.55194
7.57878
7.63128
7.7002
7.77335
7.83218
7.86973
7.87771
7.8606
7.81849
7.75877
7.68979
7.62201
7.56559
7.52937
7.51423
7.51419
7.52596
7.55188
7.59439
7.645
7.71241
7.79129
7.88324
7.98497
8.08402
8.18364
8.27275
8.34327
8.39528
8.4284
8.44117
8.42892
8.39991
8.34477
8.27455
8.18813
8.10113
8.02122
7.96076
7.91924
7.88936
7.87975
7.88578
7.88736
7.88216
7.85425
7.808
7.75538
7.70697
7.67241
7.67463
7.71208
7.78092
7.87921
7.98839
8.08911
8.17045
8.22815
8.25323
8.25364
8.2317
8.19031
8.13252
8.07502
8.0246
7.97991
7.94614
7.92043
7.89949
7.87401
7.85239
7.82472
7.81026
7.80417
7.81661
7.84525
7.88945
7.94523
8.00162
8.03861
8.0548
8.03558
7.98594
7.90808
7.82044
7.73529
7.66449
7.6094
7.58975
7.6036
7.64534
7.71289
7.79722
7.88532
7.96426
8.03862
8.09826
8.14016
8.16473
8.17291
8.16146
8.14464
8.11596
8.081
8.04648
8.00904
7.96946
7.91833
7.86618
7.80741
7.7562
7.70612
7.68115
7.66572
7.6714
7.68783
7.71907
7.75351
7.79117
7.83614
7.88442
7.93448
7.98948
8.04945
8.10787
8.16117
8.21301
8.25314
8.2675
8.25621
8.21044
8.14118
8.05359
7.95872
7.87438
7.81654
7.78276
7.77834
7.80745
7.86046
7.9324
8.01101
8.08944
8.15423
8.20372
8.23333
8.23459
8.22082
8.18474
8.13951
8.09061
8.04459
8.00762
7.97096
7.93973
7.90794
7.87682
7.84181
7.80245
7.75914
7.7162
7.68563
7.66598
7.66314
7.68168
7.71014
7.75313
7.80535
7.87097
7.94993
8.03742
8.13033
8.21434
8.28351
8.3349
8.35128
8.32676
8.2706
8.18504
8.08449
7.98372
7.88827
7.81444
7.7622
7.73678
7.73788
7.764
7.81696
7.88404
7.96609
8.04877
8.12165
8.18323
8.2223
8.24068
8.23072
8.19711
8.14979
8.09329
8.03586
7.99214
7.95809
7.94684
7.9458
7.95955
7.98479
8.00938
8.02726
8.04387
8.03986
8.01631
7.98721
7.9467
7.89187
7.82813
7.76181
7.70365
7.65837
7.62681
7.61392
7.6206
7.65312
7.71302
7.79541
7.89942
8.01696
8.12815
8.23088
8.30568
8.33877
8.32862
8.28332
8.21007
8.11683
8.01691
7.93055
7.85483
7.79917
7.76773
7.75974
7.773
7.79761
7.83111
7.87372
7.92098
7.9734
8.02182
8.06417
8.09844
8.11779
8.1162
8.09436
8.04263
7.96714
7.87513
7.77936
7.68661
7.60858
7.5624
7.53757
7.54243
7.57478
7.62616
7.69559
7.77873
7.87062
7.96534
8.05417
8.12944
8.19051
8.23058
8.25236
8.26569
8.26015
8.24842
8.23425
8.22787
8.21682
8.20799
8.20078
8.18382
8.16101
8.12939
8.09329
8.06108
8.03071
8.00332
7.98043
7.95823
7.92799
7.88716
7.83782
7.7845
7.72418
7.67553
7.6341
7.6116
7.61066
7.63618
7.68095
7.73409
7.798
7.85414
7.90473
7.94421
7.97546
7.98697
7.9861
7.97177
7.95159
7.92561
7.90212
7.88099
7.85987
7.83825
7.82018
7.80561
7.80236
7.80983
7.83038
7.86519
7.89648
7.93051
7.96271
7.99196
8.00952
8.02034
8.02365
8.02778
8.02159
8.02695
8.04223
8.06749
8.10984
8.15956
8.21887
8.27306
8.31395
8.33239
8.32142
8.27958
8.21035
8.12162
8.02441
7.92663
7.83736
7.76074
7.70691
7.67969
7.67988
7.70422
7.74237
7.79842
7.85678
7.91503
7.96051
7.9846
7.98767
7.97245
7.96009
7.94573
7.94357
7.9544
7.97818
8.00653
8.03585
8.05429
8.0623
8.06294
8.05831
8.04758
8.04032
8.02801
8.02488
8.01943
8.01568
8.00655
7.99375
7.98672
7.98239
7.97649
7.9738
7.96788
7.96267
7.95519
7.9465
7.93407
7.91907
7.90928
7.90762
7.91158
7.92428
7.94549
7.97375
8.01232
8.04517
8.06859
8.06828
8.05013
8.01281
7.97008
7.93142
7.90139
7.88084
7.87414
7.87046
7.87297
7.88053
7.88462
7.88485
7.88613
7.87976
7.8677
7.8512
7.83205
7.80962
7.78926
7.7673
7.75129
7.72464
7.70095
7.67904
7.6679
7.6622
7.66959
7.69199
7.72294
7.76324
7.81203
7.85366
7.8889
7.91714
7.93359
7.94433
7.95056
7.95804
7.9709
7.9918
8.02693
8.07029
8.1148
8.16509
8.21697
8.264
8.29822
8.32039
8.32674
8.31306
8.28178
8.24344
8.20051
8.15614
8.11595
8.08813
8.06277
8.04545
8.0275
8.0152
8.00633
7.99967
8.00364
8.00134
8.00262
8.00534
8.0088
7.99986
7.98532
7.9638
7.94544
7.92778
7.91989
7.91093
7.91146
7.91757
7.93345
7.95061
7.98249
8.01219
8.03637
8.05854
8.06705
8.05959
8.03299
7.98958
7.9184
7.83703
7.74687
7.65963
7.57753
7.51363
7.47129
7.45925
7.48174
7.53177
7.60618
7.69351
7.79058
7.87856
7.93809
7.97898
7.99411
7.98313
7.9576
7.92013
7.88737
7.8713
7.87398
7.885
7.90668
7.94249
7.98202
8.02083
8.05677
8.09364
8.12379
8.14916
8.17338
8.196
8.22166
8.24451
8.27199
8.2925
8.30636
8.30408
8.29092
8.2612
8.21769
8.16204
8.10353
8.0355
7.97071
7.90062
7.83664
7.7774
7.72407
7.68727
7.66944
7.66854
7.68764
7.71834
7.75425
7.79441
7.82269
7.84514
7.85686
7.85988
7.85943
7.86156
7.86352
7.86019
7.86976
7.87499
7.87427
7.8683
7.84948
7.82496
7.79554
7.76713
7.75121
7.75711
7.78347
7.83353
7.9096
7.99704
8.09058
8.18089
8.25813
8.31327
8.34618
8.3467
8.31503
8.26454
8.20729
8.15274
8.10461
8.07562
8.05783
8.04093
8.0229
7.99213
7.95255
7.91092
7.87828
7.85251
7.83368
7.82208
7.81193
7.79454
7.76451
7.72621
7.6794
7.64227
7.60612
7.59138
7.58893
7.60637
7.63583
7.67847
7.72687
7.78494
7.84348
7.90674
7.97194
8.03676
8.10717
8.17897
8.24795
8.31401
8.377
8.43309
8.47184
8.48923
8.48437
8.45136
8.39715
8.32146
8.22986
8.13133
8.02982
7.94014
7.85196
7.77055
7.7055
7.64971
7.60205
7.57591
7.56532
7.56709
7.58545
7.61234
7.64443
7.67977
7.71904
7.74938
7.75871
7.75673
7.74255
7.71618
7.69842
7.69121
7.69999
7.73314
7.77862
7.84689
7.93049
8.0231
8.10625
8.18857
8.26083
8.31454
8.35345
8.37678
8.38648
8.3741
8.35677
8.32165
8.27563
8.21492
8.15821
8.10146
8.05427
8.01355
7.97027
7.93704
7.89699
7.86063
7.81965
7.78855
7.76862
7.76516
7.76817
7.78535
7.80184
7.81886
7.8382
7.85516
7.87213
7.89094
7.91201
7.9299
7.94234
7.94847
7.93891
7.91859
7.8879
7.8528
7.81556
7.78835
7.77142
7.77186
7.78442
7.82306
7.88658
7.96442
8.06117
8.15694
8.24988
8.32302
8.36066
8.36151
8.31394
8.22934
8.11145
7.98417
7.85087
7.72832
7.6193
7.52652
7.44879
7.39494
7.36173
7.35518
7.37116
7.42572
7.51956
7.64932
7.80633
7.98354
8.15511
8.30194
8.40114
8.45208
8.43918
8.37431
8.26886
8.14111
8.01415
7.89517
7.78587
7.69292
7.62666
7.58708
7.58394
7.60599
7.65623
7.72793
7.81259
7.89615
7.98078
8.06027
8.13229
8.19326
8.24311
8.26956
8.2583
8.21883
8.15227
8.05939
7.95242
7.85372
7.76623
7.68464
7.62188
7.56897
7.5298
7.50108
7.48322
7.4757
7.48192
7.50523
7.55237
7.61926
7.69762
7.7824
7.87325
7.95402
8.01584
8.04638
8.05396
8.03433
7.98585
7.92722
7.87231
7.8218
7.79275
7.78304
7.79067
7.8154
7.85068
7.89665
7.93764
7.98472
8.02244
8.05462
8.07048
8.07213
8.06021
8.04237
8.02146
7.99335
7.97211
7.95859
7.95777
7.96222
7.97351
7.99821
8.01751
8.04322
8.06051
8.07672
8.08688
8.08632
8.08336
8.07768
8.07746
8.07424
8.06873
8.05429
8.03328
8.00229
7.96858
7.92967
7.8911
7.85965
7.83427
7.81365
7.80554
7.80802
7.81969
7.83343
7.84813
7.85995
7.86886
7.86927
7.85797
7.83907
7.82228
7.81431
7.82219
7.83772
7.85768
7.87666
7.88805
7.8832
7.85908
7.81795
7.77169
7.71732
7.66246
7.61341
7.58304
7.56326
7.56648
7.58725
7.62908
7.67678
7.73257
7.79543
7.86009
7.92964
8.00713
8.08818
8.17264
8.24928
8.31499
8.3616
8.38968
8.38725
8.3672
8.33229
8.27596
8.20577
8.12273
8.02098
7.91382
7.8128
7.72445
7.64896
7.59899
7.56956
7.56266
7.58906
7.63685
7.7017
7.78612
7.87747
7.96949
8.05389
8.12152
8.16154
8.17605
8.15695
8.11092
8.04259
7.95534
7.85629
7.7573
7.67497
7.61352
7.57781
7.57015
7.60284
7.66932
7.76238
7.88154
8.01301
8.15344
8.28527
8.40542
8.50914
8.58407
8.62697
8.64078
8.61253
8.54339
8.4384
8.30778
8.15942
7.995
7.83677
7.69832
7.57896
7.48468
7.43442
7.41232
7.42268
7.458
7.5183
7.60221
7.69516
7.78823
7.877
7.9575
8.02313
8.07016
8.10223
8.11953
8.1178
8.09087
8.04095
7.97801
7.90162
7.82902
7.7635
7.72234
7.71087
7.73157
7.78302
7.86432
7.96129
8.06565
8.1639
8.25027
8.31921
8.36572
8.39306
8.39176
8.36986
8.33368
8.28062
8.21419
8.1442
8.08177
8.01317
7.95054
7.89884
7.85299
7.81644
7.7842
7.75422
7.72651
7.69472
7.65534
7.61861
7.58801
7.57424
7.58536
7.63572
7.7108
7.80237
7.90134
7.98216
8.04552
8.07416
8.06368
8.02394
7.96691
7.90327
7.84608
7.80419
7.79286
7.80592
7.84443
7.89776
7.97144
8.05323
8.1347
8.20796
8.26542
8.2952
8.29203
8.25938
8.19788
8.11574
8.02679
7.93668
7.84645
7.77706
7.71488
7.66603
7.63082
7.61505
7.63056
7.67002
7.73259
7.82193
7.92594
8.03371
8.13561
8.21247
8.26364
8.28481
8.27014
8.21545
8.1338
8.03988
7.93437
7.8405
7.76812
7.72867
7.72718
7.75988
7.83726
7.94069
8.05671
8.17275
8.26919
8.33628
8.36926
8.36575
8.31832
8.23365
8.12506
8.00424
7.87841
7.76345
7.6713
7.6043
7.56433
7.54837
7.56113
7.59232
7.62905
7.67653
7.72495
7.77427
7.82269
7.87375
7.93071
7.9852
8.04202
8.09219
8.13162
8.15985
8.17079
8.16889
8.15581
8.12915
8.09677
8.05982
8.0253
7.99414
7.9751
7.95449
7.92921
7.88865
7.84928
7.81174
7.77042
7.74452
7.72571
7.72602
7.75121
7.79434
7.85744
7.93788
8.02073
8.10618
8.17996
8.22756
8.25365
8.24597
8.2078
8.1522
8.08057
8.00864
7.93903
7.87423
7.82228
7.78186
7.75017
7.73518
7.71891
7.70967
7.70969
7.71962
7.74814
7.79825
7.86097
7.95182
8.04743
8.13808
8.23018
8.2922
8.32762
8.33491
8.31863
8.27219
8.20573
8.13877
8.0668
8.00325
7.93959
7.88646
7.84028
7.80718
7.79524
7.79252
7.80573
7.83791
7.87526
7.92294
7.96653
8.00306
8.01609
8.00243
7.96344
7.90481
7.82613
7.74939
7.67163
7.60629
7.55125
7.52254
7.51661
7.53266
7.57037
7.61695
7.67804
7.74506
7.81272
7.88509
7.95333
8.01495
8.07267
8.11273
8.14049
8.15749
8.15822
8.15139
8.13681
8.125
8.10465
8.08671
8.07484
8.07166
8.0838
8.10434
8.14611
8.19686
8.24891
8.30371
8.34812
8.37854
8.39573
8.39469
8.37707
8.33136
8.26148
8.1638
8.04838
7.91518
7.77738
7.64541
7.53861
7.45315
7.3984
7.3847
7.40423
7.45289
7.53236
7.63089
7.74463
7.8664
7.98066
8.0855
8.17004
8.23076
8.25869
8.25403
8.22074
8.17137
8.11183
8.05501
8.00689
7.96597
7.93563
7.89535
7.85847
7.81879
7.7837
7.75095
7.7268
7.7161
7.71648
7.71482
7.70959
7.70337
7.68642
7.65726
7.63177
7.60438
7.59155
7.59909
7.62498
7.66967
7.74012
7.82704
7.92424
8.03349
8.14565
8.25942
8.36923
8.47158
8.5561
8.61587
8.6421
8.63112
8.58214
8.49889
8.39428
8.28364
8.17721
8.07597
7.99064
7.92488
7.87828
7.84246
7.82006
7.80346
7.79839
7.79704
7.79813
7.80233
7.80822
7.81323
7.81765
7.82554
7.831
7.83751
7.84575
7.85598
7.87252
7.88679
7.89161
7.88246
7.86133
7.82955
7.80023
7.7726
7.75901
7.76333
7.79345
7.83726
7.89563
7.94878
7.99716
8.034
8.06044
8.07054
8.06195
8.04478
8.01731
7.98668
7.95176
7.91594
7.88914
7.86663
7.83701
7.81192
7.79833
7.7842
7.78113
7.78411
7.77532
7.76028
7.72728
7.68961
7.65932
7.64234
7.63983
7.65099
7.67533
7.70003
7.72446
7.74355
7.76443
7.77434
7.78731
7.80341
7.82463
7.86059
7.91271
7.97257
8.04147
8.11994
8.20434
8.27851
8.34222
8.38218
8.40489
8.40787
8.40048
8.37657
8.342
8.29655
8.23294
8.15405
8.05986
7.95021
7.82754
7.69887
7.58039
7.48078
7.40207
7.36015
7.36368
7.40251
7.47048
7.55785
7.6666
7.78097
7.8885
7.98572
8.07608
8.1477
8.19962
8.23267
8.24846
8.24236
8.21467
8.16274
8.09816
8.03058
7.9643
7.90747
7.86535
7.84346
7.83828
7.85785
7.88305
7.91521
7.93726
7.95663
7.96041
7.95303
7.92901
7.89192
7.85297
7.80212
7.75046
7.70575
7.65651
7.62232
7.59988
7.58665
7.59754
7.6321
7.68013
7.74711
7.82871
7.91114
7.99242
8.06509
8.13468
8.19238
8.23883
8.28314
8.31791
8.33858
8.34805
8.34241
8.32092
8.28858
8.24428
8.19932
8.16087
8.13043
8.11008
8.0997
8.09638
8.08816
8.07002
8.0339
7.9886
7.93491
7.8776
7.82869
7.79303
7.77116
7.76416
7.76696
7.77686
7.79701
7.82873
7.86408
7.90339
7.93212
7.95193
7.96122
7.9567
7.94931
7.93737
7.92911
7.92202
7.91162
7.89513
7.87411
7.84423
7.80279
7.75979
7.71316
7.67376
7.63972
7.62546
7.63096
7.66567
7.72083
7.78761
8.07736
8.2051
8.35381
8.51056
8.66207
8.79966
8.91121
8.98734
9.02874
9.03924
9.01519
8.96501
8.88835
8.80158
8.71119
8.62986
8.56309
8.52357
8.51534
8.5351
8.5842
8.65476
8.73697
8.81021
8.88232
8.9466
9.01012
9.06918
9.12385
9.1631
9.18341
9.19036
9.1868
9.17349
9.15214
9.11774
9.06847
9.0037
8.92054
8.82688
8.7257
8.62397
8.53081
8.45564
8.39589
8.34674
8.30575
8.28179
8.27911
8.29216
8.33252
8.39585
8.47704
8.56916
8.66609
8.75654
8.82553
8.87217
8.89529
8.89083
8.85897
8.80716
8.73718
8.65409
8.56988
8.4836
8.4077
8.34517
8.29181
8.2609
8.25622
8.27683
8.32434
8.40237
8.4937
8.59731
8.70669
8.81454
8.91123
8.98886
9.03207
9.04001
9.00959
8.93897
8.84382
8.739
8.63327
8.54545
8.48278
8.43735
8.41567
8.40268
8.3919
8.38244
8.37826
8.37925
8.39436
8.43005
8.47833
8.54419
8.62072
8.69998
8.77756
8.84694
8.89549
8.92484
8.92729
8.92321
8.91306
8.90246
8.89604
8.89272
8.87717
8.84401
8.78729
8.71129
8.62389
8.54278
8.4907
8.46564
8.47612
8.50538
8.54494
8.58209
8.60207
8.60948
8.60448
8.59109
8.58108
8.57193
8.57215
8.57164
8.5707
8.56217
8.55535
8.5473
8.53949
8.53857
8.54207
8.55264
8.57363
8.59851
8.6249
8.65576
8.68945
8.72243
8.75588
8.78947
8.81513
8.84772
8.88671
8.9262
8.96526
8.99934
9.02635
9.03866
9.03559
8.99917
8.94816
8.87851
8.80424
8.72698
8.64538
8.57716
8.52248
8.49756
8.49635
8.51168
8.54674
8.59184
8.64872
8.70736
8.76581
8.82306
8.87298
8.91854
8.95308
8.96682
8.96292
8.93684
8.89256
8.82772
8.74303
8.65358
8.55897
8.48184
8.41899
8.37837
8.36349
8.37511
8.41114
8.46856
8.52845
8.59364
8.64563
8.68557
8.70967
8.72778
8.7305
8.72014
8.69573
8.65408
8.61312
8.57439
8.54157
8.51689
8.51977
8.55705
8.62669
8.71646
8.83249
8.94877
9.05741
9.14101
9.18225
9.19204
9.16098
9.10305
9.0198
8.94382
8.86351
8.79806
8.75408
8.73457
8.72455
8.72593
8.73028
8.7203
8.68831
8.63938
8.56986
8.49602
8.43065
8.37026
8.33484
8.33619
8.35896
8.4107
8.48532
8.57386
8.66271
8.74638
8.81051
8.84754
8.86943
8.86977
8.85554
8.83254
8.80894
8.78108
8.75112
8.72371
8.69821
8.67034
8.63167
8.59089
8.54913
8.51475
8.50073
8.50532
8.54019
8.59845
8.65775
8.70394
8.71265
8.67629
8.59606
8.49731
8.3826
8.28478
8.21554
8.17551
8.17446
8.21002
8.28326
8.38433
8.50377
8.63585
8.76687
8.89137
9.01279
9.11441
9.19573
9.2477
9.27817
9.27658
9.25216
9.20731
9.15273
9.10316
9.0484
9.00217
8.95308
8.90368
8.85189
8.7918
8.7348
8.67737
8.62069
8.58116
8.55954
8.54994
8.54991
8.55238
8.55713
8.55375
8.54346
8.52282
8.49389
8.45828
8.41644
8.37914
8.36101
8.36336
8.39304
8.43309
8.4859
8.54204
8.58724
8.61457
8.63583
8.64873
8.66636
8.69082
8.73218
8.77335
8.82048
8.86448
8.90375
8.94084
8.96222
8.96167
8.92673
8.8653
8.78093
8.6868
8.60078
8.5298
8.48471
8.47118
8.47963
8.51153
8.56209
8.63167
8.70956
8.79017
8.86176
8.91701
8.95681
8.97146
8.95883
8.9178
8.85867
8.79051
8.71748
8.65382
8.603
8.57593
8.57438
8.60214
8.66047
8.73874
8.82104
8.88575
8.92798
8.93425
8.9137
8.87499
8.8405
8.81204
8.79741
8.79666
8.79652
8.79214
8.78097
8.75507
8.70317
8.63729
8.56463
8.4862
8.40605
8.34246
8.29495
8.2751
8.28425
8.30991
8.35479
8.41088
8.47598
8.53979
8.60795
8.66973
8.72202
8.7635
8.78435
8.78382
8.77026
8.74674
8.72329
8.71191
8.70764
8.71117
8.72721
8.7448
8.77056
8.80324
8.8416
8.89293
8.95712
9.02405
9.09855
9.17717
9.24368
9.29184
9.3019
9.27795
9.22271
9.13626
9.02404
8.89894
8.75839
8.6095
8.45545
8.31036
8.18278
8.0863
8.03689
8.02732
8.06137
8.13111
8.22444
8.34256
8.47263
8.61504
8.74321
8.86199
8.95076
9.00997
9.0323
9.02761
8.9898
8.93735
8.87705
8.81709
8.77621
8.75308
8.75083
8.76651
8.78426
8.80093
8.80521
8.80345
8.78443
8.76137
8.73377
8.70446
8.69274
8.69194
8.70586
8.7282
8.75469
8.7707
8.77632
8.7724
8.76379
8.74905
8.72349
8.70417
8.69012
8.67608
8.66177
8.65736
8.66175
8.66961
8.69005
8.72122
8.75556
8.7943
8.82563
8.85337
8.86157
8.85431
8.83488
8.80117
8.74933
8.69793
8.64732
8.60703
8.58142
8.58189
8.60672
8.64205
8.68818
8.72745
8.75382
8.75822
8.74907
8.72871
8.70062
8.65473
8.60299
8.55874
8.52427
8.50473
8.50053
8.51255
8.53464
8.54896
8.56294
8.56688
8.55777
8.54632
8.53483
8.54075
8.56103
8.60299
8.66334
8.72711
8.78904
8.8284
8.85092
8.85788
8.85402
8.84816
8.83404
8.82131
8.80534
8.79921
8.79332
8.78427
8.76541
8.73499
8.68832
8.62702
8.56617
8.50557
8.457
8.42815
8.41965
8.42981
8.44644
8.47223
8.51181
8.55881
8.61279
8.67979
8.74814
8.81449
8.8743
8.92908
8.97366
9.00963
9.0345
9.03803
9.02077
8.97645
8.92159
8.85241
8.78139
8.71054
8.6472
8.59866
8.579
8.58074
8.60217
8.64574
8.68817
8.73703
8.77734
8.8093
8.82075
8.81583
8.79266
8.74357
8.67697
8.594
8.50162
8.42396
8.3656
8.32912
8.31363
8.3266
8.35631
8.40715
8.48208
8.56665
8.66162
8.75006
8.8279
8.88507
8.90422
8.89639
8.85105
8.78427
8.70865
8.63501
8.56819
8.51485
8.47449
8.45173
8.43958
8.42603
8.42535
8.43396
8.45064
8.47892
8.52612
8.58017
8.64265
8.69599
8.72795
8.74537
8.74045
8.72481
8.70928
8.69564
8.69928
8.71739
8.73507
8.7615
8.77567
8.77247
8.74915
8.72896
8.70765
8.70224
8.7195
8.76165
8.81676
8.87593
8.92316
8.93773
8.90621
8.83114
8.72793
8.61247
8.52133
8.46019
8.43445
8.4554
8.51271
8.59959
8.69488
8.78533
8.86109
8.91165
8.93343
8.93627
8.9125
8.87881
8.82361
8.75475
8.68008
8.58467
8.48154
8.37571
8.28197
8.19803
8.13172
8.08583
8.08703
8.12355
8.19715
8.29874
8.42412
8.55686
8.69702
8.83329
8.95235
9.04377
9.1018
9.1196
9.08798
9.01156
8.92134
8.81488
8.71263
8.64153
8.59446
8.58738
8.61157
8.65749
8.71041
8.75315
8.77826
8.77371
8.72786
8.64595
8.53646
8.41022
8.29151
8.18081
8.1014
8.05638
8.05034
8.08194
8.1476
8.23673
8.35515
8.49348
8.64871
8.80142
8.94731
9.08347
9.20627
9.3037
9.37644
9.41377
9.41226
9.38349
9.31923
9.23052
9.11961
9.00276
8.87803
8.74959
8.63671
8.53584
8.45622
8.39518
8.35941
8.33958
8.34136
8.3633
8.402
8.46307
8.53428
8.6072
8.6794
8.73686
8.77832
8.79547
8.78908
8.7606
8.71043
8.65141
8.58929
8.5353
8.50827
8.51386
8.54755
8.60342
8.65931
8.70047
8.70944
8.67782
8.60898
8.52913
8.43835
8.36762
8.31204
8.28723
8.29257
8.32913
8.39464
8.48004
8.57232
8.66698
8.74622
8.81404
8.86564
8.91386
8.9521
8.98853
9.03161
9.06767
9.0935
9.10624
9.10111
9.08857
9.06371
9.0292
8.99762
8.96754
8.94644
8.93957
8.93411
8.94626
8.96486
9.00079
9.04512
9.09177
9.12789
9.15014
9.15015
9.13213
9.09198
9.02451
8.93917
8.84577
8.74783
8.64705
8.55817
8.48554
8.42126
8.36906
8.31977
8.26565
8.21286
8.1679
8.14043
8.12811
8.13652
8.16865
8.21668
8.27479
8.33992
8.4028
8.4566
8.50323
8.5385
8.55677
8.58026
8.60943
8.66625
8.73134
8.80783
8.8888
8.96716
9.03868
9.09062
9.12052
9.13652
9.13783
9.12035
9.09384
9.05821
9.01707
8.97068
8.91767
8.85695
8.80541
8.75347
8.71077
8.67798
8.64731
8.6135
8.57667
8.5364
8.4818
8.41455
8.34252
8.27585
8.21137
8.15964
8.13437
8.13401
8.15881
8.20677
8.27694
8.36094
8.45649
8.55366
8.64576
8.72733
8.79214
8.84121
8.87882
8.90296
8.9212
8.93381
8.94501
8.95499
8.95504
8.94862
8.93451
8.90053
8.85766
8.8071
8.75879
8.72023
8.69424
8.68707
8.68905
8.70817
8.7351
8.77364
8.82431
8.89008
8.96484
9.03657
9.10638
9.16795
9.20935
9.22006
9.1863
9.11439
9.00834
8.87968
8.74441
8.61913
8.52059
8.45669
8.42395
8.42379
8.4507
8.49558
8.55272
8.62177
8.69408
8.76858
8.84036
8.90165
8.94475
8.96308
8.95836
8.92715
8.86148
8.76294
8.65136
8.52244
8.39767
8.27845
8.1792
8.11756
8.09382
8.10708
8.17095
8.27404
8.40627
8.55639
8.71225
8.86645
8.99514
9.09012
9.14482
9.14882
9.11754
9.06024
8.98596
8.89984
8.81773
8.74507
8.69005
8.64974
8.62594
8.62287
8.63245
8.65456
8.69003
8.7383
8.79817
8.86577
8.92952
8.98635
9.02427
9.04087
9.02986
8.97549
8.8928
8.79495
8.69309
8.59813
8.51708
8.43874
8.36717
8.30724
8.24321
8.19558
8.16376
8.16228
8.19398
8.25807
8.35229
8.45653
8.56889
8.67333
8.75902
8.81419
8.83327
8.82177
8.7889
8.75713
8.71971
8.69212
8.67242
8.65141
8.63248
8.60736
8.56408
8.50922
8.45041
8.39859
8.36643
8.36466
8.39806
8.46722
8.5676
8.68506
8.80682
8.91423
9.00341
9.05732
9.07866
9.0561
9.00839
8.93838
8.87062
8.80466
8.76228
8.75118
8.77281
8.8176
8.87555
8.92753
8.9756
8.99248
8.98282
8.95989
8.92435
8.90408
8.89161
8.89745
8.91598
8.9518
8.99197
9.02721
9.04699
9.04179
8.99854
8.9214
8.80832
8.67377
8.52508
8.36724
8.22233
8.08979
7.99733
7.94774
7.94366
7.99274
8.09823
8.23405
8.38681
8.53931
8.66981
8.76951
8.84827
8.89164
8.91702
8.92991
8.92925
8.92042
8.90666
8.88946
8.87203
8.85547
8.83143
8.80197
8.75685
8.69768
8.63655
8.57153
8.51695
8.46956
8.44344
8.44126
8.46255
8.50503
8.56325
8.63778
8.72767
8.81351
8.90237
8.98308
9.05206
9.09067
9.09858
9.07594
9.03426
8.98319
8.9193
8.85105
8.78928
8.73266
8.68022
8.61897
8.55694
8.49035
8.42724
8.36873
8.32897
8.31582
8.33793
8.39132
8.48279
8.60264
8.73409
8.85796
8.95614
9.02385
9.04568
9.02647
8.97376
8.89565
8.80242
8.71521
8.64225
8.5834
8.54955
8.53681
8.54518
8.57758
8.63143
8.70093
8.77891
8.85707
8.92082
8.96261
8.96775
8.93075
8.85829
8.76042
8.6539
8.54727
8.44864
8.36913
8.31296
8.28064
8.27384
8.28113
8.31072
8.35467
8.42018
8.50603
8.60229
8.71445
8.83561
8.94482
9.03664
9.11196
9.16083
9.18437
9.18103
9.15856
9.10459
9.0301
8.93099
8.80979
8.66713
8.52131
8.38032
8.25477
8.16487
8.11001
8.10841
8.15684
8.2406
8.36392
8.50596
8.6625
8.82586
8.97332
9.08235
9.13908
9.13223
9.05782
8.94535
8.81652
8.68884
8.58093
8.50613
8.45956
8.44684
8.46276
8.49674
8.54997
8.60804
8.6906
8.78352
8.87958
8.97498
9.03963
9.06253
9.03436
8.95858
8.84867
8.73556
8.6197
8.53367
8.4674
8.42815
8.42139
8.43916
8.47879
8.52459
8.57402
8.61346
8.64042
8.64277
8.63397
8.6201
8.60834
8.60306
8.61309
8.63642
8.6605
8.69499
8.72881
8.75678
8.7774
8.78915
8.78975
8.78763
8.77942
8.76225
8.74344
8.73174
8.73321
8.75451
8.79352
8.85988
8.94365
9.03274
9.11105
9.1628
9.17746
9.14422
9.06608
8.95818
8.83126
8.70249
8.58651
8.49168
8.42077
8.37889
8.36728
8.37451
8.40141
8.42409
8.43489
8.42864
8.39905
8.35695
8.3087
8.26879
8.25121
8.27491
8.33863
8.43631
8.56268
8.70396
8.84206
8.97983
9.10162
9.19718
9.26565
9.29561
9.29193
9.26569
9.22657
9.18351
9.14016
9.09706
9.05213
9.00196
8.94158
8.87809
8.80107
8.70957
8.60997
8.50236
8.3947
8.29304
8.20299
8.13416
8.10062
8.09136
8.1093
8.15482
8.22696
8.31743
8.42134
8.52933
8.64862
8.75859
8.84819
8.92499
8.97204
8.99069
8.98708
8.96427
8.93062
8.88663
8.85063
8.81855
8.7953
8.78626
8.78294
8.79674
8.82493
8.86006
8.89905
8.94151
8.96663
8.98797
8.98764
8.98203
8.97968
8.97378
8.97727
8.97873
8.97136
8.94365
8.89922
8.83005
8.7419
8.64394
8.55115
8.46682
8.39239
8.34408
8.31528
8.31378
8.34308
8.39805
8.47382
8.56705
8.66061
8.74456
8.79782
8.81803
8.80002
8.74476
8.65917
8.57104
8.4774
8.40148
8.3325
8.27619
8.23733
8.19403
8.17062
8.16134
8.16545
8.18989
8.22836
8.2936
8.37699
8.46878
8.57117
8.66442
8.7506
8.81674
8.85133
8.86217
8.8487
8.81456
8.7772
8.73638
8.69848
8.66887
8.66199
8.67266
8.68849
8.70472
8.73447
8.75893
8.78211
8.80248
8.83205
8.85616
8.88441
8.91154
8.93379
8.94529
8.93828
8.91722
8.875
8.81382
8.73115
8.62123
8.50201
8.37628
8.25657
8.15313
8.075
8.03835
8.03976
8.09021
8.17998
8.29861
8.44011
8.59301
8.74589
8.87933
8.9842
9.0645
9.1139
9.13327
9.13293
9.10479
9.06269
9.00833
8.94559
8.89251
8.83233
8.78171
8.73277
8.69292
8.66395
8.65704
8.67299
8.71533
8.77531
8.86053
8.94576
9.02526
9.07956
9.10682
9.09803
9.05523
8.98559
8.89412
8.80175
8.71786
8.64429
8.59106
8.54629
8.51202
8.47813
8.43969
8.38284
8.3211
8.25653
8.19571
8.146
8.12806
8.14248
8.20367
8.30404
8.44576
8.61208
8.79688
8.97932
9.15339
9.30969
9.42855
9.50478
9.52655
9.48407
9.38818
9.25805
9.09813
8.93631
8.78883
8.65759
8.55016
8.47562
8.43415
8.42117
8.44583
8.49463
8.55878
8.63045
8.70518
8.77553
8.83371
8.88085
8.90177
8.89174
8.84944
8.77246
8.66963
8.56382
8.46512
8.3888
8.33858
8.31979
8.32868
8.35336
8.39948
8.45657
8.52509
8.61022
8.70049
8.77409
8.83921
8.89232
8.9277
8.95686
8.9731
8.97954
8.96271
8.92835
8.87346
8.8006
8.72309
8.65365
8.60005
8.56763
8.56433
8.60033
8.66652
8.74008
8.81756
8.87371
8.90937
8.91741
8.90001
8.99891
8.97455
8.96078
8.96587
8.99424
9.03784
9.08371
9.12156
9.14471
9.14388
9.12756
9.08837
9.03769
8.98833
8.95171
8.94027
8.9513
8.98821
9.06061
9.15095
9.25263
9.36073
9.4667
9.56036
9.63222
9.68622
9.721
9.74278
9.74708
9.74854
9.74343
9.72961
9.70488
9.66375
9.60446
9.52807
9.4329
9.32812
9.22025
9.11508
9.02161
8.93179
8.85648
8.78008
8.71831
8.67113
8.64224
8.63082
8.6388
8.6633
8.69544
8.73003
8.76136
8.7982
8.84773
8.90901
8.98245
9.07677
9.18437
9.28968
9.38372
9.45434
9.49861
9.51581
9.50868
9.5006
9.49664
9.49734
9.50432
9.51272
9.51313
9.49315
9.44906
9.3946
9.33119
9.26774
9.20144
9.14948
9.1044
9.09273
9.09497
9.12619
9.18062
9.24855
9.31792
9.38432
9.43824
9.47944
9.50399
9.51998
9.52257
9.51213
9.48731
9.45058
9.41121
9.36475
9.32733
9.29991
9.28433
9.28156
9.27907
9.29339
9.30724
9.31988
9.3291
9.33519
9.3323
9.31986
9.305
9.29018
9.26003
9.21687
9.16523
9.11154
9.05609
9.01421
9.0053
9.02123
9.06588
9.12226
9.19159
9.25209
9.2991
9.31984
9.31218
9.28474
9.23697
9.17788
9.11494
9.04966
8.99051
8.93516
8.89937
8.87368
8.88269
8.90994
8.96646
9.04886
9.14324
9.22933
9.29693
9.33764
9.34458
9.32344
9.28356
9.22897
9.17042
9.10184
9.03858
8.99431
8.96286
8.95466
8.96104
8.97499
8.99279
9.00653
9.0187
9.02025
9.02546
9.04111
9.07379
9.12353
9.18692
9.25544
9.32071
9.3684
9.39799
9.39944
9.35407
9.26797
9.16853
9.06728
8.99456
8.96748
8.99343
9.06897
9.18079
9.30533
9.42391
9.52138
9.58003
9.6143
9.61872
9.60765
9.59294
9.57328
9.55047
9.5286
9.50039
9.47422
9.43957
9.40635
9.37606
9.35267
9.33725
9.32903
9.32788
9.33375
9.344
9.35509
9.36409
9.36602
9.36215
9.34188
9.31141
9.26733
9.21197
9.15379
9.0889
9.02189
8.96054
8.90246
8.84941
8.81569
8.79983
8.80914
8.83486
8.86167
8.89675
8.92959
8.9634
9.0021
9.05506
9.12328
9.21417
9.32015
9.43139
9.52921
9.60159
9.63785
9.6273
9.56697
9.47291
9.36262
9.24919
9.14049
9.04995
8.98103
8.94026
8.94014
8.97929
9.05671
9.16806
9.31506
9.48369
9.65676
9.81783
9.96315
10.0806
10.1508
10.1803
10.1622
10.0884
9.97801
9.83531
9.67161
9.50296
9.34241
9.19963
9.07873
8.9871
8.92469
8.87929
8.84812
8.82822
8.81852
8.81686
8.82357
8.84674
8.87091
8.90028
8.9325
8.95978
8.98008
8.99418
9.0129
9.03634
9.06266
9.09752
9.14692
9.20657
9.285
9.36612
9.45036
9.52286
9.59001
9.6379
9.66397
9.66029
9.62707
9.55665
9.43303
9.27332
9.08739
8.89844
8.72514
8.58958
8.50321
8.46788
8.48115
8.54878
8.67041
8.81887
8.99168
9.17309
9.33252
9.45547
9.52757
9.54527
9.52131
9.46891
9.40456
9.3373
9.29386
9.27275
9.27788
9.30962
9.35007
9.39579
9.43769
9.45648
9.45451
9.42772
9.38483
9.33634
9.28907
9.2495
9.21842
9.20623
9.19176
9.18429
9.17817
9.16968
9.15872
9.14671
9.14262
9.14014
9.15394
9.18408
9.22515
9.28217
9.36299
9.44469
9.53556
9.62438
9.70353
9.76421
9.8031
9.8081
9.77918
9.70587
9.59496
9.45747
9.31255
9.17523
9.05726
8.97091
8.92672
8.93282
8.99963
9.11283
9.26317
9.44629
9.61938
9.76062
9.84216
9.85163
9.78306
9.64408
9.46076
9.25978
9.06571
8.8905
8.75702
8.65379
8.57883
8.54626
8.53617
8.54269
8.57006
8.61082
8.66146
8.71618
8.76774
8.8222
8.8694
8.92132
8.98362
9.06261
9.16293
9.27388
9.37806
9.46076
9.52271
9.55766
9.57701
9.59454
9.61286
9.63857
9.67507
9.70901
9.7285
9.72567
9.69149
9.62883
9.56438
9.50824
9.47076
9.46003
9.4699
9.49652
9.52957
9.54665
9.5364
9.48825
9.3997
9.26931
9.10437
8.92539
8.76377
8.63494
8.55532
8.54543
8.60229
8.71708
8.87881
9.06528
9.25663
9.42754
9.55574
9.62513
9.63537
9.59006
9.50732
9.4061
9.29573
9.20182
9.13208
9.09725
9.08689
9.09663
9.12033
9.13868
9.14658
9.13597
9.10698
9.08253
9.06384
9.06486
9.08044
9.12377
9.17913
9.23484
9.28051
9.29293
9.26185
9.18332
9.06083
8.91909
8.7745
8.6459
8.55831
8.51867
8.54057
8.6121
8.72531
8.85566
8.99077
9.10853
9.20156
9.26239
9.30775
9.33715
9.36499
9.40029
9.45497
9.52267
9.6103
9.69293
9.76489
9.79872
9.79501
9.74435
9.65923
9.55117
9.43356
9.31663
9.2189
9.13669
9.07653
9.03776
9.01863
9.02251
9.03472
9.05712
9.08267
9.11251
9.15316
9.20362
9.25696
9.3047
9.34522
9.36905
9.37501
9.37242
9.35788
9.34079
9.32494
9.32013
9.31707
9.32651
9.34831
9.3812
9.42428
9.46643
9.4992
9.51742
9.51133
9.4842
9.43451
9.36631
9.28008
9.18347
9.09809
9.02063
8.96966
8.94972
8.95753
9.00447
9.08461
9.17421
9.28073
9.37755
9.46146
9.52574
9.5625
9.55974
9.52414
9.45872
9.37569
9.28283
9.19827
9.13837
9.09917
9.08142
9.06831
9.04545
9.0135
8.95458
8.88164
8.80632
8.73403
8.67099
8.63509
8.62111
8.63436
8.67744
8.75607
8.87229
9.02194
9.20368
9.39595
9.57299
9.71049
9.79495
9.81487
9.78289
9.72264
9.64883
9.56826
9.50084
9.45253
9.41427
9.38396
9.35662
9.32674
9.29246
9.25372
9.20462
9.15419
9.11597
9.08399
9.06503
9.06097
9.08826
9.14454
9.2274
9.33731
9.46155
9.58516
9.69242
9.76236
9.77539
9.74097
9.64977
9.51979
9.36584
9.19837
9.04347
8.9155
8.82809
8.77992
8.76934
8.79351
8.83352
8.87455
8.92314
8.96963
9.00844
9.03652
9.06047
9.0779
9.10002
9.1248
9.16119
9.20169
9.24598
9.29007
9.33439
9.37436
9.41119
9.44843
9.47418
9.49513
9.50451
9.50862
9.52427
9.52216
9.50522
9.47184
9.41118
9.32816
9.22975
9.12935
9.02812
8.95064
8.89318
8.86706
8.87088
8.90998
8.98335
9.08247
9.17969
9.27058
9.33892
9.37195
9.35403
9.29677
9.22712
9.15997
9.12312
9.12514
9.18345
9.2941
9.43877
9.58874
9.7086
9.77413
9.77173
9.71227
9.61112
9.48492
9.34515
9.21511
9.09691
8.98988
8.89767
8.82528
8.76659
8.72459
8.69595
8.67941
8.6717
8.69201
8.72617
8.78481
8.87126
8.96738
9.07443
9.1844
9.27178
9.34145
9.3851
9.40507
9.4011
9.37479
9.32235
9.26594
9.20579
9.14658
9.08888
9.04214
9.00797
8.98793
8.98179
8.98721
9.00338
9.03736
9.08599
9.14841
9.20523
9.26365
9.31188
9.3417
9.36869
9.38836
9.41111
9.43857
9.45635
9.46741
9.4627
9.44121
9.40486
9.36805
9.33521
9.32087
9.3208
9.34127
9.36845
9.40285
9.44155
9.48203
9.50789
9.52005
9.50738
9.46332
9.40748
9.34157
9.26684
9.21102
9.16799
9.12821
9.08404
9.03902
8.99096
8.94269
8.90573
8.89
8.90094
8.95204
9.0429
9.16917
9.32399
9.48239
9.62862
9.75386
9.84104
9.87668
9.85902
9.78166
9.66222
9.50781
9.33208
9.14135
8.96081
8.79526
8.6442
8.52314
8.41683
8.33937
8.29905
8.30515
8.36226
8.48531
8.65559
8.88236
9.14038
9.41243
9.67195
9.89148
10.065
10.1711
10.2008
10.1675
10.0866
9.97278
9.84982
9.72943
9.62263
9.53002
9.44569
9.3772
9.31595
9.25226
9.18807
9.12135
9.05634
8.98664
8.92351
8.86627
8.80629
8.74826
8.70507
8.67225
8.65614
8.64989
8.6603
8.69155
8.73894
8.8041
8.88252
8.97375
9.08296
9.20101
9.31754
9.42453
9.51292
9.58113
9.62638
9.65119
9.65973
9.66234
9.65557
9.63793
9.60393
9.55444
9.48952
9.40316
9.29705
9.18159
9.07727
8.99394
8.9326
8.90009
8.89619
8.92075
8.97453
9.05349
9.1478
9.25206
9.36057
9.47052
9.55981
9.619
9.64621
9.65275
9.63
9.58061
9.51306
9.42798
9.33267
9.22343
9.11961
9.02441
8.9449
8.87529
8.81876
8.79069
8.78397
8.79926
8.83507
8.88997
8.94878
9.01727
9.09037
9.16937
9.24915
9.31474
9.34953
9.35846
9.32719
9.28024
9.21876
9.15916
9.11021
9.07324
9.04495
9.03005
9.02936
9.03444
9.04722
9.06115
9.09033
9.11468
9.14079
9.17163
9.20721
9.25668
9.3133
9.36945
9.41633
9.44738
9.45904
9.46326
9.46306
9.46284
9.47421
9.4938
9.52771
9.57013
9.62025
9.67525
9.72466
9.76219
9.77947
9.76323
9.71345
9.61666
9.46595
9.27794
9.06795
8.8566
8.6638
8.5038
8.40155
8.35027
8.34863
8.38476
8.44817
8.52365
8.60543
8.68918
8.77533
8.86242
8.94448
9.01315
9.07545
9.12388
9.16747
9.20799
9.25004
9.30191
9.38233
9.48701
9.61717
9.75287
9.87529
9.96885
10.0092
10.0061
9.9651
9.89689
9.79878
9.67876
9.54773
9.40769
9.27529
9.16053
9.08163
9.03628
9.02569
9.05777
9.1119
9.18977
9.25704
9.31458
9.34788
9.36268
9.35726
9.34062
9.3154
9.27614
9.23802
9.20009
9.17224
9.14968
9.15031
9.16279
9.1764
9.17837
9.17417
9.15542
9.12524
9.08653
9.04756
9.01112
8.98134
8.9617
8.95085
8.95351
8.96156
8.98884
9.01376
9.04631
9.07505
9.0985
9.1062
9.10443
9.07346
9.03257
8.98489
8.94843
8.92457
8.93717
8.97771
9.0399
9.12348
9.21944
9.31987
9.40867
9.47795
9.5262
9.54292
9.54112
9.52192
9.48934
9.44966
9.41558
9.39706
9.38413
9.39132
9.4037
9.42914
9.45459
9.46748
9.45587
9.42683
9.37734
9.30592
9.22586
9.14639
9.0669
8.99771
8.93361
8.87433
8.81954
8.77525
8.75762
8.76573
8.80486
8.87382
8.96683
9.07698
9.18537
9.28874
9.3779
9.45164
9.49457
9.51962
9.52643
9.52409
9.50675
9.48779
9.46643
9.4407
9.41301
9.36796
9.31196
9.2434
9.17489
9.10202
9.04443
8.9916
8.95068
8.92609
8.92179
8.93793
8.95653
8.99515
9.02832
9.06296
9.09805
9.1404
9.19693
9.26939
9.34953
9.4498
9.55501
9.64896
9.72169
9.75401
9.73934
9.69711
9.64488
9.61005
9.59734
9.61392
9.64912
9.66519
9.63557
9.53784
9.38583
9.19633
8.99141
8.81774
8.7001
8.64525
8.6572
8.72779
8.83099
8.95245
9.06554
9.15448
9.20625
9.22924
9.24101
9.24503
9.24325
9.25028
9.27078
9.31053
9.3786
9.45891
9.54339
9.61546
9.65917
9.67047
9.65063
9.60062
9.5254
9.43114
9.31162
9.15676
8.97325
8.76538
8.5506
8.34882
8.19012
8.08605
8.06464
8.12632
8.26945
8.4758
8.72373
8.97434
9.19333
9.35383
9.43998
9.44564
9.38817
9.28969
9.17613
9.07787
9.00265
8.95994
8.94936
8.97091
9.02926
9.123
9.24246
9.38642
9.54701
9.69879
9.82405
9.89588
9.90969
9.86922
9.79032
9.69088
9.58421
9.47826
9.37893
9.29566
9.22457
9.17881
9.1557
9.15177
9.16456
9.19595
9.22847
9.26613
9.30679
9.36073
9.40757
9.45173
9.49077
9.51357
9.51313
9.48637
9.42334
9.33392
9.22038
9.09356
8.96262
8.84462
8.76254
8.71716
8.71089
8.74475
8.79998
8.86191
8.93223
9.00421
9.07846
9.14817
9.20452
9.26407
9.3095
9.35143
9.37716
9.3855
9.36854
9.32326
9.25527
9.1873
9.12464
9.07505
9.04993
9.03707
9.0451
9.05903
9.0841
9.12472
9.1781
9.25184
9.34179
9.44424
9.55639
9.68132
9.80971
9.92809
10.021
10.08
10.0909
10.0508
9.97525
9.85871
9.71725
9.5673
9.40197
9.22897
9.04662
8.86639
8.69116
8.53302
8.40572
8.32981
8.29849
8.32372
8.39229
8.49661
8.60924
8.7323
8.84661
8.95203
9.04652
9.13379
9.214
9.27864
9.33139
9.37157
9.39732
9.41376
9.41528
9.41322
9.41058
9.41535
9.42343
9.44023
9.45221
9.47146
9.49222
9.50937
9.5254
9.53606
9.54593
9.54377
9.53309
9.50111
9.46154
9.4214
9.39051
9.38062
9.38441
9.3908
9.38603
9.36086
9.30243
9.2098
9.10286
8.99154
8.88849
8.79865
8.73767
8.70863
8.7106
8.74441
8.81252
8.90743
9.02518
9.15388
9.28269
9.38716
9.46898
9.51292
9.53087
9.53111
9.51686
9.50191
9.4828
9.45966
9.43788
9.42329
9.41352
9.3979
9.3809
9.34616
9.30598
9.2484
9.18374
9.11856
9.05531
8.99671
8.96537
8.95947
8.97932
9.01646
9.06736
9.10974
9.13455
9.12991
9.11505
9.09847
9.09078
9.10308
9.14267
9.19377
9.24938
9.29632
9.31136
9.30765
9.2778
9.24795
9.21739
9.20411
9.21694
9.27156
9.35314
9.46786
9.58703
9.70583
9.79466
9.83712
9.83
9.77512
9.68018
9.54842
9.39807
9.25109
9.12211
9.01268
8.92633
8.87538
8.85506
8.86789
8.90991
8.96149
9.00358
9.03027
9.02457
8.99266
8.93854
8.88018
8.83471
8.81695
8.84655
8.92133
9.03879
9.18854
9.35464
9.52408
9.67945
9.81971
9.93633
10.0092
10.0285
9.99086
9.90447
9.78634
9.65438
9.53439
9.43239
9.35964
9.3084
9.27032
9.2308
9.17596
9.10699
9.02228
8.93294
8.84363
8.78318
8.75732
8.76489
8.80684
8.88311
8.97283
9.06689
9.14481
9.19272
9.21486
9.20466
9.16919
9.12486
9.0805
9.0416
9.01438
9.01543
9.04275
9.09204
9.1594
9.23352
9.31078
9.37513
9.41281
9.42063
9.40346
9.36361
9.31403
9.27159
9.23901
9.23409
9.25519
9.29757
9.3561
9.41629
9.46547
9.48535
9.47713
9.4481
9.40016
9.34327
9.2946
9.26448
9.25681
9.27326
9.29805
9.33287
9.36943
9.39709
9.4185
9.4418
9.44819
9.45648
9.45826
9.46639
9.47631
9.47563
9.46215
9.43866
9.38875
9.32354
9.2499
9.17164
9.10777
9.06873
9.05747
9.08074
9.12683
9.1899
9.25345
9.31517
9.36928
9.41353
9.43987
9.45986
9.46957
9.47576
9.48393
9.49065
9.51008
9.53046
9.55979
9.58578
9.60822
9.63093
9.64668
9.6403
9.60908
9.5543
9.47783
9.39447
9.3
9.22555
9.16346
9.12697
9.11053
9.10584
9.10242
9.09416
9.06518
9.02178
8.95972
8.88953
8.81625
8.74154
8.68287
8.64506
8.63431
8.65359
8.70204
8.78674
8.89033
9.01291
9.13951
9.26176
9.37675
9.47159
9.54634
9.59654
9.62677
9.63581
9.64232
9.64805
9.65326
9.66569
9.68417
9.70127
9.70675
9.69389
9.81229
9.90937
10.0935
10.2545
10.1741
9.82604
9.36543
8.82895
8.21358
7.70415
7.5098
7.67826
8.13965
8.6787
9.02583
9.04045
8.81767
8.56732
8.4536
8.5446
8.80921
9.1942
9.59742
9.91798
10.0873
10.129
10.1063
10.0938
10.1419
10.2601
10.429
10.6103
10.7677
10.866
10.9044
10.9001
10.8837
10.8695
10.8525
10.8204
10.7546
10.6503
10.5203
10.3911
10.2892
10.2198
10.1978
10.1946
10.1713
10.0892
9.92507
9.71071
9.49538
9.28486
9.11282
8.9697
8.85766
8.76574
8.69982
8.6668
8.65632
8.6745
8.72034
8.80011
8.90672
9.03087
9.16701
9.30526
9.44024
9.56859
9.68958
9.80091
9.9031
10.0031
10.1002
10.1926
10.2836
10.3752
10.4534
10.5029
10.5104
10.4791
10.4024
10.2778
10.1279
9.97174
9.83481
9.72703
9.65964
9.62534
9.61729
9.61903
9.61048
9.58895
9.56015
9.52243
9.47456
9.41092
9.33068
9.23137
9.12191
9.02295
8.94782
8.91723
8.94426
9.03548
9.18646
9.37995
9.60686
9.84344
10.0677
10.2474
10.3642
10.4153
10.413
10.3692
10.3191
10.2923
10.2912
10.3218
10.3745
10.4247
10.4456
10.4275
10.3667
10.2657
10.1192
9.93978
9.72916
9.50627
9.28386
9.07752
8.91424
8.80262
8.74457
8.73662
8.77249
8.83772
8.92121
9.01572
9.11263
9.20948
9.30093
9.38954
9.4773
9.55154
9.62062
9.70164
9.79234
9.88706
9.98154
10.069
10.1445
10.2037
10.2411
10.2495
10.2358
10.1925
10.139
10.0818
10.0306
9.98432
9.95171
9.92726
9.90332
9.87431
9.84868
9.82609
9.79888
9.76634
9.73736
9.70596
9.68119
9.66582
9.65447
9.64448
9.63349
9.62527
9.61232
9.59232
9.56032
9.51872
9.48183
9.44299
9.41835
9.41767
9.44721
9.50737
9.59441
9.69201
9.79694
9.89066
9.95988
9.99097
9.99029
9.9578
9.90565
9.8415
9.79192
9.75623
9.75556
9.78944
9.85717
9.95327
10.0643
10.1737
10.2673
10.3221
10.3277
10.2671
10.1602
10.02
9.87137
9.73668
9.6246
9.5496
9.50694
9.49608
9.50337
9.53048
9.57261
9.61155
9.64204
9.66106
9.65877
9.62629
9.57281
9.50841
9.43645
9.37618
9.32791
9.3022
9.29075
9.28793
9.29038
9.3014
9.32652
9.36533
9.43685
9.54771
9.6948
9.85814
10.0147
10.1401
10.2091
10.2089
10.1368
10.006
9.85426
9.69773
9.56298
9.47261
9.42047
9.40271
9.4084
9.43767
9.48021
9.53991
9.59998
9.65216
9.69286
9.71806
9.72946
9.74747
9.7706
9.80773
9.86445
9.93297
10.001
10.0586
10.0975
10.1005
10.0648
9.99609
9.9057
9.80496
9.70379
9.61437
9.5513
9.51036
9.51115
9.54073
9.58907
9.66126
9.72393
9.77171
9.79387
9.79658
9.79028
9.77694
9.76904
9.76838
9.76223
9.74751
9.72755
9.70171
9.67297
9.63931
9.6024
9.56008
9.51691
9.47628
9.42054
9.35766
9.30232
9.24995
9.20966
9.19585
9.22249
9.28331
9.3839
9.50957
9.65152
9.80115
9.93936
10.0573
10.142
10.1949
10.2093
10.1966
10.1532
10.0909
10.0186
9.94642
9.88103
9.82005
9.77659
9.74357
9.7241
9.71777
9.72186
9.7376
9.74119
9.74563
9.75125
9.75325
9.76244
9.77935
9.80254
9.81109
9.80917
9.78624
9.73377
9.65993
9.56504
9.45369
9.34
9.22359
9.1177
9.03307
8.98097
8.97522
9.02372
9.13458
9.3017
9.52084
9.76972
10.03
10.2784
10.4761
10.612
10.6615
10.6163
10.5002
10.3392
10.1712
10.0168
9.89495
9.8154
9.76619
9.74196
9.72897
9.70412
9.6768
9.63468
9.58259
9.52612
9.47846
9.44439
9.43294
9.43457
9.44812
9.47815
9.51765
9.56547
9.61835
9.6801
9.75053
9.82155
9.87332
9.89696
9.88462
9.83572
9.7632
9.68138
9.61244
9.57307
9.57612
9.61958
9.70039
9.80534
9.91658
10.021
10.102
10.1362
10.1165
10.0526
9.95737
9.84575
9.7323
9.63921
9.57492
9.54944
9.56818
9.6218
9.70437
9.80061
9.89346
9.98565
10.0651
10.1166
10.1379
10.127
10.0807
10.0079
9.91532
9.81325
9.71309
9.61913
9.53732
9.47456
9.42993
9.3996
9.37811
9.36045
9.33038
9.28472
9.23184
9.16627
9.11277
9.06478
9.0377
9.02155
9.03333
9.07719
9.15234
9.26491
9.404
9.55871
9.72612
9.89781
10.0651
10.2009
10.2967
10.3385
10.3218
10.2709
10.1815
10.0786
9.9903
9.91302
9.86167
9.83246
9.82382
9.83398
9.85432
9.8838
9.91299
9.9412
9.95716
9.96469
9.95813
9.91846
9.86859
9.79982
9.71453
9.61846
9.5255
9.43542
9.36968
9.33458
9.3364
9.37844
9.45238
9.552
9.66527
9.77532
9.86315
9.92255
9.94933
9.95104
9.93554
9.90155
9.85065
9.80026
9.74861
9.70047
9.65789
9.61375
9.56885
9.51675
9.45729
9.39105
9.3156
9.23274
9.16341
9.1128
9.07479
9.07083
9.10421
9.17941
9.28532
9.40929
9.55109
9.69549
9.82323
9.93548
10.0174
10.0679
10.0778
10.0548
10.0043
9.92795
9.82642
9.7005
9.57445
9.45848
9.36149
9.30375
9.28716
9.3219
9.40551
9.52053
9.65407
9.79241
9.91162
10.009
10.0681
10.0911
10.0839
10.0433
9.97545
9.89983
9.82613
9.76606
9.72652
9.70519
9.70076
9.71048
9.72432
9.74348
9.76639
9.79005
9.8197
9.84638
9.87443
9.89832
9.9283
9.96139
9.99489
10.0257
10.0518
10.0585
10.0639
10.0513
10.0285
9.99247
9.9323
9.85168
9.75025
9.63594
9.51752
9.41321
9.33234
9.27882
9.25708
9.2703
9.30263
9.34569
9.39183
9.43458
9.47329
9.52093
9.55646
9.5965
9.62993
9.64837
9.65473
9.64434
9.63003
9.60475
9.58974
9.57552
9.57365
9.58864
9.60361
9.61127
9.59868
9.56889
9.51723
9.46465
9.42578
9.39738
9.39319
9.41471
9.46146
9.53034
9.6201
9.72001
9.81001
9.88569
9.94132
9.96797
9.96509
9.95017
9.94354
9.95471
9.98926
10.055
10.1331
10.2048
10.2532
10.2676
10.25
10.1996
10.1318
10.0389
9.93646
9.8304
9.72456
9.6141
9.51113
9.42144
9.34034
9.28389
9.23837
9.21441
9.19872
9.20061
9.2145
9.23568
9.27148
9.31821
9.37608
9.43371
9.50435
9.57584
9.64315
9.7116
9.78115
9.85398
9.92106
9.98413
10.0533
10.1127
10.1793
10.2392
10.2903
10.3223
10.3346
10.3095
10.2442
10.1447
10.0159
9.86655
9.70947
9.55566
9.41534
9.29535
9.20639
9.16521
9.16009
9.19002
9.25971
9.35584
9.46842
9.59086
9.71416
9.82682
9.91404
9.96973
9.99737
10.0108
10.0121
10.0129
10.0197
10.0267
10.0237
10.0004
9.96493
9.91856
9.85086
9.77597
9.68889
9.60283
9.52579
9.45669
9.40032
9.36517
9.36256
9.38302
9.41609
9.46688
9.52651
9.58977
9.65732
9.71319
9.75604
9.77933
9.7748
9.73636
9.66479
9.56373
9.45231
9.33785
9.23685
9.17975
9.16046
9.18073
9.23036
9.30057
9.38237
9.47283
9.56667
9.6787
9.80823
9.9525
10.0936
10.2022
10.2491
10.2248
10.1397
10.0365
9.94591
9.88998
9.88401
9.9175
9.96823
10.0169
10.0325
10.0104
9.95813
9.89053
9.82995
9.79134
9.78444
9.81044
9.87064
9.9475
10.0325
10.1067
10.1679
10.19
10.1724
10.1146
10.0117
9.8749
9.71669
9.55917
9.41636
9.29422
9.20902
9.15288
9.14243
9.16233
9.19984
9.25679
9.29495
9.32169
9.3277
9.31253
9.27479
9.23845
9.20174
9.17518
9.16638
9.17953
9.21076
9.25372
9.30689
9.36518
9.41769
9.47734
9.54918
9.6362
9.73319
9.84193
9.94892
10.0388
10.1069
10.16
10.1898
10.2025
10.2095
10.2255
10.2292
10.2329
10.2193
10.186
10.1316
10.0574
9.9689
9.87841
9.79806
9.73189
9.68362
9.6518
9.64998
9.66478
9.71143
9.76519
9.81766
9.85747
9.87647
9.87589
9.86186
9.84039
9.81307
9.78003
9.73633
9.68612
9.64167
9.60654
9.59334
9.59751
9.62802
9.67952
9.73281
9.76916
9.77145
9.72589
9.64302
9.54085
9.43309
9.34429
9.29202
9.27987
9.29746
9.32839
9.37942
9.42718
9.47877
9.52632
9.56659
9.6043
9.63061
9.65065
9.66101
9.65831
9.65281
9.64226
9.63579
9.63141
9.63489
9.652
9.67001
9.68898
9.70703
9.73382
9.77295
9.83578
9.9253
10.0358
10.1467
10.2455
10.3152
10.3446
10.3237
10.2521
10.1234
9.95003
9.74581
9.52643
9.31624
9.12849
8.9771
8.87501
8.82119
8.81396
8.85364
8.93512
9.0537
9.20284
9.36224
9.52445
9.67859
9.81536
9.92632
9.99494
10.0215
10.0074
9.96913
9.91864
9.86685
9.81504
9.77913
9.75521
9.75192
9.76286
9.79467
9.84633
9.91521
9.99301
10.0754
10.1418
10.1906
10.2075
10.1716
10.0907
9.96547
9.79864
9.62449
9.45799
9.31171
9.20547
9.14019
9.11717
9.13014
9.18147
9.26754
9.38172
9.50747
9.6427
9.77282
9.8812
9.94521
9.95327
9.90737
9.82001
9.7114
9.60956
9.54028
9.51374
9.53844
9.59701
9.68242
9.78544
9.89347
9.9936
10.0652
10.0895
10.0605
9.96579
9.82247
9.65613
9.49483
9.36615
9.28963
9.2692
9.3
9.3733
9.4704
9.56645
9.64003
9.6837
9.67835
9.63834
9.57847
9.5044
9.43524
9.35736
9.26775
9.1751
9.09682
9.05096
9.05569
9.10241
9.18603
9.29618
9.41783
9.54406
9.67276
9.80008
9.92422
10.0436
10.1626
10.2754
10.3791
10.478
10.5638
10.6267
10.661
10.6588
10.6131
10.53
10.4103
10.2501
10.076
9.88391
9.70251
9.54333
9.41509
9.31958
9.27434
9.28004
9.32731
9.40342
9.50267
9.6094
9.70362
9.77693
9.82005
9.83876
9.83073
9.8088
9.77724
9.73551
9.69001
9.62251
9.53456
9.41648
9.29039
9.16489
9.06146
9.00287
9.00688
9.07937
9.22678
9.42776
9.66162
9.91356
10.1555
10.3511
10.4744
10.5102
10.4425
10.2909
10.0858
9.86096
9.64517
9.46278
9.32358
9.22291
9.15691
9.1217
9.12186
9.15313
9.22002
9.31656
9.4309
9.54819
9.65373
9.73094
9.78387
9.80634
9.80796
9.78848
9.75027
9.69206
9.6304
9.56948
9.52663
9.5118
9.53154
9.58016
9.65144
9.73658
9.82504
9.91354
9.99873
10.06
10.0979
10.0917
10.0547
10.0009
9.94238
9.89251
9.85308
9.82112
9.80124
9.78779
9.77065
9.74815
9.73636
9.7341
9.74709
9.78172
9.82248
9.86852
9.89857
9.91061
9.89377
9.84261
9.7667
9.67742
9.5907
9.51614
9.46581
9.43856
9.43914
9.47051
9.51494
9.56478
9.62564
9.67891
9.72873
9.76593
9.78896
9.80851
9.8244
9.82859
9.82913
9.82909
9.82749
9.82273
9.82116
9.80921
9.79618
9.77239
9.7442
9.71958
9.70484
9.70444
9.71534
9.74079
9.773
9.81502
9.85161
9.88754
9.90887
9.91443
9.89006
9.83836
9.76229
9.65597
9.53499
9.40683
9.28339
9.16938
9.09387
9.06542
9.08797
9.16271
9.28602
9.44285
9.61776
9.79011
9.93851
10.0519
10.1252
10.1538
10.1331
10.0744
9.97713
9.85114
9.70972
9.5633
9.44096
9.35851
9.3198
9.33342
9.3988
9.51153
9.65482
9.81957
9.97629
10.1128
10.2139
10.2644
10.2446
10.1585
10.0196
9.84849
9.66002
9.48937
9.34287
9.23569
9.17926
9.17294
9.22378
9.30395
9.40602
9.51582
9.61946
9.69712
9.7465
9.76397
9.75123
9.70863
9.6396
9.55749
9.46371
9.37788
9.31767
9.29385
9.30698
9.36421
9.44421
9.55849
9.69016
9.83831
9.99892
10.1555
10.2815
10.3599
10.3794
10.3298
10.225
10.0887
9.94331
9.80001
9.6866
9.60038
9.55357
9.54279
9.56945
9.62446
9.69346
9.75749
9.8115
9.83732
9.84437
9.83304
9.80823
9.78011
9.73942
9.68187
9.60981
9.52235
9.43248
9.34124
9.2565
9.19629
9.16913
9.17878
9.24122
9.34142
9.47455
9.63571
9.7967
9.94641
10.0647
10.1431
10.1849
10.1926
10.1678
10.1046
10.0225
9.9091
9.77182
9.63447
9.50702
9.40523
9.34655
9.32926
9.34328
9.39695
9.4711
9.55589
9.65122
9.75091
9.84782
9.92346
9.95802
9.95753
9.92453
9.86957
9.80935
9.7534
9.71419
9.68574
9.68184
9.69366
9.72197
9.75767
9.79847
9.82895
9.85322
9.85947
9.84245
9.80666
9.75503
9.69774
9.64966
9.62104
9.6275
9.67175
9.74907
9.83445
9.91113
9.96082
9.98968
10.0038
10.0085
10.0108
10.0084
10.0157
10.0186
10.0163
10.0075
9.99664
9.97182
9.93255
9.88446
9.82895
9.7721
9.71528
9.65215
9.59183
9.53393
9.48441
9.458
9.43603
9.42354
9.40376
9.36684
9.31215
9.24288
9.16355
9.09241
9.03078
9.00515
9.01034
9.05641
9.14522
9.26168
9.40935
9.57256
9.73383
9.87429
9.97652
10.0246
10.0341
10.001
9.94011
9.86263
9.77901
9.69624
9.61957
9.56049
9.52375
9.51591
9.53478
9.57882
9.63664
9.69636
9.75146
9.80055
9.84183
9.87648
9.90198
9.91509
9.9188
9.89507
9.86946
9.8521
9.8626
9.89719
9.95486
10.0295
10.1061
10.1614
10.177
10.1484
10.0704
9.96877
9.8533
9.74174
9.65553
9.59386
9.55478
9.53504
9.51686
9.49098
9.4464
9.38842
9.32924
9.28157
9.26202
9.26421
9.29493
9.35064
9.42204
9.50053
9.57573
9.63155
9.66788
9.67748
9.65778
9.61212
9.53506
9.43954
9.33745
9.242
9.17589
9.14343
9.14923
9.20272
9.30424
9.44386
9.60563
9.78749
9.97361
10.1566
10.3297
10.4705
10.5633
10.6099
10.5975
10.5469
10.4564
10.3428
10.2094
10.0696
9.93198
9.80303
9.68625
9.58006
9.48629
9.41445
9.35343
9.30754
9.278
9.25722
9.24148
9.23572
9.23466
9.23794
9.24394
9.26123
9.29579
9.34539
9.39975
9.45863
9.50433
9.54389
9.57614
9.6012
9.61369
9.63211
9.66212
9.69351
9.73035
9.7671
9.80324
9.83324
9.84389
9.83597
9.8074
9.76403
9.7129
9.66886
9.63855
9.62637
9.63431
9.65122
9.66976
9.68313
9.66978
9.63526
9.58408
9.53801
9.51157
9.52008
9.57802
9.69327
9.84944
10.0314
10.2009
10.3421
10.4229
10.4363
10.3773
10.2617
10.1202
9.97093
9.85938
9.78568
9.74819
9.73419
9.72862
9.72075
9.69175
9.65225
9.61261
9.59602
9.60648
9.6435
9.68962
9.74026
9.77804
9.7967
9.78693
9.75004
9.69631
9.6328
9.56724
9.50636
9.45987
9.43232
9.40956
9.39252
9.38061
9.3673
9.34804
9.34067
9.34989
9.39225
9.45563
9.54251
