0.793271
0.770445
0.732688
0.681657
0.619519
0.549364
0.475208
0.401784
0.33416
0.277106
0.234349
0.207901
0.197782
0.202139
0.217749
0.240718
0.267118
0.293482
0.317096
0.336085
0.349423
0.356856
0.358745
0.355925
0.349591
0.341138
0.332052
0.323805
0.31776
0.315109
0.316769
0.323349
0.335017
0.351471
0.371895
0.394992
0.419177
0.44268
0.46384
0.48125
0.493911
0.501256
0.50324
0.500229
0.492994
0.482585
0.470148
0.456828
0.44365
0.431347
0.420387
0.410982
0.403159
0.396833
0.3919
0.388327
0.386129
0.385406
0.386283
0.388823
0.39297
0.398528
0.405119
0.412228
0.419248
0.425622
0.430934
0.43495
0.437589
0.438917
0.439073
0.438192
0.436445
0.433981
0.430959
0.427526
0.423889
0.420237
0.416732
0.413583
0.410977
0.409026
0.407868
0.407572
0.408184
0.409589
0.41149
0.41337
0.414607
0.41455
0.412668
0.408665
0.402604
0.394912
0.386299
0.377722
0.37013
0.364314
0.360779
0.359647
0.360726
0.36357
0.367557
0.371995
0.376218
0.379616
0.381698
0.382113
0.380786
0.377904
0.373952
0.369667
0.365977
0.363862
0.364211
0.367686
0.374553
0.384688
0.397569
0.412375
0.428098
0.443656
0.458037
0.470307
0.479772
0.485941
0.488516
0.487479
0.483047
0.475618
0.465818
0.454413
0.442314
0.430476
0.419847
0.411289
0.405426
0.402568
0.402505
0.404502
0.407538
0.410551
0.412778
0.413752
0.413315
0.411559
0.408631
0.404725
0.400067
0.394891
0.389496
0.384233
0.379496
0.375688
0.373181
0.372306
0.373329
0.376423
0.381594
0.388554
0.396648
0.404885
0.412139
0.417409
0.420034
0.419822
0.417088
0.412531
0.406994
0.401276
0.395937
0.391259
0.387384
0.384408
0.382557
0.382204
0.383759
0.387494
0.393385
0.401161
0.410336
0.420256
0.430259
0.439667
0.447812
0.454174
0.458284
0.459833
0.458716
0.455026
0.44907
0.441373
0.432619
0.423571
0.415064
0.407885
0.40264
0.399691
0.399078
0.400554
0.403633
0.407667
0.411997
0.416084
0.419498
0.421977
0.423393
0.423773
0.423233
0.421939
0.420149
0.418076
0.415824
0.413423
0.41079
0.407869
0.404654
0.401203
0.397666
0.394233
0.391067
0.388304
0.386054
0.3844
0.38339
0.383093
0.383588
0.384929
0.387165
0.390301
0.394184
0.39854
0.402977
0.406967
0.409979
0.411597
0.41156
0.409869
0.406785
0.40274
0.398269
0.39382
0.389752
0.386256
0.383352
0.380968
0.379042
0.377582
0.376657
0.376395
0.376905
0.378236
0.380328
0.383005
0.38608
0.389368
0.392758
0.396279
0.400068
0.404245
0.408888
0.414004
0.419541
0.425436
0.431668
0.438177
0.44484
0.451441
0.45764
0.46301
0.467154
0.469716
0.470452
0.469299
0.466303
0.461635
0.45555
0.448309
0.440146
0.431284
0.422005
0.412614
0.403462
0.394954
0.387568
0.381793
0.378084
0.376742
0.377821
0.381044
0.385793
0.391148
0.396079
0.39959
0.400936
0.399769
0.396216
0.390893
0.384812
0.379228
0.375389
0.374317
0.376617
0.382381
0.391242
0.402432
0.414901
0.427483
0.439025
0.44853
0.455209
0.458557
0.458318
0.454504
0.44732
0.437191
0.424756
0.410895
0.396658
0.383235
0.371779
0.36329
0.358465
0.357524
0.360223
0.366015
0.374127
0.383723
0.394004
0.404242
0.413771
0.421972
0.428317
0.432487
0.43441
0.434256
0.432414
0.429398
0.425733
0.421929
0.418421
0.415509
0.413377
0.412107
0.41169
0.412053
0.413121
0.414791
0.416953
0.419463
0.422112
0.424633
0.426718
0.428024
0.428322
0.427517
0.425665
0.422888
0.419339
0.415065
0.410044
0.404245
0.397706
0.390627
0.383379
0.37656
0.370891
0.367076
0.36566
0.366901
0.370705
0.376705
0.384315
0.392873
0.401733
0.410324
0.418164
0.424859
0.430066
0.433544
0.435143
0.434807
0.432593
0.42866
0.423343
0.417119
0.410585
0.404455
0.399489
0.396326
0.395377
0.396738
0.400083
0.40476
0.409961
0.414908
0.419005
0.421887
0.42351
0.424022
0.42371
0.422899
0.421861
0.420773
0.419749
0.418733
0.41753
0.415901
0.413582
0.410312
0.405972
0.400684
0.3949
0.38935
0.385021
0.383007
0.384125
0.388719
0.396498
0.406575
0.417704
0.428594
0.438192
0.44576
0.450891
0.453491
0.453625
0.451485
0.447335
0.441456
0.434115
0.425605
0.416186
0.406187
0.39599
0.386059
0.376989
0.369445
0.364124
0.361686
0.362591
0.366954
0.374439
0.384257
0.395245
0.40608
0.415526
0.422586
0.426699
0.427781
0.426184
0.422606
0.418009
0.413336
0.409362
0.406545
0.405074
0.404956
0.406162
0.408637
0.412215
0.416421
0.420411
0.423098
0.423532
0.42113
0.415815
0.408012
0.398621
0.388806
0.379872
0.373023
0.369102
0.368496
0.371142
0.376608
0.384231
0.393212
0.402794
0.412214
0.420815
0.428075
0.433669
0.437495
0.439668
0.440462
0.440277
0.439492
0.43844
0.437343
0.436374
0.435624
0.435076
0.434675
0.434266
0.433621
0.432561
0.430921
0.428646
0.425812
0.422506
0.418866
0.415094
0.411426
0.408188
0.405689
0.404208
0.403886
0.404574
0.405909
0.407338
0.408318
0.408433
0.407442
0.405263
0.401971
0.397688
0.392589
0.386932
0.381019
0.375212
0.369957
0.365723
0.362959
0.361968
0.36288
0.365594
0.369806
0.375047
0.380801
0.386544
0.391845
0.396358
0.399887
0.402411
0.40406
0.40511
0.405876
0.406671
0.40764
0.408739
0.409808
0.410643
0.41107
0.411047
0.410606
0.409845
0.408882
0.407872
0.407034
0.406667
0.407087
0.408534
0.411115
0.414671
0.418772
0.422849
0.426364
0.429039
0.430941
0.432479
0.43411
0.436123
0.438534
0.441099
0.443414
0.444998
0.445404
0.44431
0.441473
0.436925
0.430963
0.424255
0.417754
0.412488
0.409198
0.408136
0.409013
0.41112
0.413564
0.415456
0.416131
0.415205
0.41256
0.408321
0.402806
0.396529
0.390116
0.384303
0.379798
0.377183
0.376745
0.378391
0.381696
0.386072
0.39093
0.395731
0.400114
0.403846
0.406866
0.40924
0.411116
0.412712
0.414206
0.415678
0.417066
0.418235
0.419054
0.419378
0.419171
0.4185
0.417422
0.416022
0.414289
0.412207
0.409796
0.407142
0.404496
0.402161
0.400511
0.39988
0.400518
0.402427
0.405478
0.409316
0.413568
0.417857
0.421848
0.425266
0.427852
0.429423
0.429757
0.428749
0.426379
0.422797
0.418309
0.413388
0.40857
0.404349
0.401059
0.398834
0.39763
0.397259
0.397456
0.398028
0.398876
0.400076
0.401794
0.404242
0.407525
0.411579
0.416134
0.420864
0.425485
0.429789
0.433614
0.436835
0.439307
0.440914
0.441484
0.440877
0.438893
0.435323
0.429999
0.422858
0.413982
0.403698
0.392556
0.381367
0.371027
0.362471
0.356423
0.353261
0.352904
0.354856
0.358395
0.362712
0.367166
0.371376
0.375188
0.378591
0.381504
0.383716
0.384957
0.385079
0.384232
0.382909
0.381882
0.382032
0.384118
0.388634
0.395698
0.405043
0.41613
0.428203
0.440437
0.45206
0.462403
0.47093
0.477218
0.480982
0.482025
0.480202
0.475449
0.467837
0.457648
0.445396
0.431827
0.417931
0.404827
0.393627
0.385281
0.380359
0.379038
0.38113
0.386085
0.3931
0.40125
0.409511
0.416901
0.422562
0.42591
0.42669
0.425013
0.421281
0.416104
0.410162
0.404093
0.398519
0.393986
0.390979
0.38987
0.390795
0.393583
0.397638
0.402071
0.405957
0.408578
0.409546
0.408936
0.40717
0.404857
0.402605
0.40085
0.399787
0.399304
0.399086
0.398743
0.39799
0.39677
0.395308
0.394067
0.393576
0.394341
0.396642
0.40045
0.405395
0.410816
0.415886
0.419791
0.421872
0.421757
0.419408
0.415167
0.409667
0.403686
0.398001
0.393257
0.389877
0.388066
0.387902
0.389385
0.392496
0.397245
0.403555
0.411211
0.419783
0.428592
0.436843
0.44372
0.448542
0.45084
0.450387
0.447213
0.441554
0.433827
0.424638
0.414758
0.405042
0.396416
0.389719
0.385562
0.38418
0.385383
0.388586
0.392953
0.397496
0.40128
0.403511
0.40371
0.401791
0.398051
0.393101
0.38772
0.382751
0.378955
0.376937
0.377079
0.379584
0.384403
0.39122
0.399529
0.408672
0.417927
0.426559
0.43393
0.439545
0.443096
0.444492
0.443828
0.441372
0.437558
0.432867
0.427746
0.422506
0.417288
0.412072
0.406704
0.401033
0.395081
0.388998
0.383125
0.377933
0.373916
0.371547
0.371136
0.372789
0.376382
0.381624
0.388046
0.395129
0.402458
0.409758
0.416892
0.423846
0.430624
0.437106
0.442932
0.447545
0.450333
0.450796
0.4487
0.444151
0.437552
0.429447
0.420481
0.411305
0.402523
0.394575
0.387772
0.382347
0.37843
0.37606
0.375252
0.375915
0.377931
0.381107
0.385157
0.389702
0.39431
0.398504
0.401884
0.4041
0.405027
0.404822
0.403909
0.402862
0.402342
0.402972
0.405212
0.409281
0.415105
0.422238
0.430004
0.437683
0.444602
0.450317
0.454551
0.457203
0.458212
0.457563
0.455233
0.451252
0.445691
0.438772
0.430841
0.422375
0.413905
0.405815
0.398377
0.391649
0.385536
0.379863
0.374451
0.369243
0.364307
0.359825
0.356058
0.353288
0.351772
0.351715
0.353184
0.356209
0.360723
0.366614
0.373714
0.381789
0.390509
0.399487
0.408296
0.416477
0.423676
0.429663
0.434349
0.437718
0.439844
0.440818
0.440767
0.439867
0.438439
0.43702
0.436233
0.436715
0.438816
0.442479
0.447188
0.452047
0.456024
0.45822
0.457976
0.455077
0.449765
0.442659
0.434585
0.426457
0.419105
0.413131
0.408758
0.405814
0.403785
0.40197
0.399649
0.396309
0.391846
0.386673
0.381593
0.377558
0.375403
0.375568
0.377994
0.382224
0.38758
0.393384
0.399034
0.40414
0.408478
0.411933
0.414473
0.416053
0.416575
0.415938
0.414101
0.411165
0.407438
0.403356
0.399437
0.396177
0.393937
0.392835
0.392764
0.39346
0.394605
0.395949
0.397364
0.398893
0.400664
0.402834
0.405533
0.408766
0.412393
0.416157
0.419765
0.422919
0.425402
0.42708
0.427938
0.427996
0.427353
0.426159
0.424632
0.906801
0.990623
1.04532
1.07218
1.07291
1.04937
1.00386
0.939458
0.860598
0.773382
0.685432
0.604882
0.53874
0.491346
0.46376
0.454162
0.458967
0.474025
0.495447
0.519946
0.544716
0.567248
0.585257
0.596933
0.601374
0.598823
0.590635
0.579028
0.566595
0.555832
0.548704
0.546408
0.549351
0.557209
0.569011
0.583461
0.599271
0.61545
0.631514
0.647392
0.663069
0.678232
0.692079
0.703362
0.710655
0.712659
0.708448
0.697682
0.680716
0.658655
0.633321
0.607029
0.582245
0.561035
0.544748
0.533937
0.528582
0.528266
0.532316
0.539993
0.550632
0.56374
0.578837
0.595239
0.611964
0.627717
0.641077
0.650736
0.655724
0.655556
0.6504
0.641085
0.629068
0.61634
0.605008
0.596822
0.592698
0.592546
0.595474
0.600171
0.605486
0.610659
0.615249
0.619085
0.62214
0.624471
0.626204
0.627487
0.628561
0.629651
0.630927
0.632446
0.634158
0.635778
0.636798
0.63647
0.634009
0.628851
0.620731
0.609704
0.596135
0.580606
0.563964
0.547386
0.532449
0.521072
0.515184
0.516166
0.524381
0.53894
0.558056
0.579711
0.602117
0.623945
0.644151
0.661893
0.676365
0.68684
0.6928
0.694089
0.691074
0.684432
0.67511
0.664132
0.652344
0.640289
0.628272
0.616441
0.604921
0.593929
0.583792
0.574889
0.567685
0.562714
0.560494
0.561527
0.566129
0.574213
0.5852
0.598082
0.611595
0.62453
0.635907
0.645051
0.65167
0.655712
0.657295
0.656574
0.653602
0.64824
0.64028
0.629668
0.616795
0.602577
0.588569
0.576629
0.568471
0.565009
0.565988
0.570095
0.57558
0.580964
0.585527
0.589437
0.593362
0.598037
0.603865
0.61079
0.618409
0.6262
0.633617
0.64004
0.644885
0.647604
0.647874
0.645778
0.641886
0.637118
0.632474
0.628678
0.626065
0.624586
0.623915
0.623596
0.623165
0.622143
0.620173
0.617102
0.613169
0.609033
0.605776
0.604589
0.606425
0.61148
0.618922
0.62698
0.633581
0.63692
0.63598
0.630502
0.620846
0.60778
0.592384
0.575984
0.560201
0.546795
0.537414
0.533296
0.53507
0.542627
0.55518
0.571499
0.590049
0.609203
0.627371
0.643158
0.655536
0.663817
0.667713
0.667176
0.662442
0.653907
0.642172
0.628011
0.612467
0.596859
0.582736
0.571626
0.564728
0.562616
0.565055
0.571072
0.579346
0.588614
0.59802
0.607115
0.615829
0.624206
0.632231
0.639678
0.646107
0.650956
0.653583
0.653457
0.650263
0.644061
0.63532
0.624852
0.613729
0.603064
0.593749
0.58633
0.581037
0.577856
0.576696
0.577445
0.580029
0.584319
0.59012
0.59722
0.605162
0.613144
0.620131
0.625059
0.627276
0.626675
0.623688
0.619112
0.613922
0.608976
0.604857
0.601859
0.600022
0.599217
0.599325
0.600342
0.602461
0.605995
0.611197
0.617953
0.6257
0.633393
0.639686
0.643219
0.643054
0.638997
0.631822
0.623046
0.614511
0.607779
0.603793
0.602733
0.604277
0.607777
0.612492
0.617567
0.622064
0.625057
0.625806
0.623818
0.618971
0.611579
0.602238
0.591611
0.580365
0.569128
0.558589
0.549649
0.543475
0.541383
0.544425
0.552971
0.566405
0.583218
0.601453
0.61929
0.635427
0.649067
0.659776
0.667363
0.671776
0.673133
0.671657
0.667871
0.662413
0.655999
0.649221
0.64242
0.635602
0.628475
0.620703
0.612279
0.60396
0.597165
0.593468
0.593828
0.597939
0.604188
0.610444
0.614867
0.61636
0.614729
0.610605
0.60523
0.600107
0.596795
0.596506
0.599819
0.606607
0.616035
0.626809
0.637461
0.646585
0.653143
0.656671
0.657269
0.655363
0.651391
0.645656
0.638284
0.629399
0.619125
0.607702
0.595388
0.582459
0.569251
0.556225
0.544061
0.533711
0.526294
0.522883
0.524198
0.53032
0.540548
0.553534
0.567608
0.581202
0.593092
0.602514
0.609277
0.613732
0.616578
0.618647
0.620712
0.623272
0.626434
0.629923
0.633287
0.636139
0.638261
0.639712
0.640717
0.64158
0.642558
0.643835
0.645509
0.647683
0.650445
0.653765
0.657188
0.659673
0.659835
0.656387
0.648656
0.636984
0.622733
0.607968
0.594834
0.584922
0.578889
0.576591
0.577332
0.580235
0.58444
0.589187
0.593862
0.597913
0.600922
0.602571
0.602665
0.601177
0.598332
0.594584
0.590615
0.58718
0.585059
0.584796
0.586598
0.590313
0.595521
0.601654
0.608156
0.614638
0.620796
0.626338
0.630963
0.634249
0.63591
0.635813
0.634094
0.631088
0.627363
0.623604
0.62044
0.618064
0.616187
0.614343
0.612368
0.610499
0.609235
0.609068
0.610236
0.612776
0.616531
0.621146
0.626072
0.630515
0.633519
0.634193
0.631938
0.62662
0.618638
0.608872
0.598621
0.589489
0.58309
0.580745
0.583068
0.589862
0.600127
0.612431
0.625208
0.636908
0.646148
0.651781
0.652961
0.649325
0.641133
0.629266
0.615105
0.600141
0.585672
0.572716
0.562077
0.554383
0.550076
0.549285
0.551706
0.556619
0.562998
0.569758
0.575989
0.581137
0.585074
0.588155
0.591106
0.594903
0.600507
0.608623
0.619511
0.63283
0.647587
0.662322
0.67536
0.685011
0.690094
0.690049
0.685003
0.675649
0.663065
0.648396
0.632656
0.616747
0.601456
0.587396
0.575016
0.564628
0.556477
0.550895
0.54825
0.548901
0.552907
0.55997
0.56935
0.580085
0.591251
0.602243
0.612907
0.623327
0.633635
0.643686
0.653003
0.660812
0.666276
0.668708
0.667798
0.663665
0.656897
0.648426
0.639275
0.630374
0.622475
0.616155
0.611709
0.609206
0.608488
0.609089
0.6105
0.612204
0.613848
0.615286
0.616521
0.617646
0.618705
0.619629
0.620162
0.619926
0.618531
0.615625
0.611078
0.605024
0.597965
0.590704
0.584379
0.58012
0.578617
0.57972
0.582528
0.585688
0.588056
0.589146
0.589206
0.588906
0.589006
0.589917
0.591546
0.593484
0.595168
0.596082
0.595881
0.594428
0.591849
0.588564
0.585234
0.582578
0.581216
0.581495
0.583431
0.586783
0.591234
0.596501
0.602503
0.609304
0.616948
0.625338
0.63409
0.64251
0.649736
0.654899
0.65724
0.656254
0.651754
0.643938
0.633332
0.620801
0.607371
0.594187
0.582429
0.57317
0.567199
0.56485
0.56605
0.570517
0.577771
0.587372
0.598839
0.611619
0.624938
0.637768
0.648949
0.657291
0.661854
0.662155
0.658208
0.650628
0.640517
0.629367
0.618834
0.610408
0.605228
0.603899
0.606416
0.612249
0.620384
0.629445
0.637877
0.644232
0.647387
0.646769
0.642335
0.634559
0.624413
0.613224
0.602366
0.593006
0.58591
0.581371
0.579211
0.578953
0.579978
0.581539
0.582913
0.583554
0.583176
0.581867
0.580063
0.578495
0.577973
0.579156
0.582375
0.587601
0.594395
0.60202
0.609505
0.615847
0.620131
0.621771
0.620684
0.617374
0.612874
0.608468
0.605429
0.604629
0.606385
0.610395
0.615903
0.621887
0.627237
0.630944
0.632041
0.629812
0.623873
0.614388
0.60219
0.588739
0.5758
0.56509
0.557867
0.554764
0.55578
0.56053
0.568443
0.57895
0.591479
0.605349
0.61974
0.633643
0.646027
0.656002
0.663036
0.667097
0.668601
0.66823
0.666627
0.664142
0.660823
0.656457
0.650746
0.643385
0.634151
0.622958
0.609881
0.595259
0.579659
0.563964
0.549372
0.537308
0.529305
0.526753
0.530545
0.540816
0.556784
0.576848
0.598771
0.620144
0.638766
0.652795
0.661083
0.663165
0.659237
0.650168
0.637184
0.621789
0.605621
0.59028
0.577045
0.566812
0.560075
0.557133
0.558066
0.562654
0.570205
0.579561
0.589262
0.597825
0.604093
0.607407
0.607632
0.605065
0.600313
0.594341
0.58831
0.583509
0.581232
0.58258
0.588206
0.598022
0.611069
0.625634
0.639623
0.651059
0.658494
0.661158
0.65893
0.652212
0.641819
0.628829
0.614612
0.600732
0.588761
0.580097
0.575748
0.576104
0.58092
0.589362
0.600231
0.612196
0.623891
0.634123
0.64198
0.64678
0.648143
0.64608
0.640886
0.633164
0.623786
0.613688
0.60374
0.594654
0.58697
0.581111
0.577538
0.576681
0.578693
0.583186
0.589201
0.595419
0.600776
0.604948
0.608401
0.611979
0.61632
0.621375
0.626469
0.63068
0.633209
0.633598
0.63172
0.627729
0.622105
0.615526
0.608892
0.603091
0.598712
0.595822
0.5939
0.592207
0.590064
0.58713
0.58337
0.578982
0.57429
0.569687
0.565594
0.56236
0.560329
0.559818
0.561236
0.564974
0.571306
0.580295
0.591691
0.604945
0.619303
0.633799
0.647451
0.65932
0.668685
0.67515
0.678583
0.678982
0.676367
0.670821
0.662478
0.651734
0.639362
0.626538
0.614811
0.605751
0.600461
0.599211
0.601285
0.605114
0.608824
0.610811
0.610117
0.606551
0.60055
0.593121
0.585536
0.579123
0.57503
0.573916
0.575849
0.580329
0.586448
0.593233
0.599912
0.606059
0.611647
0.616945
0.622267
0.627713
0.633134
0.638072
0.641988
0.644424
0.645129
0.644012
0.641091
0.636406
0.630008
0.622067
0.612895
0.603029
0.59317
0.584188
0.577063
0.572797
0.572116
0.575287
0.58196
0.591036
0.600997
0.610294
0.617785
0.622858
0.625488
0.626132
0.625471
0.624141
0.622501
0.620617
0.61827
0.615207
0.611343
0.606942
0.602569
0.598967
0.596924
0.597017
0.599638
0.604844
0.612343
0.621367
0.630724
0.638945
0.644546
0.64638
0.643988
0.637667
0.628493
0.618199
0.608806
0.602152
0.599531
0.60132
0.606914
0.614907
0.623495
0.630966
0.636099
0.638276
0.637415
0.633802
0.627819
0.619944
0.61066
0.60052
0.590127
0.580231
0.571691
0.565395
0.562079
0.562134
0.565526
0.571835
0.580424
0.590532
0.601365
0.612124
0.622002
0.630125
0.635626
0.637894
0.636686
0.632301
0.625462
0.617111
0.608175
0.599338
0.591083
0.583751
0.577664
0.573143
0.57039
0.569347
0.569843
0.571839
0.575667
0.582081
0.59186
0.605127
0.620949
0.637481
0.652627
0.66468
0.672609
0.676104
0.67549
0.671384
0.664575
0.655814
0.645714
0.634766
0.623431
0.612347
0.602294
0.59416
0.588692
0.586233
0.586456
0.588454
0.591054
0.593344
0.594966
0.596222
0.597824
0.60046
0.604448
0.943969
1.06008
1.14045
1.18814
1.2068
1.2
1.17131
1.12426
1.06277
0.991396
0.915362
0.84037
0.772061
0.715254
0.673154
0.646677
0.634291
0.632523
0.636912
0.643156
0.647908
0.64918
0.646371
0.640007
0.631413
0.622189
0.61378
0.607239
0.603068
0.601372
0.602057
0.605041
0.610252
0.617591
0.626782
0.637517
0.649594
0.662862
0.677092
0.691691
0.705809
0.718371
0.72845
0.735501
0.739539
0.741127
0.741291
0.741144
0.741551
0.742797
0.74453
0.746011
0.746299
0.744665
0.740718
0.73443
0.726121
0.71641
0.706249
0.696787
0.689176
0.684344
0.682724
0.684224
0.688266
0.694
0.700481
0.70675
0.71188
0.715084
0.715734
0.713486
0.708508
0.701671
0.694329
0.687877
0.683272
0.680926
0.680941
0.683358
0.688218
0.695507
0.705169
0.717116
0.731092
0.746666
0.763073
0.779163
0.793693
0.805576
0.814179
0.819454
0.821739
0.821423
0.818592
0.813014
0.804255
0.791793
0.775247
0.754459
0.729739
0.70209
0.673249
0.645578
0.621544
0.603267
0.592207
0.588917
0.593061
0.603416
0.618215
0.635505
0.653551
0.6712
0.687982
0.703889
0.718971
0.733143
0.746011
0.757058
0.765718
0.771319
0.773341
0.77154
0.765922
0.756874
0.745156
0.731819
0.718119
0.705329
0.694594
0.686753
0.682253
0.681081
0.682945
0.687305
0.693442
0.700442
0.707173
0.712429
0.715282
0.715358
0.712934
0.708848
0.704312
0.700483
0.698076
0.697195
0.697317
0.697486
0.696761
0.694546
0.690891
0.686613
0.68318
0.682389
0.685735
0.693791
0.705927
0.72045
0.73512
0.747817
0.757046
0.762187
0.763318
0.761021
0.756118
0.749609
0.742524
0.735933
0.730735
0.727418
0.725954
0.725846
0.726554
0.7278
0.729766
0.732993
0.738018
0.74488
0.752896
0.760638
0.766431
0.768861
0.767209
0.761525
0.752387
0.740813
0.727809
0.714295
0.701019
0.68855
0.677359
0.667861
0.660477
0.655485
0.652955
0.652706
0.654494
0.657985
0.662837
0.668747
0.675511
0.683022
0.691186
0.699653
0.707645
0.714029
0.71764
0.717704
0.71414
0.707544
0.699082
0.69039
0.683339
0.67984
0.681204
0.68776
0.698874
0.713199
0.728938
0.744182
0.757149
0.766296
0.770525
0.76929
0.76261
0.751146
0.736144
0.719301
0.702564
0.687983
0.6774
0.672137
0.672644
0.678542
0.688859
0.702399
0.717862
0.733838
0.748766
0.761
0.769052
0.771861
0.768793
0.759793
0.745328
0.726427
0.704754
0.682485
0.662203
0.646531
0.63765
0.636742
0.643666
0.656962
0.674388
0.69355
0.712356
0.729285
0.74348
0.75461
0.762697
0.76805
0.771101
0.772257
0.771702
0.769367
0.764913
0.758029
0.748544
0.736786
0.723723
0.710917
0.70017
0.693161
0.690975
0.693926
0.70157
0.712719
0.725684
0.738473
0.74895
0.755112
0.755424
0.749111
0.736354
0.718499
0.697964
0.677911
0.661612
0.651654
0.649173
0.653594
0.662916
0.674518
0.685996
0.69588
0.703844
0.710493
0.716816
0.723661
0.731213
0.738937
0.745801
0.750739
0.752998
0.752277
0.748653
0.742413
0.733866
0.723427
0.71164
0.699288
0.687427
0.677302
0.670253
0.667526
0.670048
0.677882
0.689967
0.704204
0.718012
0.729175
0.736476
0.739857
0.740191
0.738683
0.736432
0.734176
0.732363
0.731337
0.731287
0.732321
0.734339
0.737048
0.739995
0.742696
0.74471
0.745829
0.746057
0.745781
0.745538
0.745796
0.746648
0.747625
0.74773
0.745782
0.740861
0.732711
0.72169
0.70867
0.694678
0.68075
0.667977
0.657599
0.651
0.649453
0.653825
0.664304
0.680007
0.698888
0.718071
0.734535
0.746024
0.751468
0.751021
0.745696
0.73691
0.72608
0.714246
0.702078
0.689964
0.67819
0.667192
0.657749
0.651234
0.649866
0.656109
0.67086
0.692163
0.715917
0.738126
0.756396
0.769951
0.778955
0.784019
0.785725
0.784513
0.780663
0.774412
0.766072
0.756322
0.746201
0.736864
0.729259
0.723722
0.719658
0.715945
0.711612
0.706428
0.701243
0.697566
0.696885
0.699899
0.706162
0.714379
0.723009
0.730903
0.737436
0.742179
0.7446
0.743924
0.739411
0.730737
0.718331
0.703368
0.687642
0.673219
0.662115
0.655838
0.655108
0.659672
0.668446
0.679757
0.691812
0.703096
0.712678
0.72018
0.725619
0.72921
0.731265
0.732268
0.732829
0.733603
0.735054
0.737321
0.740324
0.743887
0.747601
0.750677
0.752016
0.750667
0.746614
0.741133
0.736233
0.73372
0.734267
0.737373
0.741664
0.745429
0.746925
0.744706
0.738001
0.72715
0.713643
0.699763
0.687988
0.680215
0.677417
0.679519
0.685468
0.693443
0.701394
0.7077
0.711612
0.713338
0.713647
0.713329
0.71295
0.712882
0.713574
0.715522
0.719127
0.724469
0.731227
0.738641
0.745786
0.751742
0.755779
0.757429
0.756384
0.752452
0.745533
0.735729
0.723513
0.709986
0.696914
0.686467
0.680322
0.678885
0.681126
0.68512
0.68914
0.692202
0.694144
0.69528
0.695925
0.696227
0.696217
0.695817
0.69501
0.693926
0.692771
0.69193
0.691948
0.693449
0.696906
0.702412
0.709448
0.716888
0.723421
0.72797
0.729998
0.729581
0.72727
0.723877
0.720399
0.717837
0.71695
0.71793
0.720499
0.724254
0.728953
0.734543
0.741077
0.748661
0.757316
0.766716
0.776053
0.784015
0.789204
0.790563
0.787585
0.780229
0.768958
0.75472
0.738872
0.722979
0.708462
0.696207
0.686423
0.678806
0.67278
0.668047
0.664847
0.663939
0.666043
0.671141
0.678058
0.685049
0.690844
0.695231
0.698914
0.702819
0.707326
0.711991
0.715874
0.717926
0.717493
0.714508
0.70949
0.703416
0.697527
0.693458
0.693312
0.699055
0.710919
0.726475
0.741882
0.754167
0.762498
0.767884
0.772093
0.776651
0.782437
0.789381
0.796613
0.802829
0.806626
0.806742
0.802359
0.793236
0.779697
0.762569
0.743048
0.722671
0.703203
0.686418
0.673705
0.665765
0.662462
0.662837
0.665431
0.668533
0.670542
0.670383
0.667826
0.663522
0.658967
0.656221
0.657337
0.663738
0.675832
0.692942
0.713485
0.735343
0.756109
0.773354
0.784922
0.789104
0.784888
0.772215
0.752042
0.726266
0.6977
0.669492
0.644796
0.626277
0.615813
0.614272
0.621522
0.636523
0.657539
0.682357
0.708593
0.734059
0.756968
0.776112
0.790806
0.800784
0.806036
0.806552
0.802298
0.793373
0.780378
0.764694
0.748239
0.732721
0.719031
0.707414
0.698098
0.691581
0.688567
0.689543
0.694246
0.701455
0.70936
0.716403
0.721722
0.725217
0.727326
0.728716
0.73009
0.731977
0.734484
0.737103
0.738913
0.738971
0.736805
0.732567
0.726885
0.720591
0.714493
0.709388
0.706001
0.704802
0.705762
0.708008
0.710013
0.709933
0.70656
0.69999
0.691641
0.683664
0.678142
0.676439
0.678815
0.684678
0.692963
0.702459
0.712029
0.720635
0.727403
0.731814
0.733835
0.734073
0.733669
0.733948
0.73601
0.740203
0.746087
0.752567
0.758345
0.762266
0.763532
0.761732
0.756811
0.748929
0.738483
0.726232
0.713205
0.700551
0.689444
0.680801
0.67532
0.673583
0.676309
0.684185
0.697503
0.715601
0.736662
0.758096
0.777246
0.792135
0.801727
0.805821
0.804679
0.798785
0.788691
0.775002
0.758432
0.740014
0.721075
0.703038
0.687097
0.673974
0.663948
0.656843
0.652165
0.649246
0.64736
0.645841
0.644292
0.642637
0.641215
0.640715
0.641964
0.645754
0.652642
0.662646
0.675028
0.688307
0.700476
0.709521
0.713948
0.713221
0.707956
0.700011
0.692087
0.68717
0.687653
0.694658
0.707627
0.724459
0.742064
0.757216
0.767381
0.771214
0.768766
0.761323
0.750955
0.740031
0.730838
0.725154
0.723818
0.726512
0.731729
0.737309
0.741091
0.741528
0.738029
0.730998
0.721539
0.711125
0.701271
0.693363
0.688615
0.688013
0.692117
0.700901
0.713609
0.728849
0.744797
0.759597
0.77168
0.780089
0.784383
0.784473
0.780479
0.772491
0.760677
0.745462
0.727572
0.708011
0.687998
0.668921
0.652114
0.63883
0.630164
0.626994
0.629855
0.638928
0.654011
0.674233
0.697591
0.721071
0.741485
0.756449
0.765032
0.767654
0.765538
0.760073
0.75239
0.743119
0.732365
0.719826
0.70502
0.687745
0.668384
0.648259
0.629831
0.616683
0.612793
0.621149
0.6422
0.673219
0.709419
0.745859
0.778694
0.8055
0.825048
0.837037
0.841793
0.840216
0.833546
0.823311
0.811167
0.798679
0.78695
0.776479
0.767137
0.758318
0.749206
0.738941
0.72692
0.712964
0.69725
0.680268
0.662711
0.645496
0.629718
0.616549
0.60705
0.601812
0.600689
0.602824
0.607044
0.612448
0.618708
0.626237
0.635956
0.648789
0.66519
0.684721
0.706175
0.727969
0.748663
0.767177
0.782781
0.79509
0.804052
0.809872
0.81302
0.813995
0.813276
0.810974
0.80679
0.800074
0.790071
0.776277
0.758894
0.739041
0.718638
0.700006
0.685125
0.674895
0.668899
0.665686
0.663456
0.661047
0.658427
0.656783
0.658054
0.663928
0.675074
0.690922
0.709806
0.729316
0.746832
0.760254
0.768304
0.770637
0.767671
0.760438
0.750318
0.738812
0.727031
0.715701
0.705188
0.695672
0.687409
0.68085
0.676605
0.675353
0.677668
0.683833
0.693566
0.706014
0.719888
0.733818
0.746552
0.757007
0.764251
0.767375
0.765571
0.758272
0.745437
0.727723
0.706597
0.684177
0.662812
0.644692
0.63136
0.623494
0.620981
0.623406
0.630294
0.641336
0.656197
0.674107
0.693708
0.71326
0.731202
0.746593
0.759111
0.76875
0.775377
0.778752
0.778643
0.77504
0.768278
0.759165
0.748915
0.739006
0.73082
0.725442
0.723267
0.723925
0.726439
0.729483
0.731803
0.732504
0.731377
0.728767
0.725212
0.720949
0.715842
0.709789
0.703
0.695991
0.6893
0.68325
0.677809
0.672705
0.667591
0.662275
0.656975
0.652535
0.65048
0.652745
0.661141
0.676514
0.698311
0.724558
0.752319
0.778311
0.799639
0.814316
0.821548
0.821732
0.816085
0.806056
0.792945
0.777695
0.761082
0.74384
0.726757
0.710702
0.696536
0.963689
1.09897
1.19593
1.25737
1.28694
1.28805
1.26366
1.21659
1.15014
1.06934
0.981783
0.897497
0.825829
0.771456
0.733967
0.710842
0.69956
0.697581
0.70171
0.70841
0.714623
0.718532
0.719639
0.718368
0.71546
0.711458
0.70645
0.700199
0.692366
0.683
0.672829
0.663435
0.657068
0.656093
0.662313
0.676396
0.697645
0.72433
0.75425
0.785209
0.815057
0.841729
0.863336
0.87849
0.886576
0.887783
0.882836
0.872795
0.858685
0.841384
0.821576
0.79986
0.776905
0.753497
0.730529
0.708927
0.689521
0.673161
0.660872
0.653993
0.654
0.661991
0.67815
0.701343
0.729272
0.758868
0.786837
0.810318
0.827299
0.836819
0.838985
0.834755
0.825838
0.814559
0.803613
0.795425
0.791382
0.791458
0.79439
0.798337
0.801567
0.80294
0.802008
0.799051
0.795007
0.791282
0.78947
0.790999
0.796806
0.806947
0.820554
0.835938
0.850819
0.862666
0.869053
0.868092
0.858827
0.841674
0.818471
0.79229
0.766777
0.745216
0.729713
0.720948
0.718436
0.720872
0.726499
0.733536
0.740712
0.7479
0.756279
0.767391
0.78182
0.798283
0.814298
0.827419
0.836466
0.841559
0.84335
0.842358
0.838592
0.831952
0.822592
0.811047
0.798072
0.784264
0.769747
0.754225
0.737297
0.718835
0.699293
0.679708
0.661748
0.647693
0.64007
0.640879
0.65069
0.66822
0.690804
0.715516
0.739914
0.76229
0.781575
0.797317
0.809644
0.819046
0.826088
0.831043
0.833708
0.833508
0.829875
0.822791
0.813057
0.802376
0.792998
0.787148
0.786197
0.790522
0.799756
0.813018
0.828918
0.845538
0.860375
0.870872
0.875037
0.871838
0.861478
0.845351
0.825754
0.805346
0.786545
0.770961
0.759306
0.751661
0.747836
0.747595
0.750702
0.756894
0.765826
0.776982
0.78953
0.802057
0.812777
0.819873
0.822153
0.819237
0.811556
0.800035
0.785729
0.769528
0.752043
0.733564
0.714278
0.694489
0.674872
0.656805
0.642419
0.634468
0.635629
0.647537
0.669946
0.70044
0.734824
0.768277
0.79648
0.81631
0.826136
0.825855
0.816906
0.802254
0.786111
0.773169
0.76724
0.769972
0.780483
0.795856
0.812373
0.826638
0.836054
0.839002
0.834861
0.824048
0.80809
0.789426
0.770766
0.754428
0.741805
0.733292
0.728485
0.726782
0.727833
0.731747
0.738936
0.749673
0.763749
0.780342
0.798331
0.816521
0.833854
0.849377
0.862128
0.871119
0.875483
0.874595
0.86802
0.855664
0.83787
0.815468
0.789995
0.763752
0.739474
0.719886
0.706958
0.701229
0.701482
0.705321
0.710147
0.714331
0.717537
0.720369
0.723882
0.729051
0.736414
0.746021
0.757577
0.77059
0.784378
0.798083
0.810613
0.82065
0.82685
0.828095
0.823959
0.814915
0.802488
0.789007
0.777058
0.768834
0.765563
0.767422
0.773727
0.783101
0.793547
0.802657
0.808159
0.8084
0.802741
0.791926
0.777845
0.763249
0.750968
0.743092
0.740463
0.742618
0.748293
0.756056
0.764755
0.773648
0.78207
0.789326
0.794973
0.799119
0.802448
0.806056
0.810895
0.817032
0.823559
0.828948
0.831727
0.83098
0.826708
0.819698
0.811337
0.803255
0.796961
0.79354
0.793489
0.796595
0.802102
0.808645
0.814354
0.817193
0.815544
0.808777
0.797532
0.783596
0.769507
0.757715
0.749744
0.745598
0.743891
0.742604
0.739966
0.735127
0.728278
0.720639
0.714264
0.711379
0.713496
0.720697
0.731801
0.745034
0.758682
0.771418
0.782317
0.790781
0.796565
0.799924
0.801575
0.802657
0.804291
0.807333
0.81209
0.818212
0.824735
0.830432
0.834357
0.835929
0.834712
0.830332
0.822557
0.811618
0.798437
0.784463
0.771266
0.760203
0.752055
0.747152
0.745376
0.746502
0.750327
0.756683
0.765319
0.7756
0.786438
0.796357
0.803749
0.807424
0.80705
0.803303
0.797628
0.791512
0.785874
0.781014
0.777041
0.774305
0.77333
0.774237
0.776384
0.778306
0.778196
0.774611
0.767002
0.75608
0.743811
0.733002
0.726511
0.726164
0.732054
0.742568
0.755019
0.766605
0.775107
0.779309
0.779014
0.774888
0.76805
0.759715
0.751067
0.743084
0.736486
0.731484
0.727684
0.724187
0.720058
0.714921
0.709639
0.706321
0.707487
0.714708
0.72784
0.745334
0.765144
0.785389
0.804525
0.821297
0.83477
0.844451
0.850432
0.853217
0.853524
0.852036
0.849183
0.845157
0.840104
0.834273
0.828233
0.822719
0.818438
0.815604
0.813716
0.811801
0.808937
0.804641
0.798974
0.792416
0.785776
0.779998
0.776022
0.774493
0.775518
0.778432
0.782024
0.784991
0.786356
0.785614
0.782659
0.77795
0.772307
0.766673
0.761905
0.758377
0.755841
0.75353
0.750764
0.747501
0.744564
0.743249
0.74447
0.748127
0.753198
0.758252
0.761938
0.76329
0.761781
0.757449
0.751004
0.743825
0.737865
0.735237
0.737491
0.744812
0.755757
0.76759
0.777152
0.781829
0.78017
0.77216
0.759223
0.743917
0.729172
0.717502
0.710557
0.709094
0.713186
0.722416
0.73593
0.7525
0.77065
0.789066
0.806909
0.82377
0.839196
0.852251
0.861555
0.865732
0.864015
0.856405
0.843577
0.826784
0.807825
0.788961
0.772563
0.76047
0.75355
0.751523
0.753237
0.757236
0.762387
0.767957
0.773666
0.779498
0.785371
0.790707
0.794391
0.794993
0.791138
0.781917
0.767276
0.74817
0.72661
0.70547
0.688092
0.677658
0.676231
0.684046
0.699516
0.720041
0.7431
0.76668
0.789307
0.809747
0.826754
0.839083
0.845895
0.84709
0.843433
0.836082
0.826144
0.814422
0.801561
0.78835
0.775867
0.765462
0.758599
0.756527
0.759576
0.766852
0.776202
0.784885
0.790527
0.791923
0.789275
0.783691
0.776681
0.769643
0.763658
0.759409
0.757283
0.757444
0.759737
0.763697
0.768375
0.772487
0.774602
0.773517
0.768802
0.761044
0.751668
0.742646
0.735937
0.733053
0.734835
0.741506
0.752892
0.768453
0.78714
0.807517
0.827726
0.845884
0.860273
0.869532
0.872807
0.869775
0.860717
0.846501
0.828431
0.808164
0.787297
0.767194
0.749032
0.734186
0.724552
0.722348
0.728948
0.743644
0.76352
0.784841
0.80434
0.81965
0.829196
0.832134
0.828369
0.818653
0.804545
0.787823
0.769792
0.751193
0.732937
0.717007
0.706484
0.704341
0.711855
0.727811
0.749134
0.7721
0.793319
0.81035
0.821807
0.827292
0.827176
0.822302
0.813875
0.80325
0.79175
0.780474
0.770215
0.761421
0.754507
0.749954
0.748312
0.749774
0.753741
0.758718
0.762624
0.763379
0.759524
0.750747
0.737953
0.723149
0.708962
0.698133
0.692897
0.694414
0.702558
0.716022
0.732797
0.750965
0.769223
0.786953
0.803944
0.819963
0.834313
0.845701
0.852491
0.853314
0.847592
0.83584
0.819922
0.802697
0.787511
0.777364
0.774049
0.777805
0.787433
0.800754
0.81529
0.828659
0.838956
0.844623
0.844505
0.837857
0.824622
0.805705
0.783056
0.759156
0.736662
0.717892
0.704341
0.696569
0.694366
0.697115
0.704016
0.714093
0.72617
0.739
0.751626
0.763639
0.775106
0.78633
0.797431
0.80803
0.817318
0.824308
0.828289
0.829208
0.827532
0.823367
0.81599
0.804549
0.789514
0.773114
0.758296
0.747346
0.741332
0.740228
0.743341
0.74968
0.757973
0.766573
0.773727
0.778219
0.780044
0.780663
0.782264
0.78643
0.793231
0.801214
0.80823
0.812484
0.813264
0.811061
0.807084
0.802823
0.799578
0.7983
0.799465
0.802789
0.80736
0.811957
0.815334
0.816483
0.814781
0.810168
0.803353
0.795686
0.788694
0.783558
0.780628
0.779454
0.779153
0.778771
0.777657
0.775627
0.772996
0.770353
0.768319
0.767245
0.767112
0.767574
0.768128
0.76822
0.767303
0.764764
0.760052
0.752951
0.743839
0.733912
0.724859
0.718398
0.715585
0.716627
0.721226
0.729012
0.739622
0.752425
0.766423
0.780299
0.792478
0.801485
0.806402
0.807033
0.804204
0.799621
0.795323
0.792839
0.792709
0.794291
0.796166
0.796839
0.795153
0.790512
0.783033
0.773486
0.763168
0.753786
0.747222
0.745293
0.749198
0.759164
0.774162
0.791994
0.809917
0.825393
0.836731
0.843235
0.845217
0.843567
0.839309
0.833114
0.825236
0.815727
0.804501
0.791469
0.776644
0.760274
0.743118
0.726605
0.71281
0.703998
0.70182
0.706561
0.716916
0.730461
0.74444
0.756495
0.765329
0.770859
0.774086
0.77646
0.779161
0.78239
0.78541
0.786983
0.786135
0.782617
0.776835
0.769564
0.761613
0.753558
0.74589
0.739198
0.734343
0.732221
0.733525
0.738331
0.746079
0.755681
0.765655
0.774283
0.779798
0.780875
0.776992
0.768727
0.757604
0.745728
0.735134
0.72728
0.722864
0.722001
0.724571
0.73051
0.739732
0.751774
0.765529
0.779501
0.792275
0.802817
0.810635
0.815828
0.818993
0.821005
0.822862
0.825348
0.828939
0.833573
0.838526
0.842447
0.843876
0.842051
0.837384
0.831267
0.825306
0.820517
0.816865
0.813385
0.80862
0.80119
0.790454
0.777014
0.762736
0.750191
0.741523
0.7376
0.737988
0.741776
0.748384
0.757674
0.769388
0.782514
0.795207
0.805472
0.811882
0.814013
0.812438
0.808267
0.802743
0.796826
0.791118
0.785907
0.781364
0.777581
0.77438
0.771354
0.767837
0.763083
0.756545
0.748204
0.738775
0.729776
0.723095
0.720557
0.723219
0.731161
0.743596
0.759046
0.775686
0.791531
0.804685
0.813673
0.817699
0.816793
0.811786
0.803944
0.794578
0.78472
0.775232
0.766934
0.760781
0.757586
0.757607
0.760289
0.764342
0.768254
0.770849
0.771634
0.770853
0.769201
0.76745
0.766081
0.76506
0.763858
0.76186
0.759259
0.757834
0.760838
0.771367
0.790154
0.814587
0.839972
0.861763
0.876879
0.88403
0.883328
0.875902
0.863361
0.84753
0.830156
0.812664
0.796055
0.780825
0.766997
0.754063
0.741244
0.727802
0.713405
0.698579
0.684703
0.673575
0.666641
0.664449
0.666808
0.67334
0.683983
0.698847
0.717826
0.740066
0.763913
0.787124
0.807307
0.822518
0.831655
0.834659
0.83238
0.826173
0.817581
0.808195
0.79942
0.792352
0.787473
0.973564
1.11719
1.2198
1.28386
1.3127
1.30947
1.2771
1.21868
1.13828
1.04178
0.937395
0.835111
0.744771
0.674099
0.627688
0.6069
0.610058
0.632788
0.668855
0.711597
0.755039
0.794599
0.827234
0.851333
0.866298
0.872237
0.86973
0.859841
0.844175
0.824939
0.804562
0.785109
0.767552
0.751632
0.736688
0.722695
0.71074
0.702778
0.700775
0.7059
0.718071
0.735959
0.757398
0.779994
0.801529
0.820182
0.83435
0.842657
0.844084
0.838255
0.825783
0.808451
0.78915
0.771366
0.758273
0.751883
0.7525
0.758888
0.768873
0.779929
0.789699
0.796293
0.798586
0.796378
0.790186
0.781108
0.770652
0.760761
0.753661
0.751342
0.754809
0.76322
0.773969
0.783709
0.789804
0.79129
0.788918
0.784546
0.780374
0.778219
0.779566
0.785543
0.796567
0.812033
0.830437
0.85
0.869159
0.886712
0.901575
0.912721
0.919183
0.920054
0.914569
0.90232
0.88344
0.858976
0.8308
0.80128
0.772776
0.747175
0.72568
0.708886
0.697036
0.690401
0.689295
0.69382
0.703429
0.71676
0.73183
0.746669
0.75983
0.770623
0.779059
0.785517
0.790421
0.794043
0.796398
0.7974
0.79697
0.79535
0.793267
0.791816
0.792028
0.794089
0.796913
0.798764
0.798407
0.795696
0.791451
0.786757
0.782454
0.778874
0.775907
0.77337
0.771333
0.770397
0.771473
0.77542
0.782607
0.792501
0.803673
0.814252
0.822348
0.826382
0.825274
0.818599
0.806687
0.790471
0.771533
0.752018
0.734654
0.722425
0.717684
0.721229
0.731887
0.746759
0.762318
0.775628
0.785127
0.790745
0.793715
0.795908
0.798981
0.803879
0.810517
0.81792
0.82471
0.829686
0.832245
0.832525
0.831192
0.829229
0.827492
0.826414
0.826
0.825813
0.82524
0.823697
0.8208
0.816428
0.810779
0.804306
0.797681
0.791467
0.785934
0.780957
0.775903
0.769801
0.761669
0.750864
0.737237
0.721298
0.704116
0.687229
0.672463
0.661492
0.655507
0.655054
0.659943
0.669553
0.682987
0.699356
0.717728
0.736944
0.755775
0.773261
0.788956
0.802857
0.815207
0.826124
0.835567
0.843456
0.849857
0.854884
0.858512
0.860486
0.860331
0.857573
0.852047
0.844079
0.834364
0.823859
0.813382
0.803442
0.794185
0.785642
0.77788
0.770976
0.764847
0.759153
0.753457
0.74777
0.742951
0.74064
0.742246
0.747612
0.754792
0.761054
0.764364
0.764233
0.761649
0.758812
0.758614
0.763853
0.776245
0.795621
0.819718
0.844792
0.866825
0.882663
0.890849
0.891502
0.886115
0.876754
0.865426
0.853517
0.841697
0.830047
0.818472
0.806928
0.795694
0.785463
0.777078
0.771273
0.768468
0.768371
0.769905
0.771445
0.771245
0.768072
0.761681
0.752891
0.743184
0.734132
0.726953
0.722201
0.719975
0.720168
0.722649
0.727308
0.733937
0.742291
0.752042
0.762906
0.774553
0.786641
0.798778
0.810333
0.820515
0.828355
0.832795
0.833085
0.829009
0.821054
0.810198
0.797487
0.783838
0.770192
0.757548
0.747069
0.740029
0.737451
0.739876
0.747222
0.758825
0.773638
0.790387
0.807643
0.823847
0.837402
0.846821
0.851117
0.84996
0.843701
0.833427
0.820647
0.80699
0.79386
0.782391
0.773427
0.767755
0.766222
0.769637
0.778231
0.791154
0.806358
0.821165
0.833158
0.840975
0.844471
0.844372
0.841567
0.836618
0.82951
0.819934
0.807706
0.793109
0.777048
0.76083
0.745988
0.73388
0.725335
0.720684
0.719889
0.722884
0.72966
0.740065
0.753379
0.768037
0.781867
0.792879
0.799841
0.80248
0.801343
0.797403
0.791694
0.785046
0.777895
0.770416
0.76265
0.75482
0.747631
0.742374
0.740496
0.742907
0.749487
0.75901
0.769686
0.779703
0.787986
0.794423
0.799762
0.805278
0.81218
0.82103
0.831625
0.84306
0.853962
0.862716
0.867667
0.867275
0.860632
0.848103
0.83201
0.816379
0.804978
0.799068
0.797179
0.797148
0.797722
0.79851
0.799236
0.799512
0.79882
0.79674
0.793014
0.787634
0.780766
0.772877
0.76491
0.758155
0.753915
0.752999
0.755486
0.760771
0.767599
0.774478
0.779992
0.783157
0.78358
0.781607
0.778118
0.774306
0.771332
0.770041
0.770904
0.773941
0.778745
0.784561
0.790344
0.794922
0.797275
0.796792
0.793486
0.787871
0.780858
0.77358
0.767429
0.763984
0.764632
0.770093
0.779952
0.792612
0.805806
0.817426
0.826123
0.831761
0.835067
0.837093
0.838841
0.841134
0.844659
0.849806
0.856267
0.862984
0.868332
0.870724
0.869133
0.863432
0.854189
0.842248
0.828435
0.813439
0.797885
0.7824
0.767573
0.753877
0.74152
0.730451
0.720594
0.712096
0.70553
0.701647
0.700854
0.702732
0.70617
0.71025
0.715048
0.72198
0.733237
0.750398
0.773101
0.798907
0.824446
0.846742
0.863867
0.875036
0.880448
0.880854
0.877295
0.870768
0.861991
0.851269
0.83877
0.824829
0.810394
0.797172
0.787292
0.782499
0.783143
0.787626
0.793136
0.796887
0.797166
0.793666
0.787224
0.779216
0.770986
0.763581
0.75768
0.753733
0.751983
0.752629
0.755874
0.761731
0.769957
0.779927
0.790614
0.800778
0.809121
0.814524
0.816271
0.814082
0.808173
0.799162
0.788017
0.776095
0.765001
0.756397
0.751766
0.751876
0.756412
0.763792
0.771471
0.776816
0.778027
0.774746
0.768099
0.760161
0.7531
0.74856
0.747554
0.750486
0.757349
0.767951
0.782011
0.799147
0.818872
0.840324
0.862173
0.882559
0.899282
0.91021
0.913836
0.909545
0.897745
0.879733
0.857268
0.832246
0.806573
0.782179
0.760912
0.744289
0.733062
0.727155
0.725795
0.72786
0.732252
0.738127
0.744958
0.752468
0.760551
0.769068
0.777702
0.78586
0.792782
0.797685
0.800014
0.79954
0.796504
0.791557
0.785583
0.779418
0.773638
0.768717
0.765171
0.763543
0.764329
0.767678
0.773324
0.780641
0.788732
0.79664
0.803237
0.807295
0.807787
0.804073
0.796096
0.78439
0.770006
0.754475
0.739847
0.728601
0.723353
0.726326
0.738369
0.75821
0.782451
0.806553
0.826358
0.839178
0.844294
0.842716
0.836701
0.828968
0.821969
0.81725
0.81532
0.815894
0.818317
0.821938
0.826391
0.831619
0.837413
0.84299
0.846877
0.847275
0.842924
0.833858
0.821615
0.808808
0.798384
0.792709
0.792903
0.798495
0.807642
0.817796
0.826568
0.832174
0.833616
0.830418
0.822245
0.808947
0.790783
0.768773
0.744843
0.721751
0.702592
0.690071
0.685903
0.690282
0.701896
0.718258
0.736357
0.753382
0.767253
0.776895
0.782163
0.783817
0.783191
0.78173
0.780446
0.779671
0.779072
0.777902
0.775471
0.77143
0.766137
0.760632
0.756501
0.755404
0.758498
0.76597
0.776974
0.789925
0.802927
0.814253
0.82283
0.828598
0.83239
0.83544
0.838706
0.842291
0.845321
0.84628
0.843748
0.836866
0.825646
0.811008
0.794676
0.77881
0.765536
0.756398
0.751991
0.751894
0.754949
0.759866
0.765858
0.772977
0.781961
0.793505
0.807338
0.822105
0.835667
0.845991
0.851953
0.85337
0.850674
0.844357
0.834721
0.821971
0.806658
0.790123
0.774472
0.761857
0.753666
0.750081
0.750208
0.752807
0.756805
0.761686
0.767206
0.773107
0.778907
0.783897
0.787306
0.788484
0.787015
0.782914
0.776561
0.768607
0.759879
0.751325
0.743983
0.738832
0.736504
0.737167
0.740697
0.746916
0.755654
0.766546
0.778919
0.791704
0.803756
0.814152
0.822495
0.828764
0.833022
0.835115
0.83447
0.830133
0.82118
0.807337
0.789595
0.770392
0.753522
0.743296
0.743433
0.755835
0.779747
0.811782
0.847004
0.880272
0.907287
0.925174
0.932635
0.929578
0.916837
0.896067
0.869517
0.840056
0.810698
0.784149
0.76236
0.746182
0.735727
0.730732
0.730649
0.734674
0.741641
0.750219
0.75915
0.767569
0.774918
0.78095
0.78581
0.790036
0.794409
0.799598
0.805754
0.812165
0.817046
0.818137
0.813345
0.801446
0.782642
0.758711
0.732763
0.708752
0.690807
0.682261
0.684768
0.697726
0.718673
0.744248
0.77129
0.79733
0.820611
0.839818
0.854063
0.862822
0.866131
0.864616
0.859317
0.851614
0.843105
0.835345
0.829816
0.827842
0.830277
0.837067
0.846856
0.857009
0.864255
0.865701
0.859634
0.845969
0.826345
0.803869
0.782328
0.765199
0.754845
0.751966
0.755523
0.76304
0.7713
0.777293
0.779147
0.776586
0.770847
0.76407
0.758735
0.757006
0.760361
0.769228
0.782833
0.799294
0.815891
0.829587
0.837713
0.838434
0.831113
0.816512
0.796752
0.775145
0.755509
0.741501
0.73561
0.738494
0.748795
0.763685
0.779847
0.794353
0.805216
0.811358
0.812536
0.809008
0.801498
0.791067
0.779117
0.767335
0.75757
0.751584
0.750581
0.754859
0.763756
0.775965
0.789922
0.80413
0.817192
0.827857
0.835054
0.838026
0.836511
0.830861
0.822202
0.812385
0.803616
0.797944
0.796637
0.799678
0.805795
0.812971
0.819071
0.822429
0.822165
0.818117
0.810752
0.800859
0.789322
0.77728
0.765985
0.756547
0.749592
0.745299
0.743409
0.743463
0.744876
0.746914
0.748839
0.750231
0.751139
0.752056
0.753673
0.756541
0.760625
0.765294
0.769515
0.77241
0.773678
0.773741
0.773449
0.773698
0.775105
0.778056
0.782872
0.789924
0.799561
0.811865
0.826385
0.841947
0.856974
0.869709
0.8784
0.881414
0.877483
0.866058
0.847475
0.823153
0.795632
0.76831
0.744864
0.728431
0.720705
0.721476
0.729075
0.741131
0.755478
0.770404
0.784742
0.797733
0.809075
0.818894
0.827221
0.833242
0.835137
0.831186
0.82106
0.80641
0.790284
0.776074
0.766453
0.762714
0.764676
0.77107
0.780243
0.790635
0.80106
0.810837
0.819603
0.827294
0.834017
0.839977
0.845059
0.848531
0.849099
0.845382
0.836437
0.822166
0.803132
0.780342
0.755108
0.729062
0.70435
0.683798
0.670608
0.66778
0.677054
0.698066
0.728104
0.762948
0.798087
0.829814
0.855715
0.874553
0.88596
0.890212
0.888146
0.881099
0.870747
0.858968
0.847513
0.837771
0.830523
0.825864
0.82333
0.822071
0.821167
0.819588
0.816257
0.96153
1.09593
1.19332
1.25611
1.28761
1.29141
1.27093
1.22963
1.17112
1.09945
1.01922
0.935746
0.855148
0.784022
0.728445
0.692469
0.676661
0.677752
0.689933
0.707044
0.724268
0.738614
0.748567
0.753539
0.753346
0.748038
0.73797
0.724027
0.707777
0.691534
0.677916
0.669331
0.667301
0.672027
0.682552
0.697304
0.714818
0.733966
0.753817
0.77325
0.790914
0.805507
0.816101
0.822461
0.824972
0.824539
0.822147
0.818713
0.814948
0.811203
0.807495
0.803748
0.800296
0.797945
0.797777
0.800233
0.804727
0.80983
0.81392
0.815732
0.814785
0.811408
0.806632
0.801773
0.798014
0.796025
0.795737
0.796395
0.796773
0.795524
0.791473
0.78397
0.773013
0.759345
0.744469
0.730369
0.719168
0.712704
0.712118
0.717588
0.728329
0.742895
0.75975
0.77761
0.795771
0.813995
0.832337
0.850754
0.868751
0.885122
0.897921
0.904803
0.903829
0.894083
0.876028
0.85149
0.823207
0.794287
0.767709
0.745813
0.729992
0.720543
0.716848
0.717802
0.722358
0.729844
0.739705
0.751049
0.762253
0.771192
0.776199
0.777316
0.776822
0.778268
0.784313
0.795108
0.808459
0.821491
0.831766
0.837687
0.838209
0.832938
0.822305
0.807557
0.79061
0.77374
0.759268
0.749176
0.744647
0.745679
0.751062
0.758754
0.766415
0.772039
0.7744
0.773336
0.769786
0.765624
0.76324
0.7649
0.771985
0.784507
0.80117
0.819837
0.838223
0.854452
0.867155
0.875379
0.878467
0.876134
0.868668
0.857007
0.842556
0.826733
0.810585
0.794602
0.778684
0.762357
0.745305
0.727767
0.710819
0.696292
0.686244
0.682317
0.685139
0.694364
0.708871
0.727189
0.747779
0.769114
0.78981
0.808725
0.824958
0.838096
0.848225
0.855815
0.861547
0.865938
0.869138
0.87079
0.87011
0.866117
0.857877
0.844893
0.827419
0.806651
0.784574
0.76361
0.745865
0.732671
0.724149
0.719412
0.717101
0.716189
0.716393
0.718083
0.721892
0.728159
0.736481
0.745813
0.754737
0.761886
0.766461
0.76838
0.768412
0.767772
0.767688
0.769159
0.772692
0.778361
0.785826
0.794438
0.803338
0.81164
0.818492
0.82317
0.825189
0.82441
0.821111
0.816061
0.810497
0.80585
0.803208
0.802869
0.804381
0.807017
0.810082
0.812915
0.814876
0.815365
0.813988
0.810587
0.805338
0.798875
0.792194
0.786284
0.781428
0.77706
0.7722
0.765983
0.758253
0.749633
0.741401
0.734998
0.731704
0.732258
0.736858
0.745149
0.756328
0.769076
0.781749
0.792755
0.800942
0.806014
0.808356
0.808598
0.807166
0.804075
0.799142
0.792328
0.783899
0.774596
0.765598
0.758386
0.754693
0.756234
0.764212
0.778895
0.799228
0.82289
0.846738
0.86728
0.881254
0.886143
0.88068
0.865042
0.840938
0.81132
0.779836
0.750143
0.725331
0.707324
0.6968
0.693233
0.695336
0.701659
0.710974
0.72233
0.734983
0.748251
0.761412
0.773787
0.784845
0.794234
0.801684
0.806954
0.809547
0.808652
0.803364
0.79324
0.778821
0.76178
0.744666
0.73042
0.721613
0.720031
0.72629
0.739525
0.757554
0.777472
0.796454
0.812427
0.824498
0.83291
0.838821
0.843683
0.848559
0.853619
0.858191
0.861155
0.861448
0.858396
0.851776
0.841799
0.828877
0.813568
0.796665
0.779371
0.763493
0.751133
0.744046
0.742886
0.746974
0.754805
0.764468
0.774105
0.782234
0.788245
0.792481
0.795514
0.797175
0.796302
0.791503
0.782202
0.768956
0.753577
0.73912
0.729376
0.727716
0.735407
0.750801
0.770188
0.789556
0.805946
0.818063
0.82584
0.829774
0.830512
0.828684
0.824865
0.819807
0.814487
0.809661
0.80568
0.802331
0.798912
0.794455
0.788122
0.779703
0.769955
0.7606
0.753849
0.751777
0.75573
0.765894
0.781296
0.799992
0.819494
0.837218
0.850909
0.858797
0.85964
0.852771
0.838227
0.817079
0.791702
0.765697
0.743168
0.727569
0.720637
0.722106
0.730242
0.742583
0.756718
0.770649
0.78301
0.792885
0.799755
0.803325
0.803546
0.800602
0.794896
0.78696
0.777615
0.768157
0.760409
0.756161
0.756501
0.761139
0.768589
0.776935
0.784574
0.79058
0.794845
0.797988
0.801044
0.805068
0.810545
0.816989
0.822891
0.826213
0.825189
0.818942
0.807953
0.794021
0.779857
0.768309
0.761443
0.760023
0.763546
0.770671
0.779533
0.788103
0.794397
0.796947
0.795407
0.790782
0.785166
0.78101
0.780116
0.782961
0.78868
0.795672
0.802393
0.808108
0.812949
0.817659
0.822872
0.828634
0.834244
0.83836
0.839318
0.835572
0.825972
0.810142
0.788773
0.763718
0.737827
0.714551
0.69723
0.688452
0.689467
0.699784
0.717492
0.739801
0.763669
0.786265
0.80525
0.818947
0.826546
0.828126
0.824526
0.817103
0.807559
0.797617
0.788698
0.781902
0.778095
0.777767
0.780812
0.786523
0.793833
0.801776
0.809867
0.818023
0.826235
0.834274
0.841586
0.847202
0.849889
0.848459
0.842095
0.830729
0.815175
0.79693
0.7779
0.759802
0.743942
0.731017
0.721087
0.713668
0.708108
0.703854
0.700781
0.69928
0.700222
0.704767
0.713976
0.728442
0.747852
0.77091
0.795428
0.818788
0.838491
0.852659
0.860165
0.860681
0.85454
0.842516
0.825547
0.804773
0.781446
0.757155
0.733901
0.714204
0.700851
0.696377
0.702416
0.719197
0.745245
0.777554
0.812006
0.844128
0.869745
0.885621
0.889979
0.882708
0.865328
0.840816
0.813128
0.786489
0.764524
0.749644
0.742775
0.743575
0.750681
0.762273
0.776308
0.790831
0.804108
0.814763
0.821916
0.825198
0.824607
0.82042
0.813185
0.80363
0.792501
0.780336
0.767597
0.755072
0.743991
0.735851
0.731651
0.731221
0.733071
0.73512
0.735826
0.73511
0.734506
0.736673
0.744126
0.758116
0.777888
0.801022
0.824316
0.844712
0.859876
0.868436
0.870044
0.865221
0.855137
0.841399
0.825766
0.810169
0.796757
0.78741
0.782716
0.782067
0.784549
0.789685
0.79736
0.807241
0.818621
0.830565
0.841899
0.851306
0.857559
0.859823
0.85788
0.852069
0.843213
0.832264
0.820103
0.807305
0.794153
0.780662
0.766881
0.753076
0.739779
0.727631
0.717353
0.709697
0.705338
0.704676
0.707555
0.713255
0.720699
0.72889
0.737259
0.745673
0.754229
0.763023
0.771583
0.778715
0.782927
0.783285
0.780067
0.774794
0.769619
0.766397
0.765934
0.767804
0.770709
0.773261
0.774647
0.774941
0.774936
0.775799
0.778514
0.783617
0.791235
0.801114
0.812616
0.82468
0.835908
0.844913
0.850993
0.854671
0.857399
0.86074
0.865015
0.868686
0.869023
0.863529
0.851117
0.832785
0.811283
0.790105
0.772138
0.759126
0.751947
0.751053
0.756282
0.766402
0.778796
0.78993
0.796332
0.795674
0.787479
0.773233
0.755952
0.739146
0.725903
0.718124
0.716232
0.719297
0.72564
0.733407
0.741079
0.747678
0.75277
0.756304
0.758498
0.759718
0.760574
0.761884
0.764548
0.769355
0.776577
0.785726
0.795375
0.803546
0.808273
0.808412
0.804293
0.797686
0.791365
0.788303
0.790543
0.798457
0.810788
0.825224
0.839147
0.850234
0.856623
0.856933
0.850179
0.835823
0.814117
0.78652
0.756121
0.72741
0.705562
0.695017
0.698045
0.714138
0.740218
0.771599
0.803316
0.831123
0.852157
0.865081
0.869967
0.86799
0.861078
0.851631
0.841809
0.832978
0.825361
0.818481
0.811768
0.804983
0.798122
0.791082
0.783532
0.775073
0.765611
0.755486
0.745385
0.73607
0.728325
0.722986
0.720781
0.721814
0.725174
0.729155
0.732026
0.732755
0.731257
0.728209
0.724791
0.722272
0.721648
0.723418
0.727623
0.73403
0.742186
0.751637
0.76201
0.772995
0.784319
0.795669
0.806715
0.816976
0.825782
0.832454
0.836433
0.837339
0.83504
0.829659
0.821494
0.811028
0.799052
0.786788
0.775787
0.767807
0.764437
0.766672
0.774307
0.785756
0.798392
0.809461
0.816896
0.819687
0.818019
0.812967
0.806164
0.799322
0.793821
0.790356
0.788937
0.788941
0.78943
0.789515
0.788697
0.787137
0.785852
0.786423
0.790084
0.796587
0.803751
0.808273
0.807234
0.799133
0.784379
0.764952
0.743673
0.723358
0.706375
0.694333
0.687927
0.687227
0.69218
0.702756
0.718766
0.739389
0.762954
0.787202
0.809764
0.82864
0.842525
0.850737
0.853108
0.849864
0.841555
0.829141
0.814041
0.798209
0.783992
0.773441
0.767661
0.766441
0.768732
0.773313
0.779299
0.786234
0.793794
0.801547
0.808695
0.814089
0.81666
0.815859
0.811897
0.805725
0.798653
0.791966
0.786575
0.782902
0.780971
0.780447
0.78085
0.78184
0.783289
0.785245
0.787501
0.789543
0.790577
0.79006
0.787923
0.784479
0.780157
0.77529
0.770033
0.764434
0.758615
0.752865
0.747799
0.744421
0.743822
0.746992
0.75454
0.766365
0.781546
0.798561
0.81581
0.832028
0.846301
0.858131
0.867093
0.872746
0.874692
0.872805
0.867084
0.857587
0.844344
0.827485
0.80751
0.785573
0.763285
0.742466
0.724642
0.710751
0.701045
0.695296
0.693343
0.695463
0.702271
0.714172
0.730638
0.74999
0.769619
0.78669
0.798753
0.804183
0.802564
0.794888
0.783413
0.771189
0.761191
0.755474
0.754712
0.758283
0.764704
0.772294
0.779823
0.786842
0.793777
0.801602
0.811236
0.822955
0.836148
0.849444
0.861219
0.870149
0.87557
0.87747
0.876124
0.87161
0.863642
0.851772
0.835725
0.815797
0.792828
0.76818
0.743427
0.720265
0.700698
0.686904
0.680762
0.683302
0.694415
0.712874
0.73664
0.763162
0.789882
0.814506
0.835107
0.850186
0.858609
0.859793
0.854022
0.842839
0.829019
0.815987
0.80676
0.802911
0.80427
0.809378
0.816294
0.823265
0.829152
0.833531
0.836586
0.838664
0.839907
0.840108
0.838706
0.834726
0.826898
0.813907
0.795105
0.771129
0.74402
0.716684
0.69198
0.672232
0.659396
0.655343
0.661284
0.677169
0.701288
0.730633
0.761641
0.791041
0.816438
0.836392
0.850397
0.858608
0.861587
0.860106
0.854902
0.846686
0.836111
0.82371
0.809844
0.794853
0.779418
0.764675
0.752084
0.980966
1.12683
1.23047
1.29684
1.3302
1.33427
1.31248
1.26847
1.20649
1.13143
1.0487
0.964005
0.883108
0.811675
0.754772
0.71592
0.69628
0.694504
0.707564
0.731906
0.763948
0.799677
0.834245
0.862437
0.87981
0.883847
0.874207
0.8524
0.821171
0.783913
0.7442
0.705479
0.671002
0.64374
0.626271
0.620562
0.627802
0.648245
0.680937
0.723594
0.772769
0.824321
0.87401
0.918048
0.953632
0.978882
0.992682
0.994397
0.98364
0.960613
0.926705
0.885155
0.84085
0.79959
0.766464
0.74457
0.734468
0.734701
0.742816
0.755907
0.771255
0.786695
0.800813
0.812849
0.822622
0.830678
0.838436
0.847659
0.859155
0.87154
0.881919
0.88748
0.886637
0.879026
0.865287
0.846726
0.825134
0.802393
0.780385
0.760685
0.744629
0.733547
0.728942
0.732254
0.744504
0.765768
0.794838
0.829068
0.864719
0.897717
0.924408
0.94223
0.949952
0.947471
0.935475
0.915151
0.887974
0.855829
0.821257
0.787637
0.758744
0.73787
0.726859
0.725728
0.733182
0.747207
0.765408
0.784924
0.802952
0.817467
0.827608
0.833335
0.834917
0.833032
0.828717
0.823035
0.816697
0.809882
0.802528
0.794892
0.787926
0.783166
0.781709
0.783254
0.786211
0.788726
0.789678
0.789099
0.787887
0.787265
0.788516
0.792978
0.801849
0.815366
0.832042
0.849198
0.864433
0.876489
0.885114
0.890351
0.891916
0.889312
0.882478
0.872178
0.859872
0.847432
0.836887
0.830005
0.82807
0.831495
0.839684
0.851145
0.863656
0.874617
0.881551
0.882624
0.87693
0.864661
0.846996
0.825874
0.803655
0.782494
0.763686
0.74767
0.734436
0.724072
0.716886
0.71321
0.713165
0.716749
0.72404
0.735129
0.750001
0.768387
0.789697
0.813112
0.837706
0.86239
0.885799
0.906408
0.922687
0.933135
0.936619
0.932628
0.921431
0.903991
0.881887
0.857022
0.83124
0.806229
0.783438
0.764169
0.749646
0.740802
0.738116
0.741539
0.750561
0.764252
0.781258
0.799765
0.817709
0.833088
0.844422
0.851045
0.853204
0.851884
0.848579
0.844866
0.842133
0.841165
0.841868
0.843406
0.844632
0.844645
0.843185
0.840723
0.838121
0.83634
0.836124
0.837673
0.840549
0.843517
0.844866
0.843039
0.837091
0.826925
0.813387
0.797964
0.782597
0.76935
0.760171
0.756652
0.759665
0.769124
0.78382
0.80136
0.818673
0.832798
0.841595
0.844492
0.842678
0.838751
0.835836
0.836369
0.841041
0.848764
0.857477
0.865262
0.870987
0.874251
0.875234
0.874443
0.872366
0.869542
0.866403
0.863245
0.860256
0.857269
0.853878
0.849537
0.843801
0.836394
0.827238
0.816309
0.803655
0.789477
0.774269
0.759033
0.745228
0.734527
0.728387
0.727623
0.732144
0.740996
0.752781
0.766087
0.779668
0.792403
0.803065
0.810247
0.812782
0.8103
0.803621
0.794793
0.786747
0.782605
0.785052
0.795655
0.814471
0.839673
0.867647
0.894036
0.914906
0.927519
0.930665
0.924647
0.910934
0.891934
0.870602
0.849956
0.832544
0.819938
0.812487
0.809343
0.808766
0.808702
0.807397
0.803852
0.798157
0.791345
0.784774
0.779308
0.774954
0.771294
0.768107
0.765863
0.76572
0.768964
0.776514
0.788457
0.804169
0.822348
0.841175
0.858654
0.872883
0.882476
0.886986
0.887005
0.883924
0.87934
0.874393
0.869286
0.863306
0.855283
0.844343
0.830534
0.81493
0.799308
0.785572
0.775171
0.768776
0.766395
0.767598
0.771798
0.778409
0.786709
0.795706
0.804209
0.81095
0.814935
0.815683
0.813406
0.80898
0.803658
0.798898
0.795917
0.795494
0.797834
0.802543
0.808788
0.815562
0.821842
0.826641
0.829164
0.82897
0.826014
0.820729
0.813897
0.806627
0.800185
0.795873
0.794571
0.796442
0.800584
0.805248
0.808335
0.80813
0.803976
0.796718
0.788684
0.78308
0.78309
0.790702
0.805882
0.826391
0.848499
0.868166
0.882197
0.888785
0.887657
0.879733
0.866631
0.850117
0.831747
0.81284
0.794785
0.779106
0.767128
0.759545
0.756297
0.756788
0.760173
0.765474
0.771638
0.777736
0.783201
0.787991
0.792515
0.797488
0.803522
0.810927
0.819533
0.828706
0.837676
0.845642
0.852075
0.856689
0.859443
0.860386
0.859541
0.85678
0.851933
0.84495
0.836182
0.826345
0.816508
0.807876
0.801581
0.79857
0.799631
0.805253
0.815517
0.829912
0.8473
0.865824
0.882953
0.895945
0.902331
0.900529
0.890184
0.872241
0.848927
0.823409
0.799069
0.7787
0.763809
0.754498
0.749963
0.749107
0.751076
0.755388
0.761782
0.770009
0.7798
0.790738
0.802385
0.814261
0.825809
0.836372
0.845203
0.851828
0.856261
0.859156
0.86152
0.863912
0.865945
0.866431
0.864295
0.859329
0.852361
0.844933
0.838517
0.833813
0.830378
0.827066
0.822789
0.817153
0.810721
0.804714
0.800375
0.798295
0.797945
0.797948
0.7966
0.792653
0.785755
0.776956
0.768507
0.762809
0.761182
0.763529
0.76911
0.777185
0.787225
0.798664
0.810638
0.822025
0.831657
0.838518
0.842128
0.842823
0.841835
0.840829
0.841537
0.845089
0.851591
0.860229
0.869431
0.877229
0.881741
0.881444
0.875266
0.862616
0.843458
0.818638
0.790213
0.761644
0.737365
0.721648
0.717124
0.724076
0.740773
0.764416
0.791833
0.819762
0.844986
0.864827
0.877659
0.883351
0.883035
0.878626
0.8721
0.865032
0.858493
0.852893
0.848104
0.843608
0.838624
0.832217
0.823545
0.812021
0.797513
0.780415
0.761832
0.743493
0.727523
0.716071
0.710916
0.713319
0.723937
0.742578
0.768081
0.798131
0.82966
0.859493
0.884967
0.90418
0.916296
0.921507
0.92085
0.915779
0.907636
0.897294
0.88524
0.871945
0.858146
0.844965
0.833644
0.824996
0.81915
0.815666
0.813971
0.813792
0.815309
0.818683
0.823623
0.82932
0.834901
0.839761
0.843591
0.8461
0.846685
0.844377
0.837958
0.826446
0.809726
0.788955
0.766625
0.746034
0.730495
0.72245
0.722798
0.730539
0.742935
0.756267
0.766981
0.772725
0.772911
0.768657
0.762272
0.75648
0.753658
0.755203
0.761254
0.770819
0.782339
0.794202
0.805186
0.814621
0.822189
0.827691
0.830861
0.831492
0.829476
0.82511
0.819072
0.81223
0.805265
0.798635
0.792615
0.78745
0.783517
0.781542
0.78247
0.787105
0.7956
0.806999
0.819087
0.829045
0.834468
0.834377
0.829627
0.8226
0.81629
0.813404
0.815405
0.822123
0.832063
0.843142
0.853453
0.861721
0.867347
0.870157
0.870074
0.867075
0.861222
0.852991
0.843551
0.834729
0.828494
0.826124
0.827478
0.83115
0.835067
0.837155
0.835867
0.830229
0.819855
0.804963
0.786532
0.766375
0.747013
0.731265
0.721646
0.719736
0.72569
0.738253
0.755196
0.774015
0.792695
0.8102
0.826371
0.841458
0.855501
0.86793
0.877515
0.88291
0.883236
0.878654
0.870504
0.860931
0.85197
0.844745
0.838886
0.83292
0.825075
0.814311
0.800799
0.785875
0.771635
0.760529
0.754931
0.756458
0.765531
0.781099
0.800831
0.821771
0.841198
0.857215
0.868772
0.87543
0.877054
0.873623
0.865257
0.852481
0.836584
0.819761
0.804619
0.793338
0.786741
0.784226
0.784242
0.785076
0.785392
0.784528
0.782553
0.780316
0.779273
0.780926
0.786087
0.794102
0.80293
0.810107
0.813842
0.8136
0.810196
0.805385
0.80128
0.799654
0.801509
0.806789
0.814658
0.823876
0.833157
0.841359
0.847618
0.851404
0.852566
0.851313
0.848058
0.843202
0.836921
0.82939
0.821072
0.812799
0.805565
0.799973
0.795834
0.792306
0.788384
0.783696
0.778896
0.775602
0.775762
0.780616
0.790135
0.802984
0.817109
0.830442
0.841493
0.849343
0.853501
0.853798
0.85024
0.842931
0.832008
0.817541
0.799673
0.778901
0.75656
0.735158
0.718468
0.71064
0.714569
0.730581
0.756242
0.787484
0.820076
0.850528
0.876384
0.896216
0.909422
0.916188
0.917391
0.914261
0.908169
0.900405
0.892084
0.883979
0.876484
0.869563
0.862678
0.854987
0.845555
0.833874
0.820359
0.80647
0.793978
0.784001
0.776531
0.770841
0.766382
0.763053
0.761074
0.760772
0.762516
0.766888
0.774394
0.784854
0.796977
0.808541
0.817388
0.822326
0.823297
0.821102
0.816798
0.811448
0.80596
0.801355
0.798867
0.799962
0.805793
0.816454
0.83053
0.845402
0.858035
0.865889
0.867455
0.86223
0.85058
0.833663
0.813405
0.792582
0.774464
0.762147
0.757517
0.76062
0.769817
0.782729
0.797126
0.811239
0.823759
0.83364
0.840286
0.843706
0.844431
0.843418
0.841753
0.840471
0.840444
0.842054
0.845049
0.84852
0.851236
0.852162
0.850587
0.845772
0.836776
0.822797
0.803928
0.781783
0.759553
0.741273
0.730564
0.729444
0.737598
0.752662
0.770977
0.788798
0.803302
0.813204
0.818823
0.821798
0.82435
0.828473
0.835363
0.845108
0.856612
0.868029
0.877233
0.88246
0.882707
0.877993
0.869401
0.858715
0.847903
0.8385
0.831366
0.826589
0.823697
0.821923
0.820579
0.819392
0.818567
0.818546
0.819775
0.822208
0.825088
0.827098
0.826702
0.82281
0.815215
0.804964
0.794049
0.784739
0.778764
0.776744
0.778308
0.782646
0.788971
0.796813
0.805892
0.815857
0.826129
0.835984
0.844643
0.851557
0.856561
0.859975
0.862404
0.864632
0.867137
0.869828
0.87197
0.872473
0.870409
0.86547
0.857978
0.84878
0.838835
0.828849
0.819119
0.809766
0.800869
0.792457
0.784364
0.776221
0.76777
0.759154
0.751162
0.745184
0.742797
0.745096
0.752045
0.762342
0.773819
0.784156
0.791661
0.795687
0.796693
0.796021
0.795307
0.795917
0.798461
0.802741
0.808006
0.813412
0.818331
0.822599
0.826503
0.830517
0.834959
0.839752
0.844502
0.848529
0.851157
0.851845
0.850313
0.846507
0.84061
0.833028
0.82451
0.816136
0.809092
0.804412
0.802457
0.8029
0.804891
0.807625
0.810693
0.814089
0.818038
0.822742
0.828154
0.833874
0.839323
0.843802
0.846634
0.847311
0.845615
0.84169
0.836019
0.829323
0.822362
0.815373
0.8079
0.798902
0.787592
0.774114
0.759554
0.976649
1.12397
1.22953
1.29555
1.32616
1.32624
1.30109
1.25642
1.19846
1.1335
1.06722
1.00428
0.948355
0.902348
0.868408
0.847531
0.83919
0.841171
0.850017
0.861743
0.872452
0.878988
0.879293
0.872303
0.858037
0.837298
0.811447
0.782312
0.751971
0.722773
0.697113
0.677088
0.664138
0.658845
0.661163
0.670847
0.687603
0.710851
0.739165
0.770162
0.800938
0.828883
0.852175
0.870116
0.882949
0.891669
0.897512
0.901571
0.904446
0.906146
0.90635
0.904753
0.90137
0.896438
0.890168
0.882531
0.873144
0.861447
0.846932
0.829434
0.809512
0.788665
0.769243
0.753983
0.745125
0.743589
0.748717
0.758701
0.771232
0.784282
0.796669
0.808321
0.820024
0.832403
0.844959
0.856103
0.864274
0.868715
0.869551
0.867273
0.86239
0.855337
0.846729
0.837614
0.829632
0.82481
0.825027
0.831447
0.844113
0.861992
0.883385
0.906217
0.928343
0.947656
0.962072
0.969762
0.969521
0.960965
0.944562
0.921539
0.89363
0.862925
0.831829
0.803108
0.779818
0.764834
0.759882
0.764363
0.7752
0.788008
0.798755
0.805025
0.806382
0.80425
0.80107
0.799482
0.801475
0.80795
0.818719
0.832708
0.848451
0.864486
0.879587
0.89292
0.903801
0.911697
0.916155
0.916921
0.914067
0.908073
0.899851
0.890636
0.881772
0.874604
0.870241
0.869262
0.871309
0.874991
0.878209
0.878849
0.875612
0.86832
0.857932
0.846125
0.83486
0.825816
0.819915
0.817135
0.816711
0.817514
0.818447
0.818717
0.817864
0.815885
0.813219
0.810394
0.807723
0.805065
0.801876
0.797461
0.7914
0.783857
0.775654
0.768119
0.762963
0.761845
0.766093
0.77639
0.7925
0.813117
0.835975
0.858164
0.876736
0.889209
0.89412
0.891511
0.882918
0.871372
0.860862
0.855426
0.857869
0.868742
0.88615
0.906418
0.925219
0.938714
0.944421
0.941773
0.932265
0.919051
0.905909
0.89547
0.888109
0.88206
0.874803
0.864607
0.851392
0.836569
0.822282
0.810599
0.803046
0.800874
0.805046
0.815404
0.829815
0.844513
0.855601
0.860472
0.858443
0.850573
0.839239
0.827422
0.817859
0.812243
0.810916
0.813333
0.818569
0.825635
0.833479
0.840978
0.847118
0.851218
0.853044
0.852727
0.850418
0.846147
0.839891
0.831717
0.822024
0.81164
0.801802
0.793993
0.789726
0.790386
0.796841
0.809002
0.825545
0.844055
0.861648
0.875811
0.885038
0.88921
0.889477
0.887864
0.886578
0.887144
0.889835
0.893673
0.897048
0.898586
0.897842
0.895246
0.891763
0.888411
0.885802
0.883905
0.882204
0.880017
0.876772
0.872173
0.8661
0.858348
0.848705
0.837192
0.824316
0.810932
0.797951
0.786243
0.776898
0.771221
0.770327
0.774629
0.783397
0.794663
0.805804
0.814338
0.818964
0.820277
0.820821
0.824071
0.832398
0.845854
0.862376
0.879159
0.893844
0.905023
0.912105
0.914792
0.912953
0.906731
0.896785
0.884355
0.871066
0.858438
0.847457
0.838328
0.830584
0.823577
0.816849
0.810148
0.80321
0.795678
0.7873
0.778227
0.769248
0.761736
0.757395
0.757809
0.764005
0.776009
0.79283
0.812674
0.83345
0.853145
0.870126
0.883084
0.891123
0.893773
0.89111
0.884002
0.874105
0.863711
0.855262
0.850651
0.85063
0.854549
0.860726
0.867194
0.87247
0.875682
0.876438
0.874626
0.870525
0.864921
0.859057
0.854221
0.851262
0.850287
0.850526
0.850702
0.849387
0.845408
0.838195
0.82787
0.815278
0.801704
0.788561
0.777101
0.76836
0.763234
0.76238
0.765835
0.772595
0.780836
0.788779
0.795413
0.8007
0.805359
0.810553
0.817742
0.828286
0.84301
0.86178
0.88342
0.906047
0.927554
0.946094
0.96037
0.969513
0.972993
0.970575
0.962171
0.948002
0.928732
0.905657
0.880939
0.857531
0.838671
0.82694
0.823583
0.828088
0.838342
0.850962
0.861839
0.866847
0.862929
0.848811
0.825625
0.79671
0.766902
0.741286
0.723944
0.717021
0.720548
0.732978
0.751954
0.775047
0.800054
0.825023
0.84818
0.868004
0.883375
0.893707
0.898912
0.899461
0.896309
0.89075
0.884273
0.878107
0.872882
0.86845
0.863853
0.85753
0.847629
0.832729
0.81303
0.791025
0.770835
0.756422
0.750224
0.752913
0.763997
0.781983
0.804571
0.828855
0.851833
0.87088
0.884236
0.89122
0.892439
0.889477
0.88461
0.880338
0.878599
0.880212
0.884716
0.890739
0.896673
0.901037
0.902753
0.901497
0.897932
0.893508
0.890275
0.890198
0.894247
0.901827
0.910821
0.918056
0.920216
0.914592
0.900069
0.877498
0.849684
0.820574
0.794054
0.772818
0.758255
0.750911
0.750744
0.756877
0.767247
0.778847
0.788826
0.795433
0.798348
0.798323
0.796558
0.794127
0.791602
0.789125
0.786717
0.784886
0.785018
0.789131
0.798948
0.814817
0.835377
0.858166
0.880385
0.899411
0.913126
0.920124
0.919879
0.912928
0.900974
0.886708
0.873221
0.863245
0.858476
0.859125
0.86408
0.871356
0.87895
0.885557
0.890644
0.894154
0.895737
0.894431
0.888963
0.878388
0.862511
0.842146
0.81886
0.794666
0.771752
0.752244
0.738039
0.730669
0.731197
0.740105
0.757024
0.780376
0.807389
0.83468
0.859106
0.878577
0.892408
0.90134
0.907002
0.91133
0.91604
0.922207
0.930051
0.938961
0.947601
0.954174
0.956719
0.953448
0.943178
0.925845
0.902718
0.876586
0.851194
0.830199
0.815543
0.806692
0.801343
0.796941
0.791857
0.785768
0.77939
0.773966
0.770944
0.771592
0.776618
0.786058
0.799062
0.813847
0.828203
0.84009
0.848139
0.851829
0.85132
0.847409
0.841297
0.834605
0.829388
0.828076
0.833008
0.845323
0.863793
0.884573
0.902513
0.913123
0.913982
0.905259
0.889255
0.86973
0.850782
0.835663
0.82587
0.820916
0.818831
0.817199
0.814222
0.809226
0.802562
0.795274
0.789037
0.786094
0.788753
0.798531
0.81547
0.838165
0.864315
0.891515
0.917545
0.940532
0.958769
0.970582
0.974414
0.969242
0.955063
0.933259
0.906493
0.878171
0.851569
0.829123
0.812258
0.801576
0.797142
0.798733
0.806026
0.818639
0.836053
0.857162
0.879831
0.900712
0.916075
0.922763
0.918988
0.904777
0.882107
0.85462
0.826778
0.802666
0.784943
0.774313
0.769925
0.770194
0.773422
0.778286
0.783951
0.790003
0.79646
0.803445
0.810895
0.818304
0.8249
0.829753
0.832183
0.832187
0.830552
0.828603
0.827729
0.828801
0.831704
0.835518
0.838909
0.840694
0.840332
0.838139
0.83517
0.832984
0.833081
0.836224
0.842283
0.850557
0.860257
0.87102
0.882827
0.895505
0.90825
0.919548
0.927748
0.931706
0.931041
0.926165
0.918123
0.908293
0.898091
0.888766
0.88121
0.875761
0.87201
0.868967
0.865425
0.86032
0.852951
0.843149
0.831323
0.81853
0.806338
0.796677
0.791289
0.79099
0.795558
0.804226
0.81617
0.830604
0.846303
0.86132
0.873301
0.880169
0.880769
0.87527
0.865223
0.853165
0.841988
0.834239
0.831392
0.833392
0.838946
0.84603
0.852506
0.856624
0.857116
0.853377
0.845518
0.834344
0.821191
0.80764
0.795354
0.78583
0.780298
0.779435
0.783233
0.791155
0.802564
0.816855
0.833352
0.851113
0.868794
0.884846
0.897549
0.905302
0.90685
0.901626
0.889839
0.872407
0.851045
0.828432
0.808048
0.793066
0.784908
0.783186
0.787027
0.795891
0.809531
0.827257
0.847399
0.8674
0.8845
0.896369
0.901473
0.898976
0.888844
0.872201
0.851683
0.830789
0.812878
0.800002
0.792545
0.789757
0.790546
0.794011
0.799419
0.805964
0.812808
0.819594
0.8268
0.835318
0.845254
0.855357
0.863387
0.867213
0.86566
0.858691
0.847397
0.833836
0.820548
0.809968
0.803425
0.800846
0.801322
0.803919
0.808076
0.813625
0.820661
0.829413
0.840314
0.853818
0.869744
0.88666
0.901895
0.912585
0.917062
0.915472
0.909524
0.901746
0.894591
0.889733
0.887541
0.887182
0.887053
0.88561
0.882063
0.876536
0.869909
0.8633
0.857687
0.853589
0.851237
0.850763
0.852293
0.85584
0.860678
0.864913
0.866123
0.86271
0.854814
0.844066
0.832605
0.822249
0.814128
0.808905
0.807158
0.809315
0.815267
0.824231
0.834736
0.845207
0.854305
0.861096
0.865116
0.866275
0.864735
0.860864
0.855047
0.847592
0.838511
0.827499
0.814133
0.798418
0.781106
0.764004
0.749544
0.740093
0.737182
0.741028
0.75066
0.7642
0.779398
0.793989
0.805955
0.813894
0.81716
0.816088
0.811788
0.805885
0.800159
0.796245
0.795311
0.797918
0.803992
0.812799
0.823077
0.833463
0.84279
0.850472
0.856602
0.861866
0.867213
0.873395
0.880529
0.888197
0.895768
0.902663
0.908712
0.914047
0.918814
0.922811
0.925267
0.924991
0.92082
0.911967
0.898401
0.880866
0.860695
0.839638
0.819779
0.80353
0.793325
0.79084
0.796225
0.808054
0.823906
0.841375
0.858634
0.874434
0.887711
0.897414
0.902567
0.902454
0.896587
0.884785
0.867184
0.844679
0.81921
0.79378
0.772076
0.757593
0.75274
0.758212
0.773021
0.794896
0.821041
0.848518
0.874518
0.896461
0.911998
0.919194
0.917047
0.905687
0.886668
0.862562
0.836426
0.811158
0.789155
0.772192
0.761584
0.75826
0.762634
0.774416
0.792552
0.815155
0.839621
0.863126
0.883053
0.897397
0.905006
0.905759
0.900556
0.891125
0.879512
0.867555
0.856619
0.847501
0.840988
0.838144
0.840161
0.847457
0.858845
0.871746
0.883391
0.89155
0.894815
0.892498
0.884865
0.873232
0.859735
0.846458
0.834558
0.823734
0.812858
0.801073
0.788619
0.776874
0.767674
0.76272
0.763563
0.77146
0.786901
0.808858
0.834704
0.861103
0.885066
0.904368
0.917497
0.923464
0.921853
0.913015
0.898079
0.87893
0.857909
0.83738
0.81921
0.804413
0.793024
0.784479
0.778331
0.774875
0.775135
0.780407
0.791404
0.807928
0.828861
0.852578
0.877163
0.90046
0.920153
0.933944
0.93992
0.937041
0.925576
0.907192
0.884763
0.861722
0.841402
0.826245
0.817408
0.814624
0.816584
0.821621
0.828401
0.836233
0.844924
0.854238
0.863466
0.966826
1.10582
1.20801
1.27641
1.31434
1.325
1.31146
1.27678
1.22447
1.15851
1.08357
1.00526
0.929697
0.862504
0.807904
0.768046
0.743196
0.732366
0.733515
0.743615
0.758726
0.774666
0.787921
0.796419
0.799865
0.799417
0.796811
0.793204
0.788451
0.781257
0.770312
0.755473
0.738644
0.72329
0.71291
0.709375
0.712492
0.721096
0.734389
0.752198
0.774617
0.801347
0.831315
0.862547
0.892332
0.917698
0.935931
0.945071
0.944234
0.933519
0.913856
0.886778
0.854142
0.818112
0.781305
0.746933
0.718297
0.697643
0.685396
0.680588
0.681756
0.687736
0.697901
0.71206
0.72999
0.750992
0.773648
0.79592
0.815643
0.830977
0.840874
0.845247
0.844938
0.841542
0.836994
0.833135
0.831339
0.832424
0.836769
0.844361
0.854613
0.866259
0.877452
0.886226
0.891093
0.891411
0.887478
0.880382
0.871637
0.862921
0.855815
0.851486
0.850427
0.852205
0.85541
0.85797
0.857658
0.852806
0.842613
0.827149
0.807251
0.784461
0.760871
0.73887
0.720801
0.708458
0.702832
0.703977
0.71132
0.724114
0.741688
0.763379
0.788198
0.814643
0.84084
0.86482
0.884762
0.899
0.906053
0.90499
0.895894
0.880003
0.859482
0.836782
0.814069
0.79327
0.776197
0.764373
0.758657
0.758927
0.764096
0.772551
0.782481
0.792179
0.800249
0.805689
0.807906
0.806829
0.803025
0.797698
0.792474
0.788909
0.787964
0.789614
0.793007
0.797098
0.801576
0.807088
0.814669
0.824575
0.835935
0.847354
0.85761
0.865617
0.870252
0.870665
0.866663
0.859109
0.849787
0.840723
0.833265
0.827614
0.823061
0.81866
0.813929
0.809016
0.804584
0.801549
0.80068
0.802288
0.806248
0.812014
0.818692
0.825079
0.829788
0.831643
0.830058
0.825438
0.819304
0.814037
0.812149
0.815184
0.823109
0.834415
0.846803
0.857966
0.866166
0.87048
0.870622
0.866645
0.858692
0.846832
0.831098
0.811769
0.789617
0.766161
0.743562
0.724097
0.709537
0.700572
0.696849
0.697637
0.702633
0.71232
0.727592
0.74865
0.77447
0.80261
0.82968
0.852042
0.866772
0.872389
0.869594
0.861438
0.852867
0.848528
0.850047
0.855324
0.86081
0.863821
0.863499
0.860607
0.856971
0.854878
0.856424
0.862434
0.871921
0.882493
0.891494
0.896954
0.89788
0.894046
0.885635
0.873308
0.858065
0.841394
0.825054
0.810967
0.801
0.796598
0.798265
0.805233
0.815428
0.825671
0.832457
0.832684
0.824328
0.807054
0.782497
0.754142
0.726454
0.703488
0.687782
0.68029
0.681144
0.689982
0.705854
0.727128
0.751621
0.776978
0.800952
0.821765
0.838503
0.851385
0.861446
0.869873
0.877257
0.883185
0.886702
0.886779
0.882881
0.875128
0.8642
0.851096
0.836847
0.822513
0.809098
0.797521
0.788475
0.782008
0.77766
0.774771
0.772953
0.772293
0.773344
0.776788
0.782942
0.791648
0.802384
0.814574
0.827777
0.841533
0.855102
0.867373
0.876965
0.882512
0.88307
0.878391
0.869107
0.85673
0.843388
0.83138
0.822529
0.817774
0.817001
0.819028
0.82197
0.823705
0.822294
0.81641
0.805732
0.791073
0.774432
0.758579
0.746577
0.740996
0.743138
0.752521
0.767032
0.783494
0.798492
0.809284
0.814477
0.814267
0.810181
0.804167
0.797488
0.790386
0.782581
0.774121
0.765965
0.76001
0.758507
0.763328
0.775235
0.793299
0.815071
0.837243
0.856411
0.869686
0.8751
0.871961
0.861118
0.845069
0.827426
0.812032
0.801562
0.796757
0.796614
0.799278
0.803022
0.806706
0.809848
0.812367
0.814406
0.816242
0.818272
0.821004
0.82476
0.829432
0.834153
0.837335
0.837126
0.832061
0.821611
0.806413
0.788158
0.769367
0.752889
0.741418
0.736908
0.740082
0.750141
0.765094
0.782242
0.798974
0.813243
0.823778
0.830038
0.832098
0.830703
0.827482
0.825015
0.82604
0.832198
0.843237
0.857272
0.871753
0.884436
0.893884
0.899703
0.902267
0.902065
0.899256
0.89348
0.884127
0.870804
0.853533
0.832861
0.809703
0.785515
0.762183
0.741797
0.726164
0.716318
0.712184
0.712742
0.716594
0.722736
0.731105
0.742581
0.758256
0.778292
0.801367
0.824929
0.846317
0.86372
0.876455
0.88469
0.8889
0.889421
0.886336
0.879802
0.870276
0.858835
0.847076
0.836702
0.82904
0.824564
0.822848
0.822761
0.823142
0.82332
0.823212
0.823004
0.822798
0.822406
0.821405
0.819471
0.816628
0.813325
0.810432
0.808924
0.809728
0.813374
0.819598
0.827349
0.835016
0.840923
0.843883
0.843477
0.840042
0.83435
0.827402
0.820166
0.8135
0.807997
0.804093
0.802032
0.801823
0.803164
0.805205
0.80676
0.806632
0.803953
0.798474
0.790761
0.782321
0.775663
0.773645
0.777716
0.786589
0.796932
0.805474
0.81048
0.811609
0.809454
0.80516
0.800195
0.795995
0.793312
0.792146
0.791846
0.791736
0.791663
0.792127
0.79397
0.797814
0.803751
0.811391
0.820146
0.829652
0.839803
0.850647
0.862022
0.873382
0.883916
0.892751
0.899167
0.902642
0.902864
0.899739
0.893538
0.884684
0.873551
0.860335
0.845186
0.82859
0.811687
0.796149
0.78366
0.775272
0.771225
0.770982
0.773505
0.777538
0.781845
0.785238
0.786628
0.78525
0.780744
0.77328
0.763706
0.753386
0.743998
0.737103
0.73385
0.734829
0.740234
0.749983
0.763726
0.780683
0.799473
0.8182
0.834837
0.847712
0.855949
0.859535
0.859276
0.856532
0.852907
0.849888
0.848441
0.848909
0.851084
0.854257
0.857509
0.859899
0.860724
0.859642
0.856898
0.853618
0.851659
0.852505
0.855623
0.858311
0.857382
0.850856
0.838647
0.822342
0.804555
0.78817
0.77575
0.768747
0.767367
0.770575
0.776773
0.784428
0.792492
0.800445
0.807807
0.813912
0.817804
0.818608
0.815973
0.810229
0.802425
0.794122
0.787036
0.782458
0.780881
0.781885
0.784478
0.787673
0.791035
0.79499
0.800391
0.807851
0.817088
0.826688
0.834704
0.839382
0.839737
0.835708
0.827831
0.817089
0.804866
0.793113
0.784034
0.779549
0.780504
0.786509
0.796148
0.807424
0.818237
0.826847
0.832148
0.833686
0.831617
0.82666
0.820185
0.814191
0.810862
0.811497
0.81564
0.821185
0.825455
0.826452
0.82369
0.818281
0.812458
0.80863
0.80842
0.812223
0.819377
0.828545
0.838078
0.846098
0.850787
0.850682
0.845094
0.834289
0.819527
0.802855
0.786828
0.773921
0.765951
0.763631
0.766668
0.774077
0.784816
0.798188
0.813831
0.83106
0.84825
0.862946
0.872714
0.876165
0.873394
0.865575
0.854348
0.841241
0.827418
0.813701
0.800696
0.788884
0.778623
0.770039
0.763013
0.757267
0.752397
0.748004
0.743895
0.74024
0.737612
0.736997
0.739602
0.746506
0.758198
0.774126
0.79264
0.811306
0.827717
0.840149
0.847962
0.851629
0.852337
0.851584
0.850631
0.850069
0.849713
0.848821
0.846416
0.841741
0.834613
0.825395
0.814764
0.803552
0.792792
0.783612
0.777241
0.774775
0.77689
0.783522
0.793687
0.805612
0.817183
0.826429
0.832282
0.834872
0.835354
0.835362
0.836396
0.839321
0.844293
0.850852
0.858029
0.864551
0.869329
0.871626
0.871201
0.86826
0.863422
0.857536
0.851465
0.845847
0.840872
0.836225
0.831221
0.825151
0.817336
0.807428
0.795556
0.782396
0.769164
0.757498
0.74921
0.745918
0.748724
0.758073
0.773484
0.793491
0.815503
0.836036
0.851763
0.860526
0.861778
0.856403
0.846115
0.832907
0.818565
0.804471
0.791619
0.780815
0.772899
0.768628
0.768409
0.772098
0.779055
0.788159
0.798234
0.808387
0.818169
0.827608
0.836998
0.846572
0.856278
0.865736
0.874419
0.881894
0.887742
0.891503
0.8927
0.89094
0.886034
0.878173
0.868053
0.856733
0.845302
0.834439
0.824266
0.814591
0.805277
0.796576
0.789003
0.783014
0.778699
0.77556
0.772478
0.767988
0.76077
0.750155
0.736513
0.721486
0.707457
0.696849
0.691407
0.691905
0.698346
0.710193
0.726603
0.746452
0.768575
0.791901
0.815762
0.839843
0.863987
0.887719
0.910105
0.92996
0.946194
0.958095
0.965404
0.968233
0.966911
0.961657
0.952319
0.938378
0.919225
0.894387
0.863852
0.828341
0.789427
0.749703
0.712686
0.682425
0.66287
0.656738
0.664372
0.683328
0.708976
0.735859
0.759219
0.775998
0.784991
0.78672
0.782869
0.775798
0.768225
0.762934
0.762477
0.76868
0.781999
0.801107
0.823098
0.84431
0.861411
0.872304
0.876417
0.874577
0.868672
0.860999
0.853532
0.847258
0.84202
0.836932
0.831177
0.824645
0.818029
0.812423
0.808689
0.807231
0.808341
0.812444
0.820081
0.831483
0.846114
0.862389
0.877816
0.889557
0.895424
0.894547
0.887497
0.876013
0.862353
0.84869
0.836903
0.828422
0.824342
0.825075
0.830074
0.837748
0.845753
0.85163
0.853455
0.850458
0.843229
0.833435
0.823108
0.814013
0.807229
0.802998
0.800854
0.79982
0.798727
0.796647
0.793204
0.78845
0.782368
0.7747
0.764969
0.752933
0.739218
0.725609
0.714743
0.709244
0.710777
0.719469
0.734052
0.752612
0.773219
0.794342
0.815105
0.835248
0.854948
0.874325
0.892939
0.90965
0.922979
0.931746
0.935362
0.933729
0.926996
0.915396
0.899211
0.878925
0.855521
0.830746
0.80694
0.786518
0.771567
0.763688
0.763537
0.769937
0.779542
0.788393
0.794122
0.796998
0.799277
0.803441
0.81053
0.819392
0.827351
0.831768
0.831304
0.82648
0.819631
0.814042
0.812466
0.815876
0.823317
0.832724
0.841907
0.849281
0.854083
0.856194
0.855865
0.853475
0.8494
0.843855
0.83701
0.829053
0.820371
0.811582
0.803606
0.797467
0.794055
0.79399
0.797467
0.80401
0.812461
0.821368
0.829339
0.835371
0.838803
0.839188
0.836347
0.830517
0.822529
0.813789
0.805967
0.800553
0.798366
0.799264
0.802274
0.806176
0.810261
0.814752
0.820503
0.828201
0.837644
0.84741
0.855287
0.858852
0.856183
0.846477
0.830343
0.809987
0.788824
0.770845
0.759672
0.757633
0.765212
0.781101
0.802467
0.825505
0.846382
0.861989
0.870613
0.871974
0.950879
1.07688
1.16827
1.2271
1.25669
1.26085
1.24344
1.20832
1.15949
1.10093
1.03682
0.971373
0.90879
0.852748
0.805969
0.769913
0.744815
0.729855
0.723403
0.723168
0.726367
0.730014
0.731349
0.728455
0.720626
0.708528
0.693892
0.678871
0.665309
0.654387
0.646787
0.643147
0.644285
0.650717
0.662175
0.677528
0.695658
0.716432
0.740625
0.768167
0.796449
0.820963
0.83791
0.845966
0.846269
0.841662
0.835662
0.831389
0.83081
0.834144
0.840096
0.846519
0.851157
0.852151
0.848133
0.838226
0.822067
0.799884
0.772737
0.742594
0.712348
0.685737
0.666816
0.658785
0.662604
0.676313
0.695906
0.717084
0.736565
0.752426
0.76393
0.771314
0.775634
0.778631
0.782462
0.78911
0.799746
0.814329
0.831587
0.849395
0.86535
0.877477
0.884791
0.887479
0.886851
0.884794
0.883131
0.882881
0.884021
0.885548
0.885777
0.882815
0.875
0.861181
0.840841
0.814177
0.782231
0.747048
0.711593
0.67939
0.653574
0.635932
0.626442
0.623704
0.625958
0.63204
0.641731
0.655586
0.674412
0.698541
0.727427
0.759484
0.792378
0.82353
0.850578
0.871884
0.886722
0.895193
0.898105
0.896613
0.891863
0.884507
0.874405
0.860746
0.842566
0.819433
0.792072
0.76248
0.733689
0.70913
0.691938
0.684351
0.687335
0.700352
0.721176
0.745981
0.770353
0.790657
0.805091
0.813703
0.817828
0.81932
0.819916
0.820522
0.820985
0.820354
0.817391
0.811399
0.802695
0.792425
0.782154
0.773183
0.766212
0.761103
0.757103
0.753145
0.748221
0.741769
0.733931
0.725659
0.718548
0.714479
0.715128
0.721422
0.733149
0.748996
0.766831
0.784339
0.79956
0.811206
0.818899
0.822995
0.82447
0.824703
0.8251
0.82676
0.829876
0.833717
0.837023
0.838529
0.837514
0.833794
0.827734
0.820015
0.811376
0.802535
0.794046
0.786166
0.778854
0.771864
0.764826
0.75742
0.749662
0.741995
0.735369
0.731048
0.730224
0.733628
0.741323
0.752631
0.766191
0.780124
0.792311
0.800876
0.804604
0.803332
0.797923
0.789937
0.781174
0.773162
0.766767
0.761989
0.758261
0.754773
0.750806
0.746145
0.741207
0.736869
0.734257
0.734345
0.737678
0.744243
0.75332
0.76364
0.773689
0.78211
0.788033
0.791305
0.792371
0.792121
0.791746
0.792509
0.795177
0.799544
0.804531
0.808903
0.812056
0.814216
0.816161
0.818697
0.822164
0.826347
0.830557
0.833934
0.835729
0.835634
0.83377
0.830639
0.826968
0.823665
0.821535
0.820971
0.821427
0.821482
0.819307
0.813363
0.802966
0.788803
0.772907
0.758237
0.747544
0.742362
0.742408
0.746049
0.751124
0.755722
0.758511
0.758702
0.756071
0.750914
0.744129
0.737171
0.731827
0.729778
0.7321
0.738955
0.749507
0.762057
0.774578
0.785475
0.793968
0.800103
0.804473
0.80781
0.810875
0.81435
0.818706
0.82401
0.829649
0.834322
0.836277
0.833926
0.826395
0.81385
0.797565
0.779512
0.761697
0.74569
0.732295
0.721545
0.7131
0.706811
0.70316
0.703134
0.707592
0.716795
0.73034
0.747541
0.767554
0.789121
0.810482
0.8295
0.844077
0.852589
0.854273
0.849314
0.838828
0.824854
0.810083
0.797022
0.787237
0.7809
0.777045
0.774322
0.771742
0.769154
0.767185
0.766918
0.769205
0.774154
0.780939
0.788192
0.794598
0.799412
0.802629
0.804765
0.80657
0.808794
0.811871
0.815921
0.820767
0.825934
0.830831
0.834887
0.837699
0.839207
0.839436
0.838349
0.835489
0.829848
0.82008
0.805004
0.784591
0.760761
0.737445
0.719352
0.709935
0.709704
0.716293
0.726069
0.73592
0.744086
0.750158
0.754521
0.757683
0.75996
0.761391
0.76178
0.760916
0.758796
0.75567
0.752115
0.748986
0.747255
0.747726
0.750734
0.756089
0.763085
0.770909
0.778906
0.786893
0.795161
0.804267
0.8145
0.825495
0.836176
0.844943
0.8502
0.85082
0.846399
0.837357
0.824823
0.810241
0.7949
0.779742
0.765486
0.752851
0.742831
0.736468
0.734377
0.736449
0.741831
0.749444
0.758414
0.768332
0.779053
0.790572
0.802712
0.814857
0.825867
0.834291
0.838686
0.838044
0.832104
0.821529
0.807724
0.792522
0.777755
0.764873
0.754818
0.747834
0.743543
0.741135
0.739726
0.738673
0.737804
0.737364
0.73781
0.739524
0.742565
0.746668
0.751333
0.756193
0.761227
0.766718
0.772871
0.77974
0.787325
0.795792
0.805362
0.816003
0.827146
0.837773
0.84664
0.852632
0.855193
0.85442
0.851029
0.846094
0.840434
0.834349
0.827388
0.818691
0.807488
0.793658
0.777813
0.761314
0.745903
0.733261
0.724716
0.720891
0.721439
0.725142
0.730475
0.736362
0.742692
0.749964
0.75814
0.765974
0.771561
0.773237
0.770287
0.763077
0.752838
0.741498
0.731334
0.724799
0.724147
0.730921
0.745537
0.766774
0.791847
0.817158
0.839288
0.855749
0.86533
0.867963
0.864341
0.855672
0.843304
0.828615
0.812831
0.796864
0.781353
0.766675
0.753133
0.741108
0.731123
0.723761
0.71959
0.719102
0.722636
0.730233
0.741553
0.755645
0.771065
0.785989
0.798795
0.808583
0.815481
0.820541
0.825087
0.829656
0.833524
0.835198
0.833495
0.828369
0.82077
0.812158
0.803913
0.79683
0.790999
0.785914
0.78072
0.774728
0.767788
0.760545
0.754376
0.751034
0.752104
0.758392
0.76957
0.784132
0.79979
0.814124
0.82513
0.831477
0.832421
0.827794
0.817971
0.803801
0.786659
0.768395
0.751022
0.736355
0.725555
0.718897
0.715775
0.715131
0.715852
0.71711
0.718498
0.719964
0.721638
0.72352
0.725316
0.726827
0.728583
0.732501
0.741589
0.757489
0.778159
0.798723
0.814594
0.823451
0.825176
0.821108
0.813361
0.804243
0.795784
0.789356
0.785533
0.784511
0.786595
0.792061
0.800575
0.810961
0.821656
0.831518
0.839945
0.846478
0.850605
0.852
0.850703
0.847169
0.842054
0.83576
0.828247
0.819195
0.808318
0.795682
0.781923
0.768387
0.756912
0.749255
0.746424
0.748135
0.752871
0.758576
0.763601
0.767085
0.768854
0.768999
0.767618
0.764911
0.761541
0.75884
0.758417
0.761402
0.767944
0.777197
0.787675
0.797567
0.804877
0.807887
0.805637
0.798444
0.788047
0.777244
0.769178
0.766587
0.770959
0.782087
0.798015
0.815716
0.832058
0.844591
0.851982
0.853978
0.850991
0.843692
0.832824
0.819139
0.803707
0.788041
0.773944
0.763044
0.756223
0.753322
0.753194
0.75429
0.75543
0.756204
0.756854
0.75785
0.759576
0.762208
0.765815
0.770503
0.776352
0.783098
0.789868
0.795276
0.797843
0.796655
0.791878
0.784698
0.777136
0.771465
0.769665
0.772706
0.780116
0.790207
0.800814
0.809931
0.816108
0.818378
0.816124
0.809134
0.797571
0.782154
0.764385
0.746736
0.732443
0.724847
0.726173
0.736503
0.753803
0.774912
0.796497
0.815722
0.830477
0.839466
0.842177
0.838824
0.830038
0.816719
0.799976
0.781251
0.762482
0.745783
0.732881
0.724729
0.721507
0.72296
0.728746
0.738573
0.751919
0.767815
0.78467
0.800512
0.813263
0.821091
0.822631
0.817401
0.805939
0.790048
0.772575
0.756806
0.745601
0.740694
0.742292
0.749232
0.759403
0.770423
0.780271
0.787593
0.791803
0.792764
0.790654
0.786042
0.779901
0.773451
0.767795
0.763737
0.761556
0.760904
0.760929
0.760539
0.75885
0.755642
0.751437
0.747485
0.745277
0.746157
0.751072
0.760574
0.774777
0.793126
0.814211
0.835733
0.855053
0.869939
0.878993
0.881799
0.878829
0.871211
0.860411
0.847737
0.834055
0.819739
0.804936
0.790037
0.775714
0.762591
0.750867
0.740459
0.731213
0.723217
0.717009
0.713448
0.713346
0.71713
0.724508
0.734326
0.744978
0.754974
0.763463
0.77047
0.77669
0.783086
0.790468
0.799308
0.80969
0.821413
0.833948
0.846509
0.857917
0.866729
0.87139
0.87061
0.863689
0.850929
0.833762
0.81439
0.795154
0.777943
0.763883
0.753566
0.747331
0.745326
0.747508
0.75362
0.76302
0.774517
0.786214
0.79566
0.800367
0.798531
0.789714
0.775284
0.758183
0.74217
0.730442
0.724626
0.72453
0.728722
0.735498
0.743488
0.751733
0.759563
0.766302
0.77144
0.77476
0.77652
0.777469
0.778705
0.781252
0.785613
0.791628
0.798561
0.805485
0.811681
0.81692
0.821589
0.826283
0.831418
0.836783
0.841484
0.844291
0.844083
0.840329
0.833269
0.82383
0.813203
0.802463
0.792163
0.782691
0.774456
0.768151
0.764541
0.764013
0.766144
0.769799
0.773462
0.775656
0.77521
0.771348
0.763724
0.752563
0.738913
0.724545
0.711312
0.700526
0.692807
0.688848
0.689727
0.696377
0.708674
0.725322
0.74445
0.764365
0.783874
0.802227
0.818821
0.833001
0.843981
0.851022
0.853782
0.852343
0.847497
0.840637
0.833447
0.827234
0.82227
0.817552
0.81146
0.802701
0.791267
0.778579
0.766856
0.758362
0.754608
0.756019
0.761944
0.770938
0.781109
0.790423
0.797125
0.800098
0.799115
0.794805
0.788387
0.781194
0.774488
0.769078
0.765213
0.762584
0.760704
0.759239
0.758102
0.757481
0.757587
0.758459
0.760054
0.762242
0.76486
0.767775
0.770862
0.773951
0.776869
0.779641
0.782551
0.786025
0.790423
0.79562
0.80094
0.805559
0.808977
0.811353
0.813303
0.81522
0.816607
0.816246
0.813057
0.806805
0.798276
0.788894
0.780187
0.77339
0.769265
0.768162
0.769924
0.773958
0.77924
0.784542
0.788739
0.790931
0.790488
0.787007
0.780208
0.769991
0.756594
0.740798
0.724124
0.708924
0.698336
0.695682
0.703223
0.720881
0.746001
0.774315
0.801533
0.824505
0.841484
0.851944
0.856267
0.855446
0.850992
0.844586
0.837747
0.831451
0.826083
0.821407
0.816766
0.811661
0.806121
0.800888
0.797088
0.795586
0.796304
0.798104
0.799105
0.797441
0.791858
0.781928
0.768341
0.752827
0.737972
0.726875
0.722476
0.726442
0.738028
0.754154
0.770789
0.78457
0.793658
0.797572
0.796666
0.791756
0.783859
0.774215
0.764223
0.755427
0.74904
0.745497
0.744274
0.744252
0.744298
0.743844
