0.000000000000000000e+00 1.000000000000000000e+00
5.000000000000000000e+03 8.389682840869946423e-01
1.000000000000000000e+04 7.150326930706037976e-01
1.500000000000000000e+04 6.186973977469890640e-01
2.000000000000000000e+04 5.414481674736731920e-01
2.500000000000000000e+04 4.779693976857534166e-01
3.000000000000000000e+04 4.252214657317727742e-01
3.500000000000000000e+04 3.811418617888330806e-01
4.000000000000000000e+04 3.437457350579377624e-01
4.500000000000000000e+04 3.120706247437987080e-01
5.000000000000000000e+04 2.845660278753572858e-01
5.500000000000000000e+04 2.599593727863276360e-01
6.000000000000000000e+04 2.390450140049723837e-01
6.500000000000000000e+04 2.205859082314804154e-01
7.000000000000000000e+04 2.036666787370375875e-01
7.500000000000000000e+04 1.885321762668235313e-01
8.000000000000000000e+04 1.745007178865137509e-01
8.500000000000000000e+04 1.623817009967291891e-01
9.000000000000000000e+04 1.507983503186110796e-01
9.500000000000000000e+04 1.407788620294880833e-01
1.000000000000000000e+05 1.315622675234249805e-01
1.050000000000000000e+05 1.233622191261701390e-01
1.100000000000000000e+05 1.157345892462956494e-01
1.150000000000000000e+05 1.090031964556730931e-01
1.200000000000000000e+05 1.025651335357682797e-01
1.250000000000000000e+05 9.664942075082953721e-02
1.300000000000000000e+05 9.079659217362660850e-02
1.350000000000000000e+05 8.512541632794130841e-02
1.400000000000000000e+05 8.093108518097205661e-02
1.450000000000000000e+05 7.654899471243442610e-02
1.500000000000000000e+05 7.249099856038838940e-02
1.550000000000000000e+05 6.832233390447289834e-02
1.600000000000000000e+05 6.415540455047974433e-02
1.650000000000000000e+05 5.947651606477679515e-02
1.700000000000000000e+05 5.528437684730848345e-02
1.750000000000000000e+05 5.169853862216911705e-02
1.800000000000000000e+05 4.887272653215871815e-02
1.850000000000000000e+05 4.667969158173668892e-02
1.900000000000000000e+05 4.516541791265586692e-02
1.950000000000000000e+05 4.277194939013961167e-02
2.000000000000000000e+05 4.017588731764584059e-02
2.050000000000000000e+05 3.807342881343730306e-02
2.100000000000000000e+05 3.634397783881882643e-02
2.150000000000000000e+05 3.401657347855048530e-02
2.200000000000000000e+05 3.266646034482537098e-02
2.250000000000000000e+05 3.131960063612261591e-02
2.300000000000000000e+05 2.949881600488701502e-02
2.350000000000000000e+05 2.852523187690752735e-02
2.400000000000000000e+05 2.733107715214138159e-02
2.450000000000000000e+05 2.588504973088487371e-02
2.500000000000000000e+05 2.444286268085817809e-02
2.550000000000000000e+05 2.291843465905857996e-02
2.600000000000000000e+05 2.152525194156846775e-02
2.650000000000000000e+05 2.060666090459959202e-02
2.700000000000000000e+05 2.005394389978133046e-02
2.750000000000000000e+05 1.915710323275295404e-02
2.800000000000000000e+05 1.918402677916161356e-02
2.850000000000000000e+05 1.893783356104715432e-02
2.900000000000000000e+05 1.777211033731693895e-02
2.950000000000000000e+05 1.614641446577089884e-02
3.000000000000000000e+05 1.432796127410592389e-02
3.050000000000000000e+05 1.241821088208696668e-02
3.100000000000000000e+05 1.113401849871234299e-02
3.150000000000000000e+05 1.034482116231486351e-02
3.200000000000000000e+05 9.328070638396492725e-03
3.250000000000000000e+05 8.241877593715722303e-03
3.300000000000000000e+05 7.700506821040569057e-03
3.350000000000000000e+05 7.077882003738033070e-03
3.400000000000000000e+05 6.277010264069542676e-03
3.450000000000000000e+05 5.746308389634017209e-03
3.500000000000000000e+05 5.461671664221930469e-03
3.550000000000000000e+05 4.504692488761563585e-03
3.600000000000000000e+05 4.287525080571342496e-03
3.650000000000000000e+05 3.751271668318516880e-03
3.700000000000000000e+05 3.352878284724121992e-03
3.750000000000000000e+05 3.801776462494348575e-03
3.800000000000000000e+05 4.545807258260716431e-03
3.850000000000000000e+05 5.501039832170009219e-03
3.900000000000000000e+05 5.946119254395852184e-03
3.950000000000000000e+05 6.362824832698960563e-03
4.000000000000000000e+05 6.123414013645229678e-03
4.050000000000000000e+05 5.524873263764562732e-03
4.100000000000000000e+05 5.545785585113993839e-03
4.150000000000000000e+05 5.040567604431913512e-03
4.200000000000000000e+05 4.243938139236624017e-03
4.250000000000000000e+05 3.780462294969476854e-03
4.300000000000000000e+05 3.934665341146404045e-03
4.350000000000000000e+05 4.001986987381232243e-03
4.400000000000000000e+05 3.896181231665179958e-03
4.450000000000000000e+05 3.889910392982351851e-03
4.500000000000000000e+05 3.883640021282946594e-03
4.550000000000000000e+05 3.545987096670840180e-03
4.600000000000000000e+05 2.245507768220669255e-03
4.650000000000000000e+05 2.038185803871257404e-03
4.700000000000000000e+05 2.000217479820062903e-03
4.750000000000000000e+05 1.406154774540317688e-03
4.800000000000000000e+05 7.843389248878014208e-04
4.850000000000000000e+05 9.018542560450051328e-05
4.900000000000000000e+05 -2.679036037164413131e-04
4.950000000000000000e+05 -1.063528846634672525e-03
