1.000000000000000000e+00
8.399552814755872898e-01
7.169104729595674463e-01
6.212967775971770523e-01
5.446994747384515945e-01
4.817545880920368617e-01
4.293382620304890263e-01
3.853906716016201051e-01
3.480145638183301804e-01
3.163321430452404881e-01
2.888561745544809267e-01
2.642920457422615055e-01
2.433799024696736424e-01
2.249436288251908944e-01
2.079639820990330790e-01
1.927132480645145085e-01
1.786124524104119593e-01
1.664093368084162139e-01
1.547518156225464458e-01
1.446097441653979021e-01
1.352542423380412306e-01
1.269645457896649843e-01
1.192608007686715849e-01
1.124534117649897830e-01
1.059130836603926346e-01
9.986167075884762323e-02
9.379465594504406145e-02
8.796234081118158021e-02
8.362750596457632635e-02
7.915647731248638685e-02
7.501624810830741230e-02
7.075364313062937338e-02
6.649545759021316393e-02
6.159576278244355968e-02
5.722469740362094021e-02
5.352030117074015048e-02
5.057645905607950632e-02
4.830463714094871547e-02
4.675071025199552949e-02
4.437347151573891452e-02
4.180094025819506426e-02
3.972255585229308300e-02
3.797918807118477041e-02
3.562449072444501263e-02
3.425742330237328132e-02
3.283222394414622713e-02
3.098422105978217503e-02
2.995621676992794163e-02
2.871340695739077811e-02
2.716554846886866381e-02
2.564256028571811757e-02
2.404949280778787002e-02
2.263538506167662653e-02
2.169289842745858107e-02
2.104478653301649835e-02
2.002068614032310664e-02
1.996752870372366442e-02
1.964282807985927304e-02
1.840211664047183837e-02
1.675854250406482934e-02
1.490484076458031479e-02
1.298459829485450363e-02
1.169978692545449624e-02
1.084416742362006442e-02
9.792524929914139115e-03
8.662004484830560305e-03
8.164524993543233189e-03
7.534109086287856839e-03
6.750189594774841546e-03
6.339612405347514780e-03
6.116889565123244561e-03
5.183277922159947385e-03
4.972761189907060585e-03
4.491649804509475000e-03
4.137589302474953615e-03
4.576797307315761884e-03
5.350874041950920423e-03
6.338656163180536596e-03
6.824603856239938593e-03
7.197974383326326622e-03
6.914601228782615502e-03
6.318531358600712119e-03
6.337471620643474017e-03
5.800518421262219719e-03
4.918214276510846951e-03
4.397848945325433592e-03
4.488662945816786036e-03
4.567243000880048982e-03
4.479686624169685639e-03
4.379688165907604132e-03
4.333680623076580259e-03
3.965505532211151263e-03
2.642818227738711907e-03
2.379073400270852699e-03
2.363696567236482377e-03
1.782307633612438026e-03
1.205017762268381946e-03
5.071701614342864414e-04
1.544086603770935065e-04
-6.846390457341235353e-04
-1.350407055826291806e-03
-2.333728997779730557e-03
-3.197086970096389095e-03
-3.123838225266336709e-03
-3.330610442313122234e-03
-3.191011414587006326e-03
-2.233307818296994315e-03
-1.833772621090371414e-03
-1.434741737891545403e-03
-8.437325468067410862e-04
1.454012134128760748e-04
5.228040831211494804e-04
7.523773326226834484e-04
9.650129609478100496e-04
1.782134771602776353e-03
2.235978884863264703e-03
2.904279962886369224e-03
2.882379570467973658e-03
3.258864409084259294e-03
3.351507494413645538e-03
3.574191342330747083e-03
4.254039840727915495e-03
4.310124995665205044e-03
3.587213364458623557e-03
2.897454952197111785e-03
2.836377231798738793e-03
3.360168534064265650e-03
3.831856681176023377e-03
3.907583907495356702e-03
3.711688719403699686e-03
3.092204004337226197e-03
1.808484041375913723e-03
5.837520673686415803e-04
-6.953975442785289814e-04
-1.630997653216073378e-03
-2.453472555685262940e-03
-2.939665018918147157e-03
-3.334968857769913479e-03
-3.856270046897963127e-03
-4.350820738852264127e-03
-4.098301806388515364e-03
-3.897505611115561694e-03
-4.031551366971137910e-03
-4.042518955150987969e-03
-3.327891931251898434e-03
-2.959868857391459961e-03
-3.491261142300706652e-03
-3.776445702407815741e-03
-4.143272682038756129e-03
-4.629376912989419460e-03
-4.326107661702994524e-03
-4.647082075419607487e-03
-4.288211349916179471e-03
-3.536393195921076326e-03
-2.397926489015789545e-03
-1.202372353686552214e-03
-1.122057452979531144e-03
-8.049770778279483107e-04
-5.286360303547361656e-04
-5.506521031081806298e-04
-1.079655500694712365e-03
-1.756411062848349828e-03
-2.245601713411572720e-03
-1.856449275661812420e-03
-1.854238316637972809e-03
-1.231620796710063267e-03
-5.547417162409682074e-04
1.416572081365774472e-04
1.113759663596970099e-03
1.937095850849031211e-03
2.107764058212462013e-03
2.833336870100201625e-03
3.801320155482668800e-03
4.772191001051385821e-03
5.390299584140702260e-03
5.531376996308008491e-03
5.452240708651264964e-03
5.000342672138416607e-03
5.333153510806580393e-03
5.972421225116060668e-03
5.785642700137632460e-03
5.672771829629553487e-03
5.454494090379732180e-03
5.525458167830512093e-03
4.896044454418599541e-03
4.199961252178315875e-03
2.898165312883847593e-03
2.362261766017791781e-03
1.656086021417879379e-03
7.080932872814576541e-04
2.807764471933240345e-04
-1.963267733359535736e-04
1.532959279134610091e-04
6.751497944257547771e-04
6.737610355606199215e-04
7.572555716294732207e-04
1.055687822828290344e-03
1.092520888170196497e-03
1.360388519384121350e-03
1.316645104418315542e-03
