1.000000000000000000e+01 -6.683710994679961992e+00 3.205056585915473546e-04
3.500000000000000000e+01 -6.683712907365387146e+00 4.455975115002415183e-04
6.000000000000000000e+01 -6.683711376375036650e+00 4.870601574847580246e-04
8.500000000000000000e+01 -6.683713892273547508e+00 5.074771192564009716e-04
1.100000000000000000e+02 -6.683717076407635460e+00 5.147276409109730359e-04
1.350000000000000000e+02 -6.683715621988177702e+00 5.253133702207719163e-04
1.600000000000000000e+02 -6.683710994679996631e+00 5.272388766323419899e-04
1.850000000000000000e+02 -6.683718085422212241e+00 5.292153356686638520e-04
2.100000000000000000e+02 -6.683717640596240628e+00 5.319823735788658300e-04
2.350000000000000000e+02 -6.683718437335572915e+00 5.365045523893709374e-04
2.600000000000000000e+02 -6.683711376375066848e+00 5.428763172376386897e-04
2.850000000000000000e+02 -6.683715132489149724e+00 5.385462284398271574e-04
3.100000000000000000e+02 -6.683716522572646035e+00 5.394946793100436093e-04
3.350000000000000000e+02 -6.683721956684404830e+00 5.477347264565447923e-04
3.600000000000000000e+02 -6.683716743956124695e+00 5.427479124002842310e-04
3.850000000000000000e+02 -6.683719135533186417e+00 5.443428651309097956e-04
4.100000000000000000e+02 -6.683717817943541029e+00 5.332392255751242484e-04
4.350000000000000000e+02 -6.683721123735784531e+00 5.503033249138138778e-04
4.600000000000000000e+02 -6.683714196472888780e+00 5.503600873987054155e-04
4.850000000000000000e+02 -6.683714375558004406e+00 5.621186976903675163e-04
5.100000000000000000e+02 -6.683717640596249510e+00 5.595638947639251792e-04
5.350000000000000000e+02 -6.683717408233108337e+00 5.498236674136989166e-04
5.600000000000000000e+02 -6.683716890174567382e+00 5.694511219776559555e-04
5.850000000000000000e+02 -6.683716024640196096e+00 5.698533155423970552e-04
6.100000000000000000e+02 -6.683716024640205866e+00 5.480540053163327364e-04
6.350000000000000000e+02 -6.683719594573238609e+00 5.477117053151476372e-04
6.600000000000000000e+02 -6.683718253452608948e+00 5.653835840648740790e-04
6.850000000000000000e+02 -6.683728482753092948e+00 5.558399620584802189e-04
7.100000000000000000e+02 -6.683718208026561136e+00 5.418876540681914376e-04
7.350000000000000000e+02 -6.683717640596237963e+00 5.573694428471105949e-04
7.600000000000000000e+02 -6.683731505187057387e+00 5.684792945914128853e-04
7.850000000000000000e+02 -6.683728938208550296e+00 5.672246181894152013e-04
8.100000000000000000e+02 -6.683716744802602250e+00 5.671756914862449489e-04
8.350000000000000000e+02 -6.683730443093748086e+00 5.300785593628948864e-04
8.600000000000000000e+02 -6.683715722411242233e+00 5.686583547584377844e-04
8.850000000000000000e+02 -6.683735888227750443e+00 5.650419533948984694e-04
9.100000000000000000e+02 -6.683716024640203202e+00 5.599855392934933659e-04
9.350000000000000000e+02 -6.683729758216665040e+00 5.543141172371378366e-04
9.600000000000000000e+02 -6.683735743810090391e+00 5.540632141316710916e-04
9.850000000000000000e+02 -6.683732573774270769e+00 5.571845522579710807e-04
1.010000000000000000e+03 -6.683717076407632796e+00 5.589708162246802888e-04
1.035000000000000000e+03 -6.683715621988176814e+00 5.528197882115057967e-04
1.060000000000000000e+03 -6.683728938208550296e+00 5.706066532169476327e-04
1.085000000000000000e+03 -6.683739602364257237e+00 5.667099834949261084e-04
1.110000000000000000e+03 -6.683720096976979441e+00 5.531663553657055130e-04
1.135000000000000000e+03 -6.683732738526230399e+00 5.721695942960378133e-04
1.160000000000000000e+03 -6.683715367769423210e+00 5.385240362166406579e-04
1.185000000000000000e+03 -6.683734823877245823e+00 5.444325710948788198e-04
1.210000000000000000e+03 -6.683719135533190858e+00 5.553784962710284299e-04
1.235000000000000000e+03 -6.683741072513729620e+00 5.586763909524545754e-04
1.260000000000000000e+03 -6.683743488435953672e+00 5.697174336521627566e-04
1.285000000000000000e+03 -6.683718362737936403e+00 5.423183571641647469e-04
1.310000000000000000e+03 -6.683740497986415008e+00 5.696415261916902258e-04
1.335000000000000000e+03 -6.683729758216666816e+00 5.489541213870719871e-04
1.360000000000000000e+03 -6.683740135037662178e+00 5.541195420181837519e-04
1.385000000000000000e+03 -6.683710657919730735e+00 5.630451862972822618e-04
1.410000000000000000e+03 -6.683735888227751332e+00 5.679616359485634147e-04
1.435000000000000000e+03 -6.683732219932715601e+00 5.531137983959714477e-04
1.460000000000000000e+03 -6.683731505187053834e+00 5.718484085303433611e-04
1.485000000000000000e+03 -6.683743488435941238e+00 5.491709877786912818e-04
1.510000000000000000e+03 -6.683720384165971140e+00 5.674527920230933511e-04
1.535000000000000000e+03 -6.683734149997493823e+00 5.546312119755766141e-04
1.560000000000000000e+03 -6.683735743810099272e+00 5.851288066327581727e-04
1.585000000000000000e+03 -6.683729702588754762e+00 5.799705676972598256e-04
1.610000000000000000e+03 -6.683739602364251908e+00 5.796766298279960698e-04
1.635000000000000000e+03 -6.683735887562035849e+00 5.787036897623841101e-04
1.660000000000000000e+03 -6.683715722411236904e+00 5.756971378873186563e-04
1.685000000000000000e+03 -6.683734840564599544e+00 5.630242932433052573e-04
1.710000000000000000e+03 -6.683731505187054722e+00 5.645042421648155048e-04
1.735000000000000000e+03 -6.683716743956129136e+00 5.652100665206792824e-04
1.760000000000000000e+03 -6.683718208026570906e+00 5.510343160951769936e-04
1.785000000000000000e+03 -6.683717640596235299e+00 5.685186008500686542e-04
1.810000000000000000e+03 -6.683714196472898550e+00 5.894532671560684086e-04
1.835000000000000000e+03 -6.683740135037668395e+00 5.646956911321451529e-04
1.860000000000000000e+03 -6.683741399995984267e+00 5.495293248225728002e-04
1.885000000000000000e+03 -6.683715838026128786e+00 5.625426692437677937e-04
1.910000000000000000e+03 -6.683742363021804245e+00 5.774416807400429381e-04
1.935000000000000000e+03 -6.683734388197819953e+00 5.731445095780160004e-04
1.960000000000000000e+03 -6.683717640596238851e+00 5.760245917675985323e-04
1.985000000000000000e+03 -6.683733997190083542e+00 5.513104248497040878e-04
2.010000000000000000e+03 -6.683741399995986043e+00 5.757690729339803165e-04
2.035000000000000000e+03 -6.683733452940881392e+00 5.738376935315763535e-04
2.060000000000000000e+03 -6.683742488967346240e+00 5.885442784614478917e-04
2.085000000000000000e+03 -6.683734307496263405e+00 5.944556286028272610e-04
2.110000000000000000e+03 -6.683732168085789738e+00 5.989894412955357791e-04
2.135000000000000000e+03 -6.683716024640205866e+00 5.825534724371308429e-04
2.160000000000000000e+03 -6.683743488435950120e+00 6.071128449096911857e-04
2.185000000000000000e+03 -6.683725541450883156e+00 5.583417013293564190e-04
2.210000000000000000e+03 -6.683727814559726532e+00 5.720842279012470751e-04
2.235000000000000000e+03 -6.683738583120154786e+00 5.883887974354773702e-04
2.260000000000000000e+03 -6.683727814559721203e+00 5.804540449582398180e-04
2.285000000000000000e+03 -6.683725206171074795e+00 5.789870753609114044e-04
2.310000000000000000e+03 -6.683743488435946567e+00 5.878125202488853696e-04
2.335000000000000000e+03 -6.683717408233107449e+00 5.443729920760200739e-04
2.360000000000000000e+03 -6.683732168085790626e+00 6.000368363747589188e-04
2.385000000000000000e+03 -6.683739953396928613e+00 5.538450678466487302e-04
2.410000000000000000e+03 -6.683733751899297637e+00 6.013661628754690680e-04
2.435000000000000000e+03 -6.683735396604395973e+00 5.784773801709464655e-04
2.460000000000000000e+03 -6.683732219932716490e+00 5.751443437441669006e-04
2.485000000000000000e+03 -6.683723998958925883e+00 5.653145718762873483e-04
2.510000000000000000e+03 -6.683722385573290126e+00 5.722096755949902802e-04
2.535000000000000000e+03 -6.683732573774267216e+00 6.020527134790976901e-04
2.560000000000000000e+03 -6.683735743810096608e+00 5.770303988804813483e-04
2.585000000000000000e+03 -6.683733945440518021e+00 5.913974405566820806e-04
2.610000000000000000e+03 -6.683742363021810462e+00 5.786952289933330320e-04
2.635000000000000000e+03 -6.683732230153712983e+00 5.997994172057651962e-04
2.660000000000000000e+03 -6.683713680712479288e+00 5.857652332047672645e-04
2.685000000000000000e+03 -6.683732811938087437e+00 5.642887045019063857e-04
2.710000000000000000e+03 -6.683732166472809766e+00 5.751994301062523509e-04
2.735000000000000000e+03 -6.683735017397594902e+00 5.823845977998243174e-04
2.760000000000000000e+03 -6.683714196472897662e+00 5.731010609159490569e-04
2.785000000000000000e+03 -6.683742642829204605e+00 6.043017955816435468e-04
2.810000000000000000e+03 -6.683714692482459085e+00 6.036343761409654080e-04
2.835000000000000000e+03 -6.683743488435947455e+00 6.040414248486933747e-04
2.860000000000000000e+03 -6.683724867976853723e+00 6.003955058045306247e-04
2.885000000000000000e+03 -6.683739753037937881e+00 6.233215821021312851e-04
2.910000000000000000e+03 -6.683721364040111190e+00 6.034003124501238552e-04
2.935000000000000000e+03 -6.683742252610485046e+00 5.996576522011374654e-04
2.960000000000000000e+03 -6.683725573761253536e+00 6.202977017093229319e-04
2.985000000000000000e+03 -6.683740052999526782e+00 6.169080622197167883e-04
3.010000000000000000e+03 -6.683715722411236904e+00 5.861791384073830342e-04
3.035000000000000000e+03 -6.683731101739861735e+00 5.780476712806548048e-04
3.060000000000000000e+03 -6.683733053390273682e+00 5.789248750653352722e-04
3.085000000000000000e+03 -6.683716744802612020e+00 5.812723068743808064e-04
3.110000000000000000e+03 -6.683721761917203352e+00 5.882285053182049160e-04
3.135000000000000000e+03 -6.683739953396925948e+00 5.788016502278313120e-04
3.160000000000000000e+03 -6.683729231393209957e+00 5.662897816026251632e-04
3.185000000000000000e+03 -6.683716713037875401e+00 5.724399474213423327e-04
3.210000000000000000e+03 -6.683717744889959178e+00 5.969432021038134552e-04
3.235000000000000000e+03 -6.683726650775809297e+00 6.094314582337180194e-04
3.260000000000000000e+03 -6.683733053390267465e+00 5.920077819694082510e-04
3.285000000000000000e+03 -6.683731505187057387e+00 5.733070072595796611e-04
3.310000000000000000e+03 -6.683720384165981798e+00 5.960329712695272911e-04
3.335000000000000000e+03 -6.683716790195503243e+00 5.706141427298055090e-04
3.360000000000000000e+03 -6.683725573761265082e+00 5.851298152512420447e-04
3.385000000000000000e+03 -6.683721829801345216e+00 5.818713928400958205e-04
3.410000000000000000e+03 -6.683726692443658024e+00 6.023266266644119104e-04
3.435000000000000000e+03 -6.683731087165590168e+00 5.630360766753625054e-04
3.460000000000000000e+03 -6.683734670158959723e+00 5.970082813399756223e-04
3.485000000000000000e+03 -6.683735985151148640e+00 5.541517343240280309e-04
3.510000000000000000e+03 -6.683738680008826982e+00 5.932471598833645573e-04
3.535000000000000000e+03 -6.683740264608222681e+00 5.987187130564873734e-04
3.560000000000000000e+03 -6.683738188162114291e+00 5.905561921866500598e-04
3.585000000000000000e+03 -6.683734307496266958e+00 5.771678067204959184e-04
3.610000000000000000e+03 -6.683725541450879604e+00 5.393106748810703923e-04
3.635000000000000000e+03 -6.683731913894717991e+00 6.106045280801469365e-04
3.660000000000000000e+03 -6.683734499979905763e+00 5.928764371534313944e-04
3.685000000000000000e+03 -6.683718773264987867e+00 5.911535233881400888e-04
3.710000000000000000e+03 -6.683730661725067357e+00 5.791300248897200253e-04
3.735000000000000000e+03 -6.683710113234891281e+00 5.746305224296569545e-04
3.760000000000000000e+03 -6.683688089317376679e+00 5.844037262880296584e-04
3.785000000000000000e+03 -6.683718253452627600e+00 5.806703597614809500e-04
3.810000000000000000e+03 -6.683740497986415896e+00 6.086911461045173364e-04
3.835000000000000000e+03 -6.683735271226552754e+00 5.732577217765460597e-04
3.860000000000000000e+03 -6.683731725067277196e+00 5.907223860956450521e-04
3.885000000000000000e+03 -6.683725573761258865e+00 5.461778716468574605e-04
3.910000000000000000e+03 -6.683700565257665538e+00 5.661288084137107001e-04
3.935000000000000000e+03 -6.683719594573232392e+00 5.670994947223067942e-04
3.960000000000000000e+03 -6.683743488435950120e+00 5.994368209516117698e-04
3.985000000000000000e+03 -6.683725106951064809e+00 5.670748543036476658e-04
4.010000000000000000e+03 -6.683728359082130588e+00 5.683951916960409533e-04
4.035000000000000000e+03 -6.683687681002608905e+00 5.999940629800306572e-04
4.060000000000000000e+03 -6.683732219932719154e+00 5.895434875329948676e-04
4.085000000000000000e+03 -6.683738082689567150e+00 5.460251346312925552e-04
4.110000000000000000e+03 -6.683722911966379243e+00 5.960027041874262424e-04
4.135000000000000000e+03 -6.683691406126561319e+00 5.753955889034694220e-04
4.160000000000000000e+03 -6.683735743810094831e+00 5.940884969446064449e-04
4.185000000000000000e+03 -6.683732230153712095e+00 5.646828843598878907e-04
4.210000000000000000e+03 -6.683711139639276766e+00 6.036312076724931154e-04
4.235000000000000000e+03 -6.683719135533188194e+00 5.905758060602489057e-04
4.260000000000000000e+03 -6.683738680008829647e+00 6.029641248546756390e-04
4.285000000000000000e+03 -6.683735915543395301e+00 5.765394983208295236e-04
4.310000000000000000e+03 -6.683715367769420546e+00 6.035784388756843975e-04
4.335000000000000000e+03 -6.683741822616717343e+00 5.828835810373547005e-04
4.360000000000000000e+03 -6.683732463161914161e+00 5.858775000017943640e-04
4.385000000000000000e+03 -6.683715132489149724e+00 6.081965459038644059e-04
4.410000000000000000e+03 -6.683733023077076396e+00 5.753786899710026199e-04
4.435000000000000000e+03 -6.683709706756320479e+00 6.433772394016196118e-04
4.460000000000000000e+03 -6.683716890174568270e+00 5.726898317089214926e-04
4.485000000000000000e+03 -6.683730088382698220e+00 5.822376622249795944e-04
4.510000000000000000e+03 -6.683692914553514441e+00 5.878551030819713190e-04
4.535000000000000000e+03 -6.683735885657012155e+00 5.923482738150216828e-04
4.560000000000000000e+03 -6.683732463161916826e+00 5.602096127831104845e-04
4.585000000000000000e+03 -6.683717500385180976e+00 5.535298760950864297e-04
4.610000000000000000e+03 -6.683726967703059962e+00 5.812757332178484365e-04
4.635000000000000000e+03 -6.683686652673179296e+00 5.812413422194343503e-04
4.660000000000000000e+03 -6.683729408988810405e+00 5.826995758860042474e-04
4.685000000000000000e+03 -6.683705986528662102e+00 6.150244095615060597e-04
4.710000000000000000e+03 -6.683728938208550296e+00 6.235080205296524621e-04
4.735000000000000000e+03 -6.683724881661385453e+00 6.298235659075102555e-04
4.760000000000000000e+03 -6.683717640596238851e+00 5.992955382846020191e-04
4.785000000000000000e+03 -6.683724867976845729e+00 5.901636222642359011e-04
4.810000000000000000e+03 -6.683681888480712985e+00 6.139957939260917447e-04
4.835000000000000000e+03 -6.683733360207227747e+00 6.160305381000749647e-04
4.860000000000000000e+03 -6.683665169753086666e+00 5.716376529260109489e-04
4.885000000000000000e+03 -6.683735744355471020e+00 6.233755914680296243e-04
4.910000000000000000e+03 -6.683682890443830793e+00 5.709252079224314555e-04
4.935000000000000000e+03 -6.683740264608221793e+00 5.942803961543083411e-04
4.960000000000000000e+03 -6.683689898447579658e+00 6.403567990709875665e-04
4.985000000000000000e+03 -6.683740323490471980e+00 5.805381701930205016e-04
