1.000000000000000000e+01 5.908227550351655361e-04
2.000000000000000000e+01 7.220676269434397193e-04
3.000000000000000000e+01 7.957438537316704422e-04
4.000000000000000000e+01 8.393232655590268090e-04
5.000000000000000000e+01 8.679182230677534712e-04
6.000000000000000000e+01 8.938884739611563639e-04
7.000000000000000000e+01 9.167156058216593528e-04
8.000000000000000000e+01 9.170130493749944871e-04
9.000000000000000000e+01 9.386532418066918706e-04
1.000000000000000000e+02 9.450138791705115383e-04
2.000000000000000000e+02 9.836535651031839966e-04
3.000000000000000000e+02 9.933194943178259243e-04
4.000000000000000000e+02 9.983599688344322633e-04
5.000000000000000000e+02 1.006402408879764239e-03
6.000000000000000000e+02 1.016851107918961784e-03
7.000000000000000000e+02 1.027591106957404963e-03
8.000000000000000000e+02 1.017025439931040776e-03
9.000000000000000000e+02 1.062806716780794565e-03
1.000000000000000000e+03 1.030785035449947222e-03
1.200000000000000000e+03 1.039392846812073031e-03
1.400000000000000000e+03 1.036273904932043894e-03
1.600000000000000000e+03 9.936262722802335738e-04
1.800000000000000000e+03 1.037168548242898549e-03
2.000000000000000000e+03 1.002599868565022274e-03
2.200000000000000000e+03 1.014777929322464595e-03
2.400000000000000000e+03 1.074204181998374965e-03
2.600000000000000000e+03 1.087060989883607094e-03
2.800000000000000000e+03 1.033700144257796707e-03
3.000000000000000000e+03 1.071769157483990235e-03
3.200000000000000000e+03 1.084325304706455946e-03
3.400000000000000000e+03 1.066555557512714227e-03
3.600000000000000000e+03 1.058745674577778228e-03
3.800000000000000000e+03 1.109112974376905755e-03
4.000000000000000000e+03 1.028678109497731512e-03
4.200000000000000000e+03 1.065386789753823516e-03
4.400000000000000000e+03 1.093242392748013060e-03
4.600000000000000000e+03 1.070926290893550823e-03
4.800000000000000000e+03 1.053496817227426909e-03
5.000000000000000000e+03 1.087545327505588929e-03
