           1     -7.5489     -7.5489           0
           2    -7.52933    -7.53912  0.00978218
           3    -7.54532    -7.54118  0.00601408
           4    -7.55345    -7.54425  0.00524239
           5    -7.55533    -7.54647  0.00462635
           6    -7.56445    -7.54946  0.00482197
           7    -7.55429    -7.55015  0.00413329
           8    -7.52813     -7.5474  0.00451568
           9    -7.54781    -7.54744  0.00398271
          10      -7.544     -7.5471  0.00357881
          11    -7.53823    -7.54629  0.00333608
          12    -7.55145    -7.54672  0.00307553
          13    -7.55436    -7.54731  0.00288948
          14    -7.54622    -7.54723  0.00267627
          15    -7.55487    -7.54774  0.00254302
          16    -7.54902    -7.54782  0.00238011
          17    -7.53418    -7.54702  0.00237535
          18    -7.54319    -7.54681  0.00224959
          19    -7.54967    -7.54696  0.00213325
          20    -7.55165    -7.54719  0.00203733
