   0.0115332           0           0
   0.0345996           0           0
   0.0576661           0           0
   0.0807325           0           0
    0.103799           0           0
    0.126865           0           0
    0.149932           0           0
    0.172998           0           0
    0.196065           0           0
    0.219131           0           0
    0.242198           0           0
    0.265264           0           0
     0.28833           0           0
    0.311397           0           0
    0.334463           0           0
     0.35753           0           0
    0.380596           0           0
    0.403663           0           0
    0.426729           0           0
    0.449795           0           0
    0.472862           0           0
    0.495928           0           0
    0.518995           0           0
    0.542061           0           0
    0.565128           0           0
    0.588194           0           0
     0.61126           0           0
    0.634327           0           0
    0.657393           0           0
     0.68046           0           0
    0.703526           0           0
    0.726593           0           0
    0.749659           0           0
    0.772725           0           0
    0.795792           0           0
    0.818858           0           0
    0.841925           0           0
    0.864991           0           0
    0.888058           0           0
    0.911124  0.00466395  0.00466395
     0.93419   0.0488014   0.0150621
    0.957257      0.4014   0.0351512
    0.980323     1.45036   0.0812092
     1.00339     2.78812    0.100729
     1.02646      4.9426    0.129059
     1.04952     6.06697    0.105649
     1.07259     6.46175    0.145924
     1.09566     5.96678    0.138389
     1.11872     5.13547    0.106791
     1.14179     3.53719   0.0836118
     1.16485     2.40833   0.0875937
     1.18792     1.53101   0.0595694
     1.21099    0.879192   0.0299871
     1.23405    0.472894   0.0399193
     1.25712     0.23275   0.0240773
     1.28019   0.0897754   0.0113172
     1.30325   0.0524313   0.0115885
     1.32632   0.0506235   0.0102369
     1.34939   0.0786775   0.0120585
     1.37245    0.119222   0.0202063
     1.39552    0.272378   0.0225811
     1.41859    0.413666   0.0219595
     1.44165    0.635267   0.0251363
     1.46472    0.813938    0.029449
     1.48778     1.05653   0.0326608
     1.51085     1.19244   0.0457316
     1.53392     1.31482   0.0399158
     1.55698     1.21706   0.0445709
     1.58005     1.03755   0.0388115
     1.60312    0.911485   0.0298029
     1.62618    0.648619   0.0243405
     1.64925    0.399999   0.0209081
     1.67232    0.276897   0.0219137
     1.69538    0.269414   0.0166995
     1.71845    0.304187   0.0172691
     1.74152    0.538745   0.0281473
     1.76458     1.03583   0.0368117
     1.78765     1.52663   0.0450264
     1.81071     2.39494   0.0452177
     1.83378     3.06046   0.0612218
     1.85685     3.42735   0.0668927
     1.87991     3.56836   0.0502763
     1.90298     3.39363   0.0622884
     1.92605     2.95692   0.0490792
     1.94911     2.31661   0.0353141
     1.97218     1.58879   0.0360116
     1.99525     1.08056   0.0313487
     2.01831     0.66915   0.0288827
     2.04138    0.545404   0.0319674
     2.06445    0.588702   0.0272515
     2.08751    0.780125   0.0289971
     2.11058     1.01176   0.0324886
     2.13364     1.23155   0.0255424
     2.15671     1.39681   0.0343726
     2.17978     1.35925   0.0294268
     2.20284     1.23758   0.0257706
     2.22591    0.997938   0.0243526
     2.24898    0.897193   0.0239105
     2.27204    0.781561   0.0259577
     2.29511    0.780631   0.0308908
