           1   0.0115332           0
           1   0.0345996           0
           1   0.0576661           0
           1   0.0807325           0
           1    0.103799           0
           1    0.126865           0
           1    0.149932           0
           1    0.172998           0
           1    0.196065           0
           1    0.219131           0
           1    0.242198           0
           1    0.265264           0
           1     0.28833           0
           1    0.311397           0
           1    0.334463           0
           1     0.35753           0
           1    0.380596           0
           1    0.403663           0
           1    0.426729           0
           1    0.449795           0
           1    0.472862           0
           1    0.495928           0
           1    0.518995           0
           1    0.542061           0
           1    0.565128           0
           1    0.588194           0
           1     0.61126           0
           1    0.634327           0
           1    0.657393           0
           1     0.68046           0
           1    0.703526           0
           1    0.726593           0
           1    0.749659           0
           1    0.772725           0
           1    0.795792           0
           1    0.818858           0
           1    0.841925           0
           1    0.864991           0
           1    0.888058           0
           1    0.911124           0
           1     0.93419           0
           1    0.957257    0.338021
           1    0.980323     1.53094
           1     1.00339     2.07667
           1     1.02646     5.51219
           1     1.04952     5.83498
           1     1.07259     7.20216
           1     1.09566     6.51508
           1     1.11872     4.57862
           1     1.14179     3.26692
           1     1.16485     2.11157
           1     1.18792     1.70112
           1     1.21099    0.897674
           1     1.23405     0.45764
           1     1.25712       0.245
           1     1.28019   0.0945004
           1     1.30325   0.0455925
           1     1.32632   0.0440205
           1     1.34939           0
           1     1.37245   0.0411109
           1     1.39552    0.278342
           1     1.41859    0.346325
           1     1.44165    0.447109
           1     1.46472     1.47989
           1     1.48778    0.944576
           1     1.51085     1.42482
           1     1.53392     1.18482
           1     1.55698     1.05414
           1     1.58005     1.05461
           1     1.60312    0.903952
           1     1.62618    0.351396
           1     1.64925    0.540923
           1     1.67232    0.415346
           1     1.69538     0.18859
           1     1.71845    0.288453
           1     1.74152    0.459593
           1     1.76458    0.895313
           1     1.78765     1.89011
           1     1.81071     2.12568
           1     1.83378     3.10882
           1     1.85685     3.43633
           1     1.87991      4.0318
           1     1.90298     3.69942
           1     1.92605     2.48411
           1     1.94911      1.9976
           1     1.97218     1.67241
           1     1.99525     1.12822
           1     2.01831    0.722377
           1     2.04138      0.5389
           1     2.06445    0.526925
           1     2.08751    0.781902
           1     2.11058      0.9909
           1     2.13364      1.1567
           1     2.15671     1.46506
           1     2.17978     1.30384
           1     2.20284     1.38838
           1     2.22591     1.12532
           1     2.24898    0.719592
           1     2.27204    0.750059
           1     2.29511    0.602747

           2   0.0115332           0
           2   0.0345996           0
           2   0.0576661           0
           2   0.0807325           0
           2    0.103799           0
           2    0.126865           0
           2    0.149932           0
           2    0.172998           0
           2    0.196065           0
           2    0.219131           0
           2    0.242198           0
           2    0.265264           0
           2     0.28833           0
           2    0.311397           0
           2    0.334463           0
           2     0.35753           0
           2    0.380596           0
           2    0.403663           0
           2    0.426729           0
           2    0.449795           0
           2    0.472862           0
           2    0.495928           0
           2    0.518995           0
           2    0.542061           0
           2    0.565128           0
           2    0.588194           0
           2     0.61126           0
           2    0.634327           0
           2    0.657393           0
           2     0.68046           0
           2    0.703526           0
           2    0.726593           0
           2    0.749659           0
           2    0.772725           0
           2    0.795792           0
           2    0.818858           0
           2    0.841925           0
           2    0.864991           0
           2    0.888058           0
           2    0.911124    0.093279
           2     0.93419    0.177459
           2    0.957257    0.422527
           2    0.980323     1.61151
           2     1.00339     2.69198
           2     1.02646     4.70374
           2     1.04952     6.39738
           2     1.07259     6.39444
           2     1.09566     6.25705
           2     1.11872     3.95988
           2     1.14179     3.56392
           2     1.16485     2.91055
           2     1.18792      1.0975
           2     1.21099    0.950478
           2     1.23405     0.45764
           2     1.25712       0.343
           2     1.28019    0.189001
           2     1.30325     0.18237
           2     1.32632    0.220102
           2     1.34939    0.212642
           2     1.37245    0.164444
           2     1.39552    0.318105
           2     1.41859    0.538728
           2     1.44165    0.968736
           2     1.46472    0.721896
           2     1.48778    0.804639
           2     1.51085    0.949879
           2     1.53392    0.921527
           2     1.55698     1.05414
           2     1.58005    0.713412
           2     1.60312      1.2354
           2     1.62618    0.702792
           2     1.64925    0.483984
           2     1.67232    0.553794
           2     1.69538    0.350238
           2     1.71845    0.367122
           2     1.74152    0.893653
           2     1.76458    0.969922
           2     1.78765     1.57509
           2     1.81071     2.29101
           2     1.83378      3.0167
           2     1.85685     3.30158
           2     1.87991     3.26488
           2     1.90298     3.42143
           2     1.92605     2.52586
           2     1.94911     2.07914
           2     1.97218     1.51314
           2     1.99525      1.4978
           2     2.01831    0.741387
           2     2.04138    0.650397
           2     2.06445    0.726793
           2     2.08751       1.084
           2     2.11058     1.06044
           2     2.13364     1.17372
           2     2.15671     1.24863
           2     2.17978     1.25494
           2     2.20284     1.06922
           2     2.22591    0.937765
           2     2.24898     1.11766
           2     2.27204     1.05008
           2     2.29511     1.02908

           3   0.0115332           0
           3   0.0345996           0
           3   0.0576661           0
           3   0.0807325           0
           3    0.103799           0
           3    0.126865           0
           3    0.149932           0
           3    0.172998           0
           3    0.196065           0
           3    0.219131           0
           3    0.242198           0
           3    0.265264           0
           3     0.28833           0
           3    0.311397           0
           3    0.334463           0
           3     0.35753           0
           3    0.380596           0
           3    0.403663           0
           3    0.426729           0
           3    0.449795           0
           3    0.472862           0
           3    0.495928           0
           3    0.518995           0
           3    0.542061           0
           3    0.565128           0
           3    0.588194           0
           3     0.61126           0
           3    0.634327           0
           3    0.657393           0
           3     0.68046           0
           3    0.703526           0
           3    0.726593           0
           3    0.749659           0
           3    0.772725           0
           3    0.795792           0
           3    0.818858           0
           3    0.841925           0
           3    0.864991           0
           3    0.888058           0
           3    0.911124           0
           3     0.93419           0
           3    0.957257    0.253516
           3    0.980323     1.77266
           3     1.00339     2.99963
           3     1.02646     5.07122
           3     1.04952     5.83498
           3     1.07259     6.32713
           3     1.09566     5.87002
           3     1.11872     4.76424
           3     1.14179     3.80151
           3     1.16485     2.39692
           3     1.18792     1.70112
           3     1.21099     1.00328
           3     1.23405    0.508488
           3     1.25712       0.147
           3     1.28019   0.0472502
           3     1.30325           0
           3     1.32632   0.0440205
           3     1.34939   0.0425284
           3     1.37245    0.123333
           3     1.39552    0.159053
           3     1.41859    0.423286
           3     1.44165    0.745181
           3     1.46472    0.721896
           3     1.48778     1.22445
           3     1.51085     1.08558
           3     1.53392     1.28355
           3     1.55698     1.34164
           3     1.58005     1.05461
           3     1.60312     1.05461
           3     1.62618    0.790641
           3     1.64925    0.199288
           3     1.67232    0.221518
           3     1.69538     0.18859
           3     1.71845    0.314676
           3     1.74152    0.587258
           3     1.76458    0.746094
           3     1.78765      1.4297
           3     1.81071     2.62168
           3     1.83378     3.03973
           3     1.85685     3.68339
           3     1.87991     3.50591
           3     1.90298     3.29313
           3     1.92605      3.2356
           3     1.94911     2.18106
           3     1.97218     1.51314
           3     1.99525     1.34219
           3     2.01831    0.513268
           3     2.04138    0.445986
           3     2.06445    0.635944
           3     2.08751    0.675279
           3     2.11058     1.00828
           3     2.13364      1.1567
           3     2.15671     1.44842
           3     2.17978     1.32014
           3     2.20284     1.43626
           3     2.22591     1.00028
           3     2.24898    0.734902
           3     2.27204    0.570044
           3     2.29511    0.896771

           4   0.0115332           0
           4   0.0345996           0
           4   0.0576661           0
           4   0.0807325           0
           4    0.103799           0
           4    0.126865           0
           4    0.149932           0
           4    0.172998           0
           4    0.196065           0
           4    0.219131           0
           4    0.242198           0
           4    0.265264           0
           4     0.28833           0
           4    0.311397           0
           4    0.334463           0
           4     0.35753           0
           4    0.380596           0
           4    0.403663           0
           4    0.426729           0
           4    0.449795           0
           4    0.472862           0
           4    0.495928           0
           4    0.518995           0
           4    0.542061           0
           4    0.565128           0
           4    0.588194           0
           4     0.61126           0
           4    0.634327           0
           4    0.657393           0
           4     0.68046           0
           4    0.703526           0
           4    0.726593           0
           4    0.749659           0
           4    0.772725           0
           4    0.795792           0
           4    0.818858           0
           4    0.841925           0
           4    0.864991           0
           4    0.888058           0
           4    0.911124    0.093279
           4     0.93419           0
           4    0.957257    0.338021
           4    0.980323     1.85324
           4     1.00339     2.76889
           4     1.02646     4.70374
           4     1.04952     5.55377
           4     1.07259     6.59637
           4     1.09566     6.38606
           4     1.11872     4.70236
           4     1.14179     3.74211
           4     1.16485     2.51106
           4     1.18792     1.59137
           4     1.21099    0.633652
           4     1.23405    0.711884
           4     1.25712       0.245
           4     1.28019   0.0945004
           4     1.30325   0.0455925
           4     1.32632           0
           4     1.34939   0.0425284
           4     1.37245    0.164444
           4     1.39552    0.357868
           4     1.41859    0.307845
           4     1.44165    0.670663
           4     1.46472    0.830181
           4     1.48778    0.804639
           4     1.51085     1.39089
           4     1.53392     1.21773
           4     1.55698     1.14997
           4     1.58005     1.24072
           4     1.60312    0.813557
           4     1.62618    0.732075
           4     1.64925    0.398575
           4     1.67232    0.276897
           4     1.69538    0.269414
           4     1.71845    0.314676
           4     1.74152    0.612791
           4     1.76458     1.19375
           4     1.78765       1.357
           4     1.81071     2.36187
           4     1.83378     2.92459
           4     1.85685     3.21174
           4     1.87991      3.6812
           4     1.90298     3.35728
           4     1.92605     3.08948
           4     1.94911     2.52758
           4     1.97218     1.61268
           4     1.99525      0.9726
           4     2.01831    0.646338
           4     2.04138    0.520317
           4     2.06445    0.708623
           4     2.08751    0.657509
           4     2.11058    0.921363
           4     2.13364     1.41186
           4     2.15671     1.41512
           4     2.17978     1.22235
           4     2.20284     1.27668
           4     2.22591    0.969024
           4     2.24898     0.97987
           4     2.27204    0.750059
           4     2.29511    0.955575

           5   0.0115332           0
           5   0.0345996           0
           5   0.0576661           0
           5   0.0807325           0
           5    0.103799           0
           5    0.126865           0
           5    0.149932           0
           5    0.172998           0
           5    0.196065           0
           5    0.219131           0
           5    0.242198           0
           5    0.265264           0
           5     0.28833           0
           5    0.311397           0
           5    0.334463           0
           5     0.35753           0
           5    0.380596           0
           5    0.403663           0
           5    0.426729           0
           5    0.449795           0
           5    0.472862           0
           5    0.495928           0
           5    0.518995           0
           5    0.542061           0
           5    0.565128           0
           5    0.588194           0
           5     0.61126           0
           5    0.634327           0
           5    0.657393           0
           5     0.68046           0
           5    0.703526           0
           5    0.726593           0
           5    0.749659           0
           5    0.772725           0
           5    0.795792           0
           5    0.818858           0
           5    0.841925           0
           5    0.864991           0
           5    0.888058           0
           5    0.911124           0
           5     0.93419    0.177459
           5    0.957257    0.591537
           5    0.980323     1.77266
           5     1.00339     2.30741
           5     1.02646     4.04227
           5     1.04952     6.88949
           5     1.07259     6.73099
           5     1.09566     5.93452
           5     1.11872     4.70236
           5     1.14179     3.38572
           5     1.16485     2.73934
           5     1.18792     1.26212
           5     1.21099     1.00328
           5     1.23405    0.559337
           5     1.25712       0.294
           5     1.28019   0.0945004
           5     1.30325   0.0455925
           5     1.32632   0.0440205
           5     1.34939           0
           5     1.37245    0.287776
           5     1.39552    0.198816
           5     1.41859    0.384806
           5     1.44165    0.633404
           5     1.46472    0.685802
           5     1.48778     1.01454
           5     1.51085     1.49267
           5     1.53392     1.15191
           5     1.55698     1.18192
           5     1.58005    0.961555
           5     1.60312    0.934084
           5     1.62618    0.732075
           5     1.64925    0.483984
           5     1.67232    0.221518
           5     1.69538    0.350238
           5     1.71845    0.104892
           5     1.74152    0.408527
           5     1.76458     1.09427
           5     1.78765     1.40546
           5     1.81071     2.62168
           5     1.83378     2.94762
           5     1.85685     3.68339
           5     1.87991     3.37444
           5     1.90298     3.48559
           5     1.92605     3.19385
           5     1.94911     2.16067
           5     1.97218     1.79187
           5     1.99525    0.894792
           5     2.01831    0.627328
           5     2.04138    0.445986
           5     2.06445    0.635944
           5     2.08751    0.888525
           5     2.11058     1.06044
           5     2.13364     1.10567
           5     2.15671     1.53166
           5     2.17978     1.41792
           5     2.20284     1.02134
           5     2.22591     1.00028
           5     2.24898    0.719592
           5     2.27204    0.915071
           5     2.29511     0.76446

           6   0.0115332           0
           6   0.0345996           0
           6   0.0576661           0
           6   0.0807325           0
           6    0.103799           0
           6    0.126865           0
           6    0.149932           0
           6    0.172998           0
           6    0.196065           0
           6    0.219131           0
           6    0.242198           0
           6    0.265264           0
           6     0.28833           0
           6    0.311397           0
           6    0.334463           0
           6     0.35753           0
           6    0.380596           0
           6    0.403663           0
           6    0.426729           0
           6    0.449795           0
           6    0.472862           0
           6    0.495928           0
           6    0.518995           0
           6    0.542061           0
           6    0.565128           0
           6    0.588194           0
           6     0.61126           0
           6    0.634327           0
           6    0.657393           0
           6     0.68046           0
           6    0.703526           0
           6    0.726593           0
           6    0.749659           0
           6    0.772725           0
           6    0.795792           0
           6    0.818858           0
           6    0.841925           0
           6    0.864991           0
           6    0.888058           0
           6    0.911124           0
           6     0.93419           0
           6    0.957257    0.338021
           6    0.980323     1.45036
           6     1.00339     3.30729
           6     1.02646     4.63024
           6     1.04952     6.11618
           6     1.07259     5.99058
           6     1.09566     6.06354
           6     1.11872     5.81608
           6     1.14179     2.91053
           6     1.16485     2.51106
           6     1.18792     1.59137
           6     1.21099    0.686456
           6     1.23405    0.610186
           6     1.25712       0.245
           6     1.28019   0.0472502
           6     1.30325   0.0911849
           6     1.32632    0.132061
           6     1.34939   0.0425284
           6     1.37245   0.0411109
           6     1.39552    0.516921
           6     1.41859    0.423286
           6     1.44165    0.782441
           6     1.46472    0.757991
           6     1.48778    0.839623
           6     1.51085     1.08558
           6     1.53392     1.28355
           6     1.55698     1.27775
           6     1.58005     1.14766
           6     1.60312    0.934084
           6     1.62618    0.644226
           6     1.64925    0.284697
           6     1.67232    0.221518
           6     1.69538    0.296355
           6     1.71845    0.314676
           6     1.74152     0.43406
           6     1.76458     1.26836
           6     1.78765     1.57509
           6     1.81071     2.33825
           6     1.83378     2.71734
           6     1.85685     3.77323
           6     1.87991     3.57164
           6     1.90298     3.18621
           6     1.92605     3.00598
           6     1.94911     2.14029
           6     1.97218     1.95115
           6     1.99525     0.87534
           6     2.01831    0.798417
           6     2.04138    0.594648
           6     2.06445    0.581434
           6     2.08751    0.639738
           6     2.11058    0.817058
           6     2.13364     1.36083
           6     2.15671     1.69814
           6     2.17978     1.41792
           6     2.20284     1.13305
           6     2.22591     1.00028
           6     2.24898    0.842075
           6     2.27204    0.810063
           6     2.29511    0.793862

           7   0.0115332           0
           7   0.0345996           0
           7   0.0576661           0
           7   0.0807325           0
           7    0.103799           0
           7    0.126865           0
           7    0.149932           0
           7    0.172998           0
           7    0.196065           0
           7    0.219131           0
           7    0.242198           0
           7    0.265264           0
           7     0.28833           0
           7    0.311397           0
           7    0.334463           0
           7     0.35753           0
           7    0.380596           0
           7    0.403663           0
           7    0.426729           0
           7    0.449795           0
           7    0.472862           0
           7    0.495928           0
           7    0.518995           0
           7    0.542061           0
           7    0.565128           0
           7    0.588194           0
           7     0.61126           0
           7    0.634327           0
           7    0.657393           0
           7     0.68046           0
           7    0.703526           0
           7    0.726593           0
           7    0.749659           0
           7    0.772725           0
           7    0.795792           0
           7    0.818858           0
           7    0.841925           0
           7    0.864991           0
           7    0.888058           0
           7    0.911124           0
           7     0.93419           0
           7    0.957257    0.338021
           7    0.980323     1.45036
           7     1.00339     2.99963
           7     1.02646      5.3652
           7     1.04952     5.90528
           7     1.07259     5.99058
           7     1.09566     6.38606
           7     1.11872     5.01173
           7     1.14179     3.14813
           7     1.16485     2.91055
           7     1.18792     1.15237
           7     1.21099    0.686456
           7     1.23405    0.355942
           7     1.25712        0.49
           7     1.28019    0.189001
           7     1.30325   0.0911849
           7     1.32632    0.132061
           7     1.34939   0.0425284
           7     1.37245   0.0822218
           7     1.39552    0.119289
           7     1.41859    0.423286
           7     1.44165      0.8197
           7     1.46472    0.613612
           7     1.48778      1.1195
           7     1.51085      1.2552
           7     1.53392     1.34938
           7     1.55698     1.11803
           7     1.58005     1.17868
           7     1.60312    0.934084
           7     1.62618    0.673509
           7     1.64925    0.370105
           7     1.67232    0.304587
           7     1.69538    0.215531
           7     1.71845    0.393345
           7     1.74152    0.510659
           7     1.76458     1.19375
           7     1.78765     1.40546
           7     1.81071     2.33825
           7     1.83378     3.40818
           7     1.85685     3.14436
           7     1.87991     3.72503
           7     1.90298     2.69438
           7     1.92605     2.94335
           7     1.94911     2.30336
           7     1.97218     1.61268
           7     1.99525      1.0115
           7     2.01831    0.969506
           7     2.04138    0.687562
           7     2.06445    0.853982
           7     2.08751    0.977378
           7     2.11058    0.851826
           7     2.13364     1.12268
           7     2.15671     1.24863
           7     2.17978     1.10826
           7     2.20284     1.35647
           7     2.22591    0.937765
           7     2.24898    0.933938
           7     2.27204    0.735057
           7     2.29511    0.793862

           8   0.0115332           0
           8   0.0345996           0
           8   0.0576661           0
           8   0.0807325           0
           8    0.103799           0
           8    0.126865           0
           8    0.149932           0
           8    0.172998           0
           8    0.196065           0
           8    0.219131           0
           8    0.242198           0
           8    0.265264           0
           8     0.28833           0
           8    0.311397           0
           8    0.334463           0
           8     0.35753           0
           8    0.380596           0
           8    0.403663           0
           8    0.426729           0
           8    0.449795           0
           8    0.472862           0
           8    0.495928           0
           8    0.518995           0
           8    0.542061           0
           8    0.565128           0
           8    0.588194           0
           8     0.61126           0
           8    0.634327           0
           8    0.657393           0
           8     0.68046           0
           8    0.703526           0
           8    0.726593           0
           8    0.749659           0
           8    0.772725           0
           8    0.795792           0
           8    0.818858           0
           8    0.841925           0
           8    0.864991           0
           8    0.888058           0
           8    0.911124           0
           8     0.93419           0
           8    0.957257    0.253516
           8    0.980323     1.61151
           8     1.00339     3.53803
           8     1.02646     4.63024
           8     1.04952     6.60829
           8     1.07259     5.78865
           8     1.09566     5.09595
           8     1.11872      5.0736
           8     1.14179     3.74211
           8     1.16485     2.85348
           8     1.18792     1.75599
           8     1.21099    0.686456
           8     1.23405     0.45764
           8     1.25712       0.196
           8     1.28019   0.0472502
           8     1.30325   0.0455925
           8     1.32632   0.0440205
           8     1.34939    0.170114
           8     1.37245   0.0822218
           8     1.39552    0.437395
           8     1.41859    0.384806
           8     1.44165    0.447109
           8     1.46472    0.721896
           8     1.48778     1.29442
           8     1.51085     1.18735
           8     1.53392     1.51394
           8     1.55698     1.05414
           8     1.58005     1.05461
           8     1.60312    0.873821
           8     1.62618    0.556377
           8     1.64925    0.370105
           8     1.67232    0.387656
           8     1.69538    0.215531
           8     1.71845    0.236007
           8     1.74152     0.68939
           8     1.76458     1.11914
           8     1.78765     1.79318
           8     1.81071     2.88148
           8     1.83378     2.78642
           8     1.85685     2.96468
           8     1.87991      2.7609
           8     1.90298     3.52835
           8     1.92605      2.9851
           8     1.94911     2.20144
           8     1.97218     1.87151
           8     1.99525     1.22548
           8     2.01831    0.855447
           8     2.04138    0.780476
           8     2.06445    0.545095
           8     2.08751    0.835214
           8     2.11058     1.02567
           8     2.13364     1.05464
           8     2.15671     1.33188
           8     2.17978     1.05937
           8     2.20284     1.18093
           8     2.22591     1.23472
           8     2.24898     0.97987
           8     2.27204    0.795062
           8     2.29511    0.676253

           9   0.0115332           0
           9   0.0345996           0
           9   0.0576661           0
           9   0.0807325           0
           9    0.103799           0
           9    0.126865           0
           9    0.149932           0
           9    0.172998           0
           9    0.196065           0
           9    0.219131           0
           9    0.242198           0
           9    0.265264           0
           9     0.28833           0
           9    0.311397           0
           9    0.334463           0
           9     0.35753           0
           9    0.380596           0
           9    0.403663           0
           9    0.426729           0
           9    0.449795           0
           9    0.472862           0
           9    0.495928           0
           9    0.518995           0
           9    0.542061           0
           9    0.565128           0
           9    0.588194           0
           9     0.61126           0
           9    0.634327           0
           9    0.657393           0
           9     0.68046           0
           9    0.703526           0
           9    0.726593           0
           9    0.749659           0
           9    0.772725           0
           9    0.795792           0
           9    0.818858           0
           9    0.841925           0
           9    0.864991           0
           9    0.888058           0
           9    0.911124           0
           9     0.93419   0.0887297
           9    0.957257    0.338021
           9    0.980323     1.36978
           9     1.00339     3.69186
           9     1.02646     4.26276
           9     1.04952     5.55377
           9     1.07259     5.85596
           9     1.09566     6.70859
           9     1.11872     5.56859
           9     1.14179     3.50452
           9     1.16485     2.33985
           9     1.18792     1.42675
           9     1.21099     1.05609
           9     1.23405    0.305093
           9     1.25712       0.245
           9     1.28019    0.141751
           9     1.30325           0
           9     1.32632   0.0880409
           9     1.34939   0.0850568
           9     1.37245    0.205555
           9     1.39552    0.238579
           9     1.41859    0.269364
           9     1.44165    0.484368
           9     1.46472    0.938465
           9     1.48778     1.18947
           9     1.51085     1.08558
           9     1.53392     1.38229
           9     1.55698     1.40552
           9     1.58005     1.14766
           9     1.60312    0.632767
           9     1.62618    0.497811
           9     1.64925    0.398575
           9     1.67232    0.359966
           9     1.69538    0.242472
           9     1.71845    0.367122
           9     1.74152    0.536192
           9     1.76458     1.24349
           9     1.78765     1.26007
           9     1.81071     2.43273
           9     1.83378      3.0167
           9     1.85685     3.54863
           9     1.87991     3.41826
           9     1.90298     3.27175
           9     1.92605     3.27735
           9     1.94911     2.26259
           9     1.97218     1.53304
           9     1.99525     1.20602
           9     2.01831    0.589308
           9     2.04138    0.668979
           9     2.06445    0.545095
           9     2.08751    0.657509
           9     2.11058    0.834442
           9     2.13364     1.37784
           9     2.15671     1.49836
           9     2.17978     1.45052
           9     2.20284     1.32455
           9     2.22591     0.81273
           9     2.24898    0.857386
           9     2.27204    0.690054
           9     2.29511    0.970276

          10   0.0115332           0
          10   0.0345996           0
          10   0.0576661           0
          10   0.0807325           0
          10    0.103799           0
          10    0.126865           0
          10    0.149932           0
          10    0.172998           0
          10    0.196065           0
          10    0.219131           0
          10    0.242198           0
          10    0.265264           0
          10     0.28833           0
          10    0.311397           0
          10    0.334463           0
          10     0.35753           0
          10    0.380596           0
          10    0.403663           0
          10    0.426729           0
          10    0.449795           0
          10    0.472862           0
          10    0.495928           0
          10    0.518995           0
          10    0.542061           0
          10    0.565128           0
          10    0.588194           0
          10     0.61126           0
          10    0.634327           0
          10    0.657393           0
          10     0.68046           0
          10    0.703526           0
          10    0.726593           0
          10    0.749659           0
          10    0.772725           0
          10    0.795792           0
          10    0.818858           0
          10    0.841925           0
          10    0.864991           0
          10    0.888058           0
          10    0.911124           0
          10     0.93419           0
          10    0.957257    0.169011
          10    0.980323    0.966907
          10     1.00339     2.84581
          10     1.02646     4.55675
          10     1.04952     6.95979
          10     1.07259     7.13485
          10     1.09566     5.48298
          10     1.11872     5.69233
          10     1.14179     3.50452
          10     1.16485     2.56813
          10     1.18792    0.987747
          10     1.21099    0.686456
          10     1.23405     0.45764
          10     1.25712       0.294
          10     1.28019   0.0472502
          10     1.30325   0.0911849
          10     1.32632           0
          10     1.34939    0.127585
          10     1.37245   0.0411109
          10     1.39552    0.198816
          10     1.41859    0.269364
          10     1.44165    0.856959
          10     1.46472    0.866276
          10     1.48778     1.01454
          10     1.51085     1.15342
          10     1.53392     1.48102
          10     1.55698     1.34164
          10     1.58005     1.02359
          10     1.60312    0.873821
          10     1.62618    0.614943
          10     1.64925    0.341636
          10     1.67232    0.221518
          10     1.69538    0.215531
          10     1.71845    0.236007
          10     1.74152     0.25533
          10     1.76458      1.0694
          10     1.78765     1.59932
          10     1.81071     2.07845
          10     1.83378     3.36213
          10     1.85685     3.59355
          10     1.87991     3.94415
          10     1.90298     3.82773
          10     1.92605     3.04773
          10     1.94911     2.01799
          10     1.97218     1.27422
          10     1.99525      0.9726
          10     2.01831    0.608318
          10     2.04138      0.5389
          10     2.06445    0.526925
          10     2.08751    0.746361
          10     2.11058    0.973515
          10     2.13364     1.20774
          10     2.15671     1.59825
          10     2.17978     1.51571
          10     2.20284     1.16497
          10     2.22591     1.04717
          10     2.24898    0.903317
          10     2.27204    0.555043
          10     2.29511    0.779161

          11   0.0115332           0
          11   0.0345996           0
          11   0.0576661           0
          11   0.0807325           0
          11    0.103799           0
          11    0.126865           0
          11    0.149932           0
          11    0.172998           0
          11    0.196065           0
          11    0.219131           0
          11    0.242198           0
          11    0.265264           0
          11     0.28833           0
          11    0.311397           0
          11    0.334463           0
          11     0.35753           0
          11    0.380596           0
          11    0.403663           0
          11    0.426729           0
          11    0.449795           0
          11    0.472862           0
          11    0.495928           0
          11    0.518995           0
          11    0.542061           0
          11    0.565128           0
          11    0.588194           0
          11     0.61126           0
          11    0.634327           0
          11    0.657393           0
          11     0.68046           0
          11    0.703526           0
          11    0.726593           0
          11    0.749659           0
          11    0.772725           0
          11    0.795792           0
          11    0.818858           0
          11    0.841925           0
          11    0.864991           0
          11    0.888058           0
          11    0.911124           0
          11     0.93419    0.177459
          11    0.957257    0.760548
          11    0.980323     1.04748
          11     1.00339     3.30729
          11     1.02646      5.2917
          11     1.04952     6.18648
          11     1.07259     5.99058
          11     1.09566     5.35397
          11     1.11872     4.33112
          11     1.14179     3.74211
          11     1.16485     2.73934
          11     1.18792      1.0975
          11     1.21099      1.2145
          11     1.23405    0.559337
          11     1.25712       0.343
          11     1.28019    0.236251
          11     1.30325   0.0911849
          11     1.32632   0.0440205
          11     1.34939    0.127585
          11     1.37245    0.123333
          11     1.39552    0.318105
          11     1.41859    0.808092
          11     1.44165    0.707922
          11     1.46472    0.613612
          11     1.48778     0.97956
          11     1.51085      1.1195
          11     1.53392     1.05317
          11     1.55698     1.24581
          11     1.58005    0.992573
          11     1.60312    0.903952
          11     1.62618     0.58566
          11     1.64925    0.398575
          11     1.67232    0.470725
          11     1.69538    0.323297
          11     1.71845    0.445791
          11     1.74152     0.68939
          11     1.76458     1.24349
          11     1.78765     1.69625
          11     1.81071      2.1493
          11     1.83378     3.06276
          11     1.85685      2.8973
          11     1.87991      3.3087
          11     1.90298     3.31451
          11     1.92605     2.88073
          11     1.94911      1.8753
          11     1.97218     1.87151
          11     1.99525     1.28383
          11     2.01831    0.798417
          11     2.04138    0.761893
          11     2.06445    0.835812
          11     2.08751    0.906296
          11     2.11058    0.903979
          11     2.13364     1.27578
          11     2.15671     1.11545
          11     2.17978     1.51571
          11     2.20284     1.05326
          11     2.22591    0.953395
          11     2.24898     0.99518
          11     2.27204    0.915071
          11     2.29511    0.970276

          12   0.0115332           0
          12   0.0345996           0
          12   0.0576661           0
          12   0.0807325           0
          12    0.103799           0
          12    0.126865           0
          12    0.149932           0
          12    0.172998           0
          12    0.196065           0
          12    0.219131           0
          12    0.242198           0
          12    0.265264           0
          12     0.28833           0
          12    0.311397           0
          12    0.334463           0
          12     0.35753           0
          12    0.380596           0
          12    0.403663           0
          12    0.426729           0
          12    0.449795           0
          12    0.472862           0
          12    0.495928           0
          12    0.518995           0
          12    0.542061           0
          12    0.565128           0
          12    0.588194           0
          12     0.61126           0
          12    0.634327           0
          12    0.657393           0
          12     0.68046           0
          12    0.703526           0
          12    0.726593           0
          12    0.749659           0
          12    0.772725           0
          12    0.795792           0
          12    0.818858           0
          12    0.841925           0
          12    0.864991           0
          12    0.888058           0
          12    0.911124           0
          12     0.93419   0.0887297
          12    0.957257    0.591537
          12    0.980323     1.85324
          12     1.00339     2.84581
          12     1.02646     4.92422
          12     1.04952     5.20227
          12     1.07259     6.39444
          12     1.09566     5.28947
          12     1.11872     5.69233
          12     1.14179      4.0391
          12     1.16485      2.6252
          12     1.18792     1.20725
          12     1.21099    0.897674
          12     1.23405    0.203395
          12     1.25712       0.392
          12     1.28019   0.0945004
          12     1.30325   0.0455925
          12     1.32632    0.132061
          12     1.34939   0.0425284
          12     1.37245   0.0411109
          12     1.39552    0.397631
          12     1.41859    0.384806
          12     1.44165    0.745181
          12     1.46472    0.757991
          12     1.48778    0.804639
          12     1.51085     1.35697
          12     1.53392     1.31647
          12     1.55698     1.34164
          12     1.58005     1.05461
          12     1.60312    0.723162
          12     1.62618    0.644226
          12     1.64925    0.483984
          12     1.67232    0.249207
          12     1.69538    0.323297
          12     1.71845    0.314676
          12     1.74152    0.842588
          12     1.76458     1.09427
          12     1.78765     1.33277
          12     1.81071     2.43273
          12     1.83378     2.83248
          12     1.85685     3.45879
          12     1.87991     3.41826
          12     1.90298     3.61389
          12     1.92605     2.67198
          12     1.94911     2.32374
          12     1.97218     1.53304
          12     1.99525     1.06986
          12     2.01831    0.817427
          12     2.04138    0.761893
          12     2.06445    0.545095
          12     2.08751    0.977378
          12     2.11058    0.782289
          12     2.13364     1.12268
          12     2.15671     1.49836
          12     2.17978     1.36903
          12     2.20284     1.00538
          12     2.22591     1.17221
          12     2.24898    0.933938
          12     2.27204    0.810063
          12     2.29511    0.558644

          13   0.0115332           0
          13   0.0345996           0
          13   0.0576661           0
          13   0.0807325           0
          13    0.103799           0
          13    0.126865           0
          13    0.149932           0
          13    0.172998           0
          13    0.196065           0
          13    0.219131           0
          13    0.242198           0
          13    0.265264           0
          13     0.28833           0
          13    0.311397           0
          13    0.334463           0
          13     0.35753           0
          13    0.380596           0
          13    0.403663           0
          13    0.426729           0
          13    0.449795           0
          13    0.472862           0
          13    0.495928           0
          13    0.518995           0
          13    0.542061           0
          13    0.565128           0
          13    0.588194           0
          13     0.61126           0
          13    0.634327           0
          13    0.657393           0
          13     0.68046           0
          13    0.703526           0
          13    0.726593           0
          13    0.749659           0
          13    0.772725           0
          13    0.795792           0
          13    0.818858           0
          13    0.841925           0
          13    0.864991           0
          13    0.888058           0
          13    0.911124           0
          13     0.93419           0
          13    0.957257    0.169011
          13    0.980323     2.09497
          13     1.00339     2.92272
          13     1.02646     4.99772
          13     1.04952     6.04588
          13     1.07259     6.46175
          13     1.09566     5.22496
          13     1.11872     4.94985
          13     1.14179     2.85113
          13     1.16485     3.31003
          13     1.18792     1.81087
          13     1.21099    0.844869
          13     1.23405    0.508488
          13     1.25712       0.196
          13     1.28019   0.0945004
          13     1.30325           0
          13     1.32632   0.0440205
          13     1.34939   0.0425284
          13     1.37245    0.164444
          13     1.39552    0.198816
          13     1.41859     0.65417
          13     1.44165    0.484368
          13     1.46472    0.721896
          13     1.48778     1.29442
          13     1.51085     1.18735
          13     1.53392    0.888615
          13     1.55698     1.62913
          13     1.58005    0.775448
          13     1.60312    0.903952
          13     1.62618    0.644226
          13     1.64925    0.569393
          13     1.67232    0.387656
          13     1.69538    0.134707
          13     1.71845    0.472014
          13     1.74152    0.638324
          13     1.76458    0.920183
          13     1.78765     1.33277
          13     1.81071     2.33825
          13     1.83378     2.85551
          13     1.85685     3.25666
          13     1.87991     3.74694
          13     1.90298     4.02018
          13     1.92605     2.75548
          13     1.94911     2.30336
          13     1.97218      1.4335
          13     1.99525      1.0115
          13     2.01831    0.798417
          13     2.04138    0.761893
          13     2.06445    0.563265
          13     2.08751    0.586427
          13     2.11058    0.886594
          13     2.13364     1.25877
          13     2.15671     1.43177
          13     2.17978     1.36903
          13     2.20284     1.26072
          13     2.22591     1.09406
          13     2.24898    0.826765
          13     2.27204    0.735057
          13     2.29511    0.720357

          14   0.0115332           0
          14   0.0345996           0
          14   0.0576661           0
          14   0.0807325           0
          14    0.103799           0
          14    0.126865           0
          14    0.149932           0
          14    0.172998           0
          14    0.196065           0
          14    0.219131           0
          14    0.242198           0
          14    0.265264           0
          14     0.28833           0
          14    0.311397           0
          14    0.334463           0
          14     0.35753           0
          14    0.380596           0
          14    0.403663           0
          14    0.426729           0
          14    0.449795           0
          14    0.472862           0
          14    0.495928           0
          14    0.518995           0
          14    0.542061           0
          14    0.565128           0
          14    0.588194           0
          14     0.61126           0
          14    0.634327           0
          14    0.657393           0
          14     0.68046           0
          14    0.703526           0
          14    0.726593           0
          14    0.749659           0
          14    0.772725           0
          14    0.795792           0
          14    0.818858           0
          14    0.841925           0
          14    0.864991           0
          14    0.888058           0
          14    0.911124           0
          14     0.93419   0.0887297
          14    0.957257    0.507032
          14    0.980323     1.36978
          14     1.00339     2.61507
          14     1.02646     4.99772
          14     1.04952     6.11618
          14     1.07259     6.59637
          14     1.09566     6.57958
          14     1.11872     3.77426
          14     1.14179     3.68271
          14     1.16485      2.6252
          14     1.18792     1.64625
          14     1.21099     1.05609
          14     1.23405    0.305093
          14     1.25712       0.294
          14     1.28019   0.0945004
          14     1.30325   0.0911849
          14     1.32632           0
          14     1.34939   0.0850568
          14     1.37245    0.287776
          14     1.39552    0.238579
          14     1.41859    0.346325
          14     1.44165    0.670663
          14     1.46472     1.01066
          14     1.48778    0.804639
          14     1.51085      1.1195
          14     1.53392     1.28355
          14     1.55698     1.21386
          14     1.58005     1.11664
          14     1.60312    0.783425
          14     1.62618    0.644226
          14     1.64925    0.540923
          14     1.67232    0.276897
          14     1.69538    0.350238
          14     1.71845    0.314676
          14     1.74152    0.740456
          14     1.76458     1.36784
          14     1.78765     1.55086
          14     1.81071     1.70055
          14     1.83378     2.94762
          14     1.85685     3.25666
          14     1.87991     3.79076
          14     1.90298     3.59251
          14     1.92605     2.79723
          14     1.94911     2.30336
          14     1.97218     1.63259
          14     1.99525    0.933696
          14     2.01831    0.760397
          14     2.04138    0.668979
          14     2.06445    0.763133
          14     2.08751    0.817443
          14     2.11058    0.956131
          14     2.13364     1.13969
          14     2.15671     1.23199
          14     2.17978     1.32014
          14     2.20284     1.30859
          14     2.22591    0.922136
          14     2.24898    0.903317
          14     2.27204    0.885069
          14     2.29511    0.749759

          15   0.0115332           0
          15   0.0345996           0
          15   0.0576661           0
          15   0.0807325           0
          15    0.103799           0
          15    0.126865           0
          15    0.149932           0
          15    0.172998           0
          15    0.196065           0
          15    0.219131           0
          15    0.242198           0
          15    0.265264           0
          15     0.28833           0
          15    0.311397           0
          15    0.334463           0
          15     0.35753           0
          15    0.380596           0
          15    0.403663           0
          15    0.426729           0
          15    0.449795           0
          15    0.472862           0
          15    0.495928           0
          15    0.518995           0
          15    0.542061           0
          15    0.565128           0
          15    0.588194           0
          15     0.61126           0
          15    0.634327           0
          15    0.657393           0
          15     0.68046           0
          15    0.703526           0
          15    0.726593           0
          15    0.749659           0
          15    0.772725           0
          15    0.795792           0
          15    0.818858           0
          15    0.841925           0
          15    0.864991           0
          15    0.888058           0
          15    0.911124           0
          15     0.93419           0
          15    0.957257    0.591537
          15    0.980323     1.12806
          15     1.00339     2.92272
          15     1.02646     4.11577
          15     1.04952     6.18648
          15     1.07259     7.13485
          15     1.09566      5.6765
          15     1.11872     5.81608
          15     1.14179     3.50452
          15     1.16485     2.79641
          15     1.18792       1.317
          15     1.21099    0.475239
          15     1.23405     0.45764
          15     1.25712       0.196
          15     1.28019    0.141751
          15     1.30325           0
          15     1.32632           0
          15     1.34939           0
          15     1.37245    0.123333
          15     1.39552    0.198816
          15     1.41859    0.307845
          15     1.44165    0.707922
          15     1.46472    0.757991
          15     1.48778     1.25943
          15     1.51085     1.39089
          15     1.53392     1.51394
          15     1.55698      1.0222
          15     1.58005     1.05461
          15     1.60312    0.903952
          15     1.62618    0.614943
          15     1.64925    0.427045
          15     1.67232    0.193828
          15     1.69538    0.350238
          15     1.71845    0.157338
          15     1.74152    0.485126
          15     1.76458    0.646615
          15     1.78765      1.4297
          15     1.81071     2.36187
          15     1.83378     3.47727
          15     1.85685     3.45879
          15     1.87991     4.11944
          15     1.90298     3.42143
          15     1.92605      2.9851
          15     1.94911     2.24221
          15     1.97218     1.27422
          15     1.99525     1.05041
          15     2.01831    0.741387
          15     2.04138    0.408821
          15     2.06445    0.726793
          15     2.08751    0.462033
          15     2.11058    0.973515
          15     2.13364     1.25877
          15     2.15671     1.56495
          15     2.17978      1.6135
          15     2.20284     1.10113
          15     2.22591     1.00028
          15     2.24898    0.796144
          15     2.27204    0.675053
          15     2.29511    0.705656

          16   0.0115332           0
          16   0.0345996           0
          16   0.0576661           0
          16   0.0807325           0
          16    0.103799           0
          16    0.126865           0
          16    0.149932           0
          16    0.172998           0
          16    0.196065           0
          16    0.219131           0
          16    0.242198           0
          16    0.265264           0
          16     0.28833           0
          16    0.311397           0
          16    0.334463           0
          16     0.35753           0
          16    0.380596           0
          16    0.403663           0
          16    0.426729           0
          16    0.449795           0
          16    0.472862           0
          16    0.495928           0
          16    0.518995           0
          16    0.542061           0
          16    0.565128           0
          16    0.588194           0
          16     0.61126           0
          16    0.634327           0
          16    0.657393           0
          16     0.68046           0
          16    0.703526           0
          16    0.726593           0
          16    0.749659           0
          16    0.772725           0
          16    0.795792           0
          16    0.818858           0
          16    0.841925           0
          16    0.864991           0
          16    0.888058           0
          16    0.911124           0
          16     0.93419           0
          16    0.957257    0.507032
          16    0.980323     1.36978
          16     1.00339     3.30729
          16     1.02646     4.85073
          16     1.04952     6.11618
          16     1.07259     7.06754
          16     1.09566     5.87002
          16     1.11872       4.393
          16     1.14179     3.38572
          16     1.16485     1.82623
          16     1.18792     1.42675
          16     1.21099     1.10889
          16     1.23405    0.508488
          16     1.25712       0.294
          16     1.28019    0.283501
          16     1.30325           0
          16     1.32632    0.264123
          16     1.34939    0.170114
          16     1.37245           0
          16     1.39552    0.318105
          16     1.41859    0.423286
          16     1.44165    0.633404
          16     1.46472    0.721896
          16     1.48778     1.15448
          16     1.51085     1.18735
          16     1.53392     1.31647
          16     1.55698     1.08609
          16     1.58005    0.868501
          16     1.60312     1.08474
          16     1.62618    0.732075
          16     1.64925    0.341636
          16     1.67232    0.387656
          16     1.69538    0.215531
          16     1.71845    0.314676
          16     1.74152    0.561725
          16     1.76458    0.870443
          16     1.78765     1.76895
          16     1.81071     2.69253
          16     1.83378     3.52333
          16     1.85685     3.14436
          16     1.87991     3.33061
          16     1.90298     3.20759
          16     1.92605     2.35886
          16     1.94911     2.18106
          16     1.97218     1.77196
          16     1.99525     1.10876
          16     2.01831    0.817427
          16     2.04138    0.631814
          16     2.06445    0.744963
          16     2.08751    0.764132
          16     2.11058     1.16474
          16     2.13364     1.20774
          16     2.15671     1.39847
          16     2.17978     1.23865
          16     2.20284     1.19688
          16     2.22591    0.859618
          16     2.24898    0.918628
          16     2.27204    0.720056
          16     2.29511    0.779161

          17   0.0115332           0
          17   0.0345996           0
          17   0.0576661           0
          17   0.0807325           0
          17    0.103799           0
          17    0.126865           0
          17    0.149932           0
          17    0.172998           0
          17    0.196065           0
          17    0.219131           0
          17    0.242198           0
          17    0.265264           0
          17     0.28833           0
          17    0.311397           0
          17    0.334463           0
          17     0.35753           0
          17    0.380596           0
          17    0.403663           0
          17    0.426729           0
          17    0.449795           0
          17    0.472862           0
          17    0.495928           0
          17    0.518995           0
          17    0.542061           0
          17    0.565128           0
          17    0.588194           0
          17     0.61126           0
          17    0.634327           0
          17    0.657393           0
          17     0.68046           0
          17    0.703526           0
          17    0.726593           0
          17    0.749659           0
          17    0.772725           0
          17    0.795792           0
          17    0.818858           0
          17    0.841925           0
          17    0.864991           0
          17    0.888058           0
          17    0.911124           0
          17     0.93419           0
          17    0.957257    0.422527
          17    0.980323     1.45036
          17     1.00339     2.84581
          17     1.02646      5.3652
          17     1.04952     5.55377
          17     1.07259     7.26947
          17     1.09566     5.87002
          17     1.11872     5.01173
          17     1.14179     3.26692
          17     1.16485     1.99743
          17     1.18792     1.37187
          17     1.21099    0.686456
          17     1.23405    0.762733
          17     1.25712       0.294
          17     1.28019    0.236251
          17     1.30325   0.0455925
          17     1.32632    0.132061
          17     1.34939    0.170114
          17     1.37245    0.287776
          17     1.39552    0.198816
          17     1.41859    0.346325
          17     1.44165    0.558886
          17     1.46472    0.866276
          17     1.48778     0.97956
          17     1.51085      1.2552
          17     1.53392     1.38229
          17     1.55698    0.926369
          17     1.58005    0.837483
          17     1.60312    0.994347
          17     1.62618    0.878491
          17     1.64925    0.370105
          17     1.67232    0.166138
          17     1.69538    0.484945
          17     1.71845     0.52446
          17     1.74152    0.536192
          17     1.76458     1.36784
          17     1.78765     1.45393
          17     1.81071     2.47996
          17     1.83378     2.51008
          17     1.85685     3.21174
          17     1.87991     3.59356
          17     1.90298     3.78496
          17     1.92605     2.46323
          17     1.94911     1.95683
          17     1.97218     1.59277
          17     1.99525     1.12822
          17     2.01831    0.931487
          17     2.04138    0.724728
          17     2.06445    0.563265
          17     2.08751    0.906296
          17     2.11058      1.0952
          17     2.13364      1.3098
          17     2.15671     1.36517
          17     2.17978     1.25494
          17     2.20284     1.16497
          17     2.22591    0.969024
          17     2.24898     0.99518
          17     2.27204    0.720056
          17     2.29511    0.940874

          18   0.0115332           0
          18   0.0345996           0
          18   0.0576661           0
          18   0.0807325           0
          18    0.103799           0
          18    0.126865           0
          18    0.149932           0
          18    0.172998           0
          18    0.196065           0
          18    0.219131           0
          18    0.242198           0
          18    0.265264           0
          18     0.28833           0
          18    0.311397           0
          18    0.334463           0
          18     0.35753           0
          18    0.380596           0
          18    0.403663           0
          18    0.426729           0
          18    0.449795           0
          18    0.472862           0
          18    0.495928           0
          18    0.518995           0
          18    0.542061           0
          18    0.565128           0
          18    0.588194           0
          18     0.61126           0
          18    0.634327           0
          18    0.657393           0
          18     0.68046           0
          18    0.703526           0
          18    0.726593           0
          18    0.749659           0
          18    0.772725           0
          18    0.795792           0
          18    0.818858           0
          18    0.841925           0
          18    0.864991           0
          18    0.888058           0
          18    0.911124           0
          18     0.93419           0
          18    0.957257    0.507032
          18    0.980323     2.01439
          18     1.00339     2.53815
          18     1.02646     5.21821
          18     1.04952     6.39738
          18     1.07259     5.31748
          18     1.09566     5.54749
          18     1.11872     4.76424
          18     1.14179     3.86091
          18     1.16485      2.6252
          18     1.18792     1.70112
          18     1.21099     1.00328
          18     1.23405    0.610186
          18     1.25712       0.196
          18     1.28019    0.189001
          18     1.30325   0.0455925
          18     1.32632   0.0880409
          18     1.34939   0.0850568
          18     1.37245    0.411109
          18     1.39552    0.238579
          18     1.41859    0.307845
          18     1.44165     0.40985
          18     1.46472    0.685802
          18     1.48778     0.97956
          18     1.51085     1.18735
          18     1.53392       1.119
          18     1.55698     1.59719
          18     1.58005    0.775448
          18     1.60312    0.964216
          18     1.62618    0.702792
          18     1.64925    0.370105
          18     1.67232    0.498415
          18     1.69538    0.323297
          18     1.71845    0.419568
          18     1.74152    0.791522
          18     1.76458    0.870443
          18     1.78765      1.4297
          18     1.81071     2.45635
          18     1.83378     3.22396
          18     1.85685     2.87484
          18     1.87991     3.54973
          18     1.90298     3.10067
          18     1.92605     3.13123
          18     1.94911     2.26259
          18     1.97218     1.69232
          18     1.99525    0.992052
          18     2.01831    0.893467
          18     2.04138    0.650397
          18     2.06445    0.508755
          18     2.08751    0.870755
          18     2.11058    0.973515
          18     2.13364     1.24176
          18     2.15671     1.43177
          18     2.17978     1.17345
          18     2.20284     1.40434
          18     2.22591     1.04717
          18     2.24898    0.918628
          18     2.27204    0.735057
          18     2.29511    0.793862

          19   0.0115332           0
          19   0.0345996           0
          19   0.0576661           0
          19   0.0807325           0
          19    0.103799           0
          19    0.126865           0
          19    0.149932           0
          19    0.172998           0
          19    0.196065           0
          19    0.219131           0
          19    0.242198           0
          19    0.265264           0
          19     0.28833           0
          19    0.311397           0
          19    0.334463           0
          19     0.35753           0
          19    0.380596           0
          19    0.403663           0
          19    0.426729           0
          19    0.449795           0
          19    0.472862           0
          19    0.495928           0
          19    0.518995           0
          19    0.542061           0
          19    0.565128           0
          19    0.588194           0
          19     0.61126           0
          19    0.634327           0
          19    0.657393           0
          19     0.68046           0
          19    0.703526           0
          19    0.726593           0
          19    0.749659           0
          19    0.772725           0
          19    0.795792           0
          19    0.818858           0
          19    0.841925           0
          19    0.864991           0
          19    0.888058           0
          19    0.911124           0
          19     0.93419           0
          19    0.957257    0.253516
          19    0.980323    0.564029
          19     1.00339     2.92272
          19     1.02646     4.85073
          19     1.04952     5.48347
          19     1.07259     7.06754
          19     1.09566     7.16013
          19     1.11872     5.56859
          19     1.14179     3.80151
          19     1.16485     2.45399
          19     1.18792     1.15237
          19     1.21099    0.580848
          19     1.23405    0.305093
          19     1.25712       0.196
          19     1.28019   0.0472502
          19     1.30325           0
          19     1.32632           0
          19     1.34939    0.127585
          19     1.37245    0.123333
          19     1.39552    0.159053
          19     1.41859    0.269364
          19     1.44165    0.782441
          19     1.46472    0.757991
          19     1.48778    0.769655
          19     1.51085     1.32305
          19     1.53392     1.74432
          19     1.55698     1.34164
          19     1.58005     1.05461
          19     1.60312    0.813557
          19     1.62618    0.673509
          19     1.64925    0.398575
          19     1.67232    0.166138
          19     1.69538    0.134707
          19     1.71845    0.183561
          19     1.74152    0.382994
          19     1.76458    0.646615
          19     1.78765     1.50239
          19     1.81071     2.33825
          19     1.83378     3.06276
          19     1.85685     3.59355
          19     1.87991     4.66724
          19     1.90298     3.42143
          19     1.92605     3.02685
          19     1.94911     2.42566
          19     1.97218      1.4335
          19     1.99525    0.953148
          19     2.01831    0.494258
          19     2.04138    0.297324
          19     2.06445    0.454246
          19     2.08751    0.764132
          19     2.11058    0.956131
          19     2.13364     1.22475
          19     2.15671     1.49836
          19     2.17978     1.53201
          19     2.20284     1.40434
          19     2.22591     1.14095
          19     2.24898    0.765523
          19     2.27204     0.51004
          19     2.29511    0.617449

          20   0.0115332           0
          20   0.0345996           0
          20   0.0576661           0
          20   0.0807325           0
          20    0.103799           0
          20    0.126865           0
          20    0.149932           0
          20    0.172998           0
          20    0.196065           0
          20    0.219131           0
          20    0.242198           0
          20    0.265264           0
          20     0.28833           0
          20    0.311397           0
          20    0.334463           0
          20     0.35753           0
          20    0.380596           0
          20    0.403663           0
          20    0.426729           0
          20    0.449795           0
          20    0.472862           0
          20    0.495928           0
          20    0.518995           0
          20    0.542061           0
          20    0.565128           0
          20    0.588194           0
          20     0.61126           0
          20    0.634327           0
          20    0.657393           0
          20     0.68046           0
          20    0.703526           0
          20    0.726593           0
          20    0.749659           0
          20    0.772725           0
          20    0.795792           0
          20    0.818858           0
          20    0.841925           0
          20    0.864991           0
          20    0.888058           0
          20    0.911124           0
          20     0.93419   0.0887297
          20    0.957257    0.422527
          20    0.980323     1.20863
          20     1.00339     2.99963
          20     1.02646      5.3652
          20     1.04952     5.83498
          20     1.07259     6.39444
          20     1.09566     5.54749
          20     1.11872     5.01173
          20     1.14179     3.74211
          20     1.16485     2.73934
          20     1.18792       1.317
          20     1.21099    0.844869
          20     1.23405    0.406791
          20     1.25712       0.392
          20     1.28019   0.0472502
          20     1.30325   0.0455925
          20     1.32632    0.132061
          20     1.34939           0
          20     1.37245    0.164444
          20     1.39552    0.397631
          20     1.41859    0.230883
          20     1.44165    0.633404
          20     1.46472    0.794086
          20     1.48778     1.36439
          20     1.51085    0.915955
          20     1.53392     1.51394
          20     1.55698     1.14997
          20     1.58005     1.08563
          20     1.60312    0.602635
          20     1.62618    0.497811
          20     1.64925    0.740211
          20     1.67232    0.443035
          20     1.69538    0.161648
          20     1.71845    0.393345
          20     1.74152    0.638324
          20     1.76458    0.994792
          20     1.78765     1.40546
          20     1.81071     2.50358
          20     1.83378     2.67128
          20     1.85685     3.50371
          20     1.87991     3.74694
          20     1.90298     3.20759
          20     1.92605     2.85985
          20     1.94911     2.36451
          20     1.97218     2.03079
          20     1.99525    0.855888
          20     2.01831    0.646338
          20     2.04138    0.687562
          20     2.06445    0.635944
          20     2.08751    0.746361
          20     2.11058    0.938747
          20     2.13364     1.19073
          20     2.15671     1.24863
          20     2.17978     1.17345
          20     2.20284     1.14901
          20     2.22591     1.23472
          20     2.24898     1.08704
          20     2.27204    0.825064
          20     2.29511    0.808564

