0  -7.53696231  0
1  -7.53662072  0.000241543865
2  -7.53575321  0.000726386479
3  -7.53912414  0.00296970813
4  -7.53576397  0.00383103845
5  -7.5361962  0.00321682191
6  -7.53607563  0.00275953435
7  -7.53548817  0.00247633512
8  -7.53424523  0.00249368263
9  -7.53458343  0.00226713146
10  -7.53557272  0.00226662113
11  -7.53656152  0.00228324855
12  -7.53486873  0.0026621684
13  -7.53513327  0.00248512274
14  -7.53517854  0.00231986011
15  -7.53631497  0.00243738086
16  -7.535576  0.00240341982
17  -7.5358856  0.00228975061
18  -7.53573633  0.00217409761
19  -7.53621997  0.00211850572
20  -7.53618808  0.0020178646
21  -7.53641414  0.00193876455
22  -7.53662568  0.00186597633
23  -7.53647872  0.00179400573
24  -7.53715583  0.00184560934
25  -7.53664639  0.0018435939
26  -7.53718221  0.00185153989
27  -7.53718248  0.00178541349
28  -7.53707487  0.00172708699
29  -7.53706349  0.00166955497
30  -7.53732128  0.00163548007
31  -7.53702504  0.00161097731
32  -7.53710692  0.00156423915
33  -7.53707474  0.00151856294
34  -7.53728671  0.00148989468
35  -7.53738936  0.00145204107
36  -7.53730096  0.00141548493
37  -7.53722354  0.00138035127
38  -7.53745312  0.00136391579
39  -7.53723982  0.00134639306
40  -7.53706192  0.00132525575
41  -7.53685065  0.00131043374
42  -7.53725116  0.00133976722
43  -7.53729933  0.00131018361
44  -7.53735297  0.00128216603
45  -7.53719749  0.0012636856
46  -7.53735043  0.00124601981
47  -7.53737155  0.00122024006
48  -7.53754419  0.00120748764
49  -7.53724619  0.00121955617
50  -7.53725939  0.00119571481
51  -7.53719807  0.00117429156
52  -7.53730227  0.00115674869
53  -7.53738404  0.00113821343
54  -7.537407  0.00111775029
55  -7.53723644  0.00111072755
56  -7.53733258  0.00109539394
57  -7.53746819  0.00108487028
58  -7.53742457  0.00106735927
59  -7.53753244  0.00105500628
60  -7.5376493  0.00104416332
61  -7.5376092  0.00102809158
62  -7.53740996  0.00103089848
63  -7.53752191  0.00102085156
64  -7.53744174  0.00100828954
65  -7.53751266  0.000995503425
66  -7.53743006  0.000984066206
67  -7.53754002  0.000975719435
68  -7.53745649  0.000965147402
69  -7.5373554  0.00095663904
70  -7.53744841  0.000947675771
71  -7.53746061  0.000934592105
72  -7.53752967  0.000924337366
73  -7.5374765  0.000913374024
74  -7.53753066  0.00090280022
75  -7.5373509  0.000908642501
76  -7.53733958  0.000896912492
77  -7.53739447  0.000887091971
78  -7.53739973  0.000875878555
79  -7.53731825  0.00086871186
80  -7.53736497  0.000859242165
81  -7.53724244  0.000857455037
82  -7.53730777  0.000849609204
83  -7.53730034  0.000839527254
84  -7.53724618  0.000831395591
85  -7.5372808  0.000822448436
86  -7.53733849  0.000815016007
87  -7.53734877  0.00080581929
88  -7.53741953  0.000799866164
89  -7.53742045  0.000790979285
90  -7.53740496  0.000782438739
91  -7.53737888  0.000774368664
92  -7.53733778  0.000767132147
93  -7.53731676  0.000759258909
94  -7.53738447  0.00075427927
95  -7.53734746  0.000747329428
96  -7.53737141  0.000740008724
97  -7.53739376  0.000732795031
98  -7.53727463  0.000735013653
99  -7.53728591  0.000727750031
