0  -5.54356623  0
1  -5.54361672  3.57038041e-05
2  -5.54335804  0.000212547717
3  -5.54364713  0.000296803123
4  -5.54332681  0.000372109504
5  -5.54323668  0.000320819805
6  -5.54325968  0.000275811548
7  -5.54315816  0.000259347191
8  -5.54310994  0.000234970151
9  -5.54318162  0.000222136035
10  -5.5431529  0.000203789343
11  -5.54317318  0.000187812625
12  -5.54323488  0.000183219509
13  -5.5432681  0.000173118419
14  -5.54333776  0.000175031814
15  -5.54330562  0.000167016262
16  -5.54335409  0.000164074325
17  -5.54335155  0.000154978806
18  -5.54340817  0.000156823029
19  -5.54337773  0.000151906259
20  -5.5433808  0.00014470365
21  -5.54333211  0.000146089478
22  -5.54326978  0.000152456856
23  -5.54327722  0.000146286003
24  -5.54324971  0.000142996621
25  -5.54319541  0.000147446531
26  -5.54316635  0.000144821346
27  -5.54314507  0.000141204755
28  -5.54309437  0.000145152279
29  -5.54307747  0.000141294127
30  -5.54307813  0.000136737817
31  -5.54310851  0.000135795995
32  -5.54309718  0.000132152498
33  -5.54310793  0.00012870247
34  -5.54310748  0.000125026043
35  -5.54312381  0.000122614408
36  -5.54313965  0.000120319976
37  -5.54312329  0.000118261201
38  -5.54314819  0.000117820997
39  -5.54314187  0.00011504497
40  -5.54316776  0.000115115033
41  -5.54315241  0.00011339251
42  -5.54315092  0.000110765248
43  -5.54314765  0.000108296014
44  -5.54315053  0.00010592753
45  -5.54316077  0.000104118432
46  -5.54313225  0.00010573662
47  -5.54313122  0.000103538775
48  -5.54310092  0.000105767047
49  -5.54310405  0.000103698076
50  -5.54313208  0.000105385885
51  -5.54314276  0.000103898737
52  -5.54315844  0.000103114414
53  -5.54314333  0.000102306109
54  -5.54311981  0.000103112566
55  -5.54310905  0.000101831034
56  -5.5431153  0.000100235815
57  -5.54311058  9.86188213e-05
58  -5.54313517  9.99661977e-05
59  -5.54313878  9.83654853e-05
60  -5.54312789  9.73546039e-05
61  -5.54314084  9.66418992e-05
62  -5.5431371  9.51801403e-05
63  -5.54314175  9.38066551e-05
64  -5.54312879  9.32552829e-05
65  -5.54312843  9.18430132e-05
66  -5.54313136  9.05188644e-05
67  -5.54314239  8.98574886e-05
68  -5.54316036  9.03335018e-05
69  -5.54316493  8.91587929e-05
70  -5.54315987  8.80467163e-05
71  -5.54315505  8.69555672e-05
72  -5.54315044  8.58863476e-05
73  -5.54315148  8.47320571e-05
74  -5.54313231  8.57435735e-05
75  -5.54313658  8.47214001e-05
76  -5.54314948  8.45970139e-05
77  -5.54315406  8.36366849e-05
78  -5.54315372  8.25786911e-05
79  -5.54314991  8.16344886e-05
80  -5.54315068  8.06302698e-05
81  -5.54314447  7.98853285e-05
82  -5.54314597  7.89369158e-05
83  -5.54315152  7.81920115e-05
84  -5.54315162  7.72721677e-05
85  -5.54314424  7.67253318e-05
86  -5.54315633  7.67908853e-05
87  -5.5431474  7.64361744e-05
88  -5.54314848  7.55849378e-05
89  -5.54314892  7.47464086e-05
90  -5.5431512  7.39597444e-05
91  -5.54315643  7.33407093e-05
92  -5.54314785  7.30530493e-05
93  -5.54315436  7.25660846e-05
94  -5.54315567  7.1813913e-05
95  -5.54314914  7.13620237e-05
96  -5.54314899  7.06264807e-05
97  -5.54313844  7.06902595e-05
98  -5.54313321  7.01687652e-05
99  -5.54313789  6.96225335e-05
