   0.0115332           0           0
   0.0345996           0           0
   0.0576661           0           0
   0.0807325           0           0
    0.103799           0           0
    0.126865           0           0
    0.149932           0           0
    0.172998           0           0
    0.196065           0           0
    0.219131           0           0
    0.242198           0           0
    0.265264           0           0
     0.28833           0           0
    0.311397           0           0
    0.334463           0           0
     0.35753           0           0
    0.380596           0           0
    0.403663           0           0
    0.426729           0           0
    0.449795           0           0
    0.472862           0           0
    0.495928           0           0
    0.518995           0           0
    0.542061           0           0
    0.565128           0           0
    0.588194           0           0
     0.61126           0           0
    0.634327           0           0
    0.657393           0           0
     0.68046           0           0
    0.703526           0           0
    0.726593           0           0
    0.749659           0           0
    0.772725           0           0
    0.795792           0           0
    0.818858           0           0
    0.841925           0           0
    0.864991           0           0
    0.888058 8.18228e-05 2.41561e-05
    0.911124  0.00419756 0.000195273
     0.93419    0.063566  0.00107616
    0.957257    0.395305  0.00125435
    0.980323     1.35877  0.00408091
     1.00339     3.01522   0.0056132
     1.02646     4.85657  0.00625507
     1.04952     6.14812  0.00645854
     1.07259      6.4894  0.00764616
     1.09566     5.95304   0.0067988
     1.11872     4.83902  0.00653683
     1.14179      3.5875  0.00706825
     1.16485     2.43413  0.00438208
     1.18792     1.52816  0.00401867
     1.21099    0.886439   0.0026062
     1.23405    0.476547  0.00229538
     1.25712    0.241614  0.00193266
     1.28019    0.119448  0.00124886
     1.30325   0.0666532  0.00118971
     1.32632   0.0565061  0.00102671
     1.34939   0.0816545  0.00131971
     1.37245    0.142314  0.00234498
     1.39552     0.24816  0.00250291
     1.41859    0.405551  0.00252104
     1.44165    0.611677  0.00224236
     1.46472    0.842187  0.00187016
     1.48778     1.05843  0.00251129
     1.51085     1.21841    0.004099
     1.53392     1.28426  0.00431744
     1.55698     1.23354  0.00435417
     1.58005     1.07346  0.00362741
     1.60312    0.854868  0.00220205
     1.62618    0.621364  0.00200042
     1.64925    0.427157  0.00168445
     1.67232     0.29733  0.00213841
     1.69538    0.261639  0.00267323
     1.71845    0.345684  0.00299341
     1.74152    0.586621  0.00361151
     1.76458     1.01356   0.0038836
     1.78765     1.60647  0.00293949
     1.81071     2.30474  0.00289059
     1.83378     2.97218  0.00361152
     1.85685     3.44754  0.00521739
     1.87991     3.59319  0.00541659
     1.90298     3.39341  0.00602005
     1.92605     2.89507  0.00410897
     1.94911     2.24867  0.00310941
     1.97218     1.61177  0.00213604
     1.99525     1.08202  0.00236779
     2.01831    0.734326  0.00328505
     2.04138    0.590286   0.0032921
     2.06445    0.628598  0.00295123
     2.08751    0.791551  0.00279356
     2.11058     1.01132   0.0017264
     2.13364     1.21318  0.00172016
     2.15671     1.33183  0.00240928
     2.17978     1.33383  0.00362847
     2.20284     1.22763    0.002721
     2.22591     1.05377  0.00223223
     2.24898    0.881373  0.00217822
     2.27204     0.77254  0.00308286
     2.29511    0.776069  0.00390241
