0  9.54773022  0
1  9.54842304  0.000489892617
2  9.54812113  0.000409178705
3  9.52995913  0.0157317464
4  9.54314604  0.0172484154
5  9.53903166  0.014856294
6  9.5374377  0.01281919
7  9.53985573  0.0114425694
8  9.54769393  0.0125723406
9  9.54467413  0.0116721407
10  9.53905759  0.0118857867
11  9.5331387  0.0122809399
12  9.5403809  0.0133013364
13  9.53811515  0.0125427302
14  9.53791816  0.011708095
15  9.53264128  0.0121072348
16  9.53591894  0.0118303895
17  9.53413081  0.0113074737
18  9.53508806  0.0107527863
19  9.5321924  0.0105978706
20  9.53170574  0.0101043776
21  9.53104232  0.0096668421
22  9.53039205  0.00926838986
23  9.53136907  0.00893355441
24  9.52801079  0.00918577116
25  9.53081041  0.00924926972
26  9.52816227  0.0092780531
27  9.52770295  0.00895805665
28  9.52786228  0.00865057494
29  9.52773291  0.00836318966
30  9.52683703  0.00814125281
31  9.52815453  0.00799273367
32  9.52772702  0.00776195446
33  9.52804608  0.00754021671
34  9.52763988  0.00733571522
35  9.52740136  0.00713582194
36  9.52795619  0.00696449797
37  9.5279917  0.00678131223
38  9.52691541  0.00669229858
39  9.52741571  0.00654366545
40  9.52764886  0.00638821585
41  9.52815076  0.0062558011
42  9.52630106  0.00637791558
43  9.52552823  0.00627961199
44  9.5254884  0.00614019138
45  9.52567662  0.00600959318
46  9.52475058  0.00595264935
47  9.52504995  0.00583615869
48  9.52422038  0.0057757108
49  9.52579272  0.00587031675
50  9.52588983  0.00575601571
51  9.52619035  0.00565316237
52  9.52593013  0.00555248473
53  9.52545011  0.0054703707
54  9.52536998  0.00537149619
55  9.52663181  0.00542176006
56  9.52620339  0.00534354112
57  9.5257865  0.00526764859
58  9.52614361  0.00519045739
59  9.52563475  0.0051288332
60  9.52511586  0.00507093414
61  9.52554528  0.00500729436
62  9.52689443  0.00510633362
63  9.52643582  0.0050470993
64  9.52682129  0.00498414961
65  9.52633155  0.00493263336
66  9.52641889  0.004859785
67  9.52592683  0.0048131633
68  9.52653957  0.00478225052
69  9.52700076  0.00473611833
70  9.52645491  0.00470076186
71  9.52678975  0.00464738363
72  9.52666953  0.0045852757
73  9.52690873  0.00452954738
74  9.52689233  0.00446918311
75  9.52765537  0.00447504361
76  9.52754151  0.00441837458
77  9.52693734  0.00440284201
78  9.52662377  0.00435826202
79  9.52679896  0.00430730341
80  9.52641869  0.00427087995
81  9.52679207  0.00423508602
82  9.52648435  0.00419522513
83  9.52653583  0.00414559776
84  9.52689276  0.00411216281
85  9.52701374  0.00406612624
86  9.52675297  0.00402774207
87  9.52677904  0.00398205661
88  9.52675121  0.00393741165
89  9.52665239  0.00389490243
90  9.52684217  0.00385672216
91  9.52708711  0.0038225715
92  9.5271355  0.00378177485
93  9.5271997  0.00374208796
94  9.52712223  0.00370349933
95  9.52713171  0.00366493334
96  9.52712825  0.00362715215
97  9.52663752  0.00362318404
98  9.5270013  0.00360480165
99  9.52687665  0.00357090797
