           1       7.583       7.583           0
           2     7.69022     7.63661   0.0536078
           3     7.60045     7.62455   0.0332147
           4     7.55227     7.60648   0.0296343
           5      7.5443     7.59405    0.026107
           6     7.49721     7.57791   0.0267371
           7     7.54997     7.57392   0.0229466
           8     7.69284     7.58878    0.024817
           9     7.58727     7.58861   0.0218872
          10      7.6077     7.59052   0.0196694
          11     7.63763      7.5948   0.0182997
          12     7.56615     7.59242   0.0168751
          13     7.55011     7.58916   0.0158602
          14     7.59619     7.58966   0.0146923
          15     7.54464     7.58666   0.0140033
          16     7.57746     7.58609   0.0131115
          17     7.66007     7.59044   0.0130623
          18     7.61641     7.59188   0.0123996
          19     7.57903     7.59121   0.0117483
          20     7.56584     7.58994   0.0112173
