0  171.23
1  171.833
2  171.441
3  171.476
4  171.454
5  171.662
6  171.959
7  171.666
8  171.718
9  172.012
10  171.761
11  171.917
12  171.818
13  171.689
14  171.864
15  171.7
16  171.725
17  171.361
18  171.693
19  170.361
20  171.32
21  170.216
22  170.436
23  171.405
24  171.227
25  170.814
26  170.688
27  170.529
28  170.844
29  171.234
30  171.213
31  170.566
32  170.152
33  170.295
34  170.496
35  171.094
36  171.007
37  169.899
38  170.277
39  170.446
40  170.287
41  170.736
42  171.112
43  169.763
44  169.605
45  169.265
46  170.215
47  170.307
48  169.058
49  169.111
50  170.136
51  169.538
52  169.47
53  169.383
54  169.39
55  169.76
56  169.773
57  169.565
58  170.024
59  169.586
60  169.329
61  169.408
62  169.579
63  169.158
64  169.072
65  169.235
66  169.571
67  169.02
68  169.295
69  169.571
70  169.695
71  169.223
72  168.683
73  169.162
74  168.896
75  168.661
76  168.646
77  169.064
78  168.924
79  168.447
80  168.318
81  167.976
82  168.983
83  168.798
84  168.079
85  168.252
86  169.186
87  169.056
88  168.809
89  168.331
90  168.868
91  168.371
92  168.281
93  168.097
94  167.995
95  168.312
96  167.962
97  167.779
98  167.712
99  167.868
100  167.823
101  168.258
102  168.078
103  168.264
104  167.504
105  167.966
106  168.206
107  167.556
108  167.822
109  167.797
110  168.188
111  167.779
112  167.874
113  167.206
114  167.561
115  167.07
116  167.209
117  167.15
118  166.831
119  167.599
120  167.599
121  166.776
122  167.022
123  167.036
124  166.949
125  166.458
126  167.253
127  166.459
128  167.008
129  167.109
130  166.033
131  166.659
132  167.124
133  166.667
134  166.877
135  166.27
136  166.445
137  167.195
138  166.443
139  166.673
140  166.207
141  165.849
142  165.921
143  166.071
144  166.004
145  166.178
146  167.143
147  166.097
148  165.387
149  165.885
150  164.811
151  165.964
152  166.569
153  165.677
154  165.35
155  165.544
156  164.99
157  166.174
158  166.147
159  165.521
160  165.456
161  165.076
162  165.104
163  165.606
164  165.835
165  165.702
166  165.287
167  165.626
168  166.1
169  165.479
170  165.524
171  165.263
172  164.716
173  164.663
174  165.285
175  165.413
176  164.904
177  164.899
178  164.825
179  164.405
180  164.875
181  165.006
182  164.445
183  164.934
184  164.131
185  164.451
186  163.986
187  163.585
188  164.902
189  164.005
190  164.555
191  164.51
192  164.146
193  164.77
194  163.946
195  164.297
196  163.887
197  162.999
198  163.148
199  163.725
200  164.262
201  163.613
202  163.676
203  163.812
204  163.567
205  163.361
206  163.628
207  164.287
208  163.66
209  164.121
210  164.16
211  164.281
212  164.473
213  162.855
214  163.301
215  163.758
216  163.98
217  164.058
218  163.719
219  163.697
220  162.886
221  163.539
222  163.52
223  163.069
224  163.209
225  163.651
226  163.087
227  162.682
228  162.832
229  163.157
230  163.092
231  162.653
232  162.812
233  162.701
234  162.524
235  162.773
236  162.238
237  162.886
238  162.744
239  162.962
240  162.729
241  162.475
242  162.394
243  162.638
244  162.329
245  162.385
246  162.042
247  161.638
248  161.452
249  161.758
250  162.501
251  162.216
252  162.789
253  161.937
254  161.715
255  161.547
256  161.393
257  161.211
258  161.943
259  161.82
260  161.48
261  161.719
262  161.777
263  161.324
264  161.696
265  161.282
266  161.634
267  161.385
268  161.803
269  161.149
270  161.444
271  161.54
272  162.086
273  161.259
274  161.62
275  161.642
276  161.502
277  161.171
278  161.429
279  161.163
280  160.99
281  160.972
282  160.798
283  161.493
284  160.163
285  161.433
286  160.016
287  160.353
288  160.704
289  160.259
290  160.373
291  160.214
292  160.458
293  161.59
294  160.394
295  160.169
296  160.317
297  160.15
298  160.362
299  159.928
300  160.081
301  160.205
302  160.503
303  159.808
304  159.889
305  160.203
306  159.538
307  160.456
308  160.739
309  159.333
310  160.009
311  159.937
312  159.824
313  159.697
314  160.268
315  160.152
316  159.186
317  159.506
318  158.999
319  159.913
320  159.059
321  159.733
322  159.483
323  158.369
324  160.003
325  159.068
326  159.393
327  159.735
328  158.977
329  159.011
330  158.673
331  158.754
332  159.102
333  159.328
334  159.312
335  158.597
336  158.324
337  158.332
338  158.932
339  158.682
340  158.615
341  158.35
342  158.311
343  159.176
344  158.597
345  158.473
346  158.206
347  158.342
348  158.223
349  158.204
350  158.091
351  158.031
352  158.031
353  157.88
354  156.875
355  157.96
356  158.189
357  158.04
358  158.208
359  157.214
360  157.562
361  157.386
362  157.514
363  157.522
364  158.138
365  157.639
366  157.8
367  157.496
368  157.581
369  157.657
370  158.14
371  158.308
372  158.359
373  157.796
374  158.153
375  157.202
376  158.42
377  157.821
378  156.782
379  157.282
380  156.915
381  156.306
382  157.08
383  157.084
384  156.89
385  156.96
386  157.014
387  156.868
388  157.334
389  157.137
390  156.703
391  156.26
392  156.306
393  156.618
394  156.573
395  156.966
396  157.147
397  156.864
398  157.03
399  156.123
400  156.568
401  157.291
402  156.61
403  156.401
404  155.674
405  156.576
406  156.508
407  155.699
408  156.123
409  155.619
410  155.85
411  155.749
412  156.262
413  156.453
414  155.544
415  155.637
416  156.082
417  155.429
418  155.596
419  155.281
420  155.387
421  155.344
422  155.571
423  155.865
424  155.656
425  155.656
426  155.176
427  155.094
428  155.668
429  155.353
430  155.451
431  155.317
432  155.229
433  154.949
434  155.354
435  155.214
436  155.124
437  155.579
438  155.357
439  155.69
440  154.036
441  154.389
442  155.337
443  154.955
444  155.141
445  154.66
446  154.605
447  153.793
448  153.96
449  154.038
450  154.113
451  153.782
452  154.115
453  154.186
454  154.038
455  153.681
456  153.841
457  154.559
458  154.175
459  154.246
460  153.698
461  153.115
462  153.56
463  153.749
464  153.394
465  153.482
466  153.691
467  153.826
468  153.948
469  154.247
470  153.899
471  153.925
472  153.408
473  153.216
474  153.461
475  153.313
476  153.115
477  153.289
478  152.451
479  153.242
480  153.596
481  152.181
482  152.41
483  152.856
484  152.421
485  152.89
486  152.822
487  152.631
488  152.975
489  153.194
490  153.587
491  153.174
492  152.769
493  152.517
494  152.479
495  152.572
496  152.496
497  152.357
498  152.125
499  151.918
500  151.996
501  152.269
502  151.926
503  151.943
504  152.085
505  151.948
506  151.572
507  151.293
508  152.397
509  152.046
510  152.222
511  152.13
512  152.102
513  151.753
514  151.642
515  151.224
516  151.163
517  152.137
518  151.964
519  150.793
520  150.76
521  150.799
522  151.286
523  151.252
524  150.797
525  151.334
526  151.082
527  151.047
528  151.292
529  151.191
530  151.362
531  150.998
532  150.739
533  150.542
534  151.317
535  151.027
536  150.645
537  151.125
538  150.836
539  150.234
540  150.178
541  150.431
542  150.452
543  150.431
544  149.8
545  150.152
546  150.44
547  149.705
548  150.896
549  150.698
550  150.38
551  150.746
552  149.367
553  150.203
554  150.447
555  149.443
556  149.992
557  150.008
558  149.947
559  149.959
560  149.406
561  149.038
562  149.765
563  149.614
564  148.6
565  149.334
566  149.763
567  149.624
568  148.691
569  148.641
570  148.663
571  148.908
572  149.362
573  148.861
574  148.155
575  147.839
576  149.235
577  148.921
578  148.61
579  148.442
580  148.221
581  148.717
582  148.8
583  148.804
584  148.599
585  148.571
586  149.281
587  148.457
588  148.514
589  148.767
590  148.723
591  148.871
592  148.764
593  147.417
594  149.165
595  147.807
596  148.256
597  147.379
598  147.748
599  147.973
600  148.517
601  148.485
602  148.049
603  148.465
604  147.22
605  147.752
606  146.917
607  147.296
608  146.562
609  147.136
610  146.848
611  147.245
612  148.008
613  146.962
614  147.553
615  146.937
616  146.378
617  146.709
618  146.813
619  146.464
620  147.043
621  146.883
622  146.163
623  145.9
624  145.998
625  146.442
626  146.743
627  146.474
628  146.773
629  146.11
630  146.438
631  146.86
632  145.978
633  145.735
634  146.022
635  146.651
636  145.387
637  145.199
638  145.615
639  145.917
640  145.538
641  145.78
642  145.111
643  145.019
644  144.811
645  145.104
646  144.477
647  144.405
648  145.745
649  145.12
650  145.865
651  145.224
652  145.455
653  144.647
654  145.219
655  144.892
656  144.867
657  144.466
658  144.542
659  144.174
660  144.936
661  144.301
662  143.613
663  144.255
664  144.328
665  143.71
666  144.53
667  144.445
668  143.597
669  143.572
670  144.083
671  143.866
672  142.903
673  142.313
674  143.446
675  143.944
676  142.841
677  142.859
678  143.336
679  143.142
680  143.066
681  143.015
682  143.942
683  143.177
684  142.891
685  142.584
686  142.339
687  142.559
688  142.286
689  141.985
690  142.602
691  142.752
692  143.189
693  142.948
694  142.813
695  142.916
696  141.299
697  141.529
698  142.242
699  141.997
700  142.79
701  141.994
702  142.782
703  141.928
704  142.677
705  142.707
706  142.086
707  142.108
708  142.656
709  141.744
710  141.569
711  141.312
712  140.881
713  141.11
714  141.178
715  141.559
716  141.482
717  141.659
718  141.214
719  141.776
720  141.856
721  141.179
722  141.514
723  140.926
724  141.102
725  141.399
726  139.956
727  140.289
728  140.199
729  140.07
730  140.093
731  139.899
732  140.531
733  139.666
734  139.737
735  139.67
736  140.945
737  140.361
738  139.792
739  140.626
740  139.543
741  138.992
742  140.224
743  140.785
744  140.704
745  140.569
746  140.063
747  140.341
748  140.285
749  139.838
750  140.129
751  139.736
752  139.393
753  139.597
754  139.559
755  139.504
756  138.985
757  139.578
758  138.818
759  139.017
760  138.791
761  139.017
762  139.044
763  138.599
764  139.249
765  138.363
766  139.012
767  139.903
768  138.487
769  138.787
770  139.816
771  139.091
772  139.326
773  138.487
774  138.98
775  138.899
776  139.317
777  139.203
778  138.969
779  138.903
780  138.94
781  138.131
782  138.426
783  138.681
784  138.06
785  138.629
786  138.049
787  137.555
788  138.232
789  137.38
790  138.021
791  137.154
792  137.496
793  137.355
794  137.91
795  136.805
796  136.954
797  136.845
798  136.768
799  136.898
800  136.799
801  136.122
802  136.695
803  137.238
804  136.781
805  136.433
806  136.755
807  137.214
808  136.03
809  135.747
810  136.382
811  136.467
812  136.153
813  136.883
814  136.54
815  136.135
816  136.173
817  137.006
818  137.327
819  135.346
820  134.871
821  136.259
822  136.338
823  136.169
824  135.784
825  136.047
826  135.702
827  136.101
828  136.115
829  135.224
830  136.082
831  136.298
832  135.656
833  135.468
834  135.522
835  135.858
836  135.891
837  135.258
838  134.112
839  135.453
840  135.386
841  134.944
842  135.188
843  134.647
844  135.44
845  134.889
846  135.18
847  135.184
848  135.604
849  134.918
850  135.273
851  134.712
852  135.183
853  135.422
854  135.167
855  135.302
856  134.903
857  135.517
858  134.493
859  135.574
860  134.085
861  134.416
862  133.854
863  134.813
864  134.169
865  134.205
866  134.736
867  134.592
868  134.393
869  133.937
870  135.33
871  134.041
872  135.101
873  134.394
874  133.916
875  134.501
876  133.456
877  134.385
878  134.543
879  133.976
880  133.883
881  133.28
882  133.192
883  133.319
884  133.701
885  133.41
886  132.771
887  132.898
888  132.572
889  133.3
890  132.862
891  132.827
892  132.935
893  132.922
894  132.422
895  133.378
896  132.783
897  132.776
898  132.437
899  133.697
900  132.673
901  132.655
902  132.957
903  133.052
904  132.922
905  132.637
906  133.188
907  132.671
908  132.589
909  132.56
910  132.535
911  132.336
912  132.842
913  131.174
914  132.839
915  131.799
916  131.959
917  132.215
918  131.29
919  131.717
920  131.554
921  131.569
922  131.133
923  131.807
924  131.495
925  131.892
926  131.596
927  131.425
928  131.56
929  132.018
930  131.296
931  130.928
932  131.212
933  131.126
934  131.338
935  130.997
936  130.591
937  130.427
938  131.07
939  130.687
940  130.941
941  130.777
942  131.304
943  130.519
944  130.149
945  130.628
946  129.717
947  129.914
948  130.153
949  129.534
950  129.935
951  130.434
952  130.866
953  130.353
954  130.792
955  129.971
956  129.709
957  129.638
958  130.012
959  130.182
960  129.901
961  130.34
962  129.679
963  129.884
964  129.126
965  129.995
966  129.545
967  129.493
968  129.061
969  130.405
970  129.646
971  129.508
972  128.913
973  128.409
974  129.072
975  129.465
976  129.339
977  129.234
978  129.51
979  129.232
980  128.936
981  129.928
982  128.87
983  129.138
984  129.176
985  129.009
986  128.82
987  129.246
988  129.23
989  129.962
990  128.049
991  128.334
992  128.857
993  128.692
994  128.222
995  128.051
996  128.85
997  128.225
998  128.166
999  128.423
1000  128.348
1001  128.586
1002  127.799
1003  127.783
1004  127.956
1005  127.72
1006  128.096
1007  127.699
1008  127.748
1009  127.853
1010  127.676
1011  127.755
1012  127.24
1013  127.607
1014  128.176
1015  127.597
1016  127.118
1017  127.825
1018  127.142
1019  128.109
1020  126.261
1021  127.09
1022  126.472
1023  126.081
1024  126.695
1025  126.965
1026  126.694
1027  125.739
1028  126.91
1029  127.037
1030  126.772
1031  126.909
1032  127.239
1033  127.111
1034  127.147
1035  127.384
1036  126.475
1037  126.666
1038  126.685
1039  126.425
1040  126.931
1041  126.931
1042  126.618
1043  126.395
1044  126.117
1045  127.314
1046  126.426
1047  126.066
1048  126.225
1049  126.291
1050  126.174
1051  125.154
1052  125.946
1053  125.623
1054  125.92
1055  126.013
1056  126.377
1057  126.017
1058  125.448
1059  125.539
1060  125.993
1061  125.392
1062  125.074
1063  125.752
1064  126.153
1065  126.448
1066  125.708
1067  126.102
1068  125.667
1069  125.662
1070  125.264
1071  124.836
1072  124.526
1073  124.534
1074  124.92
1075  125.074
1076  124.862
1077  124.86
1078  124.576
1079  124.244
1080  124.701
1081  124.625
1082  124.654
1083  124.265
1084  124.4
1085  124.55
1086  124.395
1087  124.287
1088  124.719
1089  125.05
1090  124.45
1091  124.284
1092  124.096
1093  124.459
1094  124.269
1095  124.385
1096  124.961
1097  124.52
1098  124.259
1099  123.757
1100  124.605
1101  124.102
1102  124.526
1103  124.574
1104  124.014
1105  124.31
1106  123.45
1107  124.371
1108  124.577
1109  124.613
1110  122.627
1111  124.425
1112  123.52
1113  123.555
1114  123.354
1115  123.289
1116  123.441
1117  123.461
1118  123.059
1119  123.9
1120  123.024
1121  123.07
1122  123.102
1123  123.48
1124  122.974
1125  122.513
1126  122.861
1127  122.835
1128  123.32
1129  122.953
1130  122.962
1131  122.48
1132  122.357
1133  121.996
1134  122.664
1135  122.523
1136  122.513
1137  121.991
1138  121.903
1139  123.245
1140  123.125
1141  122.33
1142  121.46
1143  121.329
1144  121.38
1145  122.25
1146  122.485
1147  122.62
1148  122.48
1149  122.09
1150  121.873
1151  122.717
1152  122.257
1153  121.946
1154  122.15
1155  122.343
1156  122.361
1157  121.735
1158  121.602
1159  121.985
1160  121.701
1161  121.455
1162  121.645
1163  121.16
1164  120.906
1165  120.795
1166  121.326
1167  121.167
1168  121.054
1169  121.144
1170  121.747
1171  120.869
1172  121.28
1173  120.867
1174  120.815
1175  121.395
1176  121.463
1177  121.33
1178  120.825
1179  120.924
1180  120.642
1181  120.082
1182  120.161
1183  120.842
1184  121.861
1185  120.721
1186  121.269
1187  121.345
1188  120.741
1189  121.241
1190  120.953
1191  120.801
1192  120.615
1193  120.885
1194  120.981
1195  120.747
1196  121.475
1197  120.919
1198  120.36
1199  120.207
1200  119.897
1201  119.865
1202  119.687
1203  120.648
1204  120.096
1205  119.077
1206  119.262
1207  119.076
1208  119.212
1209  119.359
1210  119.319
1211  119.276
1212  119.376
1213  119.06
1214  119.364
1215  118.971
1216  119
1217  118.794
1218  119.191
1219  119.392
1220  119.291
1221  119.668
1222  118.891
1223  119.633
1224  119.637
1225  119.39
1226  119.911
1227  119.635
1228  119.314
1229  118.973
1230  118.827
1231  118.931
1232  118.726
1233  118.983
1234  119.412
1235  119.572
1236  119.214
1237  118.763
1238  118.692
1239  118.569
1240  118.95
1241  119.155
1242  118.857
1243  118.797
1244  118.517
1245  118.5
1246  118.393
1247  118.905
1248  118.423
1249  118.32
1250  118.264
1251  118.591
1252  118.929
1253  118.434
1254  118.11
1255  118.466
1256  118.271
1257  117.948
1258  118.076
1259  118.029
1260  117.685
1261  117.724
1262  117.371
1263  117.517
1264  117.956
1265  117.908
1266  117.386
1267  117.491
1268  117.302
1269  117.512
1270  117.722
1271  117.328
1272  117.621
1273  116.717
1274  117.082
1275  117.194
1276  117.397
1277  117.905
1278  118.196
1279  118.11
1280  117.569
1281  117.578
1282  117.329
1283  117.07
1284  117.393
1285  117.214
1286  117.482
1287  116.332
1288  116.571
1289  117.165
1290  116.945
1291  116.959
1292  116.785
1293  117.042
1294  116.296
1295  116.572
1296  116.492
1297  117.7
1298  117.532
1299  117.613
1300  116.651
1301  117.364
1302  116.498
1303  116.538
1304  116.58
1305  116.062
1306  116.252
1307  115.941
1308  116.453
1309  116.452
1310  115.818
1311  116.101
1312  116.108
1313  116.723
1314  116.314
1315  115.463
1316  115.978
1317  115.934
1318  116.024
1319  115.839
1320  115.94
1321  116.256
1322  116.117
1323  115.801
1324  116.305
1325  115.92
1326  115.968
1327  116.141
1328  116.047
1329  115.014
1330  114.865
1331  115.438
1332  114.657
1333  114.871
1334  115.368
1335  114.574
1336  114.655
1337  115.199
1338  115.266
1339  114.811
1340  115.045
1341  115.246
1342  115.122
1343  114.609
1344  114.615
1345  114.686
1346  114.941
1347  114.983
1348  114.746
1349  115.26
1350  115.069
1351  114.788
1352  114.179
1353  114.868
1354  114.151
1355  114.482
1356  114.483
1357  114.674
1358  114.717
1359  114.262
1360  114.587
1361  114.913
1362  114.635
1363  114.838
1364  114.858
1365  114.763
1366  114.789
1367  114.997
1368  114.464
1369  114.112
1370  114.235
1371  114.224
1372  114.006
1373  113.836
1374  114.825
1375  113.584
1376  113.531
1377  114.114
1378  114.251
1379  113.092
1380  113.386
1381  113.48
1382  114.189
1383  114.052
1384  114.304
1385  113.734
1386  114.258
1387  113.743
1388  113.381
1389  113.396
1390  113.703
1391  113.764
1392  113.322
1393  113.482
1394  113.751
1395  112.589
1396  113.407
1397  113.39
1398  113.534
1399  113.311
1400  112.981
1401  112.548
1402  113.277
1403  113.277
1404  113.212
1405  113.286
1406  113.044
1407  113.508
1408  112.963
1409  112.801
1410  113.084
1411  113.437
1412  112.895
1413  112.97
1414  112.762
1415  112.587
1416  112.314
1417  112.612
1418  112.985
1419  113.021
1420  112.848
1421  112.94
1422  112.759
1423  112.61
1424  112.632
1425  112.357
1426  112.481
1427  112.772
1428  112.495
1429  112.467
1430  112.782
1431  111.795
1432  112.053
1433  112.361
1434  111.854
1435  111.87
1436  112.106
1437  112.235
1438  112.065
1439  111.885
1440  111.885
1441  112.137
1442  111.707
1443  111.698
1444  112.069
1445  112.126
1446  111.847
1447  111.999
1448  111.683
1449  111.842
1450  111.349
1451  111.548
1452  111.618
1453  111.588
1454  111.758
1455  111.799
1456  111.385
1457  111.763
1458  111.228
1459  111.311
1460  111.233
1461  111.442
1462  111.254
1463  111.313
1464  111.813
1465  110.953
1466  111.212
1467  111.131
1468  110.862
1469  110.919
1470  111.081
1471  111.197
1472  111.064
1473  110.705
1474  111.051
1475  110.853
1476  110.486
1477  110.697
1478  110.608
1479  110.655
1480  110.307
1481  110.334
1482  110.249
1483  110.007
1484  109.992
1485  110.695
1486  110.598
1487  110.557
1488  110.412
1489  110.83
1490  110.852
1491  110.762
1492  110.762
1493  110.769
1494  110.879
1495  110.482
1496  110.418
1497  110.019
1498  110.347
1499  110.202
1500  110.18
1501  110.45
1502  110.281
1503  110.354
1504  109.738
1505  110.121
1506  110.266
1507  110.338
1508  110.758
1509  109.723
1510  110.475
1511  110.338
1512  110.335
1513  110.227
1514  109.804
1515  110.167
1516  110.136
1517  109.651
1518  109.903
1519  109.689
1520  109.883
1521  109.973
1522  109.255
1523  109.564
1524  109.695
1525  109.539
1526  109.377
1527  109.604
1528  109.454
1529  109.554
1530  109.342
1531  109.211
1532  109.004
1533  109.33
1534  109.001
1535  108.975
1536  108.78
1537  108.712
1538  109.166
1539  109.166
1540  109.236
1541  109.333
1542  109.046
1543  109.339
1544  109.092
1545  108.99
1546  108.705
1547  108.925
1548  108.961
1549  108.825
1550  108.723
1551  109.146
1552  109.059
1553  108.727
1554  108.539
1555  108.579
1556  108.854
1557  109.053
1558  108.962
1559  109.075
1560  108.856
1561  108.973
1562  108.963
1563  108.452
1564  108.602
1565  108.309
1566  108.439
1567  108.79
1568  108.101
1569  108.077
1570  108.493
1571  108.028
1572  108.098
1573  108.189
1574  108.666
1575  108.6
1576  108.064
1577  108.391
1578  108.024
1579  107.972
1580  107.959
1581  108.007
1582  108.061
1583  107.689
1584  108.118
1585  107.583
1586  107.689
1587  108.137
1588  107.763
1589  107.71
1590  107.562
1591  107.73
1592  108.119
1593  107.818
1594  108.044
1595  107.652
1596  107.573
1597  107.399
1598  107.898
1599  107.767
1600  107.692
1601  107.788
1602  107.48
1603  107.709
1604  107.408
1605  107.317
1606  107.141
1607  107.582
1608  107.371
1609  107.651
1610  107.333
1611  107.478
1612  107.477
1613  107.642
1614  107.437
1615  107.477
1616  107.331
1617  107.529
1618  107.842
1619  107.086
1620  106.995
1621  107.052
1622  106.99
1623  107.378
1624  107.495
1625  107.005
1626  107.081
1627  107.293
1628  107.342
1629  107.162
1630  107.058
1631  107.34
1632  107.002
1633  107.179
1634  107.179
1635  107.165
1636  107.076
1637  106.634
1638  106.836
1639  106.803
1640  107.019
1641  106.594
1642  106.474
1643  106.365
1644  106.864
1645  106.763
1646  106.575
1647  106.298
1648  106.686
1649  106.734
1650  106.535
1651  106.687
1652  106.549
1653  106.522
1654  106.678
1655  106.363
1656  106.59
1657  106.167
1658  106.424
1659  106.286
1660  106.502
1661  106.515
1662  106.199
1663  106.397
1664  106.296
1665  105.972
1666  106.71
1667  106.563
1668  106.353
1669  106.193
1670  106.081
1671  105.805
1672  105.997
1673  106.176
1674  105.907
1675  106.076
1676  106.039
1677  106.277
1678  105.974
1679  106.165
1680  105.957
1681  105.659
1682  105.793
1683  105.787
1684  105.989
1685  106.047
1686  105.549
1687  105.978
1688  105.756
1689  105.782
1690  105.964
1691  105.642
1692  105.899
1693  105.896
1694  105.572
1695  106.058
1696  106.084
1697  105.845
1698  105.68
1699  105.671
1700  105.796
1701  105.8
1702  105.536
1703  105.466
1704  105.279
1705  105.773
1706  105.476
1707  105.476
1708  105.213
1709  105.466
1710  104.886
1711  105.06
1712  105.265
1713  105.378
1714  105.366
1715  105.257
1716  105.14
1717  105.219
1718  104.703
1719  105.257
1720  104.961
1721  104.651
1722  105.372
1723  105.387
1724  105.215
1725  105.214
1726  104.794
1727  104.78
1728  104.823
1729  104.966
1730  104.965
1731  104.686
1732  104.883
1733  104.781
1734  104.698
1735  104.902
1736  104.562
1737  105.158
1738  104.784
1739  104.77
1740  104.711
1741  104.756
1742  104.426
1743  104.671
1744  104.437
1745  104.532
1746  104.157
1747  104.24
1748  104.42
1749  104.225
1750  104.089
1751  104.579
1752  104.44
1753  104.752
1754  104.496
1755  104.147
1756  104.09
1757  104.196
1758  104.285
1759  103.943
1760  104.095
1761  104.355
1762  104.378
1763  104.434
1764  104.389
1765  104.396
1766  104.151
1767  104.067
1768  104.087
1769  103.671
1770  104.064
1771  104.113
1772  103.981
1773  104.034
1774  103.815
1775  103.784
1776  104.124
1777  103.95
1778  103.611
1779  103.622
1780  103.598
1781  103.523
1782  103.809
1783  103.99
1784  104.003
1785  103.979
1786  103.819
1787  103.851
1788  103.757
1789  103.7
1790  103.838
1791  103.859
1792  103.633
1793  103.899
1794  103.902
1795  103.763
1796  103.996
1797  103.626
1798  103.854
1799  103.802
1800  103.833
1801  103.351
1802  103.378
1803  103.404
1804  103.573
1805  103.323
1806  103.686
1807  103.481
1808  103.465
1809  103.545
1810  103.265
1811  103.515
1812  103.489
1813  103.289
1814  103.292
1815  103.228
1816  103.42
1817  103.406
1818  103.113
1819  103.36
1820  103.25
1821  103.067
1822  103.061
1823  103.034
1824  103.206
1825  103.136
1826  103.189
1827  103.124
1828  103.311
1829  102.716
1830  103.171
1831  103.102
1832  103.253
1833  102.766
1834  102.659
1835  103.131
1836  102.585
1837  102.796
1838  102.753
1839  102.629
1840  102.821
1841  102.915
1842  102.603
1843  102.497
1844  102.819
1845  102.427
1846  102.373
1847  102.878
1848  102.872
1849  102.885
1850  102.349
1851  103.117
1852  102.37
1853  102.438
1854  102.633
1855  102.25
1856  102.595
1857  103.089
1858  102.609
1859  102.705
1860  102.745
1861  102.723
1862  102.41
1863  102.401
1864  102.429
1865  102.376
1866  102.47
1867  102.542
1868  102.507
1869  102.318
1870  102.336
1871  102.443
1872  102.384
1873  102.381
1874  102.187
1875  102.582
1876  102.193
1877  102.145
1878  102.258
1879  102.009
1880  102.268
1881  102.266
1882  102.257
1883  102.358
1884  102.039
1885  102.01
1886  102.236
1887  101.94
1888  101.992
1889  101.79
1890  101.985
1891  101.944
1892  102.117
1893  102.074
1894  102.14
1895  102.088
1896  102.078
1897  101.907
1898  101.856
1899  101.911
1900  101.953
1901  101.698
1902  101.704
1903  102.041
1904  101.701
1905  101.483
1906  101.506
1907  101.321
1908  101.699
1909  101.319
1910  101.542
1911  101.627
1912  101.425
1913  101.356
1914  101.235
1915  101.515
1916  101.393
1917  101.294
1918  101.379
1919  101.376
1920  101.293
1921  101.114
1922  101.45
1923  101.18
1924  101.465
1925  101.194
1926  101.22
1927  101.203
1928  101.392
1929  101.072
1930  101.142
1931  101.218
1932  100.879
1933  101.372
1934  100.983
1935  101.038
1936  101.132
1937  101.235
1938  101.075
1939  100.903
1940  100.9
1941  100.704
1942  100.924
1943  101.1
1944  100.887
1945  100.902
1946  101.014
1947  101.087
1948  100.964
1949  100.747
1950  100.596
1951  100.601
1952  100.651
1953  100.927
1954  100.773
1955  100.805
1956  100.875
1957  100.625
1958  100.709
1959  100.614
1960  100.566
1961  100.711
1962  100.638
1963  100.512
1964  100.753
1965  100.452
1966  100.408
1967  100.713
1968  100.567
1969  100.491
1970  100.334
1971  100.604
1972  100.544
1973  100.581
1974  100.537
1975  100.683
1976  100.437
1977  100.209
1978  100.253
1979  100.323
1980  100.17
1981  100.297
1982  100.092
1983  100.248
1984  100.167
1985  100.19
1986  100.648
1987  100.42
1988  100.419
1989  100.318
1990  100.081
1991  100.114
1992  100.297
1993  100.155
1994  100.056
1995  99.8004
1996  99.7579
1997  99.6039
1998  99.8288
1999  99.7005
2000  99.9291
2001  99.7204
2002  100.123
2003  99.9719
2004  99.7506
2005  99.6759
2006  100.147
2007  100.009
2008  99.9155
2009  99.7703
2010  99.825
2011  99.4263
2012  99.9609
2013  99.3942
2014  100.084
2015  100.128
2016  99.8614
2017  99.4623
2018  99.4419
2019  99.7327
2020  99.8782
2021  99.6879
2022  99.6385
2023  99.8481
2024  99.4574
2025  99.5365
2026  99.7873
2027  99.3061
2028  99.5191
2029  99.8265
2030  99.5292
2031  99.7796
2032  99.3856
2033  99.585
2034  99.4875
2035  99.4238
2036  99.6071
2037  99.4662
2038  99.6328
2039  99.7493
2040  99.6731
2041  99.6645
2042  99.1827
2043  99.3993
2044  99.3675
2045  99.1976
2046  99.5536
2047  99.4529
2048  99.5325
2049  99.4487
2050  99.1833
2051  99.267
2052  99.2168
2053  99.1212
2054  99.1856
2055  99.208
2056  99.1856
2057  99.4149
2058  99.0822
2059  99.2451
2060  99.4846
2061  98.8324
2062  99.0689
2063  98.989
2064  98.9204
2065  98.9032
2066  99.0412
2067  98.9171
2068  98.8848
2069  98.8052
2070  98.8243
2071  99.2829
2072  99.2472
2073  98.6115
2074  98.9733
2075  98.9732
2076  98.8972
2077  98.7343
2078  98.85
2079  99.021
2080  98.6868
2081  98.5391
2082  98.4988
2083  98.9101
2084  98.9566
2085  98.6123
2086  98.7138
2087  98.4335
2088  98.7465
2089  98.7633
2090  98.2234
2091  98.6143
2092  98.5512
2093  98.3803
2094  98.4991
2095  98.7423
2096  98.5199
2097  98.7787
2098  98.5849
2099  98.4748
2100  98.578
2101  98.7173
2102  98.3992
2103  98.2445
2104  98.3612
2105  98.3069
2106  98.5001
2107  98.3957
2108  98.2974
2109  98.059
2110  98.1276
2111  98.1949
2112  98.2484
2113  98.1616
2114  98.2105
2115  98.5389
2116  98.5761
2117  98.7084
2118  98.1318
2119  98.3327
2120  98.3892
2121  98.2603
2122  98.3376
2123  98.2259
2124  98.1086
2125  98.1315
2126  98.3339
2127  98.1232
2128  98.2453
2129  98.2494
2130  98.2993
2131  97.9633
2132  98.2413
2133  97.8562
2134  97.8476
2135  98.1417
2136  98.2663
2137  98.0188
2138  98.0747
2139  98.0836
2140  98.0797
2141  98.0771
2142  98.1048
2143  98.1827
2144  98.0051
2145  98.0496
2146  97.5856
2147  97.5883
2148  97.8576
2149  97.8026
2150  97.8202
2151  97.7644
2152  97.629
2153  97.5091
2154  97.8979
2155  97.6381
2156  97.3358
2157  97.4323
2158  97.405
2159  97.5158
2160  97.6487
2161  97.6047
2162  97.7269
2163  97.4839
2164  97.568
2165  97.633
2166  97.7275
2167  97.7283
2168  97.6465
2169  97.6107
2170  97.5574
2171  97.5445
2172  97.6225
2173  97.4459
2174  97.4449
2175  97.2478
2176  97.6539
2177  97.2275
2178  97.0851
2179  97.2304
2180  97.1809
2181  97.3492
2182  97.2912
2183  97.3111
2184  97.2247
2185  96.848
2186  97.3454
2187  97.014
2188  96.9233
2189  97.1202
2190  96.8617
2191  96.7043
2192  97.116
2193  96.8601
2194  97.2448
2195  97.356
2196  96.7923
2197  96.8823
2198  96.8927
2199  96.9928
2200  97.0145
2201  97.1563
2202  97.0365
2203  96.8996
2204  96.906
2205  96.7313
2206  96.6962
2207  96.8578
2208  96.7466
2209  96.708
2210  97.0147
2211  96.6539
2212  96.8525
2213  96.8928
2214  96.895
2215  96.6981
2216  96.5777
2217  96.4958
2218  96.5993
2219  96.5509
2220  96.7048
2221  96.7418
2222  96.5822
2223  96.6267
2224  96.9288
2225  96.5847
2226  96.6291
2227  96.7242
2228  96.703
2229  96.6923
2230  96.7431
2231  96.5367
2232  96.6096
2233  96.6324
2234  96.3658
2235  96.5304
2236  96.5399
2237  96.6074
2238  96.5168
2239  96.6638
2240  96.6207
2241  96.7075
2242  96.1737
2243  96.3178
2244  96.6306
2245  96.3736
2246  96.4304
2247  96.5222
2248  96.2063
2249  96.4794
2250  96.1609
2251  96.1609
2252  96.3114
2253  96.5162
2254  96.2862
2255  96.5042
2256  96.1886
2257  96.2289
2258  96.4024
2259  96.2969
2260  96.3657
2261  96.3073
2262  96.3134
2263  96.2308
2264  96.2925
2265  96.2998
2266  95.9889
2267  96.0436
2268  96.0058
2269  96.1147
2270  95.9315
2271  96.2374
2272  95.8606
2273  96.0562
2274  96.0473
2275  95.9871
2276  95.8595
2277  95.6774
2278  95.6709
2279  95.865
2280  95.7189
2281  95.9796
2282  95.6695
2283  95.8312
2284  95.5825
2285  95.8584
2286  95.846
2287  95.8518
2288  95.6693
2289  95.5693
2290  95.7068
2291  95.7986
2292  95.6798
2293  95.9811
2294  95.8292
2295  95.8911
2296  95.7511
2297  95.5938
2298  95.6512
2299  95.63
2300  95.6174
2301  95.5531
2302  95.4259
2303  95.5624
2304  95.4947
2305  95.6814
2306  95.5889
2307  95.5255
2308  95.2835
2309  95.3161
2310  95.64
2311  95.65
2312  95.3832
2313  95.5195
2314  95.0265
2315  95.3445
2316  95.1691
2317  95.0399
2318  94.8968
2319  95.3811
2320  94.9548
2321  95.2638
2322  94.8324
2323  95.1686
2324  95.4174
2325  95.2011
2326  95.1739
2327  95.0979
2328  95.0649
2329  95.0637
2330  95.1051
2331  94.8173
2332  95.2058
2333  95.0477
2334  95.3832
2335  94.7888
2336  95.3901
2337  95.4008
2338  94.8785
2339  94.9587
2340  94.9102
2341  95.1381
2342  95.1738
2343  95.1238
2344  95.1475
2345  94.9714
2346  95.0858
2347  95.0883
2348  94.9363
2349  94.7442
2350  94.866
2351  95.0223
2352  95.1011
2353  94.7245
2354  94.7245
2355  94.9165
2356  94.6842
2357  94.8183
2358  94.614
2359  94.5685
2360  94.6901
2361  94.611
2362  94.5928
2363  94.6538
2364  94.6155
2365  94.4858
2366  94.4039
2367  94.5142
2368  94.5204
2369  94.5018
2370  94.5641
2371  94.6897
2372  94.429
2373  94.5137
2374  94.5216
2375  94.3204
2376  94.4947
2377  94.4037
2378  94.6239
2379  94.4348
2380  94.7541
2381  94.4667
2382  94.5654
2383  94.4052
2384  94.6109
2385  94.4463
2386  94.5286
2387  94.4958
2388  94.5845
2389  94.33
2390  94.5557
2391  94.5254
2392  94.1656
2393  94.2377
2394  94.1786
2395  94.0616
2396  94.2526
2397  94.2155
2398  94.3069
2399  94.1661
2400  94.4074
2401  94.1919
2402  94.1539
2403  94.1746
2404  94.2472
2405  94.1523
2406  94.0061
2407  94.1194
2408  94.0444
2409  94.0516
2410  94.0875
2411  94.1927
2412  93.95
2413  94.119
2414  93.9907
2415  94.1963
2416  94.2187
2417  94.2924
2418  94.0395
2419  94.068
2420  94.0461
2421  93.8905
2422  93.9173
2423  93.8103
2424  93.9816
2425  93.9624
2426  93.9197
2427  93.923
2428  93.8226
2429  93.8038
2430  93.7723
2431  93.7214
2432  93.9008
2433  93.9666
2434  93.8488
2435  93.866
2436  93.5313
2437  93.5672
2438  93.8045
2439  93.7888
2440  93.8318
2441  93.8268
2442  93.6755
2443  93.6099
2444  93.7942
2445  93.8056
2446  93.8564
2447  93.7596
2448  93.7195
2449  93.6814
2450  93.642
2451  93.7725
2452  93.7235
2453  93.5111
2454  93.7433
2455  93.3824
2456  93.5649
2457  93.4259
2458  93.5102
2459  93.5188
2460  94.0455
2461  94.0157
2462  93.9387
2463  93.5877
2464  93.4355
2465  93.5737
2466  93.3341
2467  93.4941
2468  93.7137
2469  93.5679
2470  93.648
2471  93.3948
2472  93.5598
2473  93.4489
2474  93.466
2475  93.5281
2476  93.6822
2477  93.4155
2478  93.3823
2479  93.3285
2480  93.2675
2481  93.4017
2482  93.6606
2483  93.5593
2484  93.1907
2485  93.2798
2486  93.0297
2487  93.1423
2488  93.2715
2489  93.2732
2490  93.3668
2491  93.3302
2492  93.3302
2493  93.3244
2494  93.2833
2495  93.1221
2496  93.2308
2497  93.0439
2498  93.1727
2499  93.1366
2500  93.3042
2501  93.1147
2502  92.9523
2503  93.2576
2504  93.0313
2505  93.0247
2506  93.5268
2507  93.2089
2508  93.1953
2509  92.9997
2510  92.9389
2511  92.9809
2512  92.9618
2513  93.0987
2514  93.0918
2515  93.0322
2516  92.6622
2517  92.8646
2518  92.8472
2519  92.9806
2520  92.991
2521  93.0276
2522  92.873
2523  92.7761
2524  93.039
2525  92.861
2526  92.8334
2527  92.8871
2528  92.8251
2529  92.7011
2530  92.766
2531  92.8901
2532  92.8994
2533  92.8076
2534  92.6973
2535  92.6575
2536  92.7002
2537  92.6945
2538  92.8232
2539  93.0299
2540  92.8582
2541  92.8999
2542  93.1355
2543  92.744
2544  92.8248
2545  92.9607
2546  92.7175
2547  92.8363
2548  92.6494
2549  92.7713
2550  92.7588
2551  92.882
2552  92.8536
2553  92.5449
2554  92.497
2555  92.4688
2556  92.7838
2557  92.4517
2558  92.4508
2559  92.3614
2560  92.4792
2561  92.3913
2562  92.3028
2563  92.3342
2564  92.4047
2565  92.4807
2566  92.3387
2567  92.4562
2568  92.4667
2569  92.478
2570  92.3962
2571  92.4071
2572  92.3583
2573  92.2906
2574  92.1888
2575  92.3037
2576  92.25
2577  92.2514
2578  92.2382
2579  92.1558
2580  92.3487
2581  92.2017
2582  92.1295
2583  92.1308
2584  92.1686
2585  92.182
2586  92.2101
2587  92.19
2588  92.2637
2589  92.1165
2590  92.2439
2591  92.2114
2592  92.2861
2593  92.2474
2594  92.3369
2595  91.9225
2596  91.9832
2597  92.3509
2598  92.1517
2599  92.3244
2600  92.315
2601  91.8155
2602  91.9548
2603  91.7778
2604  92.0313
2605  91.7945
2606  91.9694
2607  91.9507
2608  91.9649
2609  91.8616
2610  91.916
2611  91.9103
2612  91.9673
2613  91.9611
2614  91.9988
2615  91.9632
2616  91.7501
2617  91.8783
2618  91.8812
2619  91.9252
2620  91.8913
2621  91.4742
2622  91.6383
2623  91.8382
2624  91.7845
2625  91.6929
2626  91.7039
2627  91.8398
2628  91.8398
2629  91.8357
2630  91.8161
2631  91.9218
2632  91.7641
2633  91.904
2634  91.8447
2635  91.6434
2636  91.7454
2637  91.5003
2638  91.7128
2639  91.7128
2640  91.7103
2641  91.7123
2642  91.6582
2643  91.9556
2644  91.6466
2645  91.4493
2646  91.5269
2647  91.4909
2648  91.5838
2649  91.6928
2650  91.5997
2651  91.4126
2652  91.5234
2653  91.5025
2654  91.2691
2655  91.6147
2656  91.2896
2657  91.3704
2658  91.3704
2659  91.4422
2660  91.2693
2661  91.3183
2662  91.3016
2663  91.298
2664  91.242
2665  91.1954
2666  91.3077
2667  91.1308
2668  91.3285
2669  91.321
2670  91.1431
2671  91.1896
2672  91.2022
2673  91.1587
2674  91.199
2675  91.1912
2676  91.191
2677  91.1988
2678  91.2834
2679  91.3158
2680  91.2666
2681  91.1475
2682  91.1345
2683  91.3426
2684  91.2275
2685  91.2053
2686  91.1125
2687  91.1125
2688  91.2847
2689  91.2021
2690  91.2226
2691  91.2009
2692  91.3068
2693  91.2007
2694  91.1363
2695  91.0926
2696  91.0297
2697  91.4224
2698  91.0607
2699  90.7683
2700  91.2365
2701  91.2685
2702  91.223
2703  91.13
2704  91.0258
2705  91.1346
2706  90.9285
2707  90.9743
2708  91.0909
2709  90.9626
2710  91.1133
2711  91.1307
2712  91.0234
2713  91.0059
2714  90.9523
2715  90.9313
2716  90.8924
2717  90.8051
2718  90.7281
2719  90.9855
2720  90.9433
2721  90.9372
2722  90.8361
2723  90.8844
2724  90.8508
2725  90.852
2726  90.9372
2727  91.0008
2728  90.8837
2729  90.7975
2730  90.8837
2731  90.6714
2732  90.8389
2733  90.8523
2734  90.8691
2735  90.8229
2736  90.6446
2737  90.6807
2738  90.7383
2739  90.7403
2740  90.6777
2741  90.6654
2742  90.5277
2743  90.6772
2744  90.5544
2745  90.6451
2746  90.6144
2747  90.6431
2748  90.4466
2749  90.5701
2750  90.6619
2751  90.6567
2752  90.4371
2753  90.7024
2754  90.55
2755  90.6384
2756  90.5693
2757  90.3702
2758  90.427
2759  90.441
2760  90.3434
2761  90.4857
2762  90.4126
2763  90.353
2764  90.3542
2765  90.4468
2766  90.3263
2767  90.3448
2768  90.485
2769  90.2309
2770  90.2414
2771  90.4805
2772  90.0868
2773  90.1518
2774  90.3998
2775  90.3779
2776  90.3657
2777  90.4182
2778  90.4725
2779  90.3239
2780  90.2493
2781  90.3022
2782  90.1818
2783  90.0896
2784  90.1722
2785  90.0972
2786  89.9639
2787  90.208
2788  89.9552
2789  90.1336
2790  90.1484
2791  90.1699
2792  90.2741
2793  90.181
2794  89.9562
2795  90.045
2796  90.1258
2797  90.0835
2798  90.4034
2799  90.1375
2800  90.1273
2801  90.0906
2802  90.0819
2803  90.008
2804  90.0486
2805  90.0683
2806  90.1324
2807  90.0932
2808  90.1831
2809  90.0236
2810  90.117
2811  90.0955
2812  90.061
2813  90.2
2814  90.0322
2815  90.0967
2816  89.914
2817  89.7884
2818  89.6927
2819  89.974
2820  89.7755
2821  89.7998
2822  89.9756
2823  89.848
2824  89.9466
2825  89.771
2826  89.8475
2827  89.8508
2828  89.9616
2829  89.784
2830  89.7256
2831  89.7366
2832  89.7366
2833  89.773
2834  89.6955
2835  89.7753
2836  89.6411
2837  89.6522
2838  89.7693
2839  89.7602
2840  89.6997
2841  89.615
2842  89.6127
2843  89.5912
2844  89.5934
2845  89.6179
2846  89.656
2847  89.7403
2848  89.6089
2849  89.5535
2850  89.7066
2851  89.7062
2852  89.5679
2853  89.652
2854  89.6793
2855  89.6601
2856  89.7178
2857  89.3908
2858  89.4051
2859  89.6382
2860  89.1291
2861  89.4218
2862  89.4394
2863  89.494
2864  89.4942
2865  89.583
2866  89.534
2867  89.6178
2868  89.5815
2869  89.5526
2870  89.5282
2871  89.4456
2872  89.5247
2873  89.5004
2874  89.443
2875  89.5766
2876  89.5349
2877  89.431
2878  89.3668
2879  89.3846
2880  89.6649
2881  89.5369
2882  89.3254
2883  89.252
2884  89.2071
2885  89.343
2886  89.3722
2887  89.3722
2888  89.4075
2889  89.3926
2890  89.2566
2891  89.3021
2892  89.322
2893  89.3544
2894  89.4029
2895  89.1934
2896  89.4629
2897  89.2311
2898  89.0437
2899  89.3225
2900  89.3062
2901  89.1787
2902  89.1787
2903  89.1621
2904  89.0502
2905  88.9856
2906  88.9857
2907  89.0423
2908  89.0479
2909  89.1106
2910  89.1989
2911  89.2961
2912  89.3095
2913  89.3345
2914  89.0342
2915  89.2402
2916  89.1175
2917  88.9097
2918  88.9854
2919  89.0201
2920  88.9566
2921  89.0064
2922  89.091
2923  88.9389
2924  89.0432
2925  89.0565
2926  88.9823
2927  88.9566
2928  88.6924
2929  88.9002
2930  88.9379
2931  88.9418
2932  88.9668
2933  89.0481
2934  89.0312
2935  89.0067
2936  88.8894
2937  88.9092
2938  88.9367
2939  88.9499
2940  88.9114
2941  88.6946
2942  88.8764
2943  88.8747
2944  88.9422
2945  88.8432
2946  88.8837
2947  88.806
2948  88.9778
2949  88.7799
2950  88.7949
2951  88.7969
2952  88.7888
2953  88.7563
2954  88.7781
2955  88.7463
2956  88.6376
2957  88.6803
2958  88.6789
2959  88.6631
2960  88.7375
2961  88.7488
2962  88.8341
2963  88.6377
2964  88.6314
2965  88.5191
2966  88.7774
2967  88.8088
2968  88.4244
2969  88.4338
2970  88.6293
2971  88.5955
2972  88.5623
2973  88.5677
2974  88.5915
2975  88.8157
2976  88.5792
2977  88.5689
2978  88.4673
2979  88.4446
2980  88.4446
2981  88.5608
2982  88.3458
2983  88.5399
2984  88.3545
2985  88.3331
2986  88.4629
2987  88.4355
2988  88.4606
2989  88.5045
2990  88.3651
2991  88.3251
2992  88.4968
2993  88.3378
2994  88.3943
2995  88.2921
2996  88.2921
2997  88.2767
2998  88.2232
2999  88.3557
3000  88.2905
3001  88.4302
3002  88.3189
3003  88.5765
3004  88.4817
3005  88.4611
3006  88.5272
3007  88.468
3008  88.468
3009  88.4893
3010  88.3585
3011  88.4101
3012  88.2412
3013  88.1038
3014  88.2732
3015  88.3257
3016  88.3276
3017  88.3841
3018  88.3442
3019  88.3142
3020  88.2631
3021  88.1172
3022  88.1164
3023  88.1936
3024  88.2103
3025  88.1749
3026  88.1158
3027  88.0718
3028  88.2525
3029  88.2815
3030  88.2869
3031  88.227
3032  88.1668
3033  88.2032
3034  88.2581
3035  88.1005
3036  88.1761
3037  88.2575
3038  88.3181
3039  88.1918
3040  88.1509
3041  88.2363
3042  88.0554
3043  88.1252
3044  88.1583
3045  87.9378
3046  88.1244
3047  88.2645
3048  87.9569
3049  88.18
3050  88.1751
3051  88.0474
3052  88.1094
3053  88.0192
3054  87.8671
3055  88.1393
3056  88.1162
3057  87.95
3058  87.9358
3059  87.9156
3060  87.8993
3061  87.8945
3062  87.7957
3063  88.0392
3064  87.8266
3065  87.9147
3066  87.9114
3067  87.8783
3068  87.8355
3069  87.7885
3070  87.7719
3071  87.7634
3072  87.798
3073  87.9319
3074  87.7914
3075  87.7601
3076  87.7983
3077  87.7743
3078  87.7661
3079  87.7495
3080  87.7893
3081  87.8601
3082  87.8455
3083  87.8455
3084  87.7876
3085  87.8126
3086  87.6672
3087  87.7229
3088  87.8068
3089  87.6729
3090  87.6517
3091  87.6693
3092  87.757
3093  87.6914
3094  87.8044
3095  87.6791
3096  87.5573
3097  87.4805
3098  87.6467
3099  87.58
3100  87.5079
3101  87.5677
3102  87.5637
3103  87.5221
3104  87.5083
3105  87.5666
3106  87.43
3107  87.5933
3108  87.4957
3109  87.4936
3110  87.525
3111  87.613
3112  87.6117
3113  87.6251
3114  87.62
3115  87.6042
3116  87.6022
3117  87.6751
3118  87.6751
3119  87.5475
3120  87.5126
3121  87.4065
3122  87.4639
3123  87.4858
3124  87.5227
3125  87.42
3126  87.4947
3127  87.5252
3128  87.6756
3129  87.5341
3130  87.5964
3131  87.5964
3132  87.6313
3133  87.4317
3134  87.6162
3135  87.4984
3136  87.3768
3137  87.6114
3138  87.4411
3139  87.6124
3140  87.5466
3141  87.6229
3142  87.4354
3143  87.3712
3144  87.3662
3145  87.3857
3146  87.3519
3147  87.3872
3148  87.2419
3149  87.4062
3150  87.3639
3151  87.3193
3152  87.2619
3153  87.2619
3154  87.3144
3155  87.3506
3156  87.3182
3157  87.3358
3158  87.2585
3159  87.264
3160  87.264
3161  87.2427
3162  87.2277
3163  87.131
3164  87.1012
3165  87.2332
3166  87.2332
3167  87.2406
3168  87.2692
3169  87.3218
3170  87.3218
3171  87.1677
3172  87.1743
3173  87.1536
3174  87.1716
3175  87.2493
3176  87.1967
3177  87.1923
3178  87.1345
3179  87.1433
3180  87.1917
3181  87.1668
3182  87.1654
3183  87.1
3184  87.2061
3185  87.052
3186  87.1318
3187  87.1775
3188  87.1475
3189  87.1219
3190  87.079
3191  87.0986
3192  87.0973
3193  87.0932
3194  87.1508
3195  87.1332
3196  87.0318
3197  86.9041
3198  86.9474
3199  86.9809
3200  86.8818
3201  87.0764
3202  87.01
3203  87.0003
3204  87.0338
3205  86.9964
3206  86.7723
3207  87.1446
3208  87.1282
3209  87.1879
3210  86.7717
3211  86.7308
3212  87.0274
3213  87.027
3214  87.1393
3215  86.8505
3216  86.7898
3217  86.9085
3218  86.9034
3219  86.9461
3220  86.982
3221  86.9754
3222  86.9426
3223  86.9255
3224  86.9335
3225  86.8516
3226  86.8666
3227  86.8331
3228  86.8378
3229  86.8385
3230  86.8088
3231  86.8283
3232  86.7245
3233  86.8412
3234  86.8419
3235  86.7562
3236  86.7247
3237  86.6527
3238  86.7644
3239  86.6223
3240  86.8264
3241  86.8356
3242  86.714
3243  86.7469
3244  86.7254
3245  86.6764
3246  86.6197
3247  86.7645
3248  86.6827
3249  86.7674
3250  86.6963
3251  86.4766
3252  86.565
3253  86.506
3254  86.8081
3255  86.6648
3256  86.7235
3257  86.4086
3258  86.6482
3259  86.4929
3260  86.5943
3261  86.5943
3262  86.4736
3263  86.4796
3264  86.6474
3265  86.6371
3266  86.6315
3267  86.6205
3268  86.3158
3269  86.5598
3270  86.5233
3271  86.454
3272  86.6649
3273  86.487
3274  86.5383
3275  86.5341
3276  86.5659
3277  86.3658
3278  86.5588
3279  86.6061
3280  86.4317
3281  86.5036
3282  86.4502
3283  86.4749
3284  86.3646
3285  86.3668
3286  86.4353
3287  86.4593
3288  86.4337
3289  86.5726
3290  86.3751
3291  86.4681
3292  86.4628
3293  86.527
3294  86.3431
3295  86.3319
3296  86.4996
3297  86.4042
3298  86.439
3299  86.3872
3300  86.4986
3301  86.4487
3302  86.3798
3303  86.474
3304  86.474
3305  86.4059
3306  86.396
3307  86.3822
3308  86.3282
3309  86.2024
3310  86.3237
3311  86.2763
3312  86.314
3313  86.2101
3314  86.2599
3315  86.3233
3316  86.294
3317  86.2204
3318  86.3016
3319  86.3078
3320  86.1703
3321  86.2689
3322  86.2212
3323  86.1668
3324  86.2206
3325  86.1416
3326  86.1889
3327  86.182
3328  86.1859
3329  86.1539
3330  86.1473
3331  86.1434
3332  86.082
3333  85.9986
3334  86.0283
3335  86.0549
3336  86.0524
3337  85.9896
3338  85.9396
3339  86.1178
3340  86.0709
3341  86.0174
3342  86.0186
3343  86.1247
3344  86.118
3345  86.0624
3346  85.951
3347  86.0126
3348  85.9172
3349  85.8717
3350  85.8942
3351  86.0348
3352  86.0523
3353  85.9339
3354  85.8715
3355  85.9252
3356  85.9784
3357  85.9882
3358  85.8739
3359  86.0326
3360  85.878
3361  86.0228
3362  85.9629
3363  85.8958
3364  86.0248
3365  85.9838
3366  85.884
3367  85.8284
3368  85.8599
3369  85.7131
3370  85.8292
3371  85.5747
3372  85.8487
3373  85.8446
3374  85.7933
3375  85.8621
3376  85.8406
3377  85.8662
3378  85.8332
3379  85.803
3380  85.8769
3381  85.876
3382  85.8391
3383  85.8752
3384  85.7624
3385  85.8268
3386  85.6919
3387  85.7848
3388  85.8194
3389  85.7647
3390  85.7144
3391  85.6881
3392  85.7533
3393  85.8031
3394  85.8019
3395  85.7083
3396  85.6596
3397  85.7623
3398  85.6162
3399  85.5419
3400  85.706
3401  85.6047
3402  85.6008
3403  85.7226
3404  85.8034
3405  85.5675
3406  85.6518
3407  85.8227
3408  85.7217
3409  85.5109
3410  85.5046
3411  85.6021
3412  85.5964
3413  85.5964
3414  85.5618
3415  85.5276
3416  85.6605
3417  85.6362
3418  85.6195
3419  85.6172
3420  85.6723
3421  85.6653
3422  85.5744
3423  85.5827
3424  85.5311
3425  85.6002
3426  85.5456
3427  85.5186
3428  85.6245
3429  85.4538
3430  85.4074
3431  85.3685
3432  85.4271
3433  85.4185
3434  85.4125
3435  85.3914
3436  85.4042
3437  85.4002
3438  85.3767
3439  85.4571
3440  85.4162
3441  85.4162
3442  85.3475
3443  85.4466
3444  85.499
3445  85.3032
3446  85.3122
3447  85.3741
3448  85.3184
3449  85.4459
3450  85.4476
3451  85.3528
3452  85.3528
3453  85.3785
3454  85.4383
3455  85.3109
3456  85.2415
3457  85.3121
3458  85.272
3459  85.287
3460  85.3377
3461  85.3918
3462  85.3799
3463  85.2075
3464  85.2363
3465  85.419
3466  85.2389
3467  85.2677
3468  85.3927
3469  85.3244
3470  85.343
3471  85.1473
3472  85.1629
3473  85.179
3474  85.0926
3475  85.248
3476  85.1912
3477  85.1932
3478  85.3677
3479  85.2096
3480  85.2282
3481  85.1902
3482  85.1862
3483  85.1589
3484  85.1902
3485  85.2253
3486  85.0934
3487  85.0894
3488  85.1355
3489  85.0796
3490  85.103
3491  85.0648
3492  85.1625
3493  85.1616
3494  85.2231
3495  85.1428
3496  85.141
3497  85.1219
3498  85.1163
3499  85.1126
3500  85.0962
3501  85.0846
3502  85.0881
3503  85.1231
3504  85.1231
3505  85.1082
3506  85.1006
3507  85.1224
3508  85.0518
3509  84.9717
3510  84.9498
3511  84.9778
3512  85.084
3513  85.0843
3514  85.0284
3515  85.0751
3516  85.0786
3517  84.9962
3518  84.9832
3519  84.9413
3520  84.9506
3521  84.8308
3522  84.8415
3523  85.0166
3524  84.8567
3525  85.0971
3526  85.0031
3527  84.9719
3528  84.9627
3529  84.9178
3530  84.9343
3531  84.8144
3532  84.8283
3533  85.1244
3534  85.0994
3535  85.0588
3536  84.9677
3537  84.9139
3538  84.9139
3539  84.8838
3540  84.8918
3541  84.8918
3542  84.9124
3543  84.7873
3544  84.8191
3545  84.7971
3546  84.8246
3547  84.8826
3548  84.7027
3549  84.6865
3550  84.738
3551  84.7792
3552  84.8936
3553  84.8922
3554  84.9491
3555  84.9804
3556  84.9948
3557  84.86
3558  84.8899
3559  84.9264
3560  84.8279
3561  84.9074
3562  84.6858
3563  84.8134
3564  84.8187
3565  84.836
3566  84.8473
3567  84.6989
3568  84.6096
3569  84.6279
3570  84.8294
3571  84.7019
3572  84.7059
3573  84.641
3574  84.6347
3575  84.6329
3576  84.6805
3577  84.5879
3578  84.6177
3579  84.5189
3580  84.657
3581  84.6411
3582  84.5501
3583  84.5942
3584  84.6472
3585  84.473
3586  84.5673
3587  84.3705
3588  84.4303
3589  84.6094
3590  84.5595
3591  84.577
3592  84.408
3593  84.4091
3594  84.406
3595  84.381
3596  84.6561
3597  84.46
3598  84.4871
3599  84.6386
3600  84.4928
3601  84.5003
3602  84.6594
3603  84.483
3604  84.4536
3605  84.622
3606  84.5648
3607  84.5024
3608  84.4539
3609  84.4501
3610  84.3498
3611  84.4588
3612  84.5444
3613  84.4554
3614  84.4808
3615  84.4383
3616  84.4392
3617  84.3876
3618  84.4286
3619  84.3372
3620  84.4261
3621  84.478
3622  84.4261
3623  84.5325
3624  84.3824
3625  84.5452
3626  84.5091
3627  84.4253
3628  84.4378
3629  84.4997
3630  84.33
3631  84.5007
3632  84.4476
3633  84.3034
3634  84.3001
3635  84.2776
3636  84.3385
3637  84.4082
3638  84.2763
3639  84.1959
3640  84.3828
3641  84.1968
3642  84.2382
3643  84.221
3644  84.4521
3645  84.2831
3646  84.4209
3647  84.4063
3648  84.391
3649  84.2239
3650  84.227
3651  84.3007
3652  84.2227
3653  84.2421
3654  84.2155
3655  84.2366
3656  84.15
3657  84.1625
3658  84.1662
3659  84.1954
3660  84.3337
3661  84.2142
3662  84.2582
3663  84.303
3664  84.2503
3665  84.2571
3666  84.1674
3667  84.174
3668  84.1895
3669  84.1527
3670  84.1935
3671  84.2046
3672  84.2329
3673  84.1188
3674  84.1828
3675  84.1099
3676  84.1623
3677  84.164
3678  84.2629
3679  84.2838
3680  84.0814
3681  84.2484
3682  84.1759
3683  84.1839
3684  84.1775
3685  84.0784
3686  84.1206
3687  84.0654
3688  84.2434
3689  84.2051
3690  84.1293
3691  84.1488
3692  84.0436
3693  84.0554
3694  84.0483
3695  84.1397
3696  84.0666
3697  84.08
3698  83.9369
3699  83.925
3700  83.992
3701  84.006
3702  84.0129
3703  83.9663
3704  84.0149
3705  84.1192
3706  84.0048
3707  84.0416
3708  84.0139
3709  83.9572
3710  83.9627
3711  84.0374
3712  83.9548
3713  84.0647
3714  84.0205
3715  83.8504
3716  83.9798
3717  83.9212
3718  83.8462
3719  83.9281
3720  83.9675
3721  83.9699
3722  83.9631
3723  83.9398
3724  83.9398
3725  83.9922
3726  83.8619
3727  83.9321
3728  83.8496
3729  83.9321
3730  83.9265
3731  83.9096
3732  83.9296
3733  83.8967
3734  83.9029
3735  83.92
3736  83.9376
3737  83.8715
3738  83.8668
3739  83.8435
3740  83.8579
3741  83.9722
3742  83.8523
3743  83.9766
3744  83.9183
3745  83.8518
3746  83.9156
3747  83.8254
3748  83.7658
3749  83.84
3750  83.8593
3751  83.829
3752  83.7987
3753  83.8957
3754  83.8377
3755  83.875
3756  83.8154
3757  83.814
3758  83.8845
3759  83.8019
3760  83.7785
3761  83.7777
3762  83.8639
3763  83.8158
3764  83.7988
3765  83.7034
3766  83.7659
3767  83.6784
3768  83.7348
3769  83.7249
3770  83.7745
3771  83.693
3772  83.7057
3773  83.7281
3774  83.6549
3775  83.7495
3776  83.651
3777  83.6158
3778  83.7508
3779  83.5673
3780  83.7309
3781  83.7145
3782  83.7262
3783  83.7076
3784  83.581
3785  83.5844
3786  83.6008
3787  83.7658
3788  83.5965
3789  83.7138
3790  83.7141
3791  83.5625
3792  83.6335
3793  83.6708
3794  83.5931
3795  83.6009
3796  83.6013
3797  83.6233
3798  83.6261
3799  83.6317
3800  83.5398
3801  83.5973
3802  83.5284
3803  83.6437
3804  83.5666
3805  83.482
3806  83.6696
3807  83.6614
3808  83.5222
3809  83.6114
3810  83.6107
3811  83.5339
3812  83.6946
3813  83.5825
3814  83.6177
3815  83.6492
3816  83.5412
3817  83.5708
3818  83.4989
3819  83.4891
3820  83.5509
3821  83.5138
3822  83.4708
3823  83.5588
3824  83.6028
3825  83.4954
3826  83.3826
3827  83.4476
3828  83.4237
3829  83.5572
3830  83.4109
3831  83.4504
3832  83.4476
3833  83.4231
3834  83.4999
3835  83.414
3836  83.4189
3837  83.4058
3838  83.4874
3839  83.3658
3840  83.3639
3841  83.3325
3842  83.5363
3843  83.5196
3844  83.5157
3845  83.4519
3846  83.5113
3847  83.4912
3848  83.4856
3849  83.4441
3850  83.4274
3851  83.4044
3852  83.4554
3853  83.4172
3854  83.3863
3855  83.3765
3856  83.3631
3857  83.3572
3858  83.4207
3859  83.3319
3860  83.4061
3861  83.3594
3862  83.3214
3863  83.2908
3864  83.3902
3865  83.4134
3866  83.3276
3867  83.4484
3868  83.3491
3869  83.3819
3870  83.3318
3871  83.2768
3872  83.2768
3873  83.277
3874  83.1524
3875  83.2361
3876  83.1306
3877  83.3255
3878  83.2975
3879  83.243
3880  83.2577
3881  83.173
3882  83.2345
3883  83.2216
3884  83.2059
3885  83.3122
3886  83.3305
3887  83.2301
3888  83.2237
3889  83.2301
3890  83.3169
3891  83.2135
3892  83.2261
3893  83.1756
3894  83.1075
3895  83.2722
3896  83.1385
3897  83.1921
3898  83.1627
3899  83.1612
3900  83.2071
3901  83.0515
3902  83.1588
3903  83.1682
3904  83.1452
3905  83.2008
3906  83.1978
3907  83.1586
3908  83.1579
3909  83.0719
3910  83.1754
3911  83.1154
3912  83.0775
3913  83.1505
3914  83.1532
3915  83.0784
3916  83.0685
3917  83.1233
3918  83.1296
3919  83.1741
3920  82.9809
3921  83.1325
3922  83.1417
3923  83.061
3924  82.9902
3925  83.0964
3926  83.0329
3927  83.0565
3928  83.1293
3929  82.9394
3930  83.0653
3931  83.0363
3932  83.1367
3933  83.1411
3934  83.0511
3935  83.0649
3936  83.0098
3937  82.9531
3938  83.048
3939  83.0021
3940  83.0393
3941  82.8907
3942  83.1062
3943  82.9408
3944  82.9253
3945  82.947
3946  82.9219
3947  82.9213
3948  82.8768
3949  82.9193
3950  82.987
3951  82.9772
3952  82.9891
3953  83.0116
3954  83.0228
3955  82.8823
3956  82.8766
3957  82.8731
3958  83.005
3959  82.8808
3960  82.8833
3961  82.8581
3962  82.9007
3963  82.8823
3964  82.8515
3965  82.8807
3966  82.8491
3967  82.9715
3968  82.9722
3969  82.8175
3970  82.7283
3971  82.8586
3972  82.6948
3973  82.8638
3974  82.7494
3975  82.8246
3976  82.8047
3977  82.8119
3978  82.7974
3979  82.8035
3980  82.7674
3981  82.7845
3982  82.8163
3983  82.8084
3984  82.704
3985  82.7815
3986  82.803
3987  82.7114
3988  82.6968
3989  82.7771
3990  82.728
3991  82.7917
3992  82.73
3993  82.873
3994  82.802
3995  82.7917
3996  82.6787
3997  82.7999
3998  82.8019
3999  82.7406
4000  82.6531
4001  82.6398
4002  82.7782
4003  82.6644
4004  82.692
4005  82.6838
4006  82.683
4007  82.7022
4008  82.7146
4009  82.6457
4010  82.6572
4011  82.6189
4012  82.6414
4013  82.7004
4014  82.6807
4015  82.6171
4016  82.647
4017  82.5861
4018  82.672
4019  82.7333
4020  82.7838
4021  82.7631
4022  82.8063
4023  82.5902
4024  82.5644
4025  82.5715
4026  82.5948
4027  82.5124
4028  82.5447
4029  82.5824
4030  82.6261
4031  82.6899
4032  82.6043
4033  82.4766
4034  82.5275
4035  82.5817
4036  82.6176
4037  82.4473
4038  82.6061
4039  82.4374
4040  82.509
4041  82.4616
4042  82.4501
4043  82.4497
4044  82.5763
4045  82.561
4046  82.582
4047  82.5981
4048  82.4745
4049  82.6118
4050  82.4732
4051  82.4809
4052  82.5438
4053  82.5516
4054  82.502
4055  82.5795
4056  82.6239
4057  82.5277
4058  82.4834
4059  82.63
4060  82.5193
4061  82.5649
4062  82.5335
4063  82.5113
4064  82.4706
4065  82.4407
4066  82.5497
4067  82.4175
4068  82.4716
4069  82.3844
4070  82.3747
4071  82.5285
4072  82.5571
4073  82.4785
4074  82.4179
4075  82.4177
4076  82.5519
4077  82.4264
4078  82.4082
4079  82.4167
4080  82.4137
4081  82.4046
4082  82.4371
4083  82.4562
4084  82.4857
4085  82.3108
4086  82.3889
4087  82.3658
4088  82.4519
4089  82.3515
4090  82.3218
4091  82.4233
4092  82.3826
4093  82.3572
4094  82.3572
4095  82.4077
4096  82.3699
4097  82.3854
4098  82.3854
4099  82.3304
4100  82.4353
4101  82.2719
4102  82.4178
4103  82.3487
4104  82.3745
4105  82.3766
4106  82.3904
4107  82.2744
4108  82.3718
4109  82.3187
4110  82.4379
4111  82.3873
4112  82.2459
4113  82.431
4114  82.3632
4115  82.4025
4116  82.2319
4117  82.3115
4118  82.3223
4119  82.345
4120  82.2319
4121  82.1814
4122  82.3324
4123  82.3623
4124  82.254
4125  82.2417
4126  82.3244
4127  82.2786
4128  82.216
4129  82.364
4130  82.2564
4131  82.3289
4132  82.3164
4133  82.3644
4134  82.2316
4135  82.2672
4136  82.2067
4137  82.2871
4138  82.097
4139  82.2536
4140  82.231
4141  82.167
4142  82.3194
4143  82.2486
4144  82.2647
4145  82.3101
4146  82.3473
4147  82.2873
4148  82.238
4149  82.238
4150  82.2218
4151  82.1805
4152  82.2343
4153  82.1206
4154  82.1206
4155  82.1181
4156  82.2125
4157  82.1377
4158  82.1705
4159  82.2332
4160  82.2371
4161  82.2558
4162  82.2066
4163  82.1379
4164  82.1686
4165  82.134
4166  82.3329
4167  82.3226
4168  82.148
4169  82.1135
4170  82.1316
4171  82.1082
4172  82.0972
4173  82.0395
4174  82.104
4175  82.098
4176  82.1295
4177  82.0689
4178  82.0675
4179  82.0675
4180  82.0675
4181  82.1703
4182  82.0155
4183  82.0398
4184  82.1522
4185  82.1089
4186  82.045
4187  82.1274
4188  82.1443
4189  82.0633
4190  82.0817
4191  82.0989
4192  82.104
4193  82.0181
4194  82.0188
4195  82.0271
4196  82.0467
4197  81.9917
4198  82.1029
4199  81.9818
4200  82.0832
4201  82.0026
4202  81.9803
4203  81.9544
4204  81.9465
4205  81.9659
4206  81.9406
4207  82.0215
4208  81.97
4209  82.0089
4210  81.9915
4211  81.8976
4212  81.8976
4213  81.9948
4214  81.9485
4215  81.9395
4216  81.9395
4217  81.9187
4218  81.9172
4219  81.9435
4220  81.9435
4221  81.9403
4222  82.005
4223  81.9133
4224  81.9321
4225  82.0005
4226  81.8843
4227  81.9906
4228  81.9614
4229  81.9055
4230  81.9048
4231  81.8512
4232  81.8991
4233  81.9569
4234  81.9171
4235  81.9218
4236  81.9195
4237  81.8723
4238  81.9639
4239  81.9639
4240  81.9782
4241  81.981
4242  81.981
4243  81.8992
4244  81.8992
4245  81.8992
4246  81.9121
4247  81.9101
4248  81.9004
4249  81.8929
4250  81.9449
4251  81.8699
4252  81.9424
4253  81.8514
4254  81.8853
4255  81.8204
4256  81.8204
4257  81.8513
4258  81.9289
4259  81.9083
4260  81.9729
4261  81.926
4262  81.9748
4263  82.0151
4264  82.0101
4265  81.84
4266  81.9111
4267  81.8078
4268  81.8594
4269  81.7875
4270  81.8177
4271  81.8028
4272  81.9117
4273  81.9478
4274  81.8199
4275  81.8863
4276  81.9189
4277  81.8626
4278  81.8164
4279  81.8096
4280  81.7978
4281  81.8504
4282  81.8222
4283  81.7767
4284  81.8029
4285  81.8852
4286  81.8857
4287  81.7408
4288  81.775
4289  81.8767
4290  81.8362
4291  81.7858
4292  81.7403
4293  81.8072
4294  81.7837
4295  81.7943
4296  81.8308
4297  81.8397
4298  81.7796
4299  81.7534
4300  81.7172
4301  81.7516
4302  81.6604
4303  81.7169
4304  81.7502
4305  81.7393
4306  81.7522
4307  81.718
4308  81.6559
4309  81.7741
4310  81.6185
4311  81.7032
4312  81.7448
4313  81.6922
4314  81.6702
4315  81.6573
4316  81.6573
4317  81.7156
4318  81.6841
4319  81.699
4320  81.7302
4321  81.683
4322  81.683
4323  81.6987
4324  81.6994
4325  81.6987
4326  81.6346
4327  81.6433
4328  81.6492
4329  81.6745
4330  81.6567
4331  81.6532
4332  81.7236
4333  81.6883
4334  81.6913
4335  81.7008
4336  81.6693
4337  81.6341
4338  81.7265
4339  81.5702
4340  81.6227
4341  81.6157
4342  81.5595
4343  81.6151
4344  81.6121
4345  81.5621
4346  81.5918
4347  81.5871
4348  81.5783
4349  81.6478
4350  81.6434
4351  81.5582
4352  81.5582
4353  81.5811
4354  81.5917
4355  81.5051
4356  81.5962
4357  81.5049
4358  81.5627
4359  81.5688
4360  81.4958
4361  81.5225
4362  81.5834
4363  81.5427
4364  81.54
4365  81.5754
4366  81.5515
4367  81.5512
4368  81.5492
4369  81.5519
4370  81.523
4371  81.5105
4372  81.5621
4373  81.5148
4374  81.5469
4375  81.5176
4376  81.5542
4377  81.5259
4378  81.5259
4379  81.5208
4380  81.4979
4381  81.5208
4382  81.5337
4383  81.5275
4384  81.5158
4385  81.5113
4386  81.5369
4387  81.5266
4388  81.5147
4389  81.5393
4390  81.5372
4391  81.4548
4392  81.4979
4393  81.4789
4394  81.5344
4395  81.5525
4396  81.5274
4397  81.4912
4398  81.5723
4399  81.5146
4400  81.4271
4401  81.495
4402  81.4464
4403  81.4689
4404  81.4241
4405  81.4531
4406  81.4533
4407  81.5148
4408  81.4628
4409  81.4633
4410  81.4819
4411  81.533
4412  81.3322
4413  81.4233
4414  81.4208
4415  81.4609
4416  81.4077
4417  81.4588
4418  81.4301
4419  81.4212
4420  81.4212
4421  81.4447
4422  81.4547
4423  81.4548
4424  81.3859
4425  81.4027
4426  81.3853
4427  81.4076
4428  81.4169
4429  81.457
4430  81.3849
4431  81.4518
4432  81.4477
4433  81.4192
4434  81.4326
4435  81.4753
4436  81.428
4437  81.4256
4438  81.3472
4439  81.4248
4440  81.4072
4441  81.4137
4442  81.3789
4443  81.3834
4444  81.3866
4445  81.381
4446  81.4215
4447  81.4075
4448  81.3536
4449  81.3536
4450  81.4014
4451  81.4123
4452  81.4125
4453  81.3282
4454  81.3733
4455  81.348
4456  81.3687
4457  81.3468
4458  81.3468
4459  81.3665
4460  81.4034
4461  81.397
4462  81.396
4463  81.396
4464  81.3267
4465  81.3749
4466  81.4117
4467  81.3865
4468  81.3851
4469  81.4162
4470  81.3784
4471  81.3498
4472  81.37
4473  81.3197
4474  81.3349
4475  81.3284
4476  81.4102
4477  81.3238
4478  81.3869
4479  81.3145
4480  81.3183
4481  81.3458
4482  81.352
4483  81.331
4484  81.3381
4485  81.3371
4486  81.2942
4487  81.3452
4488  81.3078
4489  81.3308
4490  81.2704
4491  81.2646
4492  81.2248
4493  81.284
4494  81.3185
4495  81.3335
4496  81.2355
4497  81.231
4498  81.2234
4499  81.2234
4500  81.2282
4501  81.1854
4502  81.206
4503  81.2111
4504  81.1792
4505  81.2131
4506  81.2538
4507  81.2538
4508  81.2201
4509  81.2173
4510  81.2173
4511  81.202
4512  81.2098
4513  81.2034
4514  81.222
4515  81.2164
4516  81.224
4517  81.2218
4518  81.1932
4519  81.2396
4520  81.2354
4521  81.2015
4522  81.1778
4523  81.2059
4524  81.212
4525  81.2324
4526  81.238
4527  81.225
4528  81.2201
4529  81.2131
4530  81.2131
4531  81.2131
4532  81.2343
4533  81.239
4534  81.2402
4535  81.2449
4536  81.2449
4537  81.2402
4538  81.2449
4539  81.2449
4540  81.2402
4541  81.2449
4542  81.2449
4543  81.2402
4544  81.1786
4545  81.2052
4546  81.2432
4547  81.2802
4548  81.2195
4549  81.1995
4550  81.2
4551  81.1642
4552  81.1949
4553  81.1602
4554  81.1602
4555  81.1689
4556  81.2235
4557  81.2001
4558  81.2001
4559  81.1696
4560  81.192
4561  81.1343
4562  81.1229
4563  81.123
4564  81.1253
4565  81.15
4566  81.15
4567  81.1588
4568  81.1588
4569  81.1743
4570  81.1716
4571  81.1616
4572  81.1593
4573  81.1689
4574  81.1354
4575  81.1755
4576  81.1322
4577  81.1067
4578  81.1354
4579  81.1295
4580  81.1295
4581  81.1392
4582  81.1222
4583  81.1168
4584  81.1168
4585  81.1003
4586  81.1013
4587  81.1204
4588  81.1204
4589  81.134
4590  81.1167
4591  81.1172
4592  81.1249
4593  81.1275
4594  81.0769
4595  81.1032
4596  81.0806
4597  81.1181
4598  81.1196
4599  81.0792
4600  81.1017
4601  81.0878
4602  81.054
4603  81.0703
4604  81.0754
4605  81.0779
4606  81.0517
4607  81.0831
4608  81.0903
4609  81.0595
4610  81.0599
4611  81.0611
4612  81.098
4613  81.0433
4614  81.068
4615  81.0669
4616  81.0472
4617  81.0599
4618  80.9918
4619  81.0322
4620  80.997
4621  80.9846
4622  81.0184
4623  81.01
4624  80.9869
4625  81.0073
4626  80.9608
4627  80.935
4628  80.9543
4629  80.9576
4630  80.9594
4631  80.9364
4632  80.9203
4633  80.9653
4634  80.9692
4635  80.9717
4636  80.9497
4637  80.954
4638  80.9529
4639  80.9745
4640  80.9161
4641  80.9276
4642  80.9589
4643  80.9598
4644  80.9155
4645  80.9536
4646  80.9526
4647  80.9566
4648  80.9551
4649  80.9163
4650  80.9555
4651  80.9453
4652  80.9602
4653  80.9141
4654  80.9739
4655  80.9089
4656  80.9009
4657  80.9703
4658  80.9609
4659  80.914
4660  80.9143
4661  80.9123
4662  80.8914
4663  80.9249
4664  80.8843
4665  80.8916
4666  80.8729
4667  80.8123
4668  80.8949
4669  80.8756
4670  80.8724
4671  80.8718
4672  80.877
4673  80.9177
4674  80.9243
4675  80.834
4676  80.7807
4677  80.8331
4678  80.8132
4679  80.7944
4680  80.7793
4681  80.8508
4682  80.8082
4683  80.7446
4684  80.7886
4685  80.8746
4686  80.853
4687  80.8304
4688  80.8376
4689  80.8334
4690  80.8122
4691  80.84
4692  80.7621
4693  80.7823
4694  80.7679
4695  80.7774
4696  80.7664
4697  80.7796
4698  80.7851
4699  80.7588
4700  80.7573
4701  80.7983
4702  80.7731
4703  80.6991
4704  80.7102
4705  80.7835
4706  80.7542
4707  80.7469
4708  80.7583
4709  80.683
4710  80.6476
4711  80.7439
4712  80.5997
4713  80.6301
4714  80.6316
4715  80.5986
4716  80.5793
4717  80.6055
4718  80.496
4719  80.5083
4720  80.6557
4721  80.5395
4722  80.6033
4723  80.4956
4724  80.5818
4725  80.5469
4726  80.5176
4727  80.4774
4728  80.5499
4729  80.5314
4730  80.5342
4731  80.5106
4732  80.507
4733  80.539
4734  80.5241
4735  80.5277
4736  80.5212
4737  80.5224
4738  80.5447
4739  80.515
4740  80.526
4741  80.5531
4742  80.5265
4743  80.5535
4744  80.5311
4745  80.633
4746  80.6166
4747  80.5175
4748  80.3689
4749  80.5956
4750  80.5462
4751  80.5102
4752  80.451
4753  80.4167
4754  80.397
4755  80.3357
4756  80.3962
4757  80.3161
4758  80.3193
4759  80.1995
4760  80.2015
4761  80.0971
4762  80.2114
4763  80.1646
4764  80.1181
4765  80.1345
4766  80.0073
4767  79.9873
4768  80.0319
4769  79.9852
4770  80.0589
4771  80.0884
4772  80.1177
4773  80.2124
4774  80.0892
4775  80.0592
4776  80.086
4777  80.1375
4778  80.1658
4779  80.1053
4780  80.0644
4781  80.1345
4782  80.113
4783  80.0803
4784  80.069
4785  80.0484
4786  80.133
4787  80.1084
4788  80.044
4789  80.0604
4790  80.1241
4791  80.0784
4792  79.9879
4793  80.0029
4794  80.0126
4795  80.1321
4796  79.9471
4797  80.1327
4798  80.0313
4799  80.1376
4800  80.0532
4801  80.0806
4802  80.0545
4803  80.1576
4804  80.0755
4805  80.0717
4806  80.0789
4807  80.07
4808  80.0758
4809  80.063
4810  80.0891
4811  80.104
4812  80.0309
4813  80.0065
4814  80.086
4815  80.0578
4816  80.0677
4817  80.0098
4818  79.9695
4819  80.0141
4820  80.0896
4821  80.0095
4822  80.0281
4823  80.0855
4824  80.1051
4825  80.0885
4826  80.1003
4827  80.098
4828  80.1183
4829  80.0958
4830  80.1221
4831  80.1333
4832  80.0991
4833  80.1362
4834  80.1019
4835  80.1135
4836  80.1087
4837  80.127
4838  80.1096
4839  80.1078
4840  80.1053
4841  80.1272
4842  80.1055
4843  80.1014
4844  80.1071
4845  80.0923
4846  80.0848
4847  80.0804
4848  80.056
4849  80.086
4850  80.094
4851  80.0514
4852  80.0787
4853  80.0917
4854  80.0762
4855  80.0556
4856  80.0497
4857  80.0296
4858  80.0363
4859  80.0582
4860  80.0609
4861  80.0379
4862  80.035
4863  80.013
4864  80.0297
4865  80.0495
4866  80.0219
4867  80.0318
4868  79.9978
4869  79.9948
4870  80.0267
4871  80.0038
4872  80.0118
4873  80.0108
4874  80.0195
4875  80.0149
4876  80.0323
4877  79.9763
4878  80.0205
4879  80.0053
4880  79.986
4881  80.0048
4882  79.9866
4883  80.0051
4884  79.9633
4885  79.9728
4886  79.9866
4887  79.9726
4888  79.9941
4889  79.9745
4890  79.9455
4891  79.9464
4892  79.9725
4893  79.9466
4894  79.9437
4895  79.9445
4896  79.9673
4897  79.962
4898  79.9833
4899  79.9473
4900  79.9754
4901  79.9611
4902  79.9877
4903  79.9757
4904  80.0023
4905  79.9751
4906  79.994
4907  80.0174
4908  80.0138
4909  80.021
4910  80.0026
4911  79.9895
4912  80.0104
4913  79.9928
4914  80.0004
4915  80.0057
4916  79.9932
4917  79.9995
4918  79.9817
4919  79.9825
4920  79.998
4921  79.9826
4922  79.9795
4923  79.9916
4924  79.9904
4925  79.9956
4926  80.0031
4927  80.0034
4928  79.9937
4929  79.9833
4930  80.0012
4931  79.9964
4932  79.9924
4933  79.9804
4934  79.9815
4935  79.9755
4936  79.9744
4937  79.9695
4938  79.9775
4939  79.9731
4940  80.0223
4941  80.1462
4942  80.251
4943  80.2763
4944  80.2275
4945  80.145
4946  80.1752
4947  80.2898
4948  80.2432
4949  80.2406
4950  80.22
4951  80.2231
4952  80.1855
4953  80.1805
4954  80.1962
4955  80.1648
4956  80.2323
4957  80.158
4958  80.1537
4959  80.1989
4960  80.1241
4961  80.1741
4962  80.129
4963  80.1264
4964  80.1393
4965  80.1277
4966  80.093
4967  80.1317
4968  80.1306
4969  80.1388
4970  80.1451
4971  80.143
4972  80.1667
4973  80.1062
4974  80.1299
4975  80.137
4976  80.1625
4977  80.1238
4978  80.1245
4979  80.106
4980  80.0932
4981  79.4721
4982  79.5757
4983  79.5077
4984  79.5811
4985  79.6075
4986  79.5195
4987  79.5351
4988  79.5289
4989  79.4578
4990  79.547
4991  79.517
4992  79.4854
4993  79.4456
4994  79.4672
4995  79.4776
4996  79.4433
4997  79.459
4998  79.4504
4999  79.4794
5000  79.4213
5001  79.3739
5002  79.3974
5003  79.3837
5004  79.3435
5005  79.3973
5006  79.4023
5007  79.4176
5008  79.4368
5009  79.3959
5010  79.4073
5011  79.3714
5012  79.3388
5013  79.334
5014  79.3442
5015  79.3692
5016  79.3633
5017  79.3292
5018  79.3357
5019  79.2987
5020  79.3695
5021  79.3206
5022  79.3581
5023  79.2934
5024  79.2597
5025  79.3088
5026  79.2531
5027  79.1485
5028  79.2173
5029  79.2419
5030  79.2234
5031  79.2854
5032  79.2646
5033  79.2829
5034  79.2301
5035  79.1804
5036  79.1959
5037  79.2397
5038  79.2101
5039  79.205
5040  79.186
5041  79.1308
5042  79.1725
5043  79.2007
5044  79.2561
5045  79.1717
5046  79.2025
5047  79.1532
5048  79.2364
5049  79.1704
5050  79.1878
5051  79.2192
5052  79.1652
5053  79.1108
5054  79.1832
5055  79.1214
5056  79.1487
5057  79.117
5058  79.1663
5059  79.0786
5060  79.0638
5061  79.1039
5062  79.0136
5063  78.9978
5064  79.0828
5065  79.0781
5066  79.1142
5067  79.0744
5068  79.1558
5069  79.0394
5070  78.9826
5071  79.0884
5072  78.9978
5073  79.0532
5074  79.047
5075  78.9779
5076  79.058
5077  79.0802
5078  78.9765
5079  79.0232
5080  78.9606
5081  79.0913
5082  79.029
5083  78.9491
5084  79.0153
5085  78.892
5086  78.9807
5087  78.928
5088  78.9582
5089  79.0021
5090  78.9547
5091  78.9456
5092  78.954
5093  78.9401
5094  78.9343
5095  78.9343
5096  78.8827
5097  78.9156
5098  78.7661
5099  78.8764
5100  78.8957
5101  78.874
5102  78.8525
5103  78.8624
5104  78.8386
5105  78.8151
5106  78.8928
5107  78.8653
5108  78.8826
5109  78.8769
5110  78.8233
5111  78.8544
5112  78.8001
5113  78.8118
5114  78.8366
5115  78.7525
5116  78.7822
5117  78.7907
5118  78.7961
5119  78.7393
5120  78.7687
5121  78.743
5122  78.7033
5123  78.7429
5124  78.7924
5125  78.6902
5126  78.7692
5127  78.7294
5128  78.7566
5129  78.7004
5130  78.701
5131  78.6939
5132  78.6917
5133  78.6893
5134  78.6924
5135  78.6276
5136  78.6581
5137  78.6355
5138  78.614
5139  78.5946
5140  78.5565
5141  78.6289
5142  78.614
5143  78.5349
5144  78.6185
5145  78.5722
5146  78.5466
5147  78.5764
5148  78.5685
5149  78.5034
5150  78.5122
5151  78.5526
5152  78.5088
5153  78.4766
5154  78.5456
5155  78.5491
5156  78.5077
5157  78.4548
5158  78.4991
5159  78.4774
5160  78.5147
5161  78.4569
5162  78.4876
5163  78.4659
5164  78.4278
5165  78.4488
5166  78.4505
5167  78.4566
5168  78.4809
5169  78.4291
5170  78.4134
5171  78.4864
5172  78.4489
5173  78.4117
5174  78.4394
5175  78.4185
5176  78.4366
5177  78.4184
5178  78.4256
5179  78.4406
5180  78.3856
5181  78.3953
5182  78.3968
5183  78.3841
5184  78.376
5185  78.3332
5186  78.4246
5187  78.3753
5188  78.3842
5189  78.3428
5190  78.3933
5191  78.3714
5192  78.3311
5193  78.3418
5194  78.294
5195  78.3115
5196  78.324
5197  78.2969
5198  78.3043
5199  78.2803
5200  78.2687
5201  78.2215
5202  78.264
5203  78.2443
5204  78.2371
5205  78.2049
5206  78.2342
5207  78.2247
5208  78.2011
5209  78.207
5210  78.1904
5211  78.199
5212  78.1922
5213  78.1899
5214  78.1619
5215  78.1694
5216  78.1475
5217  78.1303
5218  78.1505
5219  78.1451
5220  78.1613
5221  78.1534
5222  78.1461
5223  78.1618
5224  78.1391
5225  78.1712
5226  78.1497
5227  78.1493
5228  78.1509
5229  78.1371
5230  78.1505
5231  78.1337
5232  78.156
5233  78.158
5234  78.1539
5235  78.1611
5236  78.137
5237  78.1469
5238  78.1468
5239  78.1399
5240  78.16
5241  78.1518
5242  78.173
5243  78.1712
5244  78.1613
5245  78.1778
5246  78.1888
5247  78.1643
5248  78.1794
5249  78.175
5250  78.1891
5251  78.1881
5252  78.1959
5253  78.2094
5254  78.2024
5255  78.198
5256  78.2061
5257  78.1994
5258  78.2077
5259  78.199
5260  78.2067
5261  78.2011
5262  78.2067
5263  78.2044
5264  78.1995
5265  78.2003
5266  78.1857
5267  78.1883
5268  78.209
5269  78.1963
5270  78.1974
5271  78.188
5272  78.1942
5273  78.2064
5274  78.2026
5275  78.2051
5276  78.2098
5277  78.2094
5278  78.2179
5279  78.2062
5280  78.2167
5281  78.2257
5282  78.2147
5283  78.2075
5284  78.2145
5285  78.2077
5286  78.2129
5287  78.2074
5288  78.2056
5289  78.2035
5290  78.2085
5291  78.2062
5292  78.2035
5293  78.2041
5294  78.2056
5295  78.2078
5296  78.2083
5297  78.2024
5298  78.2052
5299  78.1998
5300  78.2014
5301  78.1988
5302  78.2009
5303  78.2036
5304  78.2061
5305  78.2008
5306  78.2048
5307  78.202
5308  78.2139
5309  78.1993
5310  78.1999
5311  78.1972
5312  78.1956
5313  78.1956
5314  78.2003
5315  78.1972
5316  78.1956
5317  78.1956
5318  78.1956
5319  78.1982
5320  78.1956
5321  78.1956
5322  78.1956
5323  78.1956
5324  78.1956
5325  78.1956
5326  78.1956
5327  78.1956
5328  78.1956
5329  78.1956
5330  78.1956
5331  78.1956
5332  78.1956
5333  78.1956
5334  78.1956
5335  78.1956
5336  78.1956
5337  78.1956
5338  78.1956
5339  78.1956
5340  78.1956
5341  78.1956
5342  78.1956
5343  78.1956
5344  78.1956
5345  78.1956
5346  78.1956
5347  78.1956
5348  78.1956
5349  78.1956
5350  78.1956
5351  78.1956
5352  78.1956
5353  78.1956
5354  78.1956
5355  78.1956
5356  78.1956
5357  78.1956
5358  78.1956
5359  78.1956
5360  78.1956
5361  78.1956
5362  78.1956
5363  78.1956
5364  78.1956
5365  78.1956
5366  78.1956
5367  78.1956
5368  78.1956
5369  78.1956
5370  78.1956
5371  78.1956
5372  78.1956
5373  78.1956
5374  78.1956
5375  78.1956
5376  78.1956
5377  78.1956
5378  78.1956
5379  78.1956
5380  78.1956
5381  78.1956
5382  78.1956
5383  78.1956
5384  78.1956
5385  78.1956
5386  78.1956
5387  78.1956
5388  78.1956
5389  78.1956
5390  78.1956
5391  78.1956
5392  78.1956
5393  78.1956
5394  78.1956
5395  78.1956
5396  78.1956
5397  78.1956
5398  78.1956
5399  78.1956
5400  78.1956
5401  78.1956
5402  78.1956
5403  78.1956
5404  78.1956
5405  78.1956
5406  78.1956
5407  78.1956
5408  78.1956
5409  78.1956
5410  78.1956
5411  78.1956
5412  78.1956
5413  78.1956
5414  78.1956
5415  78.1956
5416  78.1956
5417  78.1956
5418  78.1956
5419  78.1956
5420  78.1956
5421  78.1956
5422  78.1956
5423  78.1956
5424  78.1956
5425  78.1956
5426  78.1956
5427  78.1956
5428  78.1956
5429  78.1956
5430  78.1956
5431  78.1956
5432  78.1956
5433  78.1956
5434  78.1956
5435  78.1956
5436  78.1956
5437  78.1956
5438  78.1956
5439  78.1956
5440  78.1956
5441  78.1956
5442  78.1956
5443  78.1956
5444  78.1956
5445  78.1956
5446  78.1956
5447  78.1956
5448  78.1956
5449  78.1956
5450  78.1956
5451  78.1956
5452  78.1956
5453  78.1956
5454  78.1956
5455  78.1956
5456  78.1956
5457  78.1956
5458  78.1956
5459  78.1956
5460  78.1956
5461  78.1956
5462  78.1956
5463  78.1956
5464  78.1956
5465  78.1956
5466  78.1956
5467  78.1956
5468  78.1956
5469  78.1956
5470  78.1956
5471  78.1956
5472  78.1956
5473  78.1956
5474  78.1956
5475  78.1956
5476  78.1956
5477  78.1956
5478  78.1956
5479  78.1956
5480  78.1956
5481  78.1956
5482  78.1956
5483  78.1956
5484  78.1956
5485  78.1956
5486  78.1956
5487  78.1956
5488  78.1956
5489  78.1956
5490  78.1956
5491  78.1956
5492  78.1956
5493  78.1956
5494  78.1956
5495  78.1956
5496  78.1956
5497  78.1956
5498  78.1956
5499  78.1956
5500  78.1956
5501  78.1956
5502  78.1956
5503  78.1956
5504  78.1956
5505  78.1956
5506  78.1956
5507  78.1956
5508  78.1956
5509  78.1956
5510  78.1956
5511  78.1956
5512  78.1956
5513  78.1956
5514  78.1956
5515  78.1956
5516  78.1956
5517  78.1956
5518  78.1956
5519  78.1956
5520  78.1956
5521  78.1956
5522  78.1956
5523  78.1956
5524  78.1956
5525  78.1956
5526  78.1956
5527  78.1956
5528  78.1956
5529  78.1956
5530  78.1956
5531  78.1956
5532  78.1956
5533  78.1956
5534  78.1956
5535  78.1956
5536  78.1956
5537  78.1956
5538  78.1956
5539  78.1956
5540  78.1956
5541  78.1956
5542  78.1956
5543  78.1956
5544  78.1956
5545  78.1956
5546  78.1956
5547  78.1956
5548  78.1956
5549  78.1956
5550  78.1956
5551  78.1956
5552  78.1956
5553  78.1956
5554  78.1956
5555  78.1956
5556  78.1956
5557  78.1956
5558  78.1956
5559  78.1956
5560  78.1956
5561  78.1956
5562  78.1956
5563  78.1956
5564  78.1956
5565  78.1956
5566  78.1956
5567  78.1956
5568  78.1956
5569  78.1956
5570  78.1956
5571  78.1956
5572  78.1956
5573  78.1956
5574  78.1956
5575  78.1956
5576  78.1956
5577  78.1956
5578  78.1956
5579  78.1956
5580  78.1956
5581  78.1956
5582  78.1956
5583  78.1956
5584  78.1956
5585  78.1956
5586  78.2569
5587  78.2479
5588  78.2265
5589  78.1822
5590  78.1875
5591  78.1821
5592  78.1746
5593  78.224
5594  78.2532
5595  78.1564
5596  78.1536
5597  78.1358
5598  78.1608
5599  78.1514
5600  78.1253
5601  78.1587
5602  78.142
5603  78.167
5604  78.1431
5605  78.191
5606  78.1608
5607  78.1399
5608  78.1639
5609  78.1618
5610  78.1775
5611  78.1775
5612  78.1775
5613  78.1775
5614  78.1775
5615  78.1775
5616  78.1775
5617  78.1775
5618  78.1775
5619  78.1775
5620  78.1775
5621  78.1775
5622  78.1775
5623  78.0867
5624  78.0721
5625  78.0533
5626  78.0502
5627  78.0502
5628  78.0502
5629  78.0502
5630  78.0502
5631  78.0502
5632  78.0502
5633  78.0502
5634  78.0502
5635  78.0502
5636  78.0502
5637  78.0502
5638  78.0502
5639  78.0502
5640  78.0502
5641  78.0502
5642  78.0502
5643  78.0502
5644  78.0502
5645  78.0502
5646  78.0502
5647  78.0502
5648  78.0502
5649  78.0502
5650  78.0502
5651  78.0502
5652  78.0502
5653  78.0502
5654  78.0502
5655  78.0502
5656  78.0502
5657  78.0502
5658  78.0502
5659  78.0502
5660  78.0502
5661  78.0502
5662  78.0502
5663  78.0502
5664  78.0502
5665  78.0502
5666  78.0502
5667  78.0502
5668  78.0502
