0  131.612
1  131.612
2  132.666
3  131.612
4  131.612
5  131.612
6  132.666
7  131.612
8  131.612
9  132.666
10  131.612
11  132.666
12  131.612
13  131.612
14  131.612
15  131.612
16  132.666
17  132.666
18  131.612
19  132.444
20  131.612
21  132.444
22  132.444
23  131.612
24  131.612
25  132.444
26  132.444
27  132.444
28  132.666
29  131.612
30  132.444
31  134.219
32  134.219
33  132.666
34  132.666
35  132.666
36  132.666
37  131.612
38  131.612
39  132.666
40  132.666
41  132.666
42  132.666
43  131.612
44  132.666
45  131.612
46  132.666
47  132.666
48  131.612
49  131.612
50  132.666
51  131.612
52  131.612
53  131.612
54  131.612
55  131.612
56  126.575
57  126.575
58  126.575
59  126.575
60  132.666
61  126.575
62  126.575
63  132.666
64  126.575
65  132.666
66  126.575
67  126.575
68  126.575
69  126.575
70  126.575
71  126.575
72  131.066
73  131.066
74  126.575
75  126.575
76  131.066
77  126.575
78  125.874
79  125.874
80  125.874
81  125.874
82  125.874
83  125.874
84  125.874
85  125.874
86  125.874
87  125.874
88  125.874
89  125.874
90  125.874
91  125.874
92  125.874
93  125.874
94  125.874
95  125.874
96  125.874
97  125.874
98  125.874
99  125.874
100  125.874
101  125.874
102  125.874
103  125.874
104  125.874
105  125.874
106  125.874
107  127.147
108  125.874
109  125.874
110  127.147
111  125.874
112  125.874
113  127.147
114  125.874
115  125.874
116  127.147
117  127.147
118  127.147
119  125.874
120  125.874
121  127.147
122  127.147
123  127.147
124  127.147
125  125.874
126  125.874
127  127.147
128  125.874
129  125.874
130  127.147
131  127.147
132  127.147
133  125.874
134  125.874
135  125.874
136  125.874
137  127.147
138  125.874
139  125.874
140  127.147
141  122.033
142  122.033
143  122.033
144  122.033
145  122.033
146  122.033
147  122.033
148  122.033
149  122.033
150  122.033
151  122.033
152  122.033
153  122.033
154  122.033
155  122.033
156  122.033
157  122.033
158  122.033
159  122.033
160  122.033
161  122.033
162  122.033
163  122.033
164  122.033
165  122.033
166  122.033
167  122.033
168  122.033
169  122.033
170  122.033
171  122.033
172  122.033
173  122.033
174  122.033
175  122.033
176  122.033
177  122.033
178  122.033
179  122.033
180  122.033
181  122.033
182  122.033
183  122.033
184  122.033
185  122.033
186  122.033
187  122.033
188  122.033
189  122.033
190  122.033
191  122.033
192  122.033
193  122.033
194  122.033
195  122.033
196  122.033
197  122.033
198  122.033
199  122.033
200  122.033
201  122.033
202  122.033
203  122.033
204  122.033
205  122.033
206  122.033
207  122.033
208  122.033
209  122.033
210  122.033
211  122.033
212  122.033
213  122.033
214  122.033
215  122.033
216  122.033
217  122.033
218  122.033
219  122.033
220  122.033
221  122.033
222  122.033
223  122.033
224  122.033
225  122.033
226  122.033
227  122.033
228  122.033
229  122.033
230  122.033
231  122.033
232  122.033
233  122.033
234  122.033
235  122.033
236  122.033
237  122.033
238  122.033
239  122.033
240  122.033
241  122.033
242  122.033
243  122.033
244  122.033
245  122.033
246  122.033
247  122.033
248  122.033
249  122.033
250  122.033
251  122.033
252  122.033
253  122.033
254  122.033
255  122.033
256  122.033
257  122.033
258  122.033
259  122.033
260  122.033
261  122.033
262  122.033
263  122.033
264  122.033
265  122.033
266  122.033
267  122.033
268  122.033
269  122.033
270  122.033
271  122.033
272  122.033
273  122.033
274  122.033
275  122.033
276  122.033
277  122.033
278  122.033
279  122.033
280  122.033
281  122.033
282  122.033
283  122.033
284  122.033
285  122.033
286  122.033
287  122.033
288  122.033
289  122.033
290  122.033
291  122.512
292  122.033
293  122.512
294  122.512
295  122.033
296  122.033
297  122.033
298  122.033
299  122.512
300  122.033
301  122.512
302  122.512
303  122.512
304  122.033
305  122.033
306  122.512
307  122.033
308  122.033
309  122.512
310  122.033
311  122.033
312  122.033
313  122.512
314  121.775
315  121.775
316  122.512
317  121.775
318  121.775
319  120.9
320  120.9
321  122.512
322  120.9
323  122.512
324  120.9
325  120.9
326  120.9
327  120.9
328  122.512
329  122.512
330  122.512
331  120.9
332  122.512
333  120.9
334  120.9
335  120.9
336  122.512
337  122.512
338  120.9
339  120.9
340  120.9
341  122.512
342  122.512
343  120.9
344  120.9
345  122.512
346  120.9
347  120.9
348  120.9
349  120.9
350  122.512
351  122.512
352  120.9
353  122.512
354  122.512
355  122.512
356  120.9
357  120.9
358  120.9
359  122.512
360  120.9
361  120.9
362  120.9
363  122.512
364  120.9
365  120.9
366  122.512
367  120.9
368  120.9
369  122.512
370  120.9
371  120.9
372  120.9
373  120.9
374  120.9
375  122.512
376  120.9
377  120.9
378  122.512
379  120.9
380  122.512
381  120.9
382  122.512
383  122.512
384  120.9
385  120.9
386  120.9
387  120.9
388  120.9
389  120.9
390  122.512
391  122.512
392  120.9
393  120.9
394  122.512
395  120.9
396  122.512
397  120.9
398  120.9
399  122.512
400  120.9
401  120.9
402  122.512
403  122.512
404  122.512
405  116.969
406  116.969
407  116.969
408  116.969
409  116.969
410  116.969
411  116.969
412  116.969
413  116.969
414  106.512
415  106.512
416  106.512
417  106.512
418  106.512
419  106.512
420  106.512
421  106.512
422  106.512
423  106.512
424  106.512
425  106.512
426  106.512
427  106.512
428  106.512
429  106.512
430  106.512
431  106.512
432  106.512
433  106.512
434  106.512
435  106.512
436  106.512
437  106.512
438  106.512
439  106.512
440  106.512
441  106.512
442  106.512
443  106.512
444  106.512
445  106.512
446  106.512
447  106.512
448  106.512
449  106.512
450  106.512
451  106.512
452  106.512
453  106.512
454  106.512
455  106.512
456  106.512
457  106.512
458  106.512
459  106.512
460  106.512
461  106.512
462  106.512
463  106.512
464  106.512
465  106.512
466  106.512
467  106.512
468  106.512
469  106.512
470  106.512
471  106.512
472  106.512
473  106.512
474  106.512
475  106.512
476  106.512
477  106.512
478  106.512
479  106.512
480  106.512
481  106.512
482  106.512
483  106.512
484  106.512
485  106.512
486  106.512
487  106.512
488  106.512
489  106.512
490  106.512
491  106.512
492  106.512
493  106.512
494  106.512
495  106.512
496  106.512
497  106.512
498  106.512
499  106.512
500  106.512
501  106.512
502  106.512
503  106.512
504  106.512
505  106.512
506  101.95
507  101.95
508  101.95
509  101.95
510  101.95
511  101.95
512  101.95
513  101.95
514  101.95
515  101.95
516  101.95
517  101.95
518  101.95
519  101.95
520  101.95
521  101.95
522  101.95
523  101.449
524  101.95
525  101.449
526  101.95
527  101.95
528  101.95
529  101.143
530  101.143
531  101.143
532  101.143
533  101.143
534  101.143
535  102.12
536  101.143
537  101.143
538  101.143
539  102.12
540  101.143
541  101.143
542  101.143
543  102.12
544  101.143
545  101.143
546  102.12
547  101.143
548  101.143
549  102.12
550  102.12
551  101.143
552  102.12
553  101.143
554  102.12
555  101.143
556  101.143
557  102.12
558  101.143
559  101.143
560  101.143
561  102.12
562  101.143
563  101.143
564  102.12
565  102.12
566  101.143
567  101.143
568  102.12
569  102.12
570  102.12
571  101.143
572  101.143
573  102.12
574  102.12
575  101.143
576  101.143
577  101.143
578  101.143
579  102.12
580  102.12
581  101.143
582  101.143
583  101.143
584  101.143
585  101.143
586  101.143
587  102.12
588  98.8029
589  98.8029
590  98.8029
591  98.8029
592  98.8029
593  98.8029
594  98.8029
595  98.8029
596  98.8029
597  98.8029
598  98.8029
599  98.8029
600  98.8029
601  98.8029
602  97.0876
603  97.0876
604  98.8029
605  97.0876
606  98.8029
607  98.8029
608  97.0876
609  98.8029
610  97.0876
611  97.0876
612  97.0876
613  97.0876
614  98.8029
615  97.0876
616  97.0876
617  98.8029
618  98.8029
619  98.8029
620  98.8029
621  98.8029
622  97.0876
623  97.0876
624  97.0876
625  97.0876
626  97.0876
627  97.0876
628  97.0876
629  98.8029
630  97.0876
631  97.0876
632  98.8029
633  97.0876
634  97.0876
635  97.0876
636  98.8029
637  97.0876
638  97.0876
639  98.8029
640  97.0876
641  97.0876
642  98.8029
643  97.0876
644  97.0876
645  97.0876
646  97.0876
647  97.0876
648  97.0876
649  97.0876
650  98.6737
651  97.0876
652  98.6737
653  97.0876
654  97.0876
655  98.6737
656  98.6737
657  97.0876
658  97.0876
659  97.349
660  97.0876
661  95.7287
662  95.7287
663  95.7287
664  95.7287
665  95.7287
666  95.7287
667  95.7287
668  95.7287
669  95.7287
670  95.7287
671  95.7287
672  95.7287
673  95.7287
674  95.7287
675  95.7287
676  95.7287
677  95.7287
678  95.7287
679  95.7287
680  95.7287
681  95.7287
682  95.7287
683  95.7287
684  95.7287
685  95.7287
686  95.7287
687  95.7287
688  95.7287
689  95.7287
690  95.7287
691  95.7287
692  95.7287
693  95.7287
694  95.7287
695  95.7287
696  95.7287
697  95.7287
698  95.7287
699  95.7287
700  95.7287
701  95.7287
702  95.7287
703  95.7287
704  95.7287
705  95.7287
706  95.7287
707  95.7287
708  95.7287
709  95.7287
710  95.7287
711  95.7287
712  95.7287
713  95.7287
714  95.7287
715  95.7287
716  95.7287
717  95.7287
718  95.7287
719  95.7287
720  95.7287
721  95.7287
722  95.7287
723  95.7287
724  95.7287
725  95.7287
726  95.7287
727  95.7287
728  95.7287
729  95.7287
730  95.7287
731  95.7287
732  95.7287
733  95.7287
734  95.7287
735  95.7287
736  95.7287
737  95.7287
738  95.7287
739  95.7287
740  95.7287
741  95.7287
742  95.7287
743  95.7287
744  95.7287
745  95.7287
746  95.7287
747  95.7287
748  95.7287
749  95.7287
750  95.7287
751  95.7287
752  95.7287
753  95.7287
754  95.7287
755  95.7287
756  95.7287
757  95.7287
758  95.7287
759  95.7287
760  95.7287
761  95.7287
762  95.7287
763  95.7287
764  95.7287
765  95.7287
766  95.7287
767  95.7287
768  95.7287
769  95.7287
770  95.7287
771  95.7287
772  95.7287
773  92.9271
774  92.9271
775  92.9271
776  92.9271
777  95.7287
778  92.9271
779  92.9271
780  92.9271
781  92.9271
782  92.9271
783  92.9271
784  95.7287
785  92.9271
786  92.9271
787  92.9271
788  92.9271
789  95.7287
790  92.9271
791  95.7287
792  95.7287
793  92.9271
794  95.7287
795  92.9271
796  95.7287
797  92.9271
798  95.7287
799  95.7287
800  92.9271
801  95.7287
802  92.9271
803  92.9271
804  95.7287
805  95.7287
806  95.7287
807  92.9271
808  92.9271
809  92.9271
810  92.9271
811  92.9271
812  92.9271
813  95.7287
814  95.7287
815  92.9271
816  92.9271
817  95.7287
818  95.7287
819  95.7287
820  95.7287
821  92.9271
822  92.9271
823  92.9271
824  92.9271
825  92.9271
826  95.7287
827  92.9271
828  92.9271
829  92.9271
830  95.7287
831  95.7287
832  95.7287
833  92.9271
834  92.9271
835  92.9271
836  92.9271
837  92.9271
838  95.7287
839  92.9271
840  92.9271
841  92.9271
842  92.9271
843  95.7287
844  95.7287
845  92.9271
846  92.9271
847  95.7287
848  92.9271
849  95.7287
850  92.9271
851  92.9271
852  95.7287
853  92.9271
854  92.9271
855  95.7287
856  92.9271
857  92.9271
858  95.7287
859  92.9271
860  92.9271
861  95.7287
862  92.9271
863  92.9271
864  95.7287
865  95.7287
866  92.9271
867  92.9271
868  95.7287
869  95.7287
870  92.9271
871  92.9271
872  95.7287
873  92.9271
874  92.9271
875  92.9271
876  95.7287
877  92.9271
878  92.9271
879  92.9271
880  92.9271
881  92.9271
882  92.9271
883  92.9271
884  95.7287
885  92.9271
886  92.9271
887  95.7287
888  95.7287
889  92.9271
890  95.7287
891  95.7287
892  92.9271
893  92.9271
894  92.9271
895  92.9271
896  95.7287
897  95.7287
898  95.7287
899  92.9271
900  92.9271
901  92.9271
902  92.9271
903  92.9271
904  92.9271
905  95.7287
906  92.9271
907  95.7287
908  92.9271
909  92.9271
910  92.9271
911  95.7287
912  92.9271
913  92.9271
914  95.7287
915  92.9271
916  95.7287
917  92.9271
918  92.9271
919  95.7287
920  92.9271
921  92.9271
922  95.7287
923  95.7287
924  92.9271
925  92.9271
926  95.7287
927  92.9271
928  92.9271
929  95.7287
930  92.9271
931  92.9271
932  95.7287
933  92.9271
934  92.9271
935  95.7287
936  92.9271
937  95.7287
938  92.9271
939  92.9271
940  95.7287
941  92.9271
942  92.9271
943  95.7287
944  92.9271
945  92.9271
946  95.7287
947  95.7287
948  92.9271
949  92.9271
950  95.7287
951  92.9271
952  92.9271
953  92.9271
954  92.9271
955  95.7287
956  92.9271
957  92.9271
958  92.9271
959  92.9271
960  95.7287
961  92.9271
962  92.9271
963  95.7287
964  92.9271
965  95.7287
966  95.7287
967  92.9271
968  92.9271
969  92.9271
970  92.9271
971  92.9271
972  95.7287
973  92.9271
974  92.9271
975  95.7287
976  92.9271
977  92.9271
978  92.9271
979  92.9271
980  95.7287
981  92.9271
982  92.9271
983  92.9271
984  92.9271
985  95.7287
986  95.7287
987  92.9271
988  92.9271
989  94.5182
990  94.5182
991  94.5182
992  92.9271
993  92.9271
994  92.9271
995  92.9271
996  94.5182
997  92.9271
998  92.9271
999  92.9271
1000  92.9271
1001  92.8682
1002  94.5182
1003  94.5182
1004  92.8682
1005  94.5182
1006  92.8682
1007  92.8682
1008  94.5182
1009  94.5182
1010  92.8682
1011  92.8682
1012  94.5182
1013  92.8682
1014  92.8682
1015  92.8682
1016  94.5182
1017  92.8682
1018  94.5182
1019  92.8682
1020  92.8682
1021  94.5182
1022  92.8682
1023  92.8682
1024  94.5182
1025  92.8682
1026  92.8682
1027  92.8207
1028  94.5182
1029  92.8207
1030  92.8207
1031  92.8207
1032  92.8207
1033  94.5182
1034  94.5182
1035  94.5182
1036  92.8207
1037  92.8207
1038  92.8207
1039  94.5182
1040  92.8207
1041  92.8207
1042  94.5182
1043  92.8207
1044  92.8207
1045  94.2464
1046  92.8207
1047  92.8207
1048  92.8207
1049  92.8207
1050  94.2464
1051  92.8207
1052  94.2464
1053  92.8207
1054  93.0582
1055  93.0582
1056  92.8207
1057  92.8207
1058  93.0582
1059  92.8207
1060  92.8207
1061  93.0582
1062  93.0582
1063  92.8207
1064  92.8207
1065  93.0582
1066  92.8207
1067  92.8207
1068  93.0582
1069  92.8207
1070  92.8207
1071  93.0582
1072  92.8207
1073  92.8207
1074  92.8207
1075  92.8207
1076  93.0582
1077  92.8207
1078  92.8207
1079  93.0582
1080  92.8207
1081  92.8207
1082  93.0582
1083  92.8207
1084  92.8207
1085  93.0582
1086  92.8207
1087  92.8207
1088  92.8207
1089  92.8207
1090  92.8207
1091  92.8207
1092  92.8207
1093  92.8207
1094  93.0582
1095  93.0582
1096  93.0582
1097  92.8207
1098  92.8207
1099  92.8207
1100  92.8207
1101  92.8207
1102  92.8207
1103  93.0582
1104  92.8207
1105  92.8207
1106  93.0582
1107  92.8207
1108  92.8207
1109  92.8207
1110  93.0582
1111  92.8207
1112  92.8207
1113  92.8207
1114  92.8207
1115  92.8207
1116  92.8207
1117  93.0582
1118  92.8207
1119  92.8207
1120  93.0582
1121  91.8246
1122  91.8246
1123  91.8246
1124  93.0582
1125  93.0582
1126  91.8246
1127  91.8246
1128  91.8246
1129  93.0582
1130  93.0582
1131  91.8246
1132  91.8246
1133  93.0582
1134  91.8246
1135  91.8246
1136  91.8246
1137  93.0582
1138  91.8246
1139  91.8246
1140  91.8246
1141  93.0582
1142  93.0582
1143  93.0582
1144  93.0582
1145  91.8246
1146  91.8246
1147  91.8246
1148  91.8246
1149  91.8246
1150  93.0582
1151  91.8246
1152  91.8246
1153  91.8246
1154  93.0582
1155  91.8246
1156  91.8246
1157  93.0582
1158  91.8246
1159  91.8246
1160  93.0582
1161  91.8246
1162  91.8246
1163  93.0582
1164  93.0582
1165  93.0582
1166  91.8246
1167  91.8246
1168  91.8246
1169  91.8246
1170  89.1421
1171  89.1421
1172  89.1421
1173  89.1421
1174  89.1421
1175  89.1421
1176  89.1421
1177  89.1421
1178  89.1421
1179  89.1421
1180  89.1421
1181  89.1421
1182  89.1421
1183  89.1421
1184  89.1421
1185  89.1421
1186  89.1421
1187  89.1421
1188  89.1421
1189  89.1421
1190  89.1421
1191  89.1421
1192  89.1421
1193  89.1421
1194  89.1421
1195  89.1421
1196  89.1421
1197  89.1421
1198  89.1421
1199  89.1421
1200  89.1421
1201  89.1421
1202  89.1421
1203  89.1421
1204  89.1421
1205  89.1421
1206  89.1421
1207  89.1421
1208  89.1421
1209  89.1421
1210  89.1421
1211  89.1421
1212  89.1421
1213  89.1421
1214  89.1421
1215  89.1421
1216  89.1421
1217  89.1421
1218  89.1421
1219  89.1421
1220  89.1421
1221  89.1421
1222  89.1421
1223  89.1421
1224  89.1421
1225  89.1421
1226  89.1421
1227  89.1421
1228  89.1421
1229  89.1421
1230  89.1421
1231  89.1421
1232  89.1421
1233  89.1421
1234  89.1421
1235  89.1421
1236  89.1421
1237  89.1421
1238  89.1421
1239  89.1421
1240  89.1421
1241  89.1421
1242  89.1421
1243  89.1421
1244  89.1421
1245  89.1421
1246  89.1421
1247  89.1421
1248  89.1421
1249  89.1421
1250  89.1421
1251  89.1421
1252  89.1421
1253  89.1421
1254  89.1421
1255  89.1421
1256  89.1421
1257  89.1421
1258  89.1421
1259  89.1421
1260  89.1421
1261  89.1421
1262  89.1421
1263  89.1421
1264  89.1421
1265  89.1421
1266  89.1421
1267  89.1421
1268  89.1421
1269  89.1421
1270  89.1421
1271  89.1421
1272  89.1421
1273  89.1421
1274  89.1421
1275  89.1421
1276  89.1421
1277  89.1421
1278  89.1421
1279  89.1421
1280  89.1421
1281  89.1421
1282  89.1421
1283  89.1421
1284  89.1421
1285  89.1421
1286  89.1421
1287  89.1421
1288  89.1421
1289  89.1421
1290  89.1421
1291  89.1421
1292  89.1421
1293  89.1421
1294  89.1421
1295  89.1421
1296  89.1421
1297  89.1421
1298  89.1421
1299  89.1421
1300  89.1421
1301  89.1421
1302  89.1421
1303  89.1421
1304  89.1421
1305  89.1421
1306  89.1421
1307  89.1421
1308  89.1421
1309  89.1421
1310  89.1421
1311  89.1421
1312  89.1421
1313  89.1421
1314  89.1421
1315  89.1421
1316  89.1421
1317  89.1421
1318  89.1421
1319  89.1421
1320  89.1421
1321  89.1421
1322  89.1421
1323  89.1421
1324  89.1421
1325  89.1421
1326  89.1421
1327  89.1421
1328  89.1421
1329  89.1421
1330  89.1421
1331  89.1421
1332  89.1421
1333  89.1421
1334  89.1421
1335  89.1421
1336  89.1421
1337  89.1421
1338  89.1421
1339  89.1421
1340  89.1421
1341  89.1421
1342  89.1421
1343  89.1421
1344  89.1421
1345  89.1421
1346  89.1421
1347  89.1421
1348  89.1421
1349  89.1421
1350  89.1421
1351  89.1421
1352  89.1421
1353  89.1421
1354  89.1421
1355  89.1421
1356  89.1421
1357  89.1421
1358  89.1421
1359  89.1421
1360  89.1421
1361  89.1421
1362  89.1421
1363  89.1421
1364  89.1421
1365  89.1421
1366  89.1421
1367  89.1421
1368  89.1421
1369  89.1421
1370  89.1421
1371  89.1421
1372  89.1421
1373  89.1421
1374  89.1421
1375  89.1421
1376  89.1421
1377  89.1421
1378  89.1421
1379  89.1421
1380  89.1421
1381  89.1421
1382  89.1421
1383  89.1421
1384  89.1421
1385  89.1421
1386  89.1421
1387  89.1421
1388  89.1421
1389  89.1421
1390  87.9575
1391  87.9575
1392  87.9575
1393  87.9575
1394  87.9575
1395  87.9575
1396  87.9575
1397  87.9575
1398  87.9575
1399  87.9575
1400  87.9575
1401  87.9575
1402  87.9575
1403  87.9575
1404  87.9575
1405  87.9575
1406  87.9575
1407  87.9575
1408  87.9575
1409  87.9575
1410  87.9575
1411  87.9575
1412  87.9575
1413  87.9575
1414  87.9575
1415  87.9575
1416  87.9575
1417  87.9575
1418  87.9575
1419  87.9575
1420  87.9575
1421  87.9575
1422  87.9575
1423  87.9575
1424  87.9575
1425  87.9575
1426  87.9575
1427  87.9575
1428  87.9575
1429  87.9575
1430  87.9575
1431  87.9575
1432  87.9575
1433  87.9575
1434  87.9575
1435  87.9575
1436  87.9575
1437  87.9575
1438  87.9575
1439  87.9575
1440  87.9575
1441  87.9575
1442  87.9575
1443  87.9575
1444  87.9575
1445  87.9575
1446  87.9575
1447  87.9575
1448  87.9575
1449  87.9575
1450  87.9575
1451  87.9575
1452  87.9575
1453  87.9575
1454  87.9575
1455  87.9575
1456  87.9575
1457  87.9575
1458  87.9575
1459  87.9575
1460  87.9575
1461  87.9575
1462  87.9575
1463  87.9575
1464  87.9575
1465  87.9575
1466  87.9575
1467  87.9575
1468  87.9575
1469  87.9575
1470  87.9575
1471  87.9575
1472  87.9575
1473  87.9575
1474  87.9575
1475  87.9575
1476  87.9575
1477  87.9575
1478  87.9575
1479  87.9575
1480  87.9575
1481  87.9575
1482  87.9575
1483  87.9575
1484  87.9575
1485  87.9575
1486  87.9575
1487  87.9575
1488  87.9575
1489  87.9575
1490  87.9575
1491  87.9575
1492  87.9575
1493  87.9575
1494  87.9575
1495  87.9575
1496  87.9575
1497  87.9575
1498  87.9575
1499  87.9575
1500  87.9575
1501  87.9575
1502  87.9575
1503  87.9575
1504  87.9575
1505  87.9575
1506  87.9575
1507  87.9575
1508  87.9575
1509  87.9575
1510  87.9575
1511  87.9575
1512  87.9575
1513  87.9575
1514  87.9575
1515  87.9575
1516  87.9575
1517  87.9575
1518  87.9575
1519  87.9575
1520  87.9575
1521  87.9575
1522  87.9575
1523  87.9575
1524  87.9575
1525  87.9575
1526  87.9575
1527  87.5991
1528  87.9575
1529  87.9575
1530  87.9575
1531  87.5991
1532  87.5991
1533  87.9575
1534  87.5991
1535  87.5991
1536  87.5991
1537  87.5991
1538  87.5991
1539  87.5991
1540  87.5991
1541  87.5991
1542  87.9575
1543  87.5991
1544  87.5991
1545  87.5991
1546  87.5991
1547  87.5991
1548  87.9575
1549  87.5991
1550  87.5991
1551  87.9575
1552  87.9575
1553  87.5991
1554  87.5991
1555  87.5991
1556  87.5991
1557  87.9575
1558  87.9575
1559  87.5991
1560  87.5991
1561  87.5991
1562  87.9575
1563  87.5991
1564  87.9575
1565  87.5991
1566  87.5991
1567  87.9575
1568  87.5991
1569  87.5991
1570  87.9575
1571  87.5991
1572  87.5991
1573  87.9575
1574  87.5991
1575  87.5991
1576  87.5991
1577  87.9575
1578  87.5991
1579  87.5991
1580  87.5991
1581  87.5991
1582  87.5991
1583  87.5991
1584  87.9575
1585  87.5991
1586  87.5991
1587  87.9575
1588  87.5991
1589  87.5991
1590  87.5991
1591  87.5991
1592  87.5991
1593  87.5991
1594  87.9575
1595  87.5991
1596  87.5991
1597  87.5991
1598  87.9575
1599  87.9575
1600  87.5991
1601  87.9575
1602  87.5991
1603  87.9575
1604  87.5991
1605  87.9575
1606  87.5991
1607  87.5991
1608  87.9575
1609  87.5991
1610  87.5991
1611  87.5991
1612  87.5991
1613  87.5991
1614  87.5991
1615  87.9575
1616  87.9575
1617  87.9575
1618  87.9575
1619  87.5991
1620  87.5991
1621  87.9575
1622  87.5991
1623  87.5991
1624  87.5991
1625  87.5991
1626  87.9575
1627  87.9575
1628  87.5991
1629  87.5991
1630  87.9575
1631  87.5991
1632  87.5991
1633  87.5991
1634  87.5991
1635  87.5991
1636  87.5991
1637  87.9575
1638  87.394
1639  87.394
1640  87.394
1641  87.394
1642  87.394
1643  87.394
1644  87.394
1645  87.394
1646  87.394
1647  87.394
1648  87.394
1649  87.394
1650  87.394
1651  87.394
1652  87.394
1653  87.394
1654  87.394
1655  87.394
1656  87.394
1657  87.394
1658  87.394
1659  87.394
1660  87.394
1661  87.394
1662  87.394
1663  87.394
1664  87.394
1665  87.394
1666  87.394
1667  87.394
1668  87.394
1669  87.394
1670  87.394
1671  87.394
1672  87.394
1673  87.394
1674  87.394
1675  87.394
1676  87.394
1677  87.394
1678  87.394
1679  87.394
1680  87.394
1681  87.394
1682  87.394
1683  87.394
1684  87.394
1685  87.394
1686  87.394
1687  87.394
1688  87.394
1689  87.394
1690  87.394
1691  87.394
1692  87.394
1693  87.394
1694  87.394
1695  87.394
1696  87.394
1697  87.394
1698  87.394
1699  87.394
1700  87.394
1701  87.394
1702  87.394
1703  87.394
1704  87.394
1705  87.394
1706  87.394
1707  87.394
1708  87.394
1709  87.394
1710  87.394
1711  87.394
1712  87.394
1713  87.394
1714  87.394
1715  87.394
1716  87.394
1717  87.394
1718  87.394
1719  87.394
1720  87.394
1721  87.394
1722  87.394
1723  87.394
1724  87.394
1725  87.394
1726  87.394
1727  87.394
1728  87.394
1729  87.394
1730  87.394
1731  87.394
1732  87.394
1733  86.0723
1734  86.0723
1735  87.394
1736  87.394
1737  86.0723
1738  86.0723
1739  87.394
1740  86.0723
1741  86.0723
1742  87.394
1743  86.0723
1744  87.394
1745  86.0723
1746  86.0723
1747  87.394
1748  87.394
1749  86.0723
1750  87.394
1751  87.394
1752  86.0723
1753  87.394
1754  86.0723
1755  87.394
1756  86.0723
1757  86.0723
1758  87.394
1759  86.0723
1760  86.0723
1761  86.0723
1762  86.0723
1763  86.0723
1764  86.0723
1765  86.0723
1766  86.0723
1767  86.0723
1768  86.0723
1769  87.394
1770  86.0723
1771  87.394
1772  86.0723
1773  87.394
1774  86.0723
1775  86.0723
1776  87.394
1777  87.394
1778  86.0723
1779  86.0723
1780  86.0723
1781  87.394
1782  86.0723
1783  86.0723
1784  87.394
1785  87.394
1786  86.0723
1787  87.394
1788  86.0723
1789  86.0723
1790  86.0723
1791  87.394
1792  86.0723
1793  86.0723
1794  86.0723
1795  87.394
1796  87.394
1797  86.0723
1798  86.0723
1799  86.0723
1800  86.0723
1801  86.0723
1802  86.0723
1803  86.0723
1804  87.394
1805  86.0723
1806  86.0723
1807  87.394
1808  86.0723
1809  87.394
1810  86.0723
1811  86.0723
1812  87.394
1813  86.0723
1814  85.9656
1815  85.9656
1816  85.9656
1817  86.6222
1818  85.9656
1819  85.9656
1820  86.6222
1821  85.9656
1822  85.9656
1823  85.9656
1824  85.9656
1825  85.9656
1826  85.9656
1827  86.6222
1828  85.9656
1829  86.6222
1830  85.9656
1831  86.6222
1832  86.6222
1833  85.9656
1834  85.9656
1835  86.6222
1836  85.9656
1837  85.9656
1838  85.9656
1839  85.9656
1840  85.9656
1841  86.6222
1842  85.9656
1843  85.9656
1844  86.6222
1845  85.9656
1846  85.9656
1847  86.6222
1848  86.6222
1849  86.6222
1850  85.9656
1851  86.6222
1852  85.9656
1853  85.9656
1854  86.6222
1855  82.9002
1856  82.9002
1857  86.6222
1858  82.9002
1859  82.9002
1860  86.6222
1861  86.6222
1862  82.9002
1863  82.9002
1864  86.6222
1865  82.9002
1866  82.9002
1867  86.6222
1868  82.9002
1869  86.6222
1870  83.6674
1871  83.6674
1872  82.9002
1873  82.9002
1874  83.6674
1875  82.9002
1876  82.9002
1877  82.9002
1878  82.9002
1879  83.6674
1880  83.6674
1881  82.9002
1882  82.9002
1883  82.9002
1884  82.9002
1885  82.9002
1886  82.9002
1887  82.9002
1888  82.9002
1889  83.6674
1890  82.9002
1891  82.9002
1892  83.6674
1893  82.9002
1894  82.9002
1895  83.6674
1896  83.6674
1897  83.6674
1898  82.9002
1899  83.6674
1900  83.6674
1901  82.9002
1902  82.9002
1903  82.9002
1904  83.6674
1905  82.9002
1906  82.9002
1907  83.6674
1908  82.9002
1909  82.9002
1910  83.6674
1911  82.9002
1912  82.9002
1913  83.6674
1914  82.9002
1915  83.6674
1916  83.6674
1917  82.9002
1918  82.9002
1919  83.6674
1920  82.9002
1921  82.9002
1922  82.9002
1923  82.9002
1924  83.6674
1925  83.6674
1926  82.9002
1927  82.9002
1928  83.6674
1929  83.6674
1930  82.9002
1931  83.6674
1932  82.9002
1933  82.9002
1934  82.9002
1935  82.9002
1936  83.6674
1937  82.9002
1938  82.9002
1939  83.6674
1940  82.9002
1941  82.9002
1942  83.6674
1943  83.6674
1944  83.6674
1945  82.9002
1946  82.9002
1947  82.9002
1948  83.6674
1949  82.9002
1950  82.9002
1951  82.9002
1952  82.9002
1953  83.6674
1954  82.9002
1955  82.9002
1956  82.9002
1957  82.9002
1958  83.6674
1959  82.9002
1960  82.9002
1961  82.9002
1962  83.6674
1963  83.6674
1964  82.9002
1965  82.9002
1966  83.6674
1967  82.9002
1968  82.9002
1969  82.9002
1970  82.9002
1971  82.9002
1972  82.9002
1973  82.9002
1974  82.9002
1975  82.9002
1976  83.6674
1977  82.9002
1978  82.9002
1979  82.9002
1980  83.6674
1981  83.6674
1982  83.6674
1983  82.9002
1984  82.9002
1985  83.6674
1986  82.9002
1987  82.9002
1988  82.9002
1989  82.9002
1990  82.9002
1991  82.9002
1992  82.9002
1993  82.9002
1994  83.6674
1995  83.6674
1996  82.9002
1997  82.9002
1998  82.9002
1999  82.9002
2000  83.6674
2001  82.9002
2002  83.6674
2003  83.6674
2004  83.6674
2005  82.9002
2006  83.6674
2007  82.9002
2008  83.6674
2009  82.9002
2010  82.9002
2011  83.6674
2012  82.9002
2013  83.6674
2014  82.9002
2015  82.9002
2016  83.338
2017  83.338
2018  82.9002
2019  82.9002
2020  83.338
2021  82.9002
2022  82.9002
2023  83.338
2024  82.9002
2025  82.9002
2026  83.338
2027  82.9002
2028  82.9002
2029  83.338
2030  83.338
2031  83.338
2032  83.338
2033  82.9002
2034  82.9002
2035  83.338
2036  82.9002
2037  82.9002
2038  82.9002
2039  82.9002
2040  82.9002
2041  82.9002
2042  83.338
2043  83.338
2044  83.338
2045  83.338
2046  82.9002
2047  82.9002
2048  82.9002
2049  82.9002
2050  83.338
2051  82.9002
2052  83.338
2053  82.9002
2054  82.9002
2055  82.9002
2056  82.9002
2057  82.9002
2058  83.338
2059  82.9002
2060  82.9002
2061  83.338
2062  83.338
2063  82.9002
2064  82.9002
2065  82.9002
2066  83.338
2067  82.9002
2068  82.9002
2069  83.338
2070  83.338
2071  82.9002
2072  82.9002
2073  83.2976
2074  83.2976
2075  83.2976
2076  82.9002
2077  83.2976
2078  82.9002
2079  83.2976
2080  82.9002
2081  82.9002
2082  82.9002
2083  82.9002
2084  83.2976
2085  82.9002
2086  83.2976
2087  83.2976
2088  82.9002
2089  82.9002
2090  83.2976
2091  82.9002
2092  82.9002
2093  82.9002
2094  83.2976
2095  83.2976
2096  82.9002
2097  83.2976
2098  82.9002
2099  82.9002
2100  82.9002
2101  82.9002
2102  82.9002
2103  83.2976
2104  82.9002
2105  82.9002
2106  83.2976
2107  82.9002
2108  82.9002
2109  82.9002
2110  82.9002
2111  82.9002
2112  82.9002
2113  82.9002
2114  83.2976
2115  82.9002
2116  82.9002
2117  82.9002
2118  83.2976
2119  83.2976
2120  82.9002
2121  82.9002
2122  82.9002
2123  83.2976
2124  82.9002
2125  82.9002
2126  82.9002
2127  83.2976
2128  82.9002
2129  82.9002
2130  83.2976
2131  82.9002
2132  82.9002
2133  83.2976
2134  83.2976
2135  82.9002
2136  82.9002
2137  82.9002
2138  82.9002
2139  82.9002
2140  83.2976
2141  82.9002
2142  82.9002
2143  82.9002
2144  82.9002
2145  82.9002
2146  83.2976
2147  82.9002
2148  82.9002
2149  82.9002
2150  82.9002
2151  82.9002
2152  82.9002
2153  82.9002
2154  83.2976
2155  82.9002
2156  82.9002
2157  82.9002
2158  82.9002
2159  82.9002
2160  82.9002
2161  82.9002
2162  82.9002
2163  82.9002
2164  82.9002
2165  82.9002
2166  82.9002
2167  83.2976
2168  82.9002
2169  82.9002
2170  82.9002
2171  82.9002
2172  82.9002
2173  82.9002
2174  83.2976
2175  83.2976
2176  82.9002
2177  82.9002
2178  83.2976
2179  82.9002
2180  82.9002
2181  83.1807
2182  82.9002
2183  82.9002
2184  82.9002
2185  82.9002
2186  82.9002
2187  82.9002
2188  82.9002
2189  82.9002
2190  82.9002
2191  83.1807
2192  82.9002
2193  82.9002
2194  83.1807
2195  83.1807
2196  82.9002
2197  82.9002
2198  82.9002
2199  82.9002
2200  83.1807
2201  83.1807
2202  82.9002
2203  82.9002
2204  82.9002
2205  82.9002
2206  83.1807
2207  82.9002
2208  82.9002
2209  82.9002
2210  83.1807
2211  82.9002
2212  82.9002
2213  83.1807
2214  82.9002
2215  82.9002
2216  82.9002
2217  82.9002
2218  83.1807
2219  82.9002
2220  82.9002
2221  83.1807
2222  82.9002
2223  82.9002
2224  83.1807
2225  82.9002
2226  82.9002
2227  82.9002
2228  83.1807
2229  82.9002
2230  82.9002
2231  83.1807
2232  82.9002
2233  82.9002
2234  83.1807
2235  83.1807
2236  82.9002
2237  82.9002
2238  82.9002
2239  82.0889
2240  82.0889
2241  82.0889
2242  82.0889
2243  82.0889
2244  83.1807
2245  82.0889
2246  82.0889
2247  82.0889
2248  82.0889
2249  82.0889
2250  83.1807
2251  83.1807
2252  82.0889
2253  82.0889
2254  83.1807
2255  82.0889
2256  82.0889
2257  83.1807
2258  82.0889
2259  83.1807
2260  82.0889
2261  82.0889
2262  82.0889
2263  83.1807
2264  83.1807
2265  82.0889
2266  82.0889
2267  82.0889
2268  82.0889
2269  82.0889
2270  82.0889
2271  83.1807
2272  83.1807
2273  82.0889
2274  82.0889
2275  82.0889
2276  82.0889
2277  82.0889
2278  83.1807
2279  83.1807
2280  82.0889
2281  83.1807
2282  83.1807
2283  83.1807
2284  82.0889
2285  83.1807
2286  83.1807
2287  82.0889
2288  82.0889
2289  82.0889
2290  82.0889
2291  83.1807
2292  83.1807
2293  82.0889
2294  82.0889
2295  82.0889
2296  82.0889
2297  83.1807
2298  82.0889
2299  82.0889
2300  82.0889
2301  83.1807
2302  83.1807
2303  82.0889
2304  82.0889
2305  83.1807
2306  83.1807
2307  82.0889
2308  82.0889
2309  83.1807
2310  83.1807
2311  83.1807
2312  82.0889
2313  83.1807
2314  83.1807
2315  83.1807
2316  83.1807
2317  82.0889
2318  82.0889
2319  83.1807
2320  82.0889
2321  82.0889
2322  82.0889
2323  83.1807
2324  83.1807
2325  83.1807
2326  83.1807
2327  82.0889
2328  82.0889
2329  82.0889
2330  83.1807
2331  82.0889
2332  82.0889
2333  82.0889
2334  82.0889
2335  83.1807
2336  82.0889
2337  82.0889
2338  83.1807
2339  82.0889
2340  82.0889
2341  82.0889
2342  82.0889
2343  83.1807
2344  82.0889
2345  82.0889
2346  83.1807
2347  83.1807
2348  83.1807
2349  82.0889
2350  82.0889
2351  83.1807
2352  83.1807
2353  82.0889
2354  82.0889
2355  83.1807
2356  82.0889
2357  82.0889
2358  82.0889
2359  82.0889
2360  83.1807
2361  82.0889
2362  82.0889
2363  82.0889
2364  82.0889
2365  82.0889
2366  82.0889
2367  82.0889
2368  82.0889
2369  82.0889
2370  83.1807
2371  83.1807
2372  82.0889
2373  82.0889
2374  82.0889
2375  82.0889
2376  82.0889
2377  82.0889
2378  83.1807
2379  82.0889
2380  82.0889
2381  83.1807
2382  82.0889
2383  82.0889
2384  82.0889
2385  80.5918
2386  80.5918
2387  80.5918
2388  80.5918
2389  80.5918
2390  80.5918
2391  80.5918
2392  80.5918
2393  80.5918
2394  80.5918
2395  80.5918
2396  80.5918
2397  80.5918
2398  80.5918
2399  80.5918
2400  80.5918
2401  80.5918
2402  80.5918
2403  80.5918
2404  80.5918
2405  80.5918
2406  80.5918
2407  80.5918
2408  80.5918
2409  80.5918
2410  80.5918
2411  80.5918
2412  80.5918
2413  80.5918
2414  80.5918
2415  80.5918
2416  80.5918
2417  80.5918
2418  80.5918
2419  80.5918
2420  80.5918
2421  80.5918
2422  80.5918
2423  80.5918
2424  80.5918
2425  80.5918
2426  80.5918
2427  80.5918
2428  80.5918
2429  80.5918
2430  80.5918
2431  80.5918
2432  80.5918
2433  80.5918
2434  80.5918
2435  80.5918
2436  80.5918
2437  80.5918
2438  80.5918
2439  80.5918
2440  80.5918
2441  80.5918
2442  80.5918
2443  80.5918
2444  80.5918
2445  80.5918
2446  80.5918
2447  80.5918
2448  80.5918
2449  80.5918
2450  80.5918
2451  80.5918
2452  80.5918
2453  80.5918
2454  80.5918
2455  80.5918
2456  80.5918
2457  80.5918
2458  80.5918
2459  80.5918
2460  80.5918
2461  80.5918
2462  80.5918
2463  80.5918
2464  80.5918
2465  80.5918
2466  80.5918
2467  80.5918
2468  80.5918
2469  80.5918
2470  80.5918
2471  80.5918
2472  80.5918
2473  80.5918
2474  80.5918
2475  80.5918
2476  80.5918
2477  80.5918
2478  80.5918
2479  80.5918
2480  80.5918
2481  80.5918
2482  80.5918
2483  80.5918
2484  80.5918
2485  80.5918
2486  80.5918
2487  80.5918
2488  80.5918
2489  80.5918
2490  80.5918
2491  80.5918
2492  80.5918
2493  80.5918
2494  80.5918
2495  80.5918
2496  80.5918
2497  80.5918
2498  80.5918
2499  80.5918
2500  80.5918
2501  80.5918
2502  80.5918
2503  80.5918
2504  80.5918
2505  80.5918
2506  80.5918
2507  81.0278
2508  80.5918
2509  80.5918
2510  80.5918
2511  81.0278
2512  81.0278
2513  80.5918
2514  80.5918
2515  80.5918
2516  81.0278
2517  80.5918
2518  80.5918
2519  80.5918
2520  80.5918
2521  81.0278
2522  80.5918
2523  81.0278
2524  80.5918
2525  80.5918
2526  80.5918
2527  81.0278
2528  80.5918
2529  81.0278
2530  80.5918
2531  80.5918
2532  80.5918
2533  81.0278
2534  81.0278
2535  81.0278
2536  81.0278
2537  81.0278
2538  80.5918
2539  80.5918
2540  81.0278
2541  80.5918
2542  80.5918
2543  81.0278
2544  80.5918
2545  80.5918
2546  81.0278
2547  81.0278
2548  80.5918
2549  80.5918
2550  80.5918
2551  80.5918
2552  80.5918
2553  80.5918
2554  80.5918
2555  80.5918
2556  81.0278
2557  81.0278
2558  81.0278
2559  80.5918
2560  80.5918
2561  80.5918
2562  80.5918
2563  80.5918
2564  80.5918
2565  81.0278
2566  81.0278
2567  80.5918
2568  80.5918
2569  80.5918
2570  81.0278
2571  80.5918
2572  80.5918
2573  80.5918
2574  80.5918
2575  80.5918
2576  80.5918
2577  80.5918
2578  80.5918
2579  80.5918
2580  81.0278
2581  80.5918
2582  80.5918
2583  80.5918
2584  80.5918
2585  81.0278
2586  80.5918
2587  80.5918
2588  81.0278
2589  80.5918
2590  80.5918
2591  80.5918
2592  80.5918
2593  80.5918
2594  81.0278
2595  80.5918
2596  80.5918
2597  81.0278
2598  80.5918
2599  81.0278
2600  81.0278
2601  80.5918
2602  80.5918
2603  80.5918
2604  80.5918
2605  81.0278
2606  80.5918
2607  80.5918
2608  80.5918
2609  81.0278
2610  81.0278
2611  80.5918
2612  81.0278
2613  80.5918
2614  80.5918
2615  80.5918
2616  80.5918
2617  80.5918
2618  81.0278
2619  80.5918
2620  80.5918
2621  81.0278
2622  80.5918
2623  80.5918
2624  80.5918
2625  80.5918
2626  80.5918
2627  80.5918
2628  80.5918
2629  80.5918
2630  80.5918
2631  80.5918
2632  80.5918
2633  80.5918
2634  80.5918
2635  81.0278
2636  80.5918
2637  81.0278
2638  80.5918
2639  80.5918
2640  81.0278
2641  80.5918
2642  80.5918
2643  81.0278
2644  80.5918
2645  80.5918
2646  80.5918
2647  80.5918
2648  81.0278
2649  80.5918
2650  80.5918
2651  80.5918
2652  81.0278
2653  80.5918
2654  80.5918
2655  81.0278
2656  80.5918
2657  80.5918
2658  80.5918
2659  81.0278
2660  79.6152
2661  79.6152
2662  79.6152
2663  79.6152
2664  79.6152
2665  79.6152
2666  79.6152
2667  79.6152
2668  79.6152
2669  79.6152
2670  79.6152
2671  79.6152
2672  79.6152
2673  79.6152
2674  79.6152
2675  79.6152
2676  79.6152
2677  79.6152
2678  79.6152
2679  79.6152
2680  79.6152
2681  79.6152
2682  79.6152
2683  79.6152
2684  79.6152
2685  79.6152
2686  79.6152
2687  79.6152
2688  79.6152
2689  79.6152
2690  79.6152
2691  79.6152
2692  79.6152
2693  79.6152
2694  79.6152
2695  79.6152
2696  79.6152
2697  79.6152
2698  79.6152
2699  79.6152
2700  79.6152
2701  79.6152
2702  79.6152
2703  79.6152
2704  79.6152
2705  79.6152
2706  79.6152
2707  79.6152
2708  79.6152
2709  79.6152
2710  79.6152
2711  79.6152
2712  79.6152
2713  79.6152
2714  79.6152
2715  79.6152
2716  79.6152
2717  79.6152
2718  79.6152
2719  79.6152
2720  79.6152
2721  79.6152
2722  79.6152
2723  79.6152
2724  79.6152
2725  79.6152
2726  79.6152
2727  79.6152
2728  79.6152
2729  79.6152
2730  79.6152
2731  79.6152
2732  79.6152
2733  79.6152
2734  79.6152
2735  79.6152
2736  79.6152
2737  79.6152
2738  79.6152
2739  79.6152
2740  79.6152
2741  79.6152
2742  79.6152
2743  79.6152
2744  79.6152
2745  79.6152
2746  79.6152
2747  79.6152
2748  79.6152
2749  79.6152
2750  79.6152
2751  79.6152
2752  79.6152
2753  79.6152
2754  79.6152
2755  79.6152
2756  79.6152
2757  79.6152
2758  79.6152
2759  79.6152
2760  79.6152
2761  79.6152
2762  79.6152
2763  79.6152
2764  79.6152
2765  79.6152
2766  79.6152
2767  79.6152
2768  79.6152
2769  79.6152
2770  79.6152
2771  79.6152
2772  79.6152
2773  79.6152
2774  79.6152
2775  79.6152
2776  79.6152
2777  79.6152
2778  79.6152
2779  79.6152
2780  79.6152
2781  79.6152
2782  79.6152
2783  79.6152
2784  79.6152
2785  79.6152
2786  79.6152
2787  79.6152
2788  79.6152
2789  79.6152
2790  79.6152
2791  79.6152
2792  79.6152
2793  79.6152
2794  79.6152
2795  79.6152
2796  79.6152
2797  79.6152
2798  79.6152
2799  79.6152
2800  79.6152
2801  79.6152
2802  79.6152
2803  79.6152
2804  79.6152
2805  79.6152
2806  79.6152
2807  79.6152
2808  79.6152
2809  79.6152
2810  79.6152
2811  79.6152
2812  79.6152
2813  79.6152
2814  79.6152
2815  79.6152
2816  79.6152
2817  79.6152
2818  79.6152
2819  79.6152
2820  79.6152
2821  79.6152
2822  79.6152
2823  79.6152
2824  79.6152
2825  79.6152
2826  79.6152
2827  79.6152
2828  79.6152
2829  79.6152
2830  79.6152
2831  79.6152
2832  79.6152
2833  79.6152
2834  79.6152
2835  79.6152
2836  79.6152
2837  79.6152
2838  79.6152
2839  79.6152
2840  79.6152
2841  79.6152
2842  79.6152
2843  79.6152
2844  79.6152
2845  79.6152
2846  79.6152
2847  79.6152
2848  79.6152
2849  79.6152
2850  79.6152
2851  79.6152
2852  79.6152
2853  79.6152
2854  79.6152
2855  79.6152
2856  79.6152
2857  79.6152
2858  79.6152
2859  79.6152
2860  79.6152
2861  79.6152
2862  79.6152
2863  79.6152
2864  79.6152
2865  79.6152
2866  79.6152
2867  79.6152
2868  79.6152
2869  79.6152
2870  79.6152
2871  79.6152
2872  79.6152
2873  79.6152
2874  79.6152
2875  79.6152
2876  79.6152
2877  79.6152
2878  79.6152
2879  79.6152
2880  79.6152
2881  79.6152
2882  79.6152
2883  79.6152
2884  79.6152
2885  79.6152
2886  79.6152
2887  79.6152
2888  79.6152
2889  79.6152
2890  79.6152
2891  79.6152
2892  79.6152
2893  79.6152
2894  79.6152
2895  79.6152
2896  79.6152
2897  79.6152
2898  79.6152
2899  79.6152
2900  79.6152
2901  79.6152
2902  79.6152
2903  79.6152
2904  79.6152
2905  79.6152
2906  79.6152
2907  79.6152
2908  79.6152
2909  79.6152
2910  79.6152
2911  79.6152
2912  79.6152
2913  79.6152
2914  79.6152
2915  79.6152
2916  79.6152
2917  79.6152
2918  79.6152
2919  79.6152
2920  79.6152
2921  79.6152
2922  79.6152
2923  79.6152
2924  79.6152
2925  79.6152
2926  79.6152
2927  79.6152
2928  79.6152
2929  79.6152
2930  79.6152
2931  79.6152
2932  79.6152
2933  79.6152
2934  79.6152
2935  79.6152
2936  79.6152
2937  79.6152
2938  79.6152
2939  79.6152
2940  79.6152
2941  79.6152
2942  79.6152
2943  79.6152
2944  79.6152
2945  79.6152
2946  79.6152
2947  79.6152
2948  79.6152
2949  79.6152
2950  79.6152
2951  79.6152
2952  79.6152
2953  79.6152
2954  79.6152
2955  79.6152
2956  79.6152
2957  79.6152
2958  79.6152
2959  79.6152
2960  79.6152
2961  79.6152
2962  79.6152
2963  79.6152
2964  79.6152
2965  79.6152
2966  79.6152
2967  79.6152
2968  79.6152
2969  79.6152
2970  79.6152
2971  79.6152
2972  79.6152
2973  79.6152
2974  79.6152
2975  79.6152
2976  79.6152
2977  79.6152
2978  79.6152
2979  79.6152
2980  79.6152
2981  79.6152
2982  79.6152
2983  79.6152
2984  79.6152
2985  79.6152
2986  79.6152
2987  79.6152
2988  79.6152
2989  79.6152
2990  79.6152
2991  79.6152
2992  79.6152
2993  79.6152
2994  79.6152
2995  79.6152
2996  79.6152
2997  79.6152
2998  79.6152
2999  79.6152
3000  79.6152
3001  79.6152
3002  79.6152
3003  79.6152
3004  79.6152
3005  79.6152
3006  79.6152
3007  79.6152
3008  79.6152
3009  79.6152
3010  79.6152
3011  79.6152
3012  79.6152
3013  79.6152
3014  79.6152
3015  79.6152
3016  79.6152
3017  79.6152
3018  79.6152
3019  79.6152
3020  79.6152
3021  79.6152
3022  79.6152
3023  79.6152
3024  79.6152
3025  79.6152
3026  79.6152
3027  79.6152
3028  79.6152
3029  79.6152
3030  79.6152
3031  79.6152
3032  79.6152
3033  79.6152
3034  79.6152
3035  79.6152
3036  79.6152
3037  79.6152
3038  79.6152
3039  79.6152
3040  79.6152
3041  79.6152
3042  79.6152
3043  79.6152
3044  79.6152
3045  79.6152
3046  79.6152
3047  79.6152
3048  79.6152
3049  79.6152
3050  79.6152
3051  79.6152
3052  79.6152
3053  79.6152
3054  79.6152
3055  79.6152
3056  79.6152
3057  79.6152
3058  79.6152
3059  79.6152
3060  79.6152
3061  79.6152
3062  79.6152
3063  79.6152
3064  79.6152
3065  79.6152
3066  79.6152
3067  79.6152
3068  79.6152
3069  79.6152
3070  79.6152
3071  79.6152
3072  79.6152
3073  79.6152
3074  79.6152
3075  79.6152
3076  79.6152
3077  79.6152
3078  79.6152
3079  79.6152
3080  79.6152
3081  79.6152
3082  79.6152
3083  79.6152
3084  79.6152
3085  79.6152
3086  79.6152
3087  79.6152
3088  79.6152
3089  79.6152
3090  79.6152
3091  79.6152
3092  79.6152
3093  79.6152
3094  79.6152
3095  79.6152
3096  79.6152
3097  79.6152
3098  79.6152
3099  79.6152
3100  79.6152
3101  79.6152
3102  79.6152
3103  79.6152
3104  79.6152
3105  79.6152
3106  79.6152
3107  79.6152
3108  79.6152
3109  79.6152
3110  79.6152
3111  79.6152
3112  79.6152
3113  79.6152
3114  79.6152
3115  79.6152
3116  79.6152
3117  79.6152
3118  79.6152
3119  79.6152
3120  79.6152
3121  79.6152
3122  79.6152
3123  79.6152
3124  79.6152
3125  79.6152
3126  79.6152
3127  79.6152
3128  79.6152
3129  79.6152
3130  79.6152
3131  79.6152
3132  79.6152
3133  79.6152
3134  79.6152
3135  79.6152
3136  79.6152
3137  79.6152
3138  79.6152
3139  79.6152
3140  79.6152
3141  79.6152
3142  79.6152
3143  79.6152
3144  79.6152
3145  79.6152
3146  79.6152
3147  79.6152
3148  79.6152
3149  79.6152
3150  79.6152
3151  79.6152
3152  79.6152
3153  79.6152
3154  79.6152
3155  79.6152
3156  79.6152
3157  79.6152
3158  79.6152
3159  79.6152
3160  79.6152
3161  79.6152
3162  79.6152
3163  79.6152
3164  79.6152
3165  79.6152
3166  79.6152
3167  79.6152
3168  79.6152
3169  79.6152
3170  79.6152
3171  79.6152
3172  79.6152
3173  79.6152
3174  79.6152
3175  79.6152
3176  79.6152
3177  79.6152
3178  79.6152
3179  79.6152
3180  79.6152
3181  79.6152
3182  79.6152
3183  79.6152
3184  79.6152
3185  79.6152
3186  79.6152
3187  79.6152
3188  79.6152
3189  79.6152
3190  79.6152
3191  79.6152
3192  79.6152
3193  79.6152
3194  79.6152
3195  79.6152
3196  79.6152
3197  79.6152
3198  79.6152
3199  79.6152
3200  79.6152
3201  79.6152
3202  79.6152
3203  79.6152
3204  79.6152
3205  79.6152
3206  79.6152
3207  79.6152
3208  79.6152
3209  79.6152
3210  79.6152
3211  79.6152
3212  79.6152
3213  79.6152
3214  79.6152
3215  79.6152
3216  79.6152
3217  79.6152
3218  79.6152
3219  79.6152
3220  79.6152
3221  79.6152
3222  80.7344
3223  79.6152
3224  79.6152
3225  79.6152
3226  79.6152
3227  80.7344
3228  79.6152
3229  79.6152
3230  79.6152
3231  80.7344
3232  80.7344
3233  79.6152
3234  79.6152
3235  80.7344
3236  79.6152
3237  79.6152
3238  79.6152
3239  80.7344
3240  79.6152
3241  79.6152
3242  80.7344
3243  79.6152
3244  79.6152
3245  79.6152
3246  79.6152
3247  80.7344
3248  79.6152
3249  80.7344
3250  79.6152
3251  80.7344
3252  80.7344
3253  79.6152
3254  79.6152
3255  79.6152
3256  79.6152
3257  80.7344
3258  79.6152
3259  80.7344
3260  79.6152
3261  79.6152
3262  80.7344
3263  80.7344
3264  79.6152
3265  79.6152
3266  79.6152
3267  79.6152
3268  80.7344
3269  79.6152
3270  79.6152
3271  80.7344
3272  79.6152
3273  79.6152
3274  80.7344
3275  80.7344
3276  79.6152
3277  79.6152
3278  80.7344
3279  80.7344
3280  79.6152
3281  80.7344
3282  79.6152
3283  79.6152
3284  79.6152
3285  79.6152
3286  80.7344
3287  80.7344
3288  80.7344
3289  79.6152
3290  79.6152
3291  80.7344
3292  79.6152
3293  79.6152
3294  80.7344
3295  80.7344
3296  79.6152
3297  80.7344
3298  79.6152
3299  79.6152
3300  80.7344
3301  79.6152
3302  80.7344
3303  79.6152
3304  79.6152
3305  79.6152
3306  80.7344
3307  79.6152
3308  79.6152
3309  79.6152
3310  80.7344
3311  79.6152
3312  79.6152
3313  79.6152
3314  79.6152
3315  79.6152
3316  79.6152
3317  80.7344
3318  79.6152
3319  79.6152
3320  80.7344
3321  80.7344
3322  79.6152
3323  80.7344
3324  79.6152
3325  79.6152
3326  80.7344
3327  79.6152
3328  79.6152
3329  80.7344
3330  79.6152
3331  79.6152
3332  79.6152
3333  80.7344
3334  79.6152
3335  79.6152
3336  79.6152
3337  79.6152
3338  80.7344
3339  79.6152
3340  79.6152
3341  79.6152
3342  79.6152
3343  80.7344
3344  80.7344
3345  79.6152
3346  79.6152
3347  80.7344
3348  79.6152
3349  79.6152
3350  80.7344
3351  80.7344
3352  79.6152
3353  79.6152
3354  79.6152
3355  79.6152
3356  79.6152
3357  79.6152
3358  79.6152
3359  80.7344
3360  80.7344
3361  79.6152
3362  79.6152
3363  80.7344
3364  79.6152
3365  79.6152
3366  79.6152
3367  79.6152
3368  79.6152
3369  80.7344
3370  79.6152
3371  80.7344
3372  79.6152
3373  79.6152
3374  80.7344
3375  79.6152
3376  79.6152
3377  79.6152
3378  80.7344
3379  80.7344
3380  79.6152
3381  79.6152
3382  80.7344
3383  79.6152
3384  79.6152
3385  80.7344
3386  79.6152
3387  79.6152
3388  80.7344
3389  79.6152
3390  79.6152
3391  80.7344
3392  79.6152
3393  79.6152
3394  79.6152
3395  79.6152
3396  79.6152
3397  80.7344
3398  79.6152
3399  79.6152
3400  79.6152
3401  79.6152
3402  79.6152
3403  79.6152
3404  79.6152
3405  79.6152
3406  79.6152
3407  80.7344
3408  79.6152
3409  79.6152
3410  80.7344
3411  80.7344
3412  80.7344
3413  80.7344
3414  79.6152
3415  80.7344
3416  79.6152
3417  79.6152
3418  79.6152
3419  80.7344
3420  79.6152
3421  79.6152
3422  80.7344
3423  79.6152
3424  79.6152
3425  79.6152
3426  79.6152
3427  79.6152
3428  80.7344
3429  79.6152
3430  80.7344
3431  79.6152
3432  79.6152
3433  79.6152
3434  80.7344
3435  79.6152
3436  80.7344
3437  79.6152
3438  79.6152
3439  80.7344
3440  79.6152
3441  79.6152
3442  80.7344
3443  79.6152
3444  79.6152
3445  80.7344
3446  80.7344
3447  80.7344
3448  80.7344
3449  79.6152
3450  79.6152
3451  79.6152
3452  79.6152
3453  80.7344
3454  80.7344
3455  80.7344
3456  79.6152
3457  80.7344
3458  80.7344
3459  79.6152
3460  79.6152
3461  79.6152
3462  79.6152
3463  79.6152
3464  79.6152
3465  80.7344
3466  79.6152
3467  79.6152
3468  80.7344
3469  80.7344
3470  80.7344
3471  79.6152
3472  79.6152
3473  79.6152
3474  79.6152
3475  80.7344
3476  79.6152
3477  79.6152
3478  80.7344
3479  79.6152
3480  79.6152
3481  79.6152
3482  79.6152
3483  80.7344
3484  79.6152
3485  79.6152
3486  80.7344
3487  80.7344
3488  80.7344
3489  79.6152
3490  79.6152
3491  79.6152
3492  80.7344
3493  80.7344
3494  79.6152
3495  79.6152
3496  80.7344
3497  79.6152
3498  79.6152
3499  79.6152
3500  79.6152
3501  80.7344
3502  79.6152
3503  79.6152
3504  79.6152
3505  79.6152
3506  79.6152
3507  79.6152
3508  79.6152
3509  80.7344
3510  80.7344
3511  80.7344
3512  79.6152
3513  79.6152
3514  79.6152
3515  79.6152
3516  80.7344
3517  79.6152
3518  79.6152
3519  80.7344
3520  79.6152
3521  79.6152
3522  79.6152
3523  79.6152
3524  80.7344
3525  79.6152
3526  79.6152
3527  79.6152
3528  79.6152
3529  79.6152
3530  79.6152
3531  80.7344
3532  80.7344
3533  79.6152
3534  79.6152
3535  79.6152
3536  79.6152
3537  79.6152
3538  79.6152
3539  80.7344
3540  79.6152
3541  79.6152
3542  80.7344
3543  79.6152
3544  79.6152
3545  79.6152
3546  79.6152
3547  79.6152
3548  80.7344
3549  80.7344
3550  79.6152
3551  79.6152
3552  79.6152
3553  79.6152
3554  80.7344
3555  79.6152
3556  79.6152
3557  80.7344
3558  79.6152
3559  79.6152
3560  79.6152
3561  79.6152
3562  79.6152
3563  79.6152
3564  80.7344
3565  79.6152
3566  79.6152
3567  80.7344
3568  79.6152
3569  79.6152
3570  80.7344
3571  80.7344
3572  80.7344
3573  79.6152
3574  79.6152
3575  80.7344
3576  79.6152
3577  79.6152
3578  79.6152
3579  79.6152
3580  80.7344
3581  80.7344
3582  79.6152
3583  79.6152
3584  80.7344
3585  79.6152
3586  80.7344
3587  79.6152
3588  79.6152
3589  80.7344
3590  80.7344
3591  80.7344
3592  79.6152
3593  79.6152
3594  79.6152
3595  79.6152
3596  80.7344
3597  79.6152
3598  79.6152
3599  80.7344
3600  79.6152
3601  79.6152
3602  80.7344
3603  79.6152
3604  79.6152
3605  80.7344
3606  80.7344
3607  79.6152
3608  79.6152
3609  79.6152
3610  80.7344
3611  79.6152
3612  79.6152
3613  79.6152
3614  80.7344
3615  80.7344
3616  79.6152
3617  79.6152
3618  80.7344
3619  79.6152
3620  79.6152
3621  80.7344
3622  79.6152
3623  79.6152
3624  80.7344
3625  79.6152
3626  79.6152
3627  80.7344
3628  79.6152
3629  79.6152
3630  80.7344
3631  79.6152
3632  79.6152
3633  79.6152
3634  79.6152
3635  79.6152
3636  79.6152
3637  80.7344
3638  79.6152
3639  79.6152
3640  79.6152
3641  80.7344
3642  80.7344
3643  80.7344
3644  79.6152
3645  80.7344
3646  79.6152
3647  79.6152
3648  79.6152
3649  79.6152
3650  79.6152
3651  80.7344
3652  79.6152
3653  79.6152
3654  80.7344
3655  79.6152
3656  79.6152
3657  80.7344
3658  80.7344
3659  79.6152
3660  79.6152
3661  80.7344
3662  79.6152
3663  79.6152
3664  79.6152
3665  79.6152
3666  80.7344
3667  80.7344
3668  79.6152
3669  80.7344
3670  79.6152
3671  79.6152
3672  79.6152
3673  79.6152
3674  79.6152
3675  80.7344
3676  79.6152
3677  80.7344
3678  79.6152
3679  79.6152
3680  80.7344
3681  79.6152
3682  80.7344
3683  79.6152
3684  79.6152
3685  79.6152
3686  80.7344
3687  79.6152
3688  79.6152
3689  79.6152
3690  79.6152
3691  79.6152
3692  80.7344
3693  79.6152
3694  79.6152
3695  80.7344
3696  79.6152
3697  80.7344
3698  79.6152
3699  79.6152
3700  79.6152
3701  80.7344
3702  80.7344
3703  80.7344
3704  80.7344
3705  79.6152
3706  79.6152
3707  79.6152
3708  80.7344
3709  80.7344
3710  80.7344
3711  79.6152
3712  79.6152
3713  80.7344
3714  79.6152
3715  79.6152
3716  79.6152
3717  79.6152
3718  80.7344
3719  79.6152
3720  79.6152
3721  79.6152
3722  79.6152
3723  79.6152
3724  79.6152
3725  79.6152
3726  80.7344
3727  79.6152
3728  80.7344
3729  79.6152
3730  79.6152
3731  80.7344
3732  79.6152
3733  79.6152
3734  79.6152
3735  79.6152
3736  79.6152
3737  80.7344
3738  79.6152
3739  80.7344
3740  79.6152
3741  79.6152
3742  80.7344
3743  79.6152
3744  79.6152
3745  80.7344
3746  79.6152
3747  79.6152
3748  79.6152
3749  79.6152
3750  79.6152
3751  79.6152
3752  79.6152
3753  79.6152
3754  80.7344
3755  79.6152
3756  80.7344
3757  79.6152
3758  79.6152
3759  79.6152
3760  79.6152
3761  79.6152
3762  80.7344
3763  79.6152
3764  79.6152
3765  80.7344
3766  79.6152
3767  80.7344
3768  79.6152
3769  79.6152
3770  80.7344
3771  79.6152
3772  79.6152
3773  80.7344
3774  79.6152
3775  80.7344
3776  79.6152
3777  79.6152
3778  80.7344
3779  79.6152
3780  80.7344
3781  80.7344
3782  79.6152
3783  79.6152
3784  79.6152
3785  80.7344
3786  79.6152
3787  79.6152
3788  80.7344
3789  79.6152
3790  79.6152
3791  80.7344
3792  80.7344
3793  79.6152
3794  79.6152
3795  80.7344
3796  80.7344
3797  79.6152
3798  79.6152
3799  79.6152
3800  79.6152
3801  79.6152
3802  80.7344
3803  79.6152
3804  79.6152
3805  80.7344
3806  79.6152
3807  79.6152
3808  80.7344
3809  79.6152
3810  79.6152
3811  80.7344
3812  79.6152
3813  79.6152
3814  79.6152
3815  80.7344
3816  79.6152
3817  79.6152
3818  79.6152
3819  80.7344
3820  79.6152
3821  79.6152
3822  79.6152
3823  80.7344
3824  80.7344
3825  79.6152
3826  79.6152
3827  79.6152
3828  79.6152
3829  80.7344
3830  79.6152
3831  79.6152
3832  79.6152
3833  79.6152
3834  80.7344
3835  79.6152
3836  79.6152
3837  79.6152
3838  80.7344
3839  79.6152
3840  79.6152
3841  79.6152
3842  80.7344
3843  80.7344
3844  80.7344
3845  79.6152
3846  80.7344
3847  79.6152
3848  79.6152
3849  80.7344
3850  80.7344
3851  79.6152
3852  79.6152
3853  80.7344
3854  79.6152
3855  79.6152
3856  80.7344
3857  79.6152
3858  79.6152
3859  80.7344
3860  80.7344
3861  79.6152
3862  80.7344
3863  79.6152
3864  80.7344
3865  79.6152
3866  79.6152
3867  79.6152
3868  80.7344
3869  79.6152
3870  79.6152
3871  79.6152
3872  79.6152
3873  79.6152
3874  79.6152
3875  79.6152
3876  79.6152
3877  80.7344
3878  80.7344
3879  80.7344
3880  80.7344
3881  79.6152
3882  79.6152
3883  79.6152
3884  79.6152
3885  79.6152
3886  79.6152
3887  79.6152
3888  80.7344
3889  80.7344
3890  79.6152
3891  79.6152
3892  80.7344
3893  79.6152
3894  79.6152
3895  80.7344
3896  79.6152
3897  79.6152
3898  79.6152
3899  79.6152
3900  80.7344
3901  79.6152
3902  79.6152
3903  79.6152
3904  80.7344
3905  79.6152
3906  79.6152
3907  79.6152
3908  80.7344
3909  79.6152
3910  79.6152
3911  79.6152
3912  80.7344
3913  79.6152
3914  79.6152
3915  80.7344
3916  79.6152
3917  79.6152
3918  80.7344
3919  79.6152
3920  79.6152
3921  80.7344
3922  80.7344
3923  79.6152
3924  79.6152
3925  79.6152
3926  80.7344
3927  79.6152
3928  79.6152
3929  80.7344
3930  79.6152
3931  79.6152
3932  80.7344
3933  79.6152
3934  79.6152
3935  80.7344
3936  79.6152
3937  79.6152
3938  80.7344
3939  79.6152
3940  79.6152
3941  79.6152
3942  80.7344
3943  79.6152
3944  79.6152
3945  80.7344
3946  80.7344
3947  79.6152
3948  79.6152
3949  80.7344
3950  80.7344
3951  79.6152
3952  79.6152
3953  79.6152
3954  79.6152
3955  80.7344
3956  80.7344
3957  80.7344
3958  79.6152
3959  79.6152
3960  79.6152
3961  80.7344
3962  79.6152
3963  79.6152
3964  80.7344
3965  79.6152
3966  79.6152
3967  80.7344
3968  80.7344
3969  79.6152
3970  79.6152
3971  79.6152
3972  79.6152
3973  80.7344
3974  79.6152
3975  79.6152
3976  80.7344
3977  80.7344
3978  80.7344
3979  80.7344
3980  80.7344
3981  80.7344
3982  79.6152
3983  79.6152
3984  80.7344
3985  79.6152
3986  80.7344
3987  79.6152
3988  79.6152
3989  79.6152
3990  79.6152
3991  79.6152
3992  79.6152
3993  79.6152
3994  79.6152
3995  80.7344
3996  79.6152
3997  80.7344
3998  79.6152
3999  79.6152
4000  79.6152
4001  79.6152
4002  80.7344
4003  79.6152
4004  79.6152
4005  80.7344
4006  79.6152
4007  79.6152
4008  80.7344
4009  79.6152
4010  79.6152
4011  79.6152
4012  79.6152
4013  79.6152
4014  79.6152
4015  79.6152
4016  80.7344
4017  80.7344
4018  80.7344
4019  79.6152
4020  79.6152
4021  80.7344
4022  79.6152
4023  79.6152
4024  79.6152
4025  79.6152
4026  80.7344
4027  79.6152
4028  79.6152
4029  79.6152
4030  79.6152
4031  80.7344
4032  79.6152
4033  79.6152
4034  79.6152
4035  80.7344
4036  79.6152
4037  80.7344
4038  79.6152
4039  80.7344
4040  79.6152
4041  79.6152
4042  79.0934
4043  79.0934
4044  79.0934
4045  79.0934
4046  79.0934
4047  79.0934
4048  79.0934
4049  79.0934
4050  79.0934
4051  79.0934
4052  79.0934
4053  79.0934
4054  79.0934
4055  79.0934
4056  79.0934
4057  79.0934
4058  79.0934
4059  79.0934
4060  79.0934
4061  79.0934
4062  79.0934
4063  79.0934
4064  79.0934
4065  79.0934
4066  79.0934
4067  79.0934
4068  79.0934
4069  79.0934
4070  79.0934
4071  79.0934
4072  79.0934
4073  79.0934
4074  79.0934
4075  79.0934
4076  79.0934
4077  79.0934
4078  79.0934
4079  79.0934
4080  79.0934
4081  79.0934
4082  79.0934
4083  79.0934
4084  79.0934
4085  79.0934
4086  79.0934
4087  79.0934
4088  79.0934
4089  79.0934
4090  79.0934
4091  79.0934
4092  79.0934
4093  79.0934
4094  79.0934
4095  79.0934
4096  79.0934
4097  79.0934
4098  79.0934
4099  79.0934
4100  79.0934
4101  79.0934
4102  79.0934
4103  79.0934
4104  79.0934
4105  79.0934
4106  79.0934
4107  79.0934
4108  79.0934
4109  79.0934
4110  79.0934
4111  79.0934
4112  79.0934
4113  79.0934
4114  79.0934
4115  79.0934
4116  79.0934
4117  79.0934
4118  79.0934
4119  79.0934
4120  79.0934
4121  79.0934
4122  79.0934
4123  79.0934
4124  79.0934
4125  79.0934
4126  79.0934
4127  79.0934
4128  79.0934
4129  79.0934
4130  79.0934
4131  79.0934
4132  79.0934
4133  79.0934
4134  79.0934
4135  79.0934
4136  79.0934
4137  79.0934
4138  79.0934
4139  79.0934
4140  79.0934
4141  79.0934
4142  79.0934
4143  79.0934
4144  79.0934
4145  79.0934
4146  79.0934
4147  79.0934
4148  79.0934
4149  79.0934
4150  79.0934
4151  79.0934
4152  79.0934
4153  79.0934
4154  79.0934
4155  79.0934
4156  79.0934
4157  79.0934
4158  79.0934
4159  79.0934
4160  79.0934
4161  79.0934
4162  79.0934
4163  79.0934
4164  79.0934
4165  79.0934
4166  79.0934
4167  79.0934
4168  79.0934
4169  79.0934
4170  79.0934
4171  79.0934
4172  79.0934
4173  79.0934
4174  79.0934
4175  79.0934
4176  79.0934
4177  79.0934
4178  79.0934
4179  79.0934
4180  79.0934
4181  79.0934
4182  79.0934
4183  79.0934
4184  79.0934
4185  79.0934
4186  79.0934
4187  79.0934
4188  79.0934
4189  79.0934
4190  79.0934
4191  79.0934
4192  79.0934
4193  79.0934
4194  79.0934
4195  79.0934
4196  79.0934
4197  79.0934
4198  79.0934
4199  79.0934
4200  79.0934
4201  79.0934
4202  79.0934
4203  79.0934
4204  79.0934
4205  79.0934
4206  79.0934
4207  79.0934
4208  79.0934
4209  79.0934
4210  79.0934
4211  79.0934
4212  79.0934
4213  79.0934
4214  79.0934
4215  79.0934
4216  79.0934
4217  79.0934
4218  79.0934
4219  79.0934
4220  79.0934
4221  79.0934
4222  79.0934
4223  79.0934
4224  79.0934
4225  79.0934
4226  79.0934
4227  79.0934
4228  79.0934
4229  79.0934
4230  79.0934
4231  79.0934
4232  79.0934
4233  79.0934
4234  79.0934
4235  79.0934
4236  79.0934
4237  79.0934
4238  79.0934
4239  79.0934
4240  79.0934
4241  79.0934
4242  79.0934
4243  79.0934
4244  79.0934
4245  79.0934
4246  79.0934
4247  79.0934
4248  79.0934
4249  79.0934
4250  79.0934
4251  79.0934
4252  79.0934
4253  79.0934
4254  79.0934
4255  79.0934
4256  79.0934
4257  79.0934
4258  79.0934
4259  79.0934
4260  79.0934
4261  79.0934
4262  79.0934
4263  79.0934
4264  79.0934
4265  79.0934
4266  79.0934
4267  79.0934
4268  79.0934
4269  79.0934
4270  79.0934
4271  79.0934
4272  79.0934
4273  79.0934
4274  79.0934
4275  79.0934
4276  79.0934
4277  79.0934
4278  79.0934
4279  79.0934
4280  79.0934
4281  79.0934
4282  79.0934
4283  79.0934
4284  79.0934
4285  79.0934
4286  79.0934
4287  79.0934
4288  79.0934
4289  79.0934
4290  79.0934
4291  79.0934
4292  79.0934
4293  79.0934
4294  79.0934
4295  79.0934
4296  79.0934
4297  79.0934
4298  79.0934
4299  79.0934
4300  79.0934
4301  79.0934
4302  79.0934
4303  79.0934
4304  79.0934
4305  79.0934
4306  79.0934
4307  79.0934
4308  79.0934
4309  79.0934
4310  79.0934
4311  79.0934
4312  79.0934
4313  79.0934
4314  79.0934
4315  79.0934
4316  79.0934
4317  79.0934
4318  79.0934
4319  79.0934
4320  79.0934
4321  79.0934
4322  79.0934
4323  79.0934
4324  79.0934
4325  79.0934
4326  79.0934
4327  79.0934
4328  79.0934
4329  79.0934
4330  79.0934
4331  79.0934
4332  79.0934
4333  79.0934
4334  79.0934
4335  79.0934
4336  79.0934
4337  79.0934
4338  79.0934
4339  79.0934
4340  79.0934
4341  79.0934
4342  79.0934
4343  79.0934
4344  79.0934
4345  79.0934
4346  79.0934
4347  79.0934
4348  79.0934
4349  79.0934
4350  79.0934
4351  79.0934
4352  79.0934
4353  79.0934
4354  79.0934
4355  79.0934
4356  79.0934
4357  79.0934
4358  79.0934
4359  79.0934
4360  79.0934
4361  79.0934
4362  79.0934
4363  79.0934
4364  79.0934
4365  79.0934
4366  79.0934
4367  79.0934
4368  79.0934
4369  79.0934
4370  79.0934
4371  79.0934
4372  79.0934
4373  79.0934
4374  79.0934
4375  79.0934
4376  79.0934
4377  79.0934
4378  79.0934
4379  79.0934
4380  79.0934
4381  79.0934
4382  79.0934
4383  79.0934
4384  79.0934
4385  79.0934
4386  79.0934
4387  79.0934
4388  79.0934
4389  79.0934
4390  79.0934
4391  79.0934
4392  79.0934
4393  79.0934
4394  79.0934
4395  79.0934
4396  79.0934
4397  79.0934
4398  79.0934
4399  79.0934
4400  79.0934
4401  79.0934
4402  79.0934
4403  79.0934
4404  79.0934
4405  79.0934
4406  79.0934
4407  79.0934
4408  79.0934
4409  79.0934
4410  79.0934
4411  79.0934
4412  79.0934
4413  79.0934
4414  79.0934
4415  79.0934
4416  79.0934
4417  79.0934
4418  79.0934
4419  79.0934
4420  79.0934
4421  79.0934
4422  79.0934
4423  79.0934
4424  79.0934
4425  79.0934
4426  79.0934
4427  79.0934
4428  79.0934
4429  79.0934
4430  79.0934
4431  79.0934
4432  79.0934
4433  79.0934
4434  79.0934
4435  79.0934
4436  79.0934
4437  79.0934
4438  79.0934
4439  79.0934
4440  79.0934
4441  79.0934
4442  79.0934
4443  79.0934
4444  79.0934
4445  79.0934
4446  79.0934
4447  79.0934
4448  79.0934
4449  79.0934
4450  79.0934
4451  79.0934
4452  79.0934
4453  79.0934
4454  79.0934
4455  79.0934
4456  79.0934
4457  79.0934
4458  79.0934
4459  79.0934
4460  79.0934
4461  79.0934
4462  79.0934
4463  79.0934
4464  79.0934
4465  79.0934
4466  79.0934
4467  79.0934
4468  79.0934
4469  79.0934
4470  79.0934
4471  79.0934
4472  79.0934
4473  79.0934
4474  79.0934
4475  79.0934
4476  79.0934
4477  79.0934
4478  79.0934
4479  79.0934
4480  79.0934
4481  79.0934
4482  79.0934
4483  79.0934
4484  79.0934
4485  79.0934
4486  79.0934
4487  79.0934
4488  79.0934
4489  79.0934
4490  79.0934
4491  79.0934
4492  79.0934
4493  79.0934
4494  79.0934
4495  79.0934
4496  79.0934
4497  79.0934
4498  79.0934
4499  79.0934
4500  79.0934
4501  79.0934
4502  79.0934
4503  79.0934
4504  79.0934
4505  79.0934
4506  79.0934
4507  79.0934
4508  79.0934
4509  79.0934
4510  79.0934
4511  79.0934
4512  79.0934
4513  79.0934
4514  79.0934
4515  79.0934
4516  79.0934
4517  79.0934
4518  79.0934
4519  79.0934
4520  79.0934
4521  79.0934
4522  79.0934
4523  79.0934
4524  79.0934
4525  79.0934
4526  79.0934
4527  79.0934
4528  79.0934
4529  79.0934
4530  79.0934
4531  79.0934
4532  79.0934
4533  79.0934
4534  79.0934
4535  79.0934
4536  79.0934
4537  79.0934
4538  79.0934
4539  79.0934
4540  79.0934
4541  79.0934
4542  79.0934
4543  79.0934
4544  79.0934
4545  79.0934
4546  79.0934
4547  79.0934
4548  79.0934
4549  79.0934
4550  79.0934
4551  79.0934
4552  79.0934
4553  79.0934
4554  79.0934
4555  79.0934
4556  79.0934
4557  79.0934
4558  79.0934
4559  79.0934
4560  79.0934
4561  79.0934
4562  79.0934
4563  79.0934
4564  79.0934
4565  79.0934
4566  79.0934
4567  79.0934
4568  79.0934
4569  79.0934
4570  79.0934
4571  79.0934
4572  79.0934
4573  79.0934
4574  79.0934
4575  79.0934
4576  79.0934
4577  79.0934
4578  79.0934
4579  79.0934
4580  79.0934
4581  79.0934
4582  79.0934
4583  79.0934
4584  79.0934
4585  79.0934
4586  79.0934
4587  79.0934
4588  79.0934
4589  79.0934
4590  79.0934
4591  79.0934
4592  79.0934
4593  79.0934
4594  79.0934
4595  79.0934
4596  79.0934
4597  79.0934
4598  79.0934
4599  79.0934
4600  79.0934
4601  79.0934
4602  79.0934
4603  78.0502
4604  78.0502
4605  78.0502
4606  78.0502
4607  78.0502
4608  78.0502
4609  78.0502
4610  78.0502
4611  78.0502
4612  78.0502
4613  78.0502
4614  78.0502
4615  78.0502
4616  78.0502
4617  78.0502
4618  78.0502
4619  78.0502
4620  78.0502
4621  78.0502
4622  78.0502
4623  78.0502
4624  78.0502
4625  78.0502
4626  78.0502
4627  78.0502
4628  78.0502
4629  78.0502
4630  78.0502
4631  78.0502
4632  78.0502
4633  78.0502
4634  78.0502
4635  78.0502
4636  78.0502
4637  78.0502
4638  78.0502
4639  78.0502
4640  78.0502
4641  78.0502
4642  78.0502
4643  78.0502
4644  78.0502
4645  78.0502
4646  78.0502
4647  78.0502
4648  78.0502
4649  78.0502
4650  78.0502
4651  78.0502
4652  78.0502
4653  78.0502
4654  78.0502
4655  78.0502
4656  78.0502
4657  78.0502
4658  78.0502
4659  78.0502
4660  78.0502
4661  78.0502
4662  78.0502
4663  78.0502
4664  78.0502
4665  78.0502
4666  78.0502
4667  78.0502
4668  78.0502
4669  78.0502
4670  78.0502
4671  78.0502
4672  78.0502
4673  78.0502
4674  78.0502
4675  78.0502
4676  78.0502
4677  78.0502
4678  78.0502
4679  78.0502
4680  78.0502
4681  78.0502
4682  78.0502
4683  78.0502
4684  78.0502
4685  78.0502
4686  78.0502
4687  78.0502
4688  78.0502
4689  78.0502
4690  78.0502
4691  78.0502
4692  78.0502
4693  78.0502
4694  78.0502
4695  78.0502
4696  78.0502
4697  78.0502
4698  78.0502
4699  78.0502
4700  78.0502
4701  78.0502
4702  78.0502
4703  78.0502
4704  78.0502
4705  78.0502
4706  78.0502
4707  78.0502
4708  78.0502
4709  78.0502
4710  78.0502
4711  78.0502
4712  78.0502
4713  78.0502
4714  78.0502
4715  78.0502
4716  78.0502
4717  78.0502
4718  78.0502
4719  78.0502
4720  78.0502
4721  78.0502
4722  78.0502
4723  78.0502
4724  78.0502
4725  78.0502
4726  78.0502
4727  78.0502
4728  78.0502
4729  78.0502
4730  78.0502
4731  78.0502
4732  78.0502
4733  78.0502
4734  78.0502
4735  78.0502
4736  78.0502
4737  78.0502
4738  78.0502
4739  78.0502
4740  78.0502
4741  78.0502
4742  78.0502
4743  78.0502
4744  78.0502
4745  78.0502
4746  78.0502
4747  78.0502
4748  78.0502
4749  78.0502
4750  78.0502
4751  78.0502
4752  78.0502
4753  78.0502
4754  78.0502
4755  78.0502
4756  78.0502
4757  78.0502
4758  78.0502
4759  78.0502
4760  78.0502
4761  78.0502
4762  78.0502
4763  78.0502
4764  78.0502
4765  78.0502
4766  78.0502
4767  78.0502
4768  78.0502
4769  78.0502
4770  78.0502
4771  78.0502
4772  78.0502
4773  78.0502
4774  78.0502
4775  78.0502
4776  78.0502
4777  78.0502
4778  78.0502
4779  78.0502
4780  78.0502
4781  78.0502
4782  78.0502
4783  78.0502
4784  78.0502
4785  78.0502
4786  78.0502
4787  78.0502
4788  78.0502
4789  78.0502
4790  78.0502
4791  78.0502
4792  78.0502
4793  78.0502
4794  78.0502
4795  78.0502
4796  78.0502
4797  78.0502
4798  78.0502
4799  78.0502
4800  78.0502
4801  78.0502
4802  78.0502
4803  78.0502
4804  78.0502
4805  78.0502
4806  78.0502
4807  78.0502
4808  78.0502
4809  78.0502
4810  78.0502
4811  78.0502
4812  78.0502
4813  78.0502
4814  78.0502
4815  78.0502
4816  78.0502
4817  78.0502
4818  78.0502
4819  78.0502
4820  78.0502
4821  78.0502
4822  78.0502
4823  78.0502
4824  78.0502
4825  78.0502
4826  78.0502
4827  78.0502
4828  78.0502
4829  78.0502
4830  78.0502
4831  78.0502
4832  78.0502
4833  78.0502
4834  78.0502
4835  78.0502
4836  78.0502
4837  78.0502
4838  78.0502
4839  78.0502
4840  78.0502
4841  78.0502
4842  78.0502
4843  78.0502
4844  78.0502
4845  78.0502
4846  78.0502
4847  78.0502
4848  78.0502
4849  78.0502
4850  78.0502
4851  78.0502
4852  78.0502
4853  78.0502
4854  78.0502
4855  78.0502
4856  78.0502
4857  78.0502
4858  78.0502
4859  78.0502
4860  78.0502
4861  78.0502
4862  78.0502
4863  78.0502
4864  78.0502
4865  78.0502
4866  78.0502
4867  78.0502
4868  78.0502
4869  78.0502
4870  78.0502
4871  78.0502
4872  78.0502
4873  78.0502
4874  78.0502
4875  78.0502
4876  78.0502
4877  78.0502
4878  78.0502
4879  78.0502
4880  78.0502
4881  78.0502
4882  78.0502
4883  78.0502
4884  78.0502
4885  78.0502
4886  78.0502
4887  78.0502
4888  78.0502
4889  78.0502
4890  78.0502
4891  78.0502
4892  78.0502
4893  78.0502
4894  78.0502
4895  78.0502
4896  78.0502
4897  78.0502
4898  78.0502
4899  78.0502
4900  78.0502
4901  78.0502
4902  78.0502
4903  78.0502
4904  78.0502
4905  78.0502
4906  78.0502
4907  78.0502
4908  78.0502
4909  78.0502
4910  78.0502
4911  78.0502
4912  78.0502
4913  78.0502
4914  78.0502
4915  78.0502
4916  78.0502
4917  78.0502
4918  78.0502
4919  78.0502
4920  78.0502
4921  78.0502
4922  78.0502
4923  78.0502
4924  78.0502
4925  78.0502
4926  78.0502
4927  78.0502
4928  78.0502
4929  78.0502
4930  78.0502
4931  78.0502
4932  78.0502
4933  78.0502
4934  78.0502
4935  78.0502
4936  78.0502
4937  78.0502
4938  78.0502
4939  78.0502
4940  78.0502
4941  78.0502
4942  78.0502
4943  78.0502
4944  78.0502
4945  78.0502
4946  78.0502
4947  78.0502
4948  78.0502
4949  78.0502
4950  78.0502
4951  78.0502
4952  78.0502
4953  78.0502
4954  78.0502
4955  78.0502
4956  78.0502
4957  78.0502
4958  78.0502
4959  78.0502
4960  78.0502
4961  78.0502
4962  78.0502
4963  78.0502
4964  78.0502
4965  78.0502
4966  78.0502
4967  78.0502
4968  78.0502
4969  78.0502
4970  78.0502
4971  78.0502
4972  78.0502
4973  78.0502
4974  78.0502
4975  78.0502
4976  78.0502
4977  78.0502
4978  78.0502
4979  78.0502
4980  78.0502
4981  78.0502
4982  78.0502
4983  78.0502
4984  78.0502
4985  78.0502
4986  78.0502
4987  78.0502
4988  78.0502
4989  78.0502
4990  78.0502
4991  78.0502
4992  78.0502
4993  78.0502
4994  78.0502
4995  78.0502
4996  78.0502
4997  78.0502
4998  78.0502
4999  78.0502
5000  78.0502
5001  78.0502
5002  78.0502
5003  78.0502
5004  78.0502
5005  78.0502
5006  78.0502
5007  78.0502
5008  78.0502
5009  78.0502
5010  78.0502
5011  78.0502
5012  78.0502
5013  78.0502
5014  78.0502
5015  78.0502
5016  78.0502
5017  78.0502
5018  78.0502
5019  78.0502
5020  78.0502
5021  78.0502
5022  78.0502
5023  78.0502
5024  78.0502
5025  78.0502
5026  78.0502
5027  78.0502
5028  78.0502
5029  78.0502
5030  78.0502
5031  78.0502
5032  78.0502
5033  78.0502
5034  78.0502
5035  78.0502
5036  78.0502
5037  78.0502
5038  78.0502
5039  78.0502
5040  78.0502
5041  78.0502
5042  78.0502
5043  78.0502
5044  78.0502
5045  78.0502
5046  78.0502
5047  78.0502
5048  78.0502
5049  78.0502
5050  78.0502
5051  78.0502
5052  78.0502
5053  78.0502
5054  78.0502
5055  78.0502
5056  78.0502
5057  78.0502
5058  78.0502
5059  78.0502
5060  78.0502
5061  78.0502
5062  78.0502
5063  78.0502
5064  78.0502
5065  78.0502
5066  78.0502
5067  78.0502
5068  78.0502
5069  78.0502
5070  78.0502
5071  78.0502
5072  78.0502
5073  78.0502
5074  78.0502
5075  78.0502
5076  78.0502
5077  78.0502
5078  78.0502
5079  78.0502
5080  78.0502
5081  78.0502
5082  78.0502
5083  78.0502
5084  78.0502
5085  78.0502
5086  78.0502
5087  78.0502
5088  78.0502
5089  78.0502
5090  78.0502
5091  78.0502
5092  78.0502
5093  78.0502
5094  78.0502
5095  78.0502
5096  78.0502
5097  78.0502
5098  78.0502
5099  78.0502
5100  78.0502
5101  78.0502
5102  78.0502
5103  78.0502
5104  78.0502
5105  78.0502
5106  78.0502
5107  78.0502
5108  78.0502
5109  78.0502
5110  78.0502
5111  78.0502
5112  78.0502
5113  78.0502
5114  78.0502
5115  78.0502
5116  78.0502
5117  78.0502
5118  78.0502
5119  78.0502
5120  78.0502
5121  78.0502
5122  78.0502
5123  78.0502
5124  78.0502
5125  78.0502
5126  78.0502
5127  78.0502
5128  78.0502
5129  78.0502
5130  78.0502
5131  78.0502
5132  78.0502
5133  78.0502
5134  78.0502
5135  78.0502
5136  78.0502
5137  78.0502
5138  78.0502
5139  78.0502
5140  78.0502
5141  78.0502
5142  78.0502
5143  78.0502
5144  78.0502
5145  78.0502
5146  78.0502
5147  78.0502
5148  78.0502
5149  78.0502
5150  78.0502
5151  78.0502
5152  78.0502
5153  78.0502
5154  78.0502
5155  78.0502
5156  78.0502
5157  78.0502
5158  78.0502
5159  78.0502
5160  78.0502
5161  78.0502
5162  78.0502
5163  78.0502
5164  78.0502
5165  78.0502
5166  78.0502
5167  78.0502
5168  78.0502
5169  78.0502
5170  78.0502
5171  78.0502
5172  78.0502
5173  78.0502
5174  78.0502
5175  78.0502
5176  78.0502
5177  78.0502
5178  78.0502
5179  78.0502
5180  78.0502
5181  78.0502
5182  78.0502
5183  78.0502
5184  78.0502
5185  78.0502
5186  78.0502
5187  78.0502
5188  78.0502
5189  78.0502
5190  78.0502
5191  78.0502
5192  78.0502
5193  78.0502
5194  78.0502
5195  78.0502
5196  78.0502
5197  78.0502
5198  78.0502
5199  78.0502
5200  78.0502
5201  78.0502
5202  78.0502
5203  78.0502
5204  78.0502
5205  78.0502
5206  78.0502
5207  78.0502
5208  78.0502
5209  78.0502
5210  78.0502
5211  78.0502
5212  78.0502
5213  78.0502
5214  78.0502
5215  78.0502
5216  78.0502
5217  78.0502
5218  78.0502
5219  78.0502
5220  78.0502
5221  78.0502
5222  78.0502
5223  78.0502
5224  78.0502
5225  78.0502
5226  78.0502
5227  78.0502
5228  78.0502
5229  78.0502
5230  78.0502
5231  78.0502
5232  78.0502
5233  78.0502
5234  78.0502
5235  78.0502
5236  78.0502
5237  78.0502
5238  78.0502
5239  78.0502
5240  78.0502
5241  78.0502
5242  78.0502
5243  78.0502
5244  78.0502
5245  78.0502
5246  78.0502
5247  78.0502
5248  78.0502
5249  78.0502
5250  78.0502
5251  78.0502
5252  78.0502
5253  78.0502
5254  78.0502
5255  78.0502
5256  78.0502
5257  78.0502
5258  78.0502
5259  78.0502
5260  78.0502
5261  78.0502
5262  78.0502
5263  78.0502
5264  78.0502
5265  78.0502
5266  78.0502
5267  78.0502
5268  78.0502
5269  78.0502
5270  78.0502
5271  78.0502
5272  78.0502
5273  78.0502
5274  78.0502
5275  78.0502
5276  78.0502
5277  78.0502
5278  78.0502
5279  78.0502
5280  78.0502
5281  78.0502
5282  78.0502
5283  78.0502
5284  78.0502
5285  78.0502
5286  78.0502
5287  78.0502
5288  78.0502
5289  78.0502
5290  78.0502
5291  78.0502
5292  78.0502
5293  78.0502
5294  78.0502
5295  78.0502
5296  78.0502
5297  78.0502
5298  78.0502
5299  78.0502
5300  78.0502
5301  78.0502
5302  78.0502
5303  78.0502
5304  78.0502
5305  78.0502
5306  78.0502
5307  78.0502
5308  78.0502
5309  78.0502
5310  78.0502
5311  78.0502
5312  78.0502
5313  78.0502
5314  78.0502
5315  78.0502
5316  78.0502
5317  78.0502
5318  78.0502
5319  78.0502
5320  78.0502
5321  78.0502
5322  78.0502
5323  78.0502
5324  78.0502
5325  78.0502
5326  78.0502
5327  78.0502
5328  78.0502
5329  78.0502
5330  78.0502
5331  78.0502
5332  78.0502
5333  78.0502
5334  78.0502
5335  78.0502
5336  78.0502
5337  78.0502
5338  78.0502
5339  78.0502
5340  78.0502
5341  78.0502
5342  78.0502
5343  78.0502
5344  78.0502
5345  78.0502
5346  78.0502
5347  78.0502
5348  78.0502
5349  78.0502
5350  78.0502
5351  78.0502
5352  78.0502
5353  78.0502
5354  78.0502
5355  78.0502
5356  78.0502
5357  78.0502
5358  78.0502
5359  78.0502
5360  78.0502
5361  78.0502
5362  78.0502
5363  78.0502
5364  78.0502
5365  78.0502
5366  78.0502
5367  78.0502
5368  78.0502
5369  78.0502
5370  78.0502
5371  78.0502
5372  78.0502
5373  78.0502
5374  78.0502
5375  78.0502
5376  78.0502
5377  78.0502
5378  78.0502
5379  78.0502
5380  78.0502
5381  78.0502
5382  78.0502
5383  78.0502
5384  78.0502
5385  78.0502
5386  78.0502
5387  78.0502
5388  78.0502
5389  78.0502
5390  78.0502
5391  78.0502
5392  78.0502
5393  78.0502
5394  78.0502
5395  78.0502
5396  78.0502
5397  78.0502
5398  78.0502
5399  78.0502
5400  78.0502
5401  78.0502
5402  78.0502
5403  78.0502
5404  78.0502
5405  78.0502
5406  78.0502
5407  78.0502
5408  78.0502
5409  78.0502
5410  78.0502
5411  78.0502
5412  78.0502
5413  78.0502
5414  78.0502
5415  78.0502
5416  78.0502
5417  78.0502
5418  78.0502
5419  78.0502
5420  78.0502
5421  78.0502
5422  78.0502
5423  78.0502
5424  78.0502
5425  78.0502
5426  78.0502
5427  78.0502
5428  78.0502
5429  78.0502
5430  78.0502
5431  78.0502
5432  78.0502
5433  78.0502
5434  78.0502
5435  78.0502
5436  78.0502
5437  78.0502
5438  78.0502
5439  78.0502
5440  78.0502
5441  78.0502
5442  78.0502
5443  78.0502
5444  78.0502
5445  78.0502
5446  78.0502
5447  78.0502
5448  78.0502
5449  78.0502
5450  78.0502
5451  78.0502
5452  78.0502
5453  78.0502
5454  78.0502
5455  78.0502
5456  78.0502
5457  78.0502
5458  78.0502
5459  78.0502
5460  78.0502
5461  78.0502
5462  78.0502
5463  78.0502
5464  78.0502
5465  78.0502
5466  78.0502
5467  78.0502
5468  78.0502
5469  78.0502
5470  78.0502
5471  78.0502
5472  78.0502
5473  78.0502
5474  78.0502
5475  78.0502
5476  78.0502
5477  78.0502
5478  78.0502
5479  78.0502
5480  78.0502
5481  78.0502
5482  78.0502
5483  78.0502
5484  78.0502
5485  78.0502
5486  78.0502
5487  78.0502
5488  78.0502
5489  78.0502
5490  78.0502
5491  78.0502
5492  78.0502
5493  78.0502
5494  78.0502
5495  78.0502
5496  78.0502
5497  78.0502
5498  78.0502
5499  78.0502
5500  78.0502
5501  78.0502
5502  78.0502
5503  78.0502
5504  78.0502
5505  78.0502
5506  78.0502
5507  78.0502
5508  78.0502
5509  78.0502
5510  78.0502
5511  78.0502
5512  78.0502
5513  78.0502
5514  78.0502
5515  78.0502
5516  78.0502
5517  78.0502
5518  78.0502
5519  78.0502
5520  78.0502
5521  78.0502
5522  78.0502
5523  78.0502
5524  78.0502
5525  78.0502
5526  78.0502
5527  78.0502
5528  78.0502
5529  78.0502
5530  78.0502
5531  78.0502
5532  78.0502
5533  78.0502
5534  78.0502
5535  78.0502
5536  78.0502
5537  78.0502
5538  78.0502
5539  78.0502
5540  78.0502
5541  78.0502
5542  78.0502
5543  78.0502
5544  78.0502
5545  78.0502
5546  78.0502
5547  78.0502
5548  78.0502
5549  78.0502
5550  78.0502
5551  78.0502
5552  78.0502
5553  78.0502
5554  78.0502
5555  78.0502
5556  78.0502
5557  78.0502
5558  78.0502
5559  78.0502
5560  78.0502
5561  78.0502
5562  78.0502
5563  78.0502
5564  78.0502
5565  78.0502
5566  78.0502
5567  78.0502
5568  78.0502
5569  78.0502
5570  78.0502
5571  78.0502
5572  78.0502
5573  78.0502
5574  78.0502
5575  78.0502
5576  78.0502
5577  78.0502
5578  78.0502
5579  78.0502
5580  78.0502
5581  78.0502
5582  78.0502
5583  78.0502
5584  78.0502
5585  78.0502
5586  78.0502
5587  78.0502
5588  78.0502
5589  78.0502
5590  78.0502
5591  78.0502
5592  78.0502
5593  78.0502
5594  78.0502
5595  78.0502
5596  78.0502
5597  78.0502
5598  78.0502
5599  78.0502
5600  78.0502
5601  78.0502
5602  78.0502
5603  78.0502
5604  78.0502
5605  78.0502
5606  78.0502
5607  78.0502
5608  78.0502
5609  78.0502
5610  78.0502
5611  78.0502
5612  78.0502
5613  78.0502
5614  78.0502
5615  78.0502
5616  78.0502
5617  78.0502
5618  78.0502
5619  78.0502
5620  78.0502
5621  78.0502
5622  78.0502
5623  78.0502
5624  78.0502
5625  78.0502
5626  78.0502
5627  78.0502
5628  78.0502
5629  78.0502
5630  78.0502
5631  78.0502
5632  78.0502
5633  78.0502
5634  78.0502
5635  78.0502
5636  78.0502
5637  78.0502
5638  78.0502
5639  78.0502
5640  78.0502
5641  78.0502
5642  78.0502
5643  78.0502
5644  78.0502
5645  78.0502
5646  78.0502
5647  78.0502
5648  78.0502
5649  78.0502
5650  78.0502
5651  78.0502
5652  78.0502
5653  78.0502
5654  78.0502
5655  78.0502
5656  78.0502
5657  78.0502
5658  78.0502
5659  78.0502
5660  78.0502
5661  78.0502
5662  78.0502
5663  78.0502
5664  78.0502
5665  78.0502
5666  78.0502
5667  78.0502
5668  78.0502
