0.501214  0
0.502239  0.000724892
0.500143  0.00177843
0.500522  0.0013735
0.501583  0.00145212
0.501892  0.00124248
0.502078  0.00107878
0.501896  0.000959137
0.501367  0.000987778
0.501438  0.000891547
0.501204  0.00084046
0.501002  0.000794451
0.501198  0.000757073
0.501178  0.000703244
0.50097  0.00068661
0.500629  0.000723402
0.500749  0.00069071
0.500627  0.000663012
0.500728  0.00063589
0.500841  0.000613956
0.500899  0.000587498
0.500856  0.000562369
0.500542  0.000619695
0.500632  0.000600449
0.500811  0.000602415
0.500758  0.000581574
0.50103  0.000620412
0.501211  0.000624053
0.501216  0.000602556
0.501149  0.000586143
0.501156  0.00056727
0.501044  0.000560372
0.500895  0.000562859
0.500811  0.000552554
0.500698  0.000548279
0.500753  0.000535826
0.500844  0.000528955
0.500838  0.000515069
0.500927  0.000509582
0.50089  0.000498171
0.500921  0.000486988
0.500949  0.000476166
0.500905  0.000467057
0.500779  0.000473147
0.500906  0.00047938
0.50087  0.000470353
0.500767  0.000471475
0.50061  0.00048697
0.50058  0.000477963
0.5006  0.000468797
0.500519  0.000466417
0.50053  0.00045756
0.500524  0.00044896
0.500427  0.000450896
0.500456  0.000443585
0.500468  0.000435842
0.500461  0.000428251
0.500454  0.000420927
0.500478  0.000414449
0.500454  0.000408233
0.50039  0.000406547
0.500353  0.000401606
0.500303  0.000398387
0.500273  0.000393259
0.500216  0.000391393
0.500221  0.000385494
0.500193  0.000380716
0.500247  0.000378882
0.500218  0.000374495
0.500281  0.000374455
0.500292  0.000369341
0.500306  0.000364454
0.50032  0.000359758
0.500335  0.000355191
0.500334  0.000350455
0.500324  0.000346011
0.500308  0.000341881
0.500291  0.000337929
0.500246  0.000336607
0.500256  0.000332569
0.500268  0.000328658
0.50023  0.000326819
0.500198  0.000324424
0.500161  0.000322732
0.500109  0.00032307
0.500071  0.000321565
0.500102  0.000319434
0.500101  0.000315807
0.5001  0.00031226
0.500059  0.000311506
0.500129  0.000315946
0.500126  0.000312525
0.500098  0.000310457
0.500107  0.000307276
0.500127  0.000304719
0.500184  0.000306743
0.500144  0.00030614
0.500144  0.000303016
0.500119  0.000300984
0.500114  0.000298014
