0  0.501214  0  0.0830512  0  0  110.932
10000  0.502239  0.000724892  0.0829783  5.15235e-05  1  95.63
20000  0.500143  0.00177843  0.0831849  0.000172082  2  124.244
30000  0.500522  0.0013735  0.0832388  0.000137252  3  74.974
40000  0.501583  0.00145212  0.0834574  0.000224235  4  88.352
50000  0.501892  0.00124248  0.0834064  0.00019256  5  80.504
60000  0.502078  0.00107878  0.0834123  0.000165141  6  119.864
70000  0.501896  0.000959137  0.0833257  0.000165661  7  92.972
80000  0.501367  0.000987778  0.0832908  0.000150889  8  96.276
90000  0.501438  0.000891547  0.0833134  0.000137487  9  87.202
100000  0.501204  0.00084046  0.0833246  0.000125445  10  101.922
110000  0.501002  0.000794451  0.0833429  0.000116323  11  107.762
120000  0.501198  0.000757073  0.0833376  0.000107497  12  118.548
130000  0.501178  0.000703244  0.083315  0.000102162  13  100.148
140000  0.50097  0.00068661  0.0833897  0.000119588  14  125.206
150000  0.500629  0.000723402  0.0833285  0.00012685  15  79.068
160000  0.500749  0.00069071  0.0833413  0.000120039  16  98.298
170000  0.500627  0.000663012  0.0834126  0.000132872  17  117.004
180000  0.500728  0.00063589  0.0834045  0.000126128  18  89.312
190000  0.500841  0.000613956  0.0834623  0.00013241  19  93.09
200000  0.500899  0.000587498  0.0834438  0.000127389  20  106.992
210000  0.500856  0.000562369  0.0834197  0.00012387  21  87.472
220000  0.500542  0.000619695  0.0834188  0.000118487  22  96.428
230000  0.500632  0.000600449  0.0834071  0.000114125  23  89.186
240000  0.500811  0.000602415  0.0833686  0.000115897  24  110.194
250000  0.500758  0.000581574  0.0834554  0.000140245  25  105.842
260000  0.50103  0.000620412  0.083432  0.000136984  26  108.098
270000  0.501211  0.000624053  0.083446  0.000132805  27  120.15
280000  0.501216  0.000602556  0.0834668  0.000129847  28  99.946
290000  0.501149  0.000586143  0.0834354  0.000129267  29  87.37
300000  0.501156  0.00056727  0.0834354  0.000125097  30  104.378
310000  0.501044  0.000560372  0.0834386  0.000121228  31  97.936
320000  0.500895  0.000562859  0.0834402  0.000117564  32  94.502
330000  0.500811  0.000552554  0.083446  0.000114251  33  87.398
340000  0.500698  0.000548279  0.0834556  0.000111394  34  75.11
350000  0.500753  0.000535826  0.0834296  0.000111295  35  71.264
360000  0.500844  0.000528955  0.0834279  0.0001083  36  97.464
370000  0.500838  0.000515069  0.0834275  0.000105451  37  106.96
380000  0.500927  0.000509582  0.0834462  0.000104402  38  108.858
390000  0.50089  0.000498171  0.0834564  0.000102289  39  110.628
400000  0.500921  0.000486988  0.0834378  0.000101485  40  92.124
410000  0.500949  0.000476166  0.0834239  0.000100007  41  98.358
420000  0.500905  0.000467057  0.0834423  9.93593e-05  42  86.554
430000  0.500779  0.000473147  0.08346  9.8663e-05  43  90.922
440000  0.500906  0.00047938  0.0834446  9.76615e-05  44  86.816
450000  0.50087  0.000470353  0.0834385  9.57323e-05  45  86.788
460000  0.500767  0.000471475  0.0834086  9.82346e-05  46  98.398
470000  0.50061  0.00048697  0.08339  9.79316e-05  47  89.198
480000  0.50058  0.000477963  0.0833845  9.60883e-05  48  104.852
490000  0.5006  0.000468797  0.0833725  9.49121e-05  49  90.492
500000  0.500519  0.000466417  0.0833557  9.45375e-05  50  85.03
510000  0.50053  0.00045756  0.0833578  9.27433e-05  51  82.364
520000  0.500524  0.00044896  0.0833529  9.11222e-05  52  97.298
530000  0.500427  0.000450896  0.083341  9.02066e-05  53  92.984
540000  0.500456  0.000443585  0.0833552  8.96796e-05  54  108.326
550000  0.500468  0.000435842  0.0833563  8.80842e-05  55  87.71
560000  0.500461  0.000428251  0.0833544  8.6559e-05  56  104.888
570000  0.500454  0.000420927  0.0833487  8.52504e-05  57  105.832
580000  0.500478  0.000414449  0.0833375  8.45411e-05  58  92.222
590000  0.500454  0.000408233  0.0833557  8.50593e-05  59  90.748
600000  0.50039  0.000406547  0.0833581  8.36985e-05  60  90.424
610000  0.500353  0.000401606  0.0833626  8.24731e-05  61  74.45
620000  0.500303  0.000398387  0.0833689  8.13995e-05  62  96.502
630000  0.500273  0.000393259  0.0833795  8.08172e-05  63  106.612
640000  0.500216  0.000391393  0.0833583  8.2298e-05  64  97.35
650000  0.500221  0.000385494  0.0833558  8.10906e-05  65  107.816
660000  0.500193  0.000380716  0.0833626  8.01651e-05  66  112.914
670000  0.500247  0.000378882  0.0833699  7.93159e-05  67  126.376
680000  0.500218  0.000374495  0.083359  7.89054e-05  68  101.006
690000  0.500281  0.000374455  0.0833621  7.78382e-05  69  86.12
700000  0.500292  0.000369341  0.0833557  7.6999e-05  70  123.53
710000  0.500306  0.000364454  0.0833454  7.66253e-05  71  90.744
720000  0.50032  0.000359758  0.0833397  7.57834e-05  72  106.166
730000  0.500335  0.000355191  0.0833447  7.49257e-05  73  81.398
740000  0.500334  0.000350455  0.0833549  7.46065e-05  74  105.998
750000  0.500324  0.000346011  0.0833441  7.43929e-05  75  87.924
760000  0.500308  0.000341881  0.0833479  7.35244e-05  76  92.952
770000  0.500291  0.000337929  0.0833448  7.26502e-05  77  92.076
780000  0.500246  0.000336607  0.0833439  7.1736e-05  78  120.182
790000  0.500256  0.000332569  0.083348  7.09575e-05  79  100.122
800000  0.500268  0.000328658  0.0833564  7.05818e-05  80  123.618
810000  0.50023  0.000326819  0.083354  6.97626e-05  81  96.966
820000  0.500198  0.000324424  0.0833627  6.94597e-05  82  90.748
830000  0.500161  0.000322732  0.0833544  6.91215e-05  83  98.398
840000  0.500109  0.00032307  0.0833374  7.03901e-05  84  87.324
850000  0.500071  0.000321565  0.0833283  7.01468e-05  85  132.292
860000  0.500102  0.000319434  0.0833383  7.00402e-05  86  117.938
870000  0.500101  0.000315807  0.0833353  6.93071e-05  87  106.326
880000  0.5001  0.00031226  0.0833318  6.86146e-05  88  113.448
890000  0.500059  0.000311506  0.0833364  6.80052e-05  89  111.978
900000  0.500129  0.000315946  0.083341  6.74116e-05  90  103.496
910000  0.500126  0.000312525  0.0833283  6.78579e-05  91  85.58
920000  0.500098  0.000310457  0.0833305  6.71642e-05  92  78.286
930000  0.500107  0.000307276  0.0833301  6.6451e-05  93  75.77
940000  0.500127  0.000304719  0.0833363  6.60354e-05  94  93.332
950000  0.500184  0.000306743  0.0833385  6.53849e-05  95  87.944
960000  0.500144  0.00030614  0.0833236  6.63783e-05  96  94.422
970000  0.500144  0.000303016  0.0833184  6.59062e-05  97  99.076
980000  0.500119  0.000300984  0.0833044  6.67069e-05  98  78.606
990000  0.500114  0.000298014  0.0832994  6.62311e-05  99  118.546
