1  3.14614  0
2  3.18454  0.0271562
3  3.16121  0.0262827
4  3.14646  0.0234878
5  3.14271  0.019088
6  3.14702  0.0163861
7  3.147  0.0140452
8  3.14661  0.0122949
9  3.14008  0.0125431
10  3.13753  0.011546
11  3.13373  0.0111039
12  3.13195  0.0103204
13  3.13505  0.00998325
14  3.13255  0.00957807
15  3.13262  0.00893977
16  3.1325  0.0083819
17  3.13533  0.00835397
18  3.13647  0.00796703
19  3.13417  0.00787133
20  3.13753  0.00816164
21  3.13879  0.00787014
22  3.13926  0.00752637
23  3.13889  0.0072085
24  3.13724  0.00709402
25  3.13677  0.00682581
26  3.13808  0.00668781
27  3.13643  0.00664007
28  3.13575  0.00643743
29  3.13525  0.00623525
30  3.13593  0.00606499
31  3.13522  0.00591118
32  3.13736  0.00610037
33  3.1372  0.00591759
34  3.13657  0.00577631
35  3.13682  0.00561677
36  3.13625  0.00549048
37  3.13651  0.00534859
38  3.1381  0.00543711
39  3.13819  0.00529848
40  3.13774  0.00518472
41  3.13732  0.00507555
42  3.13826  0.00504131
43  3.13656  0.00520301
44  3.13457  0.00545195
45  3.1332  0.00550032
46  3.13337  0.00538333
47  3.13156  0.00556464
48  3.13131  0.00545425
49  3.1319  0.00537495
50  3.13295  0.00536925
51  3.13481  0.00557565
52  3.13449  0.00547759
53  3.13362  0.00544235
54  3.13368  0.00534183
55  3.13316  0.0052699
56  3.13326  0.00517674
57  3.13331  0.00508623
58  3.13334  0.00499862
59  3.1334  0.00491419
60  3.13479  0.00502471
61  3.13519  0.00495872
62  3.13642  0.0050284
63  3.13675  0.0049595
64  3.13675  0.00488201
65  3.13721  0.00482913
66  3.13647  0.00481354
67  3.136  0.00476439
68  3.13581  0.00469799
69  3.13633  0.00465842
70  3.13654  0.00459681
71  3.13686  0.00454274
72  3.13746  0.00451882
73  3.13731  0.00445921
74  3.13665  0.00444734
75  3.13576  0.00447762
76  3.13652  0.00448295
77  3.13685  0.00443674
78  3.13697  0.00438172
79  3.13643  0.00436055
80  3.13677  0.0043197
81  3.13635  0.00428652
82  3.13715  0.00430675
83  3.13782  0.00430683
84  3.13828  0.00428059
85  3.13923  0.00433443
86  3.13913  0.00428518
87  3.13845  0.00428949
88  3.13864  0.0042449
89  3.1385  0.00419949
90  3.13837  0.00415479
91  3.1388  0.00413147
92  3.13888  0.00408718
93  3.13895  0.00404384
94  3.13887  0.00400162
95  3.13895  0.00396039
96  3.13953  0.003961
97  3.13964  0.00392181
98  3.13972  0.00388264
99  3.14014  0.0038662
100  3.14042  0.00383742
