3.14614  0
3.18454  0.0271562
3.16121  0.0262827
3.14646  0.0234878
3.14271  0.019088
3.14702  0.0163861
3.147  0.0140452
3.14661  0.0122949
3.14008  0.0125431
3.13753  0.011546
3.13373  0.0111039
3.13195  0.0103204
3.13505  0.00998325
3.13255  0.00957807
3.13262  0.00893977
3.1325  0.0083819
3.13533  0.00835397
3.13647  0.00796703
3.13417  0.00787133
3.13753  0.00816164
3.13879  0.00787014
3.13926  0.00752637
3.13889  0.0072085
3.13724  0.00709402
3.13677  0.00682581
3.13808  0.00668781
3.13643  0.00664007
3.13575  0.00643743
3.13525  0.00623525
3.13593  0.00606499
3.13522  0.00591118
3.13736  0.00610037
3.1372  0.00591759
3.13657  0.00577631
3.13682  0.00561677
3.13625  0.00549048
3.13651  0.00534859
3.1381  0.00543711
3.13819  0.00529848
3.13774  0.00518472
3.13732  0.00507555
3.13826  0.00504131
3.13656  0.00520301
3.13457  0.00545195
3.1332  0.00550032
3.13337  0.00538333
3.13156  0.00556464
3.13131  0.00545425
3.1319  0.00537495
3.13295  0.00536925
3.13481  0.00557565
3.13449  0.00547759
3.13362  0.00544235
3.13368  0.00534183
3.13316  0.0052699
3.13326  0.00517674
3.13331  0.00508623
3.13334  0.00499862
3.1334  0.00491419
3.13479  0.00502471
3.13519  0.00495872
3.13642  0.0050284
3.13675  0.0049595
3.13675  0.00488201
3.13721  0.00482913
3.13647  0.00481354
3.136  0.00476439
3.13581  0.00469799
3.13633  0.00465842
3.13654  0.00459681
3.13686  0.00454274
3.13746  0.00451882
3.13731  0.00445921
3.13665  0.00444734
3.13576  0.00447762
3.13652  0.00448295
3.13685  0.00443674
3.13697  0.00438172
3.13643  0.00436055
3.13677  0.0043197
3.13635  0.00428652
3.13715  0.00430675
3.13782  0.00430683
3.13828  0.00428059
3.13923  0.00433443
3.13913  0.00428518
3.13845  0.00428949
3.13864  0.0042449
3.1385  0.00419949
3.13837  0.00415479
3.1388  0.00413147
3.13888  0.00408718
3.13895  0.00404384
3.13887  0.00400162
3.13895  0.00396039
3.13953  0.003961
3.13964  0.00392181
3.13972  0.00388264
3.14014  0.0038662
3.14042  0.00383742
