0.0832638  0
0.0838018  0.000380436
0.0834983  0.000354602
0.0834716  0.000266952
0.083479  0.000213662
0.083751  0.000305561
0.083762  0.000262107
0.0836932  0.000238183
0.0836221  0.000222098
0.0835406  0.000214313
0.0834496  0.000213252
0.0834267  0.000196708
0.0834814  0.000189009
0.0833753  0.000203115
0.0835257  0.00023886
0.0835141  0.00022421
0.083478  0.000213917
0.0834615  0.000202667
0.0834306  0.000194336
0.0835041  0.000198007
0.0835327  0.000190642
0.0835172  0.000182607
0.0835551  0.000178548
0.0835772  0.000172481
0.0835666  0.000165911
0.0835296  0.000163606
0.0835318  0.000157562
0.0835403  0.000152165
0.0835542  0.000147552
0.0836178  0.000155749
0.0835775  0.000155843
0.0835369  0.00015619
0.0835282  0.000151696
0.0835291  0.000147237
0.0835224  0.000143185
0.0835452  0.000141014
0.083499  0.000144588
0.0834776  0.000142344
0.083458  0.000140043
0.0834464  0.000137022
0.0834263  0.000135142
0.0834348  0.000132186
0.0834389  0.000129177
0.0834348  0.000126307
0.0834224  0.000124103
0.0834092  0.00012211
0.0833847  0.000121934
0.0833905  0.00011953
0.0833933  0.000117123
0.0834033  0.000115212
0.0833936  0.000113365
0.0833979  0.000111268
0.0833839  0.00011005
0.083367  0.000109303
0.0833907  0.000109852
0.0834022  0.000108499
0.0833859  0.000107814
0.0834037  0.000107402
0.0833993  0.000105668
0.0833938  0.000104054
0.0834035  0.000102801
0.0833957  0.000101439
0.0833884  0.000100089
0.0834056  9.9997e-05
0.0834162  9.9019e-05
0.0834016  9.85976e-05
0.0833988  9.7164e-05
0.083399  9.57352e-05
0.0833994  9.43489e-05
0.0833965  9.30473e-05
0.0833865  9.22678e-05
0.0833905  9.10722e-05
0.0833751  9.11133e-05
0.0833748  8.98829e-05
0.0833837  8.91312e-05
0.0834002  8.94768e-05
0.0834041  8.83993e-05
0.0833928  8.79849e-05
0.0833895  8.69354e-05
0.083389  8.58502e-05
0.0833747  8.59713e-05
0.0833692  8.50951e-05
0.0833722  8.41203e-05
0.0833663  8.33216e-05
0.0833714  8.24944e-05
0.0833833  8.24003e-05
0.0833755  8.18218e-05
0.0833924  8.26101e-05
0.0834067  8.29179e-05
0.0834106  8.20858e-05
0.0834047  8.13973e-05
0.083418  8.15939e-05
0.0834014  8.23905e-05
0.0834001  8.15237e-05
0.0833944  8.08652e-05
0.0833962  8.00441e-05
0.0834068  7.99121e-05
0.0834116  7.92409e-05
0.0834091  7.84805e-05
0.0834056  7.77732e-05
