0  155.613
10  110.719
20  98.4093
30  85.9466
40  83.1965
50  78.2785
60  70.8782
70  68.5414
80  66.7028
90  62.1353
100  62.0326
110  61.724
120  61.403
130  61.1405
140  60.2941
150  58.3579
160  58.3579
170  58.3579
180  58.3579
190  58.3579
200  58.3579
210  58.3579
220  58.3579
230  58.3579
240  58.3579
250  58.3579
260  58.3579
270  58.3579
280  58.3579
290  58.3579
300  58.3579
310  58.3579
320  58.3579
330  58.3579
340  58.3579
350  58.3579
360  58.3579
370  58.3579
380  58.3579
390  58.3579
400  58.3579
410  58.3579
420  58.3579
430  58.3579
440  58.3579
450  58.3579
460  58.3579
470  58.3579
480  58.3579
490  58.3579
500  58.3579
510  58.3579
520  58.3579
530  58.3579
540  58.3579
550  58.3579
560  58.3579
570  58.3579
580  58.3579
590  58.3579
600  58.3579
610  58.3579
620  58.3579
630  58.3579
640  58.3579
650  58.3579
660  58.3579
670  58.3579
680  58.3579
690  58.3579
700  58.3579
710  58.3579
720  58.3579
730  58.3579
740  58.3579
750  58.3579
760  58.3579
770  58.3579
780  58.3579
790  58.3579
800  58.3579
810  58.3579
820  58.3579
830  58.3579
840  58.3579
850  58.3579
860  58.3579
870  58.3579
880  58.3579
890  58.3579
900  58.3579
910  58.3579
920  58.3579
930  58.3579
940  58.3579
950  58.3579
960  58.3579
970  58.3579
980  58.3579
990  58.3579
1000  58.3579
1010  58.3579
1020  58.3579
1030  58.3579
1040  58.3579
1050  58.3579
1060  59.274
1070  58.3579
1080  58.3579
1090  58.3579
1100  58.3579
1110  58.3579
1120  58.3579
1130  58.3579
1140  58.3579
1150  58.3579
1160  58.3579
1170  58.3579
1180  58.3579
1190  58.3579
1200  58.3579
1210  58.3579
1220  58.3579
1230  58.3579
1240  58.3579
1250  58.3579
1260  58.3579
1270  58.3579
1280  58.3579
1290  58.3579
1300  58.3579
1310  58.3579
1320  58.3579
1330  58.3579
1340  58.3579
1350  58.3579
1360  58.3579
1370  58.3579
1380  58.3579
1390  58.3579
1400  58.3579
1410  58.3579
1420  58.3579
1430  58.3579
1440  58.3579
1450  58.3579
1460  58.3579
1470  58.3579
1480  58.3579
1490  58.3579
1500  58.3579
1510  58.3579
1520  58.3579
1530  58.3579
1540  58.3579
1550  58.3579
1560  58.3579
1570  58.3579
1580  58.3579
1590  58.3579
1600  58.3579
1610  58.3579
1620  58.3579
1630  58.3579
1640  58.3579
1650  58.3579
1660  58.3579
1670  58.3579
1680  58.3579
1690  58.3579
1700  58.3579
1710  58.3579
1720  58.3579
1730  58.3579
1740  58.3579
1750  58.3579
1760  58.3579
1770  58.3579
1780  58.3579
1790  58.3579
1800  58.3579
1810  58.3579
1820  58.3579
1830  58.3579
1840  58.3579
1850  58.3579
1860  58.3579
1870  58.3579
1880  58.3579
1890  58.3579
1900  58.3579
1910  58.3579
1920  58.3579
1930  58.3579
1940  58.3579
1950  58.3579
1960  58.3579
1970  58.3579
1980  58.3579
1990  58.3579
