0  128.914
10  115.457
20  88.0777
30  87.2673
40  78.0886
50  71.5406
60  69.5238
70  69.5238
80  68.2671
90  68.1207
100  64.3844
110  64.3844
120  63.9374
130  59.2647
140  56.6441
150  56.1956
160  53.4378
170  52.891
180  52.8788
190  52.8098
200  51.2661
210  49.6672
220  49.6369
230  49.5307
240  49.5307
250  49.5307
260  49.4389
270  49.4389
280  49.4389
290  49.4389
300  49.4389
310  49.4389
320  49.4389
330  49.4389
340  49.4389
350  49.4389
360  49.4389
370  49.4389
380  49.4389
390  49.4389
400  49.4389
410  49.4389
420  49.4389
430  49.4389
440  49.4389
450  49.4389
460  49.4389
470  49.4389
480  49.4389
490  49.4389
500  49.4389
510  49.4389
520  49.4389
530  49.4389
540  49.4389
550  49.4389
560  49.4389
570  49.4389
580  49.4389
590  49.4389
600  49.4389
610  49.4389
620  49.4389
630  49.4389
640  49.4389
650  49.4389
660  49.4389
670  49.4389
680  49.4389
690  49.4389
700  49.4389
710  49.4389
720  49.4389
730  49.4389
740  49.4389
750  49.4389
760  49.4389
770  49.4389
780  49.4389
790  49.4389
800  49.4389
810  49.4389
820  49.4389
830  49.4389
840  49.4389
850  49.4389
860  49.4389
870  49.4389
880  49.4389
890  49.4389
900  49.4389
910  49.4389
920  49.4389
930  49.4389
940  49.4389
950  49.4389
960  49.4389
970  49.4389
980  49.4389
990  49.4389
1000  49.4389
1010  49.4389
1020  49.4389
1030  49.4389
1040  49.4389
1050  49.4389
1060  49.4389
1070  49.4389
1080  49.4389
1090  49.4389
1100  49.4389
1110  49.4389
1120  49.4389
1130  49.4389
1140  49.4389
1150  49.4389
1160  49.4389
1170  49.4171
1180  49.4171
1190  49.4171
1200  49.4171
1210  49.4171
1220  49.4171
1230  49.4171
1240  48.9909
1250  48.9909
1260  48.9909
1270  48.9909
1280  48.9909
1290  48.9909
1300  48.9909
1310  48.9909
1320  48.9909
1330  48.9909
1340  48.9909
1350  48.9909
1360  48.9909
1370  48.9909
1380  48.9909
1390  48.9909
1400  48.9909
1410  48.9909
1420  48.9909
1430  48.9909
1440  48.9909
1450  48.9909
1460  48.9909
1470  48.9909
1480  48.9909
1490  48.9909
1500  48.9909
1510  48.9909
1520  48.9909
1530  48.9909
1540  48.9909
1550  48.9909
1560  48.9909
1570  48.9909
1580  48.9909
1590  48.9909
1600  48.9909
1610  48.9909
1620  48.9909
1630  48.9909
1640  48.9909
1650  48.9909
1660  48.9909
1670  48.9909
1680  48.9909
1690  48.9909
1700  48.9909
1710  48.9909
1720  48.9909
1730  48.9909
1740  48.9909
1750  48.9909
1760  48.9909
1770  48.9909
1780  48.9909
1790  48.9909
1800  48.9909
1810  48.9909
1820  48.9909
1830  48.9909
1840  48.9909
1850  48.9909
1860  48.9909
1870  48.9909
1880  48.9909
1890  48.9909
1900  48.9909
1910  48.9909
1920  48.9909
1930  48.9909
1940  48.9909
1950  48.9909
1960  48.9909
1970  48.9909
1980  48.9909
1990  48.9909
