1  0.997298  0  1.00016  0
2  0.997316  1.23479e-05  1.00012  3.30859e-05
3  0.998397  0.000882792  0.999999  9.83461e-05
4  0.998935  0.000809895  0.999974  7.67865e-05
5  0.999495  0.000818855  1  6.64813e-05
6  0.999781  0.000730649  0.999972  6.21048e-05
7  1.00006  0.000677832  1.00002  6.78313e-05
8  1.00021  0.0006087  0.999993  6.35025e-05
9  1.00032  0.00055116  0.999978  5.82276e-05
10  1.00023  0.000502732  0.999987  5.31671e-05
11  1.00047  0.000509784  1.00012  0.000131361
12  1.00043  0.000468931  1.00008  0.000124528
13  1.00027  0.000459176  1.00007  0.000115221
14  1.00043  0.000452027  1.00005  0.00010907
15  1.00032  0.000434071  1.00005  0.000101808
16  1.0004  0.000413537  1  0.000108632
17  1.00028  0.000406018  1.00002  0.00010342
18  1.00032  0.000385947  1  9.82433e-05
19  1.00037  0.000369333  1.00001  9.31992e-05
20  1.00041  0.000352756  0.999979  9.33739e-05
21  1.00035  0.000341846  0.999953  9.27197e-05
22  1.00027  0.000336094  0.999933  9.05523e-05
23  1.00033  0.000327232  0.999939  8.6811e-05
24  1.00031  0.000314312  0.999936  8.32379e-05
25  1.00032  0.000302156  0.999934  7.99432e-05
26  1.00027  0.000294454  0.999963  8.19638e-05
27  1.00023  0.000286573  0.999944  8.10664e-05
28  1.00016  0.000284657  0.999945  7.81735e-05
29  1.00023  0.000282829  0.999959  7.68592e-05
30  1.00013  0.000290629  0.999957  7.43195e-05
31  1.00009  0.0002835  0.999976  7.43226e-05
32  1.00006  0.000276384  0.999981  7.21085e-05
33  1.00013  0.000277169  0.999993  7.1058e-05
34  1.00009  0.000272943  0.999983  6.97133e-05
35  1.00011  0.000266378  0.999986  6.77672e-05
36  1.00004  0.000268142  0.999995  6.65085e-05
37  1.00002  0.00026208  0.999994  6.47162e-05
38  0.999991  0.0002564  0.999982  6.41955e-05
39  0.999937  0.000255428  1.00001  6.77573e-05
40  0.999988  0.000253936  1.00002  6.64863e-05
41  1  0.000248163  1.00003  6.63789e-05
42  1.00001  0.000242378  1.00001  6.72589e-05
43  1.00001  0.000236745  1.00001  6.57178e-05
44  1.00001  0.000231369  1.00002  6.42512e-05
45  0.999991  0.000227289  1.00001  6.28866e-05
46  1.00004  0.000226667  1.00002  6.18869e-05
47  1.00004  0.000221847  1.00001  6.12013e-05
48  1.00003  0.000217328  1.00001  6.00215e-05
49  1.00003  0.000212914  1.00001  5.88662e-05
50  0.99999  0.000212888  1.00001  5.78826e-05
51  1.00003  0.00021184  1.00001  5.68985e-05
52  1.00003  0.000207904  1  5.6591e-05
53  1.00005  0.000204715  1  5.56168e-05
54  1.00007  0.000201467  1  5.47141e-05
55  1.00011  0.00020181  0.999996  5.38965e-05
56  1.00011  0.000198317  0.999994  5.29577e-05
57  1.00012  0.000194867  0.999996  5.20591e-05
58  1.0001  0.000192005  1  5.13286e-05
59  1.0001  0.000188841  1  5.06546e-05
60  1.00012  0.000186905  1.00001  4.99944e-05
61  1.00015  0.000186083  1.00001  4.91841e-05
62  1.00012  0.00018545  1.00001  4.8392e-05
63  1.00016  0.000186539  1.00001  4.76587e-05
64  1.00017  0.000183837  1.00001  4.69411e-05
65  1.0002  0.000185092  1.00001  4.64972e-05
66  1.0002  0.000182501  1.00002  4.69076e-05
67  1.00021  0.000180773  1.00002  4.62992e-05
68  1.00019  0.000179443  1.00001  4.64629e-05
69  1.00019  0.000176989  0.999999  4.73379e-05
70  1.00023  0.000178987  1  4.66895e-05
71  1.00026  0.000178992  0.999999  4.6074e-05
72  1.00028  0.000178521  0.999993  4.57866e-05
73  1.00025  0.000179366  0.99998  4.68648e-05
74  1.00023  0.000177685  0.999982  4.62479e-05
75  1.00023  0.000175334  0.999989  4.62124e-05
76  1.00022  0.000173471  0.999983  4.60257e-05
77  1.0002  0.000172312  0.999987  4.56333e-05
78  1.00019  0.000170222  0.999984  4.51517e-05
79  1.00019  0.000168157  0.999989  4.49005e-05
80  1.00017  0.000166945  0.999988  4.4362e-05
81  1.00017  0.000164916  0.99999  4.38758e-05
82  1.00015  0.000163916  0.99999  4.33427e-05
83  1.00014  0.000162799  0.99999  4.28243e-05
84  1.0001  0.000164895  0.999996  4.2708e-05
85  1.00007  0.000165465  0.999996  4.22059e-05
86  1.00009  0.000164748  0.999994  4.17472e-05
87  1.00008  0.000163241  1  4.16489e-05
88  1.00009  0.000161767  0.999992  4.19598e-05
89  1.00008  0.000160121  0.999994  4.15288e-05
90  1.0001  0.000159501  0.999994  4.10717e-05
91  1.00011  0.000158123  0.999996  4.06452e-05
92  1.0001  0.000156915  0.999994  4.02317e-05
93  1.00009  0.000155733  0.999991  3.99199e-05
94  1.00007  0.000155711  0.999997  3.98585e-05
95  1.00006  0.000154232  0.99999  4.00011e-05
96  1.00005  0.000153048  0.999989  3.96037e-05
97  1.00005  0.000151479  0.999981  3.98351e-05
98  1.00009  0.000154446  0.999989  4.01304e-05
99  1.0001  0.000153216  0.999986  3.98163e-05
100  1.00012  0.000153128  0.99999  3.96018e-05
