1  1  0
2  1.41633  0.00406468
3  1.73937  0.00573609
4  2.01172  0.00705366
5  2.25286  0.00813694
6  2.45906  0.00902878
7  2.64394  0.00983241
8  2.83048  0.0107072
9  3.00073  0.0114263
10  3.16907  0.0121963
11  3.32452  0.01284
12  3.47661  0.0134403
13  3.61796  0.014104
14  3.75617  0.0148699
15  3.88688  0.0154408
16  4.01988  0.0160584
17  4.15177  0.0165488
18  4.27507  0.0171319
19  4.39217  0.0175409
20  4.50284  0.0180412
21  4.61151  0.0184954
22  4.71058  0.01879
23  4.80853  0.0193811
24  4.91967  0.0198045
25  5.01236  0.0202553
26  5.11687  0.0205607
27  5.20369  0.0208864
28  5.30311  0.0211752
29  5.39329  0.021612
30  5.49107  0.0219757
31  5.58158  0.0222903
32  5.66274  0.0226114
33  5.75606  0.0230541
34  5.84404  0.0233585
35  5.92714  0.0236547
36  6.01388  0.0240283
37  6.09385  0.0243189
38  6.17872  0.0246818
39  6.26404  0.0251056
40  6.34516  0.025414
41  6.42758  0.0257269
42  6.50195  0.0260346
43  6.57369  0.0261834
44  6.65112  0.0265045
45  6.72692  0.0267898
46  6.80425  0.0271314
47  6.87225  0.0274108
48  6.94642  0.0276153
49  7.02228  0.0279902
50  7.09216  0.0282322
51  7.15804  0.0285243
52  7.22837  0.0289172
53  7.29503  0.0291463
54  7.36868  0.0294119
55  7.42628  0.0296473
56  7.49232  0.0298326
57  7.56353  0.0300881
58  7.62881  0.0303641
59  7.69897  0.0306289
60  7.75932  0.0309549
61  7.82702  0.0312286
62  7.88585  0.0315265
63  7.94646  0.0318405
64  8.00474  0.0322843
65  8.06556  0.0325255
66  8.13655  0.0328511
67  8.20011  0.0332182
68  8.26767  0.0335275
69  8.32999  0.0338496
70  8.38725  0.0340283
71  8.44747  0.034341
72  8.50375  0.0344513
73  8.56238  0.0347043
74  8.63221  0.035053
75  8.68617  0.0352757
76  8.75201  0.0355045
77  8.80665  0.0357156
78  8.8596  0.0358899
79  8.91428  0.0361238
80  8.97396  0.0363708
81  9.0279  0.0367428
82  9.09238  0.0369847
83  9.15573  0.0371107
84  9.21085  0.037338
85  9.25838  0.0374664
86  9.30894  0.0376374
87  9.37056  0.0378804
88  9.42089  0.038056
89  9.47765  0.0382388
90  9.53057  0.0385125
91  9.58172  0.0387454
92  9.62927  0.0389304
93  9.68113  0.0391294
94  9.72754  0.0393091
95  9.77839  0.039555
96  9.8217  0.039747
97  9.87264  0.0399977
98  9.92183  0.0402902
99  9.97305  0.0404585
100  10.013  0.0406834
