1  1  0
2  1.41797  0.00408968
3  1.73186  0.00569738
4  1.99461  0.00701058
5  2.22377  0.00806546
6  2.43795  0.00909656
7  2.64179  0.010083
8  2.83267  0.0108891
9  3.00111  0.0116814
10  3.17108  0.0123865
11  3.32301  0.0129862
12  3.47554  0.013524
13  3.62042  0.0141826
14  3.75721  0.0147458
15  3.88992  0.0153095
16  4.02015  0.0158103
17  4.14855  0.0163594
18  4.27155  0.0167715
19  4.3949  0.0172668
20  4.50338  0.0178087
21  4.61378  0.0183446
22  4.71491  0.0188359
23  4.81894  0.0193477
24  4.92648  0.0196997
25  5.03386  0.0201254
26  5.13474  0.0206443
27  5.23082  0.0209821
28  5.31264  0.0213071
29  5.39755  0.021643
30  5.48579  0.0220062
31  5.57008  0.0223149
32  5.65698  0.0227154
33  5.72878  0.0230813
34  5.81335  0.0233257
35  5.89823  0.0236987
36  5.9804  0.0241435
37  6.06227  0.024556
38  6.15563  0.0250075
39  6.24123  0.0253003
40  6.32966  0.0256802
41  6.40097  0.0259321
42  6.46807  0.0262946
43  6.54757  0.0265361
44  6.6269  0.02683
45  6.70949  0.0271823
46  6.77843  0.0275351
47  6.8531  0.0278315
48  6.92404  0.0282436
49  6.99081  0.0286135
50  7.06109  0.0288346
51  7.12906  0.0291205
52  7.1959  0.0294073
53  7.26524  0.0297035
54  7.33194  0.0300656
55  7.39365  0.0303538
56  7.45578  0.030635
57  7.5154  0.030857
58  7.57685  0.0312012
59  7.62891  0.0312797
60  7.6873  0.0313874
61  7.75745  0.031668
62  7.81776  0.031806
63  7.88525  0.0320047
64  7.94686  0.0323843
65  8.00493  0.0325789
66  8.06677  0.032809
67  8.13644  0.0331381
68  8.19384  0.033342
69  8.26302  0.0336083
70  8.32816  0.0338889
71  8.39493  0.0341116
72  8.44734  0.0343057
73  8.50116  0.0346677
74  8.55841  0.0348356
75  8.61938  0.0351142
76  8.67578  0.0354521
77  8.73371  0.0357432
78  8.79159  0.0359924
79  8.84766  0.0361075
80  8.90598  0.0363032
81  8.96101  0.0365248
82  9.02449  0.0367843
83  9.07584  0.0369773
84  9.13621  0.0371928
85  9.19325  0.0374809
86  9.24554  0.0376166
87  9.29365  0.0376777
88  9.36018  0.0379445
89  9.41787  0.0382691
90  9.45826  0.0383975
91  9.51832  0.0386766
92  9.57416  0.0389337
93  9.62462  0.0392284
94  9.67211  0.0393606
95  9.71754  0.0394094
96  9.76749  0.0395839
97  9.81426  0.0398357
98  9.8666  0.0400051
99  9.91905  0.0401723
100  9.96545  0.0404257
