0.999987194  0
0.999979455  5.47228788e-06
0.999957443  1.83393051e-05
1.00001548  5.21119706e-05
1.00001451  4.16987056e-05
1.0000091  3.50978672e-05
1.00000065  3.10851927e-05
0.999987912  2.96934809e-05
0.999994395  2.70926977e-05
0.999990109  2.47201749e-05
1.00000272  2.54856988e-05
1.00001141  2.48005764e-05
1.00001484  2.31284415e-05
1.00000399  2.38839461e-05
1.00000906  2.28234589e-05
1.00000464  2.18221439e-05
1.00001055  2.13249264e-05
1.00001149  2.01608667e-05
1.00001628  1.966047e-05
1.00001855  1.88080379e-05
1.0000274  1.98868307e-05
1.00002973  1.91184672e-05
1.00002356  1.92560457e-05
1.00001433  2.05455041e-05
1.000013  1.97672316e-05
1.00001492  1.91007951e-05
1.00000811  1.95699276e-05
1.0000069  1.89085098e-05
1.00000687  1.82565137e-05
1.00000372  1.79186561e-05
1.00000576  1.74566413e-05
1.00000347  1.70609873e-05
1.00000948  1.75706937e-05
1.00001237  1.72905554e-05
1.00001247  1.6796843e-05
1.00001434  1.64334061e-05
1.00001992  1.69109981e-05
1.00002261  1.66777886e-05
1.00002071  1.63572108e-05
1.00001675  1.64217378e-05
1.00001422  1.62151252e-05
1.0000143  1.58292736e-05
1.00001353  1.54798825e-05
1.00001558  1.52634155e-05
1.00001136  1.54962059e-05
1.00001003  1.52162965e-05
1.00000813  1.50116673e-05
1.00000361  1.5363661e-05
1.00000386  1.50521065e-05
1.00000597  1.4899282e-05
1.00000267  1.4968667e-05
1.0000056  1.49641044e-05
1.00000508  1.46908405e-05
1.00000488  1.44201427e-05
1.00000451  1.41625192e-05
1.00000651  1.40498689e-05
1.00000694  1.38099446e-05
1.00000794  1.36077715e-05
1.0000109  1.36951372e-05
1.00000935  1.35539421e-05
1.0000092  1.33326275e-05
1.00000835  1.3144562e-05
1.00000934  1.29729893e-05
1.00000505  1.34603981e-05
1.00000285  1.34315267e-05
1.00000362  1.32499252e-05
1.00000198  1.31525288e-05
1.0000004  1.30540822e-05
1.00000349  1.32247422e-05
1.00000593  1.32587589e-05
1.00000637  1.30794664e-05
1.00000607  1.29011574e-05
1.00000708  1.27639009e-05
1.00000877  1.27020831e-05
1.00001075  1.26858198e-05
1.00001101  1.25216229e-05
1.00001265  1.246574e-05
1.00001404  1.23832675e-05
1.00001406  1.22265364e-05
1.00001441  1.20788362e-05
1.00001495  1.19416498e-05
1.00001635  1.18776725e-05
1.00001782  1.18248504e-05
1.00001704  1.17099062e-05
1.00001582  1.16348325e-05
1.00001751  1.16206676e-05
1.00001753  1.14871159e-05
1.00001785  1.13610048e-05
1.00001759  1.12362624e-05
1.00002011  1.13912494e-05
1.00001679  1.17399483e-05
1.0000187  1.17663011e-05
1.0000201  1.17222996e-05
1.00001907  1.16422076e-05
1.0000195  1.15275619e-05
1.0000177  1.15473252e-05
1.00001735  1.14334937e-05
1.00001527  1.15052941e-05
1.0000153  1.13891111e-05
1.0000145  1.13028488e-05
