1  0
1.4135  0.00407694
1.72532  0.0057802
1.99999  0.00708305
2.23117  0.0081529
2.45031  0.00907399
2.64639  0.00995255
2.82839  0.0108022
3.00284  0.0116092
3.16966  0.0122711
3.32727  0.0129378
3.46646  0.0134486
3.61439  0.0139866
3.74821  0.0144982
3.88318  0.0150437
4.00845  0.0156418
4.13251  0.0161663
4.25173  0.0167046
4.37761  0.0172897
4.49892  0.0177699
4.61169  0.0182245
4.71556  0.0187414
4.81038  0.0191806
4.90483  0.0195854
5.00812  0.0199658
5.10997  0.0203337
5.19956  0.0206812
5.29904  0.0211153
5.3945  0.0214016
5.48419  0.0217045
5.57148  0.0222129
5.66206  0.02258
5.75635  0.023086
5.84659  0.0234956
5.93005  0.0239267
6.01663  0.024291
6.11051  0.0246486
6.1867  0.0248512
6.2653  0.0252949
6.3459  0.0255396
6.42342  0.0259306
6.49786  0.0262128
6.57022  0.0264356
6.65111  0.0267588
6.70475  0.0271836
6.78195  0.0275905
6.85886  0.0279755
6.93663  0.0283828
7.00608  0.0285926
7.07767  0.028953
7.14168  0.0292212
7.2102  0.0294788
7.27751  0.02965
7.35199  0.0300551
7.43651  0.0304408
7.50589  0.0306392
7.56528  0.0309209
7.62849  0.0310942
7.68737  0.0313732
7.7444  0.0314517
7.80478  0.0317686
7.85844  0.0320124
7.9253  0.0322431
8.00064  0.0324285
8.0703  0.0327868
8.13414  0.03303
8.18348  0.0331393
8.25637  0.0334361
8.31122  0.0337645
8.37508  0.0339023
8.4371  0.0340978
8.49805  0.0343055
8.56466  0.034538
8.63293  0.0347914
8.68878  0.0352096
8.7307  0.0354271
8.78525  0.0355229
8.83483  0.0357433
8.8858  0.0360662
8.94011  0.0364041
9.00646  0.0367065
9.05412  0.0368708
9.11403  0.0370808
9.15718  0.0372608
9.21122  0.0375736
9.26353  0.037969
9.32515  0.0382567
9.36976  0.038423
9.42463  0.0388238
9.4783  0.0390839
9.53131  0.0392543
9.5871  0.0395185
9.63767  0.0398788
9.68707  0.0401679
9.7447  0.0402535
9.79938  0.0404855
9.84796  0.0407475
9.90167  0.0410172
9.95587  0.0412481
10.0053  0.0414424
