1  0
1.41605  0.00406796
1.73494  0.00577794
2.00395  0.00708855
2.24152  0.00815617
2.45589  0.0090819
2.64983  0.00996003
2.83595  0.0107173
3.01387  0.0115484
3.18399  0.0122433
3.33739  0.0130071
3.47304  0.013562
3.6096  0.0141701
3.74612  0.014797
3.88049  0.0153912
4.00664  0.0159422
4.12393  0.016367
4.23736  0.0168636
4.35344  0.0173301
4.46802  0.0179251
4.58205  0.0184077
4.68032  0.0188011
4.78314  0.0192246
4.88964  0.0195949
4.98672  0.0199473
5.08653  0.0202535
5.18355  0.0205744
5.28946  0.0209043
5.37654  0.0212265
5.4754  0.0216109
5.56961  0.0220046
5.66329  0.0224302
5.74736  0.0228117
5.83124  0.0232476
5.91821  0.0236611
5.99341  0.0240649
6.07095  0.0243533
6.1557  0.0247173
6.23949  0.0251276
6.32169  0.0254207
6.40359  0.0258259
6.48051  0.0262896
6.56049  0.0265265
6.63179  0.026682
6.70946  0.0269839
6.7887  0.027345
6.86051  0.0276633
6.93756  0.0279802
7.00471  0.0283961
7.08171  0.0286589
7.15099  0.028892
7.22011  0.0291329
7.29249  0.0294139
7.35806  0.0297869
7.43149  0.0300932
7.50293  0.0304113
7.57335  0.0306696
7.64285  0.0309192
7.71216  0.03117
7.77509  0.0315098
7.84451  0.0319201
7.90889  0.0321734
7.9646  0.0323872
8.02222  0.0327134
8.08563  0.03309
8.15339  0.0334259
8.21374  0.0336593
8.27105  0.0338531
8.33302  0.0341057
8.39502  0.0342358
8.45435  0.0344343
8.51657  0.0347994
8.57653  0.0350442
8.63028  0.0352884
8.68527  0.035493
8.73841  0.0356397
8.79985  0.0358536
8.84564  0.0361162
8.88893  0.0362836
8.93978  0.0364363
8.98599  0.0366995
9.04451  0.0369754
9.10721  0.0371798
9.16377  0.0374179
9.21835  0.0376256
9.26484  0.0377633
9.31632  0.0379915
9.36698  0.0381659
9.40882  0.0383853
9.4598  0.0386049
9.51335  0.0388137
9.55617  0.039029
9.60811  0.0393031
9.66177  0.0393613
9.7203  0.0396088
9.77702  0.0396822
9.8274  0.0398897
9.88035  0.0401618
9.92894  0.0404327
9.97665  0.0406036
