1.00023288  0
1.00041234  0.000126900947
1.00012914  0.000246220206
0.999987708  0.000221595337
0.999989911  0.000177287223
1.00011863  0.000188768435
1.00022594  0.000189869043
1.00016844  0.000174624381
1.00010302  0.000167027491
1.00011761  0.00015096091
1.00016999  0.000146041732
1.00009191  0.000153332465
1.00002589  0.000155098662
0.999937564  0.000167291573
0.999946142  0.000156358584
0.99992876  0.000147549171
0.99988454  0.000145345173
0.999880681  0.000137321647
0.999851792  0.000133098286
0.999868379  0.000127472686
0.999842229  0.000124055727
0.999841732  0.000118417826
0.9998839  0.000120543722
0.99989029  0.000115690274
0.999916024  0.000113888969
0.999915951  0.000109508648
0.999903836  0.000106120771
0.999899543  0.000102417549
0.999924264  0.000101825648
0.999934414  9.89360432e-05
0.999924516  9.62383829e-05
0.999957207  9.86270454e-05
0.999957732  9.56397446e-05
0.999972987  9.40355852e-05
0.999984068  9.19994872e-05
0.999969274  9.06256158e-05
0.999968185  8.81828207e-05
0.999958689  8.63719615e-05
0.999979903  8.67232753e-05
0.999984047  8.46541541e-05
0.999973001  8.33070398e-05
1.00000224  8.6302312e-05
0.999979455  8.72510665e-05
0.999965286  8.64110281e-05
0.999970415  8.46429035e-05
0.999965524  8.29440719e-05
0.999976438  8.18942542e-05
0.99997016  8.04283687e-05
0.999976175  7.90115226e-05
0.999985216  7.79468891e-05
0.999986033  7.64227955e-05
0.99998576  7.49536135e-05
0.999986328  7.35415482e-05
0.999976864  7.27860528e-05
0.999988648  7.24103287e-05
0.99998121  7.14982727e-05
0.999988888  7.0654896e-05
0.999979618  7.00421042e-05
0.999980687  6.88630964e-05
0.999981266  6.77178136e-05
0.999988243  6.69662072e-05
0.999984621  6.59840075e-05
0.999986984  6.49789328e-05
0.999975445  6.49800398e-05
0.99998611  6.48495416e-05
0.999993923  6.43359705e-05
0.999997091  6.34536716e-05
0.99999434  6.25801419e-05
0.999989598  6.18525618e-05
0.999985138  6.11295617e-05
0.999989513  6.04249496e-05
0.999994763  5.98133256e-05
0.999996358  5.90152294e-05
1  5.83301859e-05
1.00000489  5.77565888e-05
0.999993908  5.80308098e-05
0.999990048  5.74053601e-05
0.999982404  5.71761116e-05
0.999983219  5.64581699e-05
0.999972337  5.67915351e-05
0.999968865  5.61963925e-05
0.999956964  5.67573029e-05
0.999962209  5.63153081e-05
0.999960832  5.56617184e-05
0.999956981  5.51399415e-05
0.99994771  5.52726175e-05
0.999949659  5.46716325e-05
0.999938972  5.50849425e-05
0.999937209  5.44942232e-05
0.999940594  5.39937881e-05
0.999943577  5.34827952e-05
0.999948952  5.31708696e-05
0.999951376  5.26543531e-05
0.999948132  5.21940475e-05
0.999942076  5.19948321e-05
0.999940999  5.14643614e-05
0.999948616  5.14943275e-05
0.999945579  5.10583403e-05
0.999949589  5.06998633e-05
0.999949704  5.01929946e-05
