-2.73884   4.94462e-05
-2.70224   3.26606e-05
-2.66564   2.90012e-05
-2.62905   4.02662e-05
-2.59245   6.46109e-05
-2.55585   8.78067e-05
-2.51926   0.000116821
-2.48266   0.000150555
-2.44607   0.000203779
-2.40947   0.0002638
-2.37287   0.000347632
-2.33628   0.00046773
-2.29968   0.000612688
-2.26308   0.00079829
-2.22649   0.00102417
-2.18989   0.00128933
-2.15329   0.00167796
-2.1167   0.00216239
-2.0801   0.00265124
-2.0435   0.00337419
-2.00691   0.00405505
-1.97031   0.0050906
-1.93371   0.00624196
-1.89712   0.00752023
-1.86052   0.00899487
-1.82392   0.0108717
-1.78733   0.0128841
-1.75073   0.0152905
-1.71413   0.0181493
-1.67754   0.02129
-1.64094   0.0247521
-1.60434   0.0282519
-1.56775   0.0323018
-1.53115   0.0370797
-1.49455   0.0419165
-1.45796   0.0472924
-1.42136   0.0528147
-1.38476   0.0586352
-1.34817   0.0646695
-1.31157   0.0708569
-1.27498   0.0771812
-1.23838   0.0834548
-1.20178   0.0903103
-1.16519   0.0963176
-1.12859   0.102007
-1.09199   0.107858
-1.0554   0.11313
-1.0188   0.117896
-0.982203   0.122158
-0.945606   0.126492
-0.90901   0.129909
-0.872413   0.132416
-0.835816   0.134685
-0.79922   0.136133
-0.762623   0.136506
-0.726027   0.136195
-0.68943   0.135832
-0.652834   0.134471
-0.616237   0.132623
-0.579641   0.130574
-0.543044   0.128025
-0.506447   0.125392
-0.469851   0.122824
-0.433254   0.119297
-0.396658   0.116295
-0.360061   0.113134
-0.323465   0.11037
-0.286868   0.107909
-0.250271   0.104926
-0.213675   0.103015
-0.177078   0.10108
-0.140482   0.0990837
-0.103885   0.0978704
-0.0672887   0.097145
-0.0306921   0.0970971
0.00590445   0.097052
0.042501   0.097448
0.0790976   0.0986345
0.115694   0.0992611
0.152291   0.101455
0.188887   0.103533
0.225484   0.105054
0.26208   0.108674
0.298677   0.111215
0.335273   0.114448
0.37187   0.117424
0.408467   0.120683
0.445063   0.123399
0.48166   0.126274
0.518256   0.128887
0.554853   0.131373
0.591449   0.133595
0.628046   0.134403
0.664643   0.136219
0.701239   0.136417
0.737836   0.135883
0.774432   0.135571
0.811029   0.133641
0.847625   0.131942
0.884222   0.128707
0.920818   0.125447
0.957415   0.121425
0.994012   0.116988
1.03061   0.111896
1.0672   0.105667
1.1038   0.100284
1.1404   0.0937543
1.17699   0.0878919
1.21359   0.081399
1.25019   0.075012
1.28678   0.0687309
1.32338   0.0623928
1.35998   0.0565684
1.39657   0.0507739
1.43317   0.0454669
1.46977   0.0405195
1.50636   0.0354734
1.54296   0.0310756
1.57956   0.0269975
1.61615   0.0235136
1.65275   0.0203917
1.68935   0.0170942
1.72594   0.0146145
1.76254   0.0122773
1.79914   0.0102003
1.83573   0.00862354
1.87233   0.00706283
1.90893   0.00588078
1.94552   0.00473867
1.98212   0.00382554
2.01872   0.00316828
2.05531   0.00250064
2.09191   0.00195859
2.1285   0.00160635
2.1651   0.0012451
2.2017   0.000975894
2.23829   0.000751573
2.27489   0.000588706
2.31149   0.000433427
2.34808   0.000323266
2.38468   0.000251943
2.42128   0.000196682
2.45787   0.000141627
2.49447   0.00011687
2.53107   7.89501e-05
2.56766   5.38663e-05
2.60426   4.04096e-05
2.64086   3.56415e-05
2.67745   2.90998e-05
2.71405   5.07711e-05
