0  -5.03858  0
1  -5.05448  0.011246
2  -5.05428  0.00749915
3  -5.05413  0.00562571
4  -5.05203  0.00487929
5  -5.04986  0.00452267
6  -5.05208  0.00438973
7  -5.05324  0.00398954
8  -5.05192  0.00375747
9  -5.05406  0.00394585
10  -5.05527  0.00376868
11  -5.05362  0.00379869
12  -5.05463  0.00363853
13  -5.05514  0.0034139
14  -5.05498  0.00318999
15  -5.05397  0.00314639
16  -5.05319  0.0030562
17  -5.05319  0.00288641
18  -5.05287  0.00275279
19  -5.05337  0.00266001
20  -5.05385  0.00257615
21  -5.05506  0.0027309
22  -5.05632  0.00288727
23  -5.05695  0.00283483
24  -5.05851  0.00312245
25  -5.05747  0.00317212
26  -5.05812  0.00312143
27  -5.05846  0.00302823
28  -5.058  0.00295904
29  -5.05822  0.00286905
30  -5.05847  0.00278741
31  -5.05806  0.00273142
32  -5.05642  0.00309835
33  -5.05608  0.00302577
34  -5.05485  0.00317992
35  -5.05417  0.00316499
36  -5.05594  0.00354271
37  -5.057  0.00360557
38  -5.05725  0.00352171
39  -5.05732  0.00343438
40  -5.05819  0.00345885
41  -5.05948  0.00360922
42  -5.05904  0.00355301
43  -5.05855  0.00350491
44  -5.05843  0.00342911
45  -5.05916  0.00343171
46  -5.05888  0.00337045
47  -5.05824  0.00336026
48  -5.05811  0.00329403
49  -5.05842  0.00324248
50  -5.05911  0.00325186
51  -5.05961  0.00322679
52  -5.05994  0.00318247
53  -5.05982  0.00312575
54  -5.06012  0.00308325
55  -5.05943  0.00310282
56  -5.05993  0.00308744
57  -5.05999  0.00303474
58  -5.06046  0.00302038
59  -5.06026  0.00297652
60  -5.06019  0.00292865
61  -5.0602  0.00288142
62  -5.06006  0.0028387
63  -5.05982  0.00280462
64  -5.05958  0.00277202
65  -5.05956  0.00273006
66  -5.0593  0.00270193
67  -5.05914  0.00266689
68  -5.05981  0.00271162
69  -5.05985  0.0026731
70  -5.05996  0.00263769
71  -5.06007  0.00260325
72  -5.05999  0.00256883
73  -5.06016  0.00254004
74  -5.05987  0.0025223
75  -5.06026  0.00251807
76  -5.06021  0.00248587
77  -5.05996  0.00246608
78  -5.06003  0.00243569
79  -5.06017  0.00240927
80  -5.06031  0.00238384
81  -5.06054  0.00236577
82  -5.06028  0.00235157
83  -5.06061  0.00234722
84  -5.06081  0.00232797
85  -5.06062  0.00230879
86  -5.06041  0.00229213
87  -5.0608  0.0022996
88  -5.06074  0.00227455
89  -5.06013  0.00232947
90  -5.0601  0.00230408
91  -5.06044  0.00230377
92  -5.06068  0.00229144
93  -5.06071  0.00226732
94  -5.06045  0.00225835
95  -5.06071  0.00224976
96  -5.06068  0.00222686
97  -5.06054  0.0022081
98  -5.06049  0.0021865
99  -5.06068  0.00217343
