0  1.64167  0
1  1.63908  0.00183439
2  1.63564  0.00305765
3  1.64792  0.0108729
4  1.64354  0.00953878
5  1.64777  0.00883918
6  1.64986  0.00781822
7  1.65468  0.00819395
8  1.64828  0.00946059
9  1.64752  0.00854446
10  1.64608  0.0078892
11  1.64822  0.00751863
12  1.64885  0.00696661
13  1.64871  0.00647046
14  1.65011  0.00618858
15  1.65057  0.00581873
16  1.64866  0.00578191
17  1.64914  0.00548067
18  1.65065  0.00539601
19  1.65066  0.00512624
20  1.65003  0.00492092
21  1.65097  0.00478602
22  1.65153  0.0046099
23  1.65043  0.004547
24  1.65076  0.00437703
25  1.65115  0.00422596
26  1.65009  0.00419862
27  1.65086  0.00411757
28  1.65091  0.00397589
29  1.6507  0.00384872
30  1.65117  0.00375257
31  1.6516  0.00366077
32  1.65111  0.00358269
33  1.6506  0.00351389
34  1.65061  0.00341353
35  1.65017  0.00334744
36  1.65018  0.00325698
37  1.65015  0.00317138
38  1.65021  0.00309056
39  1.64993  0.00302574
40  1.65061  0.00302858
41  1.65013  0.0029946
42  1.65011  0.00292502
43  1.64941  0.00294187
44  1.64894  0.00291297
45  1.64896  0.00284969
46  1.64856  0.00281781
47  1.64821  0.00278031
48  1.64845  0.00273387
49  1.64844  0.00267921
50  1.64857  0.00262973
51  1.64847  0.0025808
52  1.64839  0.00253364
53  1.64809  0.00250407
54  1.64809  0.00245854
55  1.64837  0.00243058
56  1.64813  0.00240008
57  1.64841  0.00237491
58  1.64836  0.00233504
59  1.64865  0.00231319
60  1.64901  0.00230349
61  1.64893  0.00226752
62  1.64898  0.00223191
63  1.64906  0.00219872
64  1.64896  0.00216748
65  1.64928  0.00215865
66  1.64977  0.00218234
67  1.64939  0.00218393
68  1.64905  0.00217811
69  1.64885  0.00215606
70  1.64871  0.00213061
71  1.64889  0.00210906
72  1.64928  0.00211493
73  1.64952  0.00210036
74  1.64951  0.00207237
75  1.64982  0.00206854
76  1.64996  0.00204585
77  1.64974  0.00203054
78  1.64975  0.00200484
79  1.64983  0.00198135
80  1.64963  0.00196687
81  1.64968  0.00194353
82  1.64971  0.00192033
83  1.64991  0.00190801
84  1.64988  0.00188586
85  1.64947  0.00190791
86  1.64933  0.00189112
87  1.64963  0.00189419
88  1.64982  0.00188263
89  1.65008  0.0018796
90  1.6498  0.00187993
91  1.64992  0.0018631
92  1.64973  0.00185228
93  1.64994  0.00184377
94  1.6498  0.00182919
95  1.64956  0.00182581
96  1.64927  0.00182994
97  1.64916  0.00181493
98  1.64868  0.00185821
99  1.64898  0.00186321
