0  1.09445  0
1  1.09272  0.00122292
2  1.09043  0.00203844
3  1.09861  0.00724861
4  1.09569  0.00635919
5  1.09852  0.00589279
6  1.09991  0.00521215
7  1.10312  0.00546263
8  1.09885  0.00630706
9  1.09835  0.00569631
10  1.09738  0.00525946
11  1.09882  0.00501242
12  1.09924  0.00464441
13  1.09914  0.00431364
14  1.10007  0.00412572
15  1.10038  0.00387915
16  1.0991  0.00385461
17  1.09943  0.00365378
18  1.10043  0.00359734
19  1.10044  0.00341749
20  1.10002  0.00328061
21  1.10065  0.00319068
22  1.10102  0.00307327
23  1.10028  0.00303133
24  1.1005  0.00291802
25  1.10076  0.00281731
26  1.10006  0.00279908
27  1.10057  0.00274505
28  1.1006  0.0026506
29  1.10047  0.00256582
30  1.10078  0.00250171
31  1.10107  0.00244051
32  1.10074  0.00238846
33  1.1004  0.00234259
34  1.10041  0.00227568
35  1.10011  0.00223163
36  1.10012  0.00217132
37  1.1001  0.00211425
38  1.10014  0.00206037
39  1.09995  0.00201716
40  1.10041  0.00201905
41  1.10009  0.0019964
42  1.10008  0.00195002
43  1.09961  0.00196125
44  1.0993  0.00194198
45  1.09931  0.0018998
46  1.09904  0.00187854
47  1.09881  0.00185354
48  1.09897  0.00182258
49  1.09896  0.00178614
50  1.09904  0.00175315
51  1.09898  0.00172053
52  1.09892  0.00168909
53  1.09873  0.00166938
54  1.09873  0.00163903
55  1.09891  0.00162039
56  1.09875  0.00160005
57  1.09894  0.00158327
58  1.09891  0.0015567
59  1.0991  0.00154213
60  1.09934  0.00153566
61  1.09929  0.00151168
62  1.09932  0.00148794
63  1.09937  0.00146581
64  1.0993  0.00144498
65  1.09952  0.0014391
66  1.09985  0.00145489
67  1.09959  0.00145596
68  1.09937  0.00145207
69  1.09923  0.00143738
70  1.09914  0.00142041
71  1.09926  0.00140604
72  1.09952  0.00140995
73  1.09968  0.00140024
74  1.09967  0.00138158
75  1.09988  0.00137903
76  1.09997  0.0013639
77  1.09983  0.00135369
78  1.09983  0.00133656
79  1.09989  0.0013209
80  1.09975  0.00131125
81  1.09979  0.00129569
82  1.09981  0.00128022
83  1.09994  0.001272
84  1.09992  0.00125724
85  1.09964  0.00127194
86  1.09955  0.00126075
87  1.09975  0.0012628
88  1.09988  0.00125509
89  1.10006  0.00125307
90  1.09987  0.00125329
91  1.09995  0.00124207
92  1.09982  0.00123486
93  1.09996  0.00122918
94  1.09987  0.00121946
95  1.09971  0.00121721
96  1.09952  0.00121996
97  1.09944  0.00120995
98  1.09912  0.00123881
99  1.09932  0.00124214
