0  2.12605  0
1  2.15154  0.018022
2  2.17172  0.0203905
3  2.14025  0.0312492
4  2.18456  0.046858
5  2.17089  0.0409938
6  2.1592  0.0367659
7  2.12714  0.0439807
8  2.16157  0.0508142
9  2.16497  0.0458463
10  2.17025  0.0419809
11  2.15073  0.0427801
12  2.15586  0.0397955
13  2.16909  0.0390903
14  2.16068  0.0373772
15  2.15735  0.0351888
16  2.16408  0.0337547
17  2.16268  0.0319083
18  2.15611  0.030898
19  2.15577  0.029355
20  2.16117  0.0284487
21  2.15894  0.0272424
22  2.15321  0.0266542
23  2.15421  0.0255623
24  2.15209  0.0246274
25  2.15023  0.0237505
26  2.15691  0.0237919
27  2.15048  0.0237961
28  2.14962  0.0229909
29  2.14902  0.0222324
30  2.14679  0.0216272
31  2.14408  0.0211204
32  2.14669  0.0206407
33  2.14858  0.0201203
34  2.14871  0.0195459
35  2.1508  0.0191142
36  2.14772  0.0188441
37  2.1481  0.0183521
38  2.14568  0.018041
39  2.14663  0.0176152
40  2.14439  0.0173283
41  2.14597  0.0169881
42  2.1459  0.0165932
43  2.14812  0.016364
44  2.15051  0.0161741
45  2.15276  0.0159782
46  2.1553  0.0158382
47  2.15662  0.0155631
48  2.15582  0.0152661
49  2.15507  0.0149789
50  2.15352  0.0147658
51  2.15437  0.0145066
52  2.15533  0.0142645
53  2.15546  0.0140009
54  2.15389  0.013834
55  2.15229  0.0136795
56  2.15388  0.0135322
57  2.15225  0.0133977
58  2.15317  0.0132026
59  2.15295  0.0129845
60  2.15284  0.0127721
61  2.15261  0.0125682
62  2.15287  0.0123714
63  2.15222  0.012195
64  2.15419  0.0121653
65  2.15183  0.0122072
66  2.14971  0.0122079
67  2.15132  0.0121331
68  2.15245  0.0120097
69  2.15314  0.0118582
70  2.15385  0.0117123
71  2.15286  0.011591
72  2.15083  0.0116088
73  2.14962  0.0115148
74  2.1502  0.0113759
75  2.14877  0.0113153
76  2.14848  0.0111721
77  2.14852  0.011029
78  2.14748  0.0109385
79  2.14643  0.0108519
80  2.1471  0.0107386
81  2.14759  0.0106185
82  2.14683  0.0105173
83  2.14528  0.0105056
84  2.14443  0.0104164
85  2.14598  0.0104096
86  2.1463  0.0102948
87  2.14343  0.0105707
88  2.14113  0.0106976
89  2.14141  0.0105822
90  2.14397  0.0107724
91  2.14339  0.0106711
92  2.14415  0.0105834
93  2.14319  0.0105144
94  2.14442  0.0104757
95  2.14635  0.0105422
96  2.14752  0.0104984
97  2.14806  0.0104052
98  2.15094  0.0106915
99  2.14956  0.0106735
