0  -3.45985  0
1  -3.46733  0.00528962
2  -3.46997  0.00413193
3  -3.47131  0.00330865
4  -3.47228  0.00278687
5  -3.47274  0.00235919
6  -3.47309  0.00204819
7  -3.47343  0.00182094
8  -3.47373  0.00164267
9  -3.47392  0.00148945
10  -3.47414  0.00136944
11  -3.47428  0.00126256
12  -3.47446  0.00117801
13  -3.47462  0.00110513
14  -3.47492  0.00107205
15  -3.47496  0.0010057
16  -3.47492  0.000947532
17  -3.47495  0.000895665
18  -3.47492  0.000849231
19  -3.475  0.000811188
20  -3.47499  0.000772694
21  -3.47502  0.000738058
22  -3.47504  0.000706376
23  -3.47509  0.00067863
24  -3.47506  0.000652017
25  -3.47507  0.00062699
26  -3.47512  0.000605657
27  -3.47522  0.000591387
28  -3.47518  0.000572096
29  -3.47519  0.000553076
30  -3.47519  0.000535236
31  -3.47512  0.000522602
32  -3.47505  0.000511576
33  -3.47503  0.000497047
34  -3.47507  0.000484792
35  -3.47513  0.00047515
36  -3.47519  0.000465738
37  -3.47522  0.000454223
38  -3.47523  0.00044273
39  -3.47527  0.000433876
40  -3.4753  0.000424501
41  -3.47534  0.000415591
42  -3.47528  0.000410027
43  -3.47528  0.000400738
44  -3.47531  0.000392722
45  -3.47533  0.000384951
46  -3.47534  0.000376868
47  -3.47534  0.000369029
48  -3.47534  0.000361501
49  -3.47536  0.000355024
50  -3.47539  0.000348917
51  -3.47537  0.000342502
52  -3.47538  0.000336108
53  -3.47538  0.000329884
54  -3.4754  0.000324537
55  -3.47541  0.000318785
56  -3.47544  0.000314958
57  -3.47543  0.000309653
58  -3.47545  0.000304858
59  -3.47548  0.000301188
60  -3.47549  0.000296618
61  -3.4755  0.000292007
62  -3.47549  0.000287573
63  -3.47547  0.000283963
64  -3.47544  0.000280523
65  -3.47546  0.00027668
66  -3.47545  0.000272735
67  -3.47548  0.000269916
68  -3.47548  0.000266052
69  -3.47546  0.000262897
70  -3.47548  0.000259681
71  -3.47548  0.000256172
72  -3.47549  0.000252734
73  -3.47547  0.000250395
74  -3.47547  0.000247075
75  -3.47548  0.000243948
76  -3.47547  0.000240875
77  -3.47547  0.00023779
78  -3.47547  0.00023485
79  -3.47547  0.000231918
80  -3.47547  0.000229055
81  -3.47546  0.000226293
82  -3.47545  0.000224038
83  -3.47544  0.000221632
84  -3.47545  0.000219361
85  -3.47546  0.000217131
86  -3.47545  0.000215055
87  -3.47545  0.00021273
88  -3.47545  0.000210366
89  -3.47543  0.000209184
90  -3.47541  0.000207474
91  -3.47542  0.000205351
92  -3.47545  0.000205435
93  -3.47546  0.00020345
94  -3.47546  0.000201361
95  -3.47545  0.000199289
96  -3.47543  0.000198282
97  -3.47543  0.000196285
98  -3.47545  0.000194589
99  -3.47545  0.000192646
