1.64872
1.64428
1.63654
1.62521
1.60987
1.58995
1.56478
1.5336
1.49556
1.44996
1.39634
1.33471
1.2658
1.19122
1.11359
1.03645
0.963795
0.899562
0.84687
0.807565
0.78205
0.769412
0.767802
0.774817
0.787875
0.804503
0.822508
0.840109
0.856008
0.869406
0.879966
0.887787
0.893251
0.896916
0.899319
0.900872
0.901729
0.901814
0.9008
0.898208
0.893547
0.886447
0.876805
0.864815
0.851031
0.836292
0.821587
0.807899
0.796118
0.786931
0.780828
0.778066
0.778627
0.782259
0.788469
0.796586
0.805825
0.815342
0.824318
0.83201
0.837854
0.841537
0.843065
0.842701
0.84091
0.838294
0.835451
0.832922
0.831151
0.830529
0.831386
0.833936
0.838204
0.843927
0.850595
0.857577
0.864226
0.870082
0.874914
0.878713
0.88168
0.884133
0.886407
0.88879
0.891449
0.89442
0.897598
0.900774
0.903682
0.906017
0.907506
0.907921
0.907136
0.905166
0.902186
0.898547
0.894707
0.891138
0.88824
0.886247
0.885185
0.884814
0.884756
0.884543
0.88374
0.882073
0.879461
0.876018
0.871905
0.867198
0.861776
0.855339
0.847543
0.838171
0.827286
0.815212
0.802579
0.790194
0.778927
0.769576
0.762766
0.758819
0.757716
0.759079
0.762246
0.766447
0.771006
0.775488
0.779721
0.783763
0.787842
0.792238
0.797202
0.802887
0.809296
0.816242
0.823382
0.83033
0.836702
0.842312
0.847216
0.851612
0.855717
0.859593
0.863064
0.865781
0.867383
0.867637
0.866492
0.864071
0.860641
0.856661
0.852733
0.849619
0.848166
0.849209
0.853442
0.861217
0.872373
0.886189
0.901459
0.916719
0.930535
0.941747
0.949637
0.953944
0.954807
0.952611
0.947922
0.941443
0.933887
0.925954
0.918297
0.911452
0.905839
0.901677
0.899036
0.897818
0.897754
0.898451
0.899454
0.900324
0.900726
0.900458
0.899484
0.897894
0.895878
0.893695
0.891705
0.890328
0.889991
0.891082
0.893825
0.89817
0.903746
0.909921
0.915977
0.921266
0.925333
0.927996
0.929289
0.929427
0.928732
0.927578
0.926321
0.925268
0.924633
0.924548
0.925026
0.925948
0.927107
0.928225
0.92902
0.929252
0.928747
0.927433
0.925325
0.922537
0.919259
0.915702
0.91206
0.908433
0.904784
0.900901
0.89644
0.89103
0.884425
0.876685
0.868336
0.86032
0.853734
0.849393
0.847504
0.847668
0.849162
0.851367
0.854003
0.85721
0.861504
0.867531
0.875826
0.886606
0.899588
0.913987
0.928622
0.942174
0.953399
0.961355
0.965501
0.965691
0.962142
0.955387
0.946176
0.935422
0.924091
0.913071
0.903034
0.894378
0.887188
0.881379
0.876817
0.873449
0.871378
0.870756
0.871656
0.873911
0.877098
0.880611
0.88383
0.886305
0.887924
0.888974
0.890055
0.891893
0.895167
0.900224
0.906965
0.914835
0.923026
0.930728
0.93734
0.942456
0.945901
0.947629
0.947661
0.946028
0.942765
0.9379
0.931502
0.923669
0.914596
0.904558
0.893953
0.883276
0.873051
0.863739
0.855667
0.849004
0.843727
0.839706
0.836792
0.834907
0.834137
0.83466
0.836703
0.840364
0.845463
0.85149
0.857672
0.863221
0.867608
0.870868
0.873685
0.877179
0.882399
0.889573
0.897699
0.904891
0.9093
0.90997
0.907105
0.901814
0.895617
0.890037
0.886243
0.88488
0.886042
0.88937
0.894154
0.899428
0.904174
0.907501
0.908768
0.907692
0.904337
0.899042
0.892382
0.885051
0.877787
0.871269
0.866089
0.862642
0.861122
0.861546
0.863781
0.867602
0.872739
0.878896
0.885741
0.892898
0.899925
0.906379
0.911845
0.916026
0.918801
0.920228
0.92049
0.919888
0.918733
0.917328
0.915978
0.914874
0.914036
0.913327
0.912424
0.910911
0.908382
0.904543
0.899275
0.892661
0.884942
0.876431
0.86738
0.857977
0.848301
0.838334
0.827943
0.816873
0.80481
0.791499
0.776993
0.76189
0.747435
0.735376
0.727499
0.725099
0.728608
0.737556
0.750831
0.767033
0.784764
0.802736
0.819815
0.835022
0.84759
0.857087
0.86345
0.866971
0.868217
0.867854
0.866535
0.864744
0.86275
0.86059
0.858147
0.855217
0.851647
0.847388
0.842587
0.83759
0.832907
0.829114
0.826707
0.82591
0.826557
0.828111
0.829814
0.830972
0.831173
0.830387
0.829012
0.82773
0.827316
0.828388
0.831195
0.835516
0.840767
0.846159
0.8508
0.853897
0.854857
0.853341
0.849277
0.842853
0.834522
0.824944
0.814979
0.805653
0.798106
0.793454
0.792594
0.795948
0.803351
0.81409
0.827072
0.841024
0.854706
0.86707
0.877322
0.884919
0.889556
0.891079
0.88949
0.884881
0.877424
0.867466
0.855557
0.842533
0.829532
0.817843
0.808643
0.802713
0.800251
0.8009
0.803982
0.808725
0.814428
0.820532
0.826681
0.832671
0.838413
0.843906
0.849163
0.854157
0.858824
0.863063
0.866725
0.869679
0.871798
0.872998
0.873299
0.872762
0.871475
0.869488
0.866817
0.86342
0.859221
0.854178
0.848334
0.84186
0.835124
0.828641
0.822988
0.818723
0.81623
0.815624
0.816738
0.819167
0.82235
0.82562
0.828305
0.829751
0.829417
0.827004
0.822572
0.816619
0.810158
0.804499
0.800974
0.800553
0.803568
0.809721
0.818279
0.828325
0.838965
0.849433
0.859116
0.867484
0.874077
0.878478
0.880294
0.879174
0.874895
0.867397
0.856793
0.843399
0.827728
0.810465
0.792476
0.774797
0.758561
0.74491
0.734835
0.729037
0.727844
0.731177
0.738663
0.749694
0.763485
0.779172
0.795817
0.812482
0.828291
0.842523
0.854585
0.864052
0.87067
0.874315
0.875038
0.873026
0.868621
0.862394
0.855093
0.847592
0.8408
0.835573
0.832637
0.832432
0.835066
0.84028
0.847445
0.855717
0.864212
0.872111
0.878803
0.883867
0.887135
0.888678
0.888736
0.887748
0.886258
0.884836
0.883999
0.88413
0.885387
0.88769
0.890749
0.894072
0.897062
0.899105
0.899585
0.89798
0.893895
0.887127
0.877662
0.865692
0.851621
0.83607
0.81985
0.803918
0.789261
0.776738
0.766907
0.759936
0.755622
0.753522
0.753073
0.753707
0.754963
0.756512
0.75815
0.759781
0.761407
0.763103
0.764966
0.767033
0.769275
0.77157
0.773731
0.775558
0.776872
0.777587
0.777719
0.777354
0.776637
0.775705
0.774684
0.773711
0.773
0.772883
0.773831
0.776377
0.780944
0.787699
0.796465
0.806709
0.817696
0.828649
0.838945
0.848222
0.856407
0.863657
0.870251
0.876477
0.88253
0.888473
0.89422
0.899552
0.904188
0.90792
0.910685
0.912557
0.913624
0.91383
0.912954
0.910629
0.906564
0.900696
0.893251
0.884754
0.875878
0.867326
0.859686
0.853328
0.848461
0.845179
0.843491
0.843359
0.844691
0.847305
0.850906
0.855104
0.85938
0.863176
0.865964
0.86737
0.867275
0.865892
0.863775
0.861735
0.86062
0.86104
0.863118
0.866488
0.870436
0.874123
0.876771
0.877778
0.876709
0.873373
0.86782
0.860432
0.851978
0.843648
0.83689
0.832968
0.832467
0.834907
0.838746
0.84173
0.841541
0.836483
0.825955
0.810737
0.792906
0.77532
0.760721
0.750948
0.746572
0.747153
0.75179
0.759526
0.76951
0.780982
0.793169
0.80516
0.815951
0.82449
0.829886
0.831659
0.829984
0.825717
0.820233
0.814955
0.810859
0.808201
0.806655
0.805674
0.804841
0.803998
0.803199
0.802528
0.801975
0.801308
0.800157
0.798103
0.794822
0.790175
0.784341
0.77779
0.771264
0.765623
0.761682
0.760064
0.761056
0.764561
0.770129
0.777099
0.784805
0.792744
0.800709
0.808776
0.817211
0.826264
0.836018
0.84627
0.856582
0.86637
0.875011
0.881914
0.886641
0.888886
0.888464
0.885355
0.879722
0.871923
0.862554
0.852403
0.84236
0.833337
0.826181
0.821602
0.820117
0.821964
0.827006
0.834776
0.844529
0.855319
0.866149
0.876078
0.884286
0.890145
0.893262
0.893472
0.890828
0.885586
0.878226
0.869482
0.860311
0.851789
0.84494
0.840553
0.839018
0.840166
0.843175
0.846663
0.849001
0.848706
0.844907
0.837576
0.82749
0.816001
0.804684
0.794865
0.787331
0.782238
0.779212
0.777688
0.777193
0.777389
0.777935
0.778288
0.777652
0.77525
0.770701
0.764325
0.757144
0.750625
0.74621
0.744877
0.746762
0.751193
0.756943
0.762632
0.767073
0.769533
0.769814
0.768308
0.7659
0.763785
0.763173
0.765038
0.769958
0.778116
0.789354
0.803329
0.819561
0.837433
0.85622
0.875117
0.893192
0.909514
0.92318
0.933408
0.939642
0.941614
0.939357
0.933239
0.923952
0.912456
0.899895
0.887447
0.876131
0.866643
0.859224
0.85367
0.849447
0.845823
0.84207
0.837627
0.832214
0.825867
0.818909
0.811882
0.80543
0.800141
0.796461
0.794648
0.794721
0.796536
0.799825
0.804303
0.809739
0.815952
0.822898
0.830617
0.839206
0.848755
0.859204
0.870279
0.881418
0.891787
0.90042
0.906489
0.909524
0.909462
0.906611
0.901504
0.894726
0.886823
0.878323
0.869753
0.861642
0.85447
0.848611
0.844258
0.841393
0.839761
0.838898
0.838234
0.837153
0.835134
0.831981
0.828054
0.824404
0.822573
0.824011
0.829343
0.837945
0.848226
0.858357
0.866947
0.873291
0.877251
0.87911
0.87939
0.878708
0.877676
0.876859
0.876634
0.877164
0.878328
0.87976
0.880968
0.881378
0.880457
0.877732
0.872775
0.865238
0.854874
0.841685
0.826034
0.80878
0.791316
0.775437
0.763034
0.755627
0.753995
0.757914
0.766297
0.777516
0.789816
0.801698
0.812163
0.820745
0.827554
0.833113
0.838144
0.843315
0.849004
0.85518
0.861437
0.867181
0.871867
0.875105
0.876737
0.876815
0.875473
0.872894
0.869179
0.864327
0.85823
0.850859
0.842317
0.832995
0.823641
0.815272
0.80899
0.805758
0.806161
0.810284
0.817676
0.82746
0.838484
0.849487
0.859334
0.867106
0.872217
0.874408
0.873776
0.8707
0.865794
0.859844
0.853629
0.847792
0.842677
0.83828
0.834229
0.829897
0.824586
0.817675
0.808857
0.798284
0.786622
0.774916
0.764342
0.755793
0.749689
0.746021
0.74465
0.745559
0.748929
0.755112
0.764455
0.777078
0.792737
0.810705
0.829835
0.848748
0.866123
1.6655
1.67016
1.66362
1.64716
1.62233
1.59067
1.55377
1.51322
1.47085
1.42883
1.38973
1.3564
1.3314
1.31624
1.31073
1.31287
1.31926
1.32611
1.33014
1.32922
1.32262
1.3109
1.29572
1.27986
1.26716
1.26182
1.26694
1.28287
1.30696
1.33482
1.36201
1.385
1.40134
1.40949
1.40884
1.39971
1.38346
1.36244
1.33964
1.31814
1.30055
1.28858
1.283
1.28368
1.28964
1.2992
1.31018
1.32019
1.32709
1.32943
1.32707
1.32141
1.31511
1.31075
1.3095
1.3111
1.31491
1.32059
1.32796
1.33659
1.34565
1.35418
1.36139
1.36689
1.37065
1.37267
1.3728
1.37043
1.36455
1.35409
1.33846
1.31817
1.29534
1.27345
1.2563
1.24639
1.24386
1.24679
1.25245
1.2584
1.26293
1.26499
1.26387
1.25885
1.2492
1.23433
1.2144
1.1908
1.16645
1.14548
1.1325
1.1313
1.14344
1.16718
1.19789
1.22969
1.25746
1.27781
1.28938
1.29249
1.28873
1.28072
1.2718
1.26554
1.26495
1.27167
1.28559
1.30495
1.32708
1.34897
1.36771
1.38083
1.38665
1.3846
1.37543
1.36092
1.34346
1.32546
1.30898
1.29538
1.28519
1.27818
1.2736
1.27048
1.26794
1.26535
1.26238
1.25903
1.25559
1.2527
1.25116
1.25198
1.25603
1.26355
1.27375
1.28488
1.29482
1.30196
1.30568
1.30629
1.3045
1.30089
1.29577
1.28948
1.28278
1.27692
1.27333
1.27314
1.27694
1.28472
1.29603
1.3101
1.32571
1.34102
1.35346
1.3602
1.35878
1.34808
1.32912
1.30527
1.28167
1.26365
1.25478
1.25515
1.26134
1.26822
1.27129
1.26792
1.25756
1.24119
1.22078
1.19881
1.178
1.16092
1.14968
1.14556
1.1489
1.15904
1.17468
1.19411
1.21544
1.23664
1.25567
1.27085
1.2813
1.28717
1.28954
1.29008
1.29051
1.29217
1.29571
1.30107
1.30758
1.31419
1.31981
1.32366
1.32549
1.3256
1.32464
1.32344
1.32279
1.32327
1.32501
1.32738
1.32915
1.32897
1.32604
1.32059
1.31403
1.30856
1.30628
1.30813
1.31324
1.31919
1.32294
1.32195
1.3148
1.30145
1.28312
1.26206
1.24119
1.22376
1.21265
1.20979
1.21572
1.22962
1.24959
1.27311
1.29748
1.32016
1.33903
1.35252
1.35975
1.36057
1.35546
1.34544
1.33174
1.31578
1.29914
1.28391
1.27266
1.26818
1.27244
1.28541
1.30453
1.32553
1.34411
1.35736
1.36444
1.36645
1.36581
1.36552
1.36841
1.37633
1.38951
1.40637
1.42391
1.43863
1.44751
1.4487
1.44175
1.42754
1.40796
1.38554
1.36294
1.34245
1.32556
1.31278
1.30389
1.29835
1.2958
1.2964
1.30046
1.30742
1.31521
1.32057
1.32026
1.31229
1.29649
1.27435
1.24841
1.22174
1.19745
1.17836
1.16669
1.16387
1.17035
1.18541
1.20727
1.23332
1.26063
1.28645
1.30867
1.32593
1.3376
1.34364
1.34441
1.34058
1.33302
1.32279
1.31106
1.29915
1.28839
1.28011
1.27563
1.27599
1.28168
1.29228
1.30634
1.32163
1.33562
1.34601
1.35108
1.34981
1.34205
1.32849
1.31077
1.29147
1.27377
1.26067
1.25358
1.25165
1.25216
1.25226
1.25052
1.24743
1.24468
1.24392
1.24571
1.24933
1.25321
1.25565
1.25542
1.25196
1.24572
1.23807
1.23114
1.22709
1.22726
1.23155
1.23857
1.24625
1.2527
1.25664
1.25756
1.25559
1.25138
1.24601
1.24074
1.23681
1.23519
1.2362
1.23936
1.24355
1.24726
1.24907
1.24813
1.24438
1.23862
1.23245
1.22787
1.22664
1.22963
1.23639
1.24558
1.25563
1.26546
1.27462
1.28298
1.29019
1.2955
1.29785
1.29646
1.29136
1.28358
1.27499
1.26783
1.26403
1.26463
1.26936
1.27689
1.28551
1.29373
1.3007
1.30617
1.31029
1.31341
1.31576
1.31736
1.31802
1.31751
1.31576
1.31303
1.30988
1.307
1.30496
1.30421
1.30495
1.30715
1.31064
1.3151
1.32012
1.32535
1.33051
1.33535
1.33952
1.34254
1.34377
1.34254
1.33837
1.33136
1.32254
1.31379
1.30719
1.30412
1.30487
1.30875
1.31478
1.32198
1.32956
1.33656
1.34179
1.34394
1.34219
1.33651
1.32787
1.31792
1.30827
1.29973
1.29205
1.28441
1.27604
1.26689
1.25764
1.24942
1.24331
1.24003
1.24003
1.24364
1.25113
1.26231
1.27595
1.28964
1.30044
1.30629
1.30689
1.30404
1.30084
1.30038
1.30448
1.31324
1.32543
1.33898
1.35142
1.36037
1.36396
1.36116
1.35193
1.33707
1.31793
1.29617
1.27371
1.25263
1.23535
1.22441
1.22192
1.22901
1.24511
1.26803
1.29455
1.32153
1.3467
1.36895
1.38787
1.40321
1.41455
1.42125
1.42257
1.41789
1.40682
1.38928
1.36566
1.33713
1.30576
1.27437
1.24577
1.22188
1.20321
1.18909
1.17844
1.17044
1.1648
1.1615
1.16069
1.16253
1.16701
1.17381
1.18237
1.19212
1.20266
1.2139
1.22584
1.23838
1.25123
1.26399
1.27617
1.28714
1.29625
1.3029
1.30676
1.30795
1.30707
1.30509
1.30298
1.30138
1.30042
1.29985
1.29945
1.29948
1.30066
1.30388
1.30938
1.31648
1.32358
1.32888
1.33106
1.32993
1.32635
1.32195
1.31835
1.3166
1.31683
1.31854
1.32118
1.32437
1.32781
1.33113
1.33365
1.33459
1.33326
1.32948
1.32368
1.31665
1.30918
1.30172
1.29435
1.28707
1.28005
1.27365
1.26802
1.26285
1.25738
1.25067
1.24206
1.23174
1.22091
1.21163
1.20638
1.20721
1.21507
1.22946
1.24876
1.27082
1.29363
1.3157
1.33614
1.35437
1.36996
1.38249
1.39164
1.39729
1.39956
1.39869
1.39494
1.38843
1.37916
1.36704
1.35225
1.3355
1.31827
1.30266
1.29089
1.28446
1.28348
1.2866
1.29166
1.29652
1.2999
1.30169
1.30253
1.30297
1.30281
1.30126
1.29763
1.29212
1.28594
1.28068
1.27759
1.27694
1.2779
1.27898
1.27871
1.27612
1.2711
1.26416
1.25611
1.24774
1.23969
1.23241
1.22612
1.22094
1.21692
1.21435
1.21407
1.21751
1.22648
1.24231
1.26508
1.29324
1.32414
1.35493
1.38309
1.4066
1.4238
1.43342
1.4348
1.42817
1.41466
1.39607
1.37431
1.35127
1.32869
1.30845
1.29245
1.2821
1.27796
1.27957
1.28582
1.2953
1.30656
1.31807
1.32803
1.3346
1.33631
1.33263
1.3243
1.31331
1.30247
1.29467
1.29214
1.29605
1.30652
1.32287
1.3437
1.36683
1.38947
1.40854
1.42128
1.4258
1.42146
1.40905
1.3909
1.37071
1.35293
1.34167
1.33921
1.34494
1.35571
1.36737
1.37637
1.3806
1.37956
1.37439
1.36751
1.36199
1.36042
1.36389
1.37162
1.38172
1.39207
1.40122
1.40858
1.41422
1.41846
1.4216
1.42377
1.42501
1.42532
1.42472
1.42305
1.41985
1.41442
1.40601
1.39403
1.37817
1.3584
1.33494
1.30831
1.27932
1.24916
1.21943
1.19207
1.1692
1.15296
1.14496
1.14583
1.15495
1.17049
1.18997
1.21108
1.23212
1.25214
1.27078
1.28811
1.30455
1.32056
1.3363
1.35114
1.36354
1.37135
1.37261
1.36615
1.35192
1.33105
1.30582
1.27944
1.25561
1.23789
1.22862
1.22823
1.23521
1.24683
1.26024
1.27337
1.28547
1.29698
1.30909
1.32318
1.3403
1.36069
1.3836
1.40737
1.42968
1.4481
1.46051
1.4654
1.46211
1.45083
1.43261
1.40907
1.38215
1.35383
1.32585
1.29959
1.27614
1.25633
1.24066
1.22887
1.21983
1.21181
1.20322
1.1934
1.18279
1.17251
1.16392
1.15825
1.15645
1.15925
1.1671
1.18012
1.198
1.22
1.24499
1.27146
1.29768
1.32203
1.34329
1.36097
1.37517
1.38626
1.39427
1.3987
1.39906
1.3957
1.39024
1.38515
1.38244
1.38243
1.3835
1.38317
1.37942
1.37135
1.35914
1.34357
1.32558
1.3061
1.28586
1.2655
1.24557
1.2266
1.20934
1.19483
1.18443
1.17944
1.18071
1.18812
1.20036
1.21506
1.22913
1.23951
1.24382
1.24093
1.23127
1.21682
1.20082
1.18672
1.17693
1.1721
1.17133
1.17311
1.17616
1.17979
1.18405
1.18974
1.19833
1.21169
1.23124
1.25693
1.28694
1.31823
1.34756
1.37218
1.39024
1.4008
1.40389
1.40054
1.39268
1.38287
1.37368
1.36707
1.36375
1.36314
1.36392
1.36475
1.36492
1.36451
1.36398
1.3632
1.36097
1.35533
1.34454
1.32797
1.30661
1.28289
1.26003
1.2408
1.22643
1.21639
1.20898
1.20235
1.19539
1.18802
1.18143
1.17759
1.17841
1.18482
1.19624
1.21094
1.22683
1.24217
1.25593
1.26778
1.27784
1.2865
1.29419
1.3015
1.30899
1.31699
1.32543
1.33375
1.34109
1.34662
1.34983
1.35062
1.34922
1.34585
1.34059
1.33319
1.32339
1.3111
1.29676
1.28141
1.26666
1.2545
1.24693
1.24534
1.25008
1.26045
1.27513
1.29263
1.31138
1.32967
1.34583
1.35841
1.36648
1.36977
1.36852
1.36341
1.35563
1.34695
1.33962
1.33583
1.33668
1.34144
1.3478
1.35289
1.35435
1.35093
1.34252
1.32993
1.31452
1.29783
1.28137
1.26648
1.25436
1.24609
1.24254
1.24417
1.25075
1.26116
1.27354
1.28576
1.29587
1.30255
1.30521
1.30398
1.29925
1.29129
1.28011
1.26577
1.24882
1.23056
1.21272
1.19705
1.18491
1.17715
1.17416
1.17594
1.18226
1.19268
1.20642
1.22223
1.23847
1.25343
1.2659
1.27539
1.28232
1.28781
1.29332
1.30001
1.30827
1.31759
1.32672
1.33417
1.33863
1.3394
1.33653
1.3309
1.32397
1.31746
1.31296
1.31157
1.31379
1.31931
1.32719
1.33599
1.34405
1.34968
1.35138
1.34806
1.33922
1.32513
1.30697
1.28685
1.26741
1.25121
1.24017
1.23509
1.2357
1.241
1.24974
1.26094
1.27407
1.28884
1.30488
1.32135
1.33699
1.35054
1.36138
1.36999
1.6568
1.66193
1.66591
1.66834
1.66767
1.6619
1.64927
1.62884
1.60092
1.5672
1.53075
1.49554
1.46568
1.4445
1.43378
1.43358
1.44228
1.45717
1.47504
1.49292
1.50885
1.52244
1.53471
1.54717
1.56067
1.57457
1.58696
1.59549
1.59822
1.59422
1.5836
1.56734
1.54697
1.52433
1.50146
1.48052
1.46365
1.45256
1.44843
1.45163
1.46176
1.47757
1.49703
1.51752
1.5362
1.55033
1.55766
1.55659
1.54636
1.5273
1.50124
1.47197
1.44501
1.42612
1.41902
1.424
1.43838
1.45823
1.47965
1.49942
1.51515
1.52538
1.52959
1.52808
1.52164
1.51151
1.49932
1.48714
1.47743
1.47282
1.47536
1.48575
1.50303
1.52471
1.54755
1.56836
1.58455
1.59432
1.59679
1.59198
1.58084
1.56506
1.54682
1.52836
1.51195
1.49987
1.49431
1.49664
1.5065
1.52138
1.53733
1.55032
1.55738
1.55719
1.54987
1.53658
1.51912
1.4995
1.47959
1.46085
1.44408
1.42946
1.41687
1.40608
1.397
1.38952
1.38347
1.3786
1.37471
1.37176
1.36989
1.36942
1.37091
1.375
1.38223
1.39271
1.40618
1.4221
1.43987
1.45894
1.47866
1.49817
1.51629
1.53165
1.54308
1.5498
1.55155
1.54854
1.54123
1.53015
1.5159
1.49912
1.48067
1.46171
1.44372
1.42845
1.41758
1.41202
1.4117
1.4156
1.42241
1.43094
1.44038
1.45017
1.45971
1.46829
1.47507
1.4795
1.48157
1.4816
1.4794
1.47414
1.46527
1.45392
1.44315
1.43653
1.43605
1.4413
1.45004
1.45977
1.4687
1.47619
1.48262
1.48881
1.49548
1.50304
1.51189
1.52241
1.53461
1.5477
1.56014
1.57005
1.57572
1.57599
1.57062
1.56034
1.54691
1.53266
1.51994
1.51055
1.50522
1.50328
1.50254
1.49973
1.4918
1.47704
1.4557
1.42963
1.40184
1.37584
1.35523
1.34321
1.34209
1.35277
1.37457
1.40529
1.44171
1.48028
1.51768
1.55116
1.57856
1.59834
1.60976
1.61306
1.60929
1.60008
1.58761
1.57455
1.56413
1.55928
1.56141
1.56936
1.57989
1.58934
1.59526
1.59715
1.59601
1.59335
1.59008
1.58613
1.58089
1.57386
1.56518
1.55565
1.54648
1.53922
1.53556
1.53669
1.54228
1.55005
1.55664
1.55953
1.55847
1.55572
1.5546
1.5571
1.56231
1.56699
1.56757
1.56175
1.54893
1.53004
1.50758
1.48545
1.46822
1.45927
1.4586
1.46275
1.46701
1.46758
1.46233
1.45057
1.43277
1.41037
1.3856
1.36096
1.33872
1.32038
1.3067
1.29787
1.29371
1.29365
1.29673
1.30166
1.3072
1.31254
1.31708
1.32011
1.32058
1.31737
1.31009
1.30014
1.29105
1.2872
1.29123
1.30249
1.3182
1.33568
1.35363
1.3718
1.39016
1.40827
1.42506
1.43911
1.44916
1.45443
1.45494
1.45145
1.44523
1.43743
1.42857
1.41832
1.40605
1.39181
1.37724
1.36567
1.36126
1.36718
1.38379
1.40822
1.43589
1.46247
1.48495
1.5017
1.51212
1.5163
1.51498
1.50936
1.50095
1.49111
1.48074
1.47013
1.45908
1.44744
1.43549
1.42393
1.41351
1.40452
1.39656
1.38896
1.3816
1.37553
1.37265
1.37458
1.38141
1.39163
1.40309
1.41414
1.42404
1.4327
1.44026
1.44655
1.45101
1.45302
1.45268
1.45143
1.45188
1.4565
1.46605
1.47913
1.49295
1.50442
1.51094
1.51073
1.50295
1.48804
1.46809
1.4466
1.42776
1.4153
1.41161
1.41766
1.43316
1.45681
1.48622
1.51813
1.54889
1.57518
1.5945
1.60552
1.60806
1.60303
1.59218
1.57766
1.56167
1.54625
1.533
1.52276
1.51536
1.50976
1.50457
1.49873
1.49167
1.48314
1.47315
1.46189
1.44987
1.43813
1.42814
1.4216
1.42004
1.42454
1.43554
1.45269
1.47446
1.49798
1.51954
1.53563
1.54384
1.54326
1.53436
1.51881
1.49919
1.47843
1.45931
1.44401
1.43386
1.42895
1.42798
1.4286
1.42841
1.42574
1.42001
1.41165
1.40176
1.39194
1.38399
1.37942
1.37896
1.38226
1.38783
1.39339
1.39658
1.39593
1.3919
1.38737
1.38699
1.39526
1.41396
1.44105
1.47166
1.5005
1.52353
1.53855
1.54497
1.54333
1.53507
1.52218
1.50722
1.49314
1.4826
1.47683
1.47498
1.47517
1.47622
1.47831
1.48172
1.4857
1.48865
1.48915
1.48687
1.48264
1.47814
1.47529
1.47556
1.47941
1.48616
1.49434
1.50228
1.50893
1.51427
1.51939
1.52596
1.53563
1.54937
1.56722
1.58848
1.61192
1.63582
1.65798
1.6758
1.68663
1.68815
1.6788
1.65803
1.62652
1.58641
1.54118
1.49521
1.4532
1.4193
1.39643
1.38604
1.38833
1.40241
1.42625
1.45633
1.48792
1.51602
1.53643
1.54675
1.54677
1.53832
1.52458
1.50884
1.49323
1.47833
1.46392
1.45002
1.43723
1.42639
1.4181
1.41247
1.40906
1.40715
1.40599
1.40528
1.40548
1.40764
1.4128
1.42113
1.43162
1.44249
1.4519
1.4588
1.46322
1.46607
1.46857
1.4716
1.47539
1.47954
1.4834
1.48661
1.48949
1.49323
1.49954
1.50976
1.524
1.54088
1.55793
1.5726
1.58276
1.58693
1.58374
1.57169
1.54918
1.51511
1.47007
1.41752
1.36426
1.31932
1.29139
1.28579
1.30255
1.33633
1.37861
1.42089
1.45695
1.48344
1.49951
1.50626
1.50622
1.50254
1.49828
1.49563
1.49538
1.49691
1.49871
1.49926
1.49767
1.49406
1.48944
1.48544
1.48378
1.4858
1.49189
1.50149
1.51324
1.52539
1.53617
1.54387
1.54705
1.54462
1.53627
1.52271
1.50597
1.48904
1.47512
1.46657
1.46426
1.46757
1.47473
1.48365
1.49251
1.50002
1.5055
1.50875
1.51011
1.51044
1.51108
1.51337
1.51812
1.52513
1.53308
1.53994
1.54343
1.54183
1.53467
1.52324
1.51054
1.50058
1.49675
1.5001
1.50858
1.51791
1.52322
1.52051
1.50761
1.48455
1.45378
1.41978
1.3881
1.36396
1.35092
1.34989
1.35923
1.37563
1.39537
1.41533
1.43346
1.44869
1.46072
1.46966
1.47584
1.47978
1.4822
1.48399
1.48602
1.48906
1.49357
1.49975
1.50745
1.51593
1.5237
1.52881
1.52942
1.52453
1.51446
1.50074
1.48591
1.47287
1.464
1.46036
1.46131
1.46516
1.47013
1.47536
1.48118
1.48884
1.49982
1.51496
1.53382
1.55445
1.5738
1.58834
1.59492
1.59155
1.57814
1.55701
1.53275
1.51106
1.49637
1.48987
1.48961
1.49207
1.49385
1.49262
1.4875
1.47933
1.47041
1.46384
1.46226
1.46666
1.47588
1.4871
1.49686
1.50211
1.50094
1.49307
1.47967
1.46277
1.44462
1.42734
1.41296
1.40338
1.40009
1.40392
1.4149
1.43226
1.45468
1.48049
1.50797
1.53545
1.56149
1.58484
1.6044
1.61921
1.6285
1.63182
1.62897
1.61998
1.6051
1.58484
1.55999
1.53162
1.50113
1.47032
1.44124
1.41592
1.39597
1.38227
1.3749
1.37337
1.37682
1.38431
1.39482
1.4072
1.42018
1.43247
1.44314
1.45181
1.45859
1.4639
1.46833
1.47243
1.47637
1.47977
1.48195
1.48238
1.48122
1.47957
1.47923
1.48214
1.48974
1.5024
1.51922
1.53794
1.55585
1.57066
1.5811
1.58687
1.58816
1.58516
1.5778
1.56593
1.54949
1.52894
1.50546
1.48095
1.45765
1.43742
1.42087
1.40707
1.39437
1.38197
1.37127
1.3658
1.36894
1.38131
1.4004
1.42246
1.44442
1.46418
1.48045
1.49244
1.49993
1.50327
1.5031
1.50007
1.49457
1.48686
1.4773
1.46672
1.45626
1.44693
1.43895
1.43186
1.42511
1.41891
1.41458
1.41409
1.41924
1.43078
1.44825
1.47024
1.49494
1.52055
1.54549
1.56837
1.58791
1.60282
1.61172
1.61311
1.60563
1.58836
1.56119
1.52516
1.48256
1.43686
1.3922
1.35261
1.32136
1.30077
1.292
1.29478
1.30723
1.32623
1.34843
1.37129
1.39394
1.41695
1.44115
1.46629
1.49064
1.51177
1.52755
1.53643
1.53763
1.53138
1.51903
1.50305
1.48602
1.46973
1.45467
1.44073
1.42815
1.41762
1.40981
1.40507
1.40364
1.40571
1.41099
1.41862
1.42736
1.43602
1.44392
1.45097
1.4574
1.46343
1.46902
1.47374
1.47706
1.47855
1.47788
1.47457
1.46791
1.45684
1.44053
1.41913
1.39435
1.3692
1.34705
1.33086
1.3228
1.32377
1.3331
1.34887
1.36868
1.39014
1.41107
1.42965
1.44454
1.45507
1.46142
1.46459
1.46598
1.46678
1.46763
1.46848
1.46905
1.46915
1.46887
1.4683
1.46727
1.46508
1.4607
1.45307
1.44143
1.42574
1.40705
1.38747
1.36958
1.35539
1.34538
1.33863
1.33362
1.32903
1.32405
1.31857
1.31312
1.30871
1.30636
1.30669
1.30969
1.31476
1.32127
1.32917
1.33942
1.35352
1.37211
1.39389
1.41628
1.43701
1.45498
1.47024
1.48337
1.4951
1.50612
1.51716
1.529
1.54254
1.55861
1.57771
1.59966
1.6235
1.64745
1.66918
1.68626
1.69664
1.69891
1.69231
1.67698
1.65448
1.62837
1.60381
1.58567
1.57658
1.57628
1.58223
1.5907
1.59789
1.60103
1.59887
1.59131
1.57856
1.56064
1.53758
1.51023
1.48096
1.45381
1.43326
1.42221
1.42125
1.42968
1.44677
1.47123
1.50036
1.53017
1.55671
1.57729
1.59098
1.59844
1.60126
1.60127
1.59974
1.59716
1.59366
1.58968
1.58599
1.58336
1.58246
1.58381
1.58733
1.59213
1.59668
1.59949
1.59974
1.5975
1.59338
1.58801
1.58147
1.57339
1.56328
1.55123
1.53839
1.52698
1.51953
1.51767
1.52122
1.52825
1.53609
1.54258
1.54688
1.5494
1.55106
1.55254
1.55387
1.55456
1.55406
1.55224
1.54964
1.54719
1.54589
1.54634
1.54825
1.55027
1.55039
1.54654
1.53724
1.52203
1.50169
1.47824
1.4543
1.43205
1.41279
1.39746
1.38755
1.3851
1.3919
1.40865
1.6763
1.70829
1.74223
1.77505
1.80356
1.82487
1.83682
1.83829
1.82913
1.81012
1.78291
1.74998
1.71456
1.68037
1.6507
1.62747
1.61077
1.59984
1.59444
1.59535
1.60333
1.61772
1.63592
1.65421
1.66921
1.67873
1.68153
1.67666
1.66318
1.64066
1.61026
1.57535
1.54106
1.51266
1.49367
1.48486
1.48439
1.48891
1.49503
1.50058
1.50553
1.51202
1.52309
1.54085
1.56513
1.59353
1.62246
1.64854
1.66934
1.68371
1.69165
1.69401
1.69201
1.68682
1.6794
1.67058
1.66124
1.65237
1.64501
1.64014
1.6387
1.64163
1.64948
1.66169
1.67626
1.69028
1.70086
1.70623
1.70607
1.70128
1.69331
1.68364
1.67353
1.66398
1.65564
1.64847
1.64164
1.63417
1.62575
1.61665
1.60707
1.59691
1.58619
1.57562
1.56666
1.56111
1.56026
1.56456
1.57358
1.5865
1.60242
1.62037
1.63912
1.65702
1.67209
1.68226
1.68575
1.68141
1.66942
1.65194
1.63324
1.61861
1.61189
1.61367
1.62125
1.63051
1.63822
1.64348
1.64785
1.65406
1.66436
1.67912
1.69698
1.71548
1.73196
1.74449
1.7527
1.75804
1.76301
1.76917
1.77565
1.77965
1.77814
1.76909
1.75206
1.72841
1.70105
1.67314
1.6467
1.62233
1.60026
1.58154
1.56874
1.56557
1.57448
1.59386
1.61824
1.6416
1.66049
1.67461
1.68568
1.69594
1.70697
1.71892
1.73046
1.73931
1.74314
1.74027
1.72992
1.71237
1.68892
1.66196
1.63505
1.61249
1.59831
1.59471
1.60111
1.61445
1.63045
1.64493
1.65468
1.65804
1.6552
1.64837
1.64141
1.63887
1.64444
1.65951
1.68288
1.71148
1.74173
1.77041
1.79489
1.81311
1.82333
1.82402
1.81402
1.79314
1.76316
1.72884
1.69712
1.67342
1.65781
1.64593
1.63336
1.61869
1.60353
1.59169
1.58799
1.5965
1.61834
1.65081
1.68836
1.7248
1.75524
1.77683
1.78856
1.79072
1.78418
1.76995
1.74927
1.72388
1.69698
1.67337
1.65831
1.6549
1.66274
1.67886
1.69978
1.72268
1.74542
1.76606
1.78278
1.79384
1.79798
1.79453
1.78368
1.76661
1.74573
1.72428
1.70515
1.68955
1.67709
1.66677
1.65728
1.64655
1.6325
1.61486
1.59585
1.57904
1.56738
1.56165
1.56054
1.56185
1.56414
1.56744
1.57288
1.58169
1.59466
1.61236
1.63518
1.66292
1.69428
1.72682
1.7576
1.78396
1.80396
1.81666
1.82202
1.8209
1.81484
1.80585
1.79568
1.78515
1.77378
1.76032
1.74369
1.72371
1.70104
1.67686
1.65248
1.62951
1.60989
1.59568
1.58816
1.58689
1.58945
1.59235
1.59277
1.58985
1.58456
1.5788
1.57484
1.57471
1.57895
1.58606
1.59379
1.60094
1.60776
1.61515
1.62349
1.63246
1.64144
1.64984
1.65698
1.66182
1.66306
1.6598
1.65238
1.64289
1.63466
1.63076
1.63234
1.63823
1.64582
1.65221
1.65484
1.65176
1.64186
1.62515
1.60298
1.57798
1.55369
1.53391
1.52165
1.51824
1.52287
1.53286
1.54453
1.55466
1.56173
1.56628
1.57032
1.57626
1.58583
1.59923
1.61484
1.62985
1.64171
1.64918
1.65233
1.6518
1.64813
1.64155
1.63229
1.62096
1.60822
1.59398
1.57707
1.55656
1.5336
1.51227
1.49801
1.49478
1.50295
1.51972
1.54138
1.56528
1.5899
1.61399
1.63549
1.65151
1.65916
1.65673
1.64422
1.62312
1.59571
1.56422
1.53067
1.49702
1.46553
1.43865
1.41851
1.4066
1.40364
1.4093
1.42191
1.43886
1.45755
1.4764
1.49497
1.51351
1.53247
1.55196
1.57132
1.58898
1.60272
1.61029
1.60998
1.6009
1.58313
1.55818
1.52944
1.50224
1.4827
1.47604
1.48503
1.50877
1.54214
1.57776
1.60954
1.63477
1.65388
1.66871
1.68078
1.69034
1.6967
1.69943
1.69922
1.69739
1.69471
1.69106
1.68663
1.68294
1.68263
1.6878
1.69829
1.71119
1.72216
1.72713
1.7237
1.71165
1.69268
1.66964
1.64582
1.62449
1.60842
1.59946
1.59821
1.60385
1.61435
1.6268
1.63779
1.64416
1.64414
1.63819
1.62874
1.6188
1.61051
1.60451
1.6005
1.59839
1.59894
1.60312
1.6109
1.62052
1.62897
1.63345
1.63284
1.62829
1.62261
1.61859
1.61737
1.61835
1.62049
1.62368
1.62886
1.63699
1.64803
1.6605
1.67188
1.67937
1.68049
1.67353
1.65768
1.63313
1.60111
1.56413
1.52614
1.49245
1.46896
1.4603
1.46782
1.48879
1.51766
1.54875
1.57844
1.60564
1.63093
1.65513
1.67838
1.69991
1.71821
1.73115
1.73634
1.73148
1.71529
1.68897
1.65743
1.62866
1.61019
1.60496
1.61076
1.62315
1.63782
1.65133
1.66109
1.66541
1.66369
1.65661
1.64622
1.63596
1.62981
1.63093
1.64036
1.65655
1.6762
1.69539
1.71049
1.7186
1.71765
1.70662
1.68589
1.65754
1.62548
1.59514
1.57213
1.56022
1.56007
1.5697
1.58595
1.6056
1.62579
1.64411
1.65879
1.66884
1.6739
1.67401
1.66949
1.66093
1.64914
1.63508
1.61999
1.6059
1.59583
1.59287
1.59839
1.61057
1.62507
1.63749
1.6457
1.65054
1.65478
1.66129
1.67167
1.68567
1.70177
1.71808
1.73345
1.74769
1.76091
1.77256
1.78099
1.78384
1.77865
1.76334
1.7368
1.69966
1.65526
1.60956
1.56916
1.53853
1.51892
1.50966
1.50993
1.51893
1.53525
1.55657
1.57992
1.60231
1.62089
1.63264
1.63452
1.62412
1.60155
1.57132
1.54214
1.52334
1.51939
1.52763
1.54115
1.55386
1.56342
1.57112
1.57992
1.59201
1.60746
1.62417
1.63902
1.64929
1.6534
1.65099
1.64295
1.63133
1.6193
1.61033
1.6069
1.60922
1.61525
1.62182
1.62606
1.62603
1.6208
1.61034
1.5955
1.57784
1.55929
1.54155
1.52577
1.51244
1.5019
1.49491
1.49282
1.49702
1.50788
1.52398
1.54203
1.55787
1.56775
1.56945
1.56303
1.55107
1.53822
1.53028
1.53233
1.54635
1.56982
1.5965
1.61934
1.63318
1.63623
1.62982
1.61748
1.60351
1.59148
1.58327
1.57884
1.57694
1.57599
1.57489
1.57326
1.57122
1.56896
1.56656
1.56412
1.56191
1.56014
1.55874
1.5571
1.55418
1.54877
1.53988
1.52726
1.51182
1.49599
1.48358
1.47917
1.48657
1.50699
1.53812
1.5752
1.61304
1.6474
1.67524
1.69455
1.70467
1.70646
1.70213
1.69422
1.68455
1.67358
1.66084
1.6458
1.62868
1.61062
1.59328
1.5783
1.56665
1.55838
1.55291
1.54954
1.54803
1.54866
1.55197
1.55848
1.56882
1.584
1.6051
1.63269
1.66598
1.70266
1.73932
1.77255
1.79962
1.81861
1.82789
1.82594
1.8117
1.78528
1.74853
1.70518
1.6603
1.61931
1.58671
1.56505
1.55463
1.55369
1.55945
1.56951
1.58275
1.59888
1.61688
1.63433
1.64823
1.65601
1.65586
1.64677
1.62896
1.60523
1.58169
1.56565
1.56125
1.56839
1.58567
1.6112
1.64022
1.66565
1.68187
1.68728
1.68407
1.67639
1.66806
1.66096
1.65525
1.65065
1.64719
1.64496
1.64378
1.64303
1.64178
1.63914
1.63466
1.62871
1.62226
1.61651
1.61233
1.60989
1.60873
1.60793
1.60656
1.60413
1.60094
1.59835
1.59863
1.60467
1.61913
1.64298
1.67458
1.70985
1.74356
1.77083
1.78803
1.79315
1.78573
1.76676
1.73845
1.70432
1.66882
1.63668
1.61179
1.59584
1.58789
1.58487
1.58299
1.57917
1.57193
1.56151
1.54938
1.53767
1.52859
1.52417
1.52598
1.53487
1.55065
1.57208
1.59706
1.62295
1.64687
1.66612
1.67845
1.68227
1.67666
1.66172
1.63913
1.61281
1.58848
1.57186
1.56642
1.57227
1.58671
1.60547
1.62369
1.63675
1.64112
1.6349
1.6181
1.59278
1.56276
1.53316
1.50945
1.49629
1.49645
1.51024
1.53559
1.5687
1.60481
1.63913
1.66749
1.68689
1.69579
1.6942
1.68354
1.66631
1.64568
1.62497
1.60711
1.59397
1.586
1.58241
1.58172
1.58247
1.58356
1.58411
1.58335
1.58056
1.57545
1.56848
1.56088
1.5541
1.54922
1.54646
1.54521
1.54445
1.54323
1.54095
1.5376
1.53384
1.53101
1.53083
1.53494
1.54427
1.55871
1.57691
1.59699
1.61742
1.63783
1.65879
1.68103
1.70489
1.7291
1.74965
1.76093
1.75947
1.74638
1.7271
1.70921
1.69973
1.70272
1.71823
1.743
1.77182
1.79917
1.82055
1.83363
1.8386
1.83785
1.83468
1.83174
1.83002
1.82865
1.82541
1.81761
1.80307
1.78086
1.75171
1.71789
1.68274
1.65002
1.62338
1.60544
1.59678
1.5952
1.59632
1.59538
1.58887
1.57561
1.55697
1.53619
1.51698
1.50201
1.49219
1.48739
1.48774
1.49422
1.50815
1.5297
1.55684
1.58526
1.60968
1.62566
1.63082
1.62521
1.61088
1.59105
1.56945
1.54987
1.53565
1.52904
1.53049
1.53835
1.54905
1.55835
1.56307
1.56225
1.55735
1.55144
1.54787
1.54911
1.55594
1.56759
1.58283
1.60064
1.62013
1.63993
1.65796
1.67237
1.6824
1.6885
1.69158
1.6924
1.69142
1.68904
1.68573
1.68199
1.67802
1.67345
1.66718
1.65786
1.64497
1.62943
1.61345
1.59974
1.59048
1.58689
1.58907
1.59604
1.60593
1.61639
1.62516
1.63064
1.6327
1.63297
1.63409
1.63806
1.64511
1.65394
1.66283
1.67069
1.67709
1.68181
1.68461
1.68552
1.68516
1.68397
1.68056
1.67167
1.65416
1.6283
1.59948
1.57711
1.57055
1.5841
1.61479
1.65472
1.6953
1.73017
1.7558
1.77082
1.77517
1.76969
1.75603
1.73673
1.71484
1.69314
1.67307
1.6539
1.63298
1.60775
1.57816
1.54751
1.52121
1.50418
1.49874
1.50397
1.5168
1.53403
1.55371
1.57528
1.59849
1.62204
1.64322
1.65893
1.66714
1.66771
1.66239
1.65415
1.64612
1.64064
1.63859
1.63951
1.65256
1.65545
1.6577
1.65911
1.66017
1.66236
1.66817
1.68046
1.7011
1.72961
1.76299
1.79671
1.82585
1.84615
1.85473
1.85095
1.8367
1.81597
1.79367
1.77382
1.75815
1.74607
1.73566
1.72528
1.71428
1.70283
1.69148
1.68089
1.67154
1.66355
1.6563
1.64856
1.63921
1.6281
1.61616
1.60493
1.59586
1.58971
1.58672
1.58717
1.5915
1.5995
1.60954
1.61891
1.62559
1.62991
1.63449
1.64234
1.65461
1.67001
1.68596
1.69994
1.71026
1.71609
1.71734
1.71456
1.70872
1.70089
1.69187
1.68192
1.67095
1.65892
1.64639
1.63482
1.62639
1.62314
1.62598
1.63394
1.6445
1.65448
1.66118
1.66304
1.66004
1.65367
1.64649
1.64145
1.64087
1.64545
1.65399
1.66384
1.67197
1.67581
1.67367
1.66484
1.64959
1.62936
1.6066
1.58447
1.56644
1.55644
1.55826
1.5729
1.59653
1.62228
1.64448
1.661
1.67239
1.67951
1.68187
1.67824
1.66821
1.65303
1.63516
1.61734
1.60187
1.59042
1.58419
1.584
1.5901
1.60192
1.61803
1.63626
1.65416
1.66942
1.68007
1.68433
1.68067
1.66818
1.64728
1.62018
1.59015
1.56009
1.53131
1.50365
1.47677
1.45131
1.42904
1.41216
1.40303
1.40443
1.41932
1.44899
1.49108
1.53993
1.58879
1.63202
1.66592
1.68884
1.70093
1.70384
1.7005
1.69438
1.68864
1.6853
1.68487
1.68641
1.688
1.68745
1.68312
1.67437
1.66178
1.64704
1.63227
1.6194
1.6096
1.60325
1.60002
1.59936
1.60055
1.60274
1.60492
1.60597
1.60498
1.60182
1.5977
1.5952
1.59741
1.60639
1.62184
1.64089
1.65928
1.67309
1.68006
1.68028
1.67607
1.67097
1.66835
1.66992
1.67538
1.68308
1.6907
1.69618
1.69846
1.69815
1.69748
1.69957
1.70702
1.72016
1.73654
1.75205
1.76297
1.76751
1.76612
1.76098
1.75496
1.7507
1.75009
1.75439
1.76423
1.77953
1.79914
1.82069
1.84092
1.85626
1.8636
1.86065
1.84624
1.82072
1.78628
1.74705
1.7087
1.67721
1.65695
1.64911
1.65154
1.66013
1.67079
1.68104
1.69013
1.6983
1.70529
1.70981
1.70969
1.70283
1.68817
1.66658
1.64117
1.61671
1.59855
1.59118
1.59654
1.61308
1.63611
1.65973
1.67898
1.69137
1.69702
1.69803
1.69748
1.69829
1.70253
1.71093
1.72263
1.73541
1.7467
1.75484
1.7596
1.76131
1.75964
1.75305
1.73942
1.71686
1.68482
1.6454
1.60472
1.57208
1.55493
1.55364
1.56242
1.57496
1.58765
1.59917
1.60905
1.61689
1.62231
1.62553
1.62796
1.63224
1.64123
1.65623
1.67576
1.69587
1.7115
1.718
1.71217
1.69332
1.6641
1.63036
1.59902
1.57478
1.55829
1.54739
1.53974
1.53434
1.53149
1.53212
1.53705
1.54663
1.56072
1.57872
1.59905
1.61888
1.63478
1.64383
1.64457
1.63724
1.62363
1.60674
1.5901
1.5767
1.56803
1.56394
1.5636
1.5667
1.5742
1.58744
1.60632
1.62833
1.64978
1.66795
1.68205
1.69231
1.69898
1.70176
1.69995
1.69298
1.681
1.66529
1.64835
1.63337
1.62309
1.61846
1.61833
1.62039
1.6225
1.62325
1.62189
1.61844
1.61385
1.60962
1.60718
1.60744
1.61063
1.61651
1.62438
1.63314
1.64159
1.64891
1.65525
1.66174
1.67004
1.68156
1.69666
1.71397
1.7303
1.74174
1.7451
1.73882
1.72321
1.70005
1.67242
1.64467
1.62212
1.60971
1.60917
1.61754
1.62905
1.63849
1.64346
1.64439
1.64369
1.64436
1.64867
1.65699
1.66735
1.67579
1.67771
1.66953
1.65034
1.62296
1.59403
1.57233
1.56509
1.57443
1.59696
1.62662
1.65758
1.6855
1.7076
1.72235
1.72947
1.72989
1.72585
1.72054
1.7173
1.71848
1.72463
1.73467
1.74689
1.76003
1.77366
1.78787
1.80253
1.81679
1.82915
1.83781
1.84117
1.83826
1.82886
1.81347
1.79327
1.76997
1.74557
1.72204
1.70099
1.68357
1.67086
1.66443
1.66646
1.67858
1.6996
1.72444
1.7464
1.76095
1.76756
1.76886
1.76862
1.7698
1.77316
1.7768
1.77678
1.76858
1.74951
1.72158
1.69305
1.67573
1.67735
1.69618
1.72378
1.75167
1.77481
1.79131
1.80074
1.80304
1.79809
1.78578
1.76614
1.7398
1.7084
1.67481
1.64263
1.61516
1.59415
1.5793
1.56868
1.56
1.55188
1.54511
1.54238
1.54685
1.56021
1.58177
1.60904
1.6386
1.66663
1.68962
1.70506
1.71211
1.71167
1.7059
1.69739
1.68848
1.68078
1.67503
1.67092
1.66717
1.66173
1.65223
1.63662
1.61382
1.58413
1.54947
1.5131
1.47932
1.45282
1.43788
1.43722
1.45082
1.47581
1.50771
1.54214
1.57583
1.60663
1.63304
1.65369
1.66736
1.67319
1.67075
1.66019
1.64219
1.61814
1.59054
1.56351
1.54248
1.53281
1.53754
1.55611
1.5847
1.61774
1.6496
1.67606
1.69511
1.70681
1.71228
1.71261
1.70831
1.69971
1.68746
1.67281
1.6573
1.64236
1.62907
1.61836
1.61111
1.60784
1.60837
1.61167
1.61615
1.62017
1.62244
1.62236
1.62006
1.61639
1.6127
1.61034
1.60989
1.61064
1.61083
1.60857
1.6028
1.59366
1.58214
1.56953
1.55702
1.54572
1.53672
1.53116
1.53017
1.53443
1.54381
1.55718
1.57287
1.58926
1.6053
1.6206
1.63539
1.6502
1.66529
1.68018
1.69338
1.70248
1.70475
1.698
1.68142
1.65618
1.62582
1.59605
1.57369
1.56419
1.5695
1.58776
1.61449
1.64431
1.67211
1.69381
1.707
1.71104
1.70681
1.69592
1.68011
1.6609
1.63961
1.6177
1.59676
1.57824
1.56325
1.55247
1.54639
1.54528
1.54869
1.55473
1.56033
1.56261
1.56025
1.55376
1.54483
1.5354
1.52714
1.52168
1.52087
1.52664
1.54013
1.56104
1.58758
1.61697
1.64618
1.67254
1.6942
1.71024
1.7206
1.72602
1.72785
1.72783
1.72765
1.72853
1.73096
1.73464
1.7387
1.74191
1.7431
1.74161
1.73767
1.73235
1.72657
1.72003
1.71143
1.7002
1.68758
1.676
1.66697
1.66005
1.65372
1.64695
1.64011
1.63431
1.63014
1.62697
1.62322
1.61751
1.60959
1.60049
1.59184
1.585
1.58026
1.57683
1.57368
1.57064
1.56892
1.57045
1.57632
1.58567
1.59644
1.60681
1.61633
1.62576
1.63601
1.64711
1.65809
1.66751
1.67412
1.67701
1.67544
1.66856
1.65567
1.63665
1.61255
1.58583
1.55977
1.53726
1.51989
1.50805
1.50203
1.50271
1.51149
1.52926
1.55486
1.58441
1.61264
1.63512
1.64985
1.65731
1.65949
1.65857
1.65598
1.65182
1.64514
1.63508
1.62243
1.61078
1.60517
1.60862
1.61952
1.63341
1.64633
1.65639
1.66329
1.66734
1.66894
1.66861
1.66713
1.66555
1.66483
1.66536
1.66671
1.66797
1.66828
1.66744
1.6659
1.66419
1.66226
1.65936
1.65449
1.64725
1.63827
1.62871
1.6196
1.61126
1.60333
1.59516
1.58623
1.57645
1.5664
1.55721
1.55029
1.54671
1.54687
1.55036
1.55625
1.56353
1.57145
1.57976
1.58877
1.5991
1.61134
1.62601
1.64323
1.66219
1.68089
1.69705
1.70953
1.71858
1.72481
1.72822
1.7281
1.72354
1.71402
1.69957
1.68079
1.65888
1.63566
1.61338
1.59436
1.58013
1.57082
1.56496
1.56006
1.55378
1.54491
1.53384
1.52228
1.51226
1.50507
1.50096
1.49952
1.50014
1.50227
1.50547
1.5095
1.51441
1.52045
1.52789
1.53672
1.5465
1.5564
1.56578
1.57478
1.58433
1.59537
1.60813
1.62218
1.63689
1.65172
1.66583
1.67782
1.68597
1.68929
1.68847
1.68641
1.68706
1.69338
1.70565
1.72146
1.73682
1.74765
1.75078
1.74449
1.72855
1.70412
1.6737
1.64101
1.61079
1.58793
1.57601
1.57562
1.58374
1.59521
1.60502
1.61013
1.60999
1.60598
1.6005
1.59575
1.59283
1.59142
1.59018
1.58775
1.58334
1.57709
1.56995
1.56357
1.55993
1.56097
1.56783
1.57998
1.59497
1.60907
1.61873
1.62206
1.61942
1.61307
1.60581
1.59954
1.59476
1.59117
1.58845
1.58647
1.58501
1.58343
1.58079
1.57611
1.56886
1.55942
1.54935
1.54105
1.53692
1.53807
1.54363
1.5511
1.55739
1.56003
1.55798
1.55199
1.54417
1.53723
1.53352
1.53419
1.53894
1.5461
1.55308
1.55749
1.55834
1.55674
1.55552
1.55803
1.56655
1.58133
1.60047
1.62083
1.63921
1.65347
1.6631
1.66913
1.67334
1.6772
1.68126
1.68526
1.68873
1.69134
1.69276
1.69255
1.69022
1.68558
1.67891
1.67105
1.66314
1.65614
1.65047
1.64599
1.64232
1.63927
1.63697
1.63593
1.63681
1.6402
1.64628
1.6547
1.66458
1.6749
1.68517
1.69579
1.70789
1.72248
1.73961
1.75776
1.77404
1.78492
1.78708
1.77798
1.7564
1.72287
1.68046
1.63512
1.59496
1.56811
1.55989
1.57115
1.5985
1.63596
1.67679
1.71501
1.74632
1.76845
1.78086
1.78393
1.77792
1.7624
1.73689
1.70208
1.66058
1.61679
1.57606
1.54362
1.52349
1.51762
1.52529
1.54307
1.56611
1.59008
1.61279
1.63406
1.65443
1.67348
1.68951
1.70042
1.70505
1.7037
1.69773
1.68868
1.67747
1.66387
1.64655
1.62376
1.59467
1.56081
1.5266
1.49787
1.47876
1.46955
1.46766
1.47005
1.47483
1.48154
1.49037
1.50136
1.51393
1.52696
1.5393
1.55042
1.56066
1.57107
1.58298
1.59741
1.6146
1.63372
1.65296
1.66988
1.68189
1.68709
1.6854
1.67931
1.67319
1.67064
1.6718
1.67342
1.67122
1.66207
1.64481
1.62011
1.5906
1.56086
1.53702
1.52472
1.52629
1.53905
1.55672
1.57251
1.58133
1.58051
1.5698
1.5513
1.52911
1.50858
1.49468
1.49048
1.49669
1.51249
1.53638
1.56675
1.60213
1.64106
1.68854
1.72768
1.76197
1.78806
1.80318
1.80569
1.79569
1.7758
1.75115
1.72767
1.70889
1.69379
1.67833
1.65906
1.63587
1.61221
1.59298
1.58186
1.58003
1.58683
1.601
1.62139
1.64684
1.6756
1.7052
1.73313
1.75731
1.77628
1.78893
1.7945
1.79302
1.78567
1.77467
1.76267
1.75195
1.74357
1.73738
1.73244
1.7275
1.72135
1.71321
1.70322
1.69283
1.68432
1.67976
1.67998
1.68407
1.68984
1.69494
1.69807
1.6995
1.70072
1.70328
1.70761
1.7127
1.71649
1.71683
1.71221
1.70253
1.68925
1.67523
1.66392
1.6585
1.66082
1.67104
1.68766
1.70802
1.72897
1.74774
1.7624
1.77213
1.77696
1.77762
1.77518
1.77111
1.76698
1.76398
1.76208
1.75966
1.75424
1.74388
1.72846
1.70974
1.69018
1.6718
1.65561
1.64189
1.63049
1.62125
1.61423
1.60967
1.60771
1.6086
1.61282
1.62099
1.63303
1.64724
1.66028
1.66842
1.66915
1.66271
1.65242
1.643
1.63736
1.63457
1.63155
1.62696
1.62314
1.62465
1.63482
1.65397
1.6797
1.7082
1.73519
1.75665
1.76918
1.77033
1.7588
1.73466
1.69993
1.65892
1.61751
1.581
1.55249
1.53322
1.52347
1.52259
1.52918
1.54202
1.56067
1.58483
1.61311
1.64266
1.67008
1.69271
1.70916
1.71912
1.72279
1.72054
1.71289
1.70084
1.68588
1.66992
1.65468
1.6414
1.6309
1.62399
1.62142
1.62292
1.62645
1.62904
1.62894
1.62711
1.62664
1.63026
1.63797
1.64697
1.65344
1.65456
1.64933
1.63797
1.62055
1.59615
1.56354
1.52331
1.47961
1.43986
1.41243
1.40355
1.41516
1.44502
1.48808
1.53812
1.5891
1.63623
1.67646
1.70818
1.73056
1.74287
1.74449
1.73513
1.71544
1.68749
1.65489
1.62222
1.5941
1.574
1.56392
1.56463
1.57567
1.59493
1.61911
1.64509
1.67093
1.69569
1.71872
1.73899
1.75507
1.76551
1.7691
1.76502
1.75271
1.73192
1.70335
1.66981
1.6369
1.61167
1.59891
1.59821
1.60475
1.61285
1.61879
1.62127
1.62029
1.616
1.60832
1.59744
1.58456
1.57235
1.56451
1.56487
1.57612
1.59869
1.63055
1.66773
1.70541
1.73905
1.76492
1.78058
1.78497
1.77847
1.76263
1.74009
1.71435
1.68944
1.66891
1.65473
1.64663
1.6427
1.64046
1.63795
1.63395
1.62791
1.61938
1.60799
1.59374
1.57746
1.56084
1.54566
1.53284
1.52191
1.51131
1.4995
1.48637
1.47419
1.46717
1.46952
1.48318
1.50672
1.53604
1.56605
1.59246
1.6128
1.62659
1.63459
1.63765
1.63599
1.62925
1.61736
1.60131
1.58319
1.56561
1.55086
1.54042
1.53505
1.5355
1.54294
1.55869
1.58324
1.61556
1.653
1.69179
1.72781
1.75727
1.7772
1.78577
1.7821
1.76622
1.73881
1.70131
1.65628
1.60808
1.56303
1.52831
1.50886
1.5046
1.51069
1.52037
1.52787
1.52961
1.52444
1.51344
1.49991
1.48894
1.48531
1.49039
1.50098
1.51172
1.51858
1.52029
1.51785
1.51318
1.50832
1.50512
1.50523
1.51012
1.52074
1.53734
1.55935
1.58547
1.61388
1.64268
1.67031
1.69557
1.71757
1.73544
1.74818
1.75464
1.75401
1.74644
1.73345
1.71749
1.70062
1.68349
1.66596
1.64899
1.63517
1.62737
1.62661
1.63137
1.63858
1.64515
1.64921
1.65008
1.64797
1.64315
1.63528
1.62328
1.60568
1.58156
1.55159
1.51876
1.48791
1.46425
1.4513
1.44997
1.45935
1.478
1.50488
1.53895
1.57818
1.61895
1.65689
1.68844
1.71203
1.7282
1.73882
1.74591
1.75073
1.75341
1.75338
1.7501
1.74346
1.73357
1.72033
1.70324
1.68184
1.6562
1.62736
1.59728
1.56836
1.54294
1.52298
1.51001
1.50511
1.50867
1.51995
1.53688
1.55643
1.5754
1.59125
1.60252
1.60892
1.61119
1.61072
1.60897
1.60713
1.60601
1.60639
1.609
1.61461
1.62389
1.63743
1.65519
1.67576
1.69614
1.71302
1.72459
1.73108
1.73412
1.73535
1.73523
1.7328
1.72596
1.7122
1.6895
1.6572
1.61671
1.57169
1.52756
1.49038
1.46569
1.45707
1.46518
1.48764
1.52012
1.55781
1.59647
1.63269
1.66394
1.68894
1.70803
1.72307
1.73645
1.74973
1.76267
1.77344
1.77978
1.78043
1.77574
1.76736
1.75725
1.74664
1.73569
1.72384
1.71048
1.69548
1.67921
1.66245
1.64651
1.633
1.62335
1.6183
1.61812
1.62309
1.6334
1.64808
1.66456
1.67987
1.69219
1.70132
1.70805
1.71331
1.71769
1.72139
1.72437
1.72637
1.72686
1.72525
1.72112
1.71466
1.70698
1.69995
1.69552
1.69459
1.69656
1.69986
1.70311
1.70586
1.70847
1.71154
1.71531
1.71956
1.72378
1.72733
1.72933
1.72852
1.72347
1.71286
1.69595
1.67305
1.64607
1.61887
1.59661
1.58382
1.58208
1.58974
1.60355
1.62051
1.63816
1.65449
1.66785
1.67718
1.68216
1.68302
1.68026
1.67436
1.66601
1.65644
1.64763
1.64166
1.63956
1.64055
1.6422
1.6415
1.63629
1.62618
1.61292
1.59971
1.58957
1.58396
1.58258
1.58386
1.58608
1.58832
1.59103
1.59598
1.60501
1.61846
1.6345
1.65021
1.66321
1.67256
1.67845
1.68138
1.68171
1.67974
1.67609
1.67167
1.66708
1.66241
1.65732
1.65166
1.64587
1.64091
1.63801
1.63808
1.64153
1.64794
1.65613
1.66426
1.67028
1.67245
1.66968
1.66161
1.64858
1.6317
1.613
1.5955
1.58277
1.57797
1.58261
1.59562
1.61356
1.63183
1.64629
1.65441
1.65579
1.6521
1.64658
1.64312
1.64497
1.65339
1.6671
1.68287
1.69695
1.70659
1.7106
1.7093
1.70385
1.69571
1.68625
1.67664
1.66794
1.66116
1.65734
1.65729
1.66126
1.66873
1.67855
1.68908
1.69848
1.70475
1.70595
1.70049
1.68761
1.66774
1.64269
1.61536
1.58917
1.56755
1.5535
1.54919
1.55533
1.57088
1.59291
1.61714
1.63918
1.65564
1.66492
1.66723
1.66415
1.65791
1.65098
1.64575
1.64413
1.64716
1.65472
1.66558
1.67786
1.68954
1.69899
1.70522
1.70803
1.70791
1.70575
1.70237
1.69814
1.69289
1.6862
1.67775
1.66772
1.65686
1.64619
1.63662
1.62842
1.62133
1.61505
1.60981
1.60641
1.60588
1.60894
1.61548
1.62424
1.63298
1.6392
1.64109
1.63836
1.63261
1.62679
1.62392
1.62571
1.63206
1.64156
1.65213
1.66171
1.66836
1.67031
1.66621
1.65526
1.63734
1.61322
1.58511
1.55746
1.53671
1.52898
1.53619
1.5539
1.57336
1.58642
1.58998
1.58683
1.58313
1.58414
1.59157
1.60362
1.61702
1.62878
1.63723
1.64218
1.64434
1.64471
1.64411
1.64311
1.64199
1.64085
1.63991
1.63958
1.64022
1.6418
1.64378
1.64529
1.64548
1.64375
1.63983
1.63404
1.62729
1.62096
1.61657
1.61498
1.61566
1.6165
1.61463
1.60779
1.59554
1.57962
1.56355
1.55113
1.54486
1.545
1.54941
1.55442
1.55697
1.55684
1.55676
1.56064
1.57129
1.58901
1.61132
1.63391
1.65216
1.66259
1.66402
1.65823
1.64939
1.64249
1.64067
1.64397
1.65
1.65613
1.66102
1.66489
1.66873
1.67317
1.67774
1.68124
1.68262
1.68184
1.67999
1.6784
1.67791
1.6784
1.67889
1.67803
1.67465
1.66816
1.65887
1.64795
1.63745
1.6298
1.62709
1.63026
1.63867
1.65022
1.66187
1.67043
1.6736
1.67079
1.66329
1.65357
1.64427
1.63746
1.63434
1.6352
1.63953
1.64622
1.65343
1.65894
1.66048
1.65622
1.645
1.62669
1.60349
1.58186
1.57254
1.58436
1.61624
1.65768
1.69708
1.7273
1.74563
1.75203
1.74786
1.73539
1.71732
1.69646
1.67545
1.65658
1.64151
1.63088
1.624
1.61913
1.61433
1.60834
1.60107
1.59339
1.58647
1.58112
1.57722
1.57384
1.56972
1.56394
1.55636
1.54768
1.53907
1.53193
1.52809
1.52978
1.53853
1.5532
1.56914
1.58012
1.58158
1.57292
1.55763
1.54137
1.52922
1.52348
1.52352
1.52725
1.53247
1.53757
1.54163
1.5444
1.54614
1.54752
1.54935
1.55239
1.55709
1.56355
1.57143
1.58007
1.58843
1.59533
1.59957
1.6003
1.59719
1.59039
1.58034
1.56783
1.55415
1.54109
1.53087
1.52561
1.52667
1.53355
1.54322
1.55071
1.55094
1.54087
1.52077
1.49399
1.46574
1.44132
1.42465
1.41745
1.41934
1.42851
1.44257
1.45939
1.47749
1.49597
1.51418
1.53159
1.54793
1.56315
1.57733
1.59028
1.60149
1.61052
1.61734
1.62192
1.62362
1.62118
1.61401
1.60337
1.59225
1.5843
1.58239
1.58774
1.59964
1.61557
1.63202
1.64537
1.65305
1.65437
1.65087
1.64585
1.64275
1.64323
1.64656
1.6507
1.654
1.65632
1.65915
1.66462
1.67397
1.68659
1.70027
1.7126
1.72196
1.7277
1.72965
1.72758
1.72128
1.71076
1.69666
1.68036
1.66424
1.65172
1.64649
1.65085
1.66423
1.68315
1.70289
1.71941
1.7305
1.73588
1.73686
1.73555
1.73388
1.73285
1.73213
1.73057
1.72679
1.71979
1.70915
1.69514
1.67869
1.66138
1.64496
1.63068
1.61879
1.60862
1.59925
1.59004
1.58094
1.5722
1.5641
1.55676
1.55029
1.54505
1.54175
1.54137
1.54485
1.55273
1.56522
1.5823
1.60386
1.62947
1.65774
1.68615
1.71147
1.73075
1.74205
1.74499
1.74085
1.73226
1.72232
1.71357
1.70712
1.70274
1.69945
1.69648
1.69357
1.6906
1.68693
1.68124
1.67222
1.65949
1.64438
1.6298
1.61944
1.6163
1.62145
1.63368
1.65034
1.66874
1.68715
1.70503
1.72258
1.73998
1.75675
1.77167
1.78315
1.78985
1.79108
1.78687
1.77836
1.76792
1.75893
1.75452
1.75588
1.7615
1.76795
1.77156
1.76992
1.76246
1.75013
1.73466
1.63456
1.61871
1.60353
1.58944
1.57754
1.56936
1.56638
1.5692
1.57735
1.58937
1.60313
1.61619
1.62635
1.6322
1.63347
1.63068
1.6242
1.61353
1.59763
1.57614
1.55055
1.52436
1.50151
1.48424
1.47233
1.46449
1.46038
1.4611
1.46802
1.4811
1.49848
1.5174
1.53541
1.55122
1.56489
1.57727
1.58923
1.60102
1.61199
1.62075
1.6258
1.62589
1.62043
1.60977
1.5953
1.57931
1.5644
1.55271
1.54506
1.54081
1.53841
1.53647
1.53446
1.53287
1.53261
1.5343
1.53775
1.54195
1.54548
1.54733
1.54718
1.54544
1.54268
1.53917
1.53484
1.52985
1.52539
1.52401
1.52882
1.5416
1.56137
1.58448
1.6062
1.62248
1.63065
1.62965
1.61977
1.60255
1.58089
1.5592
1.54257
1.53469
1.53589
1.54345
1.55363
1.56339
1.5706
1.57388
1.5727
1.56795
1.56225
1.55914
1.56161
1.57069
1.58505
1.60196
1.61889
1.63497
1.6511
1.66853
1.68671
1.70254
1.71194
1.71191
1.70164
1.68235
1.65663
1.62763
1.59844
1.57155
1.54884
1.53151
1.52022
1.51496
1.51485
1.51831
1.52349
1.52886
1.53354
1.53736
1.54042
1.54283
1.54448
1.5452
1.54513
1.54487
1.54537
1.54767
1.55238
1.55961
1.56911
1.58071
1.59467
1.61155
1.63151
1.65353
1.67517
1.69308
1.70392
1.70511
1.69523
1.67445
1.64461
1.60922
1.57322
1.54213
1.52088
1.51253
1.51746
1.53349
1.55678
1.58299
1.60824
1.62948
1.6447
1.65292
1.65422
1.64948
1.6401
1.62795
1.61551
1.60553
1.60016
1.59958
1.60161
1.60268
1.59941
1.58995
1.57444
1.55503
1.53539
1.51984
1.51234
1.51548
1.53008
1.55514
1.58808
1.62499
1.66118
1.69201
1.71378
1.72454
1.72433
1.7149
1.69896
1.67921
1.65779
1.6361
1.61519
1.59595
1.57929
1.56632
1.55813
1.55563
1.55934
1.56903
1.58349
1.60058
1.61761
1.63214
1.64291
1.65049
1.65688
1.66398
1.67203
1.67943
1.68407
1.68451
1.68009
1.67047
1.65538
1.63481
1.60948
1.58106
1.55198
1.52474
1.50141
1.48325
1.47079
1.46385
1.46159
1.46249
1.4645
1.46561
1.46453
1.4613
1.45724
1.45423
1.45368
1.45604
1.46077
1.46678
1.47292
1.47854
1.48378
1.48963
1.49767
1.50941
1.52548
1.54506
1.56608
1.586
1.60256
1.61424
1.62034
1.62099
1.61688
1.60894
1.598
1.58477
1.56984
1.55376
1.53719
1.5208
1.50527
1.4913
1.47936
1.46976
1.46266
1.45834
1.4572
1.4596
1.46549
1.47414
1.48404
1.49313
1.49894
1.49895
1.49138
1.476
1.45428
1.42872
1.40183
1.37572
1.35264
1.33594
1.32988
1.33798
1.36059
1.39441
1.43396
1.4741
1.51149
1.5445
1.57261
1.59555
1.61305
1.62506
1.63203
1.63498
1.63504
1.6329
1.62892
1.62345
1.61727
1.61123
1.60558
1.59965
1.59243
1.58373
1.57461
1.56683
1.56193
1.56048
1.56194
1.5652
1.5693
1.57402
1.57982
1.58731
1.59638
1.60586
1.61388
1.61843
1.61818
1.61279
1.60292
1.58998
1.57548
1.56039
1.54466
1.52779
1.50967
1.49128
1.47481
1.4632
1.45911
1.46368
1.47563
1.49161
1.50767
1.52069
1.52904
1.53239
1.53126
1.5267
1.52003
1.5127
1.50611
1.5016
1.50034
1.50304
1.50967
1.51937
1.53098
1.54358
1.55677
1.57056
1.58493
1.59932
1.61258
1.62325
1.63008
1.63241
1.63016
1.62366
1.61333
1.59956
1.58273
1.56347
1.54292
1.52301
1.50648
1.4962
1.49413
1.5003
1.51248
1.52699
1.54013
1.55007
1.55819
1.5685
1.58437
1.60556
1.62866
1.65005
1.66786
1.68165
1.69154
1.69733
1.69843
1.69411
1.68422
1.66993
1.65385
1.63915
1.62778
1.61918
1.61067
1.59906
1.58227
1.55979
1.5326
1.50282
1.47329
1.44713
1.42722
1.41564
1.41334
1.41989
1.43361
1.45169
1.47069
1.48723
1.49877
1.50415
1.50373
1.49908
1.49235
1.48557
1.48039
1.47797
1.47934
1.48556
1.49771
1.51677
1.54296
1.57481
1.60879
1.64027
1.66518
1.68108
1.68708
1.6832
1.66994
1.64818
1.61927
1.58525
1.54868
1.51222
1.47821
1.44881
1.42657
1.4145
1.41505
1.42836
1.45166
1.48022
1.50913
1.53462
1.55452
1.56803
1.57525
1.57647
1.57184
1.56162
1.54678
1.52936
1.51234
1.49894
1.49184
1.49258
1.50113
1.51598
1.53455
1.55382
1.57119
1.58522
1.59606
1.60512
1.61408
1.62379
1.63395
1.64374
1.65261
1.66049
1.66753
1.67381
1.67923
1.68342
1.68561
1.68472
1.67957
1.66941
1.65444
1.63583
1.61537
1.59483
1.57572
1.55942
1.54764
1.54263
1.54662
1.56047
1.58288
1.61075
1.64035
1.66824
1.69178
1.70908
1.71904
1.72123
1.7158
1.70348
1.68596
1.66605
1.64736
1.63282
1.62318
1.61734
1.61398
1.61263
1.61325
1.61543
1.61803
1.61955
1.61892
1.61571
1.61012
1.60266
1.59392
1.58438
1.57437
1.56399
1.55303
1.54112
1.52812
1.51516
1.50577
1.50577
1.5196
1.54563
1.57619
1.60264
1.6199
1.62773
1.62985
1.63184
1.63856
1.65226
1.67196
1.69438
1.7154
1.73145
1.74008
1.74011
1.73146
1.71516
1.69322
1.66835
1.64347
1.62087
1.60166
1.58585
1.57321
1.56405
1.55925
1.55935
1.56399
1.57193
1.58155
1.59148
1.60097
1.61006
1.61945
1.63005
1.64257
1.65719
1.67349
1.6906
1.70731
1.7222
1.73376
1.74051
1.74126
1.7353
1.72257
1.70387
1.68117
1.65741
1.63607
1.61998
1.61037
1.60646
1.60597
1.60589
1.60347
1.59671
1.58482
1.56847
1.54968
1.53166
1.51788
1.5109
1.51106
1.51617
1.52271
1.52793
1.53149
1.53536
1.54173
1.55101
1.56165
1.5717
1.58013
1.58706
1.59303
1.5979
1.60033
1.59791
1.58834
1.57075
1.54677
1.5203
1.49619
1.47843
1.46927
1.46937
1.4779
1.49283
1.51118
1.5295
1.5443
1.55268
1.55294
1.54517
1.53141
1.51531
1.50112
1.49242
1.49111
1.49705
1.50843
1.52236
1.53596
1.54743
1.55679
1.5657
1.57647
1.59061
1.60786
1.62603
1.64166
1.65117
1.65212
1.64439
1.63101
1.61759
1.61005
1.61144
1.62043
1.63262
1.64311
1.64804
1.64496
1.63271
1.61145
1.5828
1.54994
1.51723
1.4896
1.47144
1.46555
1.47254
1.49095
1.518
1.55027
1.58438
1.61733
1.64666
1.67044
1.68721
1.69582
1.69547
1.68581
1.66708
1.64041
1.60789
1.57257
1.53834
1.51004
1.49276
1.48936
1.49785
1.51267
1.5289
1.54441
1.55919
1.5737
1.58779
1.60074
1.61187
1.62124
1.62952
1.6369
1.64209
1.64281
1.63752
1.6266
1.61227
1.59696
1.58193
1.56668
1.54955
1.52896
1.50432
1.47659
1.44839
1.42382
1.40755
1.40356
1.41347
1.43548
1.46473
1.49504
1.52108
1.53989
1.55115
1.55636
1.55775
1.55702
1.55469
1.55026
1.54287
1.53207
1.51836
1.50322
1.48909
1.47939
1.47844
1.49038
1.51723
1.55716
1.60479
1.65342
1.69713
1.73198
1.75604
1.76907
1.77201
1.76631
1.75347
1.73466
1.7108
1.68278
1.6518
1.61948
1.58795
1.55978
1.53779
1.52453
1.52137
1.52758
1.54061
1.55736
1.57549
1.59386
1.61174
1.62805
1.64104
1.64869
1.64982
1.64468
1.63515
1.62431
1.61544
1.61096
1.61168
1.61673
1.62443
1.63341
1.6434
1.6553
1.66996
1.68707
1.70468
1.71974
1.72938
1.7321
1.72846
1.72103
1.71385
1.71105
1.71517
1.72606
1.74101
1.75615
1.76789
1.77359
1.7719
1.76298
1.74848
1.73118
1.71425
1.70045
1.69157
1.68806
1.6888
1.69134
1.69276
1.69068
1.68419
1.67398
1.66211
1.65129
1.64399
1.64149
1.6434
1.64795
1.65289
1.65637
1.6576
1.65696
1.65573
1.65518
1.65588
1.65733
1.65808
1.65615
1.64946
1.63646
1.61724
1.59523
1.5776
1.57197
1.58051
1.59789
1.61593
1.62859
1.6332
1.62925
1.61724
1.59826
1.57395
1.54676
1.52012
1.49828
1.4851
1.48247
1.48957
1.50387
1.52262
1.54355
1.56483
1.58465
1.6012
1.61266
1.61779
1.61639
1.60951
1.59923
1.58771
1.57636
1.56545
1.55473
1.54414
1.53427
1.52627
1.52111
1.51889
1.51871
1.51894
1.51776
1.51372
1.50647
1.49761
1.49113
1.49217
1.50387
1.52486
1.54998
1.57343
1.5909
1.59993
1.59962
1.59027
1.57336
1.55139
1.52736
1.50448
1.48576
1.4739
1.47095
1.47786
1.49409
1.51741
1.54432
1.57079
1.59313
1.60872
1.61628
1.61587
1.60841
1.59503
1.57654
1.55311
1.52472
1.49256
1.46177
1.44311
1.44789
1.47708
1.51863
1.55772
1.58536
1.59851
1.59754
1.58489
1.56473
1.54216
1.52186
1.50683
1.49791
1.49413
1.4935
1.49405
1.4945
1.49431
1.49313
1.49065
1.48732
1.485
1.48628
1.49309
1.5056
1.52245
1.54133
1.55956
1.57462
1.58488
1.59003
1.59118
1.59025
1.58896
1.58784
1.58608
1.58236
1.57597
1.56724
1.55738
1.54793
1.54034
1.53577
1.53515
1.539
1.54679
1.5564
1.56414
1.56647
1.5618
1.55155
1.53919
1.52822
1.52038
1.51538
1.5118
1.50815
1.50348
1.49766
1.49112
1.48463
1.47909
1.47537
1.47426
1.47633
1.48187
1.49058
1.50151
1.51299
1.52293
1.52937
1.53121
1.52853
1.52241
1.5143
1.5056
1.4976
1.49116
1.48621
1.48186
1.47762
1.4746
1.47521
1.48173
1.49493
1.51376
1.53619
1.56014
1.584
1.60682
1.62826
1.64834
1.66721
1.68489
1.701
1.71479
1.72518
1.73106
1.73157
1.7264
1.71602
1.70193
1.68663
1.67284
1.66254
1.65641
1.654
1.65444
1.65686
1.66028
1.65272
1.65375
1.65147
1.64534
1.63602
1.62504
1.61385
1.60325
1.59357
1.58539
1.57964
1.57706
1.57758
1.58037
1.58459
1.59001
1.59695
1.60563
1.61572
1.62611
1.63544
1.64274
1.64776
1.6512
1.6548
1.66114
1.67264
1.68977
1.70996
1.72854
1.74097
1.74463
1.73932
1.72679
1.7101
1.69277
1.67781
1.66674
1.65894
1.6523
1.64466
1.63544
1.62619
1.61993
1.61969
1.6273
1.64267
1.66383
1.68759
1.71032
1.72871
1.7403
1.7437
1.73866
1.72608
1.70795
1.68707
1.66636
1.64828
1.63424
1.62443
1.6183
1.61516
1.61438
1.61515
1.61619
1.61578
1.61233
1.60514
1.59474
1.58259
1.57013
1.55793
1.54558
1.53238
1.5181
1.50328
1.48901
1.47648
1.46649
1.45919
1.45404
1.45015
1.4467
1.44342
1.44086
1.44055
1.44448
1.45392
1.46867
1.48761
1.51004
1.53584
1.56377
1.59023
1.61069
1.6227
1.62762
1.63024
1.63645
1.6504
1.6727
1.70079
1.7305
1.75788
1.78015
1.79579
1.80423
1.80536
1.79924
1.78609
1.7666
1.74251
1.71684
1.69322
1.67441
1.66117
1.65258
1.64711
1.64363
1.64152
1.6401
1.63855
1.63692
1.6377
1.64535
1.66329
1.69059
1.72231
1.75236
1.77571
1.78891
1.79026
1.77971
1.75857
1.7289
1.69319
1.65418
1.61467
1.57736
1.54476
1.51879
1.50069
1.49098
1.48951
1.49573
1.5086
1.52659
1.5476
1.56918
1.58898
1.60514
1.61655
1.62279
1.62412
1.62142
1.61601
1.60957
1.60392
1.60089
1.60197
1.6081
1.61921
1.63387
1.64947
1.66292
1.67162
1.67412
1.67034
1.66127
1.64851
1.63394
1.61945
1.60673
1.59707
1.59091
1.58772
1.58615
1.5848
1.58337
1.58358
1.58872
1.60141
1.6209
1.64277
1.66137
1.67262
1.6752
1.6704
1.66143
1.65254
1.64786
1.65007
1.6594
1.67341
1.68782
1.69775
1.69887
1.68826
1.66454
1.62811
1.58136
1.52894
1.47783
1.4365
1.41303
1.41217
1.4331
1.46967
1.51306
1.55508
1.59012
1.61538
1.63027
1.6355
1.63229
1.62195
1.60576
1.58489
1.56073
1.53503
1.50993
1.48794
1.47189
1.4647
1.46833
1.48227
1.5033
1.52696
1.54987
1.57066
1.58938
1.60612
1.61996
1.62905
1.63164
1.62701
1.61597
1.60065
1.58377
1.56778
1.5544
1.5448
1.54005
1.54093
1.54767
1.56003
1.57764
1.59931
1.62201
1.64118
1.65257
1.65363
1.64382
1.62455
1.59897
1.57171
1.54825
1.53378
1.53197
1.54406
1.56876
1.60271
1.64121
1.6791
1.71172
1.73559
1.74869
1.75022
1.74027
1.71954
1.68956
1.65289
1.61335
1.57574
1.54495
1.52459
1.51595
1.51798
1.52798
1.54262
1.55853
1.57273
1.58291
1.58782
1.58726
1.58193
1.57294
1.5614
1.54797
1.53254
1.51445
1.49343
1.47123
1.45242
1.44249
1.44387
1.45438
1.46993
1.48743
1.50537
1.52282
1.53869
1.55178
1.56117
1.56649
1.5677
1.565
1.55875
1.55014
1.54126
1.53451
1.53153
1.5326
1.53701
1.54361
1.55137
1.55956
1.56761
1.57468
1.57942
1.58021
1.57607
1.56797
1.55937
1.5548
1.55684
1.56454
1.57456
1.58373
1.59032
1.59401
1.59521
1.59451
1.59229
1.58871
1.5838
1.57752
1.5698
1.56034
1.54856
1.53397
1.51683
1.49848
1.48099
1.4664
1.4563
1.45211
1.45533
1.4671
1.48716
1.51317
1.5411
1.56638
1.58525
1.59554
1.5969
1.59044
1.57811
1.56218
1.54499
1.52879
1.51549
1.50627
1.50132
1.50001
1.50159
1.50568
1.51206
1.52012
1.52851
1.53543
1.53971
1.5414
1.54214
1.54464
1.55171
1.56517
1.58516
1.61046
1.63932
1.66981
1.69978
1.72659
1.74729
1.7592
1.76071
1.75165
1.73359
1.7096
1.68358
1.6593
1.63926
1.6241
1.6129
1.60414
1.59686
1.5914
1.58905
1.59106
1.59747
1.60667
1.61634
1.62496
1.63284
1.64181
1.65356
1.66803
1.68331
1.69676
1.70624
1.71057
1.70946
1.70343
1.6938
1.68258
1.672
1.66383
1.65854
1.65473
1.64935
1.6387
1.61985
1.59183
1.55592
1.51553
1.47556
1.44122
1.41674
1.40443
1.40439
1.41492
1.43316
1.45554
1.47838
1.49826
1.51263
1.52026
1.52167
1.51896
1.5153
1.514
1.51723
1.52542
1.5375
1.55176
1.56668
1.58158
1.59661
1.61234
1.62927
1.64727
1.66538
1.68208
1.69588
1.70577
1.71133
1.71237
1.70858
1.69932
1.68367
1.66087
1.63107
1.59628
1.56129
1.53323
1.51891
1.521
1.53652
1.55917
1.58286
1.60356
1.61948
1.63028
1.63664
1.64047
1.6453
1.65509
1.67117
1.69037
1.70672
1.71521
1.71364
1.7025
1.68398
1.66113
1.63715
1.61473
1.59559
1.58019
1.56795
1.55772
1.54845
1.53957
1.53094
1.52268
1.51479
1.50717
1.49984
1.49328
1.4886
1.48735
1.49109
1.50058
1.51525
1.53327
1.55223
1.57019
1.58612
1.59961
1.60976
1.61484
1.61335
1.60548
1.59363
1.5814
1.5717
1.56567
1.56319
1.56369
1.56664
1.57151
1.57756
1.58377
1.58899
1.5921
1.59238
1.58954
1.58373
1.57546
1.56593
1.55727
1.55235
1.55356
1.56129
1.5734
1.58636
1.5966
1.60136
1.59897
1.58899
1.57252
1.55218
1.5318
1.51549
1.50678
1.50781
1.51836
1.53564
1.55549
1.57412
1.58898
1.59861
1.60217
1.59898
1.58835
1.56968
1.5428
1.50879
1.47126
1.43668
1.41254
1.40392
1.41139
1.43176
1.46014
1.49171
1.52281
1.55124
1.57586
1.59564
1.60914
1.61438
1.60985
1.59567
1.57459
1.55155
1.53178
1.51879
1.51351
1.51499
1.52094
1.52836
1.53403
1.53496
1.52923
1.51692
1.50048
1.48414
1.47222
1.46733
1.46944
1.4762
1.48388
1.48863
1.48744
1.47869
1.46242
1.44039
1.41578
1.39258
1.37475
1.36523
1.36518
1.37361
1.38805
1.40606
1.42642
1.44944
1.47605
1.50661
1.54027
1.57531
1.60984
1.64217
1.67075
1.69419
1.7116
1.72298
1.72935
1.73225
1.73286
1.73124
1.72628
1.71629
1.70008
1.67785
1.65161
1.62516
1.60337
1.5906
1.5889
1.59712
1.6116
1.62781
1.64173
1.65044
1.65216
1.64632
1.63366
1.61629
1.59731
1.58005
1.56709
1.5597
1.55771
1.55996
1.5646
1.56925
1.57138
1.56909
1.56188
1.55112
1.53955
1.53017
1.52482
1.52346
1.52462
1.52626
1.52648
1.52407
1.5189
1.51184
1.50446
1.49837
1.49476
1.49397
1.49533
1.4975
1.49941
1.50099
1.50331
1.5078
1.5152
1.52476
1.53439
1.54162
1.54475
1.54334
1.53822
1.53136
1.52563
1.52399
1.52827
1.53822
1.55176
1.56586
1.57765
1.58517
1.58777
1.58601
1.58157
1.57673
1.57376
1.57403
1.57765
1.58389
1.59198
1.60143
1.61178
1.62189
1.62959
1.63217
1.62714
1.61314
1.59058
1.5618
1.53057
1.50141
1.47863
1.4656
1.46422
1.47443
1.49409
1.51955
1.54683
1.57276
1.5951
1.61238
1.62364
1.62861
1.62832
1.62522
1.62225
1.62115
1.62202
1.62404
1.62615
1.62734
1.62644
1.62233
1.61429
1.60222
1.58652
1.56772
1.54617
1.52232
1.49718
1.4728
1.45214
1.43815
1.43254
1.43472
1.44216
1.45208
1.46305
1.47551
1.49067
1.50902
1.52979
1.55146
1.57247
1.59168
1.60826
1.62128
1.62974
1.63309
1.63176
1.62716
1.62095
1.61448
1.60863
1.60388
1.60072
1.59987
1.60208
1.60758
1.61563
1.62465
1.6325
1.63689
1.63561
1.62727
1.61204
1.5923
1.57223
1.55642
1.54779
1.54648
1.55047
1.55719
1.56492
1.57349
1.58378
1.5967
1.61236
1.62979
1.64734
1.66329
1.6764
1.68598
1.69186
1.69418
1.69331
1.68966
1.6834
1.67442
1.66272
1.64957
1.63793
1.6312
1.63097
1.63583
1.64224
1.64616
1.6443
1.63509
1.61902
1.59852
1.57741
1.55998
1.54963
1.54757
1.55267
1.56228
1.57351
1.58413
1.59293
1.59978
1.6055
1.61152
1.61895
1.62774
1.63606
1.64097
1.6395
1.62959
1.61079
1.58435
1.55294
1.51998
1.48868
1.4612
1.43849
1.42075
1.40812
1.40073
1.39857
1.40147
1.40904
1.42095
1.43707
1.45769
1.48325
1.51348
1.54649
1.57881
1.60645
1.62598
1.63532
1.63456
1.62686
1.61788
1.61301
1.61399
1.61828
1.62143
1.61974
1.61176
1.59853
1.58319
1.56974
1.56144
1.55964
1.5638
1.57246
1.58429
1.59839
1.61403
1.63027
1.64578
1.65906
1.66865
1.67338
1.67266
1.66674
1.65681
1.64492
1.63358
1.62503
1.62052
1.62001
1.62252
1.62697
1.63256
1.63881
1.64532
1.65162
1.65724
1.66182
1.66509
1.66664
1.66582
1.66214
1.65564
1.64719
1.6384
1.63108
1.6266
1.62568
1.62822
1.63321
1.63879
1.64236
1.64144
1.6348
1.62335
1.61021
1.59976
1.59594
1.60035
1.61154
1.62553
1.63755
1.64359
1.64169
1.63227
1.61776
1.60163
1.58743
1.57794
1.57493
1.57923
1.5904
1.60634
1.62345
1.63771
1.64585
1.64616
1.63833
1.6231
1.60158
1.57509
1.54525
1.51452
1.48615
1.46373
1.45027
1.44764
1.45635
1.47555
1.50282
1.53438
1.56578
1.59272
1.61193
1.62154
1.62109
1.61156
1.59522
1.57568
1.55764
1.54614
1.54503
1.55531
1.57442
1.59735
1.61857
1.6334
1.63851
1.63197
1.61306
1.58261
1.5433
1.4998
1.45818
1.4247
1.40424
1.39913
1.40887
1.43064
1.4602
1.49294
1.5249
1.55322
1.57631
1.59377
1.60608
1.61421
1.61942
1.62295
1.62592
1.62939
1.63419
1.64068
1.6485
1.65644
1.66263
1.66491
1.66143
1.6512
1.63455
1.61327
1.59031
1.569
1.55196
1.54014
1.53245
1.52661
1.52047
1.64203
1.6329
1.6265
1.62526
1.62839
1.63269
1.63505
1.63371
1.62787
1.61701
1.60111
1.58151
1.56158
1.54617
1.53975
1.54399
1.55679
1.57373
1.59048
1.60479
1.61685
1.62848
1.64199
1.65936
1.68142
1.70725
1.73409
1.75802
1.77526
1.78332
1.78133
1.76996
1.75105
1.72724
1.70167
1.67762
1.65798
1.64469
1.63836
1.63829
1.64264
1.64915
1.65545
1.65943
1.65944
1.65453
1.64502
1.63317
1.62332
1.62069
1.62888
1.64776
1.67379
1.70206
1.72801
1.74803
1.75952
1.76107
1.75249
1.73508
1.71135
1.68457
1.65794
1.63411
1.61475
1.60058
1.59176
1.58855
1.59159
1.60133
1.61701
1.63648
1.65717
1.67727
1.69611
1.71358
1.72921
1.742
1.75064
1.75392
1.75101
1.74168
1.72644
1.70671
1.68479
1.66371
1.6467
1.63668
1.63568
1.64454
1.66272
1.68823
1.71786
1.74783
1.77476
1.79644
1.81206
1.82192
1.82683
1.82746
1.824
1.81619
1.80375
1.78697
1.76705
1.74593
1.72584
1.70866
1.69583
1.68863
1.68838
1.69588
1.71053
1.72978
1.75008
1.76824
1.78248
1.79255
1.79904
1.80235
1.80225
1.79849
1.79177
1.78398
1.77707
1.77162
1.76672
1.76047
1.75127
1.73885
1.7246
1.71129
1.70203
1.69944
1.70488
1.71823
1.73768
1.76004
1.7814
1.79783
1.80596
1.80357
1.79022
1.76771
1.7402
1.71331
1.69185
1.67759
1.66929
1.66471
1.66242
1.66206
1.66371
1.66759
1.67373
1.68159
1.69019
1.69818
1.70399
1.70595
1.70295
1.69486
1.68203
1.66477
1.64303
1.61672
1.58631
1.55329
1.52018
1.49027
1.46711
1.4537
1.45142
1.45911
1.47347
1.49083
1.50906
1.52802
1.54829
1.56948
1.5895
1.60512
1.61342
1.61343
1.60752
1.6015
1.60215
1.61271
1.63023
1.64795
1.65954
1.66135
1.65289
1.63662
1.61732
1.6011
1.5936
1.59799
1.61325
1.63449
1.65532
1.67088
1.67926
1.68125
1.67913
1.67521
1.67089
1.66628
1.66061
1.65325
1.64445
1.63553
1.62829
1.6241
1.62336
1.62537
1.62886
1.63258
1.63614
1.64058
1.648
1.66024
1.67739
1.69709
1.71516
1.72685
1.72799
1.7158
1.68965
1.65172
1.60722
1.56326
1.52645
1.50073
1.48676
1.48309
1.4877
1.4992
1.51716
1.5418
1.57302
1.60952
1.6485
1.68624
1.71914
1.74467
1.76154
1.76951
1.76901
1.76087
1.74625
1.72639
1.7026
1.6761
1.64801
1.61951
1.59195
1.56703
1.54689
1.53385
1.52919
1.53175
1.53773
1.54232
1.54184
1.53514
1.52369
1.5106
1.49911
1.49124
1.48749
1.48733
1.4899
1.49417
1.49898
1.50369
1.50907
1.51727
1.53083
1.55134
1.57872
1.61154
1.64744
1.68334
1.71549
1.73981
1.75287
1.75266
1.73944
1.71619
1.6886
1.66367
1.64699
1.64036
1.64221
1.64995
1.66137
1.6745
1.68724
1.69802
1.7063
1.71245
1.71709
1.72049
1.72226
1.72167
1.71831
1.71268
1.70628
1.70094
1.69778
1.69677
1.69711
1.69786
1.69833
1.69797
1.69638
1.69325
1.68854
1.68237
1.67504
1.66713
1.6596
1.65359
1.65004
1.64902
1.64935
1.64931
1.64759
1.64405
1.6398
1.63681
1.63725
1.64287
1.65473
1.67282
1.69554
1.71944
1.73973
1.75165
1.75185
1.739
1.71404
1.68028
1.64325
1.60955
1.58437
1.56941
1.5633
1.56388
1.56969
1.57983
1.59289
1.60624
1.61625
1.61906
1.61178
1.59352
1.56604
1.53389
1.50345
1.48124
1.47162
1.47543
1.49047
1.51306
1.53968
1.56773
1.59564
1.62231
1.64652
1.66675
1.68163
1.69059
1.6945
1.69563
1.69689
1.70068
1.7079
1.71798
1.72945
1.74062
1.74969
1.75495
1.75493
1.74871
1.73622
1.71828
1.69635
1.67218
1.64749
1.62389
1.60319
1.5877
1.57979
1.58069
1.58947
1.60336
1.61933
1.63532
1.65036
1.66395
1.6756
1.68483
1.69155
1.69639
1.70042
1.70469
1.70952
1.7141
1.71666
1.715
1.70732
1.6931
1.67383
1.65353
1.638
1.63252
1.63878
1.65416
1.67395
1.69389
1.7109
1.72291
1.72856
1.72739
1.71999
1.70779
1.69259
1.67603
1.65925
1.64276
1.62679
1.6117
1.59834
1.58807
1.58271
1.58414
1.59355
1.61041
1.63212
1.65523
1.67686
1.69534
1.70983
1.71986
1.72506
1.72525
1.72052
1.7117
1.70061
1.69003
1.6832
1.6827
1.68927
1.70121
1.71506
1.72735
1.73645
1.74366
1.7522
1.76424
1.77868
1.79188
1.80053
1.80355
1.80233
1.7995
1.79719
1.79592
1.79471
1.79196
1.78634
1.77711
1.7644
1.74915
1.73288
1.71721
1.70347
1.69238
1.68402
1.67788
1.67299
1.66839
1.66384
1.65993
1.65731
1.65597
1.65528
1.65453
1.65315
1.65063
1.6464
1.63994
1.63117
1.62098
1.6114
1.60532
1.60535
1.61262
1.6261
1.64294
1.65963
1.67328
1.6825
1.68748
1.68928
1.68911
1.68804
1.68706
1.68704
1.68855
1.69148
1.6952
1.69887
1.70183
1.70364
1.70414
1.7033
1.70113
1.6977
1.69338
1.68904
1.68598
1.68539
1.68756
1.69156
1.69573
1.69864
1.69982
1.69973
1.6993
1.69943
1.7009
1.70428
1.70997
1.71778
1.72649
1.73379
1.73655
1.73182
1.71809
1.69639
1.67096
1.648
1.63241
1.6249
1.6225
1.62197
1.62183
1.62186
1.62179
1.62107
1.61953
1.61808
1.61855
1.62265
1.63077
1.64137
1.65171
1.65899
1.66128
1.65777
1.6486
1.63462
1.61726
1.59853
1.58103
1.56741
1.55941
1.55692
1.55803
1.56032
1.56242
1.56489
1.56997
1.58
1.59571
1.61524
1.63473
1.64968
1.65665
1.65451
1.64495
1.63214
1.62122
1.61633
1.61888
1.62746
1.63907
1.65087
1.66137
1.67046
1.67867
1.68624
1.69261
1.69665
1.69744
1.69475
1.68922
1.68219
1.67552
1.67079
1.6679
1.6648
1.66015
1.65588
1.65609
1.66277
1.67353
1.68343
1.68825
1.68652
1.6801
1.67364
1.67236
1.67916
1.69319
1.71142
1.73111
1.75056
1.76845
1.78285
1.79136
1.79202
1.7845
1.77023
1.75166
1.73074
1.70823
1.68397
1.65795
1.63107
1.60506
1.58183
1.56288
1.54929
1.542
1.54195
1.54957
1.56422
1.5836
1.60411
1.62156
1.63227
1.63413
1.62775
1.6172
1.60965
1.61262
1.62891
1.65333
1.67658
1.69244
1.70042
1.7036
1.70576
1.70951
1.71575
1.72415
1.73382
1.74377
1.75282
1.75904
1.75975
1.75209
1.73389
1.70454
1.6657
1.62195
1.58096
1.55204
1.54286
1.55551
1.58514
1.62244
1.65777
1.68399
1.69726
1.69657
1.68317
1.6599
1.63045
1.59861
1.56807
1.54282
1.52743
1.52611
1.54074
1.57001
1.61056
1.65847
1.70979
1.76033
1.80546
1.84089
1.86358
1.87238
1.86825
1.85399
1.83336
1.80996
1.78662
1.76529
1.74703
1.73172
1.71789
1.70326
1.68636
1.66797
1.65111
1.63872
1.63072
1.6238
1.61398
1.59939
1.58074
1.56015
1.54044
1.52492
1.51692
1.51859
1.52988
1.54875
1.5726
1.59944
1.62773
1.65565
1.68062
1.69999
1.71219
1.71728
1.71679
1.71286
1.70746
1.70193
1.69686
1.69223
1.68752
1.68182
1.6742
1.66429
1.6531
1.64325
1.63812
1.63989
1.64807
1.66005
1.67268
1.68371
1.69213
1.69785
1.70123
1.70301
1.70469
1.7088
1.71839
1.73522
1.75798
1.78254
1.80414
1.8196
1.82811
1.83064
1.82867
1.82309
1.81379
1.80026
1.78227
1.76035
1.73577
1.71011
1.68471
1.66047
1.6379
1.61761
1.60064
1.58835
1.58177
1.5809
1.58429
1.58917
1.59246
1.5919
1.58696
1.57895
1.57043
1.56404
1.56144
1.56272
1.56664
1.57139
1.57538
1.57787
1.57899
1.57944
1.58
1.5812
1.58314
1.5856
1.58821
1.59076
1.59352
1.59744
1.60382
1.61352
1.6266
1.64236
1.65995
1.67861
1.69712
1.71313
1.72324
1.72394
1.71302
1.69108
1.66311
1.63946
1.6316
1.64295
1.66606
1.69082
1.7116
1.72658
1.73472
1.73472
1.72625
1.71157
1.69487
1.67877
1.66149
1.63854
1.60715
1.56942
1.53219
1.50424
1.49269
1.50012
1.52456
1.56176
1.60728
1.65721
1.70774
1.75485
1.79456
1.82389
1.84152
1.84791
1.84484
1.83477
1.82015
1.80322
1.78597
1.76995
1.75609
1.74482
1.73649
1.73188
1.73186
1.73647
1.74434
1.75346
1.76215
1.7695
1.77498
1.77809
1.77817
1.77445
1.7661
1.75237
1.73295
1.70835
1.68013
1.65066
1.62248
1.59734
1.57582
1.55764
1.54299
1.53345
1.5315
1.53892
1.55545
1.57913
1.60734
1.63766
1.66838
1.69865
1.72838
1.7578
1.7868
1.81433
1.83834
1.85622
1.86527
1.86311
1.84812
1.82014
1.78222
1.74232
1.71107
1.69393
1.68669
1.68083
1.67084
1.65545
1.6358
1.61394
1.59233
1.57358
1.55999
1.55291
1.5523
1.55692
1.5648
1.57394
1.58282
1.59068
1.5973
1.60295
1.60807
1.61313
1.61852
1.62444
1.63095
1.63775
1.64405
1.64843
1.64909
1.64457
1.63488
1.62224
1.61061
1.60385
1.60366
1.60902
1.61747
1.62685
1.63611
1.64505
1.65367
1.66204
1.67025
1.67835
1.68608
1.69264
1.69672
1.69647
1.68978
1.67465
1.64964
1.61433
1.56984
1.5201
1.47458
1.4478
1.44879
1.47119
1.50074
1.52818
1.55144
1.57131
1.58855
1.60316
1.61485
1.62319
1.62792
1.62947
1.62966
1.63132
1.63651
1.64496
1.65415
1.66135
1.66569
1.66861
1.6725
1.67898
1.68782
1.69742
1.70568
1.71079
1.71176
1.70848
1.70168
1.69285
1.68387
1.67654
1.67215
1.67117
1.67332
1.67778
1.68363
1.69017
1.69698
1.70388
1.71095
1.71854
1.72699
1.73615
1.65824
1.66552
1.66982
1.67083
1.66954
1.66775
1.66709
1.66868
1.67328
1.68129
1.69254
1.70604
1.72017
1.7333
1.74454
1.75368
1.76059
1.76446
1.76369
1.75663
1.74271
1.72338
1.702
1.68277
1.66902
1.66195
1.66055
1.66251
1.66543
1.66753
1.66809
1.66722
1.66551
1.66358
1.66154
1.65905
1.6556
1.65087
1.64507
1.63903
1.63399
1.63077
1.62924
1.62818
1.62575
1.62021
1.61055
1.59679
1.58013
1.56269
1.54723
1.53669
1.53353
1.53925
1.55396
1.57622
1.60322
1.63145
1.65758
1.67925
1.69512
1.70438
1.70631
1.7003
1.6867
1.6675
1.64633
1.62738
1.61398
1.60763
1.60799
1.61331
1.62102
1.62816
1.63186
1.62971
1.62032
1.60399
1.58328
1.56293
1.54839
1.54317
1.54691
1.5557
1.56445
1.56917
1.5681
1.56202
1.55371
1.54706
1.54564
1.55156
1.56479
1.58334
1.60395
1.62287
1.63644
1.64196
1.63856
1.6281
1.61565
1.60829
1.61184
1.62704
1.64883
1.66964
1.68375
1.68949
1.68896
1.68615
1.68488
1.68721
1.69289
1.69998
1.70574
1.70732
1.70238
1.6897
1.66953
1.64359
1.61455
1.58526
1.55814
1.5347
1.5155
1.50033
1.4886
1.47987
1.47421
1.47229
1.475
1.48299
1.49633
1.51423
1.53504
1.55648
1.57628
1.59288
1.60599
1.61656
1.62608
1.63579
1.64602
1.65623
1.66563
1.67402
1.68242
1.69242
1.70451
1.71671
1.72545
1.72794
1.72407
1.71644
1.70851
1.70243
1.698
1.69311
1.68521
1.67265
1.65521
1.63381
1.61
1.58579
1.56353
1.54572
1.53438
1.53032
1.53306
1.5414
1.55405
1.56974
1.58705
1.60427
1.6198
1.63266
1.64269
1.65029
1.65583
1.65895
1.65842
1.6526
1.64046
1.62262
1.60154
1.58055
1.56245
1.54852
1.53853
1.53137
1.5258
1.52115
1.51768
1.5165
1.51899
1.52617
1.53842
1.55531
1.57584
1.59854
1.62172
1.64358
1.66258
1.67773
1.68877
1.69603
1.70017
1.70207
1.70254
1.70219
1.70155
1.70125
1.70221
1.70547
1.71187
1.72161
1.73397
1.74725
1.75909
1.76702
1.76897
1.76364
1.75054
1.73008
1.70363
1.67373
1.6441
1.6189
1.60113
1.591
1.5861
1.58356
1.58262
1.58523
1.59454
1.61248
1.63819
1.66803
1.69668
1.71935
1.73344
1.73891
1.73756
1.73165
1.72287
1.71209
1.69954
1.68514
1.66877
1.65066
1.6315
1.61261
1.59568
1.58222
1.5732
1.5689
1.56926
1.57424
1.58383
1.59781
1.61514
1.63377
1.65089
1.66383
1.67088
1.67165
1.66696
1.6586
1.64881
1.64002
1.63445
1.63345
1.63659
1.64135
1.64446
1.64348
1.63774
1.62811
1.61641
1.60445
1.59364
1.58486
1.5785
1.57466
1.57325
1.5741
1.57734
1.58344
1.59308
1.60636
1.62231
1.63874
1.65291
1.66241
1.66613
1.66455
1.65971
1.65445
1.65131
1.65162
1.65526
1.6611
1.66783
1.67435
1.67975
1.68315
1.68346
1.67961
1.67107
1.65844
1.64346
1.62839
1.61514
1.60471
1.59729
1.59265
1.59068
1.5915
1.59515
1.60126
1.60895
1.61707
1.62453
1.6304
1.63376
1.63363
1.62927
1.62084
1.61032
1.60177
1.60002
1.60789
1.62417
1.64415
1.6617
1.67153
1.67041
1.65744
1.63365
1.60175
1.56612
1.53239
1.50598
1.49033
1.48624
1.49264
1.50764
1.52904
1.55439
1.58099
1.60606
1.62693
1.64137
1.64813
1.64754
1.64242
1.63801
1.63982
1.64971
1.66402
1.67593
1.67923
1.6704
1.6489
1.61699
1.57956
1.54314
1.51431
1.49778
1.49516
1.50471
1.52244
1.54383
1.56528
1.58481
1.60196
1.61698
1.62994
1.64025
1.64681
1.64869
1.64559
1.63793
1.62625
1.61093
1.59228
1.57091
1.54839
1.52723
1.51037
1.50013
1.49757
1.50235
1.51297
1.52723
1.54261
1.55679
1.5682
1.5764
1.58199
1.58613
1.58991
1.59398
1.59832
1.60241
1.60581
1.60867
1.61186
1.61656
1.62368
1.6335
1.64571
1.65949
1.67373
1.68694
1.69731
1.70274
1.70128
1.69151
1.67297
1.64665
1.61524
1.58303
1.55493
1.535
1.52526
1.52569
1.53493
1.5511
1.57196
1.59475
1.61619
1.63308
1.64322
1.6461
1.64299
1.63644
1.62926
1.62388
1.62193
1.62413
1.63013
1.63834
1.64651
1.65281
1.65658
1.6581
1.6578
1.65559
1.65093
1.64353
1.63414
1.62406
1.61378
1.60204
1.58699
1.56811
1.54759
1.5301
1.52064
1.52147
1.53033
1.54194
1.55113
1.55487
1.5523
1.54399
1.53146
1.51685
1.50273
1.49143
1.48395
1.4793
1.47532
1.47033
1.4639
1.45645
1.44853
1.44064
1.43339
1.42783
1.42548
1.4281
1.43719
1.45331
1.47568
1.50227
1.53052
1.55837
1.58486
1.61019
1.63509
1.65991
1.68403
1.70596
1.72383
1.73593
1.74114
1.7392
1.73093
1.71828
1.70382
1.68983
1.6776
1.66712
1.65723
1.64594
1.63096
1.61041
1.58369
1.55201
1.51877
1.48939
1.46994
1.46478
1.47413
1.49388
1.51798
1.5412
1.5606
1.57556
1.58679
1.59543
1.60245
1.6085
1.61388
1.61856
1.62236
1.62513
1.62697
1.6284
1.63043
1.6343
1.64086
1.64993
1.65998
1.66861
1.67361
1.674
1.67064
1.66609
1.66349
1.66493
1.67035
1.67781
1.68484
1.68941
1.6905
1.68798
1.68253
1.67539
1.66807
1.66189
1.65743
1.6541
1.65047
1.64544
1.6394
1.63457
1.63391
1.63906
1.64927
1.6618
1.67348
1.68217
1.68738
1.68966
1.68988
1.68875
1.68694
1.68506
1.68356
1.68251
1.68131
1.67874
1.67347
1.6646
1.65219
1.6375
1.62269
1.61017
1.60194
1.59899
1.60126
1.60791
1.61772
1.62916
1.64048
1.64974
1.65522
1.65568
1.65046
1.63946
1.62332
1.60378
1.58398
1.56806
1.5601
1.56247
1.57468
1.59338
1.61355
1.63023
1.63995
1.64127
1.63464
1.62176
1.60476
1.58559
1.56592
1.54718
1.53061
1.51711
1.50689
1.49928
1.49289
1.48612
1.47772
1.46747
1.45655
1.4477
1.44478
1.45154
1.46986
1.49889
1.53572
1.57691
1.61947
1.6608
1.69846
1.73039
1.75525
1.77255
1.78264
1.78649
1.78533
1.7804
1.77263
1.76245
1.74979
1.73428
1.71564
1.69427
1.67146
1.64944
1.6308
1.61745
1.60972
1.60636
1.60531
1.60464
1.60314
1.60057
1.59745
1.59469
1.59293
1.59222
1.59216
1.5922
1.59177
1.59018
1.58647
1.5795
1.56841
1.55342
1.53653
1.52145
1.51245
1.51255
1.52214
1.53914
1.56018
1.58179
1.60118
1.61644
1.62669
1.63228
1.6348
1.63665
1.64014
1.64637
1.6547
1.6634
1.67069
1.67552
1.67766
1.67719
1.6741
1.66824
1.65971
1.64916
1.63739
1.62457
1.61017
1.59388
1.57682
1.56152
1.55109
1.54787
1.55243
1.56352
1.57895
1.59659
1.61495
1.63325
1.65113
1.66841
1.68485
1.70006
1.71339
1.72381
1.72997
1.73038
1.72372
1.70957
1.68951
1.66801
1.6517
1.64587
1.65117
1.66378
1.67816
1.68906
1.69249
1.6864
1.67078
1.64753
1.62007
1.59258
1.56928
1.55334
1.54615
1.54699
1.55346
1.56249
1.57167
1.5803
1.58952
1.60116
1.616
1.63234
1.64605
1.65197
1.64593
1.62582
1.59179
1.54616
1.49341
1.44018
1.39471
1.36536
1.35795
1.37334
1.40724
1.45243
1.50149
1.54855
1.58989
1.62452
1.65469
1.68464
1.71664
1.74804
1.77323
1.78799
1.79127
1.78439
1.76957
1.74912
1.72534
1.70071
1.67773
1.65848
1.6441
1.63489
1.63094
1.63284
1.64167
1.65798
1.68066
1.70655
1.73091
1.7487
1.75586
1.75027
1.73205
1.70343
1.66811
1.63062
1.59561
1.5668
1.54579
1.53179
1.52289
1.51803
1.51785
1.52351
1.535
1.55107
1.57053
1.59238
1.61493
1.63549
1.65155
1.66183
1.66639
1.66612
1.66215
1.65601
1.64955
1.64447
1.64157
1.64085
1.64252
1.64751
1.65639
1.668
1.67966
1.68868
1.69352
1.6941
1.69137
1.68668
1.68135
1.67614
1.67093
1.6645
1.65473
1.63925
1.61684
1.58962
1.56447
1.55059
1.55243
1.56549
1.58091
1.59225
1.5976
1.59806
1.5958
1.59298
1.59134
1.59257
1.59869
1.61194
1.63362
1.66266
1.69518
1.72586
1.74999
1.76477
1.76943
1.76444
1.75077
1.72933
1.70105
1.667
1.62859
1.58773
1.54703
1.50976
1.47969
1.46062
1.45546
1.46499
1.48699
1.51647
1.54723
1.57367
1.59214
1.60142
1.60256
1.59826
1.59209
1.58767
1.58784
1.59415
1.60664
1.62423
1.64515
1.6673
1.68858
1.70698
1.72089
1.72934
1.73221
1.72997
1.72328
1.7126
1.69791
1.67901
1.65595
1.62958
1.6019
1.57613
1.55613
1.54551
1.54651
1.55924
1.58139
1.60897
1.63746
1.66312
1.68356
1.69772
1.70535
1.70678
1.70286
1.695
1.68519
1.67567
1.66838
1.66412
1.66189
1.65919
1.65342
1.64354
1.63076
1.61804
1.60872
1.60496
1.60705
1.61392
1.62415
1.63684
1.65164
1.66829
1.68593
1.7028
1.71637
1.7239
1.72298
1.71233
1.69276
1.66807
1.64492
1.63032
1.62793
1.63637
1.65095
1.66677
1.68039
1.69022
1.69618
1.69909
1.70002
1.69969
1.69821
1.69523
1.6904
1.68372
1.67556
1.66641
1.65633
1.64489
1.63152
1.61618
1.59995
1.58491
1.57333
1.56637
1.5636
1.56339
1.56394
1.56392
1.56253
1.55967
1.55609
1.5535
1.55417
1.55987
1.57081
1.58538
1.60084
1.61436
1.62396
1.62875
1.629
1.62602
1.62181
1.61856
1.61795
1.62064
1.62618
1.63336
1.64096
1.64832
1.6554
1.66253
1.6697
1.6761
1.68026
1.68059
1.67606
1.6666
1.65303
1.63694
1.62019
1.60448
1.5909
