-6.36346
-6.35902
-6.35129
-6.33996
-6.32371
-6.30168
-6.27409
-6.23853
-6.19793
-6.14991
-6.09477
-6.03058
-5.96181
-5.88663
-5.809
-5.7308
-5.65859
-5.59496
-5.54257
-5.50387
-5.47821
-5.46648
-5.46623
-5.47219
-5.48615
-5.50339
-5.52109
-5.53929
-5.55489
-5.56874
-5.5796
-5.58818
-5.5947
-5.59897
-5.60122
-5.60293
-5.60348
-5.60221
-5.60074
-5.5989
-5.59364
-5.58729
-5.57675
-5.56476
-5.55112
-5.53638
-5.52183
-5.50784
-5.495
-5.48581
-5.48062
-5.47785
-5.47842
-5.4825
-5.48917
-5.49789
-5.50758
-5.51725
-5.52638
-5.53422
-5.53931
-5.54284
-5.54497
-5.54491
-5.54282
-5.5402
-5.5369
-5.53392
-5.5317
-5.53047
-5.53102
-5.53312
-5.53784
-5.54402
-5.55084
-5.55827
-5.56553
-5.57078
-5.57637
-5.57956
-5.58283
-5.58513
-5.58756
-5.58919
-5.592
-5.59391
-5.59648
-5.59996
-5.60272
-5.6049
-5.60549
-5.6059
-5.60466
-5.60194
-5.59926
-5.59774
-5.59405
-5.59048
-5.58773
-5.58544
-5.58437
-5.58415
-5.5847
-5.58419
-5.58369
-5.58217
-5.58046
-5.57627
-5.57185
-5.56624
-5.56067
-5.55438
-5.54598
-5.53631
-5.52421
-5.51229
-5.49935
-5.48727
-5.47494
-5.4662
-5.45999
-5.45604
-5.45555
-5.45706
-5.46083
-5.46488
-5.46959
-5.47347
-5.4774
-5.48205
-5.48688
-5.49158
-5.497
-5.50298
-5.50954
-5.51725
-5.52469
-5.53209
-5.53816
-5.54317
-5.54807
-5.55247
-5.55627
-5.56075
-5.56437
-5.56724
-5.56839
-5.56925
-5.5681
-5.56628
-5.56421
-5.56023
-5.5557
-5.55379
-5.55204
-5.55353
-5.55762
-5.56524
-5.57655
-5.58931
-5.60337
-5.61878
-5.6329
-5.64381
-5.652
-5.65661
-5.65778
-5.65573
-5.65165
-5.64547
-5.63701
-5.62847
-5.62021
-5.61306
-5.60699
-5.60268
-5.6011
-5.60018
-5.59906
-5.59976
-5.60061
-5.60133
-5.60173
-5.60131
-5.60064
-5.59935
-5.59749
-5.5953
-5.59316
-5.59148
-5.58994
-5.59194
-5.59453
-5.59842
-5.60369
-5.60942
-5.61577
-5.62137
-5.62574
-5.62885
-5.63014
-5.63073
-5.63064
-5.63024
-5.62793
-5.62642
-5.62594
-5.62676
-5.62724
-5.62801
-5.62917
-5.62968
-5.63048
-5.63086
-5.62915
-5.62783
-5.62497
-5.62203
-5.61815
-5.61429
-5.6108
-5.60702
-5.60277
-5.59949
-5.59578
-5.59083
-5.58362
-5.57588
-5.56813
-5.56027
-5.55413
-5.5504
-5.54911
-5.54882
-5.55032
-5.55147
-5.55425
-5.55867
-5.56266
-5.56854
-5.57698
-5.58897
-5.60286
-5.61681
-5.63174
-5.64499
-5.65637
-5.66478
-5.66893
-5.67017
-5.66693
-5.66002
-5.65141
-5.64005
-5.62842
-5.61725
-5.60691
-5.59871
-5.59197
-5.58571
-5.58115
-5.57748
-5.57556
-5.57508
-5.57599
-5.57794
-5.58082
-5.58388
-5.58801
-5.59033
-5.5921
-5.5927
-5.59468
-5.59562
-5.59768
-5.60319
-5.61023
-5.6175
-5.62554
-5.63264
-5.63955
-5.64422
-5.64751
-5.64833
-5.64912
-5.64854
-5.64573
-5.63996
-5.63281
-5.62528
-5.61575
-5.60586
-5.59556
-5.58443
-5.57421
-5.56459
-5.55758
-5.55122
-5.54564
-5.54237
-5.54006
-5.53818
-5.5371
-5.53732
-5.53967
-5.54333
-5.54828
-5.55476
-5.56185
-5.56755
-5.57148
-5.57459
-5.57786
-5.58181
-5.58658
-5.59284
-5.60188
-5.60937
-5.61409
-5.61415
-5.61083
-5.60614
-5.59995
-5.59376
-5.59072
-5.58951
-5.59082
-5.5937
-5.59879
-5.60406
-5.60941
-5.61289
-5.61416
-5.61293
-5.60927
-5.60352
-5.59626
-5.58908
-5.58272
-5.57514
-5.57087
-5.56652
-5.5656
-5.56557
-5.56766
-5.57163
-5.57722
-5.58232
-5.58901
-5.59647
-5.60274
-5.60859
-5.61391
-5.61809
-5.62026
-5.62214
-5.6227
-5.62301
-5.62215
-5.6206
-5.61864
-5.61754
-5.6164
-5.61539
-5.61419
-5.61207
-5.61014
-5.60646
-5.60134
-5.59488
-5.5867
-5.57744
-5.56763
-5.55823
-5.5481
-5.53828
-5.52835
-5.51682
-5.50506
-5.4916
-5.4777
-5.4626
-5.44693
-5.43412
-5.42624
-5.42414
-5.4281
-5.43735
-5.45138
-5.46728
-5.48441
-5.50239
-5.51916
-5.53452
-5.54694
-5.55628
-5.5628
-5.56677
-5.56832
-5.5678
-5.56603
-5.56484
-5.56194
-5.56069
-5.5584
-5.55577
-5.55205
-5.54734
-5.54299
-5.53784
-5.53406
-5.52997
-5.52696
-5.52646
-5.52756
-5.52897
-5.53082
-5.53213
-5.53309
-5.5323
-5.53123
-5.53025
-5.52968
-5.5309
-5.53401
-5.53788
-5.54328
-5.54913
-5.55317
-5.55596
-5.55647
-5.5545
-5.55028
-5.54341
-5.53523
-5.5255
-5.51613
-5.50696
-5.49941
-5.49415
-5.49299
-5.4965
-5.5039
-5.51479
-5.52868
-5.54309
-5.55662
-5.56883
-5.57878
-5.58638
-5.59102
-5.59314
-5.59201
-5.58815
-5.58236
-5.57195
-5.55958
-5.54641
-5.53265
-5.52081
-5.51146
-5.50402
-5.5011
-5.50175
-5.50453
-5.50867
-5.51483
-5.52093
-5.52738
-5.53398
-5.53972
-5.54536
-5.55047
-5.55561
-5.55953
-5.56362
-5.56728
-5.56993
-5.57295
-5.574
-5.5743
-5.57362
-5.57324
-5.57125
-5.56843
-5.56473
-5.56098
-5.55594
-5.54979
-5.54332
-5.53628
-5.52934
-5.5243
-5.51988
-5.51799
-5.51693
-5.51805
-5.51972
-5.52275
-5.52632
-5.52916
-5.53076
-5.52982
-5.5268
-5.52237
-5.51627
-5.50996
-5.50369
-5.50032
-5.49959
-5.50321
-5.50861
-5.51687
-5.52691
-5.53876
-5.54999
-5.55967
-5.56773
-5.57493
-5.57979
-5.58055
-5.57912
-5.57484
-5.56719
-5.55689
-5.54425
-5.52813
-5.51071
-5.49303
-5.47459
-5.45805
-5.44395
-5.43357
-5.42702
-5.42643
-5.43006
-5.438
-5.44873
-5.46283
-5.47791
-5.49395
-5.51001
-5.52673
-5.54111
-5.55257
-5.56188
-5.5682
-5.57305
-5.57347
-5.57191
-5.56721
-5.56128
-5.55443
-5.54754
-5.54105
-5.53552
-5.53364
-5.53374
-5.53592
-5.54098
-5.54799
-5.55702
-5.56597
-5.57447
-5.58086
-5.58593
-5.58874
-5.59074
-5.59064
-5.58996
-5.58832
-5.58689
-5.58576
-5.58558
-5.58639
-5.58884
-5.59205
-5.59492
-5.59746
-5.5992
-5.59983
-5.59883
-5.5946
-5.58692
-5.5767
-5.56458
-5.5496
-5.5339
-5.51753
-5.50205
-5.48754
-5.47487
-5.46504
-5.45822
-5.45406
-5.4515
-5.4512
-5.45124
-5.45204
-5.45389
-5.45613
-5.45701
-5.45788
-5.46124
-5.4634
-5.46517
-5.46801
-5.47046
-5.47232
-5.47445
-5.47576
-5.47708
-5.47691
-5.4773
-5.47598
-5.4752
-5.47418
-5.4729
-5.47279
-5.47358
-5.47453
-5.47662
-5.48149
-5.48885
-5.49852
-5.50817
-5.51946
-5.53101
-5.54176
-5.55089
-5.55922
-5.56678
-5.57337
-5.57975
-5.5861
-5.5928
-5.5984
-5.60282
-5.60685
-5.60998
-5.61275
-5.61537
-5.61735
-5.61665
-5.61532
-5.61284
-5.60968
-5.60502
-5.59758
-5.58954
-5.5802
-5.57211
-5.56416
-5.5575
-5.55279
-5.55026
-5.54797
-5.54814
-5.54826
-5.55087
-5.55417
-5.55822
-5.5634
-5.56735
-5.57029
-5.57034
-5.57009
-5.56916
-5.56644
-5.5647
-5.56374
-5.56431
-5.56578
-5.5696
-5.57325
-5.57709
-5.57989
-5.58014
-5.57877
-5.57604
-5.57109
-5.5631
-5.55449
-5.54677
-5.54046
-5.53593
-5.53589
-5.53727
-5.54126
-5.54455
-5.54376
-5.53855
-5.52847
-5.51341
-5.49587
-5.47798
-5.46263
-5.45421
-5.44969
-5.44936
-5.45506
-5.46249
-5.47353
-5.48561
-5.49765
-5.50994
-5.51998
-5.52927
-5.53391
-5.53614
-5.53416
-5.52914
-5.5232
-5.51807
-5.51443
-5.51268
-5.51083
-5.50909
-5.50826
-5.50742
-5.50737
-5.5061
-5.50539
-5.50397
-5.50342
-5.50092
-5.49733
-5.49223
-5.48579
-5.47985
-5.47287
-5.46723
-5.46374
-5.46288
-5.46432
-5.46798
-5.47385
-5.48172
-5.48943
-5.49798
-5.50503
-5.51325
-5.52274
-5.5327
-5.54246
-5.55226
-5.56166
-5.57175
-5.58024
-5.58805
-5.59233
-5.59442
-5.59385
-5.59013
-5.58405
-5.57655
-5.56718
-5.55597
-5.54547
-5.53554
-5.52839
-5.52321
-5.52248
-5.52447
-5.52982
-5.53789
-5.54704
-5.55798
-5.56957
-5.57874
-5.5871
-5.59326
-5.59668
-5.59689
-5.595
-5.58976
-5.58301
-5.57441
-5.56494
-5.55626
-5.54926
-5.54518
-5.54364
-5.54464
-5.5478
-5.55069
-5.55182
-5.55182
-5.54727
-5.53994
-5.53015
-5.51776
-5.50629
-5.49677
-5.48878
-5.48414
-5.48112
-5.47944
-5.47759
-5.47794
-5.47894
-5.47959
-5.47941
-5.47701
-5.47306
-5.46548
-5.45784
-5.45163
-5.44736
-5.44603
-5.44746
-5.45114
-5.45764
-5.46394
-5.46808
-5.47039
-5.47082
-5.46901
-5.46554
-5.46403
-5.46372
-5.46528
-5.4705
-5.47942
-5.49081
-5.50569
-5.52132
-5.53994
-5.55949
-5.57778
-5.59585
-5.61278
-5.62524
-5.63547
-5.64125
-5.64292
-5.64036
-5.63394
-5.62571
-5.61361
-5.6018
-5.59026
-5.57894
-5.56915
-5.56219
-5.55754
-5.55271
-5.54909
-5.54488
-5.54044
-5.53594
-5.52989
-5.52248
-5.5156
-5.50945
-5.50416
-5.50003
-5.49746
-5.49784
-5.49965
-5.50294
-5.50742
-5.51255
-5.51846
-5.52556
-5.53358
-5.54187
-5.55036
-5.56141
-5.57309
-5.58544
-5.59551
-5.60459
-5.61112
-5.6146
-5.61439
-5.61199
-5.60704
-5.60086
-5.5919
-5.58416
-5.57604
-5.56793
-5.56061
-5.55459
-5.55039
-5.54813
-5.54635
-5.54503
-5.54437
-5.54329
-5.54097
-5.53781
-5.53268
-5.52903
-5.52674
-5.52803
-5.53351
-5.54166
-5.55255
-5.56268
-5.57127
-5.57731
-5.58082
-5.58313
-5.58371
-5.58273
-5.58184
-5.58027
-5.58095
-5.58224
-5.58385
-5.58499
-5.58634
-5.5866
-5.58583
-5.58296
-5.57815
-5.57016
-5.55904
-5.5454
-5.53066
-5.51325
-5.49518
-5.4796
-5.4678
-5.46009
-5.45801
-5.46253
-5.47062
-5.48123
-5.49368
-5.50557
-5.51603
-5.52491
-5.53203
-5.53789
-5.54261
-5.54764
-5.55453
-5.56071
-5.56712
-5.57332
-5.578
-5.58154
-5.58257
-5.5825
-5.58085
-5.57722
-5.57305
-5.56789
-5.5618
-5.55503
-5.54634
-5.53656
-5.52751
-5.51899
-5.5121
-5.50932
-5.50912
-5.51294
-5.52003
-5.52876
-5.53933
-5.55033
-5.55958
-5.56689
-5.57246
-5.5751
-5.57357
-5.57049
-5.56513
-5.55933
-5.55266
-5.54758
-5.54277
-5.53762
-5.53402
-5.52938
-5.52422
-5.51762
-5.5088
-5.49883
-5.48747
-5.47637
-5.46504
-5.45664
-5.45008
-5.44611
-5.44489
-5.4455
-5.44872
-5.45565
-5.46515
-5.47702
-5.49207
-5.51019
-5.52842
-5.54763
-5.5641
-5.58067
-5.58487
-5.57894
-5.56233
-5.53765
-5.50614
-5.46908
-5.42824
-5.38677
-5.34566
-5.30655
-5.27322
-5.24807
-5.2326
-5.2274
-5.22939
-5.23608
-5.24445
-5.24803
-5.24711
-5.24081
-5.22893
-5.2139
-5.1979
-5.18534
-5.18061
-5.18588
-5.20226
-5.22575
-5.25361
-5.2805
-5.30274
-5.31953
-5.32723
-5.32612
-5.31714
-5.30179
-5.28107
-5.25782
-5.23662
-5.21903
-5.20751
-5.20254
-5.20276
-5.20872
-5.21844
-5.22942
-5.23913
-5.24648
-5.24913
-5.24661
-5.23974
-5.23299
-5.22878
-5.22799
-5.22959
-5.23339
-5.23952
-5.24584
-5.25477
-5.26444
-5.27403
-5.28093
-5.28673
-5.28989
-5.29191
-5.29234
-5.28951
-5.28394
-5.27409
-5.25921
-5.23877
-5.21502
-5.19284
-5.17478
-5.16577
-5.16294
-5.16572
-5.17108
-5.17658
-5.18126
-5.18287
-5.18159
-5.17658
-5.16723
-5.15206
-5.13122
-5.10732
-5.08402
-5.0629
-5.05067
-5.04947
-5.06221
-5.08641
-5.11652
-5.14893
-5.17776
-5.1969
-5.20802
-5.21113
-5.20767
-5.19965
-5.19149
-5.18402
-5.18372
-5.18984
-5.20406
-5.22297
-5.24481
-5.26685
-5.28574
-5.29887
-5.30362
-5.30157
-5.29255
-5.27774
-5.25907
-5.24197
-5.2255
-5.21159
-5.20231
-5.19545
-5.19056
-5.1876
-5.18521
-5.18262
-5.17995
-5.1766
-5.17286
-5.16997
-5.16858
-5.1685
-5.17239
-5.18037
-5.19057
-5.20094
-5.21028
-5.21727
-5.22084
-5.2219
-5.22026
-5.2162
-5.21093
-5.20388
-5.19733
-5.19102
-5.18651
-5.18663
-5.19149
-5.19941
-5.21058
-5.22526
-5.24026
-5.25436
-5.26711
-5.27415
-5.27319
-5.26248
-5.24307
-5.21967
-5.19622
-5.17744
-5.16903
-5.1703
-5.17604
-5.18277
-5.18569
-5.18203
-5.17091
-5.15529
-5.13623
-5.11336
-5.093
-5.07607
-5.06483
-5.06026
-5.06405
-5.07465
-5.08938
-5.10835
-5.12938
-5.14998
-5.16962
-5.18359
-5.19283
-5.19961
-5.20243
-5.20312
-5.20325
-5.2049
-5.20829
-5.21411
-5.22062
-5.22708
-5.233
-5.23715
-5.23869
-5.23834
-5.23692
-5.23709
-5.23688
-5.23797
-5.24092
-5.24344
-5.24567
-5.24624
-5.24346
-5.23726
-5.2313
-5.22508
-5.22294
-5.22494
-5.22945
-5.23525
-5.23795
-5.23711
-5.22996
-5.21782
-5.20024
-5.17993
-5.15936
-5.14268
-5.13112
-5.12765
-5.13374
-5.14764
-5.16822
-5.19264
-5.2164
-5.23955
-5.25842
-5.27221
-5.27989
-5.28101
-5.2753
-5.26451
-5.25097
-5.23591
-5.21928
-5.20344
-5.19279
-5.18906
-5.19393
-5.20796
-5.22814
-5.24839
-5.26803
-5.28188
-5.28911
-5.28961
-5.28775
-5.28746
-5.2899
-5.29737
-5.31055
-5.32817
-5.34571
-5.36042
-5.36825
-5.36929
-5.36144
-5.34601
-5.32628
-5.30401
-5.28111
-5.25956
-5.24327
-5.2311
-5.22206
-5.21652
-5.21351
-5.21411
-5.21757
-5.22377
-5.23097
-5.23587
-5.23466
-5.2279
-5.2121
-5.1895
-5.16371
-5.13749
-5.1126
-5.09321
-5.08123
-5.07932
-5.08534
-5.09949
-5.12121
-5.14756
-5.17532
-5.2013
-5.22352
-5.24018
-5.25139
-5.25728
-5.25805
-5.25497
-5.24651
-5.23643
-5.22485
-5.21279
-5.20293
-5.19405
-5.18987
-5.19023
-5.19577
-5.20622
-5.21983
-5.23542
-5.24896
-5.25951
-5.26427
-5.26254
-5.25433
-5.24047
-5.2223
-5.20435
-5.1859
-5.17264
-5.16556
-5.16408
-5.16429
-5.16408
-5.1625
-5.15971
-5.15666
-5.15544
-5.15783
-5.1613
-5.16579
-5.16763
-5.1683
-5.16439
-5.158
-5.14959
-5.14221
-5.1377
-5.13787
-5.14247
-5.14949
-5.15717
-5.16377
-5.16726
-5.16832
-5.16681
-5.16321
-5.15692
-5.15196
-5.14788
-5.14731
-5.14832
-5.15073
-5.15447
-5.15863
-5.16119
-5.16071
-5.15756
-5.15196
-5.14578
-5.1412
-5.13922
-5.14236
-5.14866
-5.15695
-5.1676
-5.17879
-5.18766
-5.19556
-5.20247
-5.20763
-5.20953
-5.20844
-5.20409
-5.19585
-5.18757
-5.18116
-5.17766
-5.17902
-5.18436
-5.19265
-5.20035
-5.20813
-5.2151
-5.22101
-5.22453
-5.22871
-5.23106
-5.23296
-5.23301
-5.23311
-5.2303
-5.22848
-5.22563
-5.22275
-5.22056
-5.22027
-5.221
-5.2232
-5.2273
-5.23266
-5.23677
-5.24185
-5.24672
-5.2511
-5.25633
-5.25934
-5.26073
-5.25981
-5.25563
-5.24756
-5.23904
-5.22893
-5.22293
-5.22093
-5.22152
-5.22616
-5.23203
-5.23864
-5.24727
-5.25518
-5.25995
-5.26226
-5.2602
-5.25543
-5.24724
-5.23775
-5.22855
-5.2194
-5.21142
-5.20378
-5.19602
-5.18657
-5.17746
-5.16819
-5.16192
-5.15925
-5.15894
-5.1624
-5.16929
-5.17957
-5.19261
-5.2066
-5.2174
-5.22309
-5.22385
-5.21887
-5.21568
-5.21446
-5.21932
-5.22808
-5.23981
-5.25276
-5.26505
-5.27476
-5.27819
-5.2754
-5.26647
-5.25131
-5.23171
-5.2092
-5.18703
-5.16701
-5.14958
-5.13833
-5.136
-5.14293
-5.15858
-5.18211
-5.20894
-5.23546
-5.25928
-5.28198
-5.30014
-5.31458
-5.32577
-5.33231
-5.33454
-5.33122
-5.32212
-5.30457
-5.28096
-5.25302
-5.22105
-5.18906
-5.16031
-5.13656
-5.1188
-5.10332
-5.09267
-5.08453
-5.07979
-5.07604
-5.07523
-5.07782
-5.08351
-5.09122
-5.10008
-5.10982
-5.12006
-5.13085
-5.14189
-5.15458
-5.16727
-5.17958
-5.19101
-5.20153
-5.21049
-5.21669
-5.22221
-5.22354
-5.22342
-5.22144
-5.21903
-5.21683
-5.21496
-5.21514
-5.2158
-5.21522
-5.21686
-5.22007
-5.22603
-5.23313
-5.24039
-5.24644
-5.24757
-5.24658
-5.24225
-5.23784
-5.2344
-5.23204
-5.23197
-5.23368
-5.23662
-5.23921
-5.24235
-5.24597
-5.24849
-5.24913
-5.24855
-5.24478
-5.23973
-5.23285
-5.22462
-5.21716
-5.2101
-5.20327
-5.19625
-5.1897
-5.18391
-5.1792
-5.17509
-5.16868
-5.16053
-5.15112
-5.14013
-5.13131
-5.12756
-5.12733
-5.13489
-5.14838
-5.16663
-5.18868
-5.21179
-5.23447
-5.25521
-5.2739
-5.28888
-5.30186
-5.31071
-5.31561
-5.31712
-5.31489
-5.31205
-5.30584
-5.29642
-5.28415
-5.26875
-5.25094
-5.23311
-5.21796
-5.20618
-5.1996
-5.19771
-5.20235
-5.20725
-5.21318
-5.21641
-5.21759
-5.21888
-5.21902
-5.21932
-5.21882
-5.21564
-5.20998
-5.20395
-5.19763
-5.19455
-5.1939
-5.19485
-5.19534
-5.19461
-5.19172
-5.1879
-5.18262
-5.17427
-5.1656
-5.15725
-5.15057
-5.14444
-5.14001
-5.13538
-5.13236
-5.13132
-5.13461
-5.14298
-5.15941
-5.18218
-5.21019
-5.23989
-5.27052
-5.29884
-5.32144
-5.33879
-5.34857
-5.34889
-5.34211
-5.328
-5.30924
-5.2887
-5.26641
-5.24353
-5.22284
-5.20668
-5.19679
-5.19249
-5.19471
-5.20111
-5.21089
-5.22216
-5.23503
-5.24529
-5.25216
-5.25372
-5.25049
-5.24216
-5.23163
-5.22093
-5.21328
-5.21075
-5.21512
-5.22528
-5.24057
-5.26186
-5.28544
-5.30915
-5.32837
-5.34157
-5.34699
-5.34325
-5.33099
-5.31345
-5.2928
-5.27487
-5.26331
-5.26084
-5.26537
-5.27554
-5.28675
-5.29545
-5.30027
-5.29894
-5.29301
-5.28582
-5.28015
-5.27904
-5.2822
-5.28933
-5.29988
-5.30963
-5.31878
-5.32614
-5.33117
-5.33617
-5.33915
-5.34042
-5.34166
-5.34137
-5.33985
-5.33804
-5.33408
-5.32865
-5.32055
-5.30887
-5.29406
-5.2746
-5.25129
-5.22481
-5.19567
-5.16521
-5.13533
-5.10902
-5.08661
-5.07052
-5.06312
-5.06278
-5.07281
-5.08805
-5.10783
-5.12818
-5.14892
-5.16955
-5.18818
-5.20552
-5.22165
-5.23811
-5.25385
-5.269
-5.28094
-5.28921
-5.29048
-5.28251
-5.26918
-5.2477
-5.22187
-5.19563
-5.17075
-5.15287
-5.14345
-5.14276
-5.14975
-5.16122
-5.17462
-5.1882
-5.20046
-5.21287
-5.22544
-5.24044
-5.25725
-5.27764
-5.3007
-5.32417
-5.34648
-5.36521
-5.37701
-5.38145
-5.37831
-5.36718
-5.35017
-5.32632
-5.29774
-5.26867
-5.24008
-5.21352
-5.18976
-5.17071
-5.15579
-5.14537
-5.13618
-5.12891
-5.12002
-5.11035
-5.09868
-5.08855
-5.08087
-5.07504
-5.07415
-5.07696
-5.08556
-5.09873
-5.11661
-5.13922
-5.16481
-5.19098
-5.21705
-5.2417
-5.26266
-5.28064
-5.29409
-5.30472
-5.31243
-5.31701
-5.31707
-5.31356
-5.30795
-5.30255
-5.29954
-5.30074
-5.3
-5.30012
-5.29637
-5.28936
-5.2773
-5.26248
-5.24405
-5.22501
-5.20523
-5.18487
-5.16478
-5.14582
-5.12764
-5.11253
-5.10168
-5.09684
-5.09901
-5.10657
-5.11822
-5.13322
-5.14699
-5.15738
-5.16108
-5.15804
-5.14867
-5.13377
-5.11837
-5.10487
-5.09554
-5.09117
-5.09115
-5.09217
-5.09553
-5.09946
-5.10312
-5.10804
-5.11739
-5.1309
-5.14925
-5.17464
-5.20404
-5.23533
-5.26375
-5.28838
-5.30659
-5.31715
-5.32039
-5.31674
-5.30812
-5.29815
-5.28791
-5.28176
-5.27965
-5.27873
-5.27921
-5.2811
-5.28187
-5.28086
-5.28048
-5.27925
-5.27747
-5.27123
-5.25984
-5.24266
-5.221
-5.19682
-5.17396
-5.15488
-5.14082
-5.12972
-5.12215
-5.11447
-5.10811
-5.1009
-5.0937
-5.0894
-5.09068
-5.09724
-5.10896
-5.12337
-5.14046
-5.15656
-5.16987
-5.18171
-5.19284
-5.20179
-5.20903
-5.21755
-5.22549
-5.23274
-5.24117
-5.24995
-5.25729
-5.26313
-5.26693
-5.26758
-5.26632
-5.26341
-5.25784
-5.2494
-5.23959
-5.2267
-5.21266
-5.19655
-5.18195
-5.17039
-5.16343
-5.16169
-5.16718
-5.1777
-5.19118
-5.20762
-5.22667
-5.24421
-5.26007
-5.2734
-5.28148
-5.28552
-5.28397
-5.2784
-5.27153
-5.26269
-5.25521
-5.25157
-5.25273
-5.25734
-5.2631
-5.26728
-5.26739
-5.26305
-5.25555
-5.24356
-5.22754
-5.21055
-5.195
-5.18027
-5.16799
-5.15926
-5.15511
-5.15659
-5.16302
-5.17373
-5.18582
-5.19848
-5.20875
-5.21663
-5.21793
-5.21671
-5.21213
-5.20448
-5.19299
-5.17835
-5.1614
-5.14344
-5.12605
-5.11098
-5.09959
-5.09184
-5.08855
-5.08987
-5.0968
-5.10722
-5.12065
-5.13496
-5.15195
-5.16767
-5.18044
-5.18918
-5.19671
-5.20265
-5.20786
-5.21485
-5.22205
-5.23198
-5.24096
-5.24962
-5.25408
-5.25499
-5.25243
-5.24695
-5.24017
-5.23441
-5.22976
-5.22837
-5.23089
-5.23671
-5.24475
-5.25295
-5.26101
-5.26618
-5.26758
-5.26396
-5.25573
-5.24224
-5.22393
-5.20274
-5.183
-5.1668
-5.15516
-5.15008
-5.14963
-5.15493
-5.16397
-5.17457
-5.18845
-5.20322
-5.21911
-5.23574
-5.25183
-5.26553
-5.27622
-5.28468
-5.29219
-5.29777
-5.301
-5.30419
-5.30383
-5.2976
-5.28482
-5.26379
-5.23752
-5.2032
-5.16645
-5.13063
-5.10107
-5.07898
-5.06902
-5.07018
-5.07888
-5.09483
-5.11391
-5.13194
-5.14742
-5.16071
-5.17403
-5.1865
-5.19985
-5.21299
-5.22508
-5.23421
-5.23755
-5.2343
-5.22308
-5.20622
-5.18585
-5.16335
-5.14003
-5.11924
-5.10221
-5.09068
-5.08654
-5.0899
-5.09867
-5.11477
-5.13393
-5.15398
-5.17265
-5.18709
-5.19503
-5.19471
-5.18524
-5.16648
-5.14027
-5.1119
-5.08493
-5.06559
-5.05713
-5.06302
-5.0762
-5.09559
-5.11687
-5.13663
-5.15221
-5.16259
-5.16756
-5.16574
-5.15961
-5.15009
-5.13774
-5.1251
-5.11569
-5.11094
-5.11393
-5.12356
-5.14039
-5.16267
-5.18567
-5.20649
-5.22328
-5.23396
-5.23537
-5.23071
-5.22017
-5.20364
-5.18554
-5.16723
-5.15067
-5.13875
-5.13258
-5.13491
-5.14461
-5.15904
-5.1759
-5.18935
-5.19581
-5.19562
-5.18784
-5.17441
-5.15604
-5.13642
-5.11665
-5.09882
-5.08114
-5.06592
-5.05439
-5.04314
-5.03361
-5.02598
-5.01918
-5.01521
-5.01177
-5.00913
-5.00649
-5.00617
-5.00812
-5.01312
-5.01944
-5.03113
-5.04414
-5.05991
-5.07648
-5.09464
-5.11466
-5.13538
-5.15395
-5.16887
-5.17984
-5.1858
-5.18755
-5.1847
-5.17799
-5.16751
-5.15402
-5.13724
-5.11758
-5.09937
-5.08123
-5.06627
-5.05569
-5.05029
-5.05072
-5.05493
-5.06128
-5.06951
-5.07926
-5.0892
-5.09889
-5.10701
-5.11441
-5.11883
-5.12166
-5.12289
-5.11964
-5.11498
-5.10642
-5.09567
-5.0846
-5.07918
-5.07795
-5.08229
-5.09013
-5.10031
-5.10955
-5.11703
-5.12406
-5.13041
-5.13783
-5.14464
-5.15455
-5.16507
-5.17682
-5.18945
-5.20159
-5.21014
-5.21626
-5.21593
-5.2098
-5.19923
-5.18564
-5.17078
-5.15806
-5.14807
-5.14229
-5.1408
-5.14036
-5.13696
-5.12932
-5.11427
-5.09292
-5.06761
-5.04133
-5.01488
-4.99441
-4.98254
-4.98217
-4.99255
-5.01344
-5.04417
-5.08029
-5.11886
-5.15627
-5.19005
-5.21776
-5.23707
-5.24835
-5.25044
-5.24772
-5.23837
-5.2268
-5.21434
-5.20512
-5.20088
-5.20195
-5.20975
-5.21983
-5.22868
-5.2334
-5.23543
-5.23429
-5.23164
-5.22791
-5.2226
-5.2163
-5.20866
-5.19938
-5.19015
-5.18098
-5.17418
-5.17096
-5.17164
-5.17738
-5.18621
-5.19281
-5.19585
-5.19388
-5.19173
-5.19061
-5.19357
-5.19908
-5.20285
-5.20343
-5.19641
-5.18343
-5.16424
-5.14132
-5.11949
-5.10347
-5.09407
-5.09295
-5.09785
-5.10181
-5.10163
-5.09684
-5.08447
-5.06788
-5.04593
-5.02116
-4.99727
-4.97458
-4.95594
-4.94211
-4.93328
-4.92942
-4.92906
-4.93214
-4.93646
-4.94171
-4.94765
-4.95234
-4.95522
-4.9569
-4.95384
-4.94625
-4.93525
-4.926
-4.922
-4.92709
-4.93896
-4.95482
-4.97169
-4.9898
-5.00842
-5.02784
-5.04579
-5.06319
-5.07589
-5.08548
-5.09151
-5.09126
-5.08717
-5.0814
-5.0739
-5.06549
-5.05585
-5.04297
-5.02873
-5.01295
-5.00138
-4.99667
-5.00213
-5.01874
-5.04288
-5.07055
-5.09803
-5.12036
-5.13682
-5.14753
-5.15156
-5.14933
-5.14387
-5.1353
-5.12606
-5.11555
-5.1066
-5.0951
-5.08346
-5.07166
-5.05995
-5.04922
-5.04038
-5.03152
-5.02392
-5.01762
-5.01169
-5.00897
-5.0112
-5.01787
-5.0281
-5.03926
-5.04985
-5.05854
-5.06736
-5.07537
-5.08135
-5.08582
-5.08889
-5.089
-5.08729
-5.08729
-5.09191
-5.10146
-5.11499
-5.12987
-5.14164
-5.14696
-5.146
-5.13897
-5.12467
-5.10396
-5.08201
-5.06392
-5.05206
-5.04853
-5.05457
-5.06962
-5.09403
-5.12374
-5.15641
-5.18702
-5.21255
-5.23127
-5.24244
-5.24438
-5.23905
-5.2282
-5.21428
-5.19859
-5.18287
-5.17022
-5.15998
-5.1538
-5.1494
-5.14527
-5.14019
-5.13282
-5.12414
-5.11566
-5.1047
-5.09253
-5.08004
-5.0705
-5.06395
-5.0627
-5.06659
-5.0782
-5.09519
-5.11743
-5.14094
-5.16205
-5.17845
-5.18681
-5.18592
-5.17793
-5.16329
-5.14472
-5.12381
-5.10454
-5.08939
-5.07878
-5.07358
-5.0729
-5.07293
-5.07183
-5.07007
-5.06343
-5.054
-5.04366
-5.03324
-5.0265
-5.02208
-5.02117
-5.0228
-5.02732
-5.03424
-5.03562
-5.03481
-5.03033
-5.02595
-5.02527
-5.03353
-5.05193
-5.07963
-5.10949
-5.13802
-5.16167
-5.17638
-5.18234
-5.18131
-5.17274
-5.15971
-5.14474
-5.13096
-5.12103
-5.11541
-5.11266
-5.11329
-5.11511
-5.11658
-5.1197
-5.12338
-5.12602
-5.12562
-5.12334
-5.11926
-5.11491
-5.1116
-5.11142
-5.11632
-5.12353
-5.13141
-5.14025
-5.14736
-5.15285
-5.15797
-5.16454
-5.17451
-5.18916
-5.2067
-5.22842
-5.25231
-5.27531
-5.29717
-5.31559
-5.32597
-5.32673
-5.31633
-5.29556
-5.26405
-5.22408
-5.1781
-5.13137
-5.08906
-5.05531
-5.03304
-5.02326
-5.02555
-5.03978
-5.06362
-5.09356
-5.12575
-5.1546
-5.17441
-5.18474
-5.18385
-5.17554
-5.16196
-5.14546
-5.13076
-5.11494
-5.10069
-5.08664
-5.07339
-5.0627
-5.05502
-5.04939
-5.04598
-5.04498
-5.04457
-5.04326
-5.043
-5.04516
-5.05108
-5.06001
-5.0705
-5.08183
-5.09139
-5.09723
-5.1012
-5.1039
-5.10654
-5.11018
-5.11443
-5.11948
-5.12365
-5.12685
-5.12973
-5.13332
-5.13858
-5.14849
-5.16258
-5.17916
-5.19666
-5.21178
-5.22165
-5.22657
-5.22248
-5.21074
-5.18792
-5.1534
-5.10896
-5.05656
-5.00435
-4.95956
-4.93117
-4.92557
-4.94189
-4.97552
-5.01735
-5.05887
-5.09464
-5.12128
-5.1375
-5.14394
-5.1439
-5.14067
-5.13731
-5.13557
-5.13562
-5.1367
-5.13881
-5.14071
-5.13913
-5.13582
-5.13105
-5.12644
-5.12387
-5.12513
-5.13138
-5.14053
-5.15242
-5.16549
-5.17656
-5.18382
-5.18669
-5.18397
-5.17622
-5.16221
-5.14531
-5.12778
-5.1128
-5.1041
-5.10209
-5.10555
-5.11226
-5.11967
-5.12838
-5.13604
-5.14182
-5.14507
-5.14703
-5.14812
-5.14785
-5.14938
-5.15308
-5.16084
-5.16835
-5.17551
-5.17945
-5.17815
-5.17039
-5.15925
-5.14626
-5.13781
-5.13458
-5.13838
-5.14687
-5.15544
-5.16241
-5.15926
-5.14771
-5.12419
-5.09328
-5.05791
-5.02487
-5.00164
-4.9895
-4.98892
-4.99781
-5.01588
-5.03487
-5.05483
-5.07326
-5.08773
-5.10036
-5.10946
-5.11624
-5.12154
-5.12412
-5.12575
-5.12838
-5.13157
-5.13578
-5.14271
-5.15027
-5.15935
-5.16576
-5.17088
-5.17073
-5.16554
-5.15622
-5.14265
-5.12722
-5.11433
-5.1044
-5.09985
-5.10065
-5.1045
-5.10977
-5.11637
-5.12324
-5.13029
-5.14082
-5.15611
-5.17482
-5.19545
-5.2139
-5.22874
-5.23427
-5.23135
-5.21719
-5.1968
-5.173
-5.15236
-5.13767
-5.13148
-5.13167
-5.13428
-5.13592
-5.13423
-5.12957
-5.12154
-5.11337
-5.10529
-5.10326
-5.10645
-5.11522
-5.12644
-5.13605
-5.14115
-5.13983
-5.13332
-5.12052
-5.10438
-5.08683
-5.0694
-5.05532
-5.04543
-5.04154
-5.04447
-5.05484
-5.0731
-5.09613
-5.12134
-5.14806
-5.17464
-5.20099
-5.22449
-5.24299
-5.25644
-5.26588
-5.26905
-5.26604
-5.25781
-5.24369
-5.22267
-5.19737
-5.16915
-5.13836
-5.1074
-5.07786
-5.05163
-5.03153
-5.01798
-5.01122
-5.00879
-5.01118
-5.02003
-5.03038
-5.04488
-5.05787
-5.07045
-5.08127
-5.08979
-5.09642
-5.09961
-5.1036
-5.10649
-5.11073
-5.11413
-5.11631
-5.11704
-5.11557
-5.11377
-5.11419
-5.11846
-5.12575
-5.13781
-5.15433
-5.17351
-5.19172
-5.20668
-5.21743
-5.22334
-5.22539
-5.22239
-5.21579
-5.20376
-5.18748
-5.16783
-5.14435
-5.1206
-5.09669
-5.07434
-5.0581
-5.04475
-5.03281
-5.0195
-5.00865
-5.00317
-5.00707
-5.02004
-5.03853
-5.05879
-5.0821
-5.10171
-5.11753
-5.12997
-5.13837
-5.1405
-5.14048
-5.13745
-5.1315
-5.12303
-5.11302
-5.10243
-5.09213
-5.08279
-5.07497
-5.06863
-5.06037
-5.05387
-5.04893
-5.04905
-5.05434
-5.06529
-5.08321
-5.10489
-5.1296
-5.15567
-5.18076
-5.20424
-5.22454
-5.24127
-5.25017
-5.25155
-5.24347
-5.22468
-5.19827
-5.16224
-5.12024
-5.07409
-5.02988
-4.99089
-4.95904
-4.93829
-4.92997
-4.93246
-4.9446
-4.96361
-4.9846
-5.00761
-5.02935
-5.05357
-5.07883
-5.10443
-5.12938
-5.15112
-5.16629
-5.17577
-5.17698
-5.17178
-5.15914
-5.14254
-5.12567
-5.10923
-5.09386
-5.08037
-5.06855
-5.05757
-5.05006
-5.04472
-5.04268
-5.04505
-5.05094
-5.05812
-5.06897
-5.07687
-5.08523
-5.09122
-5.0978
-5.10384
-5.10927
-5.1152
-5.11912
-5.12122
-5.11979
-5.11694
-5.10982
-5.0986
-5.08199
-5.05984
-5.03476
-5.00885
-4.98685
-4.97111
-4.96214
-4.96372
-4.9732
-4.98882
-5.00924
-5.02903
-5.05011
-5.06839
-5.08222
-5.09305
-5.09986
-5.10273
-5.10336
-5.10446
-5.10531
-5.10571
-5.10613
-5.10593
-5.10459
-5.10477
-5.10344
-5.10095
-5.09642
-5.08894
-5.07624
-5.05934
-5.0399
-5.01926
-5.00167
-4.98718
-4.97747
-4.97012
-4.96481
-4.96157
-4.95735
-4.95218
-4.94703
-4.94322
-4.94238
-4.94181
-4.9442
-4.95033
-4.95775
-4.96579
-4.97635
-4.98984
-5.00813
-5.02915
-5.0514
-5.07197
-5.0901
-5.10596
-5.1203
-5.13157
-5.14229
-5.15288
-5.16517
-5.17962
-5.19629
-5.21539
-5.23643
-5.25952
-5.28302
-5.3052
-5.32274
-5.33357
-5.33584
-5.32999
-5.31633
-5.29337
-5.26772
-5.24361
-5.22396
-5.21517
-5.21366
-5.22036
-5.22869
-5.23557
-5.23827
-5.23596
-5.22779
-5.2155
-5.19833
-5.17602
-5.14761
-5.1188
-5.09285
-5.072
-5.06034
-5.05983
-5.06796
-5.08521
-5.11028
-5.1391
-5.16907
-5.19591
-5.21588
-5.23018
-5.23718
-5.23925
-5.23896
-5.23819
-5.2359
-5.23316
-5.22843
-5.22564
-5.22255
-5.2218
-5.22194
-5.22426
-5.22921
-5.23407
-5.23672
-5.23773
-5.23473
-5.23016
-5.22478
-5.21779
-5.20881
-5.19689
-5.18498
-5.17245
-5.16043
-5.15359
-5.15082
-5.15437
-5.16262
-5.1703
-5.17739
-5.1814
-5.18391
-5.18482
-5.1869
-5.18899
-5.18998
-5.18902
-5.18676
-5.18476
-5.18231
-5.18116
-5.18176
-5.18322
-5.18675
-5.18717
-5.18468
-5.17614
-5.16063
-5.14074
-5.11804
-5.09456
-5.07261
-5.0535
-5.03696
-5.02569
-5.02354
-5.0311
-5.04739
-5.07667
-5.10942
-5.14275
-5.17589
-5.20576
-5.22676
-5.23766
-5.23928
-5.23026
-5.21125
-5.18389
-5.15081
-5.11523
-5.08074
-5.05032
-5.02769
-5.0119
-5.00021
-4.993
-4.9927
-5.00113
-5.01477
-5.03312
-5.05096
-5.06672
-5.07593
-5.07904
-5.07387
-5.06009
-5.03742
-5.00746
-4.97165
-4.93736
-4.9088
-4.89027
-4.88191
-4.88083
-4.88521
-4.89194
-4.89794
-4.90289
-4.91027
-4.92165
-4.93911
-4.96309
-4.99224
-5.02163
-5.04862
-5.06987
-5.08469
-5.09263
-5.09651
-5.0945
-5.08886
-5.08159
-5.07262
-5.06313
-5.05471
-5.04599
-5.04142
-5.03907
-5.04231
-5.05015
-5.06191
-5.07588
-5.08945
-5.10108
-5.1057
-5.10478
-5.09894
-5.09096
-5.08039
-5.06983
-5.06133
-5.05299
-5.04597
-5.03929
-5.03062
-5.0216
-5.01355
-5.00367
-4.99381
-4.98219
-4.97207
-4.9628
-4.95755
-4.95625
-4.9613
-4.97108
-4.98385
-5.00023
-5.01833
-5.03813
-5.05513
-5.06975
-5.08067
-5.08401
-5.07922
-5.06753
-5.05004
-5.03195
-5.01807
-5.0109
-5.01344
-5.02147
-5.03043
-5.03844
-5.04446
-5.04943
-5.05625
-5.0679
-5.0816
-5.09932
-5.11812
-5.13475
-5.14744
-5.15594
-5.16144
-5.16671
-5.17165
-5.17769
-5.18124
-5.17807
-5.16902
-5.15258
-5.12848
-5.10127
-5.07397
-5.04782
-5.02376
-5.00154
-4.98312
-4.97092
-4.9679
-4.97635
-4.99635
-5.02104
-5.04348
-5.06237
-5.07438
-5.08499
-5.09586
-5.10689
-5.11884
-5.12992
-5.13953
-5.14397
-5.13974
-5.12894
-5.11214
-5.08854
-5.06143
-5.03511
-5.01225
-4.99913
-4.99599
-5.00193
-5.01482
-5.03037
-5.04545
-5.0555
-5.05841
-5.05618
-5.05025
-5.04283
-5.04014
-5.04601
-5.06154
-5.08612
-5.11396
-5.14482
-5.1735
-5.19919
-5.21696
-5.22658
-5.22757
-5.21757
-5.19669
-5.16671
-5.13178
-5.10005
-5.0762
-5.0612
-5.04947
-5.03661
-5.02193
-5.00767
-4.99598
-4.99319
-5.0023
-5.02444
-5.05571
-5.09221
-5.12804
-5.15879
-5.18038
-5.19136
-5.19367
-5.18712
-5.17305
-5.15161
-5.12637
-5.09916
-5.07524
-5.06003
-5.05693
-5.06598
-5.08179
-5.10166
-5.12441
-5.1482
-5.16946
-5.18647
-5.19663
-5.19971
-5.19581
-5.18511
-5.16834
-5.14715
-5.12495
-5.10582
-5.09068
-5.0773
-5.06744
-5.05689
-5.04662
-5.03303
-5.01508
-4.99577
-4.97926
-4.96774
-4.96201
-4.9603
-4.96177
-4.9633
-4.9666
-4.97264
-4.98267
-4.99609
-5.01334
-5.03645
-5.06495
-5.09526
-5.12734
-5.15919
-5.18554
-5.20585
-5.21779
-5.223
-5.22127
-5.21521
-5.20758
-5.19711
-5.18657
-5.17475
-5.16099
-5.14421
-5.12514
-5.10293
-5.07889
-5.05452
-5.03169
-5.01207
-4.99801
-4.99004
-4.98786
-4.99073
-4.99364
-4.99269
-4.98947
-4.98478
-4.97811
-4.97446
-4.97478
-4.97887
-4.98583
-4.99311
-5.0004
-5.00768
-5.01507
-5.02325
-5.03177
-5.04076
-5.04825
-5.05478
-5.06053
-5.06117
-5.05836
-5.05019
-5.04099
-5.03322
-5.02947
-5.03044
-5.03603
-5.04408
-5.05152
-5.05476
-5.05228
-5.04223
-5.02658
-5.0029
-4.9785
-4.95391
-4.93412
-4.92232
-4.91966
-4.9249
-4.93474
-4.94535
-4.95503
-4.96165
-4.96619
-4.96978
-4.97587
-4.98589
-4.9996
-5.01521
-5.02977
-5.04179
-5.04925
-5.05301
-5.05338
-5.04926
-5.04283
-5.03296
-5.02329
-5.01146
-4.99752
-4.98167
-4.96041
-4.9373
-4.91535
-4.90109
-4.89801
-4.90634
-4.92266
-4.94402
-4.96731
-4.99209
-5.01572
-5.03631
-5.05279
-5.06225
-5.05952
-5.0461
-5.0244
-4.99699
-4.96565
-4.93195
-4.898
-4.86742
-4.84023
-4.81933
-4.80742
-4.80416
-4.80967
-4.82289
-4.83938
-4.85808
-4.87678
-4.8955
-4.91328
-4.93103
-4.95112
-4.97139
-4.98875
-5.00114
-5.0081
-5.00734
-4.99902
-4.98155
-4.95644
-4.9277
-4.90156
-4.88111
-4.87489
-4.88283
-4.90612
-4.94085
-4.97738
-5.00977
-5.03485
-5.05426
-5.06924
-5.08145
-5.08965
-5.09572
-5.09921
-5.1002
-5.09867
-5.09554
-5.09265
-5.08746
-5.08452
-5.08436
-5.0906
-5.10047
-5.11399
-5.12572
-5.13084
-5.1271
-5.11399
-5.09442
-5.07092
-5.04665
-5.02517
-5.00909
-5.00074
-4.99964
-5.00604
-5.01684
-5.02945
-5.04014
-5.04575
-5.04513
-5.03993
-5.03003
-5.01979
-5.0115
-5.00444
-5.00058
-4.99802
-4.99931
-5.00335
-5.01113
-5.02135
-5.03056
-5.03534
-5.03458
-5.02867
-5.02254
-5.01912
-5.01835
-5.01828
-5.02027
-5.02391
-5.03014
-5.03903
-5.05143
-5.06481
-5.07589
-5.08338
-5.08405
-5.07723
-5.0623
-5.03759
-5.00497
-4.96904
-4.93196
-4.89781
-4.87416
-4.8658
-4.87318
-4.89399
-4.92317
-4.95518
-4.98411
-5.01131
-5.03675
-5.06124
-5.08495
-5.10709
-5.12523
-5.13833
-5.14232
-5.13775
-5.12036
-5.09404
-5.06173
-5.03221
-5.01403
-5.00865
-5.01461
-5.0267
-5.04061
-5.05352
-5.06343
-5.06806
-5.06649
-5.0588
-5.04765
-5.03724
-5.03215
-5.03312
-5.0436
-5.05889
-5.07734
-5.09562
-5.11102
-5.11808
-5.11773
-5.1064
-5.08536
-5.05686
-5.0254
-4.99506
-4.97204
-4.96044
-4.95984
-4.96932
-4.98572
-5.00492
-5.02511
-5.04358
-5.05841
-5.06832
-5.07277
-5.07258
-5.06957
-5.06206
-5.05058
-5.03727
-5.02248
-5.00885
-4.99907
-4.99565
-5.00133
-5.01215
-5.02696
-5.03983
-5.04835
-5.05319
-5.05756
-5.06242
-5.07249
-5.08589
-5.10199
-5.11846
-5.13398
-5.14731
-5.16038
-5.17203
-5.18031
-5.18362
-5.17828
-5.16311
-5.13688
-5.09928
-5.05548
-5.00963
-4.96983
-4.93965
-4.92125
-4.9117
-4.91045
-4.91915
-4.93533
-4.95573
-4.9803
-5.0039
-5.02323
-5.0356
-5.03793
-5.02752
-5.00511
-4.97472
-4.94539
-4.92658
-4.92279
-4.93269
-4.94485
-4.95772
-4.96637
-4.97391
-4.98347
-4.9951
-5.01055
-5.02621
-5.04122
-5.05118
-5.05498
-5.05273
-5.04424
-5.03277
-5.02164
-5.01297
-5.00923
-5.01201
-5.01789
-5.02432
-5.02855
-5.02852
-5.02269
-5.01223
-4.99694
-4.97988
-4.96162
-4.94495
-4.93008
-4.91614
-4.90544
-4.89936
-4.89636
-4.90072
-4.91158
-4.92738
-4.94588
-4.96112
-4.97146
-4.97301
-4.96704
-4.95447
-4.94042
-4.93247
-4.93512
-4.94854
-4.97111
-4.99658
-5.01791
-5.03236
-5.03526
-5.02778
-5.01424
-4.99996
-4.98702
-4.98092
-4.97725
-4.97565
-4.97471
-4.97421
-4.97198
-4.97069
-4.96874
-4.96648
-4.96298
-4.96199
-4.96052
-4.95972
-4.95944
-4.95607
-4.95006
-4.94208
-4.929
-4.91251
-4.89698
-4.88487
-4.88015
-4.88755
-4.90858
-4.93941
-4.97679
-5.01343
-5.04734
-5.07608
-5.09494
-5.10536
-5.10655
-5.10191
-5.09475
-5.08508
-5.07457
-5.06153
-5.04633
-5.02891
-5.01069
-4.99276
-4.97732
-4.96672
-4.95892
-4.95419
-4.95249
-4.95098
-4.95161
-4.95552
-4.96203
-4.97237
-4.98785
-5.00986
-5.03881
-5.07241
-5.10924
-5.145
-5.17746
-5.20484
-5.22353
-5.23236
-5.23086
-5.21617
-5.19005
-5.15329
-5.10995
-5.06431
-5.02256
-4.99102
-4.96921
-4.95773
-4.95679
-4.96225
-4.97231
-4.98571
-5.00138
-5.01983
-5.03789
-5.05209
-5.05972
-5.06018
-5.05169
-5.03464
-5.01136
-4.98752
-4.97162
-4.96723
-4.97451
-4.99149
-5.01733
-5.04469
-5.06967
-5.08529
-5.08994
-5.08794
-5.07949
-5.06996
-5.06316
-5.05729
-5.05285
-5.04924
-5.04656
-5.04492
-5.04387
-5.04202
-5.03877
-5.03444
-5.02818
-5.02173
-5.01674
-5.01256
-5.01103
-5.01047
-5.01013
-5.00891
-5.00633
-5.00284
-5.00145
-5.00158
-5.00762
-5.02132
-5.04472
-5.07662
-5.11129
-5.14486
-5.17378
-5.19038
-5.19581
-5.18673
-5.16805
-5.14035
-5.10577
-5.07101
-5.03827
-5.01429
-4.99834
-4.98947
-4.98586
-4.98428
-4.98016
-4.97232
-4.96159
-4.94886
-4.93699
-4.92851
-4.92425
-4.92606
-4.93434
-4.95134
-4.97246
-4.99654
-5.02228
-5.04605
-5.06545
-5.07824
-5.08115
-5.07539
-5.06014
-5.03816
-5.01229
-4.9881
-4.97104
-4.96469
-4.96993
-4.98467
-5.00329
-5.02136
-5.03518
-5.04076
-5.03378
-5.01668
-4.9915
-4.96194
-4.93234
-4.90938
-4.89681
-4.89819
-4.91152
-4.93657
-4.96968
-5.0058
-5.04072
-5.06894
-5.08864
-5.09693
-5.09534
-5.08498
-5.06866
-5.04833
-5.02747
-5.00991
-4.99601
-4.98774
-4.98385
-4.98301
-4.98271
-4.9832
-4.98405
-4.98328
-4.9805
-4.97569
-4.96872
-4.96096
-4.95448
-4.94885
-4.94564
-4.94409
-4.94167
-4.94105
-4.93892
-4.93602
-4.93287
-4.93079
-4.93122
-4.93472
-4.94314
-4.95819
-4.97654
-4.99692
-5.01766
-5.03883
-5.05963
-5.08172
-5.10618
-5.13055
-5.15201
-5.16329
-5.16092
-5.14784
-5.1293
-5.11111
-5.10042
-5.1037
-5.12028
-5.14399
-5.17341
-5.20031
-5.2208
-5.23463
-5.23929
-5.23809
-5.23416
-5.23213
-5.23011
-5.22828
-5.22474
-5.21573
-5.20044
-5.17792
-5.14802
-5.1145
-5.0798
-5.04723
-5.02013
-5.00174
-4.99309
-4.99135
-4.99097
-4.99094
-4.98292
-4.96966
-4.95132
-4.93144
-4.91148
-4.89696
-4.88683
-4.8831
-4.88495
-4.89159
-4.90567
-4.92752
-4.95436
-4.98308
-5.00796
-5.0244
-5.0285
-5.02273
-5.00826
-4.98842
-4.96621
-4.94618
-4.9318
-4.92519
-4.92665
-4.93526
-4.94596
-4.95451
-4.96013
-4.95887
-4.95412
-4.94835
-4.94568
-4.94648
-4.95391
-4.96541
-4.98065
-4.99921
-5.0184
-5.03775
-5.05428
-5.06928
-5.07992
-5.08557
-5.08865
-5.09037
-5.08893
-5.08625
-5.08189
-5.0789
-5.07493
-5.07082
-5.06439
-5.05553
-5.04264
-5.02785
-5.01157
-4.99695
-4.98799
-4.98471
-4.98749
-4.99431
-5.00435
-5.01452
-5.02328
-5.02967
-5.03083
-5.03124
-5.03266
-5.03633
-5.04399
-5.05297
-5.06141
-5.07048
-5.07779
-5.08402
-5.08667
-5.08803
-5.08828
-5.08753
-5.08368
-5.07479
-5.05728
-5.03066
-5.00213
-4.97975
-4.9732
-4.98644
-5.01669
-5.05692
-5.09736
-5.13102
-5.15635
-5.17137
-5.17572
-5.17069
-5.15733
-5.13908
-5.11613
-5.09595
-5.07528
-5.05625
-5.03594
-5.01116
-4.98051
-4.94926
-4.9234
-4.90728
-4.90214
-4.90692
-4.91961
-4.93805
-4.95727
-4.9796
-5.00311
-5.02696
-5.04799
-5.06371
-5.07161
-5.07324
-5.06777
-5.05907
-5.05044
-5.04405
-5.04155
-5.04141
-5.04403
-5.04737
-5.04932
-5.05027
-5.05088
-5.05383
-5.05993
-5.07237
-5.09225
-5.12091
-5.154
-5.18681
-5.21702
-5.23686
-5.24529
-5.24151
-5.22665
-5.20562
-5.18211
-5.16316
-5.1478
-5.13632
-5.12622
-5.11523
-5.10559
-5.09354
-5.0831
-5.07084
-5.06164
-5.0538
-5.04761
-5.04047
-5.03248
-5.02168
-5.00913
-4.9973
-4.98793
-4.98162
-4.97848
-4.97863
-4.98326
-4.99111
-5.00116
-5.01098
-5.01751
-5.02168
-5.02656
-5.03441
-5.04592
-5.06147
-5.07742
-5.0914
-5.10173
-5.1062
-5.10715
-5.10301
-5.09777
-5.08888
-5.08061
-5.06931
-5.05863
-5.046
-5.03332
-5.02054
-5.01271
-5.01037
-5.01306
-5.02057
-5.03279
-5.04338
-5.05023
-5.05239
-5.04955
-5.04272
-5.03388
-5.02989
-5.02976
-5.03525
-5.04228
-5.05274
-5.06238
-5.06622
-5.06469
-5.0551
-5.03985
-5.01855
-4.99549
-4.97427
-4.95488
-4.94428
-4.94684
-4.96179
-4.98482
-5.01103
-5.03429
-5.05141
-5.06356
-5.07022
-5.07303
-5.06941
-5.05983
-5.04404
-5.02587
-5.00804
-4.99302
-4.98248
-4.9758
-4.97637
-4.98246
-4.99414
-5.00934
-5.02953
-5.04819
-5.06285
-5.0732
-5.07746
-5.07395
-5.06161
-5.04117
-5.01316
-4.98282
-4.95322
-4.92398
-4.89693
-4.87141
-4.84595
-4.82503
-4.80861
-4.79902
-4.79967
-4.81396
-4.84393
-4.88527
-4.93411
-4.98207
-5.02591
-5.05815
-5.08031
-5.0927
-5.09592
-5.09197
-5.08615
-5.0798
-5.07556
-5.07437
-5.07576
-5.07766
-5.0774
-5.07262
-5.06387
-5.05159
-5.03714
-5.02222
-5.00965
-5.00031
-4.9929
-4.98982
-4.98871
-4.98975
-4.99209
-4.99307
-4.99442
-4.99403
-4.99147
-4.98826
-4.98636
-4.98767
-4.9962
-5.01149
-5.03009
-5.04773
-5.06154
-5.06866
-5.06904
-5.06542
-5.06032
-5.0577
-5.05987
-5.06579
-5.0741
-5.08248
-5.08765
-5.08993
-5.08978
-5.08834
-5.09119
-5.09954
-5.11223
-5.12907
-5.14609
-5.1555
-5.15914
-5.15699
-5.15199
-5.14582
-5.14141
-5.14126
-5.14495
-5.15433
-5.16827
-5.18804
-5.20899
-5.22967
-5.24441
-5.2516
-5.2485
-5.23333
-5.20827
-5.17397
-5.13444
-5.09669
-5.0661
-5.04644
-5.03891
-5.04149
-5.05024
-5.06121
-5.07175
-5.0813
-5.08901
-5.09556
-5.09932
-5.0983
-5.09084
-5.07571
-5.05382
-5.02947
-5.00531
-4.98715
-4.97947
-4.98438
-5.00122
-5.0238
-5.04682
-5.06623
-5.07907
-5.08562
-5.08648
-5.08563
-5.08613
-5.09144
-5.10028
-5.11305
-5.12719
-5.13787
-5.14632
-5.15138
-5.15218
-5.15021
-5.14378
-5.12923
-5.10623
-5.07418
-5.03522
-4.99468
-4.96263
-4.94519
-4.9439
-4.95419
-4.96523
-4.97852
-4.98974
-4.99962
-5.0067
-5.01227
-5.01549
-5.01792
-5.0219
-5.03103
-5.04649
-5.06663
-5.08719
-5.10283
-5.10873
-5.10153
-5.08389
-5.05512
-5.02138
-4.98898
-4.96595
-4.94854
-4.93765
-4.9297
-4.9249
-4.92129
-4.92238
-4.927
-4.93658
-4.95068
-4.96958
-4.98961
-5.00914
-5.02625
-5.03455
-5.03574
-5.0278
-5.0157
-4.99821
-4.98142
-4.96816
-4.95995
-4.95616
-4.95476
-4.95741
-4.96476
-4.9786
-4.99718
-5.01904
-5.04034
-5.06003
-5.07503
-5.08468
-5.09212
-5.09474
-5.09429
-5.08748
-5.07504
-5.06084
-5.0448
-5.02937
-5.01878
-5.01537
-5.01478
-5.01669
-5.01926
-5.01925
-5.01729
-5.01369
-5.0094
-5.00547
-5.00333
-5.00314
-5.00588
-5.011
-5.01811
-5.02718
-5.03503
-5.04235
-5.04883
-5.05517
-5.06317
-5.07514
-5.08995
-5.10801
-5.12541
-5.13594
-5.1396
-5.13377
-5.11771
-5.09485
-5.06722
-5.03871
-5.01495
-5.00299
-5.00275
-5.01158
-5.02354
-5.03284
-5.03795
-5.03858
-5.03698
-5.03825
-5.0427
-5.05102
-5.06154
-5.07104
-5.07342
-5.06524
-5.0459
-5.01775
-4.98867
-4.96636
-4.95866
-4.96861
-4.99099
-5.0196
-5.05162
-5.07939
-5.10134
-5.11518
-5.12231
-5.12257
-5.11973
-5.11427
-5.11224
-5.11357
-5.12093
-5.12976
-5.14168
-5.15451
-5.16845
-5.18251
-5.19596
-5.21037
-5.22212
-5.23124
-5.23582
-5.23261
-5.2235
-5.2072
-5.18776
-5.16567
-5.14142
-5.11789
-5.09804
-5.08017
-5.06716
-5.06164
-5.06351
-5.07609
-5.09711
-5.12165
-5.14286
-5.15756
-5.16311
-5.16517
-5.16552
-5.1667
-5.17007
-5.17447
-5.1743
-5.16564
-5.14673
-5.11773
-5.0886
-5.07051
-5.07183
-5.09081
-5.11903
-5.14586
-5.16825
-5.18474
-5.19493
-5.19768
-5.19168
-5.17982
-5.16033
-5.13384
-5.10213
-5.06899
-5.03727
-5.00965
-4.98804
-4.97318
-4.96378
-4.95494
-4.94653
-4.9396
-4.93687
-4.94088
-4.95439
-4.9755
-5.00232
-5.03158
-5.05992
-5.08291
-5.09805
-5.10389
-5.10314
-5.09767
-5.08946
-5.08146
-5.07346
-5.06665
-5.06208
-5.05774
-5.05245
-5.04204
-5.02688
-5.00272
-4.97364
-4.93912
-4.90231
-4.86746
-4.84126
-4.82632
-4.82581
-4.83865
-4.86441
-4.89661
-4.9318
-4.96518
-4.99583
-5.02269
-5.04259
-5.05551
-5.06163
-5.06041
-5.0491
-5.03094
-5.00749
-4.98095
-4.95361
-4.93334
-4.92382
-4.92809
-4.94667
-4.97511
-5.00785
-5.0388
-5.06451
-5.08356
-5.0942
-5.10012
-5.10075
-5.09721
-5.08815
-5.07515
-5.0611
-5.04635
-5.03126
-5.01812
-5.00756
-5.00077
-4.9984
-4.99938
-5.00223
-5.00626
-5.01042
-5.01164
-5.01005
-5.00911
-5.00408
-4.99963
-4.99787
-4.99772
-4.99848
-4.99943
-4.99732
-4.9911
-4.98241
-4.97044
-4.95767
-4.94501
-4.93431
-4.92606
-4.92035
-4.91966
-4.92438
-4.93361
-4.94653
-4.96146
-4.9777
-4.99329
-5.00873
-5.02308
-5.03879
-5.05434
-5.06878
-5.08107
-5.08941
-5.09153
-5.08554
-5.06911
-5.04387
-5.0129
-4.98313
-4.95986
-4.9505
-4.95582
-4.97287
-4.9996
-5.02913
-5.05618
-5.07833
-5.09227
-5.09571
-5.09087
-5.08074
-5.06493
-5.04662
-5.02488
-5.00296
-4.98247
-4.96426
-4.94958
-4.9391
-4.93226
-4.92978
-4.93305
-4.94014
-4.94514
-4.94727
-4.94522
-4.93978
-4.9304
-4.92127
-4.91316
-4.908
-4.90674
-4.9125
-4.92615
-4.94706
-4.97421
-5.00239
-5.0322
-5.05871
-5.08023
-5.09596
-5.10647
-5.11189
-5.11403
-5.1137
-5.11307
-5.11319
-5.11547
-5.11915
-5.12336
-5.12763
-5.12943
-5.12793
-5.124
-5.11853
-5.11184
-5.1056
-5.0964
-5.08577
-5.07346
-5.06248
-5.05359
-5.04637
-5.03944
-5.03388
-5.02719
-5.02245
-5.01843
-5.01616
-5.01151
-5.0058
-4.99758
-4.98817
-4.97938
-4.9736
-4.9684
-4.96497
-4.96228
-4.95848
-4.95585
-4.95769
-4.96415
-4.97366
-4.98474
-4.99389
-5.00386
-5.01435
-5.02324
-5.03419
-5.04562
-5.05445
-5.06166
-5.06516
-5.06358
-5.05716
-5.04412
-5.0257
-5.0016
-4.97442
-4.9473
-4.9254
-4.90697
-4.89513
-4.88911
-4.88948
-4.89887
-4.91649
-4.94179
-4.97074
-4.99806
-5.0213
-5.03558
-5.04334
-5.04551
-5.04444
-5.04186
-5.03618
-5.0292
-5.01989
-5.00725
-4.99575
-4.99013
-4.99418
-5.00539
-5.01883
-5.03114
-5.0418
-5.05006
-5.05533
-5.05783
-5.0569
-5.05557
-5.05338
-5.05206
-5.05259
-5.05394
-5.0549
-5.05551
-5.05467
-5.05449
-5.05172
-5.04858
-5.04553
-5.04097
-5.03328
-5.02428
-5.01352
-5.0035
-4.99532
-4.98708
-4.97967
-4.96998
-4.9596
-4.9494
-4.94066
-4.93404
-4.93
-4.93092
-4.93411
-4.93985
-4.94819
-4.95565
-4.96502
-4.97479
-4.98512
-4.99706
-5.01217
-5.02985
-5.04866
-5.06977
-5.08609
-5.09948
-5.10852
-5.11551
-5.11907
-5.1188
-5.11439
-5.10472
-5.08997
-5.0718
-5.05019
-5.0262
-5.00348
-4.98415
-4.96977
-4.95895
-4.95324
-4.94774
-4.94206
-4.93289
-4.92152
-4.90996
-4.89978
-4.8929
-4.8897
-4.88856
-4.88887
-4.89206
-4.89511
-4.89929
-4.90435
-4.91009
-4.91662
-4.9247
-4.93478
-4.94468
-4.95452
-4.96382
-4.97412
-4.98547
-4.99838
-5.01197
-5.02653
-5.04151
-5.05698
-5.06836
-5.07607
-5.08059
-5.08083
-5.07892
-5.08032
-5.08694
-5.09967
-5.11578
-5.1319
-5.14288
-5.14602
-5.13897
-5.12288
-5.09906
-5.06803
-5.03504
-5.00466
-4.98194
-4.96927
-4.96827
-4.97686
-4.98727
-4.99617
-5.00083
-4.99994
-4.99623
-4.99211
-4.9872
-4.98489
-4.98468
-4.98375
-4.98193
-4.97752
-4.97006
-4.96292
-4.95668
-4.95168
-4.95303
-4.95837
-4.96962
-4.98446
-4.99811
-5.00687
-5.01049
-5.00786
-5.00226
-4.99409
-4.98873
-4.98425
-4.98096
-4.97839
-4.97581
-4.97434
-4.97277
-4.96968
-4.96455
-4.9573
-4.9471
-4.93748
-4.92873
-4.92536
-4.9262
-4.93222
-4.94105
-4.94719
-4.95013
-4.94824
-4.94194
-4.93442
-4.92748
-4.92362
-4.92398
-4.92949
-4.9365
-4.94318
-4.94804
-4.94935
-4.94744
-4.94637
-4.94903
-4.9565
-4.97037
-4.9889
-5.00972
-5.0275
-5.04236
-5.0529
-5.05953
-5.06389
-5.06881
-5.07317
-5.07657
-5.07959
-5.08235
-5.08332
-5.08355
-5.08138
-5.07628
-5.06916
-5.0613
-5.05399
-5.0479
-5.04192
-5.03835
-5.03393
-5.03042
-5.02813
-5.02694
-5.02797
-5.0312
-5.03849
-5.046
-5.05513
-5.06515
-5.07482
-5.08468
-5.09693
-5.11092
-5.1285
-5.14756
-5.16369
-5.17412
-5.17568
-5.16643
-5.14484
-5.11086
-5.06876
-5.0225
-4.9834
-4.95563
-4.94802
-4.95837
-4.98648
-5.0241
-5.06432
-5.10224
-5.13401
-5.15644
-5.16855
-5.17193
-5.16682
-5.1522
-5.12594
-5.08962
-5.04917
-5.00674
-4.96646
-4.93447
-4.91313
-4.90741
-4.91478
-4.93256
-4.95606
-4.97958
-5.00244
-5.02295
-5.04347
-5.06222
-5.07811
-5.08871
-5.09334
-5.09229
-5.08496
-5.07591
-5.0644
-5.05141
-5.03303
-5.01069
-4.98221
-4.94774
-4.91382
-4.88419
-4.86432
-4.85511
-4.85307
-4.85577
-4.86115
-4.86877
-4.8791
-4.88919
-4.90161
-4.9163
-4.92834
-4.93855
-4.94819
-4.95905
-4.9705
-4.98539
-5.00167
-5.0211
-5.04064
-5.05802
-5.07033
-5.07568
-5.07414
-5.06775
-5.06072
-5.05862
-5.06039
-5.06246
-5.06056
-5.05187
-5.03415
-5.00901
-4.97995
-4.9502
-4.92636
-4.91376
-4.91533
-4.92825
-4.94531
-4.96186
-4.97068
-4.97061
-4.95945
-4.9414
-4.91997
-4.89928
-4.88523
-4.88011
-4.88663
-4.90303
-4.92632
-4.95745
-4.99283
-5.03145
-5.07469
-5.11338
-5.14737
-5.17211
-5.18768
-5.19033
-5.1823
-5.16211
-5.13775
-5.11427
-5.09624
-5.081
-5.06478
-5.04551
-5.02156
-4.9973
-4.97806
-4.96589
-4.96467
-4.97222
-4.98669
-5.00678
-5.03193
-5.05963
-5.08954
-5.11746
-5.14119
-5.16032
-5.17327
-5.17944
-5.17766
-5.17077
-5.16036
-5.14806
-5.13734
-5.12881
-5.12413
-5.1207
-5.11531
-5.10961
-5.10087
-5.09088
-5.08034
-5.07198
-5.06696
-5.06778
-5.07233
-5.0778
-5.08381
-5.08815
-5.08928
-5.09095
-5.09335
-5.09678
-5.10126
-5.10446
-5.1054
-5.09972
-5.08958
-5.07615
-5.06273
-5.05127
-5.04479
-5.04651
-5.05673
-5.07381
-5.09582
-5.11648
-5.1354
-5.15097
-5.1613
-5.16553
-5.16527
-5.16209
-5.15846
-5.15449
-5.15148
-5.15019
-5.14732
-5.14145
-5.13109
-5.11431
-5.09588
-5.07588
-5.0584
-5.04085
-5.02652
-5.01603
-5.00679
-5.00099
-4.99672
-4.99613
-4.99475
-4.99867
-5.00548
-5.01903
-5.03248
-5.04462
-5.05261
-5.05259
-5.0466
-5.03676
-5.02749
-5.02276
-5.02117
-5.018
-5.01386
-5.01004
-5.01139
-5.02036
-5.03966
-5.06585
-5.09435
-5.12074
-5.14296
-5.15503
-5.15634
-5.14541
-5.12082
-5.08593
-5.04553
-5.00502
-4.96745
-4.93984
-4.92012
-4.90992
-4.90949
-4.91669
-4.92953
-4.94773
-4.97128
-4.99941
-5.02791
-5.05517
-5.07735
-5.09426
-5.10557
-5.10985
-5.10805
-5.10207
-5.09031
-5.0761
-5.0606
-5.04535
-5.03162
-5.02082
-5.01376
-5.01134
-5.01209
-5.01562
-5.01791
-5.01811
-5.01507
-5.0146
-5.01791
-5.02608
-5.03478
-5.0414
-5.04252
-5.03745
-5.02593
-5.00822
-4.98352
-4.95197
-4.91128
-4.86682
-4.82661
-4.80023
-4.79181
-4.80251
-4.83177
-4.87528
-4.92503
-4.9751
-5.02254
-5.06246
-5.09389
-5.11656
-5.13038
-5.13185
-5.12174
-5.10235
-5.07485
-5.04149
-5.00958
-4.98206
-4.9618
-4.95203
-4.95289
-4.96454
-4.98456
-5.00783
-5.03427
-5.0598
-5.08501
-5.10714
-5.12681
-5.14334
-5.15347
-5.15692
-5.15239
-5.13978
-5.11793
-5.09011
-5.05687
-5.0232
-4.99842
-4.98536
-4.98346
-4.98955
-4.99825
-5.00434
-5.00592
-5.00615
-5.00171
-4.99448
-4.98404
-4.97101
-4.95971
-4.95232
-4.95208
-4.96408
-4.98635
-5.0179
-5.05418
-5.09187
-5.12491
-5.15078
-5.16643
-5.17143
-5.16538
-5.14939
-5.12609
-5.0999
-5.07378
-5.05279
-5.03831
-5.03066
-5.02658
-5.02435
-5.02274
-5.0186
-5.01301
-5.00554
-4.99278
-4.97944
-4.96316
-4.9482
-4.93317
-4.91975
-4.91003
-4.89944
-4.88762
-4.87449
-4.86125
-4.85423
-4.85627
-4.86812
-4.89197
-4.92159
-4.95191
-4.97908
-4.99987
-5.01396
-5.02225
-5.02532
-5.02487
-5.01873
-5.00684
-4.99079
-4.97283
-4.95479
-4.94004
-4.92808
-4.92302
-4.92332
-4.93046
-4.94635
-4.9709
-5.00353
-5.04022
-5.07991
-5.11624
-5.1466
-5.16639
-5.17389
-5.16962
-5.15389
-5.12724
-5.08913
-5.04441
-4.99499
-4.94994
-4.91461
-4.8947
-4.89015
-4.8967
-4.90638
-4.91449
-4.91578
-4.9103
-4.89945
-4.88547
-4.87494
-4.87176
-4.87549
-4.88699
-4.89728
-4.90429
-4.9051
-4.90431
-4.8998
-4.89569
-4.89127
-4.89124
-4.89642
-4.90644
-4.92259
-4.94506
-4.97133
-5.00004
-5.02959
-5.05798
-5.08324
-5.10524
-5.12296
-5.13615
-5.14186
-5.13957
-5.132
-5.11946
-5.10259
-5.08527
-5.06798
-5.05076
-5.03454
-5.01997
-5.01141
-5.0108
-5.01556
-5.02292
-5.0298
-5.03446
-5.03578
-5.03398
-5.02825
-5.02008
-5.00808
-4.98988
-4.9653
-4.93564
-4.90235
-4.8721
-4.84829
-4.83579
-4.83537
-4.8449
-4.8628
-4.88952
-4.9239
-4.96373
-5.0045
-5.04275
-5.07445
-5.09895
-5.11512
-5.12588
-5.13267
-5.13719
-5.14017
-5.1412
-5.13702
-5.12962
-5.12004
-5.1071
-5.08986
-5.06936
-5.04236
-5.01397
-4.98465
-4.95558
-4.92986
-4.90899
-4.89556
-4.89096
-4.89483
-4.90671
-4.92349
-4.9435
-4.96217
-4.97878
-4.9905
-4.99659
-4.99871
-4.99794
-4.99604
-4.99405
-4.99308
-4.99331
-4.99501
-5.00061
-5.01051
-5.02374
-5.04135
-5.06177
-5.0823
-5.09934
-5.1106
-5.11694
-5.12044
-5.12167
-5.12125
-5.11942
-5.11288
-5.09942
-5.07748
-5.04443
-5.00454
-4.96027
-4.91659
-4.87881
-4.85336
-4.84458
-4.85209
-4.87379
-4.90673
-4.94472
-4.98369
-5.01961
-5.05132
-5.07541
-5.0951
-5.11089
-5.12367
-5.1374
-5.15035
-5.16142
-5.16624
-5.16674
-5.16221
-5.15352
-5.14401
-5.13355
-5.12321
-5.11167
-5.0977
-5.08255
-5.06613
-5.04967
-5.03327
-5.02112
-5.01102
-5.00612
-5.00518
-5.01076
-5.02016
-5.03484
-5.05133
-5.06618
-5.07775
-5.08688
-5.09316
-5.09992
-5.1034
-5.10725
-5.10948
-5.11147
-5.11197
-5.10975
-5.10487
-5.09871
-5.09118
-5.08415
-5.08002
-5.07954
-5.08227
-5.08557
-5.08942
-5.09097
-5.09342
-5.0974
-5.10087
-5.10482
-5.10994
-5.11274
-5.11504
-5.11333
-5.10858
-5.09782
-5.08
-5.0571
-5.02967
-5.00125
-4.9802
-4.96786
-4.96643
-4.97408
-4.98759
-5.00547
-5.02342
-5.0396
-5.05311
-5.06153
-5.06757
-5.06843
-5.06612
-5.06007
-5.05187
-5.0417
-5.03304
-5.02631
-5.0233
-5.02308
-5.02503
-5.02615
-5.02124
-5.01022
-4.99742
-4.98496
-4.97467
-4.96906
-4.96722
-4.96881
-4.97149
-4.97432
-4.97704
-4.98319
-4.99192
-5.00582
-5.02232
-5.03773
-5.05103
-5.06038
-5.06581
-5.06845
-5.06922
-5.06695
-5.06361
-5.05857
-5.0546
-5.05053
-5.04559
-5.04023
-5.03504
-5.02963
-5.02658
-5.02695
-5.0313
-5.03817
-5.04576
-5.05359
-5.05734
-5.05966
-5.0566
-5.04913
-5.03565
-5.01982
-5.00096
-4.98422
-4.97088
-4.96684
-4.97133
-4.98494
-5.00243
-5.0201
-5.03456
-5.04313
-5.04361
-5.04037
-5.03545
-5.0335
-5.0355
-5.04331
-5.05612
-5.07114
-5.08538
-5.09456
-5.09857
-5.09893
-5.09363
-5.08594
-5.07633
-5.06687
-5.05892
-5.05215
-5.04742
-5.04677
-5.05043
-5.0582
-5.06697
-5.07734
-5.08674
-5.09241
-5.09392
-5.08847
-5.07543
-5.05601
-5.03141
-5.00317
-4.97608
-4.9537
-4.94041
-4.9367
-4.94254
-4.95764
-4.97982
-5.0039
-5.02488
-5.04165
-5.05002
-5.05323
-5.05031
-5.04376
-5.03668
-5.03266
-5.03043
-5.03241
-5.03951
-5.04977
-5.06325
-5.07569
-5.08529
-5.09092
-5.09343
-5.09346
-5.0913
-5.08777
-5.08293
-5.07875
-5.0719
-5.0636
-5.05418
-5.04437
-5.03386
-5.02489
-5.01578
-5.00945
-5.00271
-4.99672
-4.99392
-4.99264
-4.99525
-5.00088
-5.0107
-5.01944
-5.02536
-5.02604
-5.02271
-5.01635
-5.01113
-5.00871
-5.0102
-5.01746
-5.02681
-5.03708
-5.04651
-5.05497
-5.05602
-5.05222
-5.04112
-5.0229
-4.99757
-4.97067
-4.94211
-4.92347
-4.91468
-4.92144
-4.93885
-4.95847
-4.97153
-4.97569
-4.97239
-4.96959
-4.9706
-4.97727
-4.98978
-5.00348
-5.01479
-5.02249
-5.02773
-5.0302
-5.03072
-5.03072
-5.03002
-5.02935
-5.02807
-5.02697
-5.02618
-5.02758
-5.03007
-5.0319
-5.03311
-5.03421
-5.03172
-5.0272
-5.02246
-5.01525
-5.00908
-5.00439
-5.00325
-5.00423
-5.00523
-5.00275
-4.99637
-4.98517
-4.9682
-4.95182
-4.9394
-4.93267
-4.93327
-4.93799
-4.94285
-4.946
-4.94707
-4.94684
-4.95057
-4.96107
-4.97788
-4.99989
-5.02234
-5.04089
-5.05177
-5.05351
-5.0477
-5.03917
-5.03286
-5.02984
-5.03375
-5.03948
-5.0453
-5.04989
-5.05376
-5.057
-5.06143
-5.06586
-5.06966
-5.06998
-5.06951
-5.06826
-5.06591
-5.06527
-5.06576
-5.06625
-5.06449
-5.06171
-5.05522
-5.04637
-5.03471
-5.02435
-5.01655
-5.01384
-5.01611
-5.02572
-5.03818
-5.04923
-5.05795
-5.06051
-5.05815
-5.04944
-5.03927
-5.02996
-5.02376
-5.02049
-5.02135
-5.02538
-5.03237
-5.03988
-5.04615
-5.048
-5.04283
-5.03176
-5.01375
-4.99039
-4.96937
-4.95913
-4.9705
-5.00284
-5.04444
-5.08354
-5.11376
-5.13315
-5.14045
-5.13643
-5.12351
-5.10559
-5.08397
-5.06326
-5.045
-5.02962
-5.01975
-5.01181
-5.00754
-5.00244
-4.99736
-4.9907
-4.98317
-4.97655
-4.97119
-4.96655
-4.96377
-4.9598
-4.95402
-4.94644
-4.93776
-4.92946
-4.92231
-4.91816
-4.91941
-4.92861
-4.94312
-4.95892
-4.96945
-4.97045
-4.96179
-4.9465
-4.93084
-4.91779
-4.91204
-4.91178
-4.91551
-4.92134
-4.92644
-4.93035
-4.93267
-4.93471
-4.93609
-4.93762
-4.9399
-4.94339
-4.95
-4.95804
-4.96712
-4.97579
-4.98269
-4.98693
-4.98751
-4.9838
-4.97776
-4.96891
-4.95595
-4.94257
-4.92891
-4.91823
-4.91282
-4.91207
-4.9197
-4.92862
-4.93656
-4.9368
-4.92749
-4.90662
-4.87969
-4.85189
-4.82838
-4.81155
-4.80405
-4.80669
-4.81708
-4.8316
-4.84932
-4.86742
-4.8859
-4.90501
-4.92243
-4.93831
-4.95338
-4.96771
-4.98051
-4.99141
-5.00044
-5.00742
-5.01155
-5.01264
-5.00929
-5.00273
-4.99178
-4.9796
-4.97105
-4.96823
-4.97464
-4.98593
-5.00248
-5.01893
-5.03198
-5.0398
-5.04097
-5.03717
-5.0323
-5.03071
-5.03149
-5.03407
-5.03836
-5.0409
-5.04307
-5.04681
-5.05288
-5.06148
-5.0732
-5.08507
-5.09784
-5.10675
-5.1131
-5.11459
-5.11238
-5.10577
-5.09631
-5.08236
-5.06605
-5.04903
-5.03666
-5.03142
-5.03564
-5.04871
-5.06748
-5.08813
-5.10466
-5.11484
-5.12068
-5.1218
-5.11958
-5.11837
-5.11749
-5.11662
-5.11657
-5.11279
-5.10428
-5.09334
-5.07933
-5.06303
-5.04481
-5.02929
-5.01517
-5.00343
-4.99402
-4.98449
-4.97484
-4.96589
-4.95654
-4.94784
-4.94095
-4.93357
-4.92893
-4.92624
-4.92677
-4.92994
-4.93918
-4.95152
-4.9686
-4.98956
-5.01427
-5.04465
-5.07276
-5.09778
-5.11631
-5.1273
-5.13024
-5.1255
-5.11706
-5.10742
-5.10033
-5.09313
-5.08799
-5.08545
-5.08233
-5.07972
-5.07691
-5.074
-5.06937
-5.06064
-5.04746
-5.03189
-5.01746
-5.00665
-5.00321
-5.00821
-5.02044
-5.03649
-5.05534
-5.07345
-5.09072
-5.10797
-5.12568
-5.14275
-5.15767
-5.16945
-5.17691
-5.17889
-5.17454
-5.16648
-5.15634
-5.1475
-5.14308
-5.14384
-5.15007
-5.15622
-5.15983
-5.15895
-5.15163
-5.14006
-5.12323
-5.10547
-5.08992
-5.07413
-5.05944
-5.04723
-5.03981
-5.03623
-5.03935
-5.04704
-5.05846
-5.07237
-5.08544
-5.09469
-5.09979
-5.10151
-5.09826
-5.09178
-5.08112
-5.06552
-5.04418
-5.01814
-4.9921
-4.96909
-4.95227
-4.94112
-4.93419
-4.92962
-4.93019
-4.93576
-4.94989
-4.96591
-4.98498
-5.00284
-5.01729
-5.03172
-5.04394
-5.05681
-5.06951
-5.08002
-5.08864
-5.09414
-5.09468
-5.08878
-5.07811
-5.06394
-5.0478
-5.03259
-5.02104
-5.0137
-5.01005
-5.00811
-5.00648
-5.00462
-5.00363
-5.00322
-5.00475
-5.00791
-5.01361
-5.01761
-5.02112
-5.02066
-5.01846
-5.01585
-5.01204
-5.00605
-5.00106
-4.99494
-4.99311
-4.99836
-5.0119
-5.03137
-5.05464
-5.07515
-5.09022
-5.09764
-5.09648
-5.0863
-5.06968
-5.04772
-5.02588
-5.00849
-5.00015
-5.00257
-5.01013
-5.02031
-5.03158
-5.03788
-5.04207
-5.04165
-5.0363
-5.0312
-5.02853
-5.0301
-5.03888
-5.0537
-5.0703
-5.08739
-5.10377
-5.11944
-5.13733
-5.15521
-5.17044
-5.17863
-5.17905
-5.16954
-5.14964
-5.12332
-5.09432
-5.06497
-5.03929
-5.01597
-4.99879
-4.98781
-4.98225
-4.98229
-4.98559
-4.99063
-4.9963
-5.00068
-5.00299
-5.0065
-5.00937
-5.01207
-5.01234
-5.01333
-5.01306
-5.01266
-5.01571
-5.02057
-5.0281
-5.03746
-5.04951
-5.06302
-5.0805
-5.10167
-5.12369
-5.14442
-5.16218
-5.17363
-5.17512
-5.16389
-5.1434
-5.11386
-5.07922
-5.04276
-5.01153
-4.99058
-4.98222
-4.98761
-5.0047
-5.0292
-5.05526
-5.08081
-5.10236
-5.11788
-5.1258
-5.12665
-5.12206
-5.11313
-5.10188
-5.08868
-5.07946
-5.07424
-5.07411
-5.0754
-5.07752
-5.07335
-5.06344
-5.04717
-5.02746
-5.00736
-4.99196
-4.98431
-4.98684
-5.00099
-5.02545
-5.05838
-5.09621
-5.13286
-5.16368
-5.1844
-5.19532
-5.19525
-5.18597
-5.16988
-5.14998
-5.12916
-5.10748
-5.08641
-5.06732
-5.05066
-5.03874
-5.0301
-5.02715
-5.03192
-5.04055
-5.05486
-5.07225
-5.08913
-5.10351
-5.11353
-5.1205
-5.12583
-5.13339
-5.14098
-5.14838
-5.15121
-5.15029
-5.14602
-5.13641
-5.12147
-5.09984
-5.07466
-5.04624
-5.01655
-4.98871
-4.96583
-4.94843
-4.93627
-4.92978
-4.92722
-4.92722
-4.92848
-4.92928
-4.92835
-4.92497
-4.92091
-4.9179
-4.91856
-4.92091
-4.9258
-4.93136
-4.9378
-4.94387
-4.94805
-4.95466
-4.96361
-4.97414
-4.99065
-5.01115
-5.03232
-5.05208
-5.0688
-5.08093
-5.08749
-5.0898
-5.08674
-5.07834
-5.06756
-5.05584
-5.04
-5.02242
-5.006
-4.99005
-4.97543
-4.96116
-4.94953
-4.93886
-4.93116
-4.92669
-4.9248
-4.92735
-4.93369
-4.9434
-4.95391
-4.9627
-4.96896
-4.96852
-4.96231
-4.94723
-4.92611
-4.90146
-4.87487
-4.8489
-4.82583
-4.80806
-4.8008
-4.80859
-4.83196
-4.86548
-4.90488
-4.94518
-4.98166
-5.01452
-5.04187
-5.06526
-5.08262
-5.09432
-5.10099
-5.1053
-5.10551
-5.10247
-5.09818
-5.09301
-5.08638
-5.08018
-5.07484
-5.06876
-5.06169
-5.05314
-5.04447
-5.03609
-5.03134
-5.02928
-5.0309
-5.03415
-5.0369
-5.04131
-5.04727
-5.05355
-5.06247
-5.07241
-5.08088
-5.08664
-5.08503
-5.08039
-5.07053
-5.05773
-5.04384
-5.02859
-5.01271
-4.99463
-4.97697
-4.95843
-4.94211
-4.93094
-4.92746
-4.93309
-4.9449
-4.96042
-4.97573
-4.98951
-4.99635
-4.99939
-4.99871
-4.9943
-4.98794
-4.97985
-4.97265
-4.96709
-4.96567
-4.96898
-4.9753
-4.98485
-4.99661
-5.00831
-5.02256
-5.03664
-5.05147
-5.06616
-5.08002
-5.09054
-5.09572
-5.09698
-5.09383
-5.08793
-5.07835
-5.06398
-5.04746
-5.02805
-5.0087
-4.98894
-4.97211
-4.96197
-4.95976
-4.96668
-4.97902
-4.99414
-5.00712
-5.01691
-5.02473
-5.03549
-5.05136
-5.07285
-5.09641
-5.11765
-5.13561
-5.1497
-5.16034
-5.16734
-5.1689
-5.16458
-5.15514
-5.1413
-5.12568
-5.11173
-5.10021
-5.09086
-5.08265
-5.07135
-5.0541
-5.03117
-5.00262
-4.97313
-4.94481
-4.91835
-4.89723
-4.88504
-4.88275
-4.88884
-4.90241
-4.91989
-4.93919
-4.95498
-4.96621
-4.9719
-4.97194
-4.96774
-4.96085
-4.95407
-4.95025
-4.94843
-4.9495
-4.95648
-4.96802
-4.98557
-5.01206
-5.04271
-5.07745
-5.10983
-5.13399
-5.1505
-5.1574
-5.15291
-5.1392
-5.11729
-5.08853
-5.05497
-5.01809
-4.98118
-4.94732
-4.91867
-4.89628
-4.88497
-4.88581
-4.89822
-4.92168
-4.95084
-4.97854
-5.00388
-5.02378
-5.03715
-5.043
-5.04452
-5.04035
-5.02968
-5.01513
-4.99847
-4.98175
-4.96789
-4.96124
-4.96244
-4.97069
-4.98569
-5.00396
-5.02202
-5.03984
-5.05297
-5.06306
-5.0709
-5.08047
-5.08912
-5.10048
-5.11012
-5.11945
-5.12853
-5.13482
-5.14034
-5.14425
-5.14875
-5.15275
-5.15232
-5.1455
-5.13564
-5.12082
-5.10297
-5.08221
-5.06197
-5.04271
-5.02595
-5.01432
-5.00931
-5.01391
-5.02775
-5.04941
-5.07713
-5.10673
-5.13462
-5.15922
-5.17622
-5.18512
-5.18747
-5.18158
-5.16835
-5.15143
-5.13107
-5.11268
-5.0995
-5.09016
-5.08493
-5.08217
-5.08097
-5.08099
-5.08332
-5.08577
-5.08835
-5.08847
-5.08632
-5.08013
-5.07237
-5.06392
-5.05408
-5.04347
-5.03293
-5.02198
-5.00947
-4.99617
-4.98274
-4.97306
-4.97259
-4.98718
-5.01383
-5.04454
-5.07115
-5.0872
-5.09412
-5.09669
-5.09973
-5.10691
-5.12121
-5.1394
-5.16106
-5.18179
-5.19723
-5.20631
-5.20619
-5.1986
-5.18155
-5.159
-5.13383
-5.10879
-5.0865
-5.06774
-5.05178
-5.03989
-5.03104
-5.02563
-5.02679
-5.03143
-5.03997
-5.0499
-5.06013
-5.07007
-5.07871
-5.0884
-5.09945
-5.11257
-5.12734
-5.14304
-5.16106
-5.17717
-5.19357
-5.20393
-5.20977
-5.20976
-5.20259
-5.18911
-5.17071
-5.1474
-5.1244
-5.10305
-5.08727
-5.07721
-5.07421
-5.07416
-5.075
-5.07348
-5.06657
-5.05393
-5.03772
-5.01954
-5.00197
-4.98713
-4.9794
-4.98016
-4.98649
-4.99318
-4.99673
-5.0009
-5.00507
-5.0122
-5.02102
-5.03106
-5.04186
-5.04954
-5.05617
-5.06228
-5.0664
-5.06853
-5.06657
-5.0576
-5.04077
-5.01739
-4.99016
-4.96635
-4.94904
-4.93988
-4.94134
-4.94957
-4.96344
-4.98029
-4.99921
-5.01431
-5.02254
-5.0228
-5.01473
-5.00112
-4.98472
-4.97022
-4.96198
-4.96021
-4.9657
-4.97617
-4.98935
-5.0031
-5.01548
-5.02559
-5.0348
-5.04497
-5.05941
-5.07667
-5.09453
-5.11001
-5.11832
-5.11866
-5.11199
-5.09936
-5.08593
-5.07809
-5.07918
-5.08862
-5.10127
-5.11131
-5.117
-5.11423
-5.10167
-5.08041
-5.05206
-5.01919
-4.98633
-4.95991
-4.94205
-4.93631
-4.94435
-4.96201
-4.98891
-5.02179
-5.0559
-5.08885
-5.11879
-5.14197
-5.15949
-5.16704
-5.16579
-5.15537
-5.13846
-5.11164
-5.07821
-5.04273
-5.00941
-4.98141
-4.96337
-4.96012
-4.96831
-4.98223
-4.9974
-5.012
-5.02663
-5.04084
-5.05599
-5.06924
-5.08007
-5.08898
-5.09787
-5.10526
-5.1115
-5.11162
-5.10678
-5.09586
-5.08167
-5.06622
-5.05149
-5.03639
-5.01926
-4.99837
-4.97358
-4.94584
-4.91765
-4.89246
-4.87483
-4.87024
-4.88015
-4.90125
-4.93082
-4.96097
-4.98747
-5.00643
-5.01874
-5.02441
-5.02595
-5.02537
-5.0235
-5.01876
-5.01091
-4.99891
-4.98445
-4.96915
-4.95607
-4.94652
-4.94603
-4.95751
-4.98346
-5.02233
-5.07027
-5.12056
-5.16473
-5.20094
-5.2247
-5.23788
-5.24217
-5.23678
-5.22378
-5.20648
-5.18202
-5.15446
-5.12332
-5.091
-5.05977
-5.03099
-5.00975
-4.9962
-4.99273
-4.99849
-5.01228
-5.02797
-5.0455
-5.06341
-5.0819
-5.09806
-5.1109
-5.11885
-5.12059
-5.11514
-5.10576
-5.09598
-5.08695
-5.08187
-5.08168
-5.08689
-5.09504
-5.10432
-5.11537
-5.12651
-5.14102
-5.15784
-5.17453
-5.1893
-5.20015
-5.20271
-5.19817
-5.19044
-5.18325
-5.1809
-5.18533
-5.19607
-5.21057
-5.22691
-5.23896
-5.24451
-5.24343
-5.23435
-5.22031
-5.20149
-5.18426
-5.16955
-5.16067
-5.15656
-5.1573
-5.15984
-5.16141
-5.15888
-5.15178
-5.14202
-5.13061
-5.12008
-5.11249
-5.11014
-5.11265
-5.11887
-5.12365
-5.12759
-5.12973
-5.12818
-5.12664
-5.12609
-5.1277
-5.1287
-5.13005
-5.12767
-5.12084
-5.10813
-5.08921
-5.0669
-5.04941
-5.04303
-5.05157
-5.06866
-5.08504
-5.0989
-5.10382
-5.09956
-5.08665
-5.06706
-5.0426
-5.01541
-4.98907
-4.96617
-4.95283
-4.94991
-4.95671
-4.97176
-4.99082
-5.0119
-5.03257
-5.05104
-5.06728
-5.07935
-5.08508
-5.08429
-5.07801
-5.06878
-5.05682
-5.04606
-5.0344
-5.02248
-5.01128
-5.00171
-4.99477
-4.9893
-4.98785
-4.98736
-4.98759
-4.98626
-4.98147
-4.97376
-4.96444
-4.95811
-4.95869
-4.97055
-4.9917
-5.01757
-5.04087
-5.05864
-5.06723
-5.06767
-5.05786
-5.04186
-5.01898
-4.99419
-4.971
-4.95153
-4.93967
-4.93747
-4.94333
-4.95971
-4.98288
-5.0101
-5.03596
-5.05785
-5.07314
-5.08085
-5.08044
-5.07252
-5.06081
-5.04293
-5.01904
-4.9908
-4.95863
-4.92815
-4.91008
-4.91456
-4.9427
-4.98577
-5.02471
-5.05281
-5.06505
-5.06438
-5.05278
-5.03383
-5.01095
-4.99035
-4.97532
-4.96656
-4.96293
-4.96154
-4.96179
-4.96329
-4.96235
-4.96027
-4.95643
-4.9537
-4.95093
-4.95175
-4.95871
-4.97032
-4.98701
-5.00695
-5.02473
-5.03889
-5.04779
-5.05309
-5.05348
-5.05391
-5.05247
-5.0512
-5.04974
-5.04572
-5.03812
-5.0306
-5.02058
-5.01205
-5.00505
-5.00049
-4.99911
-5.00326
-5.01121
-5.02112
-5.02872
-5.03059
-5.02547
-5.01657
-5.00421
-4.99459
-4.98721
-4.98221
-4.97924
-4.97483
-4.97001
-4.96404
-4.9578
-4.95071
-4.94517
-4.94069
-4.93973
-4.94165
-4.94839
-4.95741
-4.96849
-4.97937
-4.98961
-4.99546
-4.99714
-4.99521
-4.98894
-4.98068
-4.97198
-4.96398
-4.95694
-4.95198
-4.94703
-4.9434
-4.94067
-4.94158
-4.94811
-4.96191
-4.98149
-5.00408
-5.02727
-5.05174
-5.07471
-5.0963
-5.11713
-5.1354
-5.15429
-5.16994
-5.18479
-5.19442
-5.20061
-5.20098
-5.19474
-5.1836
-5.17012
-5.15452
-5.14133
-5.13057
-5.12475
-5.12294
-5.12308
-5.12505
-5.12937
-5.13308
-5.13381
-5.13077
-5.12404
-5.11457
-5.10343
-5.09285
-5.08164
-5.07151
-5.06364
-5.05743
-5.05485
-5.05552
-5.05861
-5.06298
-5.06886
-5.0758
-5.08418
-5.09487
-5.10526
-5.11474
-5.12159
-5.12737
-5.1293
-5.13244
-5.13954
-5.15118
-5.16892
-5.18987
-5.20875
-5.22179
-5.22485
-5.21862
-5.2073
-5.19091
-5.17328
-5.15983
-5.14845
-5.14081
-5.13432
-5.12502
-5.11534
-5.10684
-5.10043
-5.09974
-5.10781
-5.12378
-5.14464
-5.16825
-5.19068
-5.20801
-5.21976
-5.223
-5.21706
-5.20403
-5.18589
-5.16682
-5.14611
-5.12788
-5.11399
-5.10464
-5.09866
-5.09521
-5.09413
-5.09581
-5.09776
-5.0972
-5.0939
-5.08746
-5.07662
-5.06431
-5.05185
-5.03949
-5.02654
-5.01365
-5.00073
-4.98545
-4.97179
-4.95911
-4.94836
-4.94061
-4.93531
-4.93187
-4.92827
-4.92665
-4.92334
-4.92302
-4.9271
-4.93669
-4.9516
-4.97175
-4.99432
-5.01997
-5.04791
-5.07362
-5.09454
-5.10549
-5.11055
-5.11317
-5.11922
-5.13317
-5.15548
-5.18341
-5.21237
-5.239
-5.26158
-5.27737
-5.28535
-5.28754
-5.28127
-5.26826
-5.24893
-5.22544
-5.20067
-5.1772
-5.15778
-5.14485
-5.13581
-5.12943
-5.12549
-5.12429
-5.12243
-5.12117
-5.1197
-5.11942
-5.12721
-5.1453
-5.17185
-5.20282
-5.23363
-5.25713
-5.27033
-5.27273
-5.26158
-5.23938
-5.21092
-5.1737
-5.13438
-5.09517
-5.05787
-5.02435
-4.99883
-4.98058
-4.97011
-4.96881
-4.97638
-4.98834
-5.00573
-5.02705
-5.04773
-5.06692
-5.08459
-5.09615
-5.10208
-5.10312
-5.09966
-5.0944
-5.0872
-5.08231
-5.07927
-5.0796
-5.08634
-5.09684
-5.11135
-5.12649
-5.14025
-5.1488
-5.15191
-5.14828
-5.1389
-5.12538
-5.11037
-5.09587
-5.083
-5.07319
-5.06733
-5.0643
-5.06152
-5.06032
-5.0595
-5.06
-5.06545
-5.07859
-5.09793
-5.12071
-5.13977
-5.15147
-5.1542
-5.1497
-5.13983
-5.13169
-5.12519
-5.12891
-5.13869
-5.15316
-5.16773
-5.1775
-5.17802
-5.16772
-5.1443
-5.10696
-5.05915
-5.00703
-4.95622
-4.91503
-4.89276
-4.89221
-4.91314
-4.94972
-4.99372
-5.03635
-5.07139
-5.09634
-5.11093
-5.11571
-5.11219
-5.1017
-5.08445
-5.06343
-5.03972
-5.01568
-4.99043
-4.96859
-4.95224
-4.9449
-4.94792
-4.96171
-4.98365
-5.00762
-5.03023
-5.05101
-5.07004
-5.08557
-5.09925
-5.10774
-5.11003
-5.10541
-5.09526
-5.07949
-5.06231
-5.04767
-5.034
-5.02485
-5.0204
-5.02083
-5.02741
-5.03978
-5.05799
-5.08042
-5.10327
-5.12245
-5.1346
-5.1355
-5.12509
-5.10581
-5.08068
-5.05267
-5.02935
-5.01684
-5.01503
-5.02652
-5.05016
-5.08412
-5.12202
-5.15901
-5.19163
-5.2149
-5.22814
-5.23028
-5.21972
-5.1993
-5.17067
-5.13431
-5.09371
-5.0564
-5.02546
-5.00645
-4.99721
-4.99909
-5.0091
-5.02404
-5.0392
-5.05324
-5.06373
-5.06833
-5.06716
-5.06304
-5.0542
-5.04266
-5.02953
-5.01456
-4.99602
-4.97605
-4.9543
-4.93579
-4.92617
-4.92694
-4.93761
-4.95301
-4.97172
-4.98905
-5.00589
-5.02071
-5.0344
-5.0438
-5.04851
-5.05048
-5.04702
-5.03971
-5.03141
-5.02283
-5.01532
-5.01249
-5.01357
-5.01827
-5.02442
-5.03279
-5.04143
-5.04917
-5.05489
-5.05963
-5.06088
-5.05628
-5.04802
-5.03882
-5.03379
-5.03523
-5.04339
-5.05417
-5.06213
-5.06841
-5.07271
-5.07436
-5.07336
-5.07069
-5.06696
-5.06295
-5.05682
-5.04865
-5.0395
-5.02756
-5.01282
-4.99553
-4.97657
-4.95879
-4.94419
-4.93424
-4.93065
-4.93418
-4.9464
-4.96767
-4.99369
-5.02222
-5.04826
-5.06804
-5.07787
-5.07832
-5.07096
-5.05847
-5.04239
-5.02459
-5.00779
-4.99389
-4.98527
-4.98017
-4.97886
-4.98165
-4.98605
-4.99272
-5.00109
-5.00978
-5.01656
-5.02052
-5.02252
-5.0216
-5.02409
-5.03146
-5.04477
-5.06476
-5.09022
-5.11938
-5.15003
-5.18014
-5.20831
-5.22886
-5.24153
-5.2438
-5.23504
-5.21698
-5.19253
-5.16531
-5.14102
-5.12053
-5.10583
-5.09598
-5.08812
-5.0816
-5.07644
-5.07394
-5.0749
-5.08146
-5.09021
-5.09943
-5.10759
-5.11546
-5.12233
-5.13316
-5.14658
-5.1605
-5.1741
-5.18359
-5.18837
-5.18756
-5.18092
-5.16994
-5.15916
-5.14919
-5.14178
-5.13724
-5.13373
-5.12685
-5.11589
-5.09614
-5.06857
-5.03266
-4.99242
-4.95259
-4.91855
-4.89332
-4.88116
-4.88036
-4.89181
-4.91064
-4.93228
-4.95451
-4.97516
-4.98921
-4.99746
-4.99856
-4.99539
-4.99143
-4.99119
-4.99411
-5.00245
-5.01424
-5.0294
-5.04478
-5.06028
-5.07545
-5.08998
-5.10797
-5.12552
-5.14393
-5.16048
-5.17503
-5.18583
-5.19244
-5.19394
-5.1897
-5.17953
-5.16253
-5.13973
-5.11128
-5.07679
-5.04164
-5.01328
-4.99911
-5.0009
-5.01733
-5.04105
-5.06292
-5.08377
-5.09833
-5.10853
-5.11458
-5.11766
-5.12249
-5.13197
-5.15048
-5.16938
-5.18528
-5.19467
-5.1928
-5.18106
-5.16268
-5.13847
-5.11539
-5.09222
-5.07383
-5.05768
-5.04514
-5.03567
-5.02564
-5.016
-5.00738
-4.99867
-4.99077
-4.98315
-4.97552
-4.96971
-4.96579
-4.96499
-4.96949
-4.97883
-4.9944
-5.01257
-5.03214
-5.05025
-5.06589
-5.08073
-5.09224
-5.09672
-5.09433
-5.08645
-5.07415
-5.06237
-5.05237
-5.04648
-5.0428
-5.04314
-5.04625
-5.05172
-5.05687
-5.06323
-5.0692
-5.07141
-5.07304
-5.07021
-5.0653
-5.05628
-5.04644
-5.03794
-5.03286
-5.03362
-5.04286
-5.05603
-5.06899
-5.07878
-5.08324
-5.0804
-5.07087
-5.05258
-5.03255
-5.01201
-4.99509
-4.98608
-4.98681
-4.99827
-5.01615
-5.0354
-5.05494
-5.0701
-5.07943
-5.08208
-5.07874
-5.06766
-5.04763
-5.0197
-4.98478
-4.94649
-4.9119
-4.88806
-4.87974
-4.88797
-4.90804
-4.93703
-4.9686
-4.99925
-5.02753
-5.0523
-5.07268
-5.08558
-5.09022
-5.08599
-5.07257
-5.05042
-5.02692
-5.00867
-4.99598
-4.99055
-4.99188
-4.99874
-5.00586
-5.01153
-5.0117
-5.00582
-4.9935
-4.97692
-4.96027
-4.94895
-4.94421
-4.94708
-4.9546
-4.96183
-4.96612
-4.96373
-4.95407
-4.93795
-4.91622
-4.89221
-4.86946
-4.85148
-4.84212
-4.84297
-4.85245
-4.86675
-4.88476
-4.90421
-4.92753
-4.95399
-4.98515
-5.01942
-5.05566
-5.09065
-5.1242
-5.15202
-5.17501
-5.19196
-5.2032
-5.20956
-5.21246
-5.21216
-5.21084
-5.20618
-5.19545
-5.17954
-5.15791
-5.13197
-5.10672
-5.08463
-5.07125
-5.07061
-5.07778
-5.09181
-5.10712
-5.12044
-5.12945
-5.13192
-5.12487
-5.11296
-5.09545
-5.07616
-5.05965
-5.0476
-5.039
-5.03731
-5.03926
-5.04406
-5.04901
-5.0522
-5.04961
-5.04149
-5.03088
-5.01946
-5.00993
-5.00458
-5.00276
-5.00257
-5.00436
-5.00503
-5.00247
-4.99745
-4.99099
-4.98406
-4.97873
-4.97512
-4.97373
-4.97569
-4.97832
-4.97932
-4.98151
-4.98473
-4.98861
-4.99692
-5.00663
-5.01612
-5.02395
-5.02708
-5.02551
-5.02055
-5.01384
-5.00751
-5.00526
-5.00863
-5.01964
-5.03349
-5.04759
-5.05908
-5.06554
-5.06829
-5.06638
-5.06194
-5.05573
-5.05321
-5.05424
-5.05741
-5.0629
-5.07038
-5.07877
-5.08867
-5.09878
-5.10633
-5.10801
-5.10207
-5.08822
-5.06672
-5.03869
-5.00912
-4.98011
-4.95733
-4.94339
-4.94367
-4.95434
-4.97325
-4.99961
-5.02735
-5.05177
-5.07426
-5.09079
-5.10189
-5.10566
-5.10506
-5.10301
-5.09913
-5.0994
-5.10057
-5.10289
-5.10515
-5.10694
-5.10544
-5.10163
-5.0942
-5.08183
-5.06613
-5.04702
-5.02699
-5.00329
-4.97799
-4.95437
-4.93325
-4.91851
-4.9135
-4.91507
-4.92237
-4.93184
-4.94265
-4.95451
-4.96982
-4.98893
-5.01061
-5.03227
-5.05223
-5.07144
-5.08848
-5.1021
-5.11101
-5.11391
-5.11258
-5.10691
-5.10177
-5.09575
-5.09005
-5.085
-5.08154
-5.07993
-5.08304
-5.08794
-5.09615
-5.10547
-5.11378
-5.11786
-5.11658
-5.10915
-5.09332
-5.07372
-5.05425
-5.03829
-5.03012
-5.0279
-5.03235
-5.03937
-5.04725
-5.05537
-5.06565
-5.07873
-5.09424
-5.11182
-5.12952
-5.14638
-5.15933
-5.16937
-5.17615
-5.17787
-5.1773
-5.17335
-5.16558
-5.15584
-5.1446
-5.1322
-5.11935
-5.11202
-5.11209
-5.11679
-5.12246
-5.12668
-5.12497
-5.11455
-5.09893
-5.07813
-5.05702
-5.03883
-5.02817
-5.02582
-5.03031
-5.03932
-5.04965
-5.06012
-5.06846
-5.07531
-5.08179
-5.0881
-5.09644
-5.10478
-5.11265
-5.11757
-5.11594
-5.10664
-5.08859
-5.06199
-5.03088
-4.99883
-4.96828
-4.94096
-4.91824
-4.8993
-4.88652
-4.87957
-4.87788
-4.88032
-4.8888
-4.90026
-4.91607
-4.93669
-4.963
-4.99293
-5.02579
-5.05826
-5.0856
-5.10575
-5.11418
-5.11417
-5.10617
-5.09673
-5.0911
-5.09133
-5.09487
-5.09757
-5.09618
-5.08819
-5.07556
-5.06038
-5.04888
-5.04013
-5.03954
-5.04264
-5.05206
-5.06525
-5.08011
-5.09515
-5.11093
-5.12644
-5.14138
-5.15083
-5.15586
-5.15575
-5.15088
-5.14095
-5.12875
-5.1162
-5.1078
-5.10269
-5.10309
-5.1065
-5.11035
-5.11654
-5.12188
-5.12794
-5.13409
-5.13941
-5.14474
-5.14741
-5.14865
-5.14845
-5.14386
-5.13705
-5.12845
-5.11861
-5.11143
-5.10696
-5.10634
-5.10827
-5.11282
-5.1187
-5.12182
-5.12226
-5.11561
-5.10326
-5.09026
-5.07967
-5.07569
-5.08056
-5.09235
-5.10559
-5.11776
-5.12365
-5.12175
-5.11143
-5.09706
-5.08184
-5.06779
-5.0595
-5.05619
-5.06079
-5.07272
-5.08881
-5.10608
-5.12018
-5.12848
-5.12879
-5.12051
-5.10649
-5.08466
-5.05817
-5.02757
-4.99563
-4.96711
-4.94545
-4.93319
-4.92965
-4.93927
-4.95863
-4.98604
-5.01837
-5.04961
-5.07611
-5.09501
-5.10402
-5.10327
-5.09374
-5.0783
-5.05815
-5.04026
-5.02831
-5.0272
-5.03808
-5.05765
-5.08058
-5.10195
-5.11527
-5.12069
-5.1146
-5.09494
-5.06509
-5.02472
-4.98121
-4.93899
-4.9049
-4.88459
-4.87933
-4.88862
-4.90979
-4.94055
-4.97436
-5.00677
-5.03599
-5.05894
-5.0764
-5.08885
-5.09669
-5.10341
-5.10693
-5.10915
-5.11231
-5.11711
-5.12284
-5.13021
-5.1374
-5.14389
-5.14587
-5.14134
-5.13171
-5.11445
-5.09317
-5.06975
-5.04935
-5.03367
-5.02154
-5.01371
-5.00787
-5.00173
-4.99234
-4.98381
-4.97786
-4.97647
-4.97975
-4.98436
-4.98687
-4.98554
-4.97909
-4.96777
-4.95112
-4.93107
-4.91249
-4.89648
-4.89051
-4.89429
-4.90801
-4.92495
-4.9414
-4.95525
-4.96716
-4.97818
-4.99154
-5.00906
-5.03248
-5.06043
-5.08545
-5.10969
-5.12724
-5.13424
-5.13195
-5.12012
-5.10091
-5.07619
-5.05108
-5.02687
-5.00662
-4.99378
-4.98746
-4.98784
-4.9919
-4.99811
-5.00471
-5.00809
-5.0084
-5.00258
-4.99352
-4.98107
-4.96985
-4.96919
-4.97693
-4.99687
-5.02365
-5.05313
-5.07893
-5.0985
-5.10984
-5.11244
-5.10372
-5.0857
-5.06106
-5.03458
-5.00795
-4.98397
-4.9643
-4.94938
-4.93981
-4.93629
-4.93933
-4.94998
-4.9643
-4.98407
-5.00446
-5.02622
-5.04567
-5.06494
-5.08088
-5.09428
-5.10276
-5.10529
-5.10117
-5.09244
-5.07827
-5.05944
-5.03616
-5.01447
-4.99685
-4.98819
-4.98704
-4.99574
-5.01408
-5.0402
-5.07013
-5.10041
-5.12734
-5.14902
-5.16464
-5.17525
-5.18062
-5.17958
-5.17566
-5.16831
-5.15452
-5.13894
-5.11977
-5.0982
-5.0781
-5.05986
-5.04598
-5.03878
-5.03868
-5.04709
-5.06204
-5.08145
-5.1022
-5.12111
-5.13536
-5.14528
-5.15343
-5.15719
-5.15725
-5.15363
-5.14706
-5.13988
-5.13312
-5.12813
-5.12338
-5.11638
-5.10657
-5.09505
-5.08066
-5.06493
-5.05567
-5.05246
-5.05761
-5.0702
-5.08874
-5.11156
-5.13308
-5.1492
-5.15733
-5.15465
-5.14099
-5.11772
-5.09006
-5.06211
-5.04064
-5.02638
-5.019
-5.01321
-5.01092
-5.01056
-5.01039
-5.01549
-5.02192
-5.03024
-5.03823
-5.04653
-5.05219
-5.05354
-5.05039
-5.04366
-5.03114
-5.01387
-4.99047
-4.96507
-4.93541
-4.90194
-4.86913
-4.83877
-4.81606
-4.80159
-4.79976
-4.80776
-4.82152
-4.83903
-4.85681
-4.87546
-4.89679
-4.91768
-4.9374
-4.95272
-4.96147
-4.96133
-4.95677
-4.9506
-4.9517
-4.96181
-4.97918
-4.996
-5.00805
-5.00985
-5.00306
-4.98572
-4.96627
-4.94839
-4.94134
-4.94618
-4.96266
-4.9839
-5.00548
-5.02104
-5.02957
-5.03187
-5.03095
-5.02627
-5.02256
-5.01795
-5.01228
-5.00432
-4.99673
-4.98765
-4.9792
-4.97532
-4.97412
-4.97583
-4.97917
-4.98349
-4.98706
-4.9924
-4.99907
-5.01055
-5.02816
-5.04876
-5.06714
-5.07959
-5.08013
-5.06794
-5.04148
-5.00476
-4.95875
-4.91463
-4.87631
-4.85104
-4.83783
-4.83446
-4.83756
-4.84967
-4.86823
-4.89197
-4.92394
-4.96089
-4.99973
-5.0364
-5.0681
-5.09363
-5.10929
-5.11757
-5.11676
-5.10923
-5.09536
-5.07519
-5.05171
-5.02581
-4.99727
-4.96952
-4.94211
-4.91659
-4.89629
-4.8834
-4.87875
-4.88055
-4.88759
-4.89158
-4.8908
-4.88364
-4.87264
-4.86092
-4.84912
-4.84095
-4.83629
-4.83613
-4.83931
-4.84252
-4.84718
-4.85159
-4.85757
-4.86577
-4.87978
-4.90074
-4.92873
-4.9623
-4.99791
-5.03396
-5.06581
-5.09028
-5.10365
-5.10253
-5.08946
-5.06606
-5.03846
-5.01338
-4.99624
-4.98946
-4.99358
-5.00011
-5.01214
-5.02648
-5.03968
-5.04955
-5.05722
-5.06352
-5.06877
-5.07141
-5.07288
-5.07183
-5.06757
-5.06239
-5.05614
-5.05232
-5.0493
-5.04904
-5.04803
-5.04938
-5.04955
-5.0498
-5.04775
-5.04372
-5.03825
-5.03344
-5.02611
-5.017
-5.00841
-5.00254
-4.99899
-4.99797
-4.99862
-4.99751
-4.99519
-4.99286
-4.9877
-4.9838
-4.98469
-4.98956
-5.00066
-5.0189
-5.04163
-5.06614
-5.08597
-5.09805
-5.0981
-5.08465
-5.06059
-5.02667
-4.98964
-4.95578
-4.93075
-4.9164
-4.9106
-4.91042
-4.91744
-4.92773
-4.94124
-4.95521
-4.96582
-4.96909
-4.96196
-4.94264
-4.91516
-4.88451
-4.85392
-4.83171
-4.82224
-4.82605
-4.84109
-4.86338
-4.88985
-4.9179
-4.94521
-4.97158
-4.99594
-5.01693
-5.03241
-5.04122
-5.04528
-5.04535
-5.04615
-5.05115
-5.05792
-5.06709
-5.07856
-5.09048
-5.0988
-5.10391
-5.10389
-5.09677
-5.08473
-5.06663
-5.04531
-5.02084
-4.99691
-4.97209
-4.95154
-4.93635
-4.92769
-4.92843
-4.93827
-4.95201
-4.96829
-4.98398
-4.99932
-5.01351
-5.02517
-5.03515
-5.04369
-5.04836
-5.05164
-5.0547
-5.05938
-5.06366
-5.06637
-5.06456
-5.05734
-5.04266
-5.02354
-5.00218
-4.98499
-4.97936
-4.98577
-5.0019
-5.02276
-5.04209
-5.0585
-5.07097
-5.07631
-5.07605
-5.06955
-5.05766
-5.0426
-5.0262
-5.00881
-4.99217
-4.97605
-4.96157
-4.94805
-4.93703
-4.93152
-4.93279
-4.94281
-4.95967
-4.98153
-5.00449
-5.02704
-5.04597
-5.06015
-5.07033
-5.07539
-5.07436
-5.06933
-5.06127
-5.05062
-5.04064
-5.03336
-5.03362
-5.03853
-5.05047
-5.06448
-5.07707
-5.08526
-5.09277
-5.1007
-5.1129
-5.12704
-5.13994
-5.14965
-5.15267
-5.15053
-5.14785
-5.14554
-5.14458
-5.14246
-5.13942
-5.13243
-5.12306
-5.1108
-5.09509
-5.07927
-5.06345
-5.0485
-5.03681
-5.02815
-5.02186
-5.01651
-5.01252
-5.00797
-5.00466
-5.00265
-5.00267
-5.00334
-5.00289
-5.00151
-4.99929
-4.99521
-4.98981
-4.98165
-4.971
-4.96172
-4.9561
-4.95673
-4.9637
-4.97763
-4.99402
-5.01026
-5.0233
-5.03297
-5.0369
-5.04006
-5.04049
-5.03972
-5.03889
-5.03917
-5.04144
-5.04497
-5.04839
-5.05146
-5.05351
-5.05577
-5.05658
-5.05514
-5.05282
-5.04908
-5.04416
-5.04027
-5.03782
-5.03616
-5.03894
-5.04264
-5.04711
-5.05062
-5.05195
-5.05111
-5.05143
-5.05127
-5.05258
-5.05581
-5.05999
-5.0681
-5.07712
-5.08426
-5.08778
-5.08336
-5.06978
-5.04656
-5.02098
-4.99847
-4.98167
-4.97326
-4.97086
-4.96972
-4.96959
-4.97023
-4.97045
-4.96882
-4.96744
-4.96493
-4.96524
-4.97056
-4.97792
-4.98822
-4.99751
-5.00403
-5.00783
-5.00432
-4.99485
-4.98072
-4.96305
-4.94493
-4.92698
-4.91426
-4.90596
-4.90378
-4.90488
-4.90627
-4.90806
-4.91023
-4.91516
-4.92624
-4.94225
-4.9621
-4.98174
-4.99654
-5.00321
-5.00091
-4.99226
-4.97899
-4.96883
-4.96408
-4.96679
-4.97507
-4.98668
-4.99803
-5.00898
-5.01882
-5.02703
-5.03476
-5.04113
-5.04547
-5.04626
-5.04342
-5.03622
-5.02889
-5.02237
-5.01749
-5.01414
-5.0109
-5.0067
-5.00273
-5.004
-5.00962
-5.02144
-5.02968
-5.0345
-5.03368
-5.02756
-5.02063
-5.01845
-5.02601
-5.03989
-5.05888
-5.07766
-5.09771
-5.11651
-5.13167
-5.13957
-5.14144
-5.13528
-5.12086
-5.10229
-5.08061
-5.0578
-5.03293
-5.00601
-4.97913
-4.95282
-4.93049
-4.91154
-4.8981
-4.89126
-4.89075
-4.89733
-4.91212
-4.9309
-4.95096
-4.96856
-4.97958
-4.98174
-4.97597
-4.96617
-4.95756
-4.96007
-4.97591
-5.00139
-5.02465
-5.03945
-5.04712
-5.05075
-5.05261
-5.05605
-5.06124
-5.06919
-5.07977
-5.09032
-5.09906
-5.10619
-5.10842
-5.10061
-5.08271
-5.05366
-5.01557
-4.97168
-4.93097
-4.90145
-4.89181
-4.90401
-4.93365
-4.9711
-5.00614
-5.03237
-5.04653
-5.0457
-5.03275
-5.00963
-4.97987
-4.94803
-4.91824
-4.89254
-4.87669
-4.87507
-4.89045
-4.91943
-4.96013
-5.00759
-5.05846
-5.10809
-5.15308
-5.19017
-5.21346
-5.22166
-5.21783
-5.20417
-5.18323
-5.15892
-5.13679
-5.11515
-5.09705
-5.08205
-5.06957
-5.05389
-5.03668
-5.01769
-5.00008
-4.98843
-4.98059
-4.97353
-4.9628
-4.94791
-4.92985
-4.90866
-4.88895
-4.87342
-4.86573
-4.86725
-4.87748
-4.89589
-4.9199
-4.94628
-4.97488
-5.00311
-5.02732
-5.04609
-5.05844
-5.06353
-5.06425
-5.05955
-5.05415
-5.04757
-5.0425
-5.03847
-5.03406
-5.02897
-5.02286
-5.0128
-5.00236
-4.99296
-4.98904
-4.99006
-4.99794
-5.01083
-5.02316
-5.03223
-5.03989
-5.04561
-5.04868
-5.05061
-5.05033
-5.05565
-5.0678
-5.08463
-5.1071
-5.1315
-5.1525
-5.16872
-5.17738
-5.17961
-5.17824
-5.17205
-5.1623
-5.14877
-5.13094
-5.11113
-5.08655
-5.06119
-5.03549
-5.0114
-4.98867
-4.96778
-4.95005
-4.93806
-4.93148
-4.93047
-4.93507
-4.94025
-4.94309
-4.94147
-4.93638
-4.92776
-4.91909
-4.91043
-4.90738
-4.9082
-4.91183
-4.91628
-4.92042
-4.92306
-4.92448
-4.92568
-4.92594
-4.92653
-4.92923
-4.93124
-4.93491
-4.93761
-4.94006
-4.94444
-4.95066
-4.96022
-4.97375
-4.98921
-5.00665
-5.02561
-5.04397
-5.05877
-5.06889
-5.06838
-5.05822
-5.03702
-5.0083
-4.9851
-4.97829
-4.98964
-5.0129
-5.03662
-5.05831
-5.07374
-5.08188
-5.08158
-5.07326
-5.05873
-5.04278
-5.02698
-5.01032
-4.98692
-4.95522
-4.91809
-4.8807
-4.8529
-4.84074
-4.84772
-4.87292
-4.90921
-4.95413
-5.00421
-5.05535
-5.10216
-5.14172
-5.17196
-5.1914
-5.19869
-5.19728
-5.18767
-5.17319
-5.15702
-5.13872
-5.1227
-5.10853
-5.09695
-5.08893
-5.08386
-5.08324
-5.0877
-5.09527
-5.10454
-5.11353
-5.12088
-5.12727
-5.13053
-5.13046
-5.1278
-5.11945
-5.10557
-5.086
-5.05973
-5.03151
-5.00083
-4.97265
-4.94872
-4.9275
-4.90932
-4.89543
-4.88528
-4.88303
-4.89029
-4.90622
-4.93082
-4.95872
-4.98874
-5.01992
-5.05003
-5.079
-5.10812
-5.13698
-5.16526
-5.18866
-5.20716
-5.21605
-5.21314
-5.19921
-5.17108
-5.13406
-5.0931
-5.06124
-5.0438
-5.03656
-5.03131
-5.02147
-5.00668
-4.98643
-4.9626
-4.94084
-4.92179
-4.90865
-4.90126
-4.90035
-4.90468
-4.9118
-4.92184
-4.93057
-4.93813
-4.94476
-4.95131
-4.95658
-4.96194
-4.96824
-4.97386
-4.98051
-4.98671
-4.99241
-4.99588
-4.9964
-4.99127
-4.98248
-4.97014
-4.95821
-4.95176
-4.95081
-4.95466
-4.96235
-4.97113
-4.97994
-4.98963
-4.99825
-5.00647
-5.01438
-5.02293
-5.03081
-5.03753
-5.04085
-5.04105
-5.03392
-5.01848
-4.99362
-4.95771
-4.91322
-4.86453
-4.8193
-4.79252
-4.79351
-4.81728
-4.84835
-4.877
-4.90025
-4.91968
-4.93631
-4.95182
-4.96412
-4.97322
-4.97734
-4.97919
-4.97893
-4.98134
-4.98683
-4.99559
-5.00523
-5.01183
-5.01587
-5.01802
-5.02222
-5.02839
-5.03693
-5.04578
-5.05389
-5.0581
-5.05997
-5.05835
-5.05095
-5.04227
-5.03268
-5.02595
-5.02156
-5.02119
-5.02349
-5.02764
-5.03198
-5.03913
-5.04564
-5.05284
-5.06052
-5.06765
-5.07671
-5.08602
-5.09658
-5.10461
-5.10922
-5.11037
-5.10924
-5.10638
-5.10557
-5.10732
-5.11161
-5.12023
-5.13178
-5.14438
-5.15881
-5.17179
-5.18409
-5.19217
-5.19848
-5.20159
-5.20051
-5.19345
-5.17969
-5.1599
-5.13866
-5.11943
-5.10675
-5.10013
-5.09994
-5.10114
-5.10376
-5.1042
-5.1037
-5.10328
-5.10218
-5.09994
-5.09851
-5.09738
-5.09318
-5.0886
-5.08189
-5.0757
-5.07051
-5.06835
-5.06667
-5.06531
-5.06227
-5.05718
-5.04858
-5.03392
-5.0162
-4.99846
-4.98148
-4.96988
-4.96672
-4.97183
-4.98518
-5.00685
-5.0343
-5.06283
-5.08882
-5.11004
-5.12635
-5.13622
-5.13845
-5.13275
-5.11899
-5.09964
-5.07907
-5.05906
-5.04641
-5.04097
-5.04193
-5.04786
-5.05527
-5.06317
-5.06748
-5.06533
-5.05579
-5.04022
-5.02086
-5.00005
-4.98505
-4.98059
-4.98388
-4.99252
-5.00067
-5.0066
-5.00599
-4.9999
-4.99114
-4.98342
-4.98261
-4.98838
-5.00176
-5.02016
-5.04138
-5.06
-5.07372
-5.0791
-5.07554
-5.06553
-5.05338
-5.04616
-5.04956
-5.06537
-5.08747
-5.10889
-5.123
-5.12949
-5.12835
-5.12569
-5.12473
-5.12645
-5.13213
-5.13952
-5.14543
-5.14671
-5.14178
-5.1288
-5.10862
-5.08284
-5.05364
-5.0239
-4.99753
-4.97499
-4.95624
-4.94047
-4.92799
-4.92001
-4.91435
-4.91228
-4.91378
-4.92101
-4.93496
-4.95271
-4.97292
-4.99542
-5.01507
-5.03182
-5.04568
-5.0567
-5.06563
-5.077
-5.08693
-5.09654
-5.10502
-5.11326
-5.12106
-5.13197
-5.14405
-5.15641
-5.16379
-5.16643
-5.16211
-5.15432
-5.14699
-5.14182
-5.13634
-5.13175
-5.12415
-5.11175
-5.09385
-5.07229
-5.04788
-5.02458
-5.00171
-4.9848
-4.97452
-4.96925
-4.97079
-4.97928
-4.99162
-5.00551
-5.02251
-5.03943
-5.05466
-5.06752
-5.07755
-5.08485
-5.09175
-5.09517
-5.09465
-5.08807
-5.07623
-5.05809
-5.03731
-5.01632
-4.99927
-4.98701
-4.97717
-4.97031
-4.96444
-4.95994
-4.95662
-4.9562
-4.95883
-4.96526
-4.97721
-4.99319
-5.01372
-5.03582
-5.0584
-5.08055
-5.09986
-5.11516
-5.1253
-5.13255
-5.13775
-5.13995
-5.13967
-5.13947
-5.13867
-5.13868
-5.13963
-5.14304
-5.14914
-5.15828
-5.17064
-5.18392
-5.19622
-5.20445
-5.2061
-5.20046
-5.18722
-5.16615
-5.13909
-5.1101
-5.07941
-5.05421
-5.03825
-5.02783
-5.02308
-5.0216
-5.0211
-5.02326
-5.03227
-5.0493
-5.07577
-5.10591
-5.13487
-5.15724
-5.17178
-5.1768
-5.17499
-5.17029
-5.16196
-5.15043
-5.13788
-5.12378
-5.10696
-5.09005
-5.06938
-5.05035
-5.03341
-5.0195
-5.00957
-5.00557
-5.00533
-5.01137
-5.02126
-5.03539
-5.05287
-5.07105
-5.08923
-5.10096
-5.10786
-5.10817
-5.10289
-5.09452
-5.08503
-5.07624
-5.07022
-5.06861
-5.0716
-5.07773
-5.08099
-5.08122
-5.07532
-5.0666
-5.05369
-5.04354
-5.03258
-5.02425
-5.01804
-5.0142
-5.01354
-5.0141
-5.01673
-5.02328
-5.03201
-5.04545
-5.06109
-5.07723
-5.09155
-5.1006
-5.10416
-5.10137
-5.09608
-5.09051
-5.08753
-5.08693
-5.08996
-5.0955
-5.10178
-5.10845
-5.11371
-5.11726
-5.11847
-5.11342
-5.10367
-5.08998
-5.0759
-5.06037
-5.04652
-5.0376
-5.02973
-5.02554
-5.02388
-5.02515
-5.02895
-5.03461
-5.04275
-5.05117
-5.05909
-5.06572
-5.06817
-5.06864
-5.06383
-5.0548
-5.04396
-5.03587
-5.03412
-5.04274
-5.05858
-5.07916
-5.09702
-5.10746
-5.10648
-5.09351
-5.06987
-5.03782
-5.00234
-4.96785
-4.94219
-4.92699
-4.92291
-4.92901
-4.94446
-4.96556
-4.99015
-5.01676
-5.04319
-5.06375
-5.07926
-5.08586
-5.08587
-5.0806
-5.07679
-5.07935
-5.08955
-5.10447
-5.11503
-5.11817
-5.1092
-5.08829
-5.05654
-5.01956
-4.98253
-4.95399
-4.93777
-4.93515
-4.94379
-4.96198
-4.98292
-5.00452
-5.02375
-5.04059
-5.05577
-5.06827
-5.07904
-5.08575
-5.08748
-5.08438
-5.07596
-5.06458
-5.04911
-5.03031
-5.00909
-4.98687
-4.96541
-4.94884
-4.93831
-4.93559
-4.93932
-4.94979
-4.96315
-4.97868
-4.9924
-5.00366
-5.01231
-5.01821
-5.02219
-5.02688
-5.0308
-5.03544
-5.03939
-5.04158
-5.04368
-5.04732
-5.05141
-5.05853
-5.06835
-5.08132
-5.0948
-5.10813
-5.1224
-5.13277
-5.13745
-5.13675
-5.12697
-5.10889
-5.08302
-5.0507
-5.01773
-4.98979
-4.97015
-4.96041
-4.9622
-4.9725
-4.98913
-5.00969
-5.03218
-5.05437
-5.07126
-5.08096
-5.08307
-5.07981
-5.07326
-5.06563
-5.06146
-5.058
-5.06004
-5.0671
-5.07546
-5.08318
-5.08812
-5.09144
-5.09281
-5.09296
-5.09105
-5.08578
-5.07794
-5.06809
-5.05831
-5.04788
-5.03675
-5.02321
-5.00538
-4.98531
-4.96676
-4.957
-4.95889
-4.96775
-4.97876
-4.98886
-4.99336
-4.98957
-4.98187
-4.97024
-4.95669
-4.94318
-4.93218
-4.92546
-4.92005
-4.91592
-4.91077
-4.9042
-4.8969
-4.88898
-4.88139
-4.87489
-4.86903
-4.86577
-4.86809
-4.87672
-4.89345
-4.91537
-4.94241
-4.96961
-4.9964
-5.02243
-5.04716
-5.07221
-5.09673
-5.12025
-5.14203
-5.16035
-5.17245
-5.17646
-5.17361
-5.16459
-5.15163
-5.13762
-5.12302
-5.10973
-5.0985
-5.08861
-5.07748
-5.0628
-5.04241
-5.01658
-4.9846
-4.95212
-4.92364
-4.90449
-4.89903
-4.90763
-4.92768
-4.95163
-4.97501
-4.99516
-5.01087
-5.02347
-5.03211
-5.03973
-5.04517
-5.05161
-5.05705
-5.0604
-5.06317
-5.065
-5.06553
-5.0677
-5.07112
-5.07738
-5.0863
-5.09695
-5.10499
-5.10968
-5.10992
-5.10596
-5.10155
-5.0994
-5.10174
-5.10762
-5.11448
-5.12151
-5.12608
-5.12747
-5.12556
-5.11951
-5.11251
-5.10595
-5.09917
-5.0938
-5.08971
-5.08548
-5.08151
-5.07546
-5.07155
-5.07119
-5.07663
-5.0867
-5.09863
-5.1106
-5.11959
-5.12375
-5.12543
-5.12655
-5.12497
-5.12255
-5.12112
-5.11872
-5.11767
-5.11541
-5.11405
-5.10984
-5.10036
-5.0875
-5.07326
-5.0592
-5.04563
-5.03679
-5.03234
-5.0349
-5.04141
-5.05167
-5.06281
-5.07534
-5.08475
-5.08978
-5.0907
-5.08457
-5.07342
-5.05758
-5.03803
-5.01899
-5.00443
-4.99646
-4.99898
-5.0115
-5.03186
-5.05173
-5.06826
-5.07813
-5.07975
-5.07237
-5.05979
-5.04369
-5.02423
-5.00456
-4.98476
-4.96789
-4.95529
-4.94507
-4.93716
-4.93062
-4.92324
-4.9153
-4.9043
-4.89428
-4.88588
-4.88281
-4.88987
-4.90759
-4.93631
-4.9739
-5.01615
-5.05886
-5.10019
-5.1371
-5.16903
-5.19449
-5.21164
-5.22234
-5.22558
-5.22548
-5.22084
-5.21353
-5.20335
-5.19069
-5.17532
-5.15548
-5.13305
-5.10963
-5.08777
-5.06912
-5.05562
-5.04805
-5.04423
-5.04333
-5.04373
-5.04117
-5.03844
-5.03593
-5.03287
-5.0311
-5.03085
-5.0311
-5.03143
-5.03055
-5.02791
-5.02389
-5.01677
-5.00493
-4.98979
-4.97259
-4.95675
-4.94927
-4.9486
-4.95819
-4.97551
-4.99639
-5.01907
-5.03846
-5.05447
-5.06442
-5.07016
-5.07283
-5.07543
-5.07801
-5.08318
-5.09197
-5.09901
-5.1066
-5.11098
-5.11282
-5.1134
-5.11032
-5.10476
-5.09518
-5.08492
-5.0724
-5.05928
-5.04442
-5.02783
-5.01092
-4.99516
-4.98549
-4.98272
-4.98728
-4.99823
-5.01336
-5.03175
-5.05071
-5.06871
-5.08735
-5.10523
-5.12227
-5.13778
-5.15066
-5.16048
-5.16573
-5.16705
-5.16145
-5.14715
-5.12679
-5.10558
-5.08806
-5.08117
-5.08618
-5.09803
-5.11166
-5.12271
-5.12645
-5.1205
-5.10443
-5.08194
-5.05507
-5.02759
-5.00429
-4.98865
-4.98085
-4.98184
-4.98756
-4.99674
-5.00622
-5.01545
-5.02497
-5.03571
-5.0507
-5.0675
-5.08151
-5.08683
-5.08095
-5.06174
-5.02741
-4.98162
-4.92962
-4.8767
-4.83168
-4.80247
-4.79521
-4.81091
-4.84511
-4.89046
-4.93982
-4.98795
-5.02823
-5.06331
-5.09333
-5.12403
-5.15512
-5.18652
-5.21096
-5.22603
-5.2293
-5.22348
-5.20926
-5.18865
-5.16563
-5.1404
-5.11817
-5.09891
-5.08484
-5.07623
-5.07243
-5.07463
-5.08347
-5.09993
-5.122
-5.14699
-5.17151
-5.189
-5.19661
-5.19057
-5.17265
-5.14448
-5.1078
-5.07091
-5.03544
-5.00633
-4.98547
-4.97298
-4.96469
-4.96013
-4.96056
-4.96742
-4.97876
-4.99438
-5.01399
-5.03599
-5.05794
-5.07821
-5.09336
-5.10349
-5.10895
-5.10852
-5.1038
-5.09645
-5.08999
-5.08431
-5.08125
-5.07978
-5.07964
-5.08387
-5.09214
-5.10285
-5.11527
-5.12398
-5.12928
-5.12971
-5.12682
-5.12289
-5.11771
-5.11235
-5.10759
-5.10117
-5.0905
-5.07501
-5.05291
-5.02507
-5.00022
-4.98679
-4.98878
-5.00216
-5.01788
-5.02937
-5.03472
-5.03608
-5.03412
-5.03206
-5.02966
-5.03164
-5.03792
-5.05146
-5.07375
-5.10234
-5.13532
-5.166
-5.18968
-5.20551
-5.21018
-5.20549
-5.19106
-5.16887
-5.13938
-5.10427
-5.06646
-5.02515
-4.98475
-4.94794
-4.91802
-4.89955
-4.89484
-4.90498
-4.92697
-4.95661
-4.98737
-5.01337
-5.03169
-5.04126
-5.0421
-5.03704
-5.03072
-5.02796
-5.02888
-5.03609
-5.04768
-5.06512
-5.08604
-5.10865
-5.12827
-5.14576
-5.15907
-5.16676
-5.16993
-5.16769
-5.161
-5.15077
-5.13563
-5.11689
-5.09383
-5.06715
-5.04038
-5.01445
-4.99476
-4.98337
-4.98362
-4.99574
-5.01971
-5.0473
-5.07594
-5.1022
-5.12325
-5.13847
-5.14594
-5.14798
-5.14345
-5.13559
-5.12488
-5.11551
-5.10897
-5.10471
-5.10173
-5.09948
-5.09356
-5.08368
-5.0709
-5.05773
-5.0478
-5.04419
-5.04764
-5.05496
-5.06474
-5.07638
-5.09072
-5.10691
-5.12471
-5.14172
-5.1553
-5.16313
-5.16251
-5.15247
-5.1332
-5.10956
-5.08702
-5.07317
-5.07109
-5.07922
-5.09305
-5.10932
-5.12325
-5.13293
-5.13889
-5.14134
-5.14166
-5.14043
-5.1388
-5.13506
-5.13098
-5.12385
-5.11585
-5.10684
-5.09555
-5.08397
-5.07089
-5.0551
-5.03948
-5.02429
-5.01331
-5.00711
-5.00419
-5.00382
-5.00453
-5.00572
-5.00282
-4.99995
-4.99592
-4.99348
-4.99445
-5.0003
-5.01139
-5.02611
-5.04187
-5.0554
-5.0647
-5.06797
-5.06853
-5.06539
-5.06073
-5.05823
-5.05793
-5.05986
-5.06556
-5.07213
-5.08018
-5.08693
-5.09402
-5.10085
-5.10757
-5.11336
-5.11722
-5.11649
-5.11181
-5.10325
-5.08984
-5.0742
-5.05806
-5.04204
-5.0271
