-4.71475
-4.71475
-4.71475
-4.71475
-4.71384
-4.71173
-4.70931
-4.70493
-4.70236
-4.69994
-4.69843
-4.69587
-4.69602
-4.69541
-4.69541
-4.69435
-4.6948
-4.6954
-4.6957
-4.69631
-4.69616
-4.69706
-4.69843
-4.69737
-4.69828
-4.69888
-4.69858
-4.69919
-4.69888
-4.69934
-4.69964
-4.70039
-4.70145
-4.70206
-4.7019
-4.70206
-4.70175
-4.70039
-4.69994
-4.7007
-4.70009
-4.70085
-4.69994
-4.69994
-4.70009
-4.70009
-4.70024
-4.69994
-4.69888
-4.69888
-4.69979
-4.69979
-4.69979
-4.70024
-4.7007
-4.7013
-4.70175
-4.70191
-4.70206
-4.70221
-4.70145
-4.7013
-4.70191
-4.70221
-4.70191
-4.70191
-4.70145
-4.701
-4.70055
-4.69994
-4.69964
-4.69919
-4.69964
-4.70009
-4.70024
-4.7007
-4.7013
-4.7007
-4.70145
-4.70085
-4.70115
-4.701
-4.70115
-4.7004
-4.70055
-4.69949
-4.69888
-4.69919
-4.69904
-4.69889
-4.69798
-4.69798
-4.69753
-4.69677
-4.69707
-4.69919
-4.69934
-4.69934
-4.69949
-4.69919
-4.69919
-4.69934
-4.69994
-4.69964
-4.69995
-4.7001
-4.701
-4.70025
-4.69995
-4.69904
-4.69889
-4.69904
-4.69844
-4.69813
-4.69693
-4.69708
-4.69677
-4.69707
-4.69602
-4.69662
-4.69722
-4.69723
-4.69783
-4.69798
-4.69859
-4.69844
-4.69859
-4.69798
-4.69768
-4.69828
-4.69904
-4.69934
-4.69979
-4.7001
-4.70025
-4.701
-4.70131
-4.70176
-4.70146
-4.70085
-4.70085
-4.70085
-4.70055
-4.70116
-4.70131
-4.70146
-4.70101
-4.70161
-4.70161
-4.70221
-4.70357
-4.70357
-4.70297
-4.70418
-4.70387
-4.70433
-4.70417
-4.70402
-4.70418
-4.70312
-4.70191
-4.70206
-4.70237
-4.70206
-4.70237
-4.70267
-4.70297
-4.70312
-4.70372
-4.70402
-4.70312
-4.70251
-4.70191
-4.70161
-4.70115
-4.701
-4.70206
-4.70236
-4.70131
-4.70131
-4.70116
-4.701
-4.701
-4.70085
-4.70116
-4.70146
-4.70161
-4.70161
-4.70146
-4.70116
-4.69995
-4.70085
-4.7007
-4.70025
-4.69995
-4.69949
-4.6998
-4.7001
-4.7004
-4.70085
-4.70085
-4.70131
-4.70191
-4.70267
-4.70161
-4.70116
-4.70131
-4.70221
-4.70221
-4.70206
-4.70206
-4.70146
-4.70146
-4.70161
-4.7004
-4.7004
-4.69964
-4.69949
-4.69889
-4.69859
-4.69874
-4.69859
-4.69798
-4.69859
-4.69934
-4.6998
-4.69919
-4.69919
-4.6998
-4.69995
-4.7004
-4.701
-4.70161
-4.70116
-4.70116
-4.7001
-4.70025
-4.70146
-4.70116
-4.701
-4.70116
-4.70236
-4.70327
-4.70282
-4.70312
-4.70282
-4.70297
-4.70343
-4.70343
-4.70448
-4.70478
-4.70463
-4.70524
-4.70463
-4.70433
-4.70418
-4.70387
-4.70433
-4.70478
-4.70433
-4.70433
-4.70403
-4.70418
-4.70433
-4.70433
-4.70403
-4.70372
-4.70327
-4.70418
-4.70403
-4.70418
-4.70372
-4.70463
-4.70372
-4.70251
-4.70297
-4.70327
-4.70267
-4.70251
-4.70191
-4.70221
-4.70176
-4.70161
-4.7007
-4.70146
-4.70252
-4.70297
-4.70206
-4.70131
-4.70161
-4.70116
-4.70131
-4.70161
-4.70115
-4.70115
-4.70085
-4.70191
-4.70221
-4.70191
-4.70267
-4.70327
-4.70327
-4.70297
-4.70266
-4.70297
-4.70297
-4.70282
-4.70327
-4.70418
-4.70433
-4.70388
-4.70372
-4.70418
-4.70463
-4.70418
-4.70327
-4.70418
-4.70448
-4.70479
-4.70418
-4.70373
-4.70433
-4.70433
-4.70372
-4.70448
-4.70463
-4.70478
-4.70433
-4.70463
-4.70463
-4.70524
-4.70539
-4.70539
-4.70524
-4.70493
-4.70448
-4.70388
-4.70403
-4.70493
-4.70388
-4.70478
-4.70387
-4.70448
-4.70403
-4.70388
-4.70403
-4.70448
-4.70342
-4.70327
-4.70357
-4.70282
-4.70221
-4.70206
-4.70206
-4.70146
-4.70191
-4.70221
-4.70312
-4.70342
-4.70327
-4.70267
-4.70267
-4.70236
-4.70206
-4.70176
-4.70116
-4.70176
-4.70191
-4.70206
-4.70222
-4.70176
-4.70101
-4.70025
-4.70025
-4.6998
-4.69995
-4.7004
-4.69995
-4.70025
-4.7001
-4.70071
-4.70071
-4.6995
-4.69874
-4.69874
-4.69904
-4.69949
-4.6998
-4.70055
-4.70025
-4.69965
-4.69965
-4.69935
-4.6995
-4.69935
-4.6992
-4.69935
-4.6998
-4.7001
-4.69995
-4.6995
-4.7001
-4.69919
-4.7001
-4.70025
-4.70055
-4.7004
-4.69995
-4.7004
-4.70025
-4.70116
-4.70086
-4.70025
-4.70055
-4.70101
-4.70086
-4.70101
-4.70116
-4.70191
-4.70191
-4.70222
-4.70252
-4.70237
-4.70252
-4.70282
-4.70237
-4.70252
-4.70297
-4.70237
-4.70206
-4.70161
-4.70116
-4.70101
-4.70055
-4.7007
-4.70055
-4.70116
-4.70131
-4.70131
-4.7007
-4.7004
-4.70055
-4.70055
-4.7007
-4.70161
-4.70206
-4.70191
-4.70176
-4.70146
-4.70146
-4.70146
-4.70206
-4.70252
-4.70327
-4.70493
-4.70448
-4.70403
-4.70388
-4.70312
-4.70297
-4.70281
-4.7013
-4.70085
-4.70085
-4.70055
-4.69995
-4.7004
-4.7004
-4.7007
-4.70131
-4.70131
-4.70146
-4.70131
-4.70146
-4.7007
-4.70055
-4.70055
-4.70025
-4.70116
-4.70101
-4.70101
-4.70085
-4.70176
-4.70176
-4.70161
-4.70131
-4.70176
-4.70176
-4.70146
-4.70146
-4.70116
-4.7007
-4.70131
-4.70116
-4.70176
-4.70131
-4.70131
-4.70055
-4.7004
-4.7007
-4.70086
-4.70101
-4.7004
-4.6998
-4.6998
-4.69965
-4.6998
-4.69919
-4.69934
-4.69904
-4.69964
-4.69889
-4.69859
-4.69859
-4.6998
-4.70055
-4.70055
-4.70025
-4.70085
-4.70131
-4.70025
-4.69995
-4.69995
-4.6998
-4.7001
-4.70085
-4.7004
-4.70025
-4.70055
-4.69979
-4.69949
-4.69904
-4.69873
-4.69798
-4.69858
-4.69889
-4.69934
-4.69904
-4.69934
-4.69874
-4.69813
-4.69753
-4.69844
-4.69859
-4.69798
-4.69783
-4.69753
-4.69874
-4.69844
-4.69889
-4.69859
-4.69889
-4.69934
-4.69994
-4.70025
-4.69994
-4.701
-4.7013
-4.70085
-4.7007
-4.70055
-4.7013
-4.70176
-4.70236
-4.70206
-4.70206
-4.70161
-4.70206
-4.70191
-4.70221
-4.70206
-4.70206
-4.70176
-4.70145
-4.701
-4.70115
-4.7013
-4.70085
-4.7004
-4.7001
-4.70025
-4.70085
-4.7007
-4.6998
-4.69904
-4.69889
-4.69798
-4.69783
-4.69768
-4.69813
-4.69828
-4.69813
-4.69813
-4.69828
-4.69843
-4.69798
-4.69813
-4.69753
-4.69707
-4.69738
-4.69798
-4.69723
-4.69647
-4.69813
-4.69843
-4.69813
-4.69874
-4.69889
-4.69859
-4.69889
-4.69889
-4.69949
-4.69919
-4.69995
-4.69934
-4.69949
-4.69949
-4.69919
-4.69979
-4.7007
-4.7007
-4.70025
-4.70055
-4.70115
-4.70206
-4.70146
-4.70176
-4.70236
-4.70282
-4.70267
-4.70282
-4.70312
-4.70312
-4.70327
-4.70357
-4.70433
-4.70418
-4.70327
-4.70267
-4.70206
-4.70206
-4.70282
-4.70372
-4.70282
-4.70236
-4.70221
-4.70312
-4.70433
-4.70433
-4.70478
-4.70433
-4.70478
-4.70448
-4.70417
-4.70433
-4.70508
-4.70448
-4.70478
-4.70357
-4.70357
-4.70327
-4.70312
-4.70402
-4.70417
-4.70433
-4.70297
-4.70282
-4.70327
-4.70266
-4.70297
-4.70312
-4.70327
-4.70266
-4.70312
-4.70281
-4.70297
-4.70312
-4.70236
-4.70206
-4.70267
-4.70327
-4.70267
-4.70251
-4.70312
-4.70357
-4.70297
-4.70342
-4.70236
-4.70252
-4.70282
-4.70222
-4.70207
-4.70252
-4.70267
-4.70297
-4.70266
-4.70191
-4.70327
-4.70312
-4.70221
-4.70327
-4.70297
-4.70402
-4.70463
-4.70448
-4.70478
-4.70403
-4.70478
-4.70403
-4.70448
-4.70418
-4.70342
-4.70297
-4.70312
-4.70357
-4.70448
-4.70417
-4.70342
-4.70342
-4.70342
-4.70417
-4.70357
-4.70342
-4.70266
-4.70327
-4.70281
-4.70251
-4.70206
-4.70145
-4.70206
-4.7016
-4.7016
-4.70206
-4.70281
-4.70326
-4.70342
-4.70372
-4.70463
-4.70463
-4.70523
-4.70432
-4.70447
-4.70553
-4.70644
-4.70644
-4.70599
-4.70508
-4.70538
-4.70523
-4.70614
-4.70568
-4.70553
-4.70538
-4.70478
-4.70432
-4.70463
-4.70463
-4.70357
-4.70311
-4.70221
-4.70221
-4.7016
-4.70236
-4.70251
-4.70281
-4.70311
-4.70251
-4.70266
-4.70342
-4.70266
-4.70281
-4.70312
-4.70342
-4.70342
-4.70417
-4.70417
-4.70478
-4.70493
-4.70463
-4.70448
-4.70432
-4.70463
-4.70463
-4.70447
-4.70463
-4.70402
-4.70282
-4.70312
-4.70236
-4.70236
-4.70266
-4.70176
-4.70161
-4.70191
-4.70145
-4.70191
-4.70191
-4.70176
-4.7004
-4.70055
-4.701
-4.70131
-4.70176
-4.70176
-4.70236
-4.70115
-4.7007
-4.701
-4.70115
-4.70115
-4.7007
-4.69994
-4.7007
-4.70131
-4.701
-4.70085
-4.701
-4.7007
-4.69964
-4.70025
-4.70055
-4.70024
-4.70055
-4.7013
-4.70145
-4.70236
-4.70176
-4.70251
-4.70327
-4.70266
-4.70266
-4.70327
-4.70206
-4.70206
-4.70161
-4.7013
-4.701
-4.7007
-4.70176
-4.70115
-4.70191
-4.70281
-4.70281
-4.70251
-4.70296
-4.70387
-4.70327
-4.70327
-4.70281
-4.70281
-4.70372
-4.70402
-4.70357
-4.70372
-4.70402
-4.70402
-4.70357
-4.70281
-4.70311
-4.70311
-4.70311
-4.70311
-4.70281
-4.70251
-4.70266
-4.70296
-4.70266
-4.7016
-4.70221
-4.70281
-4.70402
-4.70372
-4.70417
-4.70463
-4.70508
-4.70493
-4.70538
-4.70553
-4.70614
-4.70508
-4.70583
-4.70629
-4.70629
-4.70614
-4.70598
-4.70613
-4.70674
-4.70659
-4.70614
-4.70614
-4.70614
-4.70583
-4.70583
-4.70462
-4.70462
-4.70417
-4.70402
-4.70417
-4.70372
-4.70432
-4.70432
-4.70432
-4.70402
-4.70357
-4.70402
-4.70432
-4.70402
-4.70417
-4.70341
-4.70432
-4.70507
-4.70553
-4.70523
-4.70538
-4.70523
-4.70538
-4.70523
-4.70538
-4.70492
-4.70417
-4.70372
-4.70462
-4.70447
-4.70387
-4.70417
-4.70477
-4.70447
-4.70401
-4.70462
-4.70432
-4.70372
-4.70387
-4.70387
-4.70387
-4.70417
-4.70447
-4.70477
-4.70447
-4.70432
-4.70553
-4.70553
-4.70568
-4.70613
-4.70613
-4.70644
-4.70583
-4.70568
-4.70538
-4.70432
-4.70387
-4.70357
-4.70357
-4.70417
-4.70402
-4.70357
-4.70387
-4.70372
-4.70311
-4.70356
-4.70296
-4.70266
-4.70236
-4.7013
-4.70085
-4.70085
-4.70024
-4.69979
-4.70024
-4.7007
-4.69979
-4.69979
-4.69934
-4.69949
-4.69903
-4.69979
-4.70009
-4.69933
-4.69979
-4.69949
-4.69964
-4.69994
-4.69994
-4.70055
-4.70085
-4.70145
-4.70069
-4.70084
-4.70039
-4.70009
-4.70024
-4.69994
-4.69979
-4.70054
-4.70069
-4.69994
-4.69933
-4.69949
-4.69858
-4.69888
-4.69798
-3.91517
-3.91472
-3.91532
-3.91517
-3.91532
-3.91547
-3.91532
-3.91501
-3.91592
-3.91682
-3.91682
-3.91682
-3.91667
-3.91637
-3.91667
-3.91652
-3.91682
-3.91834
-3.91789
-3.91789
-3.91819
-3.91804
-3.91819
-3.91803
-3.91818
-3.91878
-3.91893
-3.91939
-3.91879
-3.91879
-3.91849
-3.91773
-3.91819
-3.91774
-3.91728
-3.91743
-3.91834
-3.91864
-3.91818
-3.91848
-3.91848
-3.91893
-3.91954
-3.91908
-3.91909
-3.91924
-3.91924
-3.91894
-3.91939
-3.9197
-3.91954
-3.91833
-3.91788
-3.91803
-3.91848
-3.91848
-3.91848
-3.91893
-3.91788
-3.91818
-3.91878
-3.91984
-3.91954
-3.91984
-3.91924
-3.91924
-3.91954
-3.91909
-3.91939
-3.91999
-3.92075
-3.9206
-3.91969
-3.91938
-3.91847
-3.91938
-3.91908
-3.91893
-3.91863
-3.91818
-3.91833
-3.91788
-3.91773
-3.91773
-3.91803
-3.91773
-3.91682
-3.91652
-3.91757
-3.91742
-3.91817
-3.91817
-3.91878
-3.91923
-3.91863
-3.91924
-3.9203
-3.91909
-3.91864
-3.91863
-3.91893
-3.91893
-3.91969
-3.91848
-3.91878
-3.91817
-3.91848
-3.91803
-3.91772
-3.91788
-3.91803
-3.91803
-3.91697
-3.91697
-3.91712
-3.91682
-3.91561
-3.91651
-3.91651
-3.91621
-3.91712
-3.91727
-3.91697
-3.91712
-3.91727
-3.91727
-3.91757
-3.91757
-3.91727
-3.91727
-3.91742
-3.91651
-3.91636
-3.91682
-3.91682
-3.91606
-3.91546
-3.91531
-3.91516
-3.91561
-3.91576
-3.91531
-3.91516
-3.9144
-3.91455
-3.9141
-3.91319
-3.91349
-3.91455
-3.9147
-3.91455
-3.91515
-3.91455
-3.91334
-3.91365
-3.91395
-3.9144
-3.9144
-3.91395
-3.9144
-3.91455
-3.91379
-3.91424
-3.91515
-3.9147
-3.91455
-3.91441
-3.9141
-3.91335
-3.9141
-3.91546
-3.91455
-3.915
-3.91515
-3.91515
-3.9147
-3.91515
-3.91561
-3.9147
-3.91425
-3.91395
-3.91334
-3.91395
-3.91274
-3.91153
-3.91244
-3.91289
-3.91304
-3.91274
-3.91274
-3.91259
-3.91304
-3.91304
-3.91289
-3.91319
-3.9135
-3.91319
-3.91274
-3.91229
-3.91365
-3.9141
-3.9147
-3.91591
-3.91606
-3.91652
-3.91727
-3.91742
-3.91667
-3.91727
-3.91651
-3.91666
-3.91681
-3.91621
-3.91606
-3.91501
-3.91516
-3.91516
-3.91637
-3.91712
-3.91787
-3.91817
-3.91892
-3.91847
-3.91787
-3.91802
-3.91802
-3.91862
-3.91953
-3.91893
-3.91938
-3.91938
-3.91969
-3.92014
-3.92044
-3.91984
-3.91908
-3.91923
-3.92014
-3.92013
-3.91953
-3.92013
-3.92089
-3.92149
-3.92255
-3.92361
-3.92286
-3.92392
-3.92452
-3.92467
-3.92316
-3.92195
-3.92195
-3.92149
-3.92104
-3.92104
-3.9218
-3.9218
-3.9218
-3.92074
-3.92059
-3.91968
-3.91848
-3.91832
-3.91847
-3.91817
-3.91711
-3.91771
-3.91832
-3.91817
-3.91817
-3.91772
-3.91771
-3.91711
-3.91636
-3.91576
-3.9153
-3.9144
-3.91561
-3.91561
-3.91515
-3.9153
-3.91575
-3.91515
-3.91484
-3.91454
-3.91545
-3.91499
-3.91409
-3.91394
-3.91424
-3.9147
-3.91485
-3.91485
-3.91424
-3.91379
-3.91364
-3.91364
-3.91439
-3.91349
-3.91364
-3.91379
-3.91364
-3.91454
-3.91394
-3.91424
-3.91424
-3.91409
-3.91394
-3.91349
-3.91379
-3.91334
-3.91349
-3.91319
-3.91273
-3.91228
-3.91198
-3.91152
-3.91288
-3.91212
-3.91197
-3.91197
-3.91243
-3.91213
-3.91183
-3.91198
-3.91228
-3.91198
-3.91152
-3.91213
-3.91198
-3.91258
-3.91198
-3.91288
-3.91243
-3.91228
-3.91152
-3.91107
-3.91061
-3.91061
-3.91092
-3.91092
-3.91092
-3.91107
-3.91062
-3.91077
-3.91122
-3.91182
-3.91092
-3.91122
-3.91107
-3.91212
-3.91212
-3.91137
-3.91092
-3.91137
-3.91213
-3.91258
-3.91318
-3.91333
-3.91333
-3.91333
-3.91258
-3.91273
-3.91227
-3.91137
-3.91197
-3.91333
-3.91303
-3.91258
-3.91228
-3.91213
-3.91167
-3.91198
-3.91273
-3.91228
-3.91258
-3.91333
-3.91363
-3.91439
-3.91499
-3.91575
-3.91485
-3.91439
-3.91439
-3.91485
-3.91424
-3.9153
-3.9153
-3.9156
-3.915
-3.9156
-3.91454
-3.91545
-3.91575
-3.91575
-3.9156
-3.91605
-3.91605
-3.91605
-3.91666
-3.91756
-3.91666
-3.91651
-3.9162
-3.91575
-3.91681
-3.91681
-3.91696
-3.91726
-3.91726
-3.9162
-3.9165
-3.91514
-3.91574
-3.9168
-3.91665
-3.91741
-3.91726
-3.91665
-3.91771
-3.91862
-3.91817
-3.91832
-3.91801
-3.91892
-3.91937
-3.91982
-3.92028
-3.91967
-3.91937
-3.91937
-3.91998
-3.91967
-3.91982
-3.91877
-3.91861
-3.91922
-3.91892
-3.91877
-3.91816
-3.91726
-3.91665
-3.91696
-3.91696
-3.91681
-3.91696
-3.91484
-3.91484
-3.91408
-3.91484
-3.91484
-3.91438
-3.91378
-3.91363
-3.91439
-3.91424
-3.91424
-3.91454
-3.91424
-3.91378
-3.91303
-3.91333
-3.91438
-3.91423
-3.91393
-3.91408
-3.91393
-3.91347
-3.91408
-3.91438
-3.91393
-3.91257
-3.91303
-3.91227
-3.91137
-3.91122
-3.91106
-3.91197
-3.91333
-3.9153
-3.91529
-3.91529
-3.9159
-3.91529
-3.91469
-3.91453
-3.91468
-3.91559
-3.91423
-3.91423
-3.91408
-3.91499
-3.91454
-3.91454
-3.91529
-3.9165
-3.91741
-3.91771
-3.91771
-3.91741
-3.91695
-3.91605
-3.9162
-3.91605
-3.91559
-3.91484
-3.91439
-3.91423
-3.91378
-3.91544
-3.91559
-3.91635
-3.91635
-3.91605
-3.91544
-3.91454
-3.91529
-3.91635
-3.91574
-3.9162
-3.9162
-3.91665
-3.91665
-3.9168
-3.91756
-3.9165
-3.91665
-3.9159
-3.9159
-3.91605
-3.91544
-3.91514
-3.91514
-3.91544
-3.91484
-3.91454
-3.91484
-3.91484
-3.91454
-3.91529
-3.91529
-3.91605
-3.9162
-3.91544
-3.91544
-3.91575
-3.9162
-3.9162
-3.91605
-3.9159
-3.91635
-3.91771
-3.91801
-3.91847
-3.91937
-3.91922
-3.91967
-3.92118
-3.92012
-3.91982
-3.91892
-3.91786
-3.91786
-3.91817
-3.91877
-3.91907
-3.91953
-3.91892
-3.91938
-3.91907
-3.91832
-3.91756
-3.9162
-3.91711
-3.91741
-3.91726
-3.91711
-3.91651
-3.91545
-3.91484
-3.91529
-3.91529
-3.91514
-3.91424
-3.91575
-3.9156
-3.91666
-3.9165
-3.9159
-3.91635
-3.91605
-3.9165
-3.91756
-3.91801
-3.91786
-3.91801
-3.91695
-3.91695
-3.91695
-3.91696
-3.91635
-3.9159
-3.9156
-3.91681
-3.91847
-3.91816
-3.91786
-3.91756
-3.91816
-3.91832
-3.91907
-3.91847
-3.91801
-3.91726
-3.9171
-3.9165
-3.9171
-3.9171
-3.91695
-3.91575
-3.9156
-3.91575
-3.91484
-3.91499
-3.91515
-3.91409
-3.91394
-3.91333
-3.91318
-3.91439
-3.91514
-3.91484
-3.91438
-3.91423
-3.91468
-3.91453
-3.91514
-3.91529
-3.91559
-3.91559
-3.91696
-3.91726
-3.91756
-3.91741
-3.91786
-3.91786
-3.91831
-3.91846
-3.91861
-3.91861
-3.91907
-3.91876
-3.91771
-3.91816
-3.91862
-3.91968
-3.91983
-3.92028
-3.92119
-3.9218
-3.92195
-3.92255
-3.92209
-3.92194
-3.92163
-3.92163
-3.92043
-3.91983
-3.91938
-3.91908
-3.91968
-3.91938
-3.91862
-3.91831
-3.91816
-3.91861
-3.91831
-3.91771
-3.91816
-3.91756
-3.91756
-3.91756
-3.91695
-3.91771
-3.91756
-3.91665
-3.91665
-3.91604
-3.91514
-3.91499
-3.91423
-3.91423
-3.91454
-3.91484
-3.9159
-3.9162
-3.91635
-3.9165
-3.91635
-3.91605
-3.91589
-3.91695
-3.9174
-3.91755
-3.91816
-3.91695
-3.91786
-3.91756
-3.91786
-3.9171
-3.9168
-3.91741
-3.91741
-3.91741
-3.9171
-3.91756
-3.91756
-3.91786
-3.91741
-3.91786
-3.91786
-3.91635
-3.91726
-3.91665
-3.91605
-3.9162
-3.91514
-3.91498
-3.91483
-3.91453
-3.91453
-3.91438
-3.91438
-3.91484
-3.91499
-3.91589
-3.91634
-3.91725
-3.91695
-3.91695
-3.9171
-3.9168
-3.9168
-3.9171
-3.9165
-3.91605
-3.9162
-3.91635
-3.91756
-3.91725
-3.91559
-3.91483
-3.91423
-3.91393
-3.91362
-3.91438
-3.91514
-3.9165
-3.91635
-3.9171
-3.9168
-3.91695
-3.91589
-3.91604
-3.91695
-3.9168
-3.9177
-3.9177
-3.91846
-3.91861
-3.91861
-3.91922
-3.91982
-3.91952
-3.91937
-3.91967
-3.91937
-3.91967
-3.91892
-3.91846
-3.91816
-3.91831
-3.91801
-3.91786
-3.91771
-3.9174
-3.9171
-3.91831
-3.9165
-3.91695
-3.91695
-3.91801
-3.91816
-3.91892
-3.91846
-3.91892
-3.91937
-3.91937
-3.91922
-3.91922
-3.91831
-3.9177
-3.91725
-3.9174
-3.91831
-3.91846
-3.91786
-3.91816
-3.91786
-3.91786
-3.91726
-3.91711
-3.91741
-3.91695
-3.91755
-3.91816
-3.91861
-3.91906
-3.91982
-3.91907
-3.91937
-3.91967
-3.91906
-3.91831
-3.91906
-3.91921
-3.918
-3.9177
-3.9171
-3.9171
-3.9162
-3.9162
-3.91635
-3.91635
-3.9165
-3.9162
-3.91544
-3.91529
-3.91423
-3.91468
-3.91589
-3.91559
-3.91529
-3.91635
-3.91695
-3.91635
-3.9165
-3.91605
-3.9165
-3.9159
-3.91529
-3.91469
-3.91439
-3.91393
-3.91393
-3.91408
-3.91438
-3.91333
-3.91318
-3.91212
-3.91273
-3.91288
-3.91227
-3.91182
-3.91227
-3.91242
-3.91272
-3.91242
-3.91363
-3.91439
-3.91394
-3.91394
-3.91499
-3.91529
-3.91484
-3.91605
-3.9165
-3.91575
-3.91575
-3.9162
-3.9162
-3.9165
-3.91711
-3.91696
-3.91711
-3.91756
-3.91726
-3.9162
-3.9162
-3.9156
-3.9159
-3.91514
-3.91529
-3.91589
-3.9165
-3.91635
-3.9171
-3.91725
-3.91605
-3.91499
-3.91529
-3.91454
-3.91424
-3.91499
-3.91499
-3.91575
-3.91545
-3.91499
-3.9159
-3.91574
-3.91559
-3.91574
-3.91605
-3.9159
-3.9153
-3.91439
-3.91303
-3.91212
-3.91303
-3.91363
-3.91303
-3.91273
-3.91363
-3.91378
-3.91363
-3.91318
-3.91257
-3.91242
-3.91227
-3.91257
-3.91227
-3.91273
-3.91288
-3.91409
-3.91273
-3.91273
-3.91288
-3.91318
-3.91288
-3.91258
-3.91258
-3.91288
-3.91333
-3.91393
-3.91469
-3.91469
-3.91438
-3.91393
-3.91454
-3.91454
-3.91423
-3.91272
-3.91348
-3.91424
-3.91454
-3.91378
-3.91439
-3.91484
-3.91454
-3.91484
-3.91378
-3.91439
-3.91424
-3.91545
-3.91545
-3.9156
-3.9159
-3.91605
-3.9162
-3.91695
-3.9168
-3.9168
-3.9171
-3.9174
-3.91756
-3.91695
-3.91695
-3.9165
-3.9162
-3.9159
-3.9165
-3.91711
-3.91695
-3.91589
-3.91559
-3.91559
-3.91498
-3.91499
-3.91393
-3.91393
-3.91423
-3.91363
-3.91438
-3.91438
-3.91423
-3.91438
-3.91484
-3.91499
-3.91484
-3.91469
-3.6354
-3.63585
-3.63509
-3.63585
-3.63615
-3.6357
-3.63555
-3.63495
-3.63661
-3.636
-3.6357
-3.63509
-3.63539
-3.63448
-3.63524
-3.6366
-3.6366
-3.63766
-3.63887
-3.63902
-3.63857
-3.63827
-3.63932
-3.63932
-3.63917
-3.63842
-3.63812
-3.63872
-3.63933
-3.64008
-3.63948
-3.63887
-3.63887
-3.63902
-3.63857
-3.63872
-3.63857
-3.63811
-3.63811
-3.63826
-3.6369
-3.63721
-3.63691
-3.63645
-3.63646
-3.63676
-3.63737
-3.63812
-3.63888
-3.63918
-3.63903
-3.63993
-3.63992
-3.63947
-3.63811
-3.63902
-3.63781
-3.63736
-3.63721
-3.63721
-3.63706
-3.63721
-3.63797
-3.63767
-3.63797
-3.63857
-3.63842
-3.63797
-3.63827
-3.63812
-3.63857
-3.63781
-3.63736
-3.63797
-3.63812
-3.63812
-3.63873
-3.63964
-3.63858
-3.63873
-3.63933
-3.63858
-3.63873
-3.63888
-3.63872
-3.63887
-3.63827
-3.63827
-3.63812
-3.63767
-3.63858
-3.63903
-3.63843
-3.63843
-3.63797
-3.63782
-3.63691
-3.63691
-3.63706
-3.63797
-3.63706
-3.63646
-3.63752
-3.63706
-3.63661
-3.63646
-3.6357
-3.63661
-3.63706
-3.63736
-3.63661
-3.63676
-3.63721
-3.63812
-3.63721
-3.63842
-3.63797
-3.63782
-3.63661
-3.6357
-3.636
-3.63721
-3.63767
-3.63721
-3.63676
-3.63601
-3.63601
-3.63616
-3.63676
-3.63737
-3.63812
-3.63812
-3.63691
-3.63767
-3.63751
-3.63781
-3.63812
-3.63827
-3.63902
-3.63933
-3.63887
-3.63857
-3.63888
-3.63903
-3.63918
-3.63873
-3.63933
-3.63933
-3.64009
-3.6413
-3.64024
-3.64085
-3.64115
-3.64175
-3.64145
-3.64265
-3.6419
-3.64099
-3.64009
-3.64054
-3.64084
-3.64084
-3.64145
-3.6416
-3.64235
-3.6416
-3.64266
-3.64266
-3.6422
-3.64175
-3.64145
-3.64009
-3.64055
-3.63994
-3.63919
-3.63888
-3.63873
-3.63812
-3.63812
-3.63752
-3.63707
-3.63752
-3.63783
-3.63722
-3.63753
-3.63723
-3.63722
-3.63798
-3.63949
-3.63903
-3.63918
-3.63933
-3.64009
-3.63978
-3.63888
-3.63888
-3.63858
-3.63858
-3.63858
-3.63889
-3.63919
-3.63874
-3.63859
-3.63738
-3.63843
-3.63828
-3.63919
-3.63979
-3.641
-3.6416
-3.64054
-3.64039
-3.63994
-3.63934
-3.63813
-3.63828
-3.63828
-3.63828
-3.63783
-3.63647
-3.63541
-3.6348
-3.6342
-3.6345
-3.6345
-3.63495
-3.6354
-3.63495
-3.6351
-3.63616
-3.63617
-3.63632
-3.63541
-3.63601
-3.63601
-3.63646
-3.63677
-3.63586
-3.63586
-3.63466
-3.6345
-3.6342
-3.63374
-3.63404
-3.63525
-3.6348
-3.63435
-3.63511
-3.63481
-3.63405
-3.63451
-3.6339
-3.63511
-3.63556
-3.63556
-3.63631
-3.63586
-3.63556
-3.63541
-3.63541
-3.63571
-3.63541
-3.63541
-3.6348
-3.6345
-3.63511
-3.63526
-3.63511
-3.63632
-3.63647
-3.63617
-3.63511
-3.63495
-3.6348
-3.63586
-3.63647
-3.63662
-3.63602
-3.63617
-3.63662
-3.63768
-3.63753
-3.63813
-3.63677
-3.63632
-3.63708
-3.63632
-3.63571
-3.63617
-3.63647
-3.63692
-3.63753
-3.63692
-3.63692
-3.63571
-3.63571
-3.63541
-3.63495
-3.63495
-3.63465
-3.63466
-3.63556
-3.63541
-3.63511
-3.63541
-3.63526
-3.63435
-3.6345
-3.63435
-3.63496
-3.6348
-3.63647
-3.63601
-3.63602
-3.63617
-3.63601
-3.63571
-3.63586
-3.63496
-3.63496
-3.63602
-3.63617
-3.63632
-3.63662
-3.63647
-3.63647
-3.63617
-3.63571
-3.6345
-3.63466
-3.63511
-3.63481
-3.63481
-3.63587
-3.63632
-3.63586
-3.63541
-3.63541
-3.63541
-3.63586
-3.63692
-3.63723
-3.63602
-3.63526
-3.63602
-3.63662
-3.63586
-3.63541
-3.63616
-3.63676
-3.63691
-3.63691
-3.63646
-3.63722
-3.63752
-3.63828
-3.63813
-3.63738
-3.63677
-3.63692
-3.63632
-3.63602
-3.63602
-3.63662
-3.63692
-3.63662
-3.63722
-3.63722
-3.63843
-3.63964
-3.6407
-3.64145
-3.64115
-3.641
-3.64251
-3.64281
-3.64266
-3.64191
-3.64236
-3.64236
-3.64266
-3.64205
-3.64266
-3.64251
-3.64296
-3.64297
-3.64251
-3.64282
-3.64297
-3.64267
-3.64357
-3.64448
-3.64553
-3.64538
-3.64523
-3.64538
-3.64492
-3.64462
-3.64493
-3.64432
-3.64342
-3.64432
-3.64342
-3.64236
-3.6419
-3.6413
-3.64251
-3.64266
-3.6422
-3.64054
-3.63949
-3.64085
-3.63904
-3.63889
-3.63843
-3.63858
-3.63827
-3.63827
-3.63797
-3.63858
-3.63783
-3.63753
-3.63813
-3.63783
-3.63738
-3.63798
-3.63768
-3.63752
-3.63752
-3.63782
-3.63843
-3.63858
-3.63767
-3.63813
-3.63888
-3.63828
-3.63798
-3.63767
-3.63737
-3.63647
-3.63647
-3.63662
-3.63677
-3.63631
-3.63586
-3.63692
-3.63737
-3.63707
-3.63798
-3.63843
-3.63858
-3.63858
-3.63858
-3.63888
-3.63978
-3.63948
-3.63994
-3.64039
-3.63949
-3.63919
-3.63979
-3.63934
-3.63859
-3.63753
-3.63753
-3.63753
-3.63768
-3.63692
-3.63616
-3.63586
-3.63601
-3.63661
-3.63722
-3.63722
-3.63737
-3.63737
-3.63722
-3.63783
-3.63859
-3.63799
-3.63799
-3.63708
-3.63723
-3.63737
-3.63662
-3.63752
-3.63662
-3.63677
-3.63662
-3.63616
-3.63631
-3.63692
-3.63692
-3.63692
-3.63783
-3.63858
-3.63798
-3.63752
-3.63752
-3.63828
-3.63888
-3.63889
-3.63934
-3.63949
-3.63843
-3.63798
-3.63783
-3.63798
-3.63858
-3.63904
-3.63994
-3.64025
-3.64024
-3.64024
-3.64009
-3.63903
-3.63873
-3.63858
-3.63828
-3.63873
-3.63919
-3.63889
-3.63964
-3.63874
-3.63904
-3.63874
-3.63829
-3.63889
-3.63904
-3.64009
-3.64024
-3.63978
-3.63978
-3.63933
-3.63919
-3.63874
-3.63799
-3.63769
-3.63784
-3.63799
-3.63768
-3.63768
-3.63813
-3.63904
-3.63994
-3.64024
-3.63979
-3.64009
-3.64145
-3.64145
-3.64176
-3.6416
-3.641
-3.64009
-3.63934
-3.63949
-3.63904
-3.63919
-3.64009
-3.6404
-3.63995
-3.63965
-3.63934
-3.63995
-3.63949
-3.63934
-3.63874
-3.63768
-3.63753
-3.63783
-3.63798
-3.63753
-3.63602
-3.63587
-3.63602
-3.63632
-3.63632
-3.63693
-3.63768
-3.63677
-3.63602
-3.63496
-3.63571
-3.63526
-3.63556
-3.63602
-3.63632
-3.63572
-3.63602
-3.63571
-3.63722
-3.63783
-3.63828
-3.63828
-3.63753
-3.6392
-3.63874
-3.6401
-3.63965
-3.6395
-3.63813
-3.63677
-3.63767
-3.63858
-3.63904
-3.63858
-3.64025
-3.6395
-3.6395
-3.6398
-3.63904
-3.63965
-3.6398
-3.6404
-3.64176
-3.64191
-3.64176
-3.64236
-3.64251
-3.64221
-3.64297
-3.64282
-3.64342
-3.64206
-3.64206
-3.64131
-3.64101
-3.64176
-3.64191
-3.6413
-3.64145
-3.6404
-3.63949
-3.63934
-3.63934
-3.63965
-3.64101
-3.64206
-3.64146
-3.641
-3.64115
-3.641
-3.641
-3.6401
-3.6404
-3.63935
-3.6398
-3.63904
-3.6398
-3.64025
-3.6413
-3.6413
-3.6416
-3.64206
-3.64221
-3.64206
-3.64161
-3.64206
-3.64221
-3.64297
-3.64145
-3.641
-3.63979
-3.63934
-3.63934
-3.63919
-3.63904
-3.63889
-3.64025
-3.64085
-3.64161
-3.64221
-3.64206
-3.64236
-3.64206
-3.64145
-3.64054
-3.63994
-3.64085
-3.64145
-3.64085
-3.6401
-3.63919
-3.63949
-3.63964
-3.63859
-3.63723
-3.63738
-3.63723
-3.63708
-3.63783
-3.63859
-3.63783
-3.63738
-3.63753
-3.63723
-3.63708
-3.63662
-3.63571
-3.63556
-3.63571
-3.63632
-3.63541
-3.63436
-3.63572
-3.63557
-3.63768
-3.63768
-3.63798
-3.63814
-3.63798
-3.63783
-3.63572
-3.63526
-3.63406
-3.63436
-3.63436
-3.63436
-3.63466
-3.63436
-3.6342
-3.63496
-3.63632
-3.63601
-3.63541
-3.63511
-3.63556
-3.63587
-3.63602
-3.63632
-3.63647
-3.63723
-3.63723
-3.63798
-3.63783
-3.63799
-3.63889
-3.63889
-3.63964
-3.63904
-3.63692
-3.63723
-3.63768
-3.63844
-3.63753
-3.63738
-3.63737
-3.63813
-3.63874
-3.63813
-3.63632
-3.63768
-3.63753
-3.63708
-3.63753
-3.63844
-3.63723
-3.63738
-3.63738
-3.63693
-3.63617
-3.63572
-3.63572
-3.63587
-3.63587
-3.63602
-3.63677
-3.63526
-3.63496
-3.63435
-3.63496
-3.63511
-3.63451
-3.63496
-3.63466
-3.63466
-3.63511
-3.63527
-3.63587
-3.63663
-3.63844
-3.63844
-3.63844
-3.63784
-3.63633
-3.63708
-3.63708
-3.63768
-3.63723
-3.63768
-3.63828
-3.63768
-3.63752
-3.63798
-3.63768
-3.63738
-3.63738
-3.63617
-3.63632
-3.63541
-3.63662
-3.63768
-3.63813
-3.63874
-3.63935
-3.63874
-3.63935
-3.63935
-3.6404
-3.6401
-3.6395
-3.63965
-3.63949
-3.63919
-3.63965
-3.6404
-3.63995
-3.64025
-3.63965
-3.63904
-3.63934
-3.63995
-3.63949
-3.64161
-3.64086
-3.64131
-3.64025
-3.6404
-3.6404
-3.64025
-3.64146
-3.64207
-3.64267
-3.64192
-3.64237
-3.64192
-3.64177
-3.64147
-3.64071
-3.64041
-3.63965
-3.6398
-3.64025
-3.63934
-3.63995
-3.6401
-3.63995
-3.64055
-3.63889
-3.63905
-3.63874
-3.63769
-3.63799
-3.63844
-3.63814
-3.63738
-3.63768
-3.63768
-3.63723
-3.63708
-3.63678
-3.63572
-3.63647
-3.63617
-3.63587
-3.63572
-3.63587
-3.63482
-3.63361
-3.63285
-3.63179
-3.63209
-3.63179
-3.63209
-3.63149
-3.63119
-3.63255
-3.6333
-3.6336
-3.63391
-3.63451
-3.63602
-3.63511
-3.63451
-3.63557
-3.63647
-3.63663
-3.63693
-3.63632
-3.63602
-3.63527
-3.63512
-3.63496
-3.63512
-3.63572
-3.63693
-3.63647
-3.63617
-3.63572
-3.63617
-3.63707
-3.63768
-3.63768
-3.63677
-3.63602
-3.63557
-3.63602
-3.63648
-3.63693
-3.63693
-3.63769
-3.63935
-3.63889
-3.63934
-3.63979
-3.63828
-3.63859
-3.63738
-3.63814
-3.63799
-3.63769
-3.63724
-3.63708
-3.63648
-3.63693
-3.63769
-3.63844
-3.63738
-3.63783
-3.63904
-3.63874
-3.63813
-3.63859
-3.63828
-3.63843
-3.63904
-3.63874
-3.63889
-3.6392
-3.6386
-3.6392
-3.63875
-3.63799
-3.63769
-3.63844
-3.63875
-3.6395
-3.63874
-3.63965
-3.63919
-3.63935
-3.63814
-3.63693
-3.63708
-3.63738
-3.63723
-3.63799
-3.63723
-3.63678
-3.63678
-3.63632
-3.63542
-3.63361
-3.63376
-3.63406
-3.63345
-3.63406
-3.63315
-3.63315
-3.63436
-3.63421
-3.63482
-3.63452
-3.63452
-3.63376
-3.63436
-3.63512
-3.63542
-3.63497
-3.63452
-3.63512
-3.63512
-3.63527
-3.63542
-3.63497
-3.63648
-3.63678
-3.63814
-3.6389
-3.6386
-3.63905
-3.6398
-3.64026
-3.64056
-3.64071
-3.6395
-3.63814
-3.63844
-3.63919
-3.63874
-3.40037
-3.40113
-3.40053
-3.40083
-3.40219
-3.40189
-3.40084
-3.40099
-3.40114
-3.40114
-3.40098
-3.40083
-3.40068
-3.40037
-3.39962
-3.40022
-3.40113
-3.40037
-3.39856
-3.39735
-3.3978
-3.39705
-3.3972
-3.39675
-3.39751
-3.39721
-3.39751
-3.39721
-3.39691
-3.39676
-3.39721
-3.3963
-3.39629
-3.39614
-3.39659
-3.39705
-3.39645
-3.3963
-3.3969
-3.39736
-3.39735
-3.39826
-3.39856
-3.39826
-3.39796
-3.39871
-3.39917
-3.40008
-3.40053
-3.40098
-3.40098
-3.40249
-3.40249
-3.40204
-3.40219
-3.40204
-3.40189
-3.40234
-3.40098
-3.40128
-3.40037
-3.40068
-3.40067
-3.40022
-3.39962
-3.39917
-3.40023
-3.39947
-3.39872
-3.39766
-3.39766
-3.39675
-3.3963
-3.39735
-3.39735
-3.39751
-3.39766
-3.39645
-3.39584
-3.3969
-3.3966
-3.3969
-3.39599
-3.39645
-3.39614
-3.39644
-3.39599
-3.39675
-3.3975
-3.39735
-3.39781
-3.39796
-3.39902
-3.39811
-3.39766
-3.39841
-3.39826
-3.39781
-3.39811
-3.39811
-3.39871
-3.39946
-3.39901
-3.39977
-3.40022
-3.39992
-3.40022
-3.40098
-3.40158
-3.40218
-3.40354
-3.40249
-3.40234
-3.40264
-3.40279
-3.40294
-3.40324
-3.40339
-3.40369
-3.40249
-3.40204
-3.40158
-3.39992
-3.39992
-3.40053
-3.40007
-3.40022
-3.40082
-3.40113
-3.40143
-3.40128
-3.40158
-3.40218
-3.40233
-3.40188
-3.40248
-3.40279
-3.40189
-3.40189
-3.39977
-3.39931
-3.39992
-3.39992
-3.39992
-3.39947
-3.40022
-3.40083
-3.39947
-3.39902
-3.39977
-3.39962
-3.39947
-3.40007
-3.39976
-3.40082
-3.40127
-3.40082
-3.40037
-3.39992
-3.40053
-3.40083
-3.40037
-3.40098
-3.40188
-3.40143
-3.40127
-3.40157
-3.40203
-3.40324
-3.40248
-3.40309
-3.40309
-3.4043
-3.40385
-3.40325
-3.40355
-3.40355
-3.40355
-3.40355
-3.40294
-3.40293
-3.40278
-3.40339
-3.40354
-3.40324
-3.40324
-3.40415
-3.40429
-3.4052
-3.4058
-3.4061
-3.4049
-3.40385
-3.40325
-3.40355
-3.40355
-3.40279
-3.40294
-3.40294
-3.40309
-3.40234
-3.40249
-3.40218
-3.40188
-3.40172
-3.40203
-3.40323
-3.40293
-3.40188
-3.40173
-3.40279
-3.40339
-3.40369
-3.40279
-3.40173
-3.40128
-3.40143
-3.40173
-3.40143
-3.40067
-3.40067
-3.40112
-3.40022
-3.40067
-3.39962
-3.40007
-3.40052
-3.40022
-3.39992
-3.40022
-3.40037
-3.40037
-3.39977
-3.39992
-3.39916
-3.39916
-3.39977
-3.40097
-3.40143
-3.40097
-3.40128
-3.40203
-3.40097
-3.40052
-3.40158
-3.40158
-3.40189
-3.40113
-3.40098
-3.40037
-3.40037
-3.40173
-3.40143
-3.40143
-3.40098
-3.40067
-3.40052
-3.40143
-3.40188
-3.40203
-3.40203
-3.40218
-3.40218
-3.40233
-3.40188
-3.40097
-3.40128
-3.40128
-3.39992
-3.39962
-3.40022
-3.39931
-3.39962
-3.40007
-3.39992
-3.39977
-3.39932
-3.39947
-3.39992
-3.39992
-3.39977
-3.39931
-3.39931
-3.39841
-3.3978
-3.39871
-3.39811
-3.39856
-3.3978
-3.3981
-3.39856
-3.39871
-3.3981
-3.3978
-3.39826
-3.39932
-3.39992
-3.40053
-3.40037
-3.40143
-3.39992
-3.40052
-3.40022
-3.40021
-3.40067
-3.40142
-3.40203
-3.40188
-3.40083
-3.40037
-3.39992
-3.39992
-3.39946
-3.39961
-3.40007
-3.40037
-3.40037
-3.39992
-3.40007
-3.40007
-3.40068
-3.40158
-3.40113
-3.40128
-3.40068
-3.40234
-3.40324
-3.40355
-3.4046
-3.40385
-3.40369
-3.40309
-3.40308
-3.40323
-3.40339
-3.40294
-3.40264
-3.40203
-3.40218
-3.40173
-3.40083
-3.40128
-3.4031
-3.4028
-3.40189
-3.40128
-3.40128
-3.40143
-3.40128
-3.40098
-3.40188
-3.40158
-3.40082
-3.40082
-3.40052
-3.40037
-3.40098
-3.40053
-3.40053
-3.40038
-3.40053
-3.39977
-3.39856
-3.39917
-3.40007
-3.39977
-3.39842
-3.39781
-3.39736
-3.39812
-3.39842
-3.39826
-3.39826
-3.39931
-3.3984
-3.39886
-3.3978
-3.39735
-3.39871
-3.39962
-3.40023
-3.40008
-3.40038
-3.40053
-3.40068
-3.39932
-3.39902
-3.39977
-3.40098
-3.40128
-3.40083
-3.40158
-3.40083
-3.40158
-3.40173
-3.40279
-3.40219
-3.4028
-3.40355
-3.4037
-3.4034
-3.40234
-3.40174
-3.40128
-3.40083
-3.40067
-3.40067
-3.40128
-3.40143
-3.40219
-3.40249
-3.40264
-3.40234
-3.40159
-3.40099
-3.40174
-3.40129
-3.40098
-3.40098
-3.39993
-3.40008
-3.39962
-3.40038
-3.40023
-3.40023
-3.40083
-3.40159
-3.40189
-3.40174
-3.40038
-3.39993
-3.40053
-3.40098
-3.39993
-3.39977
-3.40023
-3.40128
-3.40204
-3.4034
-3.40431
-3.40401
-3.40401
-3.40356
-3.40371
-3.40461
-3.40446
-3.40386
-3.40491
-3.40581
-3.40536
-3.4052
-3.40551
-3.40536
-3.40521
-3.40551
-3.40642
-3.40567
-3.40567
-3.40582
-3.40612
-3.40657
-3.40718
-3.40703
-3.40718
-3.40597
-3.40628
-3.40507
-3.40506
-3.4043
-3.40354
-3.40384
-3.40369
-3.40385
-3.40355
-3.4028
-3.40219
-3.40234
-3.40265
-3.4028
-3.40219
-3.40143
-3.40128
-3.40234
-3.40218
-3.40324
-3.40234
-3.40113
-3.40023
-3.40053
-3.39947
-3.40008
-3.39978
-3.39948
-3.39932
-3.39992
-3.39992
-3.39992
-3.40022
-3.39977
-3.39962
-3.39977
-3.39932
-3.39932
-3.39947
-3.39962
-3.39947
-3.39887
-3.39857
-3.40008
-3.40113
-3.40144
-3.40219
-3.40249
-3.40294
-3.40324
-3.40279
-3.40294
-3.40158
-3.40189
-3.40234
-3.40264
-3.40264
-3.40279
-3.40113
-3.40083
-3.40022
-3.40022
-3.40037
-3.40052
-3.39962
-3.39947
-3.39947
-3.39932
-3.39977
-3.39962
-3.39977
-3.40008
-3.39962
-3.40022
-3.40007
-3.40067
-3.40112
-3.40233
-3.40203
-3.40052
-3.40022
-3.40007
-3.39917
-3.40038
-3.40159
-3.40235
-3.40295
-3.40341
-3.40341
-3.40356
-3.4034
-3.40324
-3.40324
-3.40339
-3.40506
-3.4037
-3.40385
-3.40295
-3.40279
-3.40355
-3.40309
-3.4031
-3.40204
-3.40219
-3.40189
-3.40159
-3.40174
-3.40128
-3.40143
-3.40234
-3.40264
-3.40234
-3.40279
-3.40264
-3.40249
-3.40249
-3.40249
-3.40189
-3.40189
-3.40143
-3.40204
-3.40234
-3.4034
-3.4043
-3.4037
-3.40355
-3.40445
-3.40355
-3.4037
-3.4037
-3.4034
-3.40385
-3.40325
-3.40371
-3.40356
-3.40401
-3.4034
-3.40219
-3.40219
-3.40279
-3.40219
-3.40129
-3.40008
-3.39857
-3.39918
-3.39903
-3.39797
-3.39675
-3.39645
-3.39554
-3.39766
-3.39841
-3.39872
-3.39872
-3.39932
-3.39872
-3.39947
-3.39977
-3.39993
-3.39887
-3.40008
-3.40038
-3.40098
-3.40234
-3.40189
-3.40129
-3.4022
-3.40175
-3.40069
-3.40099
-3.40129
-3.40098
-3.40098
-3.40159
-3.40129
-3.40159
-3.40039
-3.39994
-3.40084
-3.40039
-3.40069
-3.40008
-3.39978
-3.40053
-3.40053
-3.40099
-3.40069
-3.40053
-3.40023
-3.40008
-3.39947
-3.39902
-3.40008
-3.40053
-3.40129
-3.40295
-3.40295
-3.40295
-3.40355
-3.40355
-3.40355
-3.40385
-3.40476
-3.40612
-3.40642
-3.40657
-3.40567
-3.40492
-3.40522
-3.40492
-3.40447
-3.40492
-3.40447
-3.40477
-3.40477
-3.40477
-3.40401
-3.40325
-3.40431
-3.40416
-3.4031
-3.4031
-3.4028
-3.4028
-3.40295
-3.4025
-3.40295
-3.40356
-3.40386
-3.40371
-3.40432
-3.40492
-3.40568
-3.40613
-3.40582
-3.40597
-3.40597
-3.40612
-3.40582
-3.40613
-3.40447
-3.40402
-3.40341
-3.40266
-3.40386
-3.40311
-3.4019
-3.4022
-3.40205
-3.4022
-3.40205
-3.40159
-3.40114
-3.40084
-3.40023
-3.39963
-3.39978
-3.39948
-3.39948
-3.40023
-3.40023
-3.40114
-3.40174
-3.4022
-3.40235
-3.4022
-3.4019
-3.4031
-3.40295
-3.40295
-3.40219
-3.40174
-3.40204
-3.40144
-3.4013
-3.40296
-3.40236
-3.40266
-3.401
-3.4013
-3.4019
-3.40144
-3.40219
-3.40159
-3.40249
-3.40249
-3.40159
-3.40099
-3.40129
-3.40099
-3.40039
-3.40008
-3.39948
-3.39932
-3.39993
-3.40008
-3.40008
-3.39947
-3.40068
-3.40038
-3.39948
-3.39933
-3.39918
-3.39933
-3.39979
-3.39888
-3.39873
-3.39843
-3.39903
-3.39948
-3.39963
-3.39917
-3.39827
-3.39766
-3.39797
-3.39782
-3.39767
-3.39843
-3.39964
-3.39888
-3.39858
-3.39873
-3.39918
-3.39917
-3.39993
-3.40053
-3.40174
-3.40128
-3.40098
-3.40099
-3.40099
-3.40159
-3.40145
-3.40175
-3.40114
-3.40114
-3.40144
-3.40235
-3.40265
-3.4025
-3.4028
-3.40204
-3.40174
-3.40144
-3.40129
-3.40023
-3.39963
-3.39993
-3.39993
-3.39994
-3.40024
-3.40024
-3.40008
-3.40039
-3.39963
-3.39918
-3.39888
-3.39722
-3.39782
-3.39797
-3.39843
-3.39903
-3.39978
-3.40039
-3.39978
-3.39887
-3.39948
-3.39963
-3.39994
-3.40024
-3.40099
-3.40084
-3.40069
-3.4013
-3.40145
-3.40236
-3.40236
-3.40146
-3.40145
-3.4022
-3.4019
-3.40068
-3.40099
-3.40205
-3.40099
-3.4016
-3.40115
-3.40024
-3.401
-3.40069
-3.40024
-3.39948
-3.40038
-3.40008
-3.39963
-3.39933
-3.39812
-3.39737
-3.39707
-3.39631
-3.39661
-3.39706
-3.39721
-3.39676
-3.3963
-3.3963
-3.39616
-3.39465
-3.39556
-3.39405
-3.39405
-3.39435
-3.39525
-3.3945
-3.39495
-3.39465
-3.39571
-3.39722
-3.39737
-3.39752
-3.39782
-3.39752
-3.39783
-3.39828
-3.39874
-3.39768
-3.39752
-3.39737
-3.39737
-3.39676
-3.39631
-3.39615
-3.39615
-3.39615
-3.39691
-3.39692
-3.39616
-3.39707
-3.39661
-3.39676
-3.39691
-3.39782
-3.39736
-3.39797
-3.39782
-3.39782
-3.39857
-3.39827
-3.39782
-3.39631
-3.39692
-3.39752
-3.39707
-3.39707
-3.39797
-3.39752
-3.39721
-3.39616
-3.39691
-3.39691
-3.39737
-3.39722
-3.39767
-3.39767
-3.39842
-3.39812
-3.39721
-3.39751
-3.39782
-3.39842
-3.39827
-3.39842
-3.39812
-3.39813
-3.39903
-3.39812
-3.39827
-3.39858
-3.39827
-3.39888
-3.39903
-3.39858
-3.39979
-3.40069
-3.40221
-3.40205
-3.40251
-3.40311
-3.40357
-3.40312
-3.40312
-3.40312
-3.40236
-3.40265
-3.40265
-3.40264
-3.40235
-3.4019
-3.4022
-3.40206
-3.40085
-3.40055
-3.40055
-3.40055
-3.401
-3.4013
-3.40236
-3.4013
-3.40281
-3.4022
-3.40235
-3.40296
-3.40341
-3.40235
-3.40175
-3.4022
-3.4031
-3.4034
-3.40295
-3.4028
-3.40401
-3.40356
-3.40432
-3.40462
-3.40492
-3.40477
-3.40478
-3.40447
-3.40553
-3.40538
-3.40492
-3.40432
-3.40341
-3.40295
-3.4019
-3.39147
-3.39192
-3.39162
-3.39116
-3.39071
-3.39146
-3.39176
-3.39191
-3.39115
-3.39131
-3.39101
-3.3901
-3.39117
-3.39071
-3.39056
-3.39056
-3.38995
-3.38965
-3.38844
-3.38934
-3.38965
-3.39025
-3.39056
-3.38995
-3.39131
-3.39071
-3.39161
-3.38995
-3.3901
-3.39025
-3.39131
-3.39192
-3.39328
-3.39358
-3.39297
-3.39237
-3.39207
-3.39192
-3.39176
-3.39146
-3.39176
-3.39161
-3.39162
-3.39207
-3.39192
-3.39177
-3.39207
-3.39206
-3.39131
-3.39146
-3.39146
-3.39147
-3.39147
-3.39011
-3.3898
-3.38844
-3.38905
-3.38799
-3.38874
-3.38738
-3.38769
-3.38708
-3.38693
-3.38572
-3.38633
-3.38723
-3.38708
-3.38663
-3.38829
-3.3889
-3.38905
-3.38935
-3.3895
-3.38905
-3.38738
-3.38844
-3.38889
-3.3898
-3.38829
-3.3889
-3.39041
-3.39041
-3.39101
-3.39026
-3.39026
-3.3892
-3.3889
-3.3898
-3.38844
-3.38783
-3.38859
-3.38889
-3.38829
-3.38875
-3.38981
-3.39041
-3.39116
-3.39071
-3.39116
-3.39116
-3.39162
-3.39101
-3.39071
-3.39071
-3.39116
-3.39206
-3.39161
-3.39237
-3.39237
-3.39222
-3.39131
-3.39328
-3.39403
-3.39343
-3.39313
-3.39313
-3.39328
-3.39343
-3.39389
-3.39298
-3.39267
-3.39313
-3.39267
-3.39328
-3.39464
-3.39464
-3.396
-3.39645
-3.396
-3.39524
-3.39463
-3.39494
-3.39418
-3.39419
-3.39328
-3.39389
-3.39223
-3.39147
-3.39177
-3.39207
-3.39147
-3.39177
-3.39116
-3.39025
-3.3895
-3.38935
-3.38965
-3.38996
-3.3895
-3.3895
-3.3898
-3.39011
-3.38995
-3.39025
-3.39071
-3.38965
-3.3898
-3.38935
-3.3892
-3.38935
-3.38814
-3.38845
-3.38905
-3.38966
-3.39056
-3.39116
-3.39026
-3.3898
-3.38966
-3.38921
-3.38845
-3.38845
-3.3886
-3.38875
-3.38936
-3.38935
-3.38935
-3.38996
-3.39041
-3.39102
-3.39177
-3.39147
-3.39147
-3.39162
-3.39086
-3.39162
-3.39252
-3.39207
-3.39253
-3.39404
-3.39253
-3.39162
-3.39087
-3.39102
-3.39086
-3.39071
-3.39117
-3.39056
-3.39011
-3.38875
-3.3889
-3.3883
-3.38875
-3.38815
-3.388
-3.38785
-3.38709
-3.38755
-3.38769
-3.38739
-3.38799
-3.38889
-3.3895
-3.3898
-3.38996
-3.39011
-3.39041
-3.39072
-3.39117
-3.39072
-3.39026
-3.38951
-3.3886
-3.388
-3.38755
-3.38724
-3.3883
-3.3886
-3.3886
-3.38829
-3.38784
-3.38814
-3.38769
-3.38709
-3.38725
-3.3877
-3.3886
-3.38845
-3.38815
-3.38784
-3.3889
-3.38936
-3.39042
-3.39178
-3.39117
-3.39147
-3.39178
-3.39087
-3.39057
-3.39072
-3.38982
-3.38936
-3.38936
-3.38981
-3.38996
-3.39056
-3.39026
-3.39026
-3.39177
-3.39026
-3.39087
-3.39057
-3.39057
-3.38981
-3.38996
-3.38996
-3.38996
-3.38966
-3.38981
-3.39026
-3.39087
-3.39132
-3.39133
-3.39072
-3.38936
-3.39057
-3.39102
-3.39102
-3.38996
-3.39116
-3.39026
-3.39026
-3.38996
-3.39056
-3.3898
-3.39026
-3.38995
-3.38995
-3.38995
-3.39086
-3.39056
-3.39026
-3.39147
-3.39072
-3.39117
-3.39057
-3.39207
-3.39147
-3.39131
-3.39146
-3.39192
-3.39222
-3.39116
-3.39071
-3.39056
-3.39116
-3.39086
-3.39071
-3.39056
-3.39207
-3.39298
-3.39238
-3.39313
-3.39298
-3.39434
-3.39449
-3.39404
-3.39555
-3.39645
-3.396
-3.39569
-3.3969
-3.39645
-3.3963
-3.39676
-3.396
-3.3954
-3.39525
-3.39555
-3.39585
-3.39615
-3.3957
-3.39525
-3.39449
-3.39374
-3.39404
-3.39344
-3.39344
-3.39359
-3.39344
-3.39313
-3.39359
-3.39328
-3.39404
-3.3951
-3.3942
-3.3945
-3.39495
-3.3945
-3.3948
-3.3948
-3.39404
-3.39283
-3.39328
-3.39358
-3.39404
-3.39449
-3.39434
-3.39449
-3.39419
-3.39328
-3.39388
-3.39403
-3.39404
-3.39419
-3.39525
-3.39571
-3.39571
-3.39556
-3.3948
-3.39464
-3.39403
-3.39357
-3.39418
-3.39403
-3.39298
-3.39404
-3.39389
-3.39374
-3.39283
-3.39283
-3.39268
-3.39389
-3.39373
-3.39494
-3.39509
-3.3963
-3.39509
-3.39479
-3.39449
-3.39479
-3.39464
-3.39343
-3.39358
-3.39298
-3.39343
-3.39464
-3.39434
-3.39464
-3.39374
-3.39449
-3.3957
-3.39585
-3.39585
-3.39706
-3.3966
-3.3963
-3.3972
-3.39705
-3.39751
-3.39751
-3.39721
-3.39646
-3.39661
-3.39555
-3.3963
-3.39691
-3.39691
-3.39691
-3.39767
-3.39752
-3.39707
-3.39722
-3.39615
-3.39554
-3.39478
-3.39448
-3.39464
-3.39525
-3.39419
-3.39344
-3.39344
-3.39419
-3.39464
-3.39359
-3.39404
-3.39419
-3.39404
-3.39373
-3.39419
-3.39464
-3.39449
-3.39388
-3.39388
-3.39509
-3.39494
-3.39464
-3.39449
-3.39449
-3.39403
-3.39418
-3.39373
-3.39328
-3.39298
-3.39329
-3.39329
-3.39299
-3.39178
-3.39147
-3.39177
-3.39207
-3.39298
-3.39268
-3.39162
-3.39117
-3.39056
-3.39072
-3.38981
-3.39026
-3.3889
-3.38951
-3.38966
-3.3892
-3.38814
-3.38844
-3.38844
-3.38859
-3.38784
-3.38859
-3.3889
-3.38966
-3.38936
-3.3892
-3.38966
-3.3889
-3.38815
-3.38845
-3.38966
-3.3889
-3.38875
-3.38935
-3.39041
-3.39011
-3.39086
-3.39101
-3.39055
-3.39056
-3.39041
-3.39011
-3.38921
-3.38845
-3.38845
-3.38739
-3.38784
-3.38815
-3.3889
-3.38845
-3.38769
-3.38829
-3.38905
-3.3889
-3.38905
-3.3892
-3.38965
-3.39056
-3.39101
-3.39056
-3.39011
-3.39026
-3.3892
-3.38769
-3.38905
-3.38769
-3.38693
-3.38754
-3.38784
-3.38784
-3.3886
-3.38875
-3.3883
-3.38875
-3.38829
-3.38814
-3.38799
-3.38859
-3.38935
-3.38919
-3.3895
-3.38995
-3.3898
-3.38935
-3.38859
-3.38844
-3.38799
-3.38814
-3.38768
-3.38859
-3.38904
-3.38859
-3.38769
-3.38693
-3.38678
-3.38754
-3.38769
-3.38769
-3.38708
-3.38708
-3.38617
-3.38632
-3.38632
-3.38511
-3.38512
-3.38482
-3.38406
-3.38452
-3.38527
-3.38467
-3.38406
-3.38482
-3.38482
-3.38572
-3.38527
-3.38527
-3.38572
-3.38602
-3.38632
-3.38662
-3.38587
-3.38451
-3.38436
-3.38542
-3.38482
-3.38467
-3.38497
-3.38602
-3.38557
-3.38587
-3.38602
-3.38632
-3.38587
-3.38587
-3.38602
-3.38602
-3.38662
-3.38542
-3.38602
-3.38618
-3.38602
-3.38572
-3.38587
-3.38587
-3.38617
-3.38587
-3.38542
-3.38466
-3.38451
-3.38451
-3.38466
-3.38572
-3.38633
-3.38633
-3.38633
-3.38618
-3.38527
-3.38557
-3.38497
-3.38557
-3.38587
-3.38648
-3.38663
-3.38633
-3.38572
-3.38693
-3.38708
-3.38814
-3.38829
-3.3892
-3.38829
-3.38829
-3.38799
-3.38769
-3.38753
-3.38859
-3.38814
-3.38814
-3.38859
-3.38784
-3.38693
-3.38723
-3.38784
-3.38799
-3.38829
-3.38708
-3.38754
-3.38859
-3.38723
-3.38708
-3.38753
-3.38693
-3.38754
-3.38814
-3.38814
-3.3886
-3.38844
-3.38905
-3.38905
-3.38859
-3.38753
-3.38814
-3.38708
-3.38708
-3.38708
-3.38678
-3.38738
-3.38723
-3.38693
-3.38633
-3.38542
-3.38618
-3.38573
-3.38603
-3.38602
-3.38587
-3.38587
-3.38436
-3.38406
-3.38482
-3.38481
-3.38496
-3.38496
-3.38556
-3.38587
-3.38542
-3.38481
-3.38542
-3.38678
-3.38799
-3.38889
-3.38829
-3.38844
-3.38783
-3.38723
-3.38723
-3.38723
-3.38693
-3.38723
-3.38723
-3.38859
-3.38753
-3.38632
-3.38617
-3.38647
-3.38602
-3.38602
-3.38481
-3.3839
-3.38405
-3.38375
-3.38451
-3.38375
-3.38315
-3.383
-3.38345
-3.38375
-3.3833
-3.38405
-3.38375
-3.3836
-3.38466
-3.3842
-3.38526
-3.38601
-3.38601
-3.38571
-3.38616
-3.38662
-3.38647
-3.38889
-3.38904
-3.38994
-3.38994
-3.3907
-3.39085
-3.3907
-3.39085
-3.3907
-3.3904
-3.391
-3.3913
-3.39055
-3.39009
-3.38979
-3.38964
-3.38813
-3.38828
-3.38768
-3.38828
-3.38798
-3.38768
-3.38768
-3.38753
-3.38783
-3.38874
-3.38904
-3.38874
-3.38979
-3.38964
-3.38979
-3.38994
-3.38964
-3.38874
-3.38798
-3.38828
-3.38828
-3.38874
-3.38904
-3.38979
-3.39009
-3.39025
-3.38979
-3.38964
-3.38979
-3.39115
-3.39055
-3.3901
-3.3913
-3.39236
-3.39251
-3.39326
-3.39356
-3.39402
-3.39432
-3.39508
-3.39524
-3.39524
-3.39448
-3.39433
-3.39493
-3.39433
-3.39402
-3.39387
-3.39402
-3.39326
-3.39266
-3.39311
-3.39206
-3.39115
-3.3907
-3.38995
-3.39025
-3.3916
-3.39145
-3.39206
-3.39326
-3.39357
-3.39417
-3.39417
-3.39296
-3.39296
-3.39311
-3.39175
-3.39205
-3.39054
-3.38964
-3.38949
-3.38904
-3.38813
-3.38844
-3.38843
-3.38919
-3.38828
-3.38919
-3.38949
-3.38979
-3.38994
-3.38934
-3.38934
-3.38934
-3.38889
-3.38844
-3.38844
-3.38768
-3.38813
-3.38768
-3.38843
-3.38813
-3.38859
-3.38995
-3.3898
-3.3901
-3.39025
-3.38995
-3.39025
-3.39025
-3.3901
-3.3898
-3.39055
-3.3904
-3.3901
-3.39056
-3.39101
-3.3907
-3.39085
-3.391
-3.38994
-3.38904
-3.38844
-3.38889
-3.38829
-3.38889
-3.3898
-3.3904
-3.39055
-3.39161
-3.39191
-3.39131
-3.39086
-3.39101
-3.39055
-3.39101
-3.39116
-3.39071
-3.39025
-3.39025
-3.39085
-3.39176
-3.39146
-3.39236
-3.39161
-3.39116
-3.39116
-3.39101
-3.39116
-3.39101
-3.39221
-3.39131
-3.39055
-3.39025
-3.38965
-3.38889
-3.38904
-3.38844
-3.38889
-3.3898
-3.38965
-3.3892
-3.3886
-3.38845
-3.38845
-3.38799
-3.38829
-3.38738
-3.38843
-3.38752
-3.38813
-3.38722
-3.38798
-3.38814
-3.38753
-3.38724
-3.38769
-3.38799
-3.38769
-3.38799
-3.3889
-3.38981
-3.38905
-3.38754
-3.38859
-3.38995
-3.3904
-3.39085
-3.38964
-3.38979
-3.38949
-3.38949
-3.38995
-3.3895
-3.38965
-3.38889
-3.38904
-3.38874
-3.38859
-3.38829
-3.38829
-3.38859
-3.38723
-3.38723
-3.38693
-3.38753
-3.38648
-3.38693
-3.38754
-3.38693
-3.38723
-3.38632
-3.38556
-3.38556
-3.38541
-3.38572
-3.38632
-3.38723
-3.38874
-3.38783
-3.38768
-3.38934
-3.38904
-3.38813
-3.38753
-3.38798
-3.38753
-3.38798
-3.38707
-3.38738
-3.38768
-3.38814
-3.38844
-3.38859
-3.38874
-3.38843
-3.38753
-3.38798
-3.38858
-3.38904
-3.38935
-3.3898
-3.38935
-3.38889
-3.38935
-3.38934
-3.38934
-3.38903
-3.38904
-3.38919
-3.38859
-3.38935
-3.38935
-3.3901
-3.38965
-3.3901
-3.39085
-3.3907
-3.39054
-3.38964
-3.38994
-3.39054
-3.38994
-3.3907
-3.3907
-3.3904
-3.38615
-3.3857
-3.3854
-3.38404
-3.3845
-3.38465
-3.38661
-3.3863
-3.3866
-3.3866
-3.38736
-3.38721
-3.38646
-3.38646
-3.3857
-3.38509
-3.38509
-3.38403
-3.38463
-3.38539
-3.38569
-3.38539
-3.38509
-3.38403
-3.38434
-3.38434
-3.38388
-3.38403
-3.38434
-3.38494
-3.38464
-3.38509
-3.3857
-3.38539
-3.38539
-3.38524
-3.38675
-3.38826
-3.38781
-3.38826
-3.38766
-3.38766
-3.38751
-3.38766
-3.3872
-3.38781
-3.38826
-3.38796
-3.38887
-3.39008
-3.38977
-3.39022
-3.39007
-3.38917
-3.38856
-3.38796
-3.38857
-3.38751
-3.38705
-3.3869
-3.3875
-3.38735
-3.38629
-3.38569
-3.38569
-3.38614
-3.38781
-3.38751
-3.38766
-3.38857
-3.38917
-3.38857
-3.38766
-3.3869
-3.38735
-3.38751
-3.38751
-3.38811
-3.38766
-3.38721
-3.38721
-3.38585
-3.38615
-3.38569
-3.3866
-3.38524
-3.38464
-3.38554
-3.38554
-3.38675
-3.38706
-3.38842
-3.38615
-3.38585
-3.38449
-3.386
-3.38525
-3.38434
-3.38419
-3.38344
-3.38389
-3.38434
-3.38449
-3.38539
-3.3866
-3.38645
-3.3869
-3.3869
-3.38675
-3.38554
-3.38569
-3.38615
-3.38615
-3.38555
-3.38631
-3.38586
-3.38601
-3.38661
-3.38616
-3.386
-3.38661
-3.38751
-3.38645
-3.38736
-3.3869
-3.38645
-3.3869
-3.38751
-3.38751
-3.38705
-3.38645
-3.3863
-3.38525
-3.38509
-3.38464
-3.38509
-3.38645
-3.38706
-3.38751
-3.38917
-3.38947
-3.39023
-3.39068
-3.39068
-3.39023
-3.38992
-3.38977
-3.38992
-3.38917
-3.38917
-3.38887
-3.38917
-3.38796
-3.38796
-3.38766
-3.38811
-3.38781
-3.38797
-3.38797
-3.38812
-3.38797
-3.38767
-3.38736
-3.38842
-3.38797
-3.38721
-3.38675
-3.3878
-3.38826
-3.38735
-3.38675
-3.38721
-3.38691
-3.386
-3.38631
-3.386
-3.3857
-3.386
-3.38752
-3.38736
-3.38661
-3.38691
-3.38736
-3.3866
-3.38736
-3.38796
-3.38781
-3.38811
-3.38826
-3.38887
-3.38963
-3.38872
-3.38917
-3.38887
-3.38932
-3.38842
-3.38782
-3.38827
-3.38797
-3.38782
-3.38737
-3.38706
-3.38601
-3.38676
-3.38706
-3.3863
-3.38675
-3.38645
-3.38525
-3.3848
-3.3854
-3.38555
-3.38465
-3.38585
-3.3857
-3.38616
-3.38661
-3.38646
-3.38736
-3.38781
-3.38721
-3.38796
-3.38766
-3.38736
-3.38645
-3.38646
-3.38585
-3.38586
-3.38586
-3.38646
-3.38691
-3.38676
-3.386
-3.38555
-3.38433
-3.38388
-3.38358
-3.38403
-3.38388
-3.38389
-3.38479
-3.38464
-3.3851
-3.38616
-3.3848
-3.3857
-3.3857
-3.38736
-3.38751
-3.38691
-3.38812
-3.38812
-3.38812
-3.38812
-3.38706
-3.38706
-3.38675
-3.38494
-3.38525
-3.38555
-3.38586
-3.38661
-3.38707
-3.38737
-3.38767
-3.38767
-3.38888
-3.38948
-3.38948
-3.38948
-3.38963
-3.38918
-3.38918
-3.38767
-3.38797
-3.38781
-3.38751
-3.38766
-3.38766
-3.38797
-3.38721
-3.38812
-3.38843
-3.38933
-3.38918
-3.38813
-3.38752
-3.38767
-3.38843
-3.38782
-3.38812
-3.38691
-3.38691
-3.3863
-3.38585
-3.38555
-3.38601
-3.38601
-3.38662
-3.38616
-3.38586
-3.38601
-3.38556
-3.38601
-3.38646
-3.3851
-3.38601
-3.38556
-3.38571
-3.3848
-3.38646
-3.38661
-3.38737
-3.38616
-3.386
-3.38631
-3.3857
-3.38525
-3.3857
-3.38585
-3.38616
-3.38691
-3.38767
-3.38767
-3.38767
-3.38752
-3.38797
-3.38722
-3.38556
-3.38556
-3.38601
-3.3851
-3.38465
-3.3845
-3.3848
-3.38555
-3.3848
-3.38404
-3.38419
-3.38419
-3.38435
-3.38465
-3.38525
-3.38571
-3.38601
-3.3851
-3.3848
-3.3848
-3.3842
-3.38375
-3.38405
-3.38359
-3.38419
-3.38404
-3.38449
-3.3854
-3.38555
-3.38479
-3.38464
-3.38495
-3.38555
-3.38556
-3.38586
-3.38601
-3.38692
-3.38692
-3.38707
-3.38676
-3.38646
-3.38676
-3.38782
-3.38692
-3.38616
-3.38646
-3.38677
-3.38661
-3.38752
-3.38616
-3.38661
-3.38737
-3.38722
-3.38691
-3.38601
-3.38555
-3.38585
-3.38616
-3.38676
-3.38661
-3.38707
-3.38677
-3.38752
-3.38798
-3.38768
-3.38752
-3.38722
-3.38707
-3.38692
-3.38707
-3.38692
-3.38601
-3.38601
-3.38661
-3.38631
-3.38616
-3.38601
-3.38616
-3.38632
-3.38601
-3.38586
-3.38631
-3.38631
-3.38601
-3.38662
-3.38692
-3.38722
-3.38798
-3.38722
-3.38783
-3.38858
-3.38903
-3.38842
-3.38766
-3.38751
-3.38691
-3.38616
-3.38661
-3.38692
-3.38722
-3.38692
-3.38738
-3.38647
-3.38707
-3.38782
-3.38722
-3.38767
-3.38767
-3.38798
-3.38647
-3.38631
-3.38646
-3.38616
-3.38676
-3.38691
-3.38752
-3.38782
-3.38722
-3.38707
-3.38692
-3.38722
-3.38676
-3.38812
-3.38767
-3.38782
-3.38707
-3.38767
-3.38677
-3.38677
-3.38677
-3.38631
-3.38556
-3.38556
-3.38511
-3.38661
-3.38571
-3.38586
-3.3851
-3.38511
-3.38511
-3.3845
-3.38375
-3.38405
-3.3842
-3.3842
-3.3845
-3.38495
-3.38571
-3.38571
-3.38631
-3.38511
-3.38495
-3.38586
-3.38556
-3.38526
-3.38616
-3.38541
-3.38571
-3.38481
-3.38511
-3.38496
-3.38405
-3.38405
-3.3836
-3.38238
-3.38359
-3.38404
-3.38435
-3.38435
-3.38405
-3.38495
-3.38526
-3.38511
-3.38526
-3.38435
-3.38541
-3.38541
-3.38586
-3.38571
-3.38586
-3.38526
-3.3854
-3.38465
-3.38374
-3.38253
-3.38284
-3.38465
-3.38495
-3.38405
-3.3845
-3.38525
-3.3851
-3.3851
-3.38465
-3.38495
-3.3854
-3.38601
-3.386
-3.38721
-3.38691
-3.38736
-3.38782
-3.38752
-3.38782
-3.38782
-3.38737
-3.38706
-3.38752
-3.38721
-3.38751
-3.38691
-3.38751
-3.38812
-3.38827
-3.38857
-3.38918
-3.38872
-3.38857
-3.38887
-3.38978
-3.39023
-3.38963
-3.38933
-3.38706
-3.38721
-3.38691
-3.38752
-3.38706
-3.38812
-3.38797
-3.38872
-3.38811
-3.38887
-3.38872
-3.38932
-3.38887
-3.38827
-3.38827
-3.38873
-3.38782
-3.38827
-3.38887
-3.39038
-3.39053
-3.38993
-3.38902
-3.38827
-3.38842
-3.38797
-3.38797
-3.38963
-3.38978
-3.39023
-3.39008
-3.39023
-3.39099
-3.39099
-3.39008
-3.38947
-3.38917
-3.38947
-3.38842
-3.38827
-3.38827
-3.38767
-3.38797
-3.38797
-3.38782
-3.38827
-3.38872
-3.38782
-3.38691
-3.38615
-3.3869
-3.38751
-3.38721
-3.38676
-3.38691
-3.38676
-3.38571
-3.38601
-3.3851
-3.38601
-3.38616
-3.38585
-3.3857
-3.38691
-3.3863
-3.38524
-3.38479
-3.38419
-3.3854
-3.38615
-3.38631
-3.3857
-3.3854
-3.38555
-3.38555
-3.3854
-3.3848
-3.38585
-3.3857
-3.38585
-3.38646
-3.38752
-3.38767
-3.38827
-3.38736
-3.38812
-3.38767
-3.38691
-3.38751
-3.38676
-3.38631
-3.3854
-3.38646
-3.38646
-3.38616
-3.38495
-3.38435
-3.38374
-3.38434
-3.3848
-3.38449
-3.3854
-3.38525
-3.38495
-3.3848
-3.38661
-3.38571
-3.38601
-3.38586
-3.38556
-3.38435
-3.38556
-3.38465
-3.38676
-3.3857
-3.38525
-3.38495
-3.38511
-3.38511
-3.38571
-3.38556
-3.38646
-3.38646
-3.3857
-3.38616
-3.38646
-3.38601
-3.38525
-3.38556
-3.38586
-3.38601
-3.38661
-3.38691
-3.38736
-3.38721
-3.38706
-3.38661
-3.38736
-3.38827
-3.38812
-3.38782
-3.38872
-3.38797
-3.38736
-3.38842
-3.38797
-3.38812
-3.38781
-3.38827
-3.38857
-3.38872
-3.38812
-3.38858
-3.38963
-3.38857
-3.38827
-3.38827
-3.38782
-3.38827
-3.38857
-3.38843
-3.38903
-3.39024
-3.39008
-3.38993
-3.38978
-3.38887
-3.38857
-3.38842
-3.38873
-3.38918
-3.38948
-3.38948
-3.38978
-3.39038
-3.38917
-3.38978
-3.38948
-3.38918
-3.38887
-3.38887
-3.38827
-3.38827
-3.38812
-3.38842
-3.38736
-3.38766
-3.38827
-3.38751
-3.38736
-3.38736
-3.38736
-3.38645
-3.38706
-3.38706
-3.38751
-3.38675
-3.3869
-3.38675
-3.38675
-3.38584
-3.38705
-3.38796
-3.38736
-3.38751
-3.38691
-3.38736
-3.38615
-3.3857
-3.3857
-3.3863
-3.38615
-3.38615
-3.38585
-3.38615
-3.38645
-3.38721
-3.38751
-3.38661
-3.38676
-3.38706
-3.38691
-3.38751
-3.38659
-3.38614
-3.3866
-3.38676
-3.38646
-3.38646
-3.38752
-3.38842
-3.38857
-3.38812
-3.38827
-3.38751
-3.38781
-3.38841
-3.38811
-3.38887
-3.38781
-3.38842
-3.38812
-3.38902
-3.38963
-3.38978
-3.39008
-3.39008
-3.38932
-3.38993
-3.39008
-3.39008
-3.39008
-3.39008
-3.39038
-3.39038
-3.39008
-3.38962
-3.39008
-3.38993
-3.38978
-3.38933
-3.38888
-3.38887
-3.38887
-3.38947
-3.38856
-3.38856
-3.38826
-3.38827
-3.38887
-3.38887
-3.38872
-3.38827
-3.38857
-3.38857
-3.38826
-3.38751
-3.3863
-3.38645
-3.3866
-3.38706
-3.38736
-3.38736
-3.38736
-3.38721
-3.38661
-3.38736
-3.38857
-3.38812
-3.38842
-3.38781
-3.38736
-3.38721
-3.38539
-3.38615
-3.3854
-3.38586
-3.38586
-3.38661
-3.38586
-3.3857
-3.38615
-3.38705
-3.3869
-3.3866
-3.38736
-3.38857
-3.38902
-3.38993
-3.38993
-3.38993
-3.39084
-3.39084
-3.39038
-3.39023
-3.39038
-3.39023
-3.38993
-3.38993
-3.39008
-3.38963
-3.38902
-3.38812
-3.38872
-3.38841
-3.38735
-3.38675
-3.38584
-3.3869
-3.3863
-3.3869
-3.38691
-3.38661
-3.38676
-3.38661
-3.3863
-3.38645
-3.38796
-3.38826
-3.38751
-3.38766
-3.38691
-3.38676
-3.38766
-3.38826
-3.38751
-3.3866
-3.38479
-3.38525
-3.38479
-3.3854
-3.38495
-3.3848
-3.38449
-3.38555
-3.3857
-3.3857
-3.38479
-3.38494
-3.38494
-3.38479
-3.38449
-3.38434
-3.38525
-3.38525
-3.38434
-3.38479
-3.38494
-3.38403
-3.38449
-3.38464
-3.38449
-3.386
-3.386
-3.38449
-3.38419
-3.38419
-3.38434
-3.38343
-3.38434
-3.38449
-3.38464
-3.3854
-3.38525
-3.38479
-3.38494
-3.38434
-3.38373
-3.38419
-3.38328
-3.38389
-3.38449
-3.3854
-3.38509
-3.38645
-3.3863
-3.3863
-3.3857
-3.38479
-3.38691
-3.38661
-3.38631
-3.38555
-3.38525
-3.38525
-3.38465
-3.3848
-3.3851
-3.38676
-3.386
-3.38525
-3.386
-3.38585
-3.38616
-3.38631
-3.38706
-3.38812
-3.38842
-3.38797
-3.38751
-3.38766
-3.38721
-3.3869
-3.38675
-3.38675
-3.38615
-3.3866
-3.3863
-3.3857
-3.38539
-3.3857
-3.386
-3.386
-3.3863
-3.38706
-3.38781
-3.38766
-3.38812
-3.38842
-3.38857
-3.38856
-3.38796
-3.38857
-3.38827
-3.38827
-3.38903
-3.38918
-3.38993
-3.38857
-3.47091
-3.47121
-3.4706
-3.47
-3.4697
-3.47045
-3.46985
-3.47015
-3.4697
-3.46909
-3.46925
-3.46925
-3.46834
-3.46759
-3.46804
-3.46759
-3.46759
-3.46759
-3.46789
-3.46804
-3.46759
-3.46773
-3.46758
-3.46803
-3.46879
-3.4697
-3.46924
-3.46909
-3.46773
-3.46879
-3.46743
-3.46758
-3.46743
-3.46607
-3.46683
-3.46668
-3.46758
-3.46849
-3.46804
-3.46789
-3.46834
-3.4688
-3.46834
-3.46834
-3.46864
-3.46849
-3.46819
-3.46834
-3.46864
-3.46925
-3.4697
-3.47
-3.47015
-3.47076
-3.47061
-3.47046
-3.47015
-3.47167
-3.47212
-3.47378
-3.47348
-3.47303
-3.47318
-3.47287
-3.47121
-3.47121
-3.46955
-3.46909
-3.46954
-3.4703
-3.47
-3.47015
-3.46895
-3.46774
-3.46699
-3.46684
-3.46653
-3.46713
-3.46683
-3.46668
-3.46592
-3.46547
-3.46668
-3.46668
-3.46668
-3.46819
-3.46729
-3.46819
-3.46895
-3.46834
-3.46895
-3.4694
-3.46849
-3.46819
-3.46865
-3.46834
-3.4685
-3.4688
-3.46834
-3.4688
-3.4685
-3.4679
-3.46669
-3.46714
-3.4679
-3.46729
-3.46669
-3.46668
-3.46653
-3.46774
-3.46713
-3.46728
-3.46759
-3.46728
-3.46744
-3.46729
-3.46714
-3.46744
-3.46714
-3.46563
-3.46608
-3.46653
-3.46759
-3.46714
-3.46819
-3.46819
-3.46729
-3.46804
-3.46819
-3.46849
-3.46834
-3.4688
-3.46834
-3.46895
-3.47015
-3.47016
-3.46925
-3.4691
-3.46971
-3.47001
-3.46865
-3.46895
-3.46925
-3.47001
-3.46955
-3.46939
-3.46969
-3.46969
-3.47015
-3.47121
-3.47242
-3.47227
-3.47258
-3.47288
-3.47318
-3.47288
-3.47243
-3.47258
-3.47303
-3.47393
-3.47318
-3.47393
-3.47408
-3.47454
-3.47378
-3.47485
-3.47394
-3.47349
-3.47273
-3.47243
-3.47197
-3.47212
-3.47197
-3.47136
-3.47091
-3.47031
-3.47031
-3.47122
-3.47167
-3.47168
-3.47062
-3.47077
-3.47092
-3.47107
-3.47092
-3.47077
-3.47137
-3.47137
-3.47122
-3.47137
-3.47137
-3.47242
-3.47197
-3.47152
-3.47258
-3.47152
-3.47137
-3.47167
-3.47152
-3.47137
-3.47062
-3.47001
-3.46895
-3.46941
-3.46895
-3.46896
-3.46714
-3.46578
-3.46593
-3.46593
-3.46609
-3.46503
-3.46518
-3.46518
-3.46457
-3.46397
-3.46442
-3.46517
-3.46548
-3.46593
-3.46563
-3.46473
-3.46397
-3.46367
-3.46382
-3.46367
-3.46367
-3.46367
-3.46488
-3.46488
-3.46503
-3.46458
-3.46488
-3.46533
-3.46427
-3.46503
-3.46593
-3.46472
-3.46518
-3.46609
-3.46624
-3.46609
-3.46624
-3.46669
-3.46714
-3.4688
-3.46986
-3.46941
-3.46956
-3.47107
-3.47016
-3.46865
-3.4688
-3.46926
-3.47016
-3.46986
-3.47016
-3.46911
-3.4685
-3.46835
-3.4676
-3.46775
-3.4682
-3.46926
-3.46986
-3.46956
-3.47002
-3.46957
-3.47093
-3.47123
-3.47183
-3.47274
-3.47304
-3.47319
-3.47319
-3.47213
-3.47091
-3.47061
-3.47137
-3.47107
-3.47092
-3.47108
-3.47017
-3.47002
-3.46926
-3.46972
-3.46957
-3.46926
-3.46896
-3.47032
-3.47047
-3.46956
-3.46926
-3.46956
-3.46911
-3.46896
-3.46926
-3.46911
-3.46926
-3.46941
-3.46986
-3.46926
-3.46941
-3.4688
-3.46896
-3.46896
-3.4676
-3.4673
-3.46745
-3.46624
-3.46609
-3.46654
-3.467
-3.46821
-3.46685
-3.4676
-3.4676
-3.46775
-3.46836
-3.4682
-3.46805
-3.46685
-3.4673
-3.46715
-3.46729
-3.46775
-3.46835
-3.46941
-3.46926
-3.46881
-3.46806
-3.46881
-3.4673
-3.467
-3.46745
-3.4676
-3.4679
-3.46715
-3.46654
-3.46548
-3.46533
-3.46593
-3.46563
-3.46548
-3.46563
-3.46473
-3.46578
-3.46609
-3.46654
-3.46684
-3.46745
-3.4673
-3.46563
-3.46458
-3.46367
-3.46427
-3.46503
-3.46442
-3.46472
-3.46457
-3.46578
-3.46593
-3.46563
-3.46578
-3.46563
-3.46639
-3.46654
-3.46715
-3.467
-3.46684
-3.46654
-3.46699
-3.46699
-3.46729
-3.46775
-3.4676
-3.46775
-3.46805
-3.46881
-3.47001
-3.47047
-3.47047
-3.47092
-3.47137
-3.47183
-3.47258
-3.47243
-3.47167
-3.47198
-3.47228
-3.47183
-3.47138
-3.47002
-3.47032
-3.47152
-3.47122
-3.47001
-3.4694
-3.4694
-3.46895
-3.4688
-3.4682
-3.4685
-3.46775
-3.46745
-3.46775
-3.4682
-3.46866
-3.4685
-3.4685
-3.46986
-3.47046
-3.47016
-3.47092
-3.47031
-3.4688
-3.4691
-3.4679
-3.46865
-3.46956
-3.46881
-3.46941
-3.47032
-3.46972
-3.46926
-3.46911
-3.46926
-3.46971
-3.46941
-3.46896
-3.46911
-3.46986
-3.46971
-3.47046
-3.47076
-3.46986
-3.47001
-3.47062
-3.46941
-3.46926
-3.46926
-3.46911
-3.46775
-3.46806
-3.46851
-3.46805
-3.46836
-3.46911
-3.46941
-3.46895
-3.46941
-3.46986
-3.46956
-3.46971
-3.46941
-3.4682
-3.46866
-3.46775
-3.46699
-3.46578
-3.46638
-3.46533
-3.46653
-3.46638
-3.46684
-3.46804
-3.46729
-3.46653
-3.46502
-3.46533
-3.46714
-3.46759
-3.46593
-3.46623
-3.46638
-3.46714
-3.46683
-3.46714
-3.46698
-3.46653
-3.46668
-3.46668
-3.46728
-3.46728
-3.46653
-3.46638
-3.46638
-3.46638
-3.46744
-3.46714
-3.46608
-3.46623
-3.46578
-3.46487
-3.46548
-3.46502
-3.46532
-3.46668
-3.46698
-3.46759
-3.46819
-3.46834
-3.46774
-3.46789
-3.46774
-3.4688
-3.46955
-3.47061
-3.47001
-3.46971
-3.47001
-3.4697
-3.4691
-3.46895
-3.46895
-3.46835
-3.46804
-3.46759
-3.46728
-3.46683
-3.46758
-3.46819
-3.46835
-3.46851
-3.4673
-3.46639
-3.46684
-3.46789
-3.46834
-3.46895
-3.46744
-3.46669
-3.46638
-3.46578
-3.46624
-3.46608
-3.46714
-3.46639
-3.46578
-3.46548
-3.46533
-3.46563
-3.46608
-3.46593
-3.46669
-3.46699
-3.46638
-3.46744
-3.46744
-3.46804
-3.46835
-3.46865
-3.4691
-3.46865
-3.46895
-3.4694
-3.47001
-3.47016
-3.46955
-3.47046
-3.46986
-3.47137
-3.47016
-3.46926
-3.4685
-3.46729
-3.46654
-3.46684
-3.46623
-3.46699
-3.46699
-3.46729
-3.46683
-3.46774
-3.4682
-3.46911
-3.47001
-3.46986
-3.46911
-3.46926
-3.46986
-3.47031
-3.46925
-3.4685
-3.4691
-3.47031
-3.47047
-3.4688
-3.46941
-3.46971
-3.47046
-3.47001
-3.46941
-3.47016
-3.46941
-3.4691
-3.46926
-3.4685
-3.4682
-3.46866
-3.46926
-3.47002
-3.47062
-3.46986
-3.47016
-3.47061
-3.47061
-3.47197
-3.47167
-3.47061
-3.46911
-3.46971
-3.47002
-3.46987
-3.46987
-3.46956
-3.46971
-3.46941
-3.4691
-3.46955
-3.4691
-3.46865
-3.46774
-3.46699
-3.46714
-3.46805
-3.4688
-3.4691
-3.4685
-3.4688
-3.4688
-3.4685
-3.46835
-3.46715
-3.46654
-3.4676
-3.46835
-3.46835
-3.46804
-3.46774
-3.4682
-3.46865
-3.4682
-3.46896
-3.46926
-3.46896
-3.46896
-3.46926
-3.46925
-3.4691
-3.47031
-3.47061
-3.47076
-3.47182
-3.47106
-3.47091
-3.47152
-3.47152
-3.47152
-3.47213
-3.47153
-3.47228
-3.47122
-3.47032
-3.46956
-3.47138
-3.47123
-3.47032
-3.47016
-3.47107
-3.47137
-3.47061
-3.47076
-3.47046
-3.46956
-3.4685
-3.4676
-3.46744
-3.46714
-3.4682
-3.4685
-3.4682
-3.46775
-3.46835
-3.46835
-3.46941
-3.46881
-3.46926
-3.46926
-3.46941
-3.46925
-3.46956
-3.46971
-3.46971
-3.46941
-3.46926
-3.46926
-3.46925
-3.46865
-3.46728
-3.46668
-3.46668
-3.46578
-3.46608
-3.46593
-3.46639
-3.46654
-3.4676
-3.46805
-3.4682
-3.46835
-3.4688
-3.4685
-3.46805
-3.46684
-3.46608
-3.46593
-3.46699
-3.46713
-3.46758
-3.46713
-3.46622
-3.46517
-3.46548
-3.46714
-3.4676
-3.46896
-3.46865
-3.4688
-3.47016
-3.47046
-3.47031
-3.47182
-3.47122
-3.47167
-3.47152
-3.47152
-3.47182
-3.47121
-3.47197
-3.47166
-3.47136
-3.47091
-3.47167
-3.47061
-3.47001
-3.46955
-3.47016
-3.47001
-3.46986
-3.47016
-3.47077
-3.47046
-3.47061
-3.47167
-3.47152
-3.47091
-3.47001
-3.47016
-3.47061
-3.47091
-3.47197
-3.47121
-3.47106
-3.47076
-3.46986
-3.46956
-3.47077
-3.47062
-3.46971
-3.4694
-3.4694
-3.46985
-3.47015
-3.47001
-3.46955
-3.47076
-3.47107
-3.47092
-3.47152
-3.47137
-3.47182
-3.47031
-3.47001
-3.4691
-3.4691
-3.46849
-3.4685
-3.4685
-3.46865
-3.4682
-3.46759
-3.46805
-3.4685
-3.4688
-3.46849
-3.46865
-3.46925
-3.47092
-3.47076
-3.47122
-3.47212
-3.47122
-3.47091
-3.47091
-3.47182
-3.47137
-3.47197
-3.47152
-3.47137
-3.47168
-3.47198
-3.47167
-3.47182
-3.47106
-3.47106
-3.47077
-3.46911
-3.47032
-3.47062
-3.47032
-3.46941
-3.4688
-3.46865
-3.46865
-3.46895
-3.46789
-3.46774
-3.46744
-3.46714
-3.46789
-3.46819
-3.46835
-3.46774
-3.46638
-3.46608
-3.46669
-3.46729
-3.4679
-3.4685
-3.46956
-3.4691
-3.46971
-3.46895
-3.46774
-3.46714
-3.46744
-3.4685
-3.4682
-3.46895
-3.46865
-3.46865
-3.4685
-3.46775
-3.46729
-3.46684
-3.46698
-3.46653
-3.46668
-3.46683
-3.46759
-3.46744
-3.46775
-3.46729
-3.46805
-3.46759
-3.4685
-3.46759
-3.46683
-3.46653
-3.46577
-3.46577
-3.46652
-3.46547
-3.46562
-3.46547
-3.46577
-3.46517
-3.46472
-3.46442
-3.46457
-3.46457
-3.46412
-3.46578
-3.46638
-3.46593
-3.46608
-3.46608
-3.46637
-3.46697
-3.46667
-3.46562
-3.46714
-3.46699
-3.46745
-3.46654
-3.46684
-3.4679
-3.4691
-3.4688
-3.46849
-3.46849
-3.46864
-3.4688
-3.46804
-3.46774
-3.4688
-3.46804
-3.46714
-3.46578
-3.46638
-3.46593
-3.46547
-3.46562
-3.46472
-3.46457
-3.46562
-3.46517
-3.46427
-3.46291
-3.46306
-3.4623
-3.46366
-3.46351
-3.46336
-3.46366
-3.46336
-3.46215
-3.46336
-3.46321
-3.46411
-3.46472
-3.46472
-3.46396
-3.46426
-3.46442
-3.46472
-3.46457
-3.46412
-3.46367
-3.46502
-3.46502
-3.46638
-3.46683
-3.46683
-3.46744
-3.46668
-3.46653
-3.46638
-3.46668
-3.46608
-3.46608
-3.46532
-3.46547
-3.46532
-3.46653
-3.46683
-3.46698
-3.46638
-3.46668
-3.46608
-3.46593
-3.46668
-3.46653
-3.46638
-3.46638
-3.46638
-3.46577
-3.46578
-3.46517
-3.46578
-3.46607
-3.46637
-3.46637
-3.46698
-3.46773
-3.46789
-3.46713
-3.46774
-3.46789
-3.46804
-3.46879
-3.46819
-3.4694
-3.46895
-3.47
-3.46925
-3.46955
-3.4694
-3.46834
-3.46759
-3.46819
-3.46788
-3.46849
-3.46803
-3.46834
-3.46894
-3.46864
-3.46819
-3.46909
-3.48036
-3.48006
-3.4793
-3.4787
-3.47855
-3.4784
-3.479
-3.4784
-3.47794
-3.47824
-3.47779
-3.47779
-3.47794
-3.47824
-3.4784
-3.47885
-3.47885
-3.47855
-3.47915
-3.47915
-3.4793
-3.47885
-3.47961
-3.47809
-3.47764
-3.47839
-3.47854
-3.47915
-3.47991
-3.48021
-3.48082
-3.48021
-3.47931
-3.48051
-3.48081
-3.48051
-3.48202
-3.48172
-3.48187
-3.48202
-3.48036
-3.47991
-3.48066
-3.4805
-3.48005
-3.4805
-3.48111
-3.48081
-3.48066
-3.48036
-3.4793
-3.47946
-3.47931
-3.4784
-3.47795
-3.47794
-3.47975
-3.47975
-3.4796
-3.47975
-3.48021
-3.48036
-3.48006
-3.47975
-3.48066
-3.48157
-3.48142
-3.48157
-3.48232
-3.48187
-3.48172
-3.48172
-3.48157
-3.48097
-3.48127
-3.48263
-3.48217
-3.48278
-3.48262
-3.48187
-3.48142
-3.48127
-3.48172
-3.48157
-3.48323
-3.48248
-3.48247
-3.48262
-3.48277
-3.48293
-3.48414
-3.48429
-3.48414
-3.48414
-3.48339
-3.48384
-3.48278
-3.48293
-3.48293
-3.48277
-3.48277
-3.48277
-3.48263
-3.48187
-3.48112
-3.48142
-3.48157
-3.48112
-3.48218
-3.48203
-3.48218
-3.48233
-3.48293
-3.48383
-3.48398
-3.48338
-3.48368
-3.48323
-3.48232
-3.48187
-3.48278
-3.48232
-3.48263
-3.48278
-3.48171
-3.48186
-3.48201
-3.48126
-3.48051
-3.48127
-3.48142
-3.48142
-3.48248
-3.48187
-3.48081
-3.48202
-3.48051
-3.4802
-3.4805
-3.4805
-3.47959
-3.48005
-3.47989
-3.47914
-3.47929
-3.48065
-3.47975
-3.47914
-3.47945
-3.47854
-3.47794
-3.47945
-3.4796
-3.4793
-3.47899
-3.47824
-3.47839
-3.47763
-3.47839
-3.47838
-3.47763
-3.47823
-3.47763
-3.47748
-3.47703
-3.47733
-3.47718
-3.47779
-3.47794
-3.47763
-3.47688
-3.47642
-3.47642
-3.47627
-3.47612
-3.47642
-3.47658
-3.47537
-3.47552
-3.47612
-3.47642
-3.47672
-3.47718
-3.47703
-3.47794
-3.4784
-3.47885
-3.479
-3.4793
-3.47839
-3.47914
-3.47733
-3.47884
-3.47929
-3.47975
-3.4799
-3.47975
-3.47915
-3.47946
-3.47976
-3.47885
-3.47779
-3.47809
-3.47839
-3.47853
-3.47974
-3.48004
-3.48004
-3.48005
-3.48066
-3.48127
-3.48127
-3.48097
-3.48066
-3.48021
-3.4799
-3.47975
-3.47869
-3.47854
-3.47899
-3.48065
-3.4805
-3.48065
-3.48035
-3.48019
-3.47959
-3.47944
-3.48035
-3.48066
-3.48035
-3.48035
-3.48066
-3.47945
-3.4793
-3.4787
-3.47839
-3.47839
-3.4793
-3.47884
-3.47854
-3.4799
-3.4796
-3.48005
-3.48035
-3.4799
-3.47975
-3.47975
-3.48035
-3.48111
-3.48126
-3.48126
-3.48202
-3.48187
-3.48127
-3.48126
-3.48171
-3.48096
-3.4811
-3.48306
-3.48306
-3.48246
-3.48141
-3.48141
-3.48081
-3.4799
-3.47991
-3.4793
-3.47946
-3.48006
-3.47946
-3.47976
-3.48112
-3.48142
-3.48036
-3.48066
-3.4805
-3.48186
-3.48126
-3.48111
-3.48111
-3.48142
-3.48066
-3.48051
-3.48081
-3.48051
-3.47991
-3.48111
-3.48126
-3.48126
-3.48157
-3.48202
-3.48157
-3.48263
-3.48308
-3.48338
-3.48368
-3.48307
-3.48323
-3.48308
-3.48429
-3.48368
-3.48308
-3.48202
-3.48263
-3.48263
-3.48202
-3.48278
-3.48202
-3.48096
-3.48127
-3.48157
-3.48081
-3.48096
-3.48096
-3.48126
-3.48081
-3.48142
-3.48187
-3.48157
-3.48021
-3.48021
-3.48067
-3.48021
-3.48006
-3.47945
-3.479
-3.47839
-3.47885
-3.47961
-3.4784
-3.4781
-3.4787
-3.47915
-3.47885
-3.4784
-3.47825
-3.47915
-3.4793
-3.47885
-3.47916
-3.47901
-3.47885
-3.4787
-3.4781
-3.47779
-3.47779
-3.47794
-3.47855
-3.47885
-3.4793
-3.48051
-3.48051
-3.48112
-3.48188
-3.48279
-3.48233
-3.48143
-3.48052
-3.48037
-3.48021
-3.47961
-3.479
-3.4784
-3.479
-3.47885
-3.47885
-3.48006
-3.48036
-3.48067
-3.48097
-3.48127
-3.48112
-3.48082
-3.48112
-3.47946
-3.47946
-3.47976
-3.4796
-3.47961
-3.47976
-3.48006
-3.48021
-3.48036
-3.48173
-3.48158
-3.48233
-3.48309
-3.48339
-3.48339
-3.48293
-3.48172
-3.48172
-3.48127
-3.48172
-3.48308
-3.48399
-3.48474
-3.48505
-3.48489
-3.48384
-3.48399
-3.48354
-3.48308
-3.48263
-3.48263
-3.48051
-3.47961
-3.47855
-3.47719
-3.47734
-3.47734
-3.4778
-3.4781
-3.47749
-3.47613
-3.47658
-3.47719
-3.47794
-3.4787
-3.479
-3.47749
-3.47719
-3.47629
-3.47674
-3.47674
-3.47689
-3.47703
-3.47733
-3.47658
-3.47673
-3.47597
-3.47688
-3.47749
-3.47674
-3.47613
-3.47689
-3.47659
-3.47719
-3.47689
-3.47643
-3.47613
-3.47719
-3.47688
-3.47704
-3.47673
-3.47764
-3.47809
-3.4787
-3.47885
-3.47764
-3.4787
-3.47824
-3.47855
-3.4784
-3.47915
-3.48006
-3.48112
-3.48157
-3.48112
-3.48021
-3.47885
-3.47885
-3.48021
-3.48051
-3.48036
-3.48005
-3.4802
-3.4799
-3.48081
-3.48187
-3.48006
-3.48021
-3.47885
-3.47825
-3.47795
-3.47719
-3.47719
-3.47688
-3.4793
-3.479
-3.47855
-3.47946
-3.47916
-3.47855
-3.4787
-3.47734
-3.47824
-3.47749
-3.47824
-3.47749
-3.47719
-3.47794
-3.47719
-3.47643
-3.47644
-3.47598
-3.47598
-3.47598
-3.47568
-3.47643
-3.47719
-3.47764
-3.4784
-3.47824
-3.47915
-3.47931
-3.47991
-3.48006
-3.47976
-3.48112
-3.48248
-3.48188
-3.48097
-3.48097
-3.48052
-3.48097
-3.48066
-3.48081
-3.47961
-3.47945
-3.47961
-3.48021
-3.47931
-3.47946
-3.48021
-3.47931
-3.48067
-3.48067
-3.48157
-3.48082
-3.48051
-3.48066
-3.48051
-3.48006
-3.48157
-3.48263
-3.48263
-3.48218
-3.48188
-3.48142
-3.48188
-3.48006
-3.48036
-3.48021
-3.4796
-3.4793
-3.479
-3.47991
-3.48051
-3.47991
-3.48082
-3.48112
-3.48082
-3.47991
-3.47976
-3.47931
-3.47795
-3.47689
-3.47599
-3.47523
-3.47522
-3.47552
-3.47582
-3.47658
-3.47628
-3.47689
-3.47689
-3.47644
-3.47629
-3.47644
-3.47704
-3.47644
-3.47584
-3.47614
-3.47689
-3.47583
-3.47537
-3.47688
-3.47719
-3.47704
-3.47689
-3.47779
-3.47749
-3.4775
-3.47674
-3.47659
-3.47659
-3.47643
-3.47613
-3.47673
-3.47688
-3.47764
-3.4784
-3.47795
-3.4775
-3.47629
-3.47538
-3.47553
-3.47583
-3.47643
-3.47688
-3.47673
-3.47688
-3.47779
-3.47885
-3.4787
-3.4787
-3.47779
-3.47809
-3.47794
-3.47854
-3.47915
-3.48036
-3.48081
-3.48202
-3.48127
-3.48082
-3.48036
-3.48021
-3.48021
-3.48021
-3.4793
-3.47961
-3.47991
-3.47916
-3.47946
-3.48006
-3.48036
-3.48157
-3.48126
-3.48066
-3.48171
-3.48066
-3.48021
-3.4793
-3.4787
-3.47901
-3.47976
-3.47855
-3.47931
-3.47915
-3.47885
-3.4796
-3.48051
-3.4793
-3.4796
-3.4793
-3.47945
-3.47976
-3.48082
-3.48052
-3.47961
-3.47976
-3.47991
-3.47976
-3.47975
-3.4793
-3.47794
-3.4781
-3.47855
-3.4784
-3.47855
-3.47915
-3.47961
-3.48036
-3.48036
-3.47976
-3.48036
-3.48082
-3.47991
-3.48051
-3.48142
-3.48081
-3.48172
-3.48187
-3.48172
-3.48233
-3.48233
-3.48218
-3.48233
-3.48248
-3.48187
-3.48127
-3.48036
-3.48142
-3.48172
-3.48173
-3.48142
-3.48037
-3.48052
-3.48037
-3.48037
-3.479
-3.47946
-3.48021
-3.47976
-3.479
-3.4784
-3.47734
-3.47689
-3.47689
-3.47674
-3.47584
-3.47493
-3.47508
-3.47614
-3.47689
-3.47855
-3.4787
-3.4787
-3.47779
-3.47945
-3.47991
-3.47915
-3.48006
-3.48052
-3.47901
-3.47916
-3.4784
-3.47825
-3.47704
-3.47674
-3.47779
-3.47689
-3.47825
-3.47855
-3.47885
-3.479
-3.47961
-3.479
-3.47931
-3.47991
-3.47961
-3.47961
-3.4793
-3.48082
-3.48097
-3.48081
-3.48157
-3.48111
-3.48036
-3.48096
-3.48036
-3.48021
-3.47976
-3.47961
-3.479
-3.47915
-3.47991
-3.48082
-3.48082
-3.47976
-3.47976
-3.48021
-3.48082
-3.48127
-3.48082
-3.48082
-3.47976
-3.48082
-3.48127
-3.48142
-3.48112
-3.48082
-3.48006
-3.48097
-3.48036
-3.48052
-3.48082
-3.48127
-3.48097
-3.48097
-3.48188
-3.48127
-3.48142
-3.48202
-3.48187
-3.48233
-3.48142
-3.48188
-3.48218
-3.48233
-3.48188
-3.48187
-3.48203
-3.48187
-3.48203
-3.48218
-3.48309
-3.48293
-3.48339
-3.48429
-3.48369
-3.48399
-3.48369
-3.48218
-3.48142
-3.48188
-3.48263
-3.48142
-3.48081
-3.48112
-3.48097
-3.48022
-3.48052
-3.48067
-3.47946
-3.47991
-3.47961
-3.47961
-3.47885
-3.47855
-3.47824
-3.47764
-3.47704
-3.47614
-3.47598
-3.47553
-3.47553
-3.47628
-3.47659
-3.47749
-3.47704
-3.47659
-3.47659
-3.47644
-3.47705
-3.4778
-3.47765
-3.47795
-3.47885
-3.47961
-3.47976
-3.47976
-3.47855
-3.4784
-3.47885
-3.4793
-3.47885
-3.47976
-3.4793
-3.479
-3.479
-3.47975
-3.47945
-3.4793
-3.47946
-3.47916
-3.47976
-3.47886
-3.47961
-3.4793
-3.47885
-3.47809
-3.47734
-3.47658
-3.47613
-3.47644
-3.47643
-3.47704
-3.47718
-3.47914
-3.47869
-3.4799
-3.47884
-3.4796
-3.48096
-3.48172
-3.48111
-3.48066
-3.48066
-3.48232
-3.48217
-3.48248
-3.48308
-3.48414
-3.48414
-3.48383
-3.48262
-3.48277
-3.48217
-3.48307
-3.48398
-3.48338
-3.48398
-3.48307
-3.48262
-3.48247
-3.48217
-3.48292
-3.48232
-3.48202
-3.48262
-3.48172
-3.48142
-3.48126
-3.4802
-3.48036
-3.48036
-3.48066
-3.48005
-3.4796
-3.47991
-3.47946
-3.48082
-3.48082
-3.47991
-3.48006
-3.4799
-3.47975
-3.4802
-3.48081
-3.48006
-3.48021
-3.48006
-3.48006
-3.47915
-3.4793
-3.48021
-3.48036
-3.48156
-3.48126
-3.48156
-3.48232
-3.48247
-3.48263
-3.48248
-3.48263
-3.48263
-3.48218
-3.48338
-3.48308
-3.48308
-3.48232
-3.48111
-3.48096
-3.48171
-3.48292
-3.48201
-3.48292
-3.48307
-3.48323
-3.48398
-3.48384
-3.48338
-3.48308
-3.48248
-3.48218
-3.48218
-3.48308
-3.48247
-3.48262
-3.48217
-3.48217
-3.48277
-3.48323
-3.48323
-3.48338
-3.48187
-3.48218
-3.48263
-3.48187
-3.48248
-3.48142
-3.48141
-3.48081
-3.4802
-3.48035
-3.4802
-3.47974
-3.47914
-3.48035
-3.48141
-3.48187
-3.48278
-3.48262
-3.48262
-3.48277
-3.48247
-3.48398
-3.48398
-3.48322
-3.48292
-3.48292
-3.48217
-3.48171
-3.48096
-3.48126
-3.48096
-3.4799
-3.48051
-3.4799
-3.4799
-3.47945
-3.48035
-3.48171
-3.48141
-3.48126
-3.48126
-3.48126
-3.35031
-3.35091
-3.35136
-3.35121
-3.35137
-3.35167
-3.35182
-3.35182
-3.35122
-3.35077
-3.35001
-3.34955
-3.35091
-3.3503
-3.35076
-3.3503
-3.35121
-3.35122
-3.35092
-3.35046
-3.35031
-3.3497
-3.34955
-3.3497
-3.35106
-3.35318
-3.35137
-3.35167
-3.35198
-3.35092
-3.35062
-3.35016
-3.34986
-3.34895
-3.3494
-3.34925
-3.34865
-3.3491
-3.3491
-3.34955
-3.34925
-3.34895
-3.34926
-3.34866
-3.34896
-3.34805
-3.3485
-3.3479
-3.34653
-3.34849
-3.34804
-3.3491
-3.34986
-3.35107
-3.35092
-3.35047
-3.35032
-3.35138
-3.35122
-3.35062
-3.34971
-3.35001
-3.35001
-3.34986
-3.34955
-3.3488
-3.34804
-3.34774
-3.34774
-3.34865
-3.34729
-3.34759
-3.34729
-3.34895
-3.34955
-3.35137
-3.35167
-3.35227
-3.35212
-3.35137
-3.35016
-3.35076
-3.35182
-3.35273
-3.35136
-3.35076
-3.35015
-3.35151
-3.35136
-3.35121
-3.35136
-3.35197
-3.35227
-3.35257
-3.35258
-3.35258
-3.35258
-3.35333
-3.35378
-3.35212
-3.35167
-3.35212
-3.35076
-3.35197
-3.35272
-3.35227
-3.35227
-3.35121
-3.35015
-3.35015
-3.3503
-3.35121
-3.35151
-3.35167
-3.35212
-3.35288
-3.35288
-3.35273
-3.35439
-3.35484
-3.35499
-3.35515
-3.3553
-3.3559
-3.35605
-3.35651
-3.35666
-3.3559
-3.3553
-3.35621
-3.35605
-3.35363
-3.35363
-3.35303
-3.35272
-3.35197
-3.35106
-3.35152
-3.35167
-3.35137
-3.35137
-3.35107
-3.35077
-3.35001
-3.34986
-3.3488
-3.34879
-3.3488
-3.34971
-3.3485
-3.3485
-3.3485
-3.34668
-3.34789
-3.34819
-3.34865
-3.34804
-3.34835
-3.3482
-3.34759
-3.34744
-3.3488
-3.3491
-3.3491
-3.34744
-3.34835
-3.3491
-3.34865
-3.34895
-3.34849
-3.34895
-3.34789
-3.34834
-3.34865
-3.34804
-3.3482
-3.34774
-3.34744
-3.3485
-3.3482
-3.3479
-3.3476
-3.34805
-3.3479
-3.34925
-3.3491
-3.34955
-3.3491
-3.34895
-3.34805
-3.34851
-3.34851
-3.35017
-3.34911
-3.34895
-3.34728
-3.34774
-3.34819
-3.3494
-3.34941
-3.35016
-3.35016
-3.35031
-3.35061
-3.35182
-3.35107
-3.35167
-3.35167
-3.35167
-3.35107
-3.35228
-3.35212
-3.35091
-3.35122
-3.35076
-3.35046
-3.35031
-3.35092
-3.35092
-3.35182
-3.35106
-3.35031
-3.35076
-3.35167
-3.35198
-3.35274
-3.35213
-3.35214
-3.35183
-3.35304
-3.35152
-3.35137
-3.34986
-3.35031
-3.35107
-3.35137
-3.34986
-3.35046
-3.35107
-3.35016
-3.35092
-3.35137
-3.35122
-3.35017
-3.34896
-3.34896
-3.34775
-3.34805
-3.34775
-3.34835
-3.34911
-3.34881
-3.34911
-3.34971
-3.34926
-3.35001
-3.35016
-3.34956
-3.3494
-3.34956
-3.34956
-3.3488
-3.34986
-3.34926
-3.34896
-3.34851
-3.34896
-3.35032
-3.35001
-3.34971
-3.3488
-3.3488
-3.34941
-3.34835
-3.3482
-3.3479
-3.3485
-3.3485
-3.34895
-3.3494
-3.35001
-3.35077
-3.35047
-3.35062
-3.35032
-3.35047
-3.35078
-3.34987
-3.35002
-3.34987
-3.34986
-3.34971
-3.34925
-3.3491
-3.35137
-3.35016
-3.35077
-3.35198
-3.35243
-3.35152
-3.35092
-3.35107
-3.35167
-3.35092
-3.35062
-3.35016
-3.34926
-3.34971
-3.34986
-3.35137
-3.35152
-3.35228
-3.35092
-3.35152
-3.35122
-3.35183
-3.35137
-3.35047
-3.34971
-3.35107
-3.35107
-3.34987
-3.34881
-3.34896
-3.34896
-3.34896
-3.34926
-3.3482
-3.3476
-3.34881
-3.3479
-3.34699
-3.34745
-3.34669
-3.34593
-3.34609
-3.34609
-3.3467
-3.34625
-3.3464
-3.34625
-3.34564
-3.34655
-3.34639
-3.34639
-3.34624
-3.34639
-3.34699
-3.34729
-3.34654
-3.34775
-3.3479
-3.34836
-3.34896
-3.34957
-3.35003
-3.35018
-3.34912
-3.34912
-3.35063
-3.35047
-3.35047
-3.35062
-3.35062
-3.35062
-3.35032
-3.35017
-3.35017
-3.34957
-3.34927
-3.34942
-3.35017
-3.35078
-3.35063
-3.35078
-3.34972
-3.34926
-3.35047
-3.35002
-3.34911
-3.34911
-3.34987
-3.34911
-3.34896
-3.34896
-3.34806
-3.34851
-3.34836
-3.34896
-3.34866
-3.34941
-3.3482
-3.34835
-3.34865
-3.3479
-3.34774
-3.3488
-3.34865
-3.34896
-3.34866
-3.34896
-3.34956
-3.34956
-3.35032
-3.35213
-3.35198
-3.35122
-3.35001
-3.34986
-3.34956
-3.34971
-3.34956
-3.35002
-3.34956
-3.34971
-3.34865
-3.34699
-3.34683
-3.34699
-3.34775
-3.34881
-3.3482
-3.3476
-3.34805
-3.34775
-3.34866
-3.34956
-3.34986
-3.35002
-3.35017
-3.34956
-3.34941
-3.34926
-3.34987
-3.34971
-3.34896
-3.34881
-3.34865
-3.34926
-3.34926
-3.34941
-3.34926
-3.35017
-3.35062
-3.35032
-3.35047
-3.35032
-3.34911
-3.34881
-3.34956
-3.35001
-3.35062
-3.35016
-3.35092
-3.34926
-3.34926
-3.34941
-3.34972
-3.34881
-3.34911
-3.34851
-3.34866
-3.34836
-3.34806
-3.34912
-3.34912
-3.34821
-3.34836
-3.34836
-3.34866
-3.34775
-3.34745
-3.34609
-3.34594
-3.3464
-3.34594
-3.34639
-3.34624
-3.34503
-3.34443
-3.34413
-3.34398
-3.34352
-3.34413
-3.34413
-3.34473
-3.34534
-3.3467
-3.34806
-3.34836
-3.34836
-3.34866
-3.34881
-3.34987
-3.35048
-3.35002
-3.35032
-3.35077
-3.35138
-3.35107
-3.35153
-3.35108
-3.35063
-3.35002
-3.35048
-3.34942
-3.35078
-3.35138
-3.35168
-3.35183
-3.35213
-3.35289
-3.35349
-3.35319
-3.35259
-3.35168
-3.35213
-3.35244
-3.35183
-3.35168
-3.35138
-3.35078
-3.35123
-3.35183
-3.35077
-3.35138
-3.35108
-3.35138
-3.35199
-3.35214
-3.35138
-3.35213
-3.35183
-3.35168
-3.35153
-3.35002
-3.35032
-3.35063
-3.35048
-3.35124
-3.35154
-3.35169
-3.35018
-3.35002
-3.35047
-3.34926
-3.34836
-3.34836
-3.34776
-3.34776
-3.34836
-3.34866
-3.34776
-3.34791
-3.34685
-3.3467
-3.3479
-3.34715
-3.34685
-3.34579
-3.34504
-3.34655
-3.34655
-3.34625
-3.3461
-3.3458
-3.3464
-3.34594
-3.34685
-3.34655
-3.34685
-3.34685
-3.34595
-3.34565
-3.34534
-3.34519
-3.34624
-3.34655
-3.34685
-3.34701
-3.34686
-3.34656
-3.3464
-3.34731
-3.34685
-3.34761
-3.34776
-3.34791
-3.34761
-3.34761
-3.34716
-3.34761
-3.34836
-3.34836
-3.34851
-3.34852
-3.34882
-3.34882
-3.34867
-3.347
-3.3467
-3.34685
-3.3467
-3.34625
-3.3461
-3.34655
-3.34685
-3.3479
-3.34685
-3.34791
-3.34625
-3.34625
-3.34716
-3.34746
-3.347
-3.34609
-3.34685
-3.3467
-3.34746
-3.34655
-3.34715
-3.34806
-3.34882
-3.34822
-3.34942
-3.35078
-3.35063
-3.35063
-3.34987
-3.34957
-3.34897
-3.34806
-3.34806
-3.34776
-3.34866
-3.34866
-3.34881
-3.34926
-3.34881
-3.34775
-3.3479
-3.3473
-3.34685
-3.347
-3.34731
-3.34761
-3.34821
-3.34896
-3.3479
-3.34745
-3.347
-3.34806
-3.34807
-3.34701
-3.3467
-3.34715
-3.34685
-3.34655
-3.34549
-3.34504
-3.34594
-3.34655
-3.34625
-3.34715
-3.34867
-3.34852
-3.34882
-3.34912
-3.34988
-3.34972
-3.35002
-3.34941
-3.34895
-3.3485
-3.34851
-3.34867
-3.34837
-3.34837
-3.34928
-3.34913
-3.34958
-3.34973
-3.34942
-3.34942
-3.35018
-3.34972
-3.34926
-3.34896
-3.34972
-3.34941
-3.34957
-3.34912
-3.34867
-3.34776
-3.34761
-3.34928
-3.34988
-3.34928
-3.34958
-3.35018
-3.34987
-3.34896
-3.35017
-3.34987
-3.35002
-3.35032
-3.35169
-3.35063
-3.35033
-3.34972
-3.34896
-3.34972
-3.34987
-3.34972
-3.34882
-3.34851
-3.34912
-3.34851
-3.34851
-3.34851
-3.34881
-3.34866
-3.3476
-3.34715
-3.3473
-3.34685
-3.34715
-3.34745
-3.3467
-3.3461
-3.34625
-3.34625
-3.34745
-3.3467
-3.3467
-3.34564
-3.34564
-3.34624
-3.34654
-3.34715
-3.34866
-3.34851
-3.34926
-3.34971
-3.35092
-3.35017
-3.34987
-3.35078
-3.35048
-3.34851
-3.34776
-3.34776
-3.34745
-3.3476
-3.34564
-3.34684
-3.34941
-3.34941
-3.34911
-3.34897
-3.34836
-3.34912
-3.34927
-3.34897
-3.34957
-3.34897
-3.34851
-3.34851
-3.34866
-3.35078
-3.35078
-3.35108
-3.35077
-3.35092
-3.35077
-3.35017
-3.34941
-3.34971
-3.34971
-3.34956
-3.35077
-3.35108
-3.35063
-3.34957
-3.34942
-3.34881
-3.34866
-3.34639
-3.34594
-3.34549
-3.34519
-3.34488
-3.34504
-3.34519
-3.34549
-3.34624
-3.34594
-3.34533
-3.34609
-3.34564
-3.3467
-3.34685
-3.34655
-3.347
-3.34685
-3.3467
-3.34715
-3.34685
-3.3467
-3.347
-3.34685
-3.34564
-3.34565
-3.34444
-3.3452
-3.34595
-3.34519
-3.34563
-3.34669
-3.34669
-3.34685
-3.34579
-3.3467
-3.34716
-3.34716
-3.34686
-3.34701
-3.34716
-3.34791
-3.34821
-3.34882
-3.34837
-3.34807
-3.34867
-3.34851
-3.34866
-3.34805
-3.3476
-3.34836
-3.34745
-3.34685
-3.347
-3.34761
-3.34731
-3.34716
-3.34807
-3.34988
-3.35078
-3.35244
-3.3529
-3.35305
-3.3538
-3.35274
-3.35274
-3.35244
-3.35214
-3.35244
-3.35198
-3.35138
-3.35123
-3.35093
-3.35108
-3.35138
-3.35138
-3.35229
-3.35244
-3.35229
-3.35335
-3.35335
-3.3532
-3.35305
-3.35138
-3.35138
-3.35017
-3.35017
-3.35138
-3.35168
-3.35168
-3.35244
-3.35183
-3.35153
-3.35138
-3.35077
-3.35168
-3.35138
-3.35108
-3.35153
-3.35138
-3.35063
-3.35032
-3.35017
-3.35093
-3.35033
-3.35093
-3.35078
-3.35003
-3.35109
-3.35094
-3.35184
-3.35077
-3.35017
-3.34987
-3.34987
-3.35048
-3.35063
-3.35123
-3.35063
-3.34866
-3.34851
-3.34821
-3.34866
-3.34836
-3.34805
-3.34775
-3.347
-3.34791
-3.34776
-3.34745
-3.34745
-3.34836
-3.34851
-3.34881
-3.34972
-3.34942
-3.34957
-3.34896
-3.34836
-3.34745
-3.3473
-3.3467
-3.34761
-3.34791
-3.3476
-3.3479
-3.34715
-3.34564
-3.34489
-3.34428
-3.34383
-3.34458
-3.34458
-3.34443
-3.34413
-3.34458
-3.34473
-3.34489
-3.34413
-3.34459
-3.34413
-3.34383
-3.34398
-3.34338
-3.34338
-3.34443
-3.34472
-3.34472
-3.34472
-3.34609
-3.34761
-3.34882
-3.34882
-3.34836
-3.34776
-3.34867
-3.34927
-3.35003
-3.34942
-3.34972
-3.34927
-3.35002
-3.35032
-3.35063
-3.35108
-3.35048
-3.35017
-3.34942
-3.34972
-3.34941
-3.34911
-3.34836
-3.34821
-3.3473
-3.34821
-3.34987
-3.34926
-3.34941
-3.34881
-3.34941
-3.34941
-3.35002
-3.35017
-3.34987
-3.34836
-3.34896
-3.34866
-3.34896
-3.34957
-3.34911
-3.34972
-3.34987
-3.43834
-3.43909
-3.43939
-3.43955
-3.43969
-3.43864
-3.43848
-3.43864
-3.43833
-3.43894
-3.43924
-3.43833
-3.43864
-3.43849
-3.43955
-3.43849
-3.43788
-3.43713
-3.43683
-3.43683
-3.43698
-3.43652
-3.43667
-3.43667
-3.43772
-3.43818
-3.43939
-3.43863
-3.43833
-3.43667
-3.43561
-3.43607
-3.43667
-3.43637
-3.43697
-3.43833
-3.43758
-3.43773
-3.43682
-3.43667
-3.43652
-3.43758
-3.43743
-3.43713
-3.43652
-3.43698
-3.43803
-3.43713
-3.43607
-3.43576
-3.43425
-3.43319
-3.43319
-3.43259
-3.43123
-3.43062
-3.43108
-3.43138
-3.43123
-3.43078
-3.43123
-3.43184
-3.43214
-3.43244
-3.43229
-3.43214
-3.43274
-3.43168
-3.43243
-3.43334
-3.43395
-3.43455
-3.43425
-3.43501
-3.43562
-3.43562
-3.43547
-3.43622
-3.43758
-3.43712
-3.43667
-3.43742
-3.43697
-3.43682
-3.43622
-3.43743
-3.43788
-3.43788
-3.43743
-3.43637
-3.43697
-3.43682
-3.43697
-3.43682
-3.43743
-3.43713
-3.43728
-3.43713
-3.43698
-3.43743
-3.43773
-3.43788
-3.43772
-3.43833
-3.43864
-3.43925
-3.43925
-3.44
-3.4394
-3.43954
-3.43984
-3.43924
-3.43924
-3.43954
-3.4397
-3.4394
-3.4394
-3.43909
-3.43909
-3.43924
-3.43909
-3.43863
-3.43939
-3.4403
-3.44075
-3.44014
-3.43939
-3.44014
-3.44014
-3.43999
-3.43878
-3.43803
-3.43863
-3.43848
-3.43788
-3.43894
-3.43879
-3.43894
-3.43969
-3.44015
-3.43954
-3.4412
-3.4409
-3.4403
-3.43939
-3.43924
-3.43864
-3.43954
-3.43955
-3.4397
-3.43834
-3.43849
-3.43804
-3.43788
-3.43849
-3.43939
-3.43834
-3.43864
-3.43894
-3.43909
-3.43864
-3.43849
-3.43788
-3.43879
-3.43818
-3.43909
-3.44014
-3.43893
-3.43773
-3.43788
-3.43758
-3.43576
-3.43546
-3.43516
-3.43486
-3.43486
-3.43486
-3.43456
-3.43592
-3.43622
-3.43622
-3.43547
-3.43577
-3.43547
-3.43577
-3.43577
-3.43682
-3.43848
-3.43864
-3.43894
-3.43864
-3.43879
-3.43894
-3.43969
-3.43985
-3.43909
-3.43879
-3.43788
-3.43788
-3.43728
-3.43667
-3.43698
-3.43728
-3.43743
-3.43652
-3.43652
-3.43758
-3.43788
-3.43713
-3.43727
-3.43712
-3.43743
-3.43742
-3.43758
-3.43727
-3.43667
-3.43667
-3.43667
-3.43713
-3.43743
-3.43713
-3.43683
-3.43668
-3.43607
-3.43547
-3.43637
-3.43531
-3.43531
-3.43712
-3.43682
-3.43698
-3.43803
-3.43849
-3.43803
-3.43773
-3.43682
-3.43758
-3.43788
-3.43819
-3.43789
-3.43834
-3.43789
-3.43743
-3.43864
-3.43909
-3.43834
-3.43834
-3.43864
-3.43819
-3.43939
-3.43788
-3.43773
-3.43773
-3.43728
-3.43637
-3.43667
-3.43607
-3.43713
-3.43743
-3.43758
-3.43773
-3.43728
-3.43834
-3.43713
-3.43698
-3.43653
-3.43592
-3.43592
-3.43622
-3.43622
-3.43577
-3.43516
-3.43501
-3.43638
-3.43653
-3.43774
-3.43758
-3.43849
-3.43728
-3.43909
-3.43894
-3.43939
-3.43954
-3.43954
-3.4403
-3.44
-3.43939
-3.43984
-3.43894
-3.43909
-3.43879
-3.43849
-3.43864
-3.43819
-3.43804
-3.43683
-3.43637
-3.43607
-3.43622
-3.43531
-3.43471
-3.43441
-3.43395
-3.43411
-3.43395
-3.43411
-3.43501
-3.4338
-3.4326
-3.43154
-3.43244
-3.43199
-3.43138
-3.43289
-3.43244
-3.43289
-3.4332
-3.43365
-3.4338
-3.43335
-3.4338
-3.4341
-3.43456
-3.43531
-3.43441
-3.43501
-3.43456
-3.43395
-3.43365
-3.4341
-3.4341
-3.43485
-3.4344
-3.43501
-3.43532
-3.43592
-3.43607
-3.43607
-3.43622
-3.43607
-3.43622
-3.43546
-3.43621
-3.43667
-3.43667
-3.43636
-3.43682
-3.43652
-3.43576
-3.43577
-3.43713
-3.43683
-3.43788
-3.43773
-3.43833
-3.43818
-3.43878
-3.43954
-3.43984
-3.44045
-3.43909
-3.43894
-3.43879
-3.4394
-3.43954
-3.43999
-3.43938
-3.43968
-3.43999
-3.43999
-3.43908
-3.43954
-3.43909
-3.43924
-3.43894
-3.43863
-3.43879
-3.43833
-3.43879
-3.43894
-3.43879
-3.43879
-3.43803
-3.43833
-3.43818
-3.43803
-3.43818
-3.43848
-3.43818
-3.43848
-3.43818
-3.43802
-3.43697
-3.43682
-3.43591
-3.43607
-3.43562
-3.43546
-3.43592
-3.43622
-3.43607
-3.43697
-3.43682
-3.43712
-3.43697
-3.43576
-3.43501
-3.43546
-3.43485
-3.43485
-3.43485
-3.43561
-3.43531
-3.4344
-3.43546
-3.43546
-3.43471
-3.43547
-3.43547
-3.43592
-3.43637
-3.43546
-3.4347
-3.43485
-3.43515
-3.43515
-3.43651
-3.43757
-3.43803
-3.43773
-3.43743
-3.43818
-3.43819
-3.43773
-3.43698
-3.43682
-3.43682
-3.43637
-3.43757
-3.43606
-3.43591
-3.43697
-3.43712
-3.43667
-3.43531
-3.43486
-3.43471
-3.43516
-3.43546
-3.43486
-3.4344
-3.43395
-3.43425
-3.4341
-3.43471
-3.43622
-3.43727
-3.43772
-3.43666
-3.43636
-3.43742
-3.43742
-3.43682
-3.43773
-3.43849
-3.43728
-3.43788
-3.43879
-3.43984
-3.44044
-3.44075
-3.4415
-3.44075
-3.4406
-3.44045
-3.4403
-3.44045
-3.44045
-3.44075
-3.4415
-3.4412
-3.44029
-3.43999
-3.43954
-3.44014
-3.43969
-3.44014
-3.43909
-3.43803
-3.43757
-3.43697
-3.43712
-3.43682
-3.43622
-3.43607
-3.43652
-3.43652
-3.43531
-3.43441
-3.43365
-3.43335
-3.4338
-3.43319
-3.43214
-3.43138
-3.43138
-3.43154
-3.43184
-3.43199
-3.4329
-3.43259
-3.43335
-3.43425
-3.43455
-3.43425
-3.43349
-3.4338
-3.43365
-3.43381
-3.43456
-3.43532
-3.43668
-3.43667
-3.43728
-3.43667
-3.43773
-3.43849
-3.43803
-3.43803
-3.43803
-3.43713
-3.43728
-3.43682
-3.43652
-3.43637
-3.43698
-3.43637
-3.43607
-3.43592
-3.43531
-3.43546
-3.43591
-3.43682
-3.43727
-3.43667
-3.43667
-3.43667
-3.43698
-3.43758
-3.43697
-3.43712
-3.43788
-3.43728
-3.43637
-3.43561
-3.43501
-3.43607
-3.43607
-3.43697
-3.43727
-3.43757
-3.43742
-3.43682
-3.43713
-3.43743
-3.43637
-3.43577
-3.43667
-3.43622
-3.43561
-3.43607
-3.43516
-3.43516
-3.4341
-3.43531
-3.43637
-3.43577
-3.43531
-3.43576
-3.43652
-3.43546
-3.43485
-3.43334
-3.43365
-3.4335
-3.43395
-3.43365
-3.43486
-3.43501
-3.43456
-3.43501
-3.4341
-3.43395
-3.43425
-3.43425
-3.43501
-3.43636
-3.43636
-3.43651
-3.43682
-3.43848
-3.43818
-3.43803
-3.43818
-3.43849
-3.43773
-3.43803
-3.43894
-3.43863
-3.43863
-3.43758
-3.43727
-3.43818
-3.43818
-3.43788
-3.43773
-3.43713
-3.43758
-3.43682
-3.43773
-3.43818
-3.43803
-3.43833
-3.43772
-3.43742
-3.43818
-3.43924
-3.43939
-3.43939
-3.43864
-3.43864
-3.43924
-3.43909
-3.43969
-3.43909
-3.44014
-3.44044
-3.4409
-3.4409
-3.4409
-3.44105
-3.43984
-3.43878
-3.43818
-3.43833
-3.43832
-3.43817
-3.43833
-3.43787
-3.43802
-3.43908
-3.43803
-3.43787
-3.43848
-3.43818
-3.43818
-3.43863
-3.43893
-3.43923
-3.43878
-3.43772
-3.43742
-3.43727
-3.43652
-3.43637
-3.43606
-3.4353
-3.43681
-3.43606
-3.43606
-3.43636
-3.43621
-3.43727
-3.43727
-3.43803
-3.43773
-3.43788
-3.43803
-3.43878
-3.43787
-3.43682
-3.43727
-3.43561
-3.43591
-3.43546
-3.43516
-3.43622
-3.43622
-3.43652
-3.43546
-3.43576
-3.43501
-3.43471
-3.43426
-3.43395
-3.4341
-3.43364
-3.4344
-3.43485
-3.43485
-3.4347
-3.4344
-3.43516
-3.43576
-3.43546
-3.43622
-3.43682
-3.43742
-3.43773
-3.43727
-3.43667
-3.43576
-3.43667
-3.43773
-3.43758
-3.43728
-3.43757
-3.43636
-3.4353
-3.435
-3.43425
-3.4335
-3.43365
-3.43396
-3.43411
-3.43365
-3.43441
-3.43501
-3.435
-3.435
-3.4353
-3.4347
-3.43485
-3.4341
-3.43425
-3.43455
-3.43516
-3.43546
-3.43455
-3.4347
-3.43516
-3.43546
-3.43486
-3.43502
-3.43592
-3.43562
-3.43547
-3.43622
-3.43652
-3.43696
-3.43711
-3.43726
-3.43757
-3.43787
-3.43803
-3.43833
-3.43939
-3.43834
-3.43879
-3.43863
-3.43939
-3.43848
-3.43848
-3.43773
-3.43803
-3.43803
-3.43909
-3.43969
-3.43954
-3.44029
-3.43969
-3.44044
-3.44044
-3.44074
-3.44134
-3.44149
-3.4418
-3.4418
-3.44195
-3.44134
-3.44044
-3.4406
-3.4403
-3.44075
-3.4403
-3.4406
-3.44105
-3.43969
-3.44029
-3.43983
-3.43953
-3.43968
-3.44119
-3.4418
-3.4421
-3.4427
-3.44391
-3.44376
-3.44331
-3.44346
-3.44361
-3.44301
-3.44271
-3.44181
-3.44165
-3.44256
-3.44241
-3.44165
-3.44044
-3.44044
-3.43983
-3.43968
-3.43893
-3.43712
-3.43636
-3.43576
-3.43485
-3.43561
-3.43531
-3.43576
-3.43561
-3.43545
-3.43621
-3.43636
-3.43621
-3.43666
-3.43667
-3.43576
-3.43576
-3.43606
-3.43545
-3.43575
-3.4362
-3.43635
-3.43666
-3.43697
-3.43712
-3.43712
-3.43802
-3.43832
-3.43908
-3.43832
-3.43908
-3.43923
-3.43953
-3.44013
-3.43968
-3.44014
-3.44014
-3.43969
-3.44075
-3.44075
-3.44105
-3.44029
-3.43954
-3.43833
-3.43727
-3.43787
-3.43742
-3.43772
-3.43817
-3.43832
-3.43892
-3.43938
-3.43998
-3.43999
-3.44014
-3.44014
-3.43969
-3.43954
-3.43984
-3.43954
-3.43878
-3.43863
-3.44029
-3.44104
-3.44195
-3.44104
-3.44089
-3.44089
-3.44135
-3.43969
-3.43878
-3.43818
-3.43742
-3.43772
-3.43772
-3.43772
-3.43818
-3.43772
-3.43787
-3.43787
-3.43757
-3.43848
-3.43832
-3.43862
-3.43787
-3.43711
-3.43651
-3.43832
-3.43833
-3.43848
-3.43908
-3.43969
-3.44075
-3.4406
-3.4412
-3.44059
-3.44059
-3.43968
-3.43983
-3.44059
-3.44059
-3.43984
-3.44029
-3.44014
-3.44014
-3.44014
-3.43968
-3.43908
-3.43923
-3.44059
-3.44104
-3.44059
-3.43953
-3.43908
-3.43862
-3.43878
-3.43893
-3.43893
-3.43923
-3.43954
-3.44014
-3.44044
-3.44149
-3.44209
-3.44285
-3.44315
-3.44285
-3.4421
-3.44255
-3.44286
-3.4427
-3.4427
-3.44225
-3.44164
-3.44074
-3.44059
-3.43983
-3.44059
-3.44013
-3.44028
-3.44043
-3.43923
-3.43908
-3.43938
-3.43893
-3.43953
-3.43938
-3.43998
-3.44074
-3.44059
-3.44044
-3.44059
-3.4418
-3.44029
-3.44028
-3.43983
-3.43998
-3.44028
-3.44043
-3.44058
-3.44073
-3.44104
-3.44104
-3.44073
-3.43922
-3.43953
-3.43937
-3.43892
-3.43967
-3.43998
-3.43922
-3.43937
-3.43877
-3.43922
-3.43862
-3.43862
-3.43832
-3.43786
-3.43726
-3.43696
-3.4359
-3.43575
-3.43666
-3.43681
-3.43726
-3.43786
-3.43756
-3.4362
