-5.3192
-5.28557
-5.2278
-5.1453
-5.03565
-4.89708
-4.72954
-4.5288
-4.29949
-4.03816
-3.74634
-3.42304
-3.07887
-2.71596
-2.34739
-1.98419
-1.64547
-1.34347
-1.08894
-0.889812
-0.746235
-0.658246
-0.618493
-0.61382
-0.641716
-0.689182
-0.746683
-0.809852
-0.870155
-0.926314
-0.974641
-1.01536
-1.04863
-1.07429
-1.09304
-1.10744
-1.11648
-1.11871
-1.11608
-1.10757
-1.0876
-1.05951
-1.01838
-0.969305
-0.913256
-0.852877
-0.792292
-0.734207
-0.681475
-0.639679
-0.610522
-0.592196
-0.586254
-0.592596
-0.608816
-0.632796
-0.661251
-0.690917
-0.719287
-0.743679
-0.760582
-0.771211
-0.775642
-0.772976
-0.764271
-0.752998
-0.740075
-0.728203
-0.719092
-0.713998
-0.714894
-0.721871
-0.736725
-0.757181
-0.781063
-0.807161
-0.83304
-0.85485
-0.875734
-0.891164
-0.905214
-0.916574
-0.927428
-0.936698
-0.947785
-0.957415
-0.967906
-0.979319
-0.988627
-0.995607
-0.998192
-0.998363
-0.993629
-0.984384
-0.973478
-0.963311
-0.949381
-0.936134
-0.925336
-0.91675
-0.91157
-0.90873
-0.907327
-0.903512
-0.898116
-0.888861
-0.876771
-0.858184
-0.836893
-0.811428
-0.783652
-0.752076
-0.714181
-0.671268
-0.621895
-0.571099
-0.518323
-0.468143
-0.420484
-0.382955
-0.355071
-0.337042
-0.330776
-0.333363
-0.344077
-0.358451
-0.375887
-0.393133
-0.411166
-0.431005
-0.452043
-0.474142
-0.499039
-0.526725
-0.557175
-0.590987
-0.625368
-0.659955
-0.692043
-0.721599
-0.749965
-0.776526
-0.801181
-0.825756
-0.847299
-0.865264
-0.877435
-0.885657
-0.887124
-0.884262
-0.878388
-0.867809
-0.85593
-0.849287
-0.845526
-0.851107
-0.866142
-0.892701
-0.9307
-0.975326
-1.02427
-1.07512
-1.12117
-1.15735
-1.18309
-1.19642
-1.19762
-1.18769
-1.16954
-1.14429
-1.11302
-1.0806
-1.04888
-1.02029
-0.995611
-0.976486
-0.964679
-0.95677
-0.950919
-0.949664
-0.949539
-0.949288
-0.947959
-0.944323
-0.939111
-0.931819
-0.922801
-0.912965
-0.903517
-0.895867
-0.890267
-0.892809
-0.89917
-0.910402
-0.926054
-0.943638
-0.962256
-0.978552
-0.990973
-0.999021
-1.00174
-1.00118
-0.997841
-0.992891
-0.984335
-0.977021
-0.971685
-0.968999
-0.966349
-0.964562
-0.963418
-0.960812
-0.957769
-0.95281
-0.943028
-0.932342
-0.917779
-0.901999
-0.884069
-0.866031
-0.84887
-0.831795
-0.814494
-0.798997
-0.7826
-0.763491
-0.739803
-0.714508
-0.68933
-0.665587
-0.647918
-0.638631
-0.638149
-0.643566
-0.65509
-0.668359
-0.686066
-0.708351
-0.732573
-0.763224
-0.802005
-0.8505
-0.90534
-0.962012
-1.01983
-1.07209
-1.11626
-1.14883
-1.16663
-1.1715
-1.16124
-1.13813
-1.10672
-1.06704
-1.02485
-0.98304
-0.943581
-0.909468
-0.880088
-0.853961
-0.833035
-0.816111
-0.80477
-0.79878
-0.798084
-0.801889
-0.809305
-0.818143
-0.828844
-0.836178
-0.842006
-0.84581
-0.852625
-0.859735
-0.871642
-0.892533
-0.919097
-0.948253
-0.979437
-1.0084
-1.03505
-1.05519
-1.06963
-1.07626
-1.07877
-1.07499
-1.06358
-1.04353
-1.01759
-0.987733
-0.951929
-0.913528
-0.873379
-0.831898
-0.792932
-0.756985
-0.727952
-0.703127
-0.682831
-0.669414
-0.660565
-0.65535
-0.654441
-0.658804
-0.66995
-0.686553
-0.708087
-0.733948
-0.761307
-0.785619
-0.805369
-0.821941
-0.83772
-0.854996
-0.875301
-0.899865
-0.929141
-0.953518
-0.968388
-0.969477
-0.959243
-0.942777
-0.922461
-0.903311
-0.892351
-0.888677
-0.893684
-0.90527
-0.923237
-0.942708
-0.961715
-0.975529
-0.982426
-0.981343
-0.972368
-0.956571
-0.935796
-0.913802
-0.893093
-0.871733
-0.858041
-0.847461
-0.846078
-0.849956
-0.86091
-0.878251
-0.901081
-0.925472
-0.954089
-0.984865
-1.01386
-1.04143
-1.0666
-1.08781
-1.10332
-1.11578
-1.12371
-1.12904
-1.13073
-1.12988
-1.12733
-1.12527
-1.12226
-1.11828
-1.1123
-1.10256
-1.09026
-1.07194
-1.04808
-1.01915
-0.985095
-0.947564
-0.90807
-0.868601
-0.827656
-0.786986
-0.745784
-0.701441
-0.655758
-0.606248
-0.555279
-0.502841
-0.452121
-0.411414
-0.386943
-0.382145
-0.398162
-0.432998
-0.483984
-0.544061
-0.609635
-0.677613
-0.742434
-0.801719
-0.851433
-0.890315
-0.918358
-0.936282
-0.945014
-0.946159
-0.942034
-0.93643
-0.926246
-0.917096
-0.904708
-0.890091
-0.871961
-0.85059
-0.828517
-0.804557
-0.783077
-0.762388
-0.745579
-0.735394
-0.730238
-0.727376
-0.726094
-0.723915
-0.720657
-0.714218
-0.707608
-0.702557
-0.700764
-0.705292
-0.716535
-0.732193
-0.752343
-0.773678
-0.790962
-0.803585
-0.808703
-0.80531
-0.793609
-0.773334
-0.74755
-0.717221
-0.687156
-0.659126
-0.637629
-0.6258
-0.628101
-0.646209
-0.678618
-0.723369
-0.777616
-0.834967
-0.890747
-0.942024
-0.985443
-1.01946
-1.04213
-1.05364
-1.05258
-1.03995
-1.01743
-0.981532
-0.93774
-0.889598
-0.839655
-0.794298
-0.756648
-0.727325
-0.711103
-0.706146
-0.709228
-0.717907
-0.732044
-0.747356
-0.763736
-0.780381
-0.795429
-0.809947
-0.82315
-0.835878
-0.845949
-0.855373
-0.862906
-0.867305
-0.870512
-0.868616
-0.863502
-0.854828
-0.844768
-0.8304
-0.813059
-0.792746
-0.770859
-0.745545
-0.717419
-0.688261
-0.658482
-0.630155
-0.607231
-0.5887
-0.578263
-0.573429
-0.576034
-0.582746
-0.593761
-0.606556
-0.617822
-0.625556
-0.626712
-0.621439
-0.61085
-0.595371
-0.578886
-0.563839
-0.556779
-0.558773
-0.573
-0.594849
-0.624777
-0.659483
-0.69737
-0.733095
-0.76392
-0.788641
-0.807514
-0.817369
-0.814725
-0.802146
-0.778338
-0.742606
-0.696602
-0.641711
-0.577338
-0.508558
-0.438864
-0.369608
-0.307245
-0.254809
-0.216256
-0.19311
-0.189469
-0.202554
-0.231861
-0.273885
-0.328113
-0.389079
-0.454893
-0.522181
-0.590163
-0.652483
-0.706891
-0.75363
-0.790615
-0.819879
-0.836582
-0.84489
-0.843588
-0.836768
-0.826247
-0.815
-0.805426
-0.799986
-0.804246
-0.81635
-0.836656
-0.865933
-0.901598
-0.942235
-0.982837
-1.02127
-1.05363
-1.08031
-1.09945
-1.11333
-1.12034
-1.12361
-1.1235
-1.12287
-1.12272
-1.12477
-1.1293
-1.13727
-1.14667
-1.1549
-1.16086
-1.1626
-1.15852
-1.14684
-1.12435
-1.09043
-1.0466
-0.9944
-0.933258
-0.867904
-0.800124
-0.734309
-0.672496
-0.617683
-0.572584
-0.537895
-0.512832
-0.495006
-0.484487
-0.477217
-0.473033
-0.471696
-0.471701
-0.470004
-0.468704
-0.471821
-0.473596
-0.475364
-0.479453
-0.483331
-0.486415
-0.489734
-0.491271
-0.492139
-0.489895
-0.487873
-0.482601
-0.477863
-0.472644
-0.467217
-0.464285
-0.46405
-0.466154
-0.473046
-0.488054
-0.511045
-0.541497
-0.574892
-0.61277
-0.651743
-0.689122
-0.723016
-0.754567
-0.783935
-0.811185
-0.837863
-0.864514
-0.891699
-0.916817
-0.939262
-0.959713
-0.976883
-0.991334
-1.00329
-1.0118
-1.01343
-1.01095
-1.00302
-0.989949
-0.970442
-0.942978
-0.912054
-0.877897
-0.845891
-0.815539
-0.789587
-0.769724
-0.756704
-0.747589
-0.745945
-0.747626
-0.756327
-0.768592
-0.783701
-0.801296
-0.816561
-0.828912
-0.83466
-0.8377
-0.837726
-0.833855
-0.83178
-0.832461
-0.837996
-0.847544
-0.862795
-0.878551
-0.894006
-0.905875
-0.910692
-0.909229
-0.901583
-0.886527
-0.863416
-0.83743
-0.812842
-0.792688
-0.779369
-0.777904
-0.782507
-0.792512
-0.799138
-0.793495
-0.772539
-0.734849
-0.681708
-0.620636
-0.559646
-0.507904
-0.475617
-0.459189
-0.45877
-0.476002
-0.502532
-0.539802
-0.582179
-0.626315
-0.670902
-0.709984
-0.744045
-0.765235
-0.776213
-0.774256
-0.762474
-0.746325
-0.730754
-0.718423
-0.710568
-0.703749
-0.697671
-0.693094
-0.688409
-0.685004
-0.679781
-0.675553
-0.669965
-0.665018
-0.6556
-0.642667
-0.625434
-0.604572
-0.58389
-0.56223
-0.544827
-0.534344
-0.532519
-0.539274
-0.554246
-0.576689
-0.605194
-0.635189
-0.667445
-0.697864
-0.730716
-0.76649
-0.804181
-0.842693
-0.881962
-0.920409
-0.958615
-0.99175
-1.02022
-1.03862
-1.04853
-1.04888
-1.03897
-1.02042
-0.995569
-0.964866
-0.929858
-0.896286
-0.865617
-0.842935
-0.828266
-0.826453
-0.835101
-0.854935
-0.884061
-0.91841
-0.957355
-0.997167
-1.03114
-1.06021
-1.08094
-1.09165
-1.09122
-1.08147
-1.06088
-1.03333
-0.999665
-0.963124
-0.928209
-0.897974
-0.875607
-0.861016
-0.853733
-0.851706
-0.848739
-0.839816
-0.823679
-0.793581
-0.752422
-0.702081
-0.644611
-0.588295
-0.537111
-0.491913
-0.456092
-0.426569
-0.402202
-0.379832
-0.362668
-0.347618
-0.332188
-0.314432
-0.291097
-0.262897
-0.227197
-0.191501
-0.160578
-0.137675
-0.125961
-0.125552
-0.134687
-0.152466
-0.171892
-0.187997
-0.200074
-0.207702
-0.210873
-0.211878
-0.218287
-0.230728
-0.251675
-0.284714
-0.329931
-0.384871
-0.450216
-0.520388
-0.59759
-0.676958
-0.753353
-0.826666
-0.893629
-0.947297
-0.989859
-1.01682
-1.02828
-1.02419
-1.0059
-0.977995
-0.938962
-0.897534
-0.855811
-0.815634
-0.780431
-0.752914
-0.732187
-0.71359
-0.698345
-0.682609
-0.666187
-0.649039
-0.629003
-0.607013
-0.587098
-0.570701
-0.559115
-0.553606
-0.55522
-0.566152
-0.583657
-0.607232
-0.635757
-0.667729
-0.702821
-0.741316
-0.782605
-0.825539
-0.869885
-0.919087
-0.969387
-1.01973
-1.0639
-1.10232
-1.13104
-1.1484
-1.1532
-1.14828
-1.13391
-1.11324
-1.08483
-1.05611
-1.02559
-0.994979
-0.966523
-0.941878
-0.922331
-0.908202
-0.896894
-0.887812
-0.880442
-0.872224
-0.861199
-0.847882
-0.831128
-0.818107
-0.810945
-0.815293
-0.833022
-0.860748
-0.896229
-0.931145
-0.962001
-0.985871
-1.00238
-1.0139
-1.0202
-1.02236
-1.0239
-1.02426
-1.02866
-1.03461
-1.0414
-1.04711
-1.05199
-1.05296
-1.0492
-1.03814
-1.01938
-0.990395
-0.951086
-0.902669
-0.848333
-0.787353
-0.725506
-0.671013
-0.62916
-0.603024
-0.596311
-0.610257
-0.638186
-0.675701
-0.718657
-0.760517
-0.797964
-0.829724
-0.855372
-0.876343
-0.893831
-0.91109
-0.931241
-0.950142
-0.96878
-0.985639
-0.997847
-1.00545
-1.00603
-1.00191
-0.992587
-0.977664
-0.959691
-0.938046
-0.912851
-0.884649
-0.851851
-0.81666
-0.783306
-0.753205
-0.729924
-0.718902
-0.71855
-0.731154
-0.754595
-0.784582
-0.819255
-0.854002
-0.88309
-0.904432
-0.917027
-0.91839
-0.906487
-0.886065
-0.856908
-0.823205
-0.785635
-0.749311
-0.712943
-0.675803
-0.640604
-0.602526
-0.561574
-0.515681
-0.46353
-0.407426
-0.348383
-0.291057
-0.236858
-0.192656
-0.157849
-0.134137
-0.122001
-0.120239
-0.13057
-0.155297
-0.192919
-0.24303
-0.306057
-0.380089
-0.45796
-0.53823
-0.612159
-0.275557
-0.30723
-0.297239
-0.246683
-0.162422
-0.0496962
0.0859058
0.237683
0.39622
0.555082
0.706215
0.838138
0.942296
1.01348
1.05082
1.06226
1.05699
1.04591
1.04463
1.0562
1.08336
1.12563
1.17647
1.22795
1.2671
1.28067
1.26088
1.20576
1.12606
1.0332
0.943057
0.867631
0.812652
0.786738
0.790576
0.822076
0.876368
0.947829
1.02683
1.10074
1.1625
1.20491
1.2256
1.22665
1.20857
1.17718
1.13998
1.10487
1.07715
1.06295
1.06353
1.07575
1.08881
1.09523
1.09176
1.08007
1.06112
1.03511
1.00573
0.969824
0.931716
0.894337
0.863262
0.836938
0.818366
0.805515
0.799795
0.805
0.821857
0.854241
0.903896
0.970415
1.04661
1.11916
1.17805
1.21148
1.22358
1.21794
1.20353
1.18813
1.17621
1.17337
1.18079
1.20108
1.23623
1.28908
1.35858
1.43772
1.51554
1.5826
1.62086
1.62109
1.57648
1.49384
1.38934
1.27805
1.1779
1.10445
1.05782
1.03793
1.04013
1.05706
1.07634
1.09089
1.08551
1.05866
1.00767
0.940604
0.864551
0.788819
0.723698
0.677693
0.657959
0.663143
0.692556
0.741526
0.803158
0.864717
0.924188
0.975905
1.01532
1.04586
1.06909
1.08631
1.1008
1.11463
1.12794
1.14152
1.15429
1.16324
1.16596
1.16133
1.14402
1.11383
1.07524
1.03453
0.997136
0.968049
0.950384
0.942669
0.944497
0.954625
0.970454
0.992
1.01403
1.03465
1.0488
1.04989
1.03655
1.01135
0.974812
0.928083
0.878708
0.832197
0.793697
0.774887
0.783272
0.823176
0.891181
0.974342
1.05848
1.12791
1.16818
1.18006
1.17679
1.17143
1.17842
1.20621
1.25708
1.32478
1.4043
1.49192
1.57285
1.64111
1.68934
1.71357
1.71039
1.68321
1.63849
1.57905
1.51186
1.44464
1.38196
1.33438
1.30212
1.2816
1.27365
1.27282
1.27379
1.27093
1.2626
1.24756
1.22938
1.21067
1.19364
1.18132
1.17528
1.17382
1.17454
1.17195
1.16796
1.15914
1.14454
1.12881
1.11361
1.10305
1.10093
1.10692
1.11312
1.11727
1.10959
1.08898
1.05963
1.02741
1.00411
0.994464
1.0051
1.03393
1.07956
1.13394
1.18815
1.23026
1.25355
1.25004
1.21639
1.15664
1.07572
0.982417
0.88863
0.798898
0.723043
0.66542
0.629522
0.616631
0.626477
0.654578
0.694902
0.742626
0.794472
0.842616
0.875326
0.885177
0.866339
0.817996
0.74894
0.675583
0.60598
0.553292
0.520677
0.507182
0.502508
0.496098
0.482004
0.453982
0.410835
0.35726
0.305223
0.264595
0.246588
0.25392
0.290584
0.352847
0.432108
0.521028
0.611851
0.697331
0.768421
0.825618
0.87049
0.903191
0.925869
0.937025
0.938103
0.930712
0.921225
0.919985
0.938032
0.977338
1.04354
1.13052
1.22816
1.32673
1.41804
1.49061
1.53755
1.55224
1.53751
1.49438
1.42693
1.34431
1.25684
1.17447
1.10431
1.05195
1.01866
1.00461
1.00905
1.02888
1.06494
1.10922
1.15918
1.21074
1.25705
1.29763
1.3243
1.33559
1.32983
1.30831
1.27631
1.23942
1.20827
1.18831
1.18701
1.20725
1.24937
1.31082
1.38675
1.46573
1.54381
1.60733
1.6524
1.68101
1.70308
1.72594
1.75319
1.78389
1.81407
1.83785
1.85123
1.85892
1.86287
1.87099
1.88248
1.90319
1.92891
1.9566
1.97822
1.98767
1.9803
1.95684
1.92291
1.88473
1.84841
1.81957
1.79835
1.78514
1.77834
1.77744
1.77417
1.76731
1.7513
1.72877
1.70079
1.66939
1.63843
1.61342
1.59817
1.59231
1.59436
1.59896
1.59969
1.59227
1.57137
1.54057
1.50368
1.46229
1.42099
1.38522
1.35327
1.32584
1.30537
1.29568
1.29718
1.30984
1.3326
1.35599
1.37312
1.3791
1.36922
1.34535
1.31131
1.27573
1.24033
1.20839
1.18117
1.16093
1.14256
1.12979
1.12042
1.11686
1.11629
1.12327
1.13098
1.14151
1.15198
1.15999
1.16278
1.16123
1.1545
1.1422
1.12592
1.11043
1.0929
1.07587
1.06041
1.04517
1.03593
1.03276
1.03774
1.05293
1.07896
1.1085
1.14039
1.16226
1.172
1.17116
1.15821
1.13907
1.116
1.08836
1.0622
1.04335
1.03277
1.03489
1.04716
1.06928
1.09555
1.12116
1.14538
1.16665
1.18748
1.20954
1.23539
1.26064
1.28436
1.2997
1.3045
1.29997
1.28339
1.25511
1.21576
1.16848
1.11988
1.08079
1.05727
1.04935
1.05559
1.05943
1.056
1.0361
1.00304
0.960349
0.914303
0.871989
0.840516
0.828922
0.838842
0.870192
0.921737
0.988045
1.06338
1.13876
1.20716
1.26342
1.29741
1.30118
1.27248
1.21315
1.12814
1.03007
0.930154
0.836493
0.749241
0.675466
0.615147
0.56893
0.540666
0.531374
0.544243
0.580367
0.643956
0.730195
0.83391
0.950757
1.06934
1.1794
1.27435
1.35102
1.41548
1.46467
1.50306
1.52955
1.54793
1.55489
1.5496
1.53276
1.5067
1.47389
1.43588
1.39417
1.34922
1.302
1.2509
1.19942
1.14921
1.10225
1.05975
1.02401
0.997989
0.978927
0.972259
0.972701
0.979412
0.98856
0.997976
1.00698
1.01281
1.01785
1.0241
1.02468
1.0192
1.00527
0.986441
0.966594
0.950628
0.946453
0.950047
0.962133
0.975127
0.984939
0.989809
0.987522
0.979466
0.967435
0.9548
0.940857
0.926711
0.916161
0.911988
0.91428
0.926614
0.945409
0.970394
0.999546
1.02866
1.05797
1.08747
1.11738
1.14605
1.17261
1.19681
1.22032
1.24881
1.28185
1.31796
1.35543
1.3849
1.39791
1.39392
1.36484
1.31461
1.24795
1.17007
1.08894
1.00974
0.936804
0.871644
0.81788
0.773627
0.742886
0.72564
0.720895
0.728872
0.744149
0.7707
0.808006
0.855075
0.91149
0.974338
1.03702
1.09161
1.13343
1.15723
1.16363
1.15178
1.13509
1.11576
1.1019
1.0931
1.08544
1.08048
1.07667
1.07691
1.0853
1.10137
1.1202
1.13942
1.15168
1.15788
1.16045
1.16477
1.17411
1.19121
1.21418
1.24286
1.27829
1.31443
1.34884
1.37823
1.4035
1.42224
1.43695
1.44401
1.44146
1.42345
1.38644
1.3241
1.23972
1.13807
1.02956
0.920596
0.821138
0.740595
0.681463
0.649761
0.649564
0.676683
0.729437
0.800314
0.88107
0.967969
1.05557
1.13584
1.20157
1.24738
1.27317
1.2779
1.26694
1.24368
1.21345
1.17864
1.1488
1.128
1.1214
1.12878
1.14929
1.17507
1.1984
1.20968
1.20218
1.17145
1.11936
1.04867
0.960987
0.866448
0.773738
0.695615
0.63928
0.610676
0.612979
0.643582
0.69323
0.752207
0.803862
0.835677
0.839489
0.819182
0.78127
0.739196
0.704138
0.681736
0.676621
0.684867
0.697771
0.706614
0.702911
0.685656
0.656539
0.619423
0.584277
0.553205
0.529288
0.513547
0.501948
0.497251
0.498749
0.50363
0.514156
0.529792
0.549336
0.576386
0.610905
0.655908
0.713624
0.783681
0.868323
0.96548
1.07279
1.18753
1.30493
1.41873
1.52037
1.60534
1.66613
1.69623
1.69718
1.6648
1.61032
1.53888
1.46087
1.37984
1.29883
1.22222
1.14961
1.0811
1.01437
0.951629
0.894278
0.849279
0.820792
0.817108
0.843374
0.893087
0.968346
1.05897
1.153
1.24123
1.30863
1.34868
1.35959
1.34468
1.31258
1.27127
1.22643
1.18167
1.13422
1.08273
1.02207
0.952387
0.87135
0.782506
0.693077
0.610079
0.54207
0.498407
0.482604
0.496307
0.539834
0.608045
0.699466
0.80706
0.920202
1.03377
1.14229
1.24208
1.3282
1.40037
1.45794
1.50735
1.54958
1.59202
1.63386
1.67607
1.71102
1.73499
1.74696
1.74055
1.71681
1.67201
1.60846
1.527
1.42952
1.32141
1.20969
1.09886
0.994351
0.902358
0.823241
0.759886
0.709521
0.672605
0.650169
0.64497
0.654696
0.674355
0.69647
0.714448
0.724681
0.738961
0.756043
0.786091
0.829083
0.887246
0.955327
1.03269
1.11254
1.19329
1.27312
1.34935
1.41935
1.48223
1.53271
1.56702
1.58075
1.57169
1.54332
1.50048
1.44873
1.40068
1.36492
1.35057
1.35955
1.39043
1.4387
1.49117
1.53849
1.57289
1.59156
1.59615
1.59364
1.58355
1.56934
1.55207
1.52786
1.48937
1.43431
1.35984
1.26291
1.15159
1.03441
0.924542
0.828301
0.753332
0.703452
0.678284
0.675605
0.689275
0.709467
0.730295
0.741641
0.742241
0.737202
0.728063
0.716796
0.708673
0.704962
0.701675
0.701767
0.706746
0.725746
0.762348
0.818369
0.890269
0.971193
1.05027
1.1194
1.17461
1.21964
1.25565
1.29069
1.32378
1.35801
1.38986
1.41154
1.41578
1.40163
1.37007
1.32767
1.27772
1.22904
1.18643
1.1487
1.11483
1.08678
1.06316
1.03838
1.01464
0.991623
0.966444
0.941239
0.920054
0.904219
0.895332
0.895378
0.902106
0.914863
0.93527
0.964021
0.999074
1.04318
1.09244
1.14657
1.19715
1.23845
1.26484
1.27313
1.25956
1.22875
1.18616
1.13444
1.07697
1.02328
0.976533
0.940484
0.920968
0.916471
0.928974
0.954612
0.986905
1.02382
1.0563
1.07695
1.08261
1.0766
1.06615
1.0601
1.06624
1.08728
1.12152
1.16977
1.22905
1.29172
1.35108
1.40545
1.44973
1.48003
1.49308
1.48646
1.4619
1.42256
1.3764
1.32863
1.28775
1.25652
1.24315
1.2416
1.25296
1.27646
1.31306
1.36111
1.41784
1.47864
1.53759
1.58851
1.62641
1.6494
1.65508
1.64293
1.61174
1.56585
1.50772
1.44333
1.37289
1.30579
1.24711
1.19969
1.15869
1.12316
1.08969
1.05255
1.01367
0.969845
0.928769
0.891773
0.867026
0.854643
0.854439
0.86418
0.879039
0.892659
0.902486
0.90339
0.8938
0.875235
0.851057
0.82685
0.805784
0.79485
0.797655
0.817617
0.854517
0.908443
0.976265
1.05114
1.12168
1.18018
1.2218
1.24175
1.24332
1.22618
1.19537
1.15604
1.10656
1.05161
0.991914
0.929803
0.869636
0.816677
0.773183
0.7376
0.854043
0.833737
0.822954
0.818486
0.827934
0.857493
0.910247
0.989424
1.08878
1.20911
1.33566
1.45597
1.5545
1.62372
1.65321
1.64461
1.60639
1.54381
1.46914
1.39447
1.32601
1.26471
1.2064
1.151
1.09516
1.0421
0.996396
0.964923
0.955237
0.97006
1.0113
1.07339
1.15005
1.23553
1.32384
1.40544
1.47444
1.52474
1.55114
1.55264
1.53322
1.49201
1.43947
1.38368
1.33325
1.29747
1.28377
1.29746
1.34098
1.41347
1.5083
1.61036
1.7049
1.77287
1.80307
1.78928
1.74661
1.683
1.61184
1.54425
1.48901
1.45067
1.43093
1.43186
1.44823
1.47634
1.51223
1.54799
1.57354
1.58215
1.56549
1.52417
1.45906
1.37715
1.29159
1.21269
1.14824
1.10509
1.09019
1.09864
1.12867
1.17761
1.23467
1.29362
1.34722
1.38686
1.40726
1.40209
1.37391
1.33099
1.28323
1.24645
1.2313
1.23979
1.27363
1.3281
1.39928
1.47795
1.559
1.63631
1.71081
1.77784
1.83502
1.88746
1.93262
1.97002
2.00146
2.02388
2.04112
2.05277
2.05987
2.05834
2.04757
2.02548
1.99427
1.94742
1.89198
1.8267
1.75584
1.67935
1.59815
1.51589
1.43938
1.3735
1.32098
1.28518
1.2656
1.26294
1.27552
1.30236
1.3412
1.39109
1.44961
1.50757
1.56432
1.61171
1.64505
1.66144
1.65985
1.64505
1.62177
1.5925
1.55952
1.5264
1.49522
1.46971
1.45012
1.44113
1.44089
1.44909
1.47037
1.50043
1.54327
1.59367
1.64351
1.67758
1.69484
1.69333
1.67925
1.65801
1.63747
1.61987
1.60269
1.58511
1.56326
1.5392
1.50656
1.46909
1.42631
1.38038
1.3363
1.30228
1.27942
1.27609
1.2918
1.32327
1.36553
1.41212
1.45383
1.48691
1.50787
1.51765
1.52481
1.54061
1.57156
1.62505
1.69861
1.78522
1.87492
1.9603
2.02524
2.06001
2.05599
2.01267
1.93137
1.81667
1.68094
1.53503
1.39077
1.25743
1.14339
1.05558
0.995317
0.964724
0.955655
0.96867
0.993453
1.02375
1.04827
1.06001
1.05648
1.03706
1.01335
0.996029
0.992959
1.00221
1.02259
1.04869
1.0777
1.10971
1.14388
1.18074
1.22006
1.25768
1.29165
1.3161
1.32697
1.32263
1.30234
1.27311
1.2487
1.23534
1.23615
1.24067
1.24273
1.23508
1.22168
1.21408
1.21984
1.24945
1.30115
1.3737
1.45918
1.54384
1.61311
1.66061
1.68344
1.6899
1.69782
1.71798
1.7545
1.81326
1.8882
1.97861
2.07669
2.17218
2.26063
2.33456
2.39112
2.42944
2.44983
2.45562
2.44875
2.43505
2.41728
2.39764
2.38062
2.3686
2.36235
2.36912
2.38887
2.41757
2.44172
2.44943
2.43064
2.38961
2.33447
2.27366
2.20894
2.14213
2.07326
2.007
1.94386
1.89287
1.85369
1.82846
1.8217
1.8285
1.84363
1.86536
1.89142
1.92234
1.96155
2.0052
2.05041
2.08246
2.09067
2.06498
2.00337
1.916
1.81642
1.71769
1.63306
1.56692
1.52061
1.49583
1.49099
1.49941
1.51852
1.54218
1.56978
1.59619
1.62796
1.66127
1.69561
1.72951
1.76036
1.7862
1.8104
1.83161
1.84962
1.86421
1.86805
1.85612
1.82917
1.79091
1.74878
1.70789
1.6719
1.63809
1.60813
1.58435
1.56673
1.55573
1.5534
1.55558
1.55283
1.53708
1.50688
1.466
1.423
1.38972
1.37551
1.38278
1.41215
1.46431
1.53411
1.60723
1.66842
1.70754
1.71687
1.69247
1.63546
1.54751
1.43923
1.32019
1.20496
1.1047
1.02718
0.976727
0.957129
0.964434
0.993528
1.03716
1.08955
1.14443
1.19393
1.23731
1.27174
1.30201
1.33223
1.3657
1.40521
1.44926
1.4951
1.54622
1.59918
1.65051
1.69227
1.7215
1.73195
1.72221
1.68777
1.63333
1.56209
1.4853
1.41512
1.36114
1.33288
1.33418
1.36115
1.41056
1.47409
1.54446
1.61077
1.66547
1.70575
1.73004
1.74168
1.7503
1.76246
1.77996
1.8103
1.84936
1.89214
1.9344
1.96698
1.9893
1.99801
1.99486
1.98138
1.96152
1.95129
1.94727
1.95109
1.95252
1.93927
1.89691
1.82141
1.71761
1.60453
1.49626
1.40534
1.34239
1.3088
1.30131
1.31873
1.35295
1.3957
1.43719
1.46875
1.48737
1.49599
1.49603
1.49244
1.48752
1.47782
1.46609
1.4571
1.45596
1.46125
1.47154
1.4819
1.48747
1.48289
1.46445
1.43773
1.4076
1.3761
1.34918
1.32666
1.30504
1.27892
1.24292
1.1938
1.13459
1.06485
0.990327
0.919341
0.856511
0.810174
0.792218
0.808842
0.864766
0.958941
1.0897
1.24863
1.42478
1.60108
1.7603
1.88787
1.97347
2.01275
2.00625
1.9563
1.87109
1.76305
1.64687
1.54037
1.45994
1.41072
1.39632
1.40824
1.43847
1.47822
1.51649
1.55637
1.59327
1.62876
1.66064
1.68464
1.69911
1.70548
1.70419
1.69627
1.68592
1.67624
1.66371
1.64486
1.61634
1.57931
1.53775
1.49565
1.45995
1.43545
1.41931
1.40926
1.40154
1.39303
1.38381
1.37393
1.36681
1.36296
1.36073
1.35669
1.34696
1.32506
1.2918
1.25218
1.21255
1.18242
1.16988
1.17708
1.21261
1.27637
1.37555
1.51159
1.67907
1.86778
2.05277
2.20766
2.3043
2.32416
2.26888
2.1545
2.00952
1.86183
1.73142
1.63049
1.56377
1.52937
1.5187
1.52164
1.52836
1.53228
1.5313
1.52691
1.52071
1.51642
1.52022
1.52894
1.54044
1.5496
1.55074
1.53907
1.51214
1.4743
1.42805
1.37889
1.33502
1.30232
1.2842
1.28432
1.30224
1.33858
1.38469
1.4322
1.47098
1.49131
1.49099
1.47295
1.44341
1.4099
1.37469
1.34388
1.32024
1.30526
1.29653
1.29197
1.29028
1.28432
1.27225
1.25129
1.23025
1.21239
1.20568
1.21592
1.24577
1.28844
1.33715
1.37606
1.39952
1.4035
1.39501
1.38791
1.39233
1.42778
1.49454
1.59753
1.72484
1.86379
1.99384
2.09375
2.15499
2.17448
2.15741
2.10906
2.04854
1.98118
1.91499
1.85636
1.80328
1.75901
1.72161
1.68939
1.66358
1.64036
1.61554
1.58901
1.55954
1.5244
1.48756
1.44902
1.41786
1.39495
1.38926
1.4017
1.43014
1.47208
1.51959
1.56105
1.59199
1.60678
1.6061
1.59589
1.58113
1.56324
1.54343
1.52008
1.48594
1.43798
1.37943
1.31599
1.25932
1.2174
1.20437
1.22176
1.27397
1.34908
1.43529
1.51315
1.57121
1.60296
1.61402
1.61545
1.61742
1.62711
1.64518
1.67105
1.69619
1.7158
1.71677
1.6993
1.66492
1.62322
1.58635
1.56406
1.56268
1.58096
1.61897
1.66875
1.72333
1.77635
1.81878
1.84565
1.8511
1.83203
1.78704
1.71639
1.62717
1.52646
1.41873
1.31007
1.20392
1.10751
1.02713
0.965374
0.922581
0.903789
0.909557
0.938441
0.990909
1.06737
1.16189
1.26984
1.38754
1.50749
1.62309
1.72739
1.81264
1.87614
1.91681
1.93902
1.94317
1.92832
1.90433
1.8693
1.83477
1.80135
1.77299
1.75146
1.7362
1.72916
1.72279
1.7193
1.71447
1.71218
1.71387
1.72048
1.73267
1.74566
1.75252
1.74765
1.73018
1.69673
1.64934
1.59419
1.54127
1.49795
1.46808
1.45356
1.45301
1.46838
1.49759
1.5439
1.6054
1.6798
1.76583
1.85468
1.94247
2.02339
2.08888
2.14473
2.19498
2.24448
2.28452
2.30515
2.2952
2.25443
2.19248
2.12127
2.0441
1.9757
1.91896
1.87503
1.84581
1.83475
1.83453
1.84563
1.86725
1.89822
1.93614
1.97799
2.02043
2.06055
2.09661
2.12869
2.16229
2.1905
2.21119
2.21554
2.20055
2.16429
2.10551
2.0318
1.94772
1.85945
1.77421
1.6963
1.63132
1.58288
1.56068
1.5669
1.60677
1.68323
1.79075
1.92977
2.08947
2.26003
2.42376
2.56773
2.68243
2.75693
2.78679
2.77484
2.72587
2.6495
2.55928
2.45983
2.35891
2.25108
2.13884
2.02503
1.91488
1.81703
1.74091
1.68796
1.6637
1.66475
1.69027
1.73057
1.77528
1.81993
1.86198
1.89964
1.93252
1.96072
1.97904
1.98901
1.98851
1.97574
1.95266
1.92433
1.889
1.85906
1.83027
1.80748
1.78582
1.76689
1.75095
1.73684
1.72933
1.72887
1.73876
1.75628
1.78702
1.83198
1.89402
1.97259
2.06028
2.1486
2.22418
2.27795
2.30516
2.29804
2.26164
2.20177
2.12472
2.04343
1.95889
1.88118
1.81568
1.76175
1.7213
1.69326
1.67326
1.6555
1.64044
1.62847
1.61939
1.61456
1.61488
1.61608
1.62339
1.63719
1.66026
1.69543
1.74703
1.813
1.88869
1.96834
2.04088
2.10292
2.15061
2.18878
2.21978
2.24527
2.27109
2.29721
2.32108
2.33898
2.3466
2.34717
2.33623
2.31318
2.28268
2.24581
2.19838
2.1379
2.06101
1.97319
1.88088
1.79244
1.7112
1.63734
1.56922
1.50841
1.4499
1.39194
1.33037
1.26321
1.18921
1.10763
1.0199
0.927976
0.83781
0.756441
0.693572
0.656134
0.649531
0.674078
0.728642
0.812381
0.908501
1.00175
1.07944
1.12674
1.14914
1.14853
1.1409
1.13701
1.1458
1.17086
1.21406
1.27246
1.34696
1.43723
1.54262
1.64946
1.74563
1.82012
1.86126
1.86441
1.83416
1.77127
1.68053
1.57359
1.46158
1.35826
1.27465
1.21116
1.17015
1.14589
1.13182
1.12304
1.12035
1.12163
1.12856
1.13372
1.13959
1.14104
1.13983
1.13413
1.12461
1.11781
1.11916
1.12884
1.15037
1.17878
1.21175
1.25003
1.29435
1.34636
1.40069
1.45624
1.50762
1.54357
1.56338
1.56363
1.5496
1.53352
1.51859
1.51014
1.5053
1.50315
1.49849
1.49329
1.49021
1.49153
1.49659
1.50236
1.50883
1.51196
1.51041
1.50632
1.4999
1.50257
1.51713
1.55073
1.60537
1.67539
1.75487
1.83613
1.91136
1.9756
2.02688
2.05796
2.0594
2.0277
1.9637
1.98196
1.86548
1.74657
1.63237
1.53375
1.46499
1.43198
1.43555
1.47807
1.55694
1.66628
1.7971
1.93811
2.07676
2.20197
2.30358
2.38144
2.43968
2.47722
2.48889
2.47094
2.43066
2.3736
2.31461
2.26231
2.22837
2.21505
2.22798
2.26941
2.34024
2.43566
2.54773
2.65646
2.74672
2.80592
2.83222
2.83252
2.81437
2.78761
2.76033
2.73314
2.69758
2.64714
2.57588
2.48384
2.37726
2.26984
2.17158
2.09213
2.03498
2.00122
1.98528
1.98807
2.00384
2.02731
2.05659
2.08769
2.11583
2.14102
2.15425
2.15695
2.14248
2.11203
2.06815
2.01713
1.96817
1.92846
1.90933
1.90938
1.9267
1.95469
1.99174
2.0315
2.06879
2.10532
2.13894
2.17202
2.20929
2.24831
2.28635
2.32728
2.36787
2.41047
2.44851
2.48065
2.49927
2.50266
2.48656
2.45438
2.41043
2.3554
2.29408
2.22865
2.16908
2.11793
2.08056
2.06598
2.07663
2.10998
2.16063
2.21361
2.25323
2.26952
2.25654
2.22455
2.18656
2.15021
2.11864
2.08843
2.05132
1.99977
1.93786
1.86484
1.78948
1.72142
1.66694
1.62762
1.6001
1.57693
1.55633
1.53731
1.52929
1.54299
1.57949
1.64133
1.72639
1.82267
1.92026
2.01361
2.0996
2.17746
2.24194
2.28515
2.29718
2.27121
2.20986
2.1322
2.05828
1.99577
1.95123
1.91421
1.87947
1.84535
1.81074
1.78064
1.75941
1.75634
1.77936
1.82587
1.89401
1.98249
2.0817
2.17881
2.26263
2.31689
2.33779
2.3275
2.29402
2.25077
2.20929
2.18189
2.1746
2.18398
2.20443
2.22658
2.23371
2.2142
2.16416
2.08636
1.99467
1.89528
1.80199
1.72079
1.66344
1.6336
1.63469
1.67212
1.7455
1.84849
1.96669
2.07641
2.16188
2.22066
2.26715
2.31407
2.36427
2.41154
2.44674
2.45282
2.41944
2.34365
2.23635
2.11278
1.99238
1.89051
1.8189
1.78207
1.77689
1.8022
1.85368
1.92824
2.01622
2.10872
2.18919
2.24068
2.25269
2.22549
2.17204
2.1023
2.02326
1.94227
1.86906
1.81012
1.77288
1.76011
1.77289
1.81073
1.87048
1.94568
2.02585
2.09987
2.16395
2.22162
2.27109
2.32057
2.37118
2.43113
2.50207
2.57576
2.64013
2.68713
2.71378
2.72424
2.72254
2.7155
2.70038
2.67421
2.63353
2.57839
2.50772
2.41834
2.31212
2.19757
2.07915
1.96519
1.86869
1.79392
1.74633
1.72349
1.72442
1.74237
1.7697
1.80535
1.84314
1.885
1.93308
1.99001
2.05438
2.12598
2.20053
2.27313
2.33796
2.38919
2.42011
2.42841
2.41585
2.388
2.35889
2.33985
2.33067
2.32945
2.33477
2.33551
2.32708
2.30867
2.28323
2.25744
2.23301
2.20929
2.18463
2.15717
2.12792
2.09739
2.06954
2.04455
2.02369
2.01568
2.01904
2.03626
2.05742
2.07405
2.07795
2.0668
2.04291
2.01408
1.99004
1.98082
1.99194
2.02792
2.08516
2.16484
2.25043
2.33481
2.40359
2.44664
2.45971
2.44578
2.41418
2.37663
2.34093
2.31319
2.29151
2.27157
2.24466
2.20629
2.15673
2.10133
2.04905
2.00622
1.97819
1.96402
1.96264
1.97532
1.99835
2.03324
2.07339
2.12153
2.17742
2.24179
2.32072
2.40585
2.48581
2.54178
2.56198
2.54512
2.50051
2.43842
2.36852
2.29487
2.22489
2.16578
2.1244
2.11013
2.13399
2.19354
2.28241
2.39254
2.51675
2.64841
2.77991
2.90086
3.00652
3.08812
3.13839
3.15641
3.14246
3.10098
3.04347
2.97618
2.90594
2.83453
2.76421
2.69405
2.62112
2.55079
2.49113
2.44936
2.42989
2.43901
2.47751
2.54702
2.64173
2.74876
2.8488
2.92644
2.95909
2.94184
2.87361
2.76777
2.6505
2.54064
2.44805
2.37062
2.30474
2.24641
2.19782
2.1573
2.12638
2.10418
2.08899
2.0782
2.06873
2.06418
2.05515
2.03734
2.00253
1.95598
1.9024
1.85729
1.83468
1.84189
1.88012
1.94211
2.01914
2.10058
2.17518
2.23394
2.2698
2.2822
2.27177
2.24632
2.21431
2.18676
2.17331
2.17829
2.19826
2.2299
2.26173
2.28681
2.3051
2.31377
2.31596
2.30682
2.2873
2.25641
2.21932
2.18635
2.16735
2.16599
2.18008
2.19769
2.20985
2.21439
2.21452
2.20881
2.19771
2.17846
2.14996
2.11156
2.07015
2.03538
2.01424
2.01614
2.04499
2.1029
2.19166
2.30541
2.43167
2.55956
2.67317
2.75065
2.77689
2.74902
2.67487
2.57118
2.45594
2.34513
2.23959
2.14
2.0451
1.95538
1.87399
1.80771
1.76174
1.74624
1.7634
1.82116
1.9105
2.0184
2.1183
2.1848
2.21048
2.19992
2.16747
2.12646
2.087
2.05662
2.04179
2.04493
2.06481
2.09378
2.11985
2.12976
2.11783
2.0774
2.01873
1.95008
1.88339
1.8292
1.80136
1.80187
1.83789
1.90634
1.99968
2.10372
2.20286
2.27793
2.3161
2.31641
2.28303
2.22597
2.1573
2.08514
2.01833
1.96344
1.92474
1.90408
1.9003
1.90997
1.93465
1.97185
2.01606
2.06406
2.10789
2.13826
2.14626
2.12541
2.08445
2.03139
1.98204
1.94354
1.91395
1.88459
1.8501
1.80087
1.74049
1.67258
1.60399
1.53926
1.48165
1.42899
1.38486
1.35553
1.34752
1.37058
1.42948
1.52728
1.66244
1.8206
1.98518
2.1323
2.24831
2.3265
2.37121
2.38385
2.36285
2.3145
2.24809
2.16907
2.09123
2.02541
1.98136
1.9691
1.99642
2.06148
2.1507
2.2366
2.29036
2.29793
2.26461
2.21798
2.16934
2.13037
2.09492
2.05457
2.00665
1.94883
1.89031
1.83738
1.80144
1.78688
1.79394
1.82128
1.86005
1.89972
1.93127
1.94689
1.94359
1.92983
1.91447
1.90651
1.91257
1.93672
1.97713
2.03278
2.09618
2.16322
2.22646
2.28342
2.33418
2.37402
2.39924
2.41014
2.39806
2.36406
2.31318
2.25418
2.20316
2.16864
2.16023
2.17572
2.20971
2.24693
2.26664
2.2544
2.20731
2.13214
2.04835
1.97803
1.93355
1.92544
1.94989
1.99469
2.04454
2.09031
2.11986
2.13964
2.1516
2.16003
2.16677
2.17593
2.18315
2.19085
2.19836
2.20714
2.2111
2.21491
2.21723
2.21939
2.2288
2.24653
2.27269
2.3122
2.36032
2.40579
2.43841
2.44483
2.41189
2.33568
2.22617
2.0962
1.96594
1.84597
1.74583
1.6768
1.63828
1.63078
1.64609
1.67538
1.716
1.76422
1.82282
1.89113
1.96802
2.04859
2.12762
2.19813
2.25399
2.2974
2.32795
2.34617
2.35649
2.35519
2.33964
2.31025
2.26436
2.19909
2.11151
2.00133
1.87461
1.73839
1.60577
1.48656
1.38881
1.32211
1.2913
1.29943
1.3522
1.44572
1.57473
1.7259
1.88331
2.0276
2.14071
2.21836
2.25833
2.26228
2.2408
2.20075
2.14681
2.08254
2.01003
1.93896
1.88017
1.8425
1.82993
1.84683
1.89174
1.95619
2.0218
2.06404
2.07058
2.04061
1.97934
1.8917
1.79734
1.71362
1.66064
1.64405
1.65441
1.68559
1.72337
1.75834
1.79228
1.82394
1.85358
1.88031
1.90373
1.92508
1.94766
1.97361
2.00291
2.03631
2.06946
2.09783
2.12102
2.13548
2.14433
2.14995
2.15536
2.16199
2.16859
2.16847
2.15933
2.13013
2.07462
1.98866
1.8773
1.75648
1.64093
1.54449
1.48566
1.46621
1.49231
1.55447
1.64769
1.7624
1.88025
1.98984
2.07403
2.13093
2.16316
2.17814
2.18672
2.20105
2.22555
2.25888
2.29768
2.33422
2.36097
2.37333
2.36573
2.33613
2.28117
2.21009
2.12822
2.04206
1.9623
1.89745
1.85502
1.84295
1.8606
1.90861
1.97914
2.06085
2.13552
2.18549
2.19967
2.17664
2.12422
2.05873
1.99561
1.94868
1.93034
1.95067
2.0056
2.08828
2.18622
2.28384
2.36132
2.4049
2.40423
2.3618
2.28125
2.17468
2.05811
1.94654
1.85611
1.79516
1.77128
1.78238
1.82456
1.88919
1.9677
2.04871
2.12092
2.18019
2.22204
2.24923
2.26584
2.27807
2.28732
2.2957
2.30757
2.32448
2.3466
2.37323
2.40021
2.42187
2.43723
2.44344
2.44258
2.44018
2.43342
2.42848
2.42414
2.41847
2.40728
2.38573
2.35061
2.29773
2.22501
2.1401
2.0484
1.95543
1.86249
1.77087
1.67757
1.58106
1.48762
1.40764
1.36019
1.35519
1.38566
1.4347
1.48152
1.5042
1.48643
1.42934
1.348
1.25294
1.16624
1.1015
1.06324
1.05561
1.0702
1.09734
1.1257
1.15662
1.19073
1.23389
1.29553
1.37968
1.4885
1.62034
1.76475
1.91178
2.04935
2.16583
2.25148
2.30366
2.33029
2.34706
2.3633
2.39824
2.44996
2.51666
2.58808
2.65625
2.70787
2.74224
2.75531
2.74754
2.71868
2.6631
2.58094
2.48087
2.37542
2.28258
2.21725
2.18995
2.19712
2.23405
2.29026
2.35487
2.41445
2.45806
2.47876
2.47523
2.45124
2.41982
2.39355
2.37791
2.3802
2.39245
2.40592
2.40883
2.39675
2.36328
2.31345
2.24987
2.17522
2.09591
2.01561
1.94274
1.87856
1.82922
1.79552
1.77258
1.75753
1.75254
1.75392
1.7617
1.77037
1.78335
1.79984
1.82476
1.85997
1.9085
1.96522
2.02575
2.08051
2.11919
2.13923
2.13919
2.12323
2.09516
2.06339
2.03396
2.01112
2.00009
1.99184
1.98029
1.96092
1.9307
1.89577
1.86155
1.82787
1.79926
1.77502
1.75955
1.7491
1.74262
1.7396
1.74542
1.76759
1.81548
1.88861
1.96699
2.02376
2.02996
1.97317
1.86235
1.72062
1.57713
1.45373
1.35953
1.30088
1.27922
1.29159
1.33373
1.39608
1.47352
1.54971
1.62735
1.70353
1.786
1.88273
1.99526
2.10967
2.20795
2.27544
2.30615
2.30257
2.27198
2.22258
2.16557
2.09881
2.02658
1.95287
1.88716
1.83827
1.81332
1.81009
1.82718
1.85383
1.87978
1.89772
1.90326
1.89908
1.89034
1.87334
1.85725
1.84172
1.82489
1.8004
1.76361
1.70586
1.62342
1.51585
1.39559
1.278
1.17517
1.1067
1.07903
1.09457
1.14854
1.22665
1.315
1.3955
1.46601
1.52579
1.58055
1.63553
1.68766
1.74237
1.79236
1.84224
1.88371
1.91978
1.95137
1.98476
2.02162
2.06549
2.11332
2.15889
2.19728
2.22628
2.24531
2.25389
2.24981
2.23566
2.21556
2.19706
2.18756
2.18468
2.17938
2.16334
2.13323
2.08979
2.04233
1.99831
1.96334
1.94277
1.9337
1.93846
1.94981
1.97065
1.99331
2.02328
2.05476
2.09172
2.13003
2.1674
2.19249
2.20139
2.19352
2.17055
2.13637
2.1057
2.0859
2.08066
2.09039
2.11117
2.13595
2.14935
2.14965
2.13315
2.1084
2.07668
2.04975
2.03986
2.04917
2.08304
2.1369
2.20859
2.28664
2.35954
2.42107
2.4537
2.4449
2.39481
2.31638
2.22799
2.14857
2.08757
2.04361
2.01711
2.00627
2.01668
2.04755
2.0968
2.15394
2.20982
2.25636
2.28776
2.30279
2.2948
2.26647
2.21917
2.15913
2.08807
2.02093
1.96596
1.92747
1.91153
1.92346
1.96634
2.03809
2.13428
2.24115
2.34871
2.45451
2.55459
2.6492
2.7386
2.81216
2.86584
2.89185
2.88049
2.82231
2.71304
2.56403
2.39086
2.2181
2.06069
1.93738
1.84931
1.79647
1.77573
1.77961
1.79435
1.81278
1.82731
1.83525
1.83847
1.84289
1.85576
1.8832
1.92505
1.97942
2.04126
2.10421
2.16034
2.20594
2.24209
2.26491
2.27878
2.28436
2.28434
2.28458
2.28406
2.2875
2.29574
2.30463
2.30735
2.29666
2.26347
2.20927
2.144
2.08085
2.0303
2.00024
1.99061
1.99356
1.99983
1.99821
1.9824
1.95438
1.91876
1.88258
1.85409
1.83429
1.82164
1.81114
1.78958
1.75153
1.69863
1.63484
1.57247
1.52939
1.50546
1.50012
1.50555
1.51468
1.51865
1.51036
1.48848
1.44907
1.39435
1.32457
1.25135
1.18265
1.13345
1.11159
1.1252
1.17881
1.26807
1.38801
1.52533
1.65962
1.77296
1.85253
1.89444
1.90494
1.89655
1.88199
1.86986
1.8629
1.86289
1.86942
1.88693
1.9213
1.97739
2.05739
2.157
2.26314
2.36301
2.4382
2.47425
2.46477
2.41344
2.3377
2.25571
2.18238
2.12746
2.09153
2.07146
2.05709
2.03966
2.01099
1.97231
1.92446
1.87478
1.83478
1.80517
1.78858
1.78635
1.79692
1.82522
1.87997
1.96378
2.07727
2.21267
2.35145
2.46348
2.52779
2.54067
2.51692
2.48284
2.44194
2.40408
2.36972
2.34247
2.32118
2.30696
2.29525
2.27853
2.24699
2.19706
2.13374
2.06996
2.02213
2.00534
2.02999
2.09296
2.19128
2.30633
2.41738
2.5039
2.56973
2.61537
2.64899
2.67134
2.68488
2.68266
2.66538
2.63045
2.57901
2.51199
2.43817
2.36478
2.30039
2.25981
2.24273
2.25217
2.27761
2.31658
2.35414
2.38134
2.39341
2.39124
2.37907
2.35449
2.31528
2.25701
2.18306
2.09973
2.01876
1.94617
1.8887
1.84759
1.81796
1.80463
1.80592
1.82775
1.86847
1.91967
1.9774
2.03278
2.0747
2.0977
2.10994
2.11496
2.11856
2.12781
2.14261
2.16208
2.18307
2.20142
2.21253
2.21464
2.20574
2.18721
2.16088
2.12857
2.09727
2.06714
2.03861
2.00914
1.97373
1.92706
1.87101
1.80751
1.74792
1.70816
1.69321
1.70954
1.75781
1.8294
1.91588
2.00397
2.07626
2.11407
2.11481
2.08667
2.04728
2.0135
1.9917
1.9823
1.97895
1.9698
1.95173
1.92367
1.8916
1.86644
1.86442
1.89548
1.96084
2.05131
2.14349
2.21151
2.23184
2.19629
2.11807
2.01644
1.9054
1.80473
1.72217
1.66435
1.62985
1.61743
1.61751
1.62422
1.62251
1.6086
1.57698
1.53619
1.48608
1.43225
1.37559
1.3184
1.26298
1.20883
1.16464
1.13353
1.12117
1.13428
1.17002
1.22922
1.30302
1.38728
1.47729
1.56457
1.64102
1.70675
1.75488
1.77863
1.7752
1.73761
1.67201
1.59419
1.52506
1.47658
1.45437
1.44615
1.44394
1.43967
1.43027
1.42032
1.42427
1.45435
1.5165
1.60674
1.69685
1.75209
1.74807
1.68967
1.60213
1.51501
1.44153
1.38809
1.35709
1.3512
1.37308
1.41842
1.48982
1.58493
1.6979
1.81794
1.93467
2.03856
2.1236
2.18861
2.23801
2.28252
2.3238
2.35874
2.37897
2.37575
2.34218
2.28226
2.20284
2.11466
2.02931
1.95979
1.9145
1.8976
1.90384
1.92735
1.96116
1.99705
2.03278
2.06536
2.09357
2.12265
2.15754
2.20842
2.2775
2.37275
2.48641
2.6155
2.74887
2.87198
2.96596
3.01937
3.02269
2.97754
2.88905
2.77473
2.64758
2.52133
2.40198
2.29479
2.20791
2.14399
2.10475
2.09202
2.11007
2.15249
2.21427
2.28754
2.3621
2.41715
2.43896
2.41822
2.355
2.26204
2.15665
2.05712
1.97563
1.91789
1.88704
1.87566
1.88286
1.90554
1.94467
1.99605
2.05252
2.1107
2.16749
2.21723
2.25727
2.28449
2.2972
2.29758
2.28971
2.27719
2.26431
2.25798
2.25893
2.26153
2.27221
2.2817
2.28497
2.28316
2.27864
2.27519
2.28077
2.29858
2.32573
2.36193
2.40106
2.43955
2.47239
2.49682
2.51083
2.50879
2.48919
2.45393
2.40628
2.35178
2.29438
2.23925
2.18655
2.13793
2.08913
2.04262
2.00091
1.96812
1.95066
1.95592
1.98956
2.05568
2.1488
2.25751
2.36101
2.43998
2.47397
2.45855
2.40124
2.31245
2.21206
2.1173
2.0393
1.98814
1.96937
1.97885
2.00973
2.06009
2.1224
2.19568
2.27214
2.34649
2.4148
2.47305
2.51881
2.55214
2.5715
2.57554
2.57009
2.56891
2.57714
2.59856
2.6307
2.67147
2.7107
2.74394
2.76502
2.76917
2.74845
2.69991
2.62522
2.52913
2.42463
2.31597
2.21567
2.12994
2.06203
2.01161
1.97772
1.95574
1.94199
1.93066
1.9183
1.90198
1.88338
1.86536
1.85056
1.8448
1.8504
1.86571
1.88772
1.91443
1.94317
1.98051
2.02414
2.07211
2.11593
2.15199
2.18129
2.20801
2.23179
2.25632
2.27529
2.28995
2.29959
2.31289
2.32951
2.35199
2.3767
2.39834
2.41115
2.41853
2.41955
2.41714
2.41437
2.40587
2.38373
2.34644
2.29795
2.24395
2.19304
2.14216
2.09147
2.04377
1.99369
1.94558
1.9068
1.8779
1.86381
1.86797
1.89119
1.93712
2.00348
2.08854
2.18382
2.27879
2.36012
2.42734
2.47392
2.50014
2.50358
2.47829
2.42491
2.34677
2.25646
2.17045
2.09931
2.05394
2.02994
2.02302
2.02618
2.03446
2.04993
2.07064
2.09893
2.13474
2.16557
2.17662
2.15776
2.11519
2.06318
2.01304
1.96887
1.9329
1.90608
1.88768
1.87819
1.87172
1.8676
1.86186
1.85259
1.84229
1.83451
1.8306
1.83291
1.83771
1.84961
1.8651
1.88435
1.91105
1.94798
1.99116
2.03937
2.08686
2.1312
2.17563
2.21945
2.26803
2.31864
2.36871
2.4141
2.45129
2.47736
2.48745
2.48588
2.473
2.44981
2.42273
2.38763
2.34664
2.29905
2.24299
2.17627
2.10093
2.02172
1.94088
1.87397
1.82055
1.78329
1.75816
1.74754
1.753
1.77589
1.81815
1.87867
1.95303
2.0385
2.12978
2.21685
2.29229
2.35094
2.39462
2.42293
2.44722
2.47163
2.50344
2.54032
2.57691
2.60807
2.62908
2.63904
2.64123
2.63753
2.62645
2.61334
2.59629
2.57543
2.55045
2.52059
2.48451
2.44212
2.39806
2.35316
2.30825
2.25993
2.20721
2.1493
2.08863
2.02606
1.9639
1.90393
1.85595
1.82193
1.80248
1.79802
1.80063
1.79544
1.77474
1.73629
1.68777
1.64038
1.60861
1.60184
1.62673
1.682
1.76371
1.86693
1.97727
2.08005
2.15979
2.20738
2.21931
2.20314
2.17859
2.1582
2.15081
2.15943
2.17771
2.19847
2.21915
2.23279
2.24061
2.24901
2.26033
2.27848
2.30407
2.33031
2.35382
2.37114
2.37136
2.35676
2.32515
2.28383
2.24579
2.22193
2.21527
2.22683
2.24778
2.27317
2.29136
2.30431
2.31177
2.31499
2.31566
2.31281
2.30979
2.31075
2.31831
2.33364
2.35764
2.3826
2.40471
2.41344
2.40904
2.39104
2.36656
2.34848
2.34078
2.34714
2.3654
2.38701
2.40479
2.41121
2.40262
2.37806
2.34597
2.31318
2.28568
2.26781
2.25756
2.24456
2.2197
2.17834
2.11805
2.04477
1.96737
1.89939
1.84405
1.80447
1.77845
1.76059
1.74391
1.72902
1.71653
1.70586
1.69713
1.6932
1.69304
1.70008
1.71552
1.73755
1.76301
1.78832
1.81105
1.83219
1.84806
1.8641
1.87757
1.88749
1.89314
1.89173
1.88253
1.86243
1.83818
1.80889
1.77707
1.74537
1.71231
1.67297
1.62725
1.57275
1.51578
1.4683
1.44046
1.44256
1.48137
1.56065
1.6786
1.82252
1.97587
2.10745
2.19781
2.2246
2.19008
2.10003
1.97744
1.84461
1.71982
1.61724
1.54686
1.51227
1.51118
1.5431
1.60991
1.71473
1.85261
2.0086
2.17101
2.32351
2.44696
2.53041
2.56241
2.54794
2.49649
2.4233
2.3447
2.26637
2.1926
2.12025
2.05374
1.99802
1.96033
1.94372
1.94757
1.97112
2.00492
2.04885
2.10153
2.17079
2.25631
2.36202
2.48459
2.60637
2.71235
2.78715
2.82796
2.84326
2.84084
2.82658
2.8022
2.76702
2.72618
2.67684
2.6211
2.56869
2.51928
2.47064
2.41869
2.36283
2.29743
2.2258
2.14682
2.06847
1.99858
1.94604
1.91695
1.9117
1.92384
1.94085
1.94907
1.95
1.95363
1.97243
2.0148
2.08532
2.17938
2.28635
2.39307
2.47921
2.52741
2.52943
2.4936
2.44074
2.38882
2.35757
2.35342
2.38059
2.42928
2.48748
2.54024
2.57037
2.56922
2.53106
2.45989
2.36309
2.24217
2.10598
1.9594
1.79733
1.65411
1.52895
1.43494
1.37653
1.36231
1.38838
1.45285
1.53493
1.61741
1.68716
1.74873
1.81261
1.886
1.97083
2.05475
2.12196
2.16368
2.17173
2.15043
2.10477
2.03893
1.95617
1.86371
1.76627
1.6749
1.59668
1.53498
1.49431
1.47678
1.48394
1.5092
1.5463
1.58831
1.62603
1.65655
1.67726
1.69358
1.71247
1.73313
1.76107
1.79312
1.82606
1.85225
1.86678
1.8645
1.85011
1.83127
1.81214
1.79849
1.79286
1.78774
1.78119
1.77254
1.76351
1.76093
1.76947
1.79789
1.84243
1.89832
1.9553
2.00423
2.03492
2.0388
2.01474
1.96752
1.90433
1.84026
1.7806
1.73138
1.6975
1.68074
1.67786
1.6849
1.69589
1.70856
1.71933
1.72735
1.74035
1.76441
1.80469
1.86447
1.93372
2.00871
2.07965
2.14861
2.20933
2.26041
2.30558
2.34072
2.36807
2.38351
2.39348
2.3874
2.36828
2.33052
2.28796
2.2477
2.22005
2.215
2.22906
2.25421
2.27665
2.28565
2.28417
2.28341
2.28384
2.28001
2.25817
2.21018
2.13191
2.0331
1.92763
1.82993
1.75034
1.70416
1.69642
1.73134
1.81044
1.92418
2.05715
2.19065
2.31049
2.39925
2.45703
2.48001
2.46847
2.42803
2.36437
2.27981
2.17618
2.05817
1.93791
1.82403
1.72766
1.65212
1.59909
1.57108
1.56614
1.58033
1.61444
1.66049
1.71338
1.76745
1.81818
1.86137
1.89394
1.91303
1.92117
1.92167
1.92496
1.93485
1.95201
1.96335
1.96378
1.95219
1.94003
1.93744
1.95446
1.9942
2.05699
2.14217
2.25158
2.38543
2.54468
2.71288
2.86459
2.97074
3.01445
2.9902
2.9021
2.76496
2.60191
2.43279
2.27106
2.13073
2.01732
1.93379
1.88215
1.86937
1.89456
1.95265
2.03797
2.14079
2.24162
2.32802
2.38928
2.41645
2.40769
2.36344
2.29094
2.20373
2.10737
2.01225
1.91996
1.837
1.76472
1.70684
1.67112
1.65991
1.6764
1.72118
1.79571
1.89268
2.00596
2.11851
2.2048
2.25304
2.2644
2.25067
2.22879
2.2131
2.20933
2.21313
2.22992
2.25672
2.29346
2.33667
2.37479
2.39808
2.39515
2.35356
2.27579
2.16684
2.04063
1.91069
1.79485
1.70394
1.64755
1.62868
1.6478
1.70076
1.77903
1.86967
1.96138
2.04023
2.10064
2.14197
2.17191
2.19655
2.22074
2.25122
2.28705
2.32929
2.38347
2.44153
2.50541
2.56554
2.62123
2.66819
2.70348
2.73635
2.76916
2.80189
2.82921
2.83513
2.80933
2.74838
2.65152
2.53548
2.41673
2.30873
2.2213
2.15664
2.11287
2.08816
2.07947
2.09033
2.12035
2.16489
2.21665
2.26826
2.31035
2.34089
2.35155
2.3432
2.31162
2.25212
2.16472
2.05274
1.92758
1.79768
1.68057
1.58714
1.53005
1.51541
1.54383
1.61447
1.72458
1.8715
2.04199
2.22486
2.39492
2.53225
2.62011
2.65839
2.6608
2.65008
2.64272
2.65282
2.68235
2.72759
2.77996
2.82155
2.83931
2.83201
2.8029
2.77416
2.75527
2.75313
2.7594
2.77466
2.78903
2.80041
2.79828
2.77868
2.7405
2.68121
2.60146
2.50754
2.40477
2.29913
2.19694
2.10381
2.02197
1.95493
1.90504
1.87888
1.87848
1.89918
1.93805
1.99021
2.04601
2.10307
2.16058
2.21505
2.26136
2.28842
2.29175
2.27786
2.25597
2.23582
2.22362
2.22269
2.23308
2.25611
2.29001
2.33845
2.40685
2.49607
2.60211
2.71729
2.82292
2.9052
2.95034
2.95486
2.92291
2.85876
2.76342
2.64088
2.49852
2.34971
2.20729
2.08385
1.98375
1.90891
1.8527
1.81045
1.77794
1.75402
1.74032
1.74297
1.75911
1.78703
1.8287
1.88611
1.95794
2.04863
2.14781
2.25118
2.35248
2.44241
2.51479
2.56242
2.58097
2.57023
2.53213
2.47508
2.40683
2.3401
2.28064
2.23585
2.20792
2.19347
2.18886
2.189
2.19024
2.18913
2.18389
2.17254
2.14987
2.11425
2.06659
2.00578
1.93702
1.86951
1.81435
1.77861
1.76135
1.75766
1.76492
1.78175
1.80927
1.85562
1.92748
2.02948
2.16554
2.32515
2.49709
2.66338
2.80444
2.90009
2.93678
2.91349
2.83705
2.71941
2.57886
2.42996
2.2861
2.15471
2.04461
1.95138
1.87259
1.80418
1.73811
1.67781
1.62785
1.59841
1.58826
1.59799
1.62367
1.65693
1.69568
1.73737
1.78423
1.83824
1.89688
1.95898
2.0206
2.07901
2.12461
2.15845
2.17412
2.17324
2.15157
2.11365
2.05916
1.99783
1.93993
1.89125
1.85136
1.82039
1.79221
1.7724
1.75512
1.74387
1.73689
1.73678
1.74605
1.7648
1.78994
1.81949
1.84728
1.86645
1.8742
1.87181
1.86556
1.85743
1.8528
1.84623
1.83625
1.82608
1.81485
1.80258
1.79629
1.79477
1.80571
1.8298
1.8736
1.93955
2.0234
2.12074
2.21965
2.29874
2.34876
2.36333
2.34725
2.31004
2.25863
2.20382
2.15212
2.10786
2.07692
2.05588
2.04909
2.05282
2.06716
2.08838
2.11414
2.13596
2.15023
2.15277
2.14638
2.13567
2.1298
2.1403
2.16781
2.20288
2.23751
2.26427
2.27666
2.27634
2.26578
2.25109
2.2351
2.21771
2.19097
2.15391
2.10216
2.04256
1.98534
1.93585
1.89886
1.87448
1.86062
1.85557
1.86099
1.87301
1.89149
1.91106
1.93315
1.95895
1.98732
2.01612
2.04401
2.06482
2.07528
2.07403
2.06418
2.05076
2.03765
2.03522
2.04218
2.06664
2.10751
2.16654
2.23564
2.31197
2.38194
2.43732
2.46335
2.4586
2.42348
2.37145
2.31537
2.26718
2.23543
2.22475
2.2261
2.23181
2.22905
2.21195
2.1761
2.12514
2.06868
2.01738
1.98261
1.96669
1.96705
1.98512
2.01322
2.04803
2.08386
2.11632
2.14385
2.16314
2.16963
2.16256
2.14318
2.11853
2.09038
2.06607
2.05324
2.05564
2.08008
2.12837
2.1974
2.28184
2.37419
2.46096
2.53065
2.57137
2.57909
2.55296
2.49558
2.41553
2.32812
2.24866
2.1846
2.14546
2.12607
2.12572
2.13681
2.15036
2.15675
2.1548
2.13886
2.10747
2.06557
2.0159
1.96846
1.92887
1.90079
1.88361
1.87601
1.87658
1.88308
1.89492
1.90917
1.93153
1.96023
1.99418
2.03091
2.06918
2.10387
2.13693
2.16373
2.18934
2.21126
2.2241
2.22887
2.22063
2.20097
2.16996
2.13934
2.11561
2.10524
2.10661
2.11577
2.12171
2.11736
2.09843
2.06216
2.01691
1.96809
1.92237
1.88368
1.86562
1.86665
1.89206
1.94153
2.01333
2.09445
2.17758
2.23423
2.25546
2.22938
2.17001
2.1034
2.05518
2.03391
2.03379
2.03383
2.02135
1.99098
1.94494
1.89545
1.85272
1.82141
1.80023
1.78879
1.78436
1.78333
1.785
1.78762
1.79193
1.79624
1.79987
1.79934
1.79653
1.79503
1.79605
1.8
1.81326
1.83356
1.85737
1.8868
1.91403
1.93611
1.94858
1.95466
1.96082
1.97675
2.00643
2.05194
2.11222
2.17217
2.22109
2.25275
2.26422
2.26361
2.26231
2.26714
2.2786
2.29119
2.29065
2.2683
2.22454
2.16497
2.10378
2.05502
2.03008
2.03302
2.05858
2.09262
2.11968
2.13294
2.12612
2.1105
2.09272
2.07722
2.06346
2.05051
2.03507
2.01994
2.00786
2.00472
2.00601
2.01005
2.01526
2.01584
2.01281
2.00939
2.0112
2.01814
2.03547
2.06077
2.09316
2.1232
2.1455
2.15304
2.1448
2.11816
2.08359
2.05249
2.03118
2.02921
2.0454
2.08005
2.12153
2.16186
2.19392
2.21579
2.22474
2.22273
2.21169
2.19807
2.18797
2.18966
2.20976
2.24787
2.30524
2.37556
2.437
2.46137
2.41984
2.31572
2.18296
2.05749
1.96091
1.90138
1.88162
1.89846
1.94444
2.00875
2.08442
2.15941
2.22727
2.28438
2.32536
2.35672
2.3781
2.39958
2.4218
2.44777
2.47544
2.50059
2.52191
2.54069
2.55659
2.57633
2.60209
2.63374
2.66879
2.70262
2.73111
2.74788
2.74537
2.71723
2.66962
2.61607
2.57648
2.56463
2.58203
2.61917
2.65794
2.68622
2.6929
2.68151
2.6574
2.62698
2.59743
2.57118
2.54956
2.53029
2.51322
2.49592
2.47647
2.45356
2.42422
2.39182
2.35817
2.32731
2.3034
2.28973
2.28916
2.30315
2.32821
2.36405
2.41109
2.46101
2.51043
2.55065
2.57488
2.58256
2.56921
2.55132
2.54041
2.55504
2.60264
2.6858
2.7902
2.89896
2.99488
3.0672
3.10802
3.1156
3.09583
3.0576
3.00545
2.94627
2.88169
2.81269
2.74424
2.67714
2.61095
2.54624
2.48524
2.4299
2.38129
2.34016
2.30799
2.28604
2.27796
2.28207
2.29789
2.31562
2.32199
2.3093
2.27023
2.21301
2.14107
2.06862
2.00668
1.96239
1.93947
1.93333
1.9333
1.92767
1.91536
1.89808
1.87854
1.86438
1.85351
1.84079
1.82205
1.79523
1.76028
1.72496
1.6914
1.66944
1.65791
1.66076
1.67628
1.70557
1.74571
1.79797
1.85635
1.91425
1.95784
1.97773
1.96703
1.9278
1.87045
1.80829
1.75734
1.72501
1.70899
1.70826
1.71777
1.72785
1.73825
1.74992
1.76327
1.78756
1.82591
1.87522
1.93601
2.00535
2.08007
2.14984
2.21439
2.27113
2.32036
2.36659
2.41008
2.44909
2.48457
2.51411
2.5354
2.5518
2.55766
2.55332
2.53558
2.50438
2.45383
2.38882
2.30732
2.2115
2.1031
1.98192
1.86518
1.75956
1.67561
1.61834
1.58953
1.58683
1.59995
1.62009
1.63724
1.65354
1.66558
1.67361
1.68382
1.69502
1.70877
1.72587
1.75052
1.78791
1.83836
1.89573
1.94926
1.98889
2.00372
1.99013
1.95174
1.89802
1.83511
1.77192
1.71028
1.64949
1.58932
1.53273
1.48427
1.44792
1.42747
1.42558
1.44308
1.47361
1.51049
1.54301
1.56151
1.56309
1.54963
1.53517
1.52929
1.53907
1.56879
1.61376
1.67313
1.69549
1.75402
1.81142
1.86435
1.90867
1.93824
1.95251
1.94616
1.92365
1.88903
1.8481
1.81053
1.78504
1.77492
1.7799
1.80219
1.83869
1.89144
1.96256
2.053
2.15798
2.26411
2.35993
2.436
2.49213
2.5312
2.55587
2.55979
2.54145
2.49557
2.43601
2.36561
2.29557
2.2322
2.1711
2.11552
2.06062
2.00831
1.96368
1.92896
1.90892
1.90866
1.93137
1.97334
2.02969
2.0935
2.155
2.20539
2.24134
2.26361
2.27693
2.28531
2.29042
2.29025
2.28458
2.27114
2.25157
2.22671
2.20614
2.1901
2.18507
2.18721
2.19353
2.20458
2.22134
2.23765
2.25429
2.25826
2.24023
2.19562
2.12973
2.05155
1.97876
1.92233
1.8903
1.88621
1.91048
1.95646
2.01762
2.0783
2.12377
2.14116
2.12704
2.09416
2.05207
2.00813
1.97562
1.95246
1.94353
1.94799
1.95382
1.95233
1.93631
1.8995
1.84566
1.78555
1.72505
1.66782
1.61329
1.55589
1.5007
1.4568
1.4373
1.44769
1.4925
1.57021
1.67002
1.78034
1.89189
1.99349
2.08362
2.15379
2.20257
2.23109
2.24036
2.23656
2.22508
2.21021
2.19662
2.18625
2.174
2.16293
2.15252
2.14663
2.1401
2.13524
2.1288
2.11354
2.09101
2.05956
2.02077
1.97347
1.91947
1.85443
1.77925
1.70068
1.62637
1.56444
1.52549
1.51935
1.55232
1.61821
1.71324
1.82482
1.93928
2.03615
2.09911
2.11927
2.09387
2.02935
1.93859
1.83801
1.73762
1.64852
1.57793
1.53061
1.50628
1.50153
1.51277
1.53408
1.56137
1.58126
1.59087
1.58841
1.58305
1.58089
1.59812
1.63634
1.69585
1.76822
1.84241
1.90306
1.93869
1.94083
1.90556
1.83629
1.74008
1.62902
1.52054
1.42983
1.37006
1.34438
1.35515
1.39725
1.46284
1.54267
1.62829
1.7165
1.80244
1.88161
1.95088
2.00429
2.04199
2.05844
2.04969
2.02257
1.97654
1.91959
1.86228
1.8123
1.77544
1.74973
1.73091
1.71074
1.69278
1.67982
1.68197
1.70012
1.7346
1.78892
1.863
1.95837
2.06806
2.18803
2.31051
2.42569
2.5245
2.60328
2.66104
2.69703
2.7154
2.72099
2.71947
2.71725
2.71896
2.72637
2.73532
2.7408
2.73677
2.72577
2.70715
2.68533
2.66148
2.63846
2.61842
2.59304
2.56033
2.51953
2.46303
2.39554
2.32567
2.26085
2.20752
2.17091
2.15407
2.15502
2.17462
2.2114
2.25913
2.31401
2.37973
2.45102
2.52171
2.59123
2.65657
2.71774
2.7698
2.81445
2.84781
2.8688
2.87794
2.87198
2.85251
2.82199
2.78739
2.75643
2.73451
2.73212
2.75021
2.79374
2.85558
2.92751
3.00256
3.07266
3.13001
3.16526
3.16368
3.11309
3.0124
2.87567
2.71832
2.55686
2.40507
2.26629
2.14554
2.04166
1.95896
1.89732
1.85527
1.82716
1.81406
1.81335
1.82106
1.83568
1.85668
1.87945
1.90261
1.92919
1.96047
1.99702
2.03477
2.07005
2.0949
2.10962
2.11304
2.10976
2.10453
2.09435
2.07906
2.06019
2.03462
2.00696
1.98434
1.9719
1.97936
2.00051
2.03807
2.08632
2.13993
2.19752
2.25724
2.32145
2.38524
2.44838
2.50214
2.53726
2.54592
2.5246
2.48046
2.42292
2.36474
2.31324
2.28006
2.26104
2.25539
2.26136
2.27371
2.28939
2.30154
2.30642
2.29784
2.27356
2.23636
2.18724
2.1298
2.0695
2.00344
1.93679
1.86907
1.80328
1.74295
1.69488
1.6647
1.65157
1.6567
1.67704
1.71329
1.76626
1.8304
1.90498
1.98238
2.05917
2.12486
2.16821
2.18373
2.16907
2.13323
2.08579
2.04001
2.00044
1.96358
1.91662
1.85198
1.76969
1.68071
1.59774
1.52596
1.46776
1.4232
1.39335
1.38229
1.39183
1.42083
1.4663
1.52016
1.57224
1.61844
1.65966
1.70098
1.7532
1.82347
1.91163
2.01546
2.12362
2.22779
2.32153
2.39451
2.43754
2.44766
2.42804
2.38319
2.32362
2.25852
2.20214
2.16046
2.13714
2.13188
2.13999
2.15542
2.17006
2.17629
2.1732
2.15743
2.12253
2.06925
1.99457
1.89459
1.78044
1.6587
1.54768
1.46387
1.41107
1.39452
1.41732
1.47505
1.56409
1.67912
1.81245
1.95627
2.09975
2.23278
2.34707
2.43591
2.4865
2.4934
2.45751
2.38418
2.28961
2.19347
2.10392
2.03039
1.97695
1.94596
1.93244
1.93839
1.96442
2.00437
2.05175
2.09818
2.13371
2.147
2.13459
2.09771
2.03923
1.96889
1.89705
1.828
1.77131
1.72453
1.68465
1.64325
1.60347
1.56006
1.52137
1.48612
1.45456
1.43082
1.41172
1.39897
1.38973
1.38679
1.39798
1.4279
1.47194
1.53247
1.60414
1.68348
1.76151
1.83432
1.89643
1.94018
1.95926
1.94554
1.89852
1.82297
1.72702
1.62391
1.52567
1.44013
1.37812
1.34299
1.33352
1.35243
1.39702
1.4587
1.53237
1.60367
1.6627
1.70977
1.74539
1.77362
1.79658
1.815
1.82808
1.84136
1.85718
1.88158
1.91506
1.96027
2.01244
2.06909
2.13025
2.19391
2.25796
2.3226
2.38912
2.45522
2.51696
2.56206
2.57317
2.53494
2.4549
2.3572
2.26806
2.20618
2.17082
2.15016
2.12934
2.09597
2.0424
1.97542
1.90067
1.83137
1.78003
1.75223
1.75443
1.78386
1.84191
1.91888
2.00556
2.09259
2.17177
2.23957
2.29662
2.34089
2.37344
2.39246
2.39224
2.37826
2.35158
2.31839
2.28232
2.24527
2.2087
2.16781
2.12076
2.06557
2.00292
1.93499
1.86145
1.79153
1.72457
1.67364
1.63901
1.62487
1.63449
1.66637
1.71661
1.78184
1.8488
1.90988
1.95437
1.98007
1.98589
1.9818
1.97558
1.97664
1.99285
2.02591
2.07131
2.12326
2.17273
2.21107
2.22759
2.21952
2.19456
2.1659
2.14302
2.12059
2.09719
2.06535
2.02677
1.98459
1.94264
1.90907
1.881
1.8575
1.84164
1.83578
1.84687
1.88287
1.94609
2.03167
2.12909
2.21918
2.29056
2.33663
2.3521
2.34411
2.31758
2.28138
2.24235
2.21537
2.20981
2.22994
2.276
2.34006
2.41178
2.47662
2.52157
2.54265
2.53813
2.51392
2.47761
2.43672
2.39707
2.36033
2.32228
2.27706
2.21772
2.14769
2.07445
2.00858
1.96368
1.94505
1.95156
1.97714
2.00525
2.01701
2.0024
1.96402
1.91637
1.87618
1.85239
1.85568
1.89019
1.95394
2.04161
2.14388
2.24633
2.33072
2.38651
2.40325
2.37689
2.316
2.22549
2.11605
2.00107
1.8898
1.78992
1.71124
1.65506
1.63057
1.6374
1.67667
1.7434
1.84069
1.95916
2.08581
2.20694
2.30948
2.37804
2.40051
2.38473
2.34737
2.3027
2.25713
2.21042
2.16329
2.11427
2.06934
2.03068
1.99787
1.96752
1.94232
1.92394
1.92379
1.94247
1.98136
2.03311
2.09107
2.15003
2.21206
2.28146
2.3625
2.45523
2.55568
2.655
2.74086
2.79859
2.81353
2.78124
2.71006
2.61205
2.50948
2.41769
2.34796
2.30011
2.27237
2.25781
2.25074
2.24883
2.255
2.27047
2.29704
2.33072
2.36607
2.39389
2.40626
2.38765
2.3273
2.21884
2.06824
1.89069
1.70824
1.54471
1.4105
1.31689
1.26205
1.24225
1.25647
1.29869
1.36105
1.44566
1.54346
1.6522
1.76439
1.87218
1.96869
2.04101
2.08484
2.09433
2.07196
2.02357
1.96385
1.89702
1.82809
1.75871
1.69592
1.64459
1.61041
1.59743
1.60667
1.62991
1.6566
1.6795
1.68935
1.68278
1.65958
1.62561
1.58555
1.53882
1.48741
1.42552
1.35619
1.28709
1.22633
1.18184
1.16322
1.16803
1.18614
1.20549
1.21287
1.2011
1.17074
1.12945
1.08573
1.05473
1.04392
1.05557
1.09159
1.14451
1.20961
1.27166
1.32472
1.3606
1.3803
1.38533
1.38416
1.38565
1.39832
1.42438
1.45977
1.49989
1.53671
1.56342
1.57454
1.57137
1.55852
1.54766
1.54078
1.54078
1.55026
1.56171
1.57177
1.57786
1.58524
1.59451
1.61505
1.6509
1.70623
1.78077
1.8644
1.93337
1.96668
1.95502
1.9159
1.87585
1.84703
1.84451
1.87009
1.92246
1.99667
2.08681
2.18505
2.27974
2.35982
2.40922
2.42345
2.40451
2.35845
2.29654
2.226
2.15445
2.08842
2.03165
1.99063
1.9712
1.97427
1.99666
2.03119
2.07396
2.11599
2.15941
2.20274
2.2437
2.27929
2.30585
2.32357
2.32814
2.32572
2.31925
2.31528
2.31922
2.33096
2.34633
2.35262
2.33682
2.28809
2.21211
2.12395
2.04419
1.98448
1.95483
1.95534
1.98879
2.04604
2.12375
2.20844
2.28864
2.35525
2.39705
2.40701
2.38594
2.33077
2.25113
2.15719
2.0644
1.98338
1.92319
1.88815
1.87976
1.89617
1.92991
1.98328
2.05499
2.1413
2.23821
2.328
2.3778
2.35602
2.26025
2.12204
1.99381
1.90098
1.85767
1.85973
1.90063
1.96833
2.04919
2.12562
2.187
2.23001
2.25706
2.27508
2.28761
2.29697
2.30989
2.32481
2.34302
2.35919
2.37258
2.37376
2.3563
2.32276
2.27501
2.21999
2.17088
2.13412
2.11501
2.1114
2.12375
2.14122
2.16409
2.1879
2.21382
2.24684
2.28902
2.33338
2.38169
2.42486
2.46022
2.48439
2.49496
2.48798
2.46761
2.4406
2.41941
2.4149
2.43147
2.46207
2.50125
2.53396
2.55823
2.5738
2.58299
2.59328
2.60418
2.61699
2.62955
2.64167
2.64827
2.64892
2.63885
2.61867
2.58552
2.54447
2.49788
2.45226
2.4116
2.38481
2.37306
2.37508
2.39008
2.41165
2.43465
2.45486
2.47015
2.47842
2.48399
2.48523
2.48122
2.46428
2.42814
2.36918
2.29141
2.20248
2.10981
2.01539
1.92573
1.84188
1.76337
1.69333
1.62697
1.57112
1.52308
1.49131
1.47443
1.47715
1.50076
1.54125
1.59164
1.64733
1.69657
1.73585
1.75978
1.77019
1.77164
1.76588
1.75391
1.73678
1.73324
1.74043
1.75915
1.78694
1.81989
1.85226
1.88452
1.91313
1.93504
1.94949
1.952
1.94294
1.9245
1.89951
1.86799
1.83044
1.78619
1.73479
1.6823
1.63195
1.5882
1.54915
1.51845
1.48584
1.44374
1.38843
1.31757
1.24
1.17121
1.12396
1.10869
1.12449
1.16169
1.21516
1.2729
1.3212
1.36071
1.38918
1.41351
1.44297
1.47459
1.50376
1.52487
1.52785
1.50542
1.45932
1.39756
1.32873
1.26498
1.21799
1.19264
1.19587
1.22913
1.28733
1.36375
1.44695
1.53284
1.61045
1.67418
1.72298
1.75933
1.78575
1.80387
1.8148
1.82498
1.84181
1.86823
1.90606
1.95667
2.01327
2.07162
2.1302
2.19025
2.25122
2.31316
2.3786
2.43928
2.49422
2.5405
2.57603
2.60232
2.62146
2.63768
2.64779
2.6566
2.6543
2.63582
2.59747
2.53984
2.46477
2.37813
2.27977
2.17346
2.07203
1.98625
1.92801
1.88886
1.85655
1.81332
1.74613
1.65326
1.54278
1.42823
1.32113
1.22893
1.15879
1.11373
1.09103
1.09494
1.12228
1.17105
1.23488
1.3045
1.37024
1.42338
1.4584
1.48013
1.49213
1.49586
1.49145
1.48509
1.47583
1.46491
1.44705
1.40582
1.33397
1.2367
1.12848
1.02634
0.950098
0.91038
0.910903
0.956113
1.03974
1.15022
1.2866
1.4329
1.58009
1.71997
1.84485
1.94435
2.01731
2.06199
2.07653
2.06265
2.02958
1.97864
1.91606
1.85343
1.79622
1.74774
1.71742
1.70524
1.70967
1.72861
1.75546
1.78764
1.8153
1.83623
1.8456
1.83719
1.81551
1.7825
1.7475
1.71844
1.70531
1.71061
1.73641
1.7794
1.83424
1.89348
1.95065
2.00101
2.04013
2.06569
2.08013
2.08926
2.09266
2.0924
2.08437
2.05834
2.00679
1.93399
1.85155
1.77985
1.73142
1.71135
1.71527
1.73555
1.75458
1.76645
1.75376
1.72314
1.68082
1.64102
1.6194
1.62987
1.67955
1.77371
1.91209
2.08413
2.27121
2.4522
2.5997
2.68595
2.69909
2.64074
2.52982
2.39337
2.2589
2.14628
2.06508
2.01782
2.00326
2.01735
2.05578
2.11576
2.18979
2.27298
2.35783
2.44144
2.51168
2.56023
2.57671
2.55611
2.49868
2.41374
2.31799
2.22266
2.13161
2.04593
1.96939
1.90155
1.85096
1.82212
1.81729
1.83294
1.86586
1.90483
1.93931
1.96867
1.98494
1.98606
1.97059
1.9365
1.88533
1.81839
1.74094
1.66422
1.60173
1.56514
1.56484
1.60128
1.66765
1.75334
1.84548
1.92267
1.96656
1.97139
1.93112
1.84991
1.73661
1.60959
1.48571
1.37886
1.30345
1.26465
1.26606
1.31031
1.39148
1.50392
1.64204
1.7934
1.93773
2.06191
2.15088
2.20534
2.22411
2.21552
2.1895
2.15865
2.1297
2.11017
2.10595
2.11745
2.13952
2.17356
2.21489
2.2609
2.31205
2.37175
2.43645
2.50368
2.55859
2.58419
2.57433
2.53249
2.47264
2.40189
2.33063
2.25969
2.1939
2.13426
2.08772
2.05589
2.03596
2.03213
2.04107
2.05628
2.07328
2.08624
2.08678
2.07541
2.05345
2.02597
1.99329
1.95969
1.92802
1.90136
1.87998
1.87012
1.87663
1.89443
1.91424
1.92172
1.90976
1.87952
1.84233
1.81171
1.78868
1.7746
1.7701
1.77447
1.7855
1.80192
1.82235
1.84965
1.88362
1.92277
1.97041
2.02675
2.09045
2.15759
2.2202
2.27164
2.30681
2.32053
2.30929
2.26911
2.20025
2.11354
2.01916
1.93259
1.86624
1.8299
1.82373
1.84384
1.88288
1.93455
1.99173
2.04597
2.09067
2.1196
2.13487
2.13656
2.12515
2.10543
2.07702
2.04218
2.00535
1.97269
1.94731
1.92757
1.91239
1.88752
1.84632
1.78441
1.70042
1.59826
1.48391
1.36455
1.24767
1.14048
1.05736
1.00338
0.985526
1.00508
1.05685
1.1313
1.21637
1.29683
1.36698
1.42199
1.46407
1.49952
1.53034
1.55584
1.57198
1.57573
1.56372
1.54365
1.5216
1.50231
1.48439
1.46687
1.43981
1.40583
1.37116
1.341
1.32458
1.32461
1.34285
1.37863
1.42728
1.47823
1.52702
1.5682
1.60078
1.62999
1.66761
1.72036
1.80002
1.90631
2.03766
2.18197
2.32373
2.44598
2.53706
2.58637
2.59628
2.56795
2.51372
2.44667
2.37645
2.31228
2.26648
2.24006
2.2346
2.24245
2.25323
2.25478
2.24446
2.21769
2.17888
2.13051
2.07972
2.02779
1.97547
1.92266
1.86245
1.80164
1.73992
1.68424
1.6374
1.60409
1.58609
1.58546
1.60378
1.64217
1.70291
1.78448
1.88509
2.00077
2.11436
2.20234
2.24226
2.22708
2.16317
2.07188
1.97783
1.88707
1.81223
1.75205
1.70616
1.67061
1.63349
1.5853
1.51787
1.44988
1.39533
1.36719
1.37637
1.41991
1.48906
1.57742
1.66842
1.75924
1.83879
1.90976
1.97023
2.0222
2.07256
2.12024
2.16401
2.20515
2.24179
2.27453
2.30344
2.3246
2.33621
2.33399
2.31249
2.27172
2.21077
2.13873
2.06168
1.98792
1.92149
1.86131
1.81343
1.78642
1.78208
1.79758
1.82732
1.85781
1.88238
1.89502
1.89861
1.89091
1.87489
1.85224
1.82866
1.80348
1.7812
1.76897
1.76286
1.76947
1.78465
1.81054
1.83981
1.86569
1.88064
1.87749
1.85175
1.81393
1.77603
1.74822
1.7382
1.75163
1.78796
1.8485
1.91766
1.98731
2.0444
2.07668
2.0782
2.04801
1.99761
1.94188
1.88895
1.85088
1.83276
1.83761
1.86538
1.9195
2.00198
2.1102
2.23941
2.3769
2.50053
2.58706
2.62074
2.59866
2.53297
2.43606
2.32617
2.21574
2.1119
2.01994
1.94429
1.89344
1.87226
1.88435
1.93
2.0041
2.08712
2.16006
2.2164
2.25114
2.26603
2.26621
2.26459
2.26884
2.28978
2.33087
2.39211
2.46576
2.5383
2.59441
2.6279
2.63694
2.62977
2.61981
2.61701
2.63173
2.66698
2.72086
2.78867
2.85964
2.92159
2.96274
2.97256
2.94717
2.89112
2.81479
2.7245
2.62672
2.51827
2.40002
2.26991
2.13242
1.9923
1.85781
1.73213
1.6247
1.53637
1.47041
1.42634
1.40131
1.39079
1.39246
1.40239
1.42554
1.46814
1.52981
1.61033
1.70363
1.79536
1.87396
1.92382
1.93546
1.91855
1.88032
1.83692
1.80022
1.77896
1.77982
1.8086
1.85664
1.9217
1.99271
2.05721
2.10842
2.14593
2.16432
2.17061
2.169
2.16732
2.17222
2.1926
2.22836
2.27231
2.31737
2.35452
2.37711
2.38585
2.38571
2.37902
2.3735
2.37435
2.38078
2.38999
2.39842
2.40055
2.39468
2.37975
2.35519
2.32744
2.30196
2.27461
2.24448
2.21047
2.16585
2.11681
2.06929
2.02933
2.00449
1.99542
1.99883
2.00905
2.0184
2.01653
1.99834
1.9608
1.91451
1.86786
1.82958
1.80633
1.7969
1.80173
1.81469
1.83084
1.83785
1.8337
1.82034
1.79875
1.77106
1.74041
1.70748
1.67694
1.65695
1.65724
1.68433
1.74047
1.82413
1.92938
2.0417
2.15001
2.23781
2.29499
2.3095
2.28715
2.23447
2.15826
2.07449
1.99623
1.92543
1.87152
1.83569
1.82177
1.82368
1.83333
1.84729
1.85342
1.85649
1.85717
1.85873
1.86333
1.87708
1.89994
1.93497
1.98427
2.04451
2.11472
2.18995
2.27332
2.35934
2.43919
2.50674
2.55113
2.56439
2.55229
2.51981
2.47689
2.42731
2.37157
2.30479
2.22631
2.1396
2.05132
1.96677
1.88648
1.81438
1.7541
1.70939
1.68326
1.67226
1.67466
1.68031
1.68925
1.69813
1.70541
1.70861
1.70609
1.69214
1.67116
1.64175
1.6098
1.5819
1.56663
1.56889
1.59172
1.638
1.69639
1.75408
1.79858
1.8184
1.81572
1.792
1.75744
1.7174
1.67366
1.62254
1.56248
1.4947
1.42199
1.35067
1.28551
1.23401
1.19621
1.17333
1.16825
1.17594
1.19727
1.23204
1.27664
1.32916
1.38614
1.44134
1.4798
1.4961
1.49675
1.49301
1.49512
1.51557
1.56141
1.62633
1.70644
1.78785
1.85854
1.90571
1.92592
1.923
1.90466
1.88055
1.85633
1.83803
1.82548
1.81625
1.80855
1.79781
1.78795
1.78266
1.79045
1.8215
1.88043
1.9692
2.08503
2.21676
2.35269
2.48313
2.6011
2.70198
2.78586
2.84805
2.88833
2.9072
2.90643
2.88337
2.84349
2.7851
2.70774
2.61025
2.49736
2.37393
2.25121
2.14336
2.05925
2.0094
1.9885
1.99132
1.99929
1.99651
1.97724
1.94892
1.92435
1.91387
1.92345
1.94815
1.97991
2.00272
2.0131
2.00018
1.97173
1.92572
1.8685
1.80531
1.74023
1.67446
1.61218
1.55662
1.51829
1.49751
1.49649
1.51424
1.5493
1.59381
1.64059
1.67859
1.70672
1.72086
1.72568
1.72645
1.721
1.71507
1.70686
1.69822
1.69158
1.68642
1.68781
1.69463
1.70794
1.73316
1.76672
1.8065
1.84908
1.88536
1.913
1.92905
1.93584
1.93486
1.93108
1.93485
1.94951
1.98354
2.03294
2.08448
2.12635
2.14564
2.13605
2.10254
2.05952
2.01821
1.9929
1.98907
2.00723
2.03679
2.06721
2.08981
2.09302
2.07557
2.03217
1.96533
1.8844
1.80071
1.72835
1.67751
1.65532
1.66393
1.69818
1.75953
1.84049
1.93667
2.0388
2.13308
2.2074
2.252
2.26423
2.23564
2.173
2.08301
1.9771
1.87246
1.78234
1.71709
1.68392
1.68358
1.71305
1.76392
1.82824
1.88726
1.92715
1.93419
1.90512
1.84918
1.78266
1.72236
1.6864
1.68017
1.71281
1.7886
1.90041
2.04388
2.19919
2.34909
2.47226
2.55149
2.58053
2.56048
2.49979
2.40877
2.30535
2.20345
2.11118
2.0367
1.98013
1.94049
1.91584
1.89868
1.89023
1.88541
1.87867
1.86741
1.85204
1.832
1.81203
1.79592
1.79303
1.80938
1.84404
1.90027
1.9693
2.04336
2.10902
2.1594
2.19482
2.21551
2.22841
2.24025
2.32827
2.34575
2.35493
2.34935
2.32991
2.30639
2.28884
2.28296
2.29225
2.31712
2.35813
2.40986
2.45932
2.49751
2.50602
2.48291
2.43077
2.36669
2.30281
2.24589
2.19489
2.14579
2.09029
2.023
1.94042
1.84663
1.75811
1.67765
1.62055
1.59702
1.60645
1.64803
1.71513
1.80004
1.88903
1.97425
2.04574
2.09444
2.12046
2.12454
2.11424
2.09572
2.07567
2.0633
2.06098
2.07488
2.09961
2.1318
2.15756
2.15448
2.12098
2.05146
1.95997
1.86091
1.77193
1.70327
1.66253
1.653
1.67893
1.73484
1.81215
1.89779
1.98347
2.06019
2.12228
2.1676
2.19472
2.20224
2.18884
2.15286
2.1023
2.03794
1.97167
1.90532
1.8462
1.79149
1.74706
1.71308
1.69517
1.69661
1.71942
1.76024
1.81896
1.8914
1.97288
2.04847
2.10866
2.14096
2.14452
2.11455
2.05281
1.96602
1.86629
1.76581
1.67649
1.6056
1.5564
1.52731
1.51779
1.52861
1.55353
1.59318
1.65194
1.72103
1.80066
1.8851
1.96401
2.03313
2.08563
2.11538
2.11968
2.09521
2.04644
1.98081
1.90896
1.84117
1.78517
1.74143
1.70569
1.68197
1.6698
1.66974
1.67987
1.6941
1.70831
1.71948
1.73145
1.75071
1.78019
1.81824
1.8642
1.91119
1.94179
1.95256
1.9375
1.89826
1.84007
1.77061
1.70499
1.65612
1.63364
1.64563
1.69311
1.77123
1.86535
1.96051
2.03852
2.09492
2.13123
2.15844
2.17525
2.18477
2.18984
2.18249
2.16943
2.15105
2.13285
2.11623
2.10866
2.11553
2.13893
2.1777
2.23458
2.30703
2.39667
2.4961
2.60721
2.72615
2.84112
2.94374
3.01999
3.0643
3.06763
3.03629
2.98194
2.91366
2.84097
2.76434
2.68135
2.59852
2.52071
2.45804
2.41827
2.40627
2.41129
2.42054
2.41028
2.37338
2.31674
2.26235
2.22606
2.22171
2.24702
2.30088
2.36197
2.41475
2.43557
2.41786
2.3633
2.29004
2.21463
2.15485
2.11576
2.09577
2.08744
2.08866
2.09006
2.09444
2.10301
2.11847
2.13596
2.15643
2.17383
2.17979
2.17671
2.16511
2.14886
2.13066
2.11381
2.09292
2.06616
2.02597
1.97106
1.91074
1.86022
1.83297
1.84502
1.9016
2.00541
2.14569
2.31185
2.47416
2.61512
2.71588
2.77568
2.79923
2.79428
2.75878
2.69768
2.61326
2.5015
2.37039
2.23002
2.09344
1.97168
1.87165
1.80227
1.7609
1.75025
1.76563
1.80494
1.86613
1.94232
2.02987
2.12694
2.22568
2.32404
2.41627
2.49321
2.54755
2.57582
2.58235
2.57439
2.57201
2.58328
2.61254
2.65385
2.69795
2.73916
2.76856
2.78554
2.78926
2.78294
2.77348
2.76029
2.7468
2.72878
2.70187
2.6565
2.58854
2.49804
2.38979
2.27363
2.15762
2.05577
1.97987
1.94153
1.94914
1.99802
2.08051
2.17775
2.2681
2.334
2.36816
2.37129
2.36044
2.33408
2.30067
2.26904
2.24523
2.22852
2.21724
2.21007
2.20909
2.21248
2.22322
2.24291
2.26702
2.29363
2.31463
2.33102
2.3398
2.34776
2.35137
2.35758
2.36537
2.37927
2.39915
2.42409
2.45029
2.48193
2.51651
2.54854
2.57238
2.58695
2.59147
2.58852
2.58565
2.58363
2.58063
2.57955
2.57125
2.54731
2.50697
2.44586
2.3637
2.26832
2.17039
2.08836
2.03509
2.023
2.05663
2.12971
2.23555
2.35444
2.46578
2.55202
2.60662
2.63386
2.64094
2.62744
2.60138
2.56558
2.52888
2.50318
2.50075
2.53064
2.59668
2.68919
2.79283
2.89224
2.96396
2.99412
2.98017
2.92844
2.8508
2.75783
2.65823
2.55898
2.46292
2.3743
2.29793
2.23944
2.2015
2.17976
2.16972
2.15967
2.1408
2.11577
2.08464
2.04991
2.01739
1.99636
1.98889
2.00016
2.03439
2.08775
2.16032
2.24465
2.33703
2.42805
2.51652
2.59074
2.64509
2.67419
2.67194
2.64067
2.59313
2.53652
2.47951
2.4238
2.3718
2.32663
2.28754
2.25415
2.22934
2.20761
2.18572
2.16061
2.13699
2.11962
2.11661
2.13197
2.16949
2.2217
2.27882
2.32189
2.33139
2.30398
2.24703
2.17544
2.10581
2.04555
2.00011
1.97711
1.97514
1.99461
2.03216
2.08139
2.13665
2.19527
2.25311
2.3096
2.3618
2.40902
2.44641
2.46626
2.46364
2.43371
2.38042
2.31045
2.23517
2.16151
2.09754
2.04679
2.00918
1.98732
1.98321
1.9933
2.01463
2.04363
2.07083
2.08817
2.08419
2.06253
2.02196
1.97543
1.93365
1.9039
1.87872
1.85223
1.81551
1.77384
1.73713
1.71306
1.70859
1.71928
1.73411
1.74858
1.76032
1.77454
1.79299
1.82227
1.86071
1.90864
1.96525
2.02266
2.07793
2.12749
2.16625
2.19428
2.2134
2.22742
2.23728
2.24668
2.25246
2.25406
2.25062
2.24544
2.24253
2.24246
2.24571
2.2545
2.2683
2.28893
2.31409
2.33406
2.34073
2.3261
2.2886
2.22912
2.15953
2.08982
2.02986
1.98283
1.95313
1.93184
1.9206
1.91541
1.9129
1.90971
1.90348
1.89524
1.88788
1.88276
1.88171
1.88306
1.88935
1.9015
1.91693
1.93593
1.95727
1.97606
1.98978
1.99785
1.99418
1.98573
1.97507
1.96685
1.96365
1.96475
1.96348
1.96123
1.95412
1.94117
1.92417
1.89953
1.87471
1.85834
1.85817
1.88541
1.94398
2.03246
2.1324
2.22535
2.29907
2.3472
2.37658
2.39872
2.41605
2.42951
2.4416
2.45564
2.4688
2.4824
2.48804
2.48034
2.46406
2.44033
2.41972
2.40931
2.41209
2.4366
2.48032
2.53953
2.60976
2.68248
2.75233
2.80696
2.84487
2.8632
2.86889
2.87001
2.86822
2.86271
2.84669
2.81168
2.75911
2.6939
2.62871
2.57795
2.55218
2.55445
2.57788
2.61328
2.6403
2.64873
2.63266
2.59668
2.54853
2.49819
2.44861
2.40195
2.35918
2.31898
2.28423
2.25792
2.24394
2.24256
2.25378
2.26857
2.28247
2.29173
2.29658
2.30184
2.31094
2.31938
2.31389
2.2934
2.25829
2.23088
2.21665
2.22093
2.24009
2.26007
2.26437
2.24079
2.19591
2.13621
2.07487
2.01298
1.95762
1.91623
1.89871
1.90611
1.94201
2.00422
2.08213
2.17022
2.26309
2.36108
2.463
2.5632
2.65752
2.7371
2.8002
2.84151
2.85785
2.84869
2.81284
2.75042
2.67251
2.58972
2.51501
2.46097
2.43462
2.43373
2.44609
2.45315
2.42859
2.36514
2.27601
2.19316
2.13556
2.10227
2.08422
2.0724
2.05743
2.03736
2.01091
1.97972
1.94981
1.92636
1.91244
1.91762
1.9544
2.02579
2.13373
2.2714
2.4256
2.56948
2.67572
2.71871
2.69198
2.60956
2.50072
2.39677
2.31954
2.28106
2.28818
2.33455
2.41242
2.50969
2.61206
2.70591
2.7807
2.81939
2.80846
2.74068
2.62371
2.46626
2.28344
2.0882
1.89616
1.72127
1.57655
1.47704
1.42723
1.42107
1.45084
1.50662
1.57619
1.64586
1.71477
1.77618
1.83073
1.88137
1.94031
2.0068
2.08001
2.15051
2.20676
2.25197
2.29518
2.34859
2.41533
2.4925
2.57646
2.65513
2.71877
2.75629
2.76197
2.73637
2.683
2.60985
2.52542
2.43292
2.34006
2.25723
2.19133
2.14688
2.12565
2.12112
2.13176
2.14691
2.16491
2.17997
2.19226
2.20425
2.21713
2.23227
2.25434
2.27594
2.29089
2.28749
2.26392
2.2182
2.15757
2.09597
2.04164
1.99368
1.95353
1.92192
1.89533
1.87322
1.83943
1.78781
1.71963
1.63565
1.54817
1.47312
1.41795
1.38896
1.38363
1.3957
1.42595
1.47227
1.53537
1.61584
1.70847
1.81508
1.92615
2.03808
2.1456
2.24747
2.34129
2.42288
2.48588
2.52917
2.55264
2.55866
2.55956
2.56481
2.58136
2.60867
2.64505
2.68129
2.71336
2.72982
2.73305
2.72641
2.71562
2.70481
2.6971
2.69206
2.68729
2.68302
2.67663
2.66531
2.65397
2.63956
2.62667
2.61384
2.59647
2.57312
2.54034
2.49724
2.44826
2.39475
2.33888
2.28614
2.24472
2.22126
2.22974
2.27079
2.34444
2.43651
2.51064
2.53321
2.49665
2.42131
2.34019
2.26666
2.21171
2.17974
2.17519
2.19819
2.24287
2.29589
2.35104
2.41177
2.49262
2.59846
2.72017
2.83839
2.92353
2.95481
2.92225
2.82998
2.69617
2.53259
2.35235
2.16956
2.00059
1.85727
1.74823
1.67834
1.6492
1.65232
1.68255
1.72973
1.78419
1.84241
1.89391
1.93698
1.96919
1.98825
1.99429
1.98439
1.95845
1.92245
1.88244
1.8448
1.81381
1.78972
1.77718
1.77767
1.79122
1.82388
1.87614
1.94819
2.04015
2.14142
2.24847
2.34893
2.43654
2.51216
2.57479
2.6216
2.65089
2.65234
2.62087
2.55813
2.46706
2.36027
2.24368
2.12216
2.00145
1.88292
1.76534
1.65069
1.54199
1.44994
1.37922
1.34184
1.34504
1.38981
1.48083
1.60436
1.74047
1.85301
1.92523
1.96866
2.00731
2.05907
2.12611
2.20736
2.29632
2.37976
2.45218
2.50472
2.5355
2.54339
2.53252
2.51016
2.4797
2.45078
2.4251
2.4031
2.38343
2.36756
2.35259
2.33656
2.32151
2.30453
2.28829
2.27397
2.26634
2.2691
2.28833
2.32052
2.36206
2.40081
2.42305
2.42616
2.41263
2.38757
2.3588
2.33001
2.30078
2.27471
2.25112
2.23011
2.21046
2.19498
2.18589
2.18898
2.20654
2.24815
2.31779
2.41844
2.55191
2.7108
2.88036
3.03325
3.1246
3.12682
3.05621
2.957
2.85845
2.76983
2.68897
2.61432
2.54409
2.48291
2.43199
2.39507
2.36759
2.34713
2.32254
2.29064
2.25176
2.21324
2.18505
2.16745
2.15727
2.14473
2.12747
2.10482
2.08214
2.064
2.05778
2.06224
2.07909
2.11035
2.14613
2.18249
2.21016
2.22756
2.23086
2.22248
2.20489
2.18219
2.15153
2.11947
2.08469
2.0481
2.01152
1.97123
1.93088
1.84204
1.80997
1.78915
1.77997
1.77876
1.78154
1.77912
1.76814
1.74672
1.71091
1.6629
1.60737
1.54597
1.48708
1.43186
1.38738
1.35104
1.32707
1.31977
1.33443
1.37265
1.43077
1.49604
1.55635
1.59924
1.62338
1.62952
1.62913
1.62607
1.62905
1.63768
1.65046
1.66781
1.68962
1.71244
1.73723
1.76966
1.80536
1.84624
1.88623
1.92234
1.94965
1.97205
1.99129
2.013
2.04021
2.07668
2.12637
2.18272
2.23763
2.2857
2.31534
2.31813
2.2924
2.23855
2.15922
2.06324
1.964
1.87284
1.7976
1.74114
1.70754
1.69992
1.71936
1.765
1.82934
1.89945
1.96578
2.01216
2.03628
2.03981
2.02775
2.00984
1.9925
1.98694
2.00147
2.03951
2.09811
2.16946
2.24241
2.29706
2.32038
2.31695
2.29577
2.27324
2.2579
2.25919
2.27437
2.29492
2.30934
2.30315
2.2739
2.22028
2.14967
2.0708
1.99833
1.94155
1.91007
1.90605
1.92251
1.94496
1.95176
1.92572
1.86308
1.78097
1.70156
1.64414
1.61218
1.60329
1.60222
1.59849
1.58766
1.56807
1.54626
1.53166
1.5338
1.55885
1.61161
1.69022
1.78927
1.90067
2.01481
2.12101
2.21533
2.29605
2.36391
2.41859
2.4583
2.48603
2.49858
2.49461
2.46978
2.42263
2.35928
2.28471
2.2029
2.12579
2.05605
1.99436
1.93955
1.88843
1.83213
1.77653
1.72087
1.66789
1.61691
1.56757
1.51294
1.45642
1.40287
1.36609
1.34981
1.35769
1.38058
1.40726
1.43165
1.45761
1.4858
1.5256
1.58176
1.65515
1.74087
1.83446
1.92575
2.01142
2.07818
2.1214
2.14202
2.13777
2.11033
2.06702
2.01414
1.95218
1.88962
1.83219
1.78321
1.74441
1.71575
1.69359
1.6837
1.6887
1.71414
1.75981
1.82601
1.9029
1.98131
2.05013
2.1057
2.15165
2.18828
2.22014
2.24717
2.26893
2.28087
2.28053
2.26511
2.23139
2.18239
2.11901
2.04837
1.97512
1.90364
1.84035
1.78872
1.75122
1.72383
1.7041
1.69217
1.68589
1.68009
1.67487
1.66692
1.65464
1.63422
1.60429
1.56442
1.51594
1.46566
1.42075
1.3904
1.38218
1.3995
1.44358
1.51386
1.60477
1.70528
1.80871
1.89686
1.95888
1.99962
2.02166
2.03234
2.03608
2.02752
1.99584
1.93695
1.85044
1.75168
1.65687
1.58254
1.53544
1.5191
1.52714
1.55012
1.58645
1.63366
1.68733
1.7477
1.81604
1.887
1.96444
2.0369
2.10037
2.15045
2.18376
2.19657
2.19262
2.16846
2.12868
2.07397
2.00819
1.93953
1.87392
1.82613
1.79652
1.78867
1.79973
1.82291
1.85149
1.87874
1.89794
1.90442
1.89856
1.88627
1.88206
1.88992
1.916
1.95388
2.00319
2.04997
2.09737
2.13805
2.17145
2.19626
2.21061
2.21714
2.21379
2.19663
2.16763
2.12292
2.06849
2.01097
1.95875
1.92139
1.90138
1.89955
1.9068
1.91527
1.91643
1.9084
1.88931
1.86258
1.83332
1.80425
1.78024
1.76369
1.75762
1.77006
1.79916
1.84253
1.89146
1.94377
1.99114
2.02636
2.05497
2.07279
2.08186
2.08156
2.07271
2.05716
2.03545
2.01293
1.99264
1.97735
1.97311
1.97773
1.99733
2.02958
2.06733
2.09733
2.10711
2.08665
2.04319
1.98807
1.94273
1.92296
1.94019
1.99664
2.08812
2.20599
2.33452
2.45704
2.55184
2.61022
2.62916
2.61127
2.56072
2.4871
2.39817
2.30112
2.20443
2.1219
2.05616
2.01572
1.99671
1.99331
1.98779
1.96526
1.92178
1.86766
1.82748
1.8153
1.84391
1.91361
2.01866
2.14203
2.2648
2.36267
2.42175
2.43706
2.41457
2.36295
2.30009
2.23529
2.17705
2.12685
2.08393
2.05031
2.02579
2.01593
2.02381
2.04974
2.09403
2.15189
2.22407
2.30827
2.40106
2.49686
2.5881
2.66291
2.71517
2.73976
2.73898
2.71433
2.67528
2.62702
2.57977
2.53738
2.50122
2.47116
2.4446
2.41605
2.38712
2.35561
2.3246
2.29649
2.2685
2.23694
2.20206
2.15867
2.1072
2.04793
1.98679
1.92729
1.87062
1.82791
1.80559
1.80634
1.83806
1.89968
1.98811
2.09607
2.20674
2.30257
2.37118
2.40597
2.40366
2.37074
2.31371
2.2403
2.15867
2.07814
2.01235
1.96834
1.94802
1.94632
1.95636
1.97022
1.97683
1.97782
1.96421
1.93724
1.90511
1.87431
1.85105
1.8348
1.82602
1.8232
1.82793
1.84301
1.86742
1.8992
1.9332
1.96998
2.01117
2.06187
2.1254
2.19505
2.25807
2.29578
2.30052
2.28292
2.25815
2.23858
2.23625
2.25677
2.29219
2.34006
2.39367
2.44581
2.48892
2.5185
2.54032
2.5571
2.57461
2.594
2.61348
2.63192
2.64687
2.65602
2.65855
2.64924
2.62107
2.5711
2.49624
2.40296
2.29502
2.1847
2.07659
1.97331
1.87615
1.78208
1.69248
1.60928
1.53603
1.47833
1.44314
1.43504
1.45229
1.49225
1.54811
1.61116
1.6769
1.74009
1.79918
1.85676
1.91961
1.99437
2.08666
2.19615
2.32125
2.44687
2.55693
2.63328
2.66221
2.64257
2.58438
2.50884
2.43153
2.36204
2.30441
2.25647
2.21868
2.18544
2.158
2.13107
2.10795
2.09065
2.07687
2.06688
2.06026
2.05063
2.03673
2.0147
1.98516
1.95181
1.92499
1.90893
1.9067
1.91647
1.92848
1.93387
1.92605
1.90665
1.88252
1.85874
1.84268
1.83736
1.84336
1.86121
1.88405
1.90752
1.93071
1.95013
1.96664
1.98422
2.00352
2.02725
2.04531
2.0512
2.039
2.01179
1.97802
1.94539
1.92205
1.91199
1.91079
1.91412
1.92406
1.93642
1.94706
1.95815
1.96573
1.97468
1.9832
1.9991
2.02726
2.06425
2.10473
2.14278
2.17408
2.18883
2.18619
2.16229
2.12381
2.07359
2.01929
1.96349
1.91679
1.88418
1.86728
1.8718
1.89454
1.93373
1.98486
2.03641
2.07584
2.09397
2.08137
2.03984
1.97806
1.917
1.86879
1.84417
1.84803
1.88092
1.93398
2.00083
2.0775
2.15563
2.23212
2.29947
2.35359
2.39679
2.42993
2.45638
2.48191
2.50773
2.53792
2.56404
2.58076
2.57632
2.53761
2.46109
2.34763
2.20529
2.04644
1.88323
1.72368
1.57745
1.44965
1.34573
1.27018
1.22024
1.19662
1.19125
1.2043
1.23134
1.27173
1.32452
1.38996
1.47042
1.56143
1.65752
1.75045
1.83298
1.8986
1.945
1.97701
1.99872
2.01553
2.03606
2.05649
2.07571
2.09394
2.10758
2.1164
2.12271
2.12812
2.1357
2.14748
2.16429
2.19051
2.22969
2.27884
2.33267
2.38002
2.40333
2.40057
2.36554
2.30531
2.23171
2.15308
2.08222
2.02263
1.98025
1.95189
1.93363
1.91724
1.89931
1.87411
1.84084
1.81057
1.78229
1.76374
1.75455
1.75276
1.76239
1.78178
1.81327
1.85063
1.89525
1.94406
1.99918
2.06029
2.12279
2.17989
2.2186
2.23365
2.22312
2.18995
2.14078
2.08033
2.01529
1.94958
1.88152
1.81404
1.74803
1.68564
1.63009
1.58408
1.55243
1.53669
1.54366
1.57667
1.62905
1.68584
1.73056
1.74495
1.72643
1.68887
1.64893
1.62172
1.62091
1.65336
1.71944
1.80971
1.91504
2.0222
2.11639
2.18651
2.22961
2.24476
2.24168
2.22675
2.20864
2.18956
2.16764
2.13956
2.1003
2.05712
2.0243
2.01947
2.05338
2.13279
2.26004
2.42483
2.6105
2.79681
2.95542
3.05962
3.08962
3.04154
2.92835
2.77273
2.5978
2.42194
2.2626
2.11843
1.98746
1.85611
1.72306
1.59314
1.48646
1.41353
1.3802
1.38055
1.41013
1.46191
1.52552
1.59628
1.66147
1.71734
1.75792
1.78159
1.78866
1.77602
1.74123
1.68237
1.60502
1.51907
1.43777
1.37995
1.35691
1.37836
1.44128
1.53946
1.66384
1.79337
1.9174
2.02147
2.09905
2.15002
2.18299
2.19976
2.19756
2.17284
2.12932
2.06965
1.99698
1.91638
1.8353
1.76106
1.70351
1.6649
1.64486
1.6442
1.65837
1.68207
1.70646
1.72878
1.74436
1.75441
1.75883
1.75153
1.73254
1.70639
1.67835
1.66118
1.65686
1.66801
1.69088
1.71967
1.75257
1.78645
1.81989
1.85785
1.907
1.97097
2.05344
2.14901
2.23339
2.28004
2.27643
2.23519
2.18328
2.14096
2.11499
2.10111
2.09545
2.08978
2.08171
2.06113
2.02516
1.96605
1.88013
1.77358
1.65589
1.54635
1.46028
1.40394
1.38454
1.39882
1.446
1.52107
1.62114
1.74101
1.87288
2.01408
2.15264
2.27845
2.37977
2.44311
2.46027
2.4285
2.35616
2.25775
2.15342
2.06156
1.99288
1.95137
1.93575
1.93748
1.94368
1.94101
1.92485
1.88872
1.83566
1.76535
1.68495
1.60121
1.52559
1.46043
1.41201
1.38446
1.37649
1.38885
1.41875
1.46363
1.52485
1.59955
1.68753
1.78506
1.88213
1.97129
2.03734
2.07118
2.06419
2.0163
1.93174
1.83068
1.72515
1.62758
1.54735
1.48817
1.45415
1.44153
1.45082
1.47453
1.50868
1.54292
1.5717
1.59445
1.61385
1.63388
1.6647
1.70775
1.75907
1.80985
1.84896
1.86782
1.86426
1.84454
1.81284
1.77175
1.72098
1.66311
1.60075
1.54123
1.49338
1.46557
1.46594
1.49789
1.55955
1.63707
1.71172
1.76096
1.77428
1.75571
1.71878
1.6758
1.63965
1.61607
1.60467
1.60407
1.61058
1.62213
1.63645
1.65648
1.67965
1.71014
1.74377
1.78004
1.8208
1.86341
1.91044
1.96367
2.01669
2.06581
2.10158
2.12116
2.12748
2.12393
2.11556
2.10547
2.10225
2.09958
2.09824
2.09136
2.07297
2.03847
1.98729
1.92476
1.85955
1.80151
1.75739
1.73184
1.71958
1.72043
1.72805
1.73324
1.73326
1.72671
1.71149
1.69348
1.67317
1.65577
1.63861
1.62228
1.60675
1.59469
1.5901
1.59969
1.62405
1.66315
1.71714
1.7792
1.84344
1.90595
1.9631
