1.09914
1.09618
1.09103
1.08348
1.07324
1.05997
1.04319
1.0224
0.997043
0.966642
0.930892
0.889808
0.843864
0.794144
0.742394
0.690966
0.64253
0.599708
0.56458
0.538377
0.521366
0.512941
0.511868
0.516545
0.52525
0.536335
0.548338
0.560072
0.570672
0.579604
0.586644
0.591858
0.595501
0.597944
0.599546
0.600582
0.601153
0.601209
0.600533
0.598805
0.595698
0.590965
0.584536
0.576543
0.567354
0.557528
0.547725
0.538599
0.530745
0.524621
0.520552
0.51871
0.519085
0.521506
0.525646
0.531057
0.537216
0.543561
0.549545
0.554674
0.558569
0.561025
0.562043
0.561801
0.560607
0.558863
0.556967
0.555281
0.554101
0.553686
0.554257
0.555957
0.558802
0.562618
0.567063
0.571718
0.57615
0.580055
0.583276
0.585809
0.587787
0.589422
0.590938
0.592527
0.594299
0.59628
0.598399
0.600516
0.602455
0.604011
0.605004
0.605281
0.604758
0.603444
0.601457
0.599031
0.596471
0.594092
0.59216
0.590831
0.590123
0.589876
0.589837
0.589696
0.58916
0.588049
0.586307
0.584012
0.58127
0.578132
0.574517
0.570226
0.565029
0.558781
0.551524
0.543475
0.535053
0.526796
0.519285
0.513051
0.50851
0.505879
0.505144
0.506053
0.508164
0.510965
0.514004
0.516992
0.519814
0.522508
0.525228
0.528159
0.531468
0.535258
0.539531
0.544161
0.548921
0.553553
0.557801
0.561541
0.564811
0.567741
0.570478
0.573062
0.575376
0.577187
0.578255
0.578425
0.577661
0.576048
0.57376
0.571107
0.568489
0.566413
0.565444
0.566139
0.568961
0.574145
0.581582
0.590793
0.600973
0.611146
0.620357
0.627831
0.633091
0.635962
0.636538
0.635074
0.631948
0.627629
0.622592
0.617302
0.612198
0.607634
0.603892
0.601118
0.599357
0.598545
0.598503
0.598967
0.599636
0.600216
0.600484
0.600305
0.599656
0.598596
0.597252
0.595797
0.59447
0.593552
0.593328
0.594055
0.595883
0.59878
0.602497
0.606614
0.610651
0.614177
0.616889
0.618664
0.619526
0.619618
0.619155
0.618385
0.617548
0.616845
0.616422
0.616365
0.616684
0.617299
0.618071
0.618816
0.619347
0.619501
0.619165
0.618289
0.616884
0.615024
0.612839
0.610468
0.60804
0.605622
0.603189
0.600601
0.597627
0.59402
0.589616
0.584457
0.57889
0.573547
0.569156
0.566262
0.565003
0.565112
0.566108
0.567578
0.569335
0.571473
0.574336
0.578354
0.583884
0.59107
0.599726
0.609325
0.619082
0.628116
0.6356
0.640903
0.643667
0.643794
0.641428
0.636924
0.630784
0.623615
0.616061
0.608714
0.602023
0.596252
0.591459
0.587586
0.584545
0.5823
0.580919
0.580504
0.581104
0.582607
0.584732
0.587074
0.58922
0.59087
0.591949
0.592649
0.59337
0.594595
0.596778
0.600149
0.604643
0.60989
0.61535
0.620485
0.624893
0.628304
0.630601
0.631753
0.631774
0.630686
0.62851
0.625266
0.621002
0.615779
0.60973
0.603038
0.595968
0.588851
0.582034
0.575826
0.570445
0.566002
0.562485
0.559804
0.557861
0.556605
0.556091
0.55644
0.557802
0.560243
0.563642
0.56766
0.571781
0.57548
0.578405
0.580579
0.582456
0.584786
0.588266
0.593048
0.598466
0.603261
0.6062
0.606646
0.604737
0.601209
0.597078
0.593358
0.590829
0.58992
0.590695
0.592914
0.596102
0.599619
0.602783
0.605001
0.605845
0.605128
0.602892
0.599362
0.594921
0.590034
0.585191
0.580846
0.577393
0.575095
0.574081
0.574364
0.575854
0.578401
0.581826
0.585931
0.590494
0.595265
0.59995
0.604253
0.607896
0.610684
0.612534
0.613485
0.61366
0.613258
0.612488
0.611552
0.610652
0.609916
0.609357
0.608885
0.608283
0.607274
0.605588
0.603029
0.599517
0.595107
0.589961
0.584287
0.578253
0.571985
0.565534
0.558889
0.551962
0.544582
0.53654
0.527666
0.517995
0.507927
0.49829
0.490251
0.484999
0.483399
0.485738
0.491704
0.500554
0.511355
0.523176
0.535157
0.546544
0.556681
0.56506
0.571391
0.575633
0.577981
0.578811
0.578569
0.57769
0.576496
0.575166
0.573726
0.572098
0.570144
0.567765
0.564925
0.561724
0.558393
0.555271
0.552743
0.551138
0.550606
0.551038
0.552074
0.553209
0.553981
0.554115
0.553591
0.552674
0.55182
0.551544
0.552258
0.55413
0.55701
0.560512
0.564106
0.5672
0.569265
0.569904
0.568894
0.566184
0.561902
0.556348
0.549963
0.543319
0.537102
0.532071
0.528969
0.528396
0.530632
0.535567
0.542727
0.551381
0.560683
0.569804
0.578047
0.584881
0.589946
0.593037
0.594053
0.592993
0.589921
0.58495
0.578311
0.570371
0.561689
0.553021
0.545229
0.539096
0.535142
0.533501
0.533934
0.535988
0.53915
0.542952
0.547021
0.55112
0.555114
0.558942
0.562604
0.566108
0.569438
0.572549
0.575376
0.577816
0.579786
0.581199
0.581999
0.582199
0.581841
0.580983
0.579658
0.577878
0.575614
0.572814
0.569452
0.565556
0.56124
0.556749
0.552427
0.548659
0.545815
0.544154
0.543749
0.544492
0.546112
0.548233
0.550413
0.552203
0.553167
0.552945
0.551336
0.548381
0.544413
0.540105
0.536333
0.533983
0.533702
0.535712
0.539814
0.545519
0.552217
0.55931
0.566289
0.572744
0.578323
0.582718
0.585652
0.586863
0.586116
0.583264
0.578265
0.571195
0.562266
0.551819
0.54031
0.528318
0.516531
0.505708
0.496606
0.48989
0.486024
0.485229
0.487452
0.492442
0.499796
0.50899
0.519448
0.530545
0.541655
0.552194
0.561682
0.569723
0.576034
0.580447
0.582877
0.583358
0.582018
0.579081
0.574929
0.570062
0.565061
0.560533
0.557049
0.555092
0.554955
0.556711
0.560186
0.564963
0.570478
0.576142
0.581407
0.585869
0.589244
0.591423
0.592452
0.592491
0.591832
0.590839
0.58989
0.589333
0.58942
0.590258
0.591793
0.593833
0.596048
0.598042
0.599404
0.599723
0.598654
0.59593
0.591418
0.585108
0.577128
0.567748
0.55738
0.546567
0.535945
0.526174
0.517825
0.511272
0.506624
0.503748
0.502348
0.502048
0.502471
0.503309
0.504342
0.505433
0.506521
0.507605
0.508735
0.509978
0.511355
0.51285
0.51438
0.515821
0.517039
0.517915
0.518391
0.51848
0.518236
0.517758
0.517136
0.516456
0.515807
0.515333
0.515255
0.515888
0.517584
0.520629
0.525132
0.530976
0.537806
0.54513
0.552433
0.559297
0.565481
0.570938
0.575771
0.580168
0.584318
0.588353
0.592316
0.596146
0.599701
0.602792
0.60528
0.607123
0.608371
0.609082
0.60922
0.608636
0.607086
0.604376
0.600464
0.5955
0.589836
0.583919
0.578217
0.573124
0.568885
0.565641
0.563453
0.562328
0.562239
0.563128
0.56487
0.567271
0.570069
0.57292
0.575451
0.577309
0.578247
0.578183
0.577261
0.57585
0.57449
0.573746
0.574027
0.575412
0.577658
0.58029
0.582749
0.584514
0.585186
0.584473
0.582249
0.578547
0.573622
0.567986
0.562432
0.557927
0.555312
0.554978
0.556605
0.559164
0.561154
0.561027
0.557655
0.550637
0.540491
0.528604
0.51688
0.507147
0.500632
0.497715
0.498102
0.501193
0.506351
0.513007
0.520655
0.528779
0.536773
0.543968
0.54966
0.553257
0.554439
0.553323
0.550478
0.546822
0.543303
0.540573
0.538801
0.53777
0.537116
0.536561
0.535999
0.535466
0.535019
0.53465
0.534205
0.533438
0.532069
0.529881
0.526783
0.522894
0.518527
0.514176
0.510415
0.507788
0.506709
0.507371
0.509707
0.513419
0.518066
0.523204
0.528496
0.533806
0.539184
0.544807
0.550843
0.557345
0.56418
0.571055
0.57758
0.58334
0.587943
0.591094
0.592591
0.592309
0.590236
0.586481
0.581282
0.575036
0.568269
0.561573
0.555558
0.550788
0.547735
0.546745
0.547976
0.551338
0.556518
0.563019
0.570213
0.577433
0.584052
0.589524
0.59343
0.595508
0.595648
0.593885
0.590391
0.585484
0.579655
0.57354
0.56786
0.563293
0.560369
0.559345
0.560111
0.562116
0.564442
0.566001
0.565804
0.563271
0.558384
0.55166
0.544001
0.536456
0.52991
0.524887
0.521492
0.519475
0.518459
0.518129
0.518259
0.518623
0.518858
0.518435
0.516834
0.5138
0.50955
0.504762
0.500417
0.497474
0.496585
0.497842
0.500795
0.504629
0.508422
0.511382
0.513022
0.513209
0.512205
0.5106
0.50919
0.508782
0.510025
0.513305
0.518744
0.526236
0.535553
0.546374
0.558288
0.570814
0.583411
0.595461
0.606343
0.615453
0.622272
0.626428
0.627742
0.626238
0.622159
0.615968
0.608304
0.59993
0.591631
0.584088
0.577762
0.572816
0.569114
0.566298
0.563882
0.56138
0.558418
0.554809
0.550578
0.545939
0.541255
0.536953
0.533428
0.530974
0.529765
0.529814
0.531024
0.533217
0.536202
0.539826
0.543968
0.548599
0.553745
0.559471
0.565837
0.572803
0.580186
0.587612
0.594525
0.60028
0.604326
0.606349
0.606308
0.604408
0.601003
0.596484
0.591216
0.585549
0.579835
0.574428
0.569647
0.56574
0.562839
0.560929
0.55984
0.559265
0.558823
0.558102
0.556756
0.554654
0.552036
0.549603
0.548382
0.549341
0.552895
0.55863
0.565484
0.572238
0.577965
0.582194
0.584834
0.586074
0.58626
0.585805
0.585117
0.584573
0.584422
0.584776
0.585552
0.586507
0.587312
0.587585
0.586971
0.585155
0.58185
0.576825
0.569916
0.561124
0.550689
0.539187
0.527544
0.516958
0.508689
0.503752
0.502663
0.505276
0.510865
0.518344
0.526544
0.534465
0.541442
0.547163
0.551703
0.555408
0.558763
0.56221
0.566003
0.57012
0.574291
0.578121
0.581245
0.583403
0.584492
0.584543
0.583649
0.581929
0.579453
0.576218
0.572153
0.567239
0.561545
0.55533
0.549094
0.543515
0.539327
0.537172
0.53744
0.540189
0.545117
0.55164
0.55899
0.566325
0.572889
0.57807
0.581478
0.582938
0.582517
0.580466
0.577196
0.573229
0.569086
0.565194
0.561784
0.558854
0.556153
0.553264
0.549724
0.545117
0.539238
0.53219
0.524414
0.516611
0.509561
0.503862
0.499793
0.497348
0.496434
0.497039
0.499286
0.503408
0.509636
0.518052
0.528492
0.54047
0.553224
0.565832
0.577415
1.11033
1.11344
1.10908
1.09811
1.08155
1.06045
1.03585
1.00882
0.980569
0.952556
0.926486
0.904268
0.887602
0.877492
0.873822
0.875245
0.879504
0.884073
0.886762
0.886147
0.881747
0.87393
0.863811
0.853243
0.844773
0.841217
0.844629
0.855245
0.871306
0.889879
0.908006
0.923335
0.934228
0.939661
0.939228
0.933137
0.922304
0.908292
0.89309
0.878757
0.867031
0.859053
0.855333
0.855786
0.859758
0.866131
0.873451
0.880128
0.884723
0.886289
0.884713
0.88094
0.876742
0.873836
0.873002
0.87407
0.876608
0.880393
0.885308
0.89106
0.897103
0.902789
0.907594
0.911261
0.913766
0.915116
0.915202
0.913619
0.909698
0.902728
0.892306
0.878782
0.863558
0.848968
0.837536
0.830925
0.82924
0.831194
0.834965
0.838934
0.841952
0.843328
0.842578
0.839236
0.832801
0.822888
0.809602
0.793867
0.777631
0.763654
0.754999
0.754199
0.762291
0.778121
0.798593
0.819796
0.838308
0.851873
0.859588
0.861661
0.859154
0.853813
0.847868
0.843697
0.843297
0.847778
0.857058
0.869966
0.884722
0.899313
0.911808
0.920556
0.924432
0.923067
0.91695
0.907282
0.895639
0.883637
0.872656
0.863588
0.856792
0.852121
0.849064
0.846986
0.845294
0.843567
0.841584
0.839354
0.837063
0.835135
0.834109
0.834655
0.837355
0.842369
0.849169
0.856585
0.863215
0.867976
0.870452
0.870862
0.869667
0.86726
0.863848
0.859651
0.855188
0.851282
0.848884
0.848761
0.851295
0.856477
0.864022
0.873403
0.883809
0.894012
0.902308
0.906801
0.905856
0.89872
0.886078
0.87018
0.854447
0.842434
0.836521
0.836766
0.840892
0.84548
0.847525
0.845282
0.838376
0.827462
0.813851
0.799209
0.785335
0.773948
0.766453
0.763708
0.76593
0.772696
0.78312
0.79607
0.810291
0.824426
0.837115
0.847234
0.8542
0.858114
0.859693
0.860051
0.860339
0.861445
0.863806
0.86738
0.87172
0.876124
0.879873
0.882437
0.883663
0.883733
0.883092
0.882295
0.881858
0.88218
0.883337
0.884919
0.8861
0.88598
0.884027
0.880392
0.87602
0.872375
0.870854
0.872084
0.875491
0.87946
0.881963
0.881299
0.876533
0.867635
0.855416
0.84137
0.827462
0.815838
0.808435
0.806524
0.810479
0.819749
0.833063
0.848739
0.864984
0.880109
0.892689
0.901681
0.906503
0.907047
0.903641
0.896957
0.88783
0.877185
0.866095
0.855939
0.848441
0.845451
0.848293
0.85694
0.869687
0.883689
0.896073
0.904904
0.909627
0.910965
0.910538
0.910343
0.912271
0.917552
0.92634
0.937582
0.949274
0.959083
0.965004
0.965801
0.961168
0.951692
0.938638
0.923692
0.908629
0.894969
0.883705
0.875185
0.869262
0.865565
0.863864
0.864266
0.866971
0.87161
0.876807
0.88038
0.880171
0.874858
0.864327
0.849568
0.832274
0.814491
0.7983
0.785576
0.77779
0.775913
0.780231
0.790271
0.804845
0.822214
0.840417
0.857635
0.872446
0.883955
0.89173
0.895759
0.896276
0.893719
0.888683
0.881858
0.874042
0.866099
0.858925
0.853408
0.850421
0.850658
0.854452
0.861523
0.870895
0.881086
0.890415
0.897343
0.900719
0.899872
0.894698
0.885661
0.873849
0.860977
0.849183
0.840445
0.835723
0.834433
0.834772
0.834838
0.833681
0.83162
0.829787
0.829279
0.830472
0.832884
0.835472
0.837103
0.836947
0.834643
0.83048
0.825379
0.820759
0.818058
0.81817
0.821036
0.825713
0.830834
0.835133
0.837761
0.838372
0.837057
0.834256
0.830673
0.82716
0.824543
0.823459
0.824132
0.826243
0.829034
0.831503
0.832712
0.832087
0.829585
0.825749
0.821634
0.818577
0.817763
0.819754
0.82426
0.830386
0.837086
0.84364
0.849749
0.855317
0.860127
0.863665
0.865234
0.864309
0.860907
0.855718
0.849993
0.845218
0.842684
0.843086
0.846241
0.851263
0.857005
0.862489
0.867135
0.870778
0.873528
0.875609
0.877173
0.878238
0.878678
0.87834
0.877174
0.875355
0.873254
0.87133
0.869976
0.869477
0.869965
0.871433
0.873762
0.876732
0.880078
0.883565
0.887009
0.890234
0.893015
0.895024
0.895847
0.895029
0.892244
0.88757
0.881693
0.875862
0.87146
0.869416
0.869912
0.872501
0.876517
0.881323
0.886372
0.891043
0.894524
0.895962
0.894793
0.891005
0.885246
0.878616
0.872182
0.866483
0.861368
0.856271
0.850695
0.844595
0.838427
0.832949
0.828872
0.826687
0.826684
0.829092
0.834084
0.841541
0.850636
0.859759
0.866963
0.870858
0.871261
0.869357
0.867226
0.866921
0.869655
0.875494
0.88362
0.892652
0.900946
0.906915
0.909304
0.90744
0.901289
0.891382
0.878617
0.864113
0.849137
0.835088
0.823568
0.81627
0.814617
0.819338
0.830071
0.845352
0.863035
0.881021
0.897802
0.912634
0.925247
0.935474
0.943036
0.947499
0.948381
0.945262
0.937882
0.926184
0.910443
0.891417
0.870509
0.849583
0.830516
0.814585
0.80214
0.792726
0.785625
0.780296
0.776535
0.774334
0.773795
0.775021
0.778004
0.782539
0.788248
0.794744
0.80177
0.809267
0.817229
0.825586
0.834151
0.842659
0.850779
0.858096
0.86417
0.868603
0.871175
0.871965
0.87138
0.87006
0.868654
0.86759
0.86695
0.866564
0.866303
0.866319
0.867108
0.86925
0.872921
0.877652
0.882388
0.885919
0.887376
0.886618
0.884233
0.881297
0.878899
0.877734
0.877888
0.879028
0.880788
0.882912
0.885208
0.887417
0.889103
0.889726
0.888837
0.886323
0.882456
0.877766
0.872785
0.867814
0.862903
0.858045
0.853369
0.849099
0.845344
0.841901
0.838255
0.833777
0.828042
0.821162
0.813938
0.807755
0.804255
0.804806
0.810045
0.81964
0.832509
0.847214
0.862418
0.877133
0.89076
0.902915
0.913307
0.921659
0.927761
0.931528
0.93304
0.93246
0.929957
0.925619
0.919439
0.911363
0.901499
0.890332
0.878846
0.868442
0.860594
0.856304
0.855651
0.857733
0.861104
0.864346
0.866603
0.867794
0.868355
0.868647
0.868542
0.867503
0.865085
0.861415
0.857295
0.853786
0.85173
0.851295
0.85193
0.852656
0.852472
0.850748
0.847397
0.84277
0.837404
0.831826
0.826463
0.821603
0.817415
0.813957
0.811277
0.809563
0.809377
0.811672
0.817651
0.828205
0.843386
0.862159
0.88276
0.903284
0.922061
0.937735
0.949199
0.955613
0.956535
0.952116
0.94311
0.93071
0.916208
0.900844
0.885794
0.872303
0.861632
0.854736
0.85197
0.853049
0.857213
0.86353
0.871042
0.878714
0.885355
0.889735
0.890876
0.88842
0.882865
0.875541
0.868312
0.863113
0.861428
0.864037
0.871013
0.881911
0.895797
0.911217
0.926312
0.939024
0.94752
0.950533
0.947638
0.939366
0.927268
0.913805
0.901955
0.89445
0.892807
0.896627
0.903808
0.911583
0.917582
0.920397
0.919709
0.91626
0.911673
0.907996
0.906949
0.909257
0.914413
0.921144
0.928049
0.934149
0.939055
0.94281
0.94564
0.947731
0.949183
0.95001
0.950217
0.949811
0.948699
0.946564
0.942947
0.937339
0.929352
0.918777
0.905598
0.889962
0.872209
0.85288
0.832776
0.812956
0.79471
0.779469
0.768643
0.763306
0.763887
0.769969
0.780327
0.793317
0.807384
0.821412
0.834763
0.847184
0.858739
0.869697
0.88037
0.890864
0.900763
0.909024
0.914231
0.915075
0.910769
0.901277
0.887365
0.870548
0.852959
0.837076
0.82526
0.819079
0.818821
0.823476
0.831223
0.840157
0.848911
0.856981
0.864653
0.872729
0.882123
0.893534
0.907126
0.922398
0.938245
0.953121
0.965402
0.97367
0.976934
0.97474
0.967222
0.955074
0.939378
0.921431
0.902556
0.8839
0.866394
0.850757
0.837555
0.827105
0.819249
0.813223
0.807871
0.802145
0.795602
0.788528
0.781672
0.775949
0.772164
0.770965
0.772836
0.778069
0.786745
0.798665
0.813335
0.829994
0.847638
0.865122
0.881352
0.895529
0.907314
0.916781
0.924172
0.92951
0.932467
0.93271
0.930469
0.92683
0.923433
0.921626
0.92162
0.922332
0.922112
0.91961
0.914232
0.906094
0.895712
0.883722
0.870731
0.857241
0.843668
0.830379
0.817733
0.806224
0.796554
0.789618
0.786294
0.787137
0.792077
0.800241
0.810038
0.819421
0.826343
0.829215
0.82729
0.820844
0.811212
0.800546
0.791144
0.784623
0.781403
0.780886
0.782072
0.784106
0.786528
0.789368
0.793158
0.798886
0.807793
0.82083
0.837956
0.857963
0.878821
0.898371
0.914787
0.926827
0.933867
0.935928
0.933695
0.928453
0.921911
0.915787
0.911382
0.909169
0.90876
0.90928
0.909835
0.909946
0.909676
0.909322
0.908803
0.907313
0.903553
0.896361
0.885316
0.871073
0.85526
0.840021
0.827201
0.817623
0.810927
0.805983
0.801569
0.796924
0.792014
0.787621
0.785059
0.785609
0.789879
0.797494
0.807297
0.817887
0.828112
0.837288
0.845186
0.851896
0.857663
0.862794
0.86767
0.87266
0.877995
0.883618
0.889165
0.894061
0.897749
0.899884
0.900414
0.899477
0.897234
0.893724
0.888796
0.882259
0.874066
0.864506
0.854275
0.844438
0.836331
0.831287
0.830227
0.833385
0.840297
0.850089
0.861756
0.874251
0.886449
0.897223
0.905607
0.91099
0.913182
0.912347
0.908937
0.903754
0.897964
0.893077
0.89055
0.891123
0.894296
0.898536
0.901929
0.902903
0.900619
0.895011
0.886618
0.876343
0.865218
0.854248
0.844323
0.836243
0.830726
0.828359
0.829448
0.833835
0.840771
0.849029
0.857171
0.863916
0.868363
0.870138
0.86932
0.866165
0.860863
0.853407
0.843846
0.832548
0.820373
0.808481
0.798032
0.789938
0.78477
0.782775
0.783962
0.788176
0.795122
0.804279
0.814822
0.825645
0.835623
0.843934
0.850261
0.854879
0.858543
0.862216
0.866672
0.872178
0.878393
0.884483
0.889446
0.892422
0.892932
0.891018
0.887266
0.882646
0.878304
0.875304
0.874383
0.875858
0.87954
0.884793
0.890662
0.896035
0.899786
0.900917
0.898707
0.892815
0.883419
0.871317
0.857899
0.844938
0.834141
0.826781
0.823396
0.823803
0.827335
0.83316
0.840624
0.849377
0.859226
0.869921
0.880902
0.89133
0.900362
0.90759
0.913329
1.10453
1.10795
1.11061
1.11223
1.11178
1.10794
1.09951
1.08589
1.06728
1.0448
1.0205
0.997026
0.97712
0.962998
0.955856
0.95572
0.96152
0.971447
0.983361
0.995279
1.0059
1.01496
1.02314
1.03145
1.04045
1.04971
1.05798
1.06366
1.06548
1.06281
1.05574
1.0449
1.03132
1.01622
1.00097
0.987015
0.975763
0.968376
0.965619
0.967755
0.974508
0.985044
0.998018
1.01168
1.02413
1.03356
1.03844
1.03773
1.03091
1.0182
1.00083
0.981313
0.963338
0.950745
0.946013
0.949332
0.958923
0.972155
0.986436
0.999612
1.0101
1.01692
1.01973
1.01872
1.01443
1.00767
0.999546
0.991424
0.98495
0.98188
0.983572
0.990498
1.00202
1.01647
1.0317
1.04558
1.05636
1.06288
1.06453
1.06132
1.05389
1.04337
1.03121
1.01891
1.00796
0.999915
0.996208
0.99776
1.00433
1.01425
1.02489
1.03355
1.03825
1.03813
1.03324
1.02439
1.01275
0.999669
0.986392
0.973899
0.962719
0.952977
0.94458
0.937387
0.931332
0.926348
0.922316
0.919068
0.916474
0.914509
0.913258
0.912945
0.913939
0.91667
0.921485
0.928473
0.937452
0.948064
0.959916
0.972624
0.985773
0.99878
1.01086
1.0211
1.02872
1.0332
1.03436
1.03236
1.02748
1.0201
1.0106
0.999414
0.987113
0.974472
0.962477
0.952303
0.945051
0.941347
0.941132
0.943735
0.948271
0.953958
0.960256
0.966779
0.973142
0.978858
0.983382
0.986333
0.987715
0.987732
0.986265
0.982759
0.976845
0.969281
0.962101
0.957686
0.957369
0.960864
0.966696
0.973181
0.979135
0.984127
0.98841
0.992538
0.996985
1.00203
1.00793
1.01494
1.02308
1.0318
1.04009
1.0467
1.05048
1.05066
1.04708
1.04023
1.03127
1.02177
1.01329
1.00703
1.00348
1.00219
1.00169
0.999821
0.994532
0.984696
0.970464
0.953088
0.934562
0.917229
0.903485
0.895475
0.894725
0.901846
0.916377
0.936859
0.961139
0.986854
1.01179
1.03411
1.05238
1.06556
1.07318
1.07538
1.07286
1.06672
1.05841
1.0497
1.04275
1.03952
1.04094
1.04624
1.05326
1.05956
1.06351
1.06477
1.06401
1.06224
1.06005
1.05742
1.05393
1.04924
1.04346
1.0371
1.03099
1.02615
1.02371
1.02446
1.02818
1.03336
1.03776
1.03969
1.03898
1.03714
1.0364
1.03807
1.04154
1.04466
1.04504
1.04117
1.03262
1.02003
1.00505
0.990297
0.978813
0.972849
0.972401
0.975165
0.978004
0.978386
0.974889
0.967049
0.95518
0.940247
0.923731
0.907307
0.89248
0.880255
0.871135
0.865248
0.862473
0.862433
0.864487
0.86777
0.871469
0.875026
0.878056
0.880077
0.880389
0.878245
0.873391
0.86676
0.8607
0.858133
0.860821
0.86833
0.878799
0.89045
0.902419
0.914534
0.926774
0.938844
0.950038
0.95941
0.966109
0.969623
0.969958
0.967636
0.963488
0.958287
0.952377
0.945546
0.937365
0.927873
0.918158
0.910447
0.907509
0.911454
0.922527
0.938815
0.957261
0.974977
0.989964
1.00114
1.00808
1.01087
1.00999
1.00624
1.00063
0.994071
0.987163
0.980087
0.972723
0.964961
0.956996
0.949288
0.94234
0.936347
0.931043
0.925974
0.921067
0.917018
0.915101
0.916387
0.920938
0.927753
0.935395
0.94276
0.949357
0.955136
0.960172
0.964365
0.967341
0.968683
0.968456
0.967619
0.967921
0.971
0.977369
0.986089
0.995298
1.00294
1.00729
1.00716
1.00197
0.992029
0.978729
0.9644
0.951841
0.94353
0.941075
0.945107
0.95544
0.971205
0.990813
1.01209
1.0326
1.05012
1.063
1.07035
1.07204
1.06869
1.06145
1.05177
1.04112
1.03084
1.022
1.01517
1.01024
1.00651
1.00305
0.999156
0.994444
0.988759
0.982099
0.974591
0.966581
0.958753
0.952095
0.94773
0.946692
0.949691
0.957026
0.968458
0.982975
0.998652
1.01303
1.02376
1.02923
1.02884
1.0229
1.01254
0.999457
0.985619
0.972875
0.962673
0.955903
0.952636
0.951986
0.952402
0.952274
0.950495
0.946675
0.941097
0.934506
0.927961
0.922662
0.919615
0.919308
0.921508
0.92522
0.928928
0.931053
0.930619
0.927933
0.924912
0.924663
0.930172
0.942642
0.960699
0.981106
1.00033
1.01569
1.0257
1.02998
1.02888
1.02338
1.01479
1.00481
0.995425
0.988403
0.984555
0.983322
0.983444
0.984149
0.985537
0.987813
0.990468
0.992433
0.99277
0.991248
0.988429
0.98543
0.983528
0.983707
0.986272
0.990774
0.996225
1.00152
1.00595
1.00951
1.01292
1.01731
1.02376
1.03291
1.04481
1.05899
1.07461
1.09055
1.10532
1.1172
1.12442
1.12543
1.1192
1.10535
1.08435
1.0576
1.02745
0.996806
0.968801
0.946199
0.930952
0.92403
0.925553
0.934942
0.950836
0.970889
0.991948
1.01068
1.02429
1.03117
1.03118
1.02554
1.01639
1.0059
0.995488
0.98555
0.975949
0.966681
0.958151
0.950924
0.945401
0.941645
0.939372
0.938101
0.937326
0.936855
0.936984
0.938424
0.941866
0.947417
0.954413
0.961663
0.967934
0.972533
0.975479
0.977381
0.979044
0.981067
0.983594
0.986361
0.988936
0.991071
0.992991
0.995483
0.999696
1.00651
1.016
1.02725
1.03862
1.0484
1.05517
1.05795
1.05583
1.0478
1.03279
1.01007
0.980045
0.945011
0.909506
0.879547
0.860925
0.857195
0.86837
0.890889
0.919073
0.947259
0.971302
0.988963
0.999673
1.00417
1.00415
1.00169
0.998853
0.997086
0.996919
0.997942
0.999142
0.999504
0.998449
0.996043
0.992963
0.990295
0.989187
0.990532
0.994596
1.00099
1.00882
1.01693
1.02411
1.02925
1.03137
1.02975
1.02418
1.01514
1.00398
0.992695
0.983416
0.977714
0.976176
0.978379
0.983154
0.989103
0.995008
1.00002
1.00367
1.00583
1.00674
1.00696
1.00739
1.00891
1.01208
1.01675
1.02206
1.02663
1.02895
1.02789
1.02311
1.01549
1.00703
1.00039
0.997835
1.00006
1.00572
1.01194
1.01548
1.01368
1.00507
0.989698
0.969187
0.946521
0.925398
0.90931
0.900612
0.899925
0.90615
0.917085
0.930248
0.943555
0.955639
0.965792
0.973812
0.979775
0.983894
0.98652
0.988136
0.989327
0.990682
0.992704
0.99571
0.999832
1.00497
1.01062
1.0158
1.01921
1.01961
1.01636
1.00964
1.0005
0.99061
0.981914
0.975999
0.973571
0.974204
0.97677
0.980085
0.983574
0.987453
0.992557
0.999877
1.00998
1.02254
1.0363
1.0492
1.05889
1.06328
1.06104
1.05209
1.038
1.02183
1.00737
0.997577
0.993249
0.993077
0.994714
0.995902
0.995078
0.991669
0.986218
0.98027
0.975893
0.97484
0.977774
0.983922
0.991397
0.997904
1.00141
1.00062
0.995379
0.986448
0.975181
0.963083
0.951561
0.941972
0.935585
0.933396
0.935948
0.943267
0.954838
0.969785
0.986994
1.00531
1.02364
1.041
1.05656
1.0696
1.07947
1.08567
1.08788
1.08598
1.07999
1.07007
1.05656
1.03999
1.02108
1.00075
0.980213
0.960825
0.943947
0.930647
0.921513
0.916601
0.915581
0.91788
0.922874
0.929877
0.938134
0.946789
0.954977
0.96209
0.967873
0.972393
0.975932
0.978888
0.981621
0.984246
0.986515
0.98797
0.988254
0.987479
0.98638
0.986156
0.988095
0.993158
1.0016
1.01281
1.0253
1.03724
1.04711
1.05407
1.05791
1.05878
1.05677
1.05187
1.04395
1.03299
1.01929
1.00364
0.987303
0.971766
0.958281
0.947248
0.938047
0.929582
0.921312
0.914179
0.910533
0.912624
0.920871
0.933598
0.948309
0.962945
0.976121
0.986968
0.994961
0.999955
1.00218
1.00206
1.00005
0.996383
0.99124
0.98487
0.977811
0.970842
0.964617
0.959299
0.95457
0.950072
0.945943
0.943053
0.94273
0.946157
0.953856
0.965499
0.980158
0.996628
1.0137
1.03033
1.04558
1.05861
1.06855
1.07448
1.07541
1.07042
1.0589
1.04079
1.01677
0.988371
0.957905
0.928134
0.901741
0.880906
0.867178
0.861331
0.863186
0.871485
0.884154
0.898952
0.914192
0.92929
0.944631
0.960769
0.977527
0.993758
1.00785
1.01836
1.02428
1.02509
1.02092
1.01269
1.00203
0.990682
0.979822
0.96978
0.960484
0.952097
0.945081
0.939876
0.936715
0.935762
0.937137
0.940662
0.94575
0.951572
0.957344
0.962614
0.967313
0.971598
0.975622
0.979344
0.982493
0.984704
0.985701
0.985252
0.983049
0.978604
0.971225
0.960351
0.946084
0.929569
0.9128
0.898031
0.887237
0.881865
0.882514
0.888733
0.89925
0.912457
0.926758
0.94071
0.953098
0.963025
0.970044
0.97428
0.976396
0.977321
0.977854
0.978417
0.978989
0.979369
0.979436
0.979245
0.978866
0.978178
0.976718
0.973802
0.968715
0.96095
0.950491
0.938031
0.924979
0.913052
0.903593
0.89692
0.892421
0.889082
0.886018
0.882699
0.879049
0.875416
0.872471
0.870906
0.871129
0.873128
0.876507
0.880849
0.886112
0.892949
0.902349
0.91474
0.929257
0.944187
0.958003
0.969988
0.980163
0.988914
0.99673
1.00408
1.01144
1.01934
1.02836
1.03907
1.05181
1.06644
1.08233
1.0983
1.11279
1.12417
1.13109
1.13261
1.1282
1.11799
1.10298
1.08558
1.06921
1.05712
1.05106
1.05086
1.05482
1.06047
1.06526
1.06735
1.06592
1.06087
1.05238
1.04043
1.02505
1.00682
0.987307
0.969204
0.955506
0.948141
0.947497
0.95312
0.964514
0.980822
1.00024
1.02011
1.03781
1.05153
1.06065
1.06562
1.06751
1.06751
1.0665
1.06477
1.06244
1.05979
1.05733
1.05557
1.05497
1.05587
1.05822
1.06142
1.06446
1.06633
1.06649
1.065
1.06225
1.05867
1.05431
1.04892
1.04219
1.03415
1.02559
1.01798
1.01302
1.01178
1.01415
1.01884
1.02406
1.02838
1.03125
1.03293
1.03404
1.03502
1.03591
1.03637
1.03604
1.03483
1.03309
1.03146
1.03059
1.03089
1.03216
1.03351
1.03359
1.03102
1.02483
1.01469
1.00112
0.985491
0.969533
0.954703
0.941862
0.931638
0.925033
0.923399
0.927935
0.939101
1.11753
1.13886
1.16148
1.18337
1.20238
1.21658
1.22455
1.22553
1.21942
1.20675
1.18861
1.16665
1.14304
1.12024
1.10047
1.08498
1.07385
1.06656
1.06296
1.06357
1.06888
1.07848
1.09061
1.1028
1.11281
1.11915
1.12102
1.11777
1.10879
1.09378
1.0735
1.05024
1.02738
1.00844
0.995781
0.989904
0.989591
0.992607
0.996688
1.00039
1.00369
1.00801
1.0154
1.02723
1.04342
1.06235
1.08164
1.09903
1.1129
1.12247
1.12776
1.12934
1.12801
1.12455
1.1196
1.11372
1.1075
1.10158
1.09667
1.09343
1.09247
1.09442
1.09965
1.10779
1.11751
1.12685
1.1339
1.13748
1.13738
1.13419
1.12887
1.12243
1.11569
1.10932
1.10376
1.09898
1.09442
1.08945
1.08384
1.07777
1.07138
1.0646
1.05746
1.05041
1.04444
1.04074
1.04017
1.04304
1.04905
1.05767
1.06828
1.08025
1.09275
1.10468
1.11473
1.12151
1.12383
1.12094
1.11294
1.10129
1.08883
1.07907
1.07459
1.07578
1.08083
1.087
1.09214
1.09565
1.09856
1.10271
1.10957
1.11941
1.13132
1.14365
1.15464
1.163
1.16847
1.17203
1.17534
1.17944
1.18377
1.18644
1.18543
1.1794
1.16804
1.15227
1.13403
1.11543
1.0978
1.08155
1.06684
1.05436
1.04583
1.04371
1.04965
1.06258
1.07883
1.0944
1.10699
1.11641
1.12379
1.13063
1.13798
1.14595
1.15364
1.15954
1.16209
1.16018
1.15328
1.14158
1.12595
1.10797
1.09003
1.07499
1.06554
1.06314
1.06741
1.0763
1.08697
1.09662
1.10312
1.10536
1.10347
1.09891
1.09427
1.09258
1.09629
1.10634
1.12192
1.14099
1.16115
1.18027
1.19659
1.20874
1.21556
1.21601
1.20935
1.19543
1.17544
1.15256
1.13141
1.11561
1.10521
1.09728
1.08891
1.07912
1.06902
1.06113
1.05866
1.06433
1.07889
1.10054
1.12557
1.14987
1.17016
1.18455
1.19238
1.19381
1.18945
1.17997
1.16618
1.14925
1.13132
1.11558
1.10554
1.10327
1.10849
1.11924
1.13319
1.14846
1.16361
1.17738
1.18852
1.19589
1.19865
1.19635
1.18912
1.17774
1.16382
1.14952
1.13677
1.12637
1.11806
1.11118
1.10485
1.0977
1.08834
1.07657
1.0639
1.0527
1.04492
1.0411
1.04036
1.04123
1.04276
1.04496
1.04858
1.05446
1.06311
1.07491
1.09012
1.10862
1.12952
1.15121
1.17174
1.18931
1.20264
1.2111
1.21468
1.21393
1.2099
1.2039
1.19712
1.1901
1.18252
1.17355
1.16246
1.14914
1.13403
1.1179
1.10166
1.08634
1.07326
1.06379
1.05877
1.05793
1.05963
1.06157
1.06185
1.0599
1.05637
1.05253
1.04989
1.04981
1.05263
1.05738
1.06253
1.06729
1.07184
1.07676
1.08232
1.08831
1.09429
1.09989
1.10465
1.10788
1.10871
1.10653
1.10159
1.09526
1.08977
1.08718
1.08822
1.09215
1.09721
1.10147
1.10322
1.10117
1.09457
1.08343
1.06865
1.05198
1.0358
1.02261
1.01444
1.01216
1.01525
1.02191
1.02968
1.03644
1.04115
1.04418
1.04688
1.05084
1.05722
1.06615
1.07656
1.08657
1.09448
1.09945
1.10155
1.1012
1.09875
1.09436
1.08819
1.08064
1.07214
1.06265
1.05138
1.0377
1.0224
1.00818
0.998671
0.996518
1.00197
1.01315
1.02759
1.04352
1.05994
1.07599
1.09032
1.101
1.1061
1.10448
1.09614
1.08208
1.06381
1.04281
1.02045
0.998014
0.977022
0.959098
0.945672
0.937733
0.93576
0.939533
0.947943
0.959237
0.971699
0.984267
0.996646
1.00901
1.02165
1.03464
1.04755
1.05932
1.06848
1.07353
1.07332
1.06727
1.05542
1.03879
1.01963
1.0015
0.988469
0.984023
0.990023
1.00585
1.02809
1.05184
1.07302
1.08985
1.10258
1.11248
1.12052
1.12689
1.13113
1.13296
1.13281
1.13159
1.1298
1.12737
1.12442
1.12196
1.12175
1.1252
1.13219
1.1408
1.14811
1.15142
1.14913
1.1411
1.12846
1.11309
1.09721
1.08299
1.07228
1.06631
1.06548
1.06923
1.07623
1.08453
1.09186
1.09611
1.09609
1.09213
1.08583
1.0792
1.07368
1.06968
1.067
1.06559
1.06596
1.06875
1.07393
1.08034
1.08598
1.08897
1.08856
1.08552
1.08174
1.07906
1.07824
1.0789
1.08033
1.08246
1.08591
1.09133
1.09869
1.107
1.11459
1.11958
1.12033
1.11568
1.10512
1.08876
1.06741
1.04276
1.01743
0.994966
0.979304
0.973531
0.978548
0.992524
1.01177
1.0325
1.05229
1.07043
1.08729
1.10342
1.11892
1.13327
1.14547
1.1541
1.15756
1.15432
1.14353
1.12598
1.10495
1.08578
1.07346
1.06997
1.07384
1.0821
1.09188
1.10089
1.10739
1.11028
1.10913
1.1044
1.09748
1.09064
1.08654
1.08729
1.09357
1.10437
1.11747
1.13026
1.14033
1.14573
1.1451
1.13775
1.12392
1.10502
1.08365
1.06342
1.04808
1.04015
1.04005
1.04647
1.0573
1.0704
1.08386
1.09607
1.10586
1.11256
1.11593
1.11601
1.11299
1.10729
1.09943
1.09005
1.07999
1.0706
1.06388
1.06191
1.06559
1.07371
1.08338
1.09166
1.09714
1.10036
1.10318
1.10753
1.11445
1.12378
1.13451
1.14539
1.15563
1.16513
1.17394
1.18171
1.18733
1.18923
1.18577
1.17556
1.15787
1.13311
1.10351
1.07304
1.0461
1.02569
1.01261
1.00644
1.00662
1.01262
1.0235
1.03771
1.05328
1.06821
1.08059
1.08843
1.08968
1.08274
1.0677
1.04755
1.0281
1.01556
1.01293
1.01842
1.02743
1.03591
1.04228
1.04741
1.05328
1.06134
1.07164
1.08278
1.09268
1.09953
1.10226
1.10066
1.0953
1.08756
1.07953
1.07356
1.07126
1.07281
1.07683
1.08122
1.08404
1.08402
1.08053
1.07356
1.06367
1.05189
1.03952
1.0277
1.01718
1.0083
1.00126
0.996605
0.995213
0.998017
1.00526
1.01599
1.02802
1.03858
1.04517
1.0463
1.04202
1.03405
1.02548
1.02019
1.02155
1.0309
1.04655
1.06434
1.07956
1.08879
1.09082
1.08655
1.07832
1.06901
1.06099
1.05551
1.05256
1.05129
1.05066
1.04993
1.04884
1.04748
1.04597
1.04437
1.04274
1.04127
1.0401
1.03916
1.03806
1.03612
1.03251
1.02659
1.01817
1.00788
0.997328
0.989056
0.986114
0.991048
1.00466
1.02541
1.05013
1.07536
1.09827
1.11682
1.1297
1.13645
1.13764
1.13475
1.12948
1.12303
1.11572
1.10723
1.0972
1.08579
1.07374
1.06219
1.0522
1.04443
1.03892
1.03527
1.03303
1.03202
1.03244
1.03465
1.03898
1.04588
1.056
1.07006
1.08846
1.11066
1.13511
1.15955
1.1817
1.19975
1.2124
1.21859
1.2173
1.2078
1.19018
1.16568
1.13679
1.10687
1.07954
1.05781
1.04337
1.03642
1.03579
1.03963
1.04634
1.05517
1.06592
1.07792
1.08955
1.09882
1.10401
1.10391
1.09785
1.08597
1.07016
1.05446
1.04377
1.04084
1.04559
1.05711
1.07413
1.09348
1.11043
1.12125
1.12485
1.12271
1.11759
1.11204
1.10731
1.1035
1.10043
1.09813
1.09664
1.09585
1.09535
1.09452
1.09276
1.08977
1.08581
1.0815
1.07767
1.07488
1.07326
1.07249
1.07196
1.07104
1.06942
1.0673
1.06557
1.06575
1.06978
1.07942
1.09532
1.11638
1.1399
1.16238
1.18055
1.19202
1.19543
1.19049
1.17784
1.15897
1.13622
1.11255
1.09112
1.07453
1.0639
1.05859
1.05658
1.05533
1.05278
1.04795
1.04101
1.03292
1.02511
1.01906
1.01612
1.01732
1.02325
1.03377
1.04805
1.06471
1.08197
1.09791
1.11075
1.11897
1.12151
1.11777
1.10781
1.09276
1.07521
1.05898
1.04791
1.04428
1.04818
1.0578
1.07031
1.08246
1.09117
1.09408
1.08993
1.07873
1.06185
1.04184
1.02211
1.0063
0.997524
0.997633
1.00683
1.02373
1.0458
1.06988
1.09275
1.11166
1.12459
1.13053
1.12947
1.12236
1.11087
1.09712
1.08331
1.07141
1.06265
1.05733
1.05494
1.05448
1.05498
1.05571
1.05608
1.05557
1.05371
1.0503
1.04565
1.04058
1.03606
1.03281
1.03097
1.03014
1.02964
1.02882
1.0273
1.02506
1.02256
1.02067
1.02056
1.02329
1.02951
1.03914
1.05127
1.06466
1.07828
1.09189
1.10586
1.12069
1.13659
1.15274
1.16643
1.17395
1.17298
1.16426
1.1514
1.13948
1.13316
1.13514
1.14549
1.162
1.18121
1.19944
1.2137
1.22242
1.22574
1.22524
1.22312
1.22116
1.22002
1.2191
1.21694
1.21174
1.20204
1.18724
1.1678
1.14526
1.12182
1.10001
1.08225
1.07029
1.06452
1.06346
1.06421
1.06359
1.05925
1.05041
1.03798
1.02412
1.01132
1.00134
0.994791
0.991595
0.991824
0.996147
1.00543
1.0198
1.03789
1.05684
1.07312
1.08378
1.08721
1.08347
1.07392
1.0607
1.0463
1.03325
1.02377
1.01936
1.02033
1.02557
1.0327
1.0389
1.04204
1.0415
1.03824
1.03429
1.03191
1.03274
1.03729
1.04506
1.05522
1.06709
1.08009
1.09328
1.10531
1.11491
1.1216
1.12567
1.12772
1.12827
1.12761
1.12603
1.12382
1.12132
1.11868
1.11563
1.11145
1.10524
1.09665
1.08629
1.07563
1.06649
1.06032
1.05793
1.05938
1.06403
1.07062
1.0776
1.08344
1.08709
1.08847
1.08865
1.08939
1.09204
1.09674
1.10262
1.10856
1.1138
1.11806
1.12121
1.12307
1.12368
1.12344
1.12264
1.12038
1.11445
1.10277
1.08553
1.06632
1.0514
1.04703
1.05607
1.07653
1.10314
1.1302
1.15345
1.17054
1.18055
1.18345
1.17979
1.17069
1.15782
1.14322
1.12876
1.11538
1.1026
1.08865
1.07183
1.05211
1.03167
1.01414
1.00279
0.999161
1.00264
1.0112
1.02269
1.03581
1.05019
1.06566
1.08136
1.09548
1.10595
1.11143
1.1118
1.10826
1.10276
1.09741
1.09376
1.0924
1.09301
1.10171
1.10363
1.10513
1.10607
1.10678
1.10824
1.11211
1.1203
1.13406
1.15307
1.17533
1.19781
1.21724
1.23077
1.23649
1.23397
1.22447
1.21065
1.19578
1.18255
1.1721
1.16404
1.15711
1.15018
1.14285
1.13522
1.12766
1.12059
1.11436
1.10903
1.1042
1.09904
1.0928
1.0854
1.07744
1.06996
1.06391
1.05981
1.05781
1.05811
1.061
1.06633
1.07303
1.07927
1.08373
1.08661
1.08966
1.0949
1.10307
1.11334
1.12397
1.13329
1.14017
1.14406
1.1449
1.14304
1.13915
1.13393
1.12791
1.12128
1.11396
1.10595
1.09759
1.08988
1.08426
1.0821
1.08399
1.0893
1.09633
1.10299
1.10745
1.10869
1.1067
1.10245
1.09766
1.0943
1.09391
1.09696
1.10266
1.10923
1.11465
1.11721
1.11578
1.10989
1.09973
1.08624
1.07106
1.05631
1.04429
1.03763
1.03884
1.0486
1.06435
1.08152
1.09632
1.10733
1.11493
1.11967
1.12125
1.11883
1.11214
1.10202
1.09011
1.07822
1.06791
1.06028
1.05613
1.056
1.06007
1.06795
1.07868
1.09084
1.10277
1.11295
1.12004
1.12288
1.12045
1.11212
1.09819
1.08012
1.0601
1.04006
1.02087
1.00243
0.984514
0.967543
0.952691
0.941441
0.935353
0.936286
0.946216
0.965994
0.994055
1.02662
1.05919
1.08801
1.11061
1.12589
1.13395
1.1359
1.13367
1.12959
1.12576
1.12353
1.12325
1.12428
1.12534
1.12496
1.12208
1.11624
1.10786
1.09803
1.08818
1.0796
1.07307
1.06883
1.06668
1.06624
1.06703
1.06849
1.06995
1.07065
1.06999
1.06788
1.06513
1.06347
1.06494
1.07093
1.08122
1.09392
1.10619
1.11539
1.12004
1.12019
1.11738
1.11398
1.11223
1.11328
1.11692
1.12205
1.12714
1.13078
1.13231
1.1321
1.13165
1.13305
1.13801
1.14678
1.15769
1.16803
1.17532
1.17834
1.17742
1.17398
1.16997
1.16713
1.16673
1.16959
1.17615
1.18635
1.19943
1.21379
1.22728
1.23751
1.2424
1.24043
1.23083
1.21382
1.19085
1.1647
1.13913
1.11814
1.10463
1.09941
1.10103
1.10676
1.11386
1.12069
1.12676
1.1322
1.13686
1.13987
1.1398
1.13522
1.12544
1.11105
1.09411
1.07781
1.0657
1.06079
1.06436
1.07538
1.09074
1.10649
1.11932
1.12758
1.13135
1.13202
1.13165
1.13219
1.13502
1.14062
1.14842
1.15694
1.16447
1.16989
1.17307
1.17421
1.17309
1.1687
1.15961
1.14458
1.12321
1.09694
1.06982
1.04805
1.03662
1.03576
1.04161
1.04997
1.05844
1.06612
1.0727
1.07793
1.08154
1.08368
1.08531
1.08816
1.09415
1.10415
1.11717
1.13058
1.141
1.14534
1.14144
1.12888
1.1094
1.08691
1.06601
1.04985
1.03886
1.03159
1.0265
1.02289
1.02099
1.02141
1.0247
1.03109
1.04048
1.05248
1.06604
1.07926
1.08985
1.09589
1.09638
1.09149
1.08242
1.07116
1.06007
1.05113
1.04535
1.04263
1.0424
1.04447
1.04947
1.05829
1.07088
1.08555
1.09985
1.11197
1.12137
1.1282
1.13266
1.13451
1.1333
1.12866
1.12067
1.11019
1.0989
1.08891
1.08206
1.07897
1.07889
1.08026
1.08167
1.08217
1.08126
1.07896
1.0759
1.07308
1.07145
1.07162
1.07375
1.07767
1.08292
1.08876
1.0944
1.09928
1.1035
1.10782
1.11336
1.12104
1.13111
1.14265
1.15354
1.16116
1.1634
1.15921
1.14881
1.13337
1.11495
1.09645
1.08141
1.07314
1.07278
1.07836
1.08603
1.09233
1.09564
1.09626
1.0958
1.09624
1.09911
1.10466
1.11157
1.1172
1.11847
1.11302
1.10023
1.08197
1.06269
1.04822
1.04339
1.04962
1.06464
1.08441
1.10505
1.12367
1.1384
1.14823
1.15298
1.15326
1.15057
1.14703
1.14487
1.14565
1.14976
1.15645
1.1646
1.17335
1.18244
1.19191
1.20168
1.21119
1.21943
1.2252
1.22745
1.22551
1.21924
1.20898
1.19551
1.17998
1.16372
1.14803
1.13399
1.12238
1.11391
1.10962
1.11097
1.11906
1.13306
1.14963
1.16426
1.17397
1.17837
1.17924
1.17908
1.17986
1.18211
1.18454
1.18452
1.17905
1.16634
1.14772
1.1287
1.11715
1.11824
1.13078
1.14919
1.16778
1.18321
1.1942
1.2005
1.20203
1.19873
1.19052
1.17743
1.15987
1.13893
1.11654
1.09509
1.07678
1.06277
1.05286
1.04579
1.04
1.03459
1.03007
1.02825
1.03123
1.04014
1.05451
1.07269
1.0924
1.11109
1.12641
1.13671
1.14141
1.14111
1.13726
1.13159
1.12565
1.12052
1.11669
1.11395
1.11145
1.10782
1.10149
1.09108
1.07588
1.05609
1.03298
1.00874
0.986215
0.968545
0.958586
0.958148
0.967211
0.983875
1.00514
1.0281
1.05055
1.07109
1.08869
1.10246
1.11158
1.11546
1.11383
1.10679
1.09479
1.07876
1.06036
1.04234
1.02832
1.02188
1.02503
1.03741
1.05647
1.07849
1.09973
1.11737
1.13007
1.13787
1.14152
1.14174
1.13887
1.13314
1.12497
1.11521
1.10487
1.09491
1.08605
1.07891
1.07408
1.07189
1.07225
1.07445
1.07744
1.08011
1.08162
1.08157
1.08004
1.07759
1.07513
1.07356
1.07326
1.07376
1.07389
1.07238
1.06853
1.06244
1.05476
1.04636
1.03802
1.03048
1.02448
1.02077
1.02011
1.02295
1.02921
1.03812
1.04858
1.05951
1.0702
1.0804
1.09026
1.10013
1.11019
1.12012
1.12892
1.13499
1.1365
1.132
1.12095
1.10412
1.08388
1.06404
1.04913
1.04279
1.04633
1.05851
1.07632
1.09621
1.11474
1.12921
1.138
1.1407
1.13787
1.13062
1.12008
1.10727
1.09308
1.07846
1.0645
1.05216
1.04217
1.03498
1.03093
1.03018
1.03246
1.03648
1.04022
1.04174
1.04017
1.03584
1.02989
1.0236
1.01809
1.01445
1.01391
1.01776
1.02675
1.04069
1.05839
1.07798
1.09745
1.11503
1.12947
1.14016
1.14707
1.15068
1.1519
1.15189
1.15177
1.15235
1.15397
1.15643
1.15913
1.16127
1.16207
1.16107
1.15845
1.1549
1.15105
1.14669
1.14096
1.13346
1.12506
1.11733
1.11131
1.1067
1.10248
1.09797
1.0934
1.08954
1.08676
1.08464
1.08215
1.07834
1.07306
1.06699
1.06123
1.05667
1.05351
1.05122
1.04912
1.04709
1.04595
1.04697
1.05088
1.05712
1.0643
1.07121
1.07755
1.08384
1.09067
1.09807
1.10539
1.11168
1.11608
1.11801
1.11696
1.11238
1.10378
1.0911
1.07503
1.05722
1.03984
1.02484
1.01326
1.00537
1.00135
1.0018
1.00766
1.01951
1.03658
1.05628
1.07509
1.09008
1.0999
1.10488
1.10632
1.10571
1.10399
1.10121
1.09676
1.09005
1.08162
1.07386
1.07012
1.07241
1.07968
1.08894
1.09755
1.10426
1.10886
1.11156
1.11262
1.11241
1.11142
1.11036
1.10989
1.11024
1.11114
1.11198
1.11219
1.11163
1.1106
1.10946
1.10817
1.10624
1.10299
1.09817
1.09218
1.08581
1.07973
1.07418
1.06889
1.06344
1.05749
1.05097
1.04427
1.03814
1.03352
1.03114
1.03125
1.03357
1.0375
1.04235
1.04763
1.05317
1.05918
1.06607
1.07423
1.08401
1.09549
1.10813
1.12059
1.13137
1.13969
1.14572
1.14987
1.15215
1.15206
1.14903
1.14268
1.13305
1.12053
1.10592
1.09044
1.07559
1.0629
1.05342
1.04721
1.0433
1.04004
1.03585
1.02994
1.02256
1.01486
1.00817
1.00338
1.00064
0.99968
1.00009
1.00151
1.00364
1.00633
1.00961
1.01363
1.01859
1.02448
1.031
1.0376
1.04386
1.04985
1.05622
1.06358
1.07209
1.08145
1.09126
1.10114
1.11055
1.11854
1.12398
1.12619
1.12565
1.12427
1.12471
1.12892
1.1371
1.14764
1.15788
1.1651
1.16719
1.16299
1.15237
1.13608
1.1158
1.09401
1.07386
1.05862
1.05067
1.05041
1.05583
1.06348
1.07001
1.07342
1.07333
1.07066
1.067
1.06383
1.06189
1.06095
1.06012
1.0585
1.05556
1.0514
1.04664
1.04238
1.03995
1.04065
1.04522
1.05332
1.06331
1.07272
1.07915
1.08137
1.07961
1.07538
1.07054
1.06636
1.06318
1.06078
1.05897
1.05765
1.05667
1.05562
1.05386
1.05074
1.04591
1.03961
1.0329
1.02737
1.02462
1.02538
1.02909
1.03406
1.03826
1.04002
1.03866
1.03466
1.02944
1.02482
1.02235
1.02279
1.02596
1.03073
1.03539
1.03832
1.03889
1.03782
1.03701
1.03869
1.04437
1.05422
1.06698
1.08055
1.0928
1.10231
1.10873
1.11275
1.11556
1.11813
1.12084
1.12351
1.12582
1.12756
1.12851
1.12836
1.12681
1.12372
1.11927
1.11404
1.10876
1.1041
1.10031
1.09732
1.09488
1.09284
1.09131
1.09062
1.09121
1.09346
1.09752
1.10313
1.10972
1.1166
1.12345
1.13053
1.13859
1.14832
1.15974
1.17184
1.18269
1.18995
1.19139
1.18532
1.17093
1.14858
1.12031
1.09008
1.06331
1.04541
1.03993
1.04743
1.06567
1.09064
1.11786
1.14334
1.16421
1.17897
1.18724
1.18929
1.18528
1.17493
1.15792
1.13472
1.10705
1.07786
1.05071
1.02908
1.01566
1.01175
1.01686
1.02871
1.04407
1.06006
1.07519
1.08937
1.10295
1.11565
1.12634
1.13361
1.1367
1.1358
1.13182
1.12579
1.11831
1.10925
1.0977
1.08251
1.06311
1.04054
1.01773
0.998583
0.985841
0.9797
0.97844
0.980034
0.983223
0.987694
0.993579
1.00091
1.00929
1.01797
1.0262
1.03361
1.04044
1.04738
1.05532
1.06494
1.0764
1.08915
1.10198
1.11326
1.12126
1.12473
1.1236
1.11954
1.11546
1.11376
1.11454
1.11561
1.11414
1.10805
1.09654
1.08008
1.0604
1.04057
1.02468
1.01648
1.01753
1.02604
1.03781
1.04834
1.05422
1.05367
1.04653
1.0342
1.01941
1.00572
0.996456
0.993651
0.997793
1.00832
1.02425
1.0445
1.06809
1.09404
1.12569
1.15179
1.17465
1.19204
1.20212
1.20379
1.19713
1.18387
1.16743
1.15178
1.13926
1.12919
1.11889
1.10604
1.09058
1.07481
1.06198
1.05457
1.05336
1.05789
1.06733
1.08093
1.09789
1.11706
1.1368
1.15542
1.17154
1.18419
1.19262
1.19633
1.19535
1.19045
1.18311
1.17511
1.16797
1.16238
1.15825
1.15496
1.15167
1.14757
1.14214
1.13548
1.12856
1.12288
1.11984
1.11999
1.12271
1.12656
1.12996
1.13205
1.133
1.13382
1.13552
1.13841
1.1418
1.14433
1.14455
1.14147
1.13502
1.12617
1.11682
1.10928
1.10567
1.10722
1.11403
1.12511
1.13868
1.15265
1.16516
1.17494
1.18142
1.18464
1.18508
1.18346
1.18074
1.17799
1.17598
1.17472
1.17311
1.16949
1.16258
1.15231
1.13982
1.12679
1.11453
1.10374
1.09459
1.08699
1.08083
1.07616
1.07311
1.07181
1.0724
1.07521
1.08066
1.08869
1.09816
1.10685
1.11228
1.11277
1.10847
1.10161
1.09533
1.09157
1.08971
1.0877
1.08464
1.0821
1.0831
1.08988
1.10264
1.1198
1.1388
1.15679
1.1711
1.17945
1.18022
1.17253
1.15644
1.13328
1.10595
1.07834
1.054
1.03499
1.02215
1.01565
1.01506
1.01945
1.02802
1.04045
1.05655
1.0754
1.09511
1.11338
1.12847
1.13944
1.14608
1.14853
1.14702
1.14193
1.13389
1.12392
1.11328
1.10312
1.09426
1.08727
1.08266
1.08095
1.08194
1.0843
1.08603
1.08596
1.08474
1.08443
1.08684
1.09198
1.09798
1.10229
1.10304
1.09956
1.09198
1.08037
1.0641
1.04236
1.01554
0.986406
0.959905
0.94162
0.9357
0.943443
0.963344
0.992051
1.02541
1.0594
1.09082
1.11764
1.13879
1.1537
1.16191
1.16299
1.15675
1.14363
1.125
1.10326
1.08148
1.06274
1.04933
1.04261
1.04309
1.05045
1.06329
1.07941
1.09673
1.11395
1.13046
1.14581
1.15933
1.17005
1.177
1.1794
1.17668
1.16848
1.15461
1.13556
1.11321
1.09127
1.07445
1.06594
1.06548
1.06983
1.07523
1.07919
1.08085
1.08019
1.07733
1.07221
1.06496
1.05637
1.04823
1.043
1.04325
1.05074
1.06579
1.08703
1.11182
1.13694
1.15937
1.17662
1.18705
1.18998
1.18565
1.17509
1.16006
1.1429
1.12629
1.11261
1.10315
1.09775
1.09513
1.09364
1.09196
1.0893
1.08527
1.07959
1.07199
1.06249
1.05164
1.04056
1.03044
1.02189
1.01461
1.00754
0.999665
0.990914
0.982796
0.978115
0.979679
0.988784
1.00448
1.02403
1.04404
1.06164
1.0752
1.08439
1.08972
1.09177
1.09066
1.08617
1.07824
1.06754
1.05546
1.04374
1.03391
1.02694
1.02337
1.02367
1.02863
1.03912
1.05549
1.07704
1.102
1.12786
1.15187
1.17151
1.1848
1.19051
1.18807
1.17748
1.15921
1.13421
1.10419
1.07205
1.04202
1.01887
1.0059
1.00307
1.00713
1.01358
1.01858
1.01974
1.01629
1.00896
0.999943
0.992625
0.990204
0.993594
1.00065
1.00781
1.01238
1.01353
1.0119
1.00879
1.00555
1.00341
1.00349
1.00674
1.01383
1.0249
1.03957
1.05698
1.07592
1.09512
1.11354
1.13038
1.14505
1.15696
1.16545
1.16976
1.16934
1.1643
1.15564
1.14499
1.13375
1.12232
1.11064
1.09932
1.09011
1.08491
1.0844
1.08758
1.09239
1.09677
1.09947
1.10005
1.09865
1.09543
1.09019
1.08219
1.07045
1.05437
1.03439
1.0125
0.99194
0.976168
0.96753
0.966647
0.972898
0.985335
1.00325
1.02597
1.05212
1.0793
1.10459
1.12563
1.14135
1.15213
1.15921
1.16394
1.16715
1.16894
1.16892
1.16674
1.16231
1.15572
1.14689
1.1355
1.12123
1.10413
1.08491
1.06485
1.04557
1.02863
1.01532
1.00667
1.00341
1.00578
1.0133
1.02459
1.03762
1.05027
1.06083
1.06835
1.07261
1.07413
1.07381
1.07265
1.07142
1.07067
1.07093
1.07267
1.0764
1.0826
1.09162
1.10346
1.11717
1.13076
1.14202
1.14972
1.15405
1.15608
1.1569
1.15682
1.1552
1.15064
1.14147
1.12633
1.1048
1.07781
1.04779
1.01837
0.993589
0.977128
0.971378
0.976786
0.991758
1.01341
1.03854
1.06431
1.08846
1.1093
1.12596
1.13869
1.14871
1.15763
1.16648
1.17512
1.18229
1.18652
1.18695
1.18383
1.17824
1.1715
1.16442
1.15713
1.14923
1.14032
1.13032
1.11947
1.1083
1.09767
1.08866
1.08223
1.07887
1.07874
1.08206
1.08893
1.09872
1.10971
1.11991
1.12813
1.13422
1.1387
1.14221
1.14513
1.1476
1.14958
1.15091
1.15124
1.15017
1.14742
1.14311
1.13799
1.1333
1.13035
1.12972
1.13104
1.13324
1.13541
1.13724
1.13898
1.14102
1.14354
1.14637
1.14918
1.15155
1.15289
1.15235
1.14898
1.14191
1.13063
1.11537
1.09738
1.07925
1.06441
1.05588
1.05472
1.05982
1.06903
1.08034
1.09211
1.10299
1.1119
1.11812
1.12144
1.12202
1.12017
1.11624
1.11067
1.10429
1.09842
1.09444
1.09304
1.0937
1.0948
1.09433
1.09086
1.08412
1.07528
1.06648
1.05971
1.05598
1.05505
1.05591
1.05739
1.05888
1.06069
1.06398
1.07001
1.07897
1.08967
1.10014
1.10881
1.11504
1.11896
1.12092
1.12114
1.11982
1.1174
1.11444
1.11139
1.10827
1.10488
1.10111
1.09724
1.09394
1.09201
1.09205
1.09435
1.09863
1.10408
1.10951
1.11352
1.11497
1.11312
1.10774
1.09906
1.0878
1.07533
1.06366
1.05518
1.05198
1.05508
1.06375
1.07571
1.08789
1.09753
1.10294
1.10386
1.1014
1.09772
1.09541
1.09665
1.10226
1.1114
1.12191
1.1313
1.13773
1.1404
1.13953
1.1359
1.13047
1.12417
1.11776
1.11196
1.10744
1.1049
1.10486
1.10751
1.11249
1.11903
1.12605
1.13232
1.1365
1.1373
1.13366
1.12508
1.11182
1.09513
1.0769
1.05945
1.04503
1.03567
1.03279
1.03689
1.04726
1.06194
1.07809
1.09278
1.10376
1.10994
1.11149
1.10943
1.10527
1.10065
1.09717
1.09609
1.09811
1.10315
1.11038
1.11857
1.12636
1.13266
1.13681
1.13869
1.1386
1.13717
1.13491
1.13209
1.1286
1.12413
1.1185
1.11182
1.10457
1.09746
1.09108
1.08561
1.08088
1.0767
1.07321
1.07094
1.07059
1.07263
1.07699
1.08283
1.08865
1.0928
1.09406
1.09224
1.08841
1.08453
1.08261
1.08381
1.08804
1.09437
1.10142
1.10781
1.11224
1.11354
1.11081
1.10351
1.09156
1.07548
1.05674
1.03831
1.02447
1.01932
1.02412
1.03593
1.0489
1.05762
1.05999
1.05789
1.05542
1.0561
1.06105
1.06908
1.07801
1.08585
1.09149
1.09478
1.09623
1.09647
1.09607
1.09541
1.09466
1.0939
1.09327
1.09305
1.09348
1.09453
1.09586
1.09686
1.09699
1.09583
1.09322
1.08936
1.08486
1.08064
1.07772
1.07665
1.07711
1.07767
1.07642
1.07186
1.06369
1.05308
1.04237
1.03409
1.0299
1.03
1.03294
1.03628
1.03798
1.03789
1.03784
1.04043
1.04753
1.05934
1.07421
1.08928
1.10144
1.10839
1.10935
1.10548
1.0996
1.09499
1.09378
1.09598
1.1
1.10409
1.10734
1.10993
1.11249
1.11545
1.11849
1.12083
1.12174
1.12123
1.11999
1.11893
1.1186
1.11893
1.11926
1.11869
1.11643
1.11211
1.10591
1.09864
1.09163
1.08653
1.08473
1.08684
1.09245
1.10014
1.10792
1.11362
1.11573
1.11386
1.10886
1.10238
1.09618
1.09164
1.08956
1.09013
1.09302
1.09748
1.10229
1.10596
1.10699
1.10415
1.09666
1.08446
1.06899
1.05458
1.04836
1.05624
1.07749
1.10512
1.13139
1.15153
1.16376
1.16802
1.16524
1.15693
1.14488
1.13097
1.11697
1.10439
1.09434
1.08725
1.08266
1.07942
1.07622
1.07223
1.06738
1.06226
1.05765
1.05408
1.05148
1.04923
1.04648
1.04262
1.03757
1.03179
1.02605
1.02129
1.01872
1.01986
1.02569
1.03546
1.04609
1.05342
1.05438
1.04861
1.03842
1.02758
1.01948
1.01565
1.01568
1.01817
1.02165
1.02504
1.02775
1.0296
1.03076
1.03168
1.0329
1.03493
1.03806
1.04237
1.04762
1.05338
1.05896
1.06356
1.06638
1.06687
1.06479
1.06026
1.05356
1.04522
1.0361
1.0274
1.02058
1.01707
1.01778
1.02237
1.02881
1.03381
1.03396
1.02725
1.01384
0.995992
0.977157
0.960881
0.949766
0.944965
0.946225
0.952342
0.961716
0.972929
0.984993
0.997313
1.00945
1.02106
1.03195
1.0421
1.05155
1.06019
1.06766
1.07368
1.07822
1.08128
1.08241
1.08079
1.07601
1.06891
1.0615
1.0562
1.05492
1.05849
1.06643
1.07705
1.08801
1.09691
1.10203
1.10291
1.10058
1.09723
1.09517
1.09549
1.09771
1.10046
1.10266
1.10421
1.1061
1.10974
1.11598
1.12439
1.13351
1.14173
1.14797
1.1518
1.1531
1.15172
1.14752
1.14051
1.1311
1.12024
1.1095
1.10115
1.09766
1.10057
1.10949
1.1221
1.13526
1.14627
1.15367
1.15726
1.15791
1.15703
1.15592
1.15523
1.15475
1.15371
1.15119
1.14653
1.13944
1.13009
1.11913
1.10759
1.09664
1.08712
1.0792
1.07242
1.06617
1.06003
1.05396
1.04813
1.04274
1.03784
1.03353
1.03003
1.02783
1.02758
1.0299
1.03515
1.04348
1.05486
1.06924
1.08632
1.10516
1.1241
1.14098
1.15383
1.16137
1.16332
1.16057
1.15484
1.14822
1.14238
1.13808
1.13516
1.13296
1.13098
1.12905
1.12707
1.12462
1.12083
1.11481
1.10633
1.09625
1.08654
1.07963
1.07754
1.08097
1.08912
1.10023
1.11249
1.12476
1.13668
1.14839
1.15999
1.17117
1.18112
1.18877
1.19323
1.19405
1.19125
1.18557
1.17861
1.17262
1.16968
1.17058
1.17433
1.17863
1.18104
1.17995
1.17497
1.16676
1.15644
1.0897
1.07914
1.06902
1.05963
1.05169
1.04624
1.04425
1.04613
1.05156
1.05958
1.06875
1.07746
1.08423
1.08813
1.08898
1.08712
1.0828
1.07569
1.06509
1.05076
1.0337
1.01624
1.00101
0.989492
0.981551
0.976327
0.973584
0.974064
0.978682
0.987401
0.998987
1.0116
1.0236
1.03415
1.04326
1.05151
1.05949
1.06735
1.07466
1.0805
1.08386
1.08393
1.08029
1.07318
1.06353
1.05288
1.04294
1.03514
1.03004
1.02721
1.02561
1.02432
1.02297
1.02192
1.02174
1.02286
1.02517
1.02796
1.03032
1.03156
1.03146
1.03029
1.02845
1.02611
1.02322
1.0199
1.01693
1.01601
1.01921
1.02773
1.04092
1.05632
1.0708
1.08165
1.0871
1.08643
1.07985
1.06836
1.05393
1.03947
1.02838
1.02312
1.02393
1.02897
1.03575
1.04226
1.04706
1.04925
1.04846
1.0453
1.0415
1.03942
1.04107
1.04713
1.0567
1.06797
1.07926
1.08998
1.10073
1.11236
1.12448
1.13503
1.14129
1.14127
1.13443
1.12156
1.10442
1.08509
1.06562
1.0477
1.03256
1.02101
1.01348
1.00998
1.0099
1.01221
1.01566
1.01924
1.02236
1.02491
1.02695
1.02856
1.02965
1.03014
1.03009
1.02991
1.03025
1.03178
1.03492
1.03974
1.04608
1.05381
1.06312
1.07437
1.08767
1.10236
1.11678
1.12872
1.13595
1.13674
1.13016
1.1163
1.09641
1.07281
1.04881
1.02809
1.01392
1.00835
1.01164
1.02233
1.03785
1.05533
1.07216
1.08632
1.09646
1.10195
1.10282
1.09966
1.0934
1.0853
1.077
1.07035
1.06677
1.06638
1.06774
1.06845
1.06627
1.05997
1.04963
1.03669
1.02359
1.01323
1.00823
1.01032
1.02005
1.03676
1.05872
1.08333
1.10745
1.128
1.14252
1.1497
1.14955
1.14327
1.13264
1.11947
1.10519
1.09074
1.0768
1.06396
1.05286
1.04421
1.03875
1.03709
1.03956
1.04602
1.05566
1.06705
1.0784
1.08809
1.09528
1.10033
1.10458
1.10932
1.11469
1.11962
1.12271
1.12301
1.12006
1.11365
1.10359
1.08987
1.07298
1.05404
1.03465
1.0165
1.00094
0.988836
0.980527
0.9759
0.974394
0.974996
0.976336
0.977071
0.976353
0.974197
0.971492
0.969486
0.969119
0.970691
0.973848
0.977853
0.981945
0.98569
0.989185
0.993087
0.998449
1.00628
1.01698
1.03004
1.04406
1.05733
1.06837
1.07616
1.08023
1.08066
1.07792
1.07262
1.06533
1.05652
1.04656
1.03584
1.0248
1.01386
1.00351
0.994198
0.986242
0.979838
0.975104
0.972229
0.971469
0.973068
0.976995
0.98276
0.989362
0.995422
0.999296
0.999303
0.994254
0.983998
0.969518
0.952482
0.934551
0.917144
0.90176
0.890625
0.886589
0.891985
0.907063
0.929604
0.955972
0.982735
1.00766
1.02967
1.04841
1.0637
1.07537
1.08337
1.08802
1.08999
1.09003
1.0886
1.08595
1.0823
1.07818
1.07415
1.07038
1.06643
1.06162
1.05582
1.04974
1.04455
1.04129
1.04032
1.0413
1.04346
1.0462
1.04935
1.05322
1.05821
1.06425
1.07058
1.07592
1.07896
1.07879
1.07519
1.06862
1.05999
1.05032
1.04026
1.02977
1.01852
1.00645
0.994188
0.983208
0.975464
0.972742
0.975789
0.983756
0.994408
1.00512
1.0138
1.01936
1.02159
1.02084
1.0178
1.01336
1.00847
1.00408
1.00107
1.00023
1.00203
1.00644
1.01291
1.02065
1.02905
1.03785
1.04704
1.05662
1.06621
1.07505
1.08217
1.08672
1.08827
1.08677
1.08244
1.07555
1.06637
1.05515
1.04232
1.02861
1.01534
1.00432
0.997463
0.99609
1.0002
1.00832
1.018
1.02675
1.03338
1.03879
1.04566
1.05624
1.07037
1.08577
1.10004
1.11191
1.1211
1.12769
1.13155
1.13229
1.12941
1.12281
1.11329
1.10257
1.09277
1.08519
1.07946
1.07378
1.06604
1.05485
1.03986
1.02173
1.00188
0.98219
0.964756
0.95148
0.943761
0.942228
0.946594
0.95574
0.967795
0.980458
0.991484
0.999177
1.00276
1.00249
0.999388
0.994898
0.99038
0.986924
0.985312
0.986229
0.990374
0.998472
1.01118
1.02864
1.04987
1.07253
1.09351
1.11012
1.12072
1.12472
1.12213
1.11329
1.09879
1.07952
1.05684
1.03246
1.00815
0.985476
0.96587
0.951049
0.943003
0.943367
0.952242
0.967775
0.986816
1.00608
1.02308
1.03634
1.04536
1.05016
1.05098
1.04789
1.04108
1.03118
1.01957
1.00822
0.999291
0.994559
0.995053
1.00075
1.01065
1.02304
1.03588
1.04746
1.05682
1.06404
1.07008
1.07605
1.08253
1.0893
1.09583
1.10174
1.10699
1.11168
1.11587
1.11949
1.12228
1.12374
1.12315
1.11971
1.11294
1.10296
1.09055
1.07691
1.06322
1.05048
1.03961
1.03176
1.02842
1.03108
1.04031
1.05525
1.07383
1.09356
1.11216
1.12785
1.13939
1.14603
1.14749
1.14386
1.13565
1.12397
1.1107
1.09824
1.08855
1.08212
1.07823
1.07599
1.07508
1.0755
1.07696
1.07869
1.0797
1.07928
1.07714
1.07341
1.06844
1.06261
1.05625
1.04958
1.04266
1.03535
1.02741
1.01875
1.0101
1.00385
1.00384
1.01307
1.03042
1.0508
1.06843
1.07993
1.08515
1.08657
1.08789
1.09238
1.10151
1.11464
1.12958
1.1436
1.1543
1.16005
1.16007
1.1543
1.14344
1.12881
1.11223
1.09564
1.08058
1.06777
1.05723
1.04881
1.0427
1.0395
1.03957
1.04266
1.04795
1.05437
1.06098
1.06731
1.07337
1.07963
1.0867
1.09504
1.10479
1.11566
1.12706
1.13821
1.14814
1.15584
1.16034
1.16084
1.15687
1.14838
1.13592
1.12078
1.10494
1.09071
1.07999
1.07358
1.07098
1.07064
1.0706
1.06898
1.06447
1.05655
1.04564
1.03312
1.02111
1.01192
1.00727
1.00737
1.01078
1.01514
1.01862
1.021
1.02358
1.02782
1.034
1.0411
1.0478
1.05342
1.05804
1.06202
1.06527
1.06688
1.06528
1.05889
1.04717
1.03118
1.01353
0.997463
0.985618
0.979511
0.97958
0.985268
0.99522
1.00745
1.01967
1.02953
1.03512
1.03529
1.03011
1.02094
1.01021
1.00075
0.994948
0.994072
0.998034
1.00562
1.01491
1.02397
1.03162
1.03786
1.0438
1.05098
1.06041
1.07191
1.08402
1.09444
1.10078
1.10141
1.09626
1.08734
1.07839
1.07336
1.07429
1.08028
1.08841
1.09541
1.09869
1.09664
1.08847
1.0743
1.0552
1.03329
1.01148
0.993067
0.98096
0.977036
0.98169
0.993968
1.012
1.03351
1.05625
1.07822
1.09777
1.11363
1.12481
1.13055
1.13031
1.12387
1.11139
1.09361
1.07193
1.04838
1.02556
1.0067
0.995172
0.992904
0.998564
1.00844
1.01926
1.0296
1.03946
1.04913
1.05853
1.06716
1.07458
1.08082
1.08635
1.09127
1.09473
1.09521
1.09168
1.0844
1.07485
1.06464
1.05462
1.04445
1.03303
1.01931
1.00288
0.98439
0.965594
0.94921
0.938366
0.935706
0.942312
0.956985
0.97649
0.996693
1.01405
1.0266
1.0341
1.03757
1.0385
1.03801
1.03646
1.03351
1.02858
1.02138
1.01224
1.00215
0.992725
0.98626
0.985629
0.99359
1.01149
1.03811
1.06986
1.10228
1.13142
1.15466
1.1707
1.17938
1.18134
1.17754
1.16898
1.15644
1.14053
1.12186
1.1012
1.07965
1.05864
1.03985
1.02519
1.01636
1.01425
1.01839
1.02707
1.03824
1.05033
1.06257
1.07449
1.08537
1.09402
1.09913
1.09988
1.09645
1.0901
1.08287
1.07696
1.07397
1.07445
1.07782
1.08295
1.08894
1.0956
1.10353
1.11331
1.12472
1.13645
1.14649
1.15292
1.15473
1.15231
1.14736
1.14257
1.1407
1.14345
1.15071
1.16067
1.17077
1.17859
1.18239
1.18127
1.17532
1.16566
1.15412
1.14283
1.13363
1.12772
1.12538
1.12587
1.12756
1.12851
1.12712
1.12279
1.11598
1.10807
1.10086
1.09599
1.09433
1.0956
1.09863
1.10192
1.10425
1.10507
1.10464
1.10382
1.10345
1.10392
1.10489
1.10538
1.1041
1.09964
1.09097
1.07816
1.06349
1.05173
1.04798
1.05367
1.06526
1.07729
1.08572
1.0888
1.08616
1.07816
1.06551
1.0493
1.03117
1.01341
0.998852
0.990064
0.988314
0.993047
1.00258
1.01508
1.02904
1.04322
1.05644
1.06747
1.07511
1.07853
1.07759
1.07301
1.06615
1.05848
1.05091
1.04364
1.03649
1.02943
1.02285
1.01751
1.01407
1.0126
1.01247
1.01263
1.01184
1.00915
1.00431
0.998404
0.994087
0.994778
1.00258
1.01658
1.03332
1.04895
1.0606
1.06662
1.06641
1.06018
1.04891
1.03426
1.01824
1.00298
0.990507
0.982598
0.980631
0.985241
0.996063
1.01161
1.02955
1.04719
1.06209
1.07248
1.07752
1.07725
1.07227
1.06336
1.05103
1.03541
1.01648
0.995037
0.974515
0.962074
0.96526
0.984721
1.01242
1.03848
1.05691
1.06568
1.06502
1.05659
1.04315
1.02811
1.01458
1.00455
0.998609
0.996089
0.995667
0.99603
0.996332
0.996208
0.995422
0.993769
0.991549
0.990002
0.990853
0.995392
1.00373
1.01496
1.02755
1.0397
1.04975
1.05659
1.06002
1.06079
1.06017
1.05931
1.05856
1.05738
1.05491
1.05065
1.04483
1.03825
1.03196
1.02689
1.02385
1.02343
1.026
1.0312
1.0376
1.04276
1.04431
1.0412
1.03437
1.02612
1.01881
1.01359
1.01025
1.00787
1.00543
1.00232
0.998438
0.994079
0.989755
0.98606
0.983579
0.982838
0.98422
0.98791
0.993718
1.001
1.00866
1.01528
1.01958
1.02081
1.01902
1.01494
1.00953
1.00374
0.998403
0.994109
0.990806
0.987906
0.985081
0.983067
0.983471
0.987822
0.996621
1.00917
1.02413
1.04009
1.056
1.07122
1.08551
1.09889
1.11147
1.12326
1.134
1.14319
1.15012
1.15404
1.15438
1.15093
1.14401
1.13462
1.12442
1.11523
1.10836
1.10427
1.10267
1.10296
1.10458
1.10685
1.10181
1.1025
1.10098
1.0969
1.09068
1.08336
1.0759
1.06883
1.06238
1.05693
1.0531
1.05138
1.05172
1.05358
1.05639
1.06001
1.06463
1.07042
1.07714
1.08407
1.09029
1.09516
1.09851
1.1008
1.1032
1.10743
1.11509
1.12651
1.13997
1.15236
1.16064
1.16309
1.15954
1.15119
1.14006
1.12851
1.11854
1.11116
1.10596
1.10153
1.09644
1.09029
1.08412
1.07995
1.07979
1.08487
1.09511
1.10922
1.12506
1.14021
1.15247
1.1602
1.16247
1.15911
1.15072
1.13863
1.12471
1.1109
1.09885
1.08949
1.08295
1.07887
1.07677
1.07625
1.07677
1.07746
1.07719
1.07489
1.07009
1.06316
1.05506
1.04675
1.03862
1.03038
1.02159
1.01207
1.00218
0.992675
0.984322
0.977659
0.972794
0.969359
0.966766
0.96447
0.96228
0.960575
0.960367
0.962984
0.969278
0.979115
0.991742
1.00669
1.02389
1.04251
1.06016
1.0738
1.0818
1.08508
1.08683
1.09097
1.10026
1.11513
1.13386
1.15366
1.17192
1.18677
1.1972
1.20282
1.20358
1.1995
1.19073
1.17774
1.16168
1.14456
1.12881
1.11627
1.10744
1.10172
1.09807
1.09575
1.09434
1.0934
1.09236
1.09128
1.0918
1.0969
1.10886
1.12706
1.14821
1.16824
1.18381
1.19261
1.1935
1.18648
1.17238
1.1526
1.12879
1.10279
1.07644
1.05158
1.02984
1.01252
1.00046
0.993984
0.99301
0.997151
1.00573
1.01773
1.03173
1.04612
1.05932
1.0701
1.0777
1.08186
1.08275
1.08095
1.07734
1.07304
1.06928
1.06726
1.06798
1.07207
1.07948
1.08924
1.09964
1.10861
1.11441
1.11608
1.11356
1.10751
1.099
1.0893
1.07963
1.07115
1.06471
1.06061
1.05848
1.05743
1.05653
1.05558
1.05572
1.05915
1.06761
1.0806
1.09518
1.10758
1.11508
1.1168
1.1136
1.10762
1.10169
1.09858
1.10005
1.10627
1.11561
1.12522
1.13183
1.13258
1.12551
1.10969
1.08541
1.05424
1.0193
0.985222
0.957667
0.942017
0.941445
0.955399
0.979779
1.0087
1.03672
1.06008
1.07692
1.08685
1.09033
1.08819
1.0813
1.07051
1.05659
1.04049
1.02335
1.00662
0.991959
0.981259
0.97647
0.978886
0.988181
1.0022
1.01798
1.03325
1.04711
1.05959
1.07075
1.07997
1.08603
1.08776
1.08467
1.07731
1.0671
1.05585
1.04518
1.03627
1.02987
1.0267
1.02729
1.03178
1.04002
1.05176
1.06621
1.08134
1.09412
1.10172
1.10242
1.09588
1.08303
1.06598
1.04781
1.03217
1.02252
1.02131
1.02937
1.04584
1.06847
1.09414
1.1194
1.14115
1.15706
1.16579
1.16681
1.16018
1.14636
1.12637
1.10193
1.07557
1.0505
1.02997
1.01639
1.01064
1.01199
1.01866
1.02841
1.03902
1.04848
1.05527
1.05854
1.05817
1.05462
1.04863
1.04093
1.03198
1.02169
1.00964
0.995618
0.980817
0.968279
0.961662
0.962577
0.969586
0.979956
0.991622
1.00358
1.01521
1.02579
1.03452
1.04078
1.04432
1.04514
1.04333
1.03917
1.03343
1.02751
1.02301
1.02102
1.02174
1.02467
1.02907
1.03425
1.03971
1.04507
1.04979
1.05295
1.05348
1.05071
1.04531
1.03958
1.03653
1.03789
1.04303
1.04971
1.05582
1.06021
1.06267
1.06347
1.063
1.06153
1.05914
1.05587
1.05168
1.04653
1.04023
1.03237
1.02264
1.01122
0.998985
0.98733
0.977599
0.970865
0.968072
0.97022
0.978066
0.991441
1.00878
1.0274
1.04425
1.05684
1.06369
1.0646
1.06029
1.05207
1.04145
1.02999
1.01919
1.01033
1.00418
1.00088
1
1.00106
1.00379
1.00804
1.01341
1.01901
1.02362
1.02647
1.0276
1.02809
1.02976
1.03447
1.04344
1.05677
1.07364
1.09288
1.11321
1.13319
1.15106
1.16486
1.1728
1.1738
1.16777
1.15573
1.13973
1.12239
1.1062
1.09284
1.08274
1.07527
1.06942
1.06457
1.06093
1.05937
1.06071
1.06498
1.07112
1.07756
1.0833
1.08856
1.09454
1.10237
1.11202
1.12221
1.13117
1.13749
1.14038
1.13964
1.13562
1.1292
1.12172
1.11467
1.10922
1.10569
1.10315
1.09957
1.09247
1.0799
1.06122
1.03728
1.01035
0.983705
0.960813
0.944495
0.93629
0.936258
0.943282
0.955437
0.970362
0.985586
0.998843
1.00842
1.01351
1.01445
1.01264
1.0102
1.00933
1.01149
1.01695
1.025
1.0345
1.04446
1.05439
1.0644
1.07489
1.08618
1.09818
1.11026
1.12139
1.13058
1.13718
1.14088
1.14158
1.13906
1.13288
1.12245
1.10725
1.08738
1.06419
1.04086
1.02215
1.01261
1.014
1.02434
1.03945
1.05524
1.06904
1.07965
1.08686
1.09109
1.09365
1.09687
1.10339
1.11412
1.12691
1.13782
1.14347
1.14243
1.135
1.12265
1.10742
1.09143
1.07649
1.06373
1.05346
1.0453
1.03848
1.0323
1.02638
1.02063
1.01512
1.00986
1.00478
0.999891
0.99552
0.992398
0.991568
0.994063
1.00039
1.01017
1.02218
1.03482
1.04679
1.05742
1.06641
1.07317
1.07656
1.07557
1.07032
1.06242
1.05427
1.0478
1.04378
1.04213
1.04246
1.04443
1.04767
1.05171
1.05585
1.05932
1.0614
1.06159
1.0597
1.05582
1.05031
1.04395
1.03818
1.0349
1.03571
1.04086
1.04893
1.05757
1.0644
1.06758
1.06598
1.05933
1.04835
1.03479
1.0212
1.01033
1.00452
1.00521
1.01224
1.02376
1.03699
1.04941
1.05932
1.06574
1.06811
1.06599
1.0589
1.04645
1.02854
1.00586
0.980843
0.957785
0.941693
0.935946
0.940928
0.954508
0.973427
0.994475
1.01521
1.03416
1.05057
1.06376
1.07276
1.07625
1.07323
1.06378
1.04973
1.03436
1.02119
1.01253
1.00901
1.00999
1.01396
1.01891
1.02269
1.02331
1.01949
1.01128
1.00032
0.989429
0.981478
0.978219
0.979629
0.984133
0.989252
0.992419
0.991625
0.985792
0.974948
0.96026
0.943853
0.928385
0.916498
0.910156
0.910118
0.915737
0.925366
0.937374
0.950948
0.966291
0.98403
1.00441
1.02685
1.0502
1.07323
1.09478
1.11384
1.12946
1.14107
1.14866
1.1529
1.15483
1.15524
1.15416
1.15085
1.14419
1.13339
1.11857
1.10107
1.08344
1.06891
1.0604
1.05926
1.06475
1.0744
1.08521
1.09449
1.10029
1.10144
1.09755
1.08911
1.07753
1.06488
1.05337
1.04473
1.0398
1.03847
1.03997
1.04307
1.04617
1.04759
1.04606
1.04126
1.03408
1.02637
1.02012
1.01655
1.01564
1.01642
1.01751
1.01765
1.01605
1.0126
1.00789
1.00297
0.998913
0.996504
0.99598
0.996886
0.998336
0.999604
1.00066
1.00221
1.0052
1.01013
1.01651
1.02293
1.02775
1.02983
1.02889
1.02548
1.02091
1.01709
1.016
1.01884
1.02548
1.03451
1.04391
1.05177
1.05678
1.05852
1.05734
1.05438
1.05115
1.04917
1.04935
1.05177
1.05593
1.06132
1.06762
1.07452
1.08126
1.08639
1.08811
1.08476
1.07542
1.06039
1.0412
1.02038
1.00094
0.985752
0.977067
0.976144
0.982956
0.996063
1.01303
1.03122
1.04851
1.0634
1.07492
1.08243
1.08574
1.08554
1.08348
1.0815
1.08077
1.08135
1.08269
1.0841
1.08489
1.08429
1.08155
1.07619
1.06815
1.05768
1.04515
1.03078
1.01488
0.998118
0.981868
0.968091
0.958768
0.955027
0.956477
0.961443
0.968055
0.975363
0.983671
0.993778
1.00601
1.01986
1.0343
1.04831
1.06112
1.07218
1.08086
1.08649
1.08873
1.08784
1.08477
1.08063
1.07632
1.07242
1.06926
1.06715
1.06658
1.06805
1.07172
1.07709
1.0831
1.08834
1.09126
1.0904
1.08485
1.0747
1.06153
1.04815
1.03761
1.03186
1.03099
1.03365
1.03813
1.04328
1.04899
1.05585
1.06447
1.07491
1.08653
1.09823
1.10886
1.1176
1.12399
1.12791
1.12945
1.12887
1.12644
1.12227
1.11628
1.10848
1.09972
1.09195
1.08747
1.08732
1.09055
1.09483
1.09744
1.0962
1.09006
1.07934
1.06568
1.05161
1.03999
1.03308
1.03171
1.03511
1.04152
1.04901
1.05609
1.06195
1.06652
1.07034
1.07434
1.0793
1.08516
1.09071
1.09398
1.093
1.08639
1.07386
1.05623
1.03529
1.01332
0.992453
0.974133
0.958992
0.947169
0.938748
0.933817
0.932383
0.934312
0.939361
0.947303
0.958047
0.971791
0.988832
1.00898
1.03099
1.05254
1.07096
1.08399
1.09022
1.08971
1.08457
1.07859
1.07534
1.07599
1.07885
1.08096
1.07983
1.0745
1.06569
1.05546
1.04649
1.04096
1.03976
1.04253
1.04831
1.05619
1.06559
1.07602
1.08685
1.09718
1.10604
1.11244
1.11559
1.11511
1.11116
1.10454
1.09661
1.08905
1.08335
1.08035
1.08001
1.08168
1.08465
1.08837
1.09254
1.09688
1.10108
1.10483
1.10788
1.11006
1.11109
1.11055
1.10809
1.10376
1.09813
1.09227
1.08738
1.0844
1.08379
1.08548
1.08881
1.09253
1.09491
1.09429
1.08987
1.08224
1.07347
1.06651
1.06396
1.0669
1.07436
1.08369
1.0917
1.09573
1.09446
1.08818
1.0785
1.06775
1.05829
1.05196
1.04995
1.05282
1.06027
1.07089
1.0823
1.0918
1.09724
1.09744
1.09222
1.08207
1.06772
1.05006
1.03017
1.00968
0.99077
0.975823
0.966847
0.965092
0.970899
0.983701
1.00188
1.02292
1.04385
1.06181
1.07462
1.08102
1.08073
1.07438
1.06348
1.05045
1.03843
1.03076
1.03002
1.03687
1.04961
1.0649
1.07904
1.08893
1.09234
1.08798
1.07538
1.05508
1.02887
0.999865
0.972122
0.949802
0.936163
0.932755
0.939247
0.953763
0.973465
0.995296
1.0166
1.03548
1.05088
1.06251
1.07072
1.07614
1.07962
1.08197
1.08395
1.08626
1.08946
1.09378
1.099
1.1043
1.10842
1.10994
1.10762
1.1008
1.0897
1.07551
1.06021
1.046
1.03464
1.02676
1.02164
1.01774
1.01365
1.09469
1.0886
1.08433
1.08351
1.08559
1.08846
1.09003
1.08914
1.08525
1.07801
1.06741
1.05434
1.04105
1.03078
1.0265
1.02932
1.03786
1.04915
1.06032
1.06986
1.0779
1.08565
1.09466
1.10624
1.12095
1.13817
1.15606
1.17201
1.18351
1.18888
1.18756
1.17997
1.16737
1.15149
1.13445
1.11841
1.10532
1.09646
1.09224
1.09219
1.0951
1.09944
1.10363
1.10629
1.10629
1.10302
1.09668
1.08878
1.08221
1.08046
1.08592
1.09851
1.11586
1.13471
1.15201
1.16535
1.17302
1.17404
1.16833
1.15672
1.1409
1.12305
1.1053
1.08941
1.0765
1.06705
1.06118
1.05903
1.06106
1.06755
1.07801
1.09099
1.10478
1.11818
1.13074
1.14239
1.15281
1.16133
1.16709
1.16928
1.16734
1.16112
1.15096
1.13781
1.1232
1.10914
1.0978
1.09112
1.09045
1.09636
1.10848
1.12549
1.14524
1.16522
1.18318
1.19763
1.20804
1.21461
1.21789
1.21831
1.216
1.21079
1.2025
1.19131
1.17803
1.16395
1.15056
1.1391
1.13055
1.12576
1.12558
1.13059
1.14035
1.15319
1.16672
1.17882
1.18832
1.19503
1.19936
1.20157
1.2015
1.19899
1.19451
1.18932
1.18471
1.18108
1.17781
1.17365
1.16752
1.15923
1.14973
1.14086
1.13469
1.13296
1.13659
1.14549
1.15845
1.17336
1.1876
1.19855
1.20397
1.20238
1.19348
1.17847
1.16013
1.14221
1.1279
1.11839
1.11286
1.10981
1.10828
1.10804
1.10914
1.11173
1.11582
1.12106
1.12679
1.13212
1.136
1.1373
1.1353
1.12991
1.12136
1.10985
1.09535
1.07781
1.05754
1.03553
1.01345
0.993516
0.978077
0.969134
0.967611
0.97274
0.982317
0.993887
1.00604
1.01868
1.03219
1.04632
1.05967
1.07008
1.07561
1.07562
1.07168
1.06767
1.0681
1.07514
1.08682
1.09864
1.10636
1.10756
1.10193
1.09108
1.07821
1.0674
1.0624
1.06532
1.0755
1.08966
1.10355
1.11392
1.11951
1.12083
1.11942
1.1168
1.11392
1.11085
1.10707
1.10217
1.0963
1.09035
1.08552
1.08273
1.08224
1.08358
1.08591
1.08838
1.09076
1.09372
1.09867
1.10683
1.11826
1.13139
1.14344
1.15124
1.15199
1.14387
1.12643
1.10115
1.07148
1.04217
1.01764
1.00049
0.991177
0.988726
0.991802
0.999468
1.01144
1.02787
1.04868
1.07301
1.099
1.12416
1.1461
1.16311
1.17436
1.17968
1.17934
1.17392
1.16417
1.15093
1.13507
1.1174
1.09868
1.07967
1.0613
1.04469
1.03126
1.02256
1.01946
1.02117
1.02515
1.02821
1.02789
1.02342
1.01579
1.00707
0.999405
0.994158
0.991657
0.991552
0.993265
0.996112
0.99932
1.00246
1.00604
1.01151
1.02055
1.03422
1.05248
1.07436
1.09829
1.12223
1.14366
1.15987
1.16858
1.16844
1.15962
1.14413
1.12574
1.10911
1.09799
1.09357
1.09481
1.09996
1.10758
1.11633
1.12483
1.13202
1.13754
1.14163
1.14473
1.147
1.14817
1.14778
1.14554
1.14179
1.13752
1.13396
1.13185
1.13118
1.1314
1.13191
1.13222
1.13198
1.13092
1.12884
1.12569
1.12158
1.11669
1.11142
1.1064
1.10239
1.10002
1.09934
1.09957
1.09954
1.0984
1.09604
1.0932
1.09121
1.0915
1.09525
1.10315
1.11521
1.13036
1.14629
1.15982
1.16777
1.1679
1.15934
1.1427
1.12019
1.0955
1.07303
1.05625
1.04627
1.0422
1.04259
1.04646
1.05322
1.06192
1.07083
1.0775
1.07937
1.07452
1.06234
1.04403
1.02259
1.0023
0.987493
0.981081
0.983622
0.993646
1.00871
1.02645
1.04515
1.06376
1.08154
1.09768
1.11117
1.12108
1.12706
1.12967
1.13042
1.13126
1.13379
1.1386
1.14532
1.15297
1.16041
1.16646
1.16997
1.16995
1.16581
1.15748
1.14552
1.1309
1.11479
1.09833
1.0826
1.06879
1.05846
1.05319
1.05379
1.05965
1.06891
1.07955
1.09022
1.10024
1.1093
1.11707
1.12322
1.1277
1.13092
1.13361
1.13646
1.13968
1.14273
1.14444
1.14333
1.13821
1.12873
1.11589
1.10235
1.092
1.08835
1.09252
1.10277
1.11597
1.12926
1.1406
1.14861
1.15237
1.15159
1.14666
1.13853
1.12839
1.11736
1.10617
1.09517
1.08452
1.07447
1.06556
1.05872
1.05514
1.05609
1.06237
1.07361
1.08808
1.10349
1.11791
1.13023
1.13989
1.14657
1.15004
1.15017
1.14701
1.14114
1.13374
1.12668
1.12213
1.1218
1.12618
1.13414
1.14338
1.15157
1.15763
1.16244
1.16813
1.17616
1.18579
1.19459
1.20035
1.20237
1.20155
1.19966
1.19812
1.19728
1.19647
1.19464
1.19089
1.18474
1.17627
1.1661
1.15525
1.14481
1.13565
1.12825
1.12268
1.11859
1.11533
1.11226
1.10923
1.10662
1.10487
1.10398
1.10352
1.10302
1.1021
1.10042
1.0976
1.09329
1.08745
1.08065
1.07427
1.07022
1.07024
1.07508
1.08407
1.09529
1.10642
1.11552
1.12167
1.12499
1.12619
1.12607
1.12536
1.1247
1.1247
1.1257
1.12765
1.13014
1.13258
1.13455
1.13576
1.13609
1.13554
1.13409
1.1318
1.12892
1.12603
1.12399
1.12359
1.12504
1.12771
1.13049
1.13243
1.13321
1.13315
1.13286
1.13296
1.13393
1.13619
1.13998
1.14518
1.151
1.15586
1.1577
1.15455
1.14539
1.13093
1.11397
1.09866
1.08827
1.08326
1.08166
1.08131
1.08122
1.08124
1.08119
1.08071
1.07969
1.07872
1.07903
1.08177
1.08718
1.09425
1.10114
1.106
1.10752
1.10518
1.09906
1.08975
1.07817
1.06569
1.05402
1.04494
1.03961
1.03795
1.03868
1.04021
1.04161
1.04326
1.04664
1.05333
1.0638
1.07683
1.08982
1.09979
1.10443
1.103
1.09664
1.08809
1.08082
1.07755
1.07925
1.08498
1.09271
1.10058
1.10758
1.11364
1.11911
1.12416
1.12841
1.1311
1.13163
1.12983
1.12615
1.12146
1.11701
1.11386
1.11193
1.10987
1.10676
1.10392
1.10406
1.10851
1.11568
1.12229
1.1255
1.12435
1.12007
1.11576
1.11491
1.11944
1.12879
1.14095
1.15407
1.16704
1.17897
1.18857
1.19424
1.19468
1.18966
1.18016
1.16777
1.15383
1.13882
1.12265
1.1053
1.08738
1.07004
1.05455
1.04192
1.03286
1.028
1.02796
1.03305
1.04281
1.05574
1.06941
1.08104
1.08818
1.08942
1.08517
1.07813
1.0731
1.07508
1.08594
1.10222
1.11772
1.1283
1.13361
1.13573
1.13718
1.13967
1.14383
1.14944
1.15588
1.16251
1.16854
1.17269
1.17317
1.16806
1.15592
1.13636
1.11047
1.0813
1.05397
1.03469
1.02857
1.03701
1.05676
1.08163
1.10518
1.12266
1.1315
1.13105
1.12212
1.1066
1.08697
1.06574
1.04538
1.02855
1.01829
1.01741
1.02716
1.04668
1.07371
1.10565
1.13986
1.17355
1.20364
1.22726
1.24239
1.24826
1.2455
1.23599
1.22224
1.20664
1.19108
1.17686
1.16468
1.15448
1.14526
1.13551
1.12424
1.11198
1.10074
1.09248
1.08714
1.08254
1.07599
1.06626
1.05382
1.0401
1.02696
1.01661
1.01128
1.0124
1.01992
1.0325
1.0484
1.06629
1.08515
1.10377
1.12042
1.13333
1.14146
1.14486
1.14453
1.1419
1.1383
1.13462
1.13124
1.12815
1.12501
1.12121
1.11613
1.10953
1.10206
1.0955
1.09208
1.09326
1.09872
1.1067
1.11512
1.12248
1.12809
1.1319
1.13415
1.13534
1.13646
1.1392
1.14559
1.15681
1.17199
1.18836
1.20276
1.21307
1.21874
1.22043
1.21911
1.21539
1.20919
1.20018
1.18818
1.17357
1.15718
1.14007
1.12314
1.10698
1.09193
1.07841
1.06709
1.0589
1.05451
1.05393
1.0562
1.05945
1.06164
1.06127
1.05797
1.05263
1.04696
1.04269
1.04096
1.04181
1.04443
1.0476
1.05026
1.05191
1.05266
1.05296
1.05333
1.05413
1.05542
1.05707
1.05881
1.0605
1.06235
1.06496
1.06921
1.07568
1.0844
1.09491
1.10663
1.11908
1.13141
1.14209
1.14883
1.14929
1.14201
1.12738
1.10874
1.09298
1.08774
1.0953
1.1107
1.12721
1.14107
1.15105
1.15648
1.15648
1.15084
1.14105
1.12992
1.11918
1.10766
1.09236
1.07143
1.04628
1.02146
1.00283
0.995124
1.00008
1.01637
1.04117
1.07152
1.1048
1.1385
1.1699
1.19637
1.21593
1.22768
1.23194
1.22989
1.22318
1.21343
1.20215
1.19065
1.17997
1.17073
1.16321
1.15766
1.15458
1.15458
1.15765
1.1629
1.16897
1.17477
1.17966
1.18332
1.18539
1.18545
1.18297
1.1774
1.16825
1.1553
1.1389
1.12008
1.10044
1.08165
1.06489
1.05055
1.03843
1.02866
1.0223
1.021
1.02594
1.03697
1.05276
1.07156
1.09178
1.11226
1.13243
1.15225
1.17187
1.1912
1.20955
1.22556
1.23748
1.24351
1.24208
1.23208
1.21343
1.18814
1.16155
1.14072
1.12929
1.12446
1.12056
1.11389
1.10363
1.09054
1.07596
1.06155
1.04905
1.04
1.03527
1.03487
1.03795
1.0432
1.04929
1.05521
1.06045
1.06487
1.06863
1.07204
1.07542
1.07901
1.08296
1.0873
1.09183
1.09603
1.09895
1.09939
1.09638
1.08992
1.08149
1.07374
1.06923
1.06911
1.07268
1.07831
1.08456
1.09074
1.0967
1.10245
1.10803
1.1135
1.1189
1.12405
1.12843
1.13115
1.13098
1.12652
1.11643
1.09976
1.07622
1.04656
1.0134
0.983053
0.965198
0.965858
0.980793
1.00049
1.01879
1.03429
1.04754
1.05903
1.06877
1.07656
1.08213
1.08528
1.08631
1.08644
1.08754
1.09101
1.09664
1.10277
1.10756
1.11046
1.11241
1.115
1.11932
1.12521
1.13162
1.13712
1.14053
1.14117
1.13898
1.13445
1.12857
1.12258
1.11769
1.11476
1.11412
1.11555
1.11852
1.12242
1.12678
1.13132
1.13592
1.14063
1.14569
1.15133
1.15743
1.1055
1.11035
1.11322
1.11388
1.11303
1.11183
1.11139
1.11245
1.11552
1.12086
1.12836
1.13736
1.14678
1.15553
1.16303
1.16912
1.17373
1.17631
1.17579
1.17108
1.16181
1.14892
1.13466
1.12184
1.11268
1.10797
1.10703
1.10834
1.11028
1.11169
1.11206
1.11148
1.11034
1.10905
1.10769
1.10604
1.10374
1.10058
1.09671
1.09269
1.08932
1.08718
1.08616
1.08545
1.08383
1.08014
1.0737
1.06453
1.05342
1.0418
1.03149
1.02446
1.02235
1.02616
1.03597
1.05082
1.06882
1.08763
1.10506
1.1195
1.13008
1.13626
1.13754
1.13353
1.12447
1.11167
1.09755
1.08492
1.07598
1.07175
1.07199
1.07554
1.08068
1.08544
1.08791
1.08647
1.08021
1.06933
1.05552
1.04196
1.03226
1.02878
1.03127
1.03713
1.04297
1.04611
1.0454
1.04134
1.03581
1.03137
1.03042
1.03437
1.0432
1.05556
1.0693
1.08191
1.09096
1.09464
1.09237
1.0854
1.0771
1.07219
1.07456
1.08469
1.09922
1.11309
1.1225
1.12633
1.12597
1.1241
1.12325
1.12481
1.12859
1.13332
1.13716
1.13821
1.13492
1.12647
1.11302
1.09573
1.07637
1.05684
1.03876
1.02313
1.01033
1.00022
0.9924
0.986579
0.982806
0.981527
0.983333
0.988658
0.997553
1.00949
1.02336
1.03766
1.05086
1.06192
1.07066
1.0777
1.08406
1.09053
1.09735
1.10416
1.11042
1.11601
1.12162
1.12828
1.13634
1.14447
1.1503
1.15196
1.14938
1.14429
1.139
1.13495
1.132
1.12874
1.12347
1.1151
1.10348
1.0892
1.07333
1.05719
1.04235
1.03048
1.02292
1.02021
1.02204
1.0276
1.03603
1.0465
1.05803
1.06951
1.07987
1.08844
1.09512
1.1002
1.10389
1.10597
1.10561
1.10173
1.09364
1.08175
1.06769
1.0537
1.04163
1.03235
1.02569
1.02092
1.0172
1.0141
1.01179
1.011
1.01266
1.01745
1.02561
1.03688
1.05056
1.06569
1.08115
1.09572
1.10838
1.11848
1.12585
1.13068
1.13345
1.13471
1.13503
1.13479
1.13436
1.13417
1.13481
1.13698
1.14125
1.14774
1.15598
1.16483
1.17273
1.17801
1.17931
1.17576
1.16703
1.15339
1.13575
1.11582
1.09607
1.07927
1.06742
1.06067
1.0574
1.05571
1.05508
1.05682
1.06303
1.07498
1.09213
1.11202
1.13112
1.14624
1.15563
1.15928
1.15837
1.15443
1.14858
1.1414
1.13303
1.12343
1.11252
1.10044
1.08766
1.07508
1.06379
1.05481
1.0488
1.04593
1.04618
1.0495
1.05589
1.06521
1.07676
1.08918
1.10059
1.10922
1.11392
1.11443
1.11131
1.10573
1.09921
1.09335
1.08963
1.08897
1.09106
1.09424
1.09631
1.09566
1.09182
1.08541
1.07761
1.06963
1.06243
1.05657
1.05233
1.04977
1.04883
1.0494
1.05156
1.05563
1.06205
1.07091
1.08154
1.09249
1.10194
1.10827
1.11075
1.1097
1.10647
1.10296
1.10087
1.10108
1.1035
1.1074
1.11188
1.11623
1.11984
1.1221
1.12231
1.11974
1.11405
1.10563
1.09564
1.08559
1.07676
1.06981
1.06486
1.06177
1.06046
1.061
1.06343
1.06751
1.07263
1.07805
1.08302
1.08694
1.08917
1.08909
1.08618
1.08056
1.07354
1.06784
1.06668
1.07193
1.08278
1.0961
1.1078
1.11435
1.1136
1.10496
1.0891
1.06783
1.04408
1.02159
1.00398
0.993552
0.990826
0.995094
1.0051
1.01936
1.03626
1.054
1.07071
1.08462
1.09425
1.09875
1.09836
1.09495
1.092
1.09321
1.09981
1.10935
1.11729
1.11949
1.1136
1.09926
1.07799
1.05304
1.02876
1.00954
0.998522
0.996776
1.00314
1.01496
1.02922
1.04352
1.05654
1.06797
1.07799
1.08663
1.0935
1.09788
1.09913
1.09706
1.09195
1.08416
1.07395
1.06152
1.04728
1.03226
1.01815
1.00691
1.00009
0.998379
1.00157
1.00865
1.01816
1.02841
1.03786
1.04547
1.05093
1.05466
1.05742
1.05994
1.06265
1.06555
1.06828
1.07054
1.07245
1.07458
1.0777
1.08245
1.089
1.09714
1.10633
1.11582
1.12463
1.13154
1.13516
1.13419
1.12767
1.11532
1.09777
1.07683
1.05535
1.03662
1.02333
1.01684
1.01713
1.02329
1.03407
1.04798
1.06317
1.07746
1.08872
1.09548
1.0974
1.09533
1.09096
1.08617
1.08259
1.08129
1.08275
1.08675
1.09223
1.09767
1.10187
1.10439
1.1054
1.1052
1.10373
1.10062
1.09569
1.08943
1.08271
1.07585
1.06803
1.05799
1.04541
1.03173
1.02006
1.01376
1.01431
1.02022
1.02796
1.03409
1.03658
1.03486
1.02933
1.02097
1.01123
1.00182
0.994289
0.989302
0.986203
0.983546
0.980218
0.975935
0.97097
0.965686
0.960426
0.955594
0.951888
0.950321
0.952067
0.958124
0.968875
0.983789
1.00151
1.02035
1.03892
1.05657
1.07346
1.09006
1.1066
1.12269
1.13731
1.14922
1.15729
1.16076
1.15947
1.15396
1.14552
1.13588
1.12655
1.1184
1.11141
1.10482
1.09729
1.08731
1.07361
1.05579
1.03467
1.01251
0.992926
0.979962
0.976523
0.982756
0.99592
1.01198
1.02747
1.0404
1.05037
1.05786
1.06362
1.0683
1.07233
1.07592
1.07904
1.08158
1.08342
1.08464
1.0856
1.08695
1.08953
1.09391
1.09996
1.10665
1.11241
1.11574
1.116
1.11376
1.11073
1.10899
1.10995
1.11356
1.11854
1.12323
1.12627
1.127
1.12532
1.12169
1.11692
1.11205
1.10793
1.10495
1.10273
1.10032
1.09696
1.09293
1.08972
1.08928
1.09271
1.09952
1.10787
1.11565
1.12144
1.12492
1.12644
1.12658
1.12583
1.12463
1.12337
1.12237
1.12168
1.12087
1.11916
1.11565
1.10973
1.10146
1.09167
1.08179
1.07345
1.06796
1.066
1.0675
1.07194
1.07848
1.08611
1.09366
1.09983
1.10348
1.10379
1.10031
1.09298
1.08221
1.06919
1.05599
1.04538
1.04007
1.04164
1.04979
1.06225
1.0757
1.08682
1.0933
1.09418
1.08976
1.08117
1.06984
1.05706
1.04395
1.03145
1.02041
1.01141
1.00459
0.999522
0.99526
0.990744
0.985147
0.978314
0.971034
0.965135
0.96319
0.967693
0.97991
0.999262
1.02381
1.05128
1.07965
1.1072
1.13231
1.1536
1.17017
1.1817
1.18843
1.191
1.19022
1.18693
1.18176
1.17497
1.16653
1.15618
1.14376
1.12951
1.11431
1.09963
1.0872
1.0783
1.07315
1.0709
1.0702
1.06976
1.06876
1.06704
1.06497
1.06313
1.06195
1.06148
1.06144
1.06146
1.06118
1.06012
1.05765
1.053
1.04561
1.03562
1.02435
1.0143
1.0083
1.00836
1.01476
1.0261
1.04012
1.05453
1.06746
1.07763
1.08446
1.08819
1.08987
1.0911
1.09343
1.09758
1.10313
1.10893
1.11379
1.11701
1.11844
1.11812
1.11607
1.11216
1.10648
1.09944
1.0916
1.08305
1.07344
1.06259
1.05122
1.04101
1.03406
1.03191
1.03495
1.04235
1.05264
1.06439
1.07663
1.08883
1.10076
1.11228
1.12323
1.13337
1.14226
1.14921
1.15331
1.15359
1.14914
1.13972
1.12634
1.11201
1.10113
1.09725
1.10078
1.10919
1.11878
1.12604
1.12833
1.12426
1.11385
1.09836
1.08004
1.06172
1.04619
1.03556
1.03076
1.03132
1.03564
1.04166
1.04778
1.05353
1.05968
1.06744
1.07733
1.08823
1.09737
1.10131
1.09729
1.08388
1.0612
1.03077
0.995604
0.96012
0.929808
0.910237
0.905297
0.91556
0.938159
0.968284
1.00099
1.03237
1.05993
1.08301
1.10313
1.12309
1.14443
1.16536
1.18215
1.19199
1.19418
1.18959
1.17971
1.16608
1.15023
1.13381
1.11849
1.10565
1.09606
1.08992
1.08729
1.08856
1.09445
1.10532
1.12044
1.1377
1.15394
1.1658
1.17058
1.16685
1.1547
1.13562
1.11207
1.08708
1.06374
1.04453
1.03052
1.02119
1.01526
1.01202
1.0119
1.01567
1.02333
1.03405
1.04702
1.06159
1.07662
1.09033
1.10103
1.10789
1.11093
1.11074
1.1081
1.104
1.0997
1.09632
1.09438
1.0939
1.09501
1.09834
1.10426
1.112
1.11977
1.12578
1.12901
1.1294
1.12758
1.12445
1.1209
1.11743
1.11395
1.10967
1.10316
1.09283
1.0779
1.05975
1.04298
1.03373
1.03495
1.04366
1.05394
1.0615
1.06507
1.06537
1.06387
1.06199
1.06089
1.06171
1.0658
1.07462
1.08908
1.10844
1.13012
1.15057
1.16666
1.17651
1.17962
1.17629
1.16718
1.15289
1.13403
1.11133
1.08572
1.05849
1.03135
1.00651
0.986462
0.973748
0.970309
0.976663
0.991324
1.01098
1.03149
1.04912
1.06143
1.06761
1.06837
1.06551
1.06139
1.05845
1.05856
1.06276
1.07109
1.08282
1.09676
1.11154
1.12572
1.13799
1.14726
1.15289
1.15481
1.15331
1.14885
1.14173
1.13194
1.11934
1.10397
1.08639
1.06793
1.05075
1.03742
1.03034
1.03101
1.03949
1.05426
1.07265
1.09164
1.10874
1.12238
1.13181
1.1369
1.13785
1.13524
1.13
1.12346
1.11712
1.11225
1.10942
1.10793
1.10613
1.10228
1.0957
1.08718
1.0787
1.07248
1.06998
1.07137
1.07594
1.08277
1.09123
1.10109
1.11219
1.12395
1.1352
1.14425
1.14926
1.14865
1.14155
1.1285
1.11205
1.09662
1.08688
1.08529
1.09091
1.10063
1.11118
1.12026
1.12682
1.13079
1.13273
1.13335
1.13313
1.13214
1.13015
1.12693
1.12248
1.11704
1.11094
1.10422
1.0966
1.08768
1.07745
1.06663
1.05661
1.04889
1.04425
1.0424
1.04226
1.04263
1.04261
1.04169
1.03978
1.03739
1.03567
1.03612
1.03991
1.04721
1.05692
1.06722
1.07624
1.08264
1.08583
1.086
1.08401
1.08121
1.07904
1.07864
1.08043
1.08412
1.0889
1.09397
1.09888
1.1036
1.10836
1.11313
1.1174
1.12018
1.12039
1.11737
1.11106
1.10202
1.09129
1.08013
1.06965
1.0606
