0  156.764
10  118.359
20  111.251
30  98.2629
40  93.4363
50  84.7089
60  81.4702
70  77.9011
80  76.9114
90  76.5163
100  69.6506
110  63.844
120  58.3114
130  53.6077
140  51.1923
150  50.6767
160  50.5047
170  50.1863
180  49.6541
190  49.1944
200  49.0212
210  48.0061
220  47.7879
230  47.7879
240  47.7879
250  47.7879
260  47.7879
270  47.7879
280  47.7879
290  47.7879
300  47.7879
310  47.7879
320  47.7879
330  47.7879
340  47.7879
350  47.7879
360  47.7879
370  47.7879
380  47.7879
390  47.7879
400  47.7879
410  47.7879
420  47.7879
430  47.7879
440  47.7879
450  47.7879
460  47.7879
470  47.7879
480  47.7879
490  47.7879
500  47.7879
510  47.7879
520  47.7879
530  47.7879
540  47.7879
550  47.7879
560  47.7879
570  47.7879
580  47.7879
590  47.7879
600  47.7879
610  47.7879
620  47.7879
630  47.7879
640  47.7879
650  47.7879
660  47.7879
670  47.7879
680  47.7879
690  47.7879
700  47.7879
710  47.7879
720  47.7879
730  47.7879
740  47.7879
750  47.7879
760  47.7879
770  47.7879
780  47.7879
790  47.7879
800  47.7599
810  47.6128
820  47.6128
830  47.6128
840  47.6128
850  47.6128
860  47.6128
870  47.6128
880  47.6128
890  47.6128
900  47.6128
910  47.6128
920  47.6128
930  47.6128
940  47.6128
950  47.6128
960  47.6128
970  47.6128
980  47.6128
990  47.6128
