0  156.373
10  123.755
20  112.984
30  102.531
40  91.3222
50  88.8097
60  87.1243
70  79.2951
80  78.3596
90  76.7147
100  72.7947
110  65.003
120  63.2861
130  54.418
140  50.4441
150  50.1657
160  49.7283
170  49.2098
180  48.838
190  47.7879
200  47.7879
210  47.7879
220  47.7879
230  47.7879
240  47.7879
250  47.7879
260  47.7802
270  47.6772
280  47.6128
290  47.6128
300  47.6128
310  47.6128
320  47.6128
330  47.6128
340  47.6128
350  47.6128
360  47.6128
370  47.6128
380  47.6128
390  47.6128
400  47.6128
410  47.6128
420  47.6128
430  47.6128
440  47.6128
450  47.6128
460  47.6128
470  47.6128
480  47.6128
490  47.6128
500  47.6128
510  47.6128
520  47.6128
530  47.6128
540  47.6128
550  47.6128
560  47.6128
570  47.6128
580  47.6128
590  47.6128
600  47.6128
610  47.6128
620  47.6128
630  47.6128
640  47.6128
650  51.5652
660  47.6128
670  47.6128
680  47.6128
690  47.6128
700  47.6128
710  47.6128
720  47.6128
730  47.6128
740  47.6128
750  47.6128
760  47.6128
770  47.6128
780  47.6128
790  47.6128
800  47.6128
810  47.6128
820  47.6128
830  47.6128
840  47.6128
850  47.6128
860  47.6128
870  47.6128
880  47.6128
890  47.6128
900  47.6128
910  47.6128
920  47.6128
930  47.6128
940  47.6128
950  47.6128
960  47.6128
970  47.6128
980  47.6128
990  47.6128
