0  155.397
10  127.979
20  116.944
30  102.077
40  89.9183
50  87.1938
60  82.4782
70  78.9407
80  74.9928
90  69.3011
100  66.9353
110  65.739
120  62.9653
130  62.8302
140  61.2411
150  60.1151
160  60.0906
170  58.123
180  57.2354
190  57.1209
200  54.0481
210  53.8116
220  53.7142
230  53.3096
240  53.1502
250  53.0999
260  53.0416
270  53.0416
280  53.0416
290  53.0416
300  53.0416
310  53.0416
320  53.0416
330  53.0416
340  53.0416
350  53.0416
360  53.0416
370  53.0416
380  53.0416
390  53.0416
400  53.0416
410  53.0416
420  53.0416
430  53.0416
440  53.0416
450  53.0416
460  53.0416
470  53.0416
480  53.0416
490  53.0416
500  53.0416
510  53.0416
520  53.0416
530  53.0416
540  53.0416
550  53.0416
560  53.0416
570  53.0416
580  53.0416
590  53.0416
600  53.0416
610  53.0416
620  53.0416
630  53.0416
640  53.0416
650  53.0416
660  53.0416
670  53.0416
680  53.0416
690  53.0416
700  53.0416
710  53.0416
720  53.0416
730  53.0416
740  53.0416
750  53.0416
760  53.0416
770  53.0416
780  53.0416
790  53.0416
800  53.0416
810  53.0416
820  53.0416
830  53.0416
840  53.0416
850  53.0416
860  53.0416
870  53.0416
880  53.0416
890  53.0416
900  53.0416
910  53.0416
920  53.028
930  52.8135
940  52.6155
950  52.6155
960  52.6155
970  52.6155
980  52.6155
990  52.6155
