0  151.173
10  125.526
20  105.126
30  98.1118
40  91.2042
50  86.1551
60  82.2814
70  78.5053
80  75.7514
90  72.6404
100  70.1789
110  68.7209
120  66.7046
130  64.99
140  64.5995
150  64.2816
160  63.444
170  63.2998
180  62.5432
190  62.4083
200  61.8372
210  61.5606
220  61.4873
230  61.3029
240  61.0903
250  60.3765
260  60.3166
270  60.1187
280  59.9032
290  59.5371
300  59.519
310  59.519
320  59.519
330  59.519
340  59.519
350  59.519
360  59.519
370  59.519
380  59.519
390  59.5189
400  59.5149
410  59.5133
420  59.5133
430  59.5133
440  59.5133
450  59.5133
460  59.5133
470  59.5071
480  58.9054
490  58.8199
500  58.7321
510  58.6925
520  58.6925
530  58.6925
540  58.6925
550  58.6925
560  58.6925
570  58.6925
580  58.6925
590  58.6925
600  58.6925
610  58.6925
620  58.6925
630  58.6925
640  58.6925
650  58.6925
660  58.6925
670  58.6925
680  58.6925
690  58.6925
700  58.6925
710  58.6865
720  58.3137
730  58.1749
740  58.0228
750  58.0228
760  58.0228
770  58.0228
780  58.0228
790  58.0228
800  58.0228
810  58.0228
820  58.0228
830  58.0228
840  58.0228
850  58.0228
860  58.0228
870  58.0228
880  58.0228
890  58.0228
900  58.0228
910  58.0228
920  58.0228
930  58.0228
940  58.0228
950  58.0228
960  58.0228
970  58.0228
980  58.0228
990  58.3623
