0  155.613
10  113.812
20  104.554
30  97.1418
40  94.3511
50  84.6343
60  81.1343
70  78.4947
80  73.1152
90  71.1459
100  69.1677
110  68.641
120  67.0741
130  53.2315
140  53.2219
150  50.992
160  49.8814
170  49.794
180  49.794
190  48.3868
200  48.3868
210  48.2877
220  48.1107
230  47.8941
240  47.7879
250  47.7879
260  47.7879
270  47.7879
280  47.7879
290  47.7879
300  47.7879
310  47.7879
320  47.7879
330  47.7879
340  47.7879
350  47.7879
360  47.7879
370  47.7879
380  47.7879
390  47.7879
400  47.7879
410  47.7879
420  47.7879
430  47.7879
440  47.7879
450  47.7879
460  47.7879
470  47.7879
480  47.7879
490  47.7879
500  47.7879
510  47.7879
520  47.7879
530  47.7879
540  47.7879
550  47.7879
560  47.7879
570  47.7879
580  47.7879
590  47.7879
600  47.7879
610  47.7697
620  47.6128
630  47.6128
640  47.6128
650  47.6128
660  47.6128
670  47.6128
680  47.6128
690  47.6128
700  47.6128
710  47.6128
720  47.6128
730  47.6128
740  47.6128
750  47.6128
760  47.6128
770  47.6128
780  47.6128
790  47.6128
800  47.6128
810  47.6128
820  47.6128
830  47.6128
840  47.6128
850  47.6128
860  47.6128
870  47.6128
880  47.6128
890  47.6128
900  47.6128
910  47.6128
920  47.6128
930  47.6128
940  47.6128
950  47.6128
960  47.6128
970  47.6128
980  47.6128
990  47.6128
