   1.2265   6.1681
   1.6992   5.8047
   7.2965   0.8395
   3.3117   1.5926
   4.7711   9.3187
   5.7183   7.5405
   7.0503   5.0186
   0.8601   0.2428
   6.5602   6.8601
   9.0548   3.6935
   3.7150   6.5195
   8.3657   2.1385
   7.7605   6.7838
   0.2114   0.9821
   1.6832   1.2096
   5.7244   6.8014
   2.7923   5.7727
   5.4586   8.4000
   0.1730   0.5276
   5.8318   4.5351
   0.6464   7.6576
   7.5465   9.7027
   2.3316   2.2611
   1.9329   9.9461
   4.9323   9.1886
   7.5605   9.3988
   4.7914   8.1329
   4.9426   0.1794
   2.5789   1.3380
   2.3927   0.5348
   4.7180   7.1342
   5.8492   1.1178

