0  125.668
10  112.673
20  97.5525
30  80.4628
40  76.7394
50  70.3999
60  70.3999
70  67.5706
80  64.0144
90  60.8549
100  59.9339
110  59.1252
120  57.6518
130  56.8766
140  56.8766
150  56.8766
160  56.09
170  56.0282
180  56.0282
190  55.9189
200  55.3259
210  55.3259
220  55.3259
230  55.3259
240  55.3259
250  55.3259
260  55.3259
270  55.3259
280  55.3259
290  55.3259
300  55.3259
310  55.3259
320  55.3259
330  55.3259
340  55.3259
350  55.3259
360  55.3259
370  55.3259
380  54.9886
390  54.9886
400  54.9886
410  54.9886
420  54.9886
430  54.9886
440  54.9886
450  54.9886
460  54.9886
470  54.9886
480  54.9886
490  54.9886
500  54.9886
510  54.9886
520  54.9886
530  54.9886
540  54.9886
550  54.9886
560  54.9886
570  54.9886
580  54.9886
590  54.9886
600  54.9886
610  54.9886
620  54.9886
630  54.9886
640  54.9886
650  54.9886
660  54.9886
670  54.9886
680  54.9886
690  54.9886
700  54.9886
710  54.9886
720  54.9886
730  54.9886
740  54.9886
750  54.9886
760  54.9886
770  54.9886
780  54.9886
790  54.9886
800  54.9886
810  54.9886
820  54.9886
830  54.9886
840  54.9886
850  54.9886
860  54.9886
870  54.9886
880  54.9886
890  54.9886
900  54.9886
910  54.9886
920  54.9886
930  54.9886
940  54.9886
950  54.9886
960  54.9886
970  54.9886
980  54.9886
990  54.9886
1000  54.9886
1010  54.9886
1020  54.9886
1030  54.9886
1040  54.9886
1050  54.9886
1060  54.9886
1070  54.9886
1080  54.9886
1090  54.9886
1100  54.624
1110  54.5179
1120  54.5179
1130  54.5179
1140  54.5179
1150  54.5179
1160  54.5179
1170  54.5179
1180  54.5179
1190  54.5179
1200  54.5179
1210  54.5179
1220  54.5179
1230  54.5179
1240  54.5179
1250  54.5179
1260  54.5179
1270  54.5179
1280  54.5179
1290  54.5179
1300  54.5179
1310  54.5179
1320  54.5179
1330  54.5179
1340  54.5179
1350  54.5179
1360  54.5179
1370  54.5179
1380  54.5179
1390  54.5179
1400  54.5179
1410  54.5179
1420  54.5179
1430  54.5179
1440  54.5179
1450  54.5179
1460  54.5179
1470  54.5179
1480  54.5179
1490  54.5179
1500  54.5179
1510  54.5179
1520  54.5179
1530  54.5179
1540  54.5179
1550  54.5179
1560  54.5179
1570  54.5179
1580  54.5179
1590  54.5179
1600  54.5179
1610  54.5179
1620  54.5179
1630  54.5179
1640  54.5179
1650  54.5179
1660  54.5179
1670  54.5179
1680  54.5179
1690  54.5179
1700  54.5179
1710  54.5179
1720  54.5179
1730  54.5179
1740  54.5179
1750  54.5179
1760  54.5179
1770  54.5179
1780  54.5179
1790  54.5179
1800  54.5179
1810  54.5179
1820  54.5179
1830  54.5179
1840  54.5179
1850  54.5179
1860  54.5179
1870  54.5179
1880  54.5179
1890  54.5179
1900  54.5179
1910  54.5179
1920  54.5179
1930  54.5179
1940  54.5179
1950  54.5179
1960  54.5179
1970  54.5179
1980  54.5179
1990  54.5179
