0  127.267
10  113.223
20  104.32
30  101.101
40  92.2054
50  87.415
60  85.5462
70  83.0729
80  76.7215
90  75.5874
100  70.9968
110  69.3741
120  68.4652
130  68.4368
140  68.0888
150  68.0605
160  67.7199
170  67.2246
180  66.8482
190  66.8199
200  66.019
210  66.6131
220  66.6131
230  65.8122
240  63.0687
250  62.6644
260  62.6644
270  62.081
280  61.9006
290  61.8272
300  61.8272
310  61.8272
320  61.8272
330  61.8272
340  61.8272
350  61.8272
360  61.8272
370  61.8272
380  61.8272
390  61.8272
400  61.8272
410  61.8272
420  61.8272
430  61.8272
440  61.8272
450  61.8272
460  61.8272
470  61.8272
480  61.8272
490  61.8272
500  61.8272
510  61.8272
520  61.8272
530  61.8272
540  61.8272
550  61.8272
560  61.8272
570  61.8272
580  61.8272
590  61.8272
600  61.8272
610  61.8272
620  61.8272
630  61.8272
640  61.8272
650  61.8272
660  61.8272
670  61.8272
680  61.8272
690  61.8272
700  61.8272
710  61.8272
720  61.8272
730  61.8272
740  61.8272
750  61.8272
760  61.8272
770  61.8272
780  61.8272
790  61.8272
800  61.8272
810  61.8272
820  61.8272
830  61.8272
840  61.8272
850  61.8272
860  61.8272
870  61.8272
880  61.8272
890  61.8272
900  61.8272
910  61.8272
920  61.8272
930  61.8272
940  61.8272
950  61.8272
960  61.8272
970  61.8272
980  61.8272
990  61.8272
