0  128.885
10  107.139
20  95.0695
30  87.889
40  85.7784
50  80.0957
60  77.9433
70  73.8017
80  67.9752
90  66.1386
100  62.7385
110  62.7264
120  60.551
130  59.8085
140  59.208
150  59.208
160  58.6078
170  58.2347
180  58.1254
190  53.9918
200  53.4291
210  51.4103
220  50.7306
230  50.4141
240  49.9671
250  49.9671
260  49.9671
270  49.9671
280  49.7554
290  49.7554
300  49.6523
310  49.6523
320  49.255
330  49.255
340  49.255
350  49.255
360  49.255
370  49.255
380  49.255
390  49.255
400  49.255
410  49.1613
420  49.1613
430  48.9612
440  48.9612
450  48.9612
460  48.9612
470  48.9612
480  48.7861
490  48.7861
500  48.7861
510  48.7861
520  48.7861
530  48.7861
540  48.7861
550  48.7861
560  48.7861
570  48.7861
580  48.7861
590  48.7861
600  48.7861
610  48.7861
620  48.7861
630  48.7861
640  48.7861
650  48.7861
660  48.7861
670  48.7861
680  48.7861
690  48.7861
700  48.7861
710  48.7861
720  48.7861
730  48.7861
740  48.7861
750  48.7861
760  48.7861
770  48.7861
780  48.7861
790  48.7861
800  48.7861
810  48.7861
820  48.7861
830  48.7861
840  48.7861
850  48.7861
860  48.7861
870  48.7861
880  48.7861
890  48.7861
900  48.7861
910  48.7861
920  48.7861
930  48.7861
940  48.7861
950  48.7861
960  48.7861
970  48.7861
980  48.7861
990  48.7861
1000  48.7861
1010  48.7861
1020  48.7861
1030  48.7861
1040  48.7861
1050  48.7861
1060  48.7861
1070  48.7861
1080  48.7861
1090  48.7861
1100  48.7861
1110  48.7861
1120  48.7861
1130  48.7861
1140  48.7861
1150  48.7861
1160  48.7861
1170  48.7861
1180  48.7861
1190  48.7861
1200  48.7861
1210  48.7861
1220  48.7861
1230  48.7861
1240  48.7861
1250  48.7861
1260  48.7861
1270  48.7861
1280  48.7861
1290  48.7861
1300  48.7861
1310  48.7861
1320  48.7861
1330  48.7861
1340  48.7861
1350  48.7861
1360  48.7861
1370  48.7861
1380  48.7861
1390  48.7861
1400  48.7861
1410  48.7861
1420  48.7861
1430  48.7861
1440  48.7861
1450  48.7861
1460  48.7861
1470  48.7861
1480  48.7861
1490  48.7861
1500  48.7861
1510  48.7861
1520  48.7861
1530  48.7861
1540  48.7861
1550  48.7861
1560  48.7861
1570  48.7861
1580  48.7861
1590  48.7861
1600  48.7861
1610  48.7861
1620  48.7861
1630  48.7861
1640  48.7861
1650  48.7861
1660  48.7861
1670  48.7861
1680  48.7861
1690  48.7861
1700  48.7861
1710  48.7861
1720  48.7861
1730  48.7861
1740  48.7861
1750  48.7861
1760  48.7861
1770  48.7861
1780  48.7861
1790  48.7861
1800  48.7861
1810  48.7861
1820  48.7861
1830  48.7861
1840  48.7861
1850  48.7861
1860  48.7861
1870  48.7861
1880  48.7861
1890  48.7861
1900  48.7861
1910  48.7861
1920  48.7861
1930  48.7861
1940  48.7861
1950  48.7861
1960  48.7861
1970  48.7861
1980  48.7861
1990  48.7861
