0  123.648
10  104.09
20  99.6891
30  93.7185
40  89.6322
50  82.067
60  79.3325
70  73.4142
80  73.0461
90  73.0461
100  67.2823
110  59.8517
120  51.262
130  51.262
140  50.8545
150  50.2662
160  50.2662
170  49.8083
180  49.201
190  48.7071
200  48.0128
210  47.7879
220  47.7879
230  47.7879
240  47.7879
250  47.7879
260  47.7879
270  47.7879
280  47.7879
290  47.7879
300  47.7879
310  47.7879
320  47.7879
330  47.7879
340  47.7879
350  47.7879
360  47.7879
370  47.7879
380  47.7879
390  47.7879
400  47.7879
410  47.7879
420  47.7879
430  47.7879
440  47.7879
450  47.7879
460  47.7879
470  47.7879
480  47.7879
490  47.7879
500  47.7879
510  47.7879
520  47.7879
530  47.7879
540  47.7879
550  47.7879
560  47.7879
570  47.7879
580  47.7879
590  47.7879
600  47.7879
610  47.7879
620  47.7879
630  47.7879
640  47.7879
650  47.7879
660  47.7879
670  47.7879
680  47.7879
690  47.7879
700  47.7879
710  47.7879
720  47.7879
730  47.7879
740  47.7879
750  47.7879
760  47.7879
770  47.7879
780  47.7879
790  47.7879
800  47.6128
810  47.6128
820  47.6128
830  47.6128
840  47.6128
850  47.6128
860  47.6128
870  47.6128
880  47.6128
890  47.6128
900  47.6128
910  47.6128
920  47.6128
930  47.6128
940  47.6128
950  47.6128
960  47.6128
970  47.6128
980  47.6128
990  47.6128
