0  1.73111  0
1  1.72137  0.00688823
2  1.7057  0.0135918
3  1.69365  0.0145903
4  1.69511  0.0117452
5  1.69801  0.0101406
6  1.69724  0.00872115
7  1.6961  0.00770519
8  1.69687  0.00688767
9  1.6972  0.00620681
10  1.69218  0.00740013
11  1.68446  0.0100307
12  1.67652  0.0120012
13  1.66741  0.0141819
14  1.66061  0.0147798
15  1.65408  0.0152312
16  1.64555  0.0165521
17  1.64398  0.0157068
18  1.64056  0.0152474
19  1.63675  0.0149527
20  1.63335  0.0146217
21  1.63161  0.0140612
22  1.62917  0.0136596
23  1.62697  0.0132663
24  1.62435  0.0129912
25  1.62277  0.0125869
26  1.62285  0.012121
27  1.62336  0.0116988
28  1.62179  0.0114008
29  1.62065  0.011077
30  1.61908  0.0108302
31  1.61642  0.010814
32  1.61644  0.0104863
33  1.61605  0.0101851
34  1.61412  0.0100748
35  1.61371  0.00980354
36  1.61439  0.00956215
37  1.615  0.00933043
38  1.61441  0.00910992
39  1.61501  0.00890166
40  1.61356  0.008802
41  1.61224  0.00868971
42  1.61175  0.00850195
43  1.61113  0.00833105
44  1.6108  0.0081523
45  1.61053  0.00797973
46  1.61013  0.00781977
47  1.60994  0.00765928
48  1.61011  0.00750501
49  1.61147  0.00747641
50  1.61243  0.00739168
51  1.61308  0.00727764
52  1.6151  0.00741564
53  1.6158  0.00731171
54  1.61635  0.0071993
55  1.61668  0.00707801
56  1.61635  0.00696147
57  1.61619  0.00684322
58  1.61653  0.00673564
59  1.61712  0.00664884
60  1.61614  0.00661169
61  1.61472  0.0066551
62  1.61428  0.00656368
63  1.61467  0.00647233
64  1.61546  0.0064217
65  1.61634  0.00638406
66  1.61699  0.006322
67  1.61773  0.00627132
68  1.61935  0.00638809
69  1.62028  0.0063631
70  1.62076  0.00629216
71  1.62074  0.00620482
72  1.62133  0.00614776
73  1.62113  0.00606776
74  1.62114  0.00598686
75  1.62088  0.0059135
76  1.61967  0.00596004
77  1.61867  0.00596755
78  1.6182  0.00591008
79  1.61804  0.00583848
80  1.61781  0.00577077
81  1.61819  0.00571287
82  1.61828  0.00564479
83  1.61862  0.00558775
84  1.6178  0.00558293
85  1.6174  0.00553231
86  1.61708  0.00547753
87  1.61658  0.00543847
88  1.61576  0.00543817
89  1.61554  0.00538248
90  1.61517  0.00533587
91  1.61443  0.00532874
92  1.61373  0.00531768
93  1.61289  0.00532569
94  1.61245  0.00528822
95  1.61169  0.00528762
96  1.61146  0.00523823
97  1.61147  0.0051848
98  1.61147  0.00513243
99  1.61166  0.00508482
