0  -0.391304  0
1  -0.384704  0.00466712
2  -0.382825  0.00346906
3  -0.395005  0.0108642
4  -0.397043  0.00888041
5  -0.394209  0.00783936
6  -0.389816  0.00785469
7  -0.38716  0.00730789
8  -0.382152  0.00803068
9  -0.37955  0.00763755
10  -0.377071  0.00733456
11  -0.373566  0.00751411
12  -0.370661  0.00747675
13  -0.366104  0.00821477
14  -0.365815  0.00767221
15  -0.364452  0.00731275
16  -0.36457  0.00688355
17  -0.368053  0.00732932
18  -0.371049  0.00753125
19  -0.371506  0.00716849
20  -0.371985  0.00684314
21  -0.371045  0.00659639
22  -0.372741  0.00652413
23  -0.374718  0.00654504
24  -0.377881  0.00700582
25  -0.380195  0.00710829
26  -0.379834  0.00685418
27  -0.3788  0.00668701
28  -0.380365  0.00663721
29  -0.379161  0.00652427
30  -0.379674  0.00633396
31  -0.381701  0.00645193
32  -0.386447  0.00780926
33  -0.389439  0.00813261
34  -0.390059  0.00792389
35  -0.391231  0.00778998
36  -0.392013  0.00761857
37  -0.393221  0.0075133
38  -0.394276  0.00739435
39  -0.394484  0.00721242
40  -0.394181  0.00704288
41  -0.39388  0.00688163
42  -0.393237  0.00675154
43  -0.393481  0.00660248
44  -0.392412  0.00654166
45  -0.39211  0.00640644
46  -0.392304  0.00627307
47  -0.392973  0.00617799
48  -0.394026  0.00614088
49  -0.394464  0.00603366
50  -0.394508  0.00591551
51  -0.395989  0.0059843
52  -0.396115  0.00587271
53  -0.39658  0.0057823
54  -0.397517  0.00575259
55  -0.397438  0.0056504
56  -0.397989  0.00557805
57  -0.399472  0.00567555
58  -0.400859  0.00574632
59  -0.40176  0.00572081
60  -0.402472  0.00567107
61  -0.403412  0.00565706
62  -0.403069  0.00557767
63  -0.403852  0.00554526
64  -0.404478  0.00549512
65  -0.405681  0.00554208
66  -0.406444  0.00551162
67  -0.406065  0.00544359
68  -0.405635  0.00538168
69  -0.405818  0.00530792
70  -0.405653  0.00523571
71  -0.405335  0.00517267
72  -0.405238  0.00510273
73  -0.40538  0.00503577
74  -0.404933  0.00498849
75  -0.403906  0.00502741
76  -0.402931  0.00505574
77  -0.402456  0.00501315
78  -0.401644  0.00501517
79  -0.400807  0.00502183
80  -0.400111  0.00500773
81  -0.399433  0.00499236
82  -0.398409  0.00503616
83  -0.397959  0.00499624
84  -0.397934  0.00493752
85  -0.397335  0.00491632
86  -0.397347  0.00485983
87  -0.397614  0.00481197
88  -0.39774  0.00475954
89  -0.397807  0.00470713
90  -0.397484  0.00466647
91  -0.397201  0.00462434
92  -0.396814  0.00459076
93  -0.396282  0.00457273
94  -0.396147  0.00452656
95  -0.395989  0.00448216
96  -0.395729  0.00444353
97  -0.395819  0.0043991
98  -0.395846  0.00435475
99  -0.395341  0.00434036
