0  1.29295  0
1  1.29586  0.00205649
2  1.29685  0.00158943
3  1.29734  0.00126454
4  1.29762  0.00104355
5  1.29782  0.000887642
6  1.29797  0.000773392
7  1.29808  0.000684554
8  1.29816  0.000613649
9  1.29823  0.000555669
10  1.29828  0.000507347
11  1.29831  0.00046621
12  1.29834  0.000431262
13  1.29837  0.000401871
14  1.29841  0.00037721
15  1.29846  0.000356136
16  1.29849  0.000337013
17  1.29852  0.00031902
18  1.29853  0.000302634
19  1.29854  0.00028772
20  1.29855  0.000274119
21  1.29856  0.000261755
22  1.29856  0.000250419
23  1.29857  0.000240032
24  1.29858  0.000230686
25  1.2986  0.000222364
26  1.29861  0.000214524
27  1.29861  0.000206934
28  1.29861  0.000199798
29  1.29861  0.000193141
30  1.29862  0.000186963
31  1.29863  0.000181313
32  1.29864  0.000176016
33  1.29864  0.000171034
34  1.29865  0.000166353
35  1.29866  0.00016201
36  1.29867  0.000157913
37  1.29868  0.000153951
38  1.29868  0.000150108
39  1.29869  0.000146458
40  1.2987  0.000142968
41  1.2987  0.000139687
42  1.29871  0.000136566
43  1.29871  0.000133558
44  1.29872  0.000130661
45  1.29872  0.000127874
46  1.29873  0.000125247
47  1.29873  0.00012276
48  1.29874  0.000120342
49  1.29874  0.000118076
50  1.29875  0.000115917
51  1.29875  0.000113807
52  1.29876  0.000111757
53  1.29876  0.000109755
54  1.29876  0.000107805
55  1.29877  0.000105917
56  1.29877  0.000104073
57  1.29877  0.000102309
58  1.29878  0.000100682
59  1.29878  9.90772e-05
60  1.29878  9.74661e-05
61  1.29878  9.59118e-05
62  1.29879  9.44448e-05
63  1.29879  9.30476e-05
64  1.29879  9.16828e-05
65  1.2988  9.03149e-05
66  1.2988  8.89727e-05
67  1.2988  8.76655e-05
68  1.2988  8.6401e-05
69  1.2988  8.51701e-05
70  1.2988  8.39771e-05
71  1.2988  8.2817e-05
72  1.2988  8.17121e-05
73  1.2988  8.06258e-05
74  1.2988  7.95587e-05
75  1.29881  7.85518e-05
76  1.29881  7.7603e-05
77  1.29881  7.66608e-05
78  1.29881  7.57399e-05
79  1.29882  7.48026e-05
80  1.29882  7.39021e-05
81  1.29882  7.30217e-05
82  1.29882  7.21671e-05
83  1.29882  7.1322e-05
84  1.29882  7.04951e-05
85  1.29882  6.96849e-05
86  1.29883  6.88922e-05
87  1.29883  6.81296e-05
88  1.29883  6.7387e-05
89  1.29883  6.66599e-05
90  1.29883  6.59379e-05
91  1.29883  6.52245e-05
92  1.29883  6.45302e-05
93  1.29883  6.38461e-05
94  1.29883  6.31755e-05
95  1.29883  6.25175e-05
96  1.29883  6.18864e-05
97  1.29883  6.12673e-05
98  1.29883  6.0651e-05
99  1.29883  6.00455e-05
