0  1.21058532  0
1  1.21993634  0.00661217364
2  1.22196454  0.00470891506
3  1.22106015  0.00361749167
4  1.22352168  0.00363627512
5  1.22496848  0.00330554568
6  1.22571053  0.00291542591
7  1.22324995  0.00343587394
8  1.22231075  0.00317988571
9  1.22370022  0.00315087396
10  1.22315453  0.00291130024
11  1.22373068  0.0027251068
12  1.22318964  0.00256863016
13  1.22714901  0.00449953664
14  1.22643167  0.00425636485
15  1.22423148  0.00452339639
16  1.22197385  0.00478767452
17  1.22197013  0.00452169404
18  1.22191276  0.00428407405
19  1.22196865  0.00407023485
20  1.22079801  0.00404125405
21  1.2195895  0.00403421506
22  1.21797182  0.00417055834
23  1.21766758  0.00400786644
24  1.21772592  0.0038479764
25  1.21778137  0.0037003768
26  1.21843054  0.00361982057
27  1.21937953  0.00361279703
28  1.21971814  0.00350405
29  1.21795803  0.00380370561
30  1.21681865  0.0038478705
31  1.2164901  0.00374162465
32  1.21630343  0.00363289587
33  1.21564009  0.00358609552
34  1.21555957  0.00348453945
35  1.21500416  0.00343172518
36  1.21491533  0.00334012542
37  1.21398852  0.00337836436
38  1.21397142  0.00329178294
39  1.21391812  0.00320991974
40  1.21397561  0.00313214373
41  1.21405889  0.00305867573
42  1.21422336  0.00299196237
43  1.21471474  0.0029640404
44  1.21517764  0.00293409582
45  1.21553791  0.0028923449
46  1.21575648  0.00283905216
47  1.21593899  0.00278576506
48  1.21594301  0.00272891561
49  1.21561009  0.00269456773
50  1.21547925  0.00264490798
51  1.21585791  0.00262101031
52  1.21578743  0.00257250478
53  1.21570398  0.00252621902
54  1.21527018  0.00251725776
55  1.2150795  0.00247951833
56  1.21489912  0.00244257035
57  1.21496579  0.00240136672
58  1.21487048  0.00236255596
59  1.21480992  0.00232395611
60  1.21496959  0.00229133702
61  1.21514035  0.00226073391
62  1.21573936  0.00230283859
63  1.21587884  0.00227107716
64  1.21642974  0.00230198481
65  1.21661607  0.00227463434
66  1.2167911  0.00224740856
67  1.21666415  0.00221794099
68  1.21690186  0.00219849871
69  1.21733602  0.00220954438
70  1.21736613  0.00217862919
71  1.21780956  0.00219303375
72  1.21806129  0.00217739187
73  1.2179968  0.00214892265
74  1.21828268  0.00213920259
75  1.21895227  0.00221336846
76  1.21939545  0.00222855032
77  1.21946246  0.00220098636
78  1.22001223  0.00224073701
79  1.22027516  0.00222809985
80  1.22029513  0.00220068194
81  1.22032707  0.0021740762
82  1.22040232  0.00214918436
83  1.22040966  0.00212361136
84  1.22024196  0.00210523882
85  1.22022017  0.00208087206
86  1.22043365  0.00206787645
87  1.22035121  0.00204602076
88  1.22061681  0.00204019838
89  1.22068113  0.00201854313
90  1.22099042  0.00201991736
91  1.22154665  0.00207313283
92  1.22229649  0.00218223802
93  1.22263372  0.0021849253
94  1.22266654  0.0021621725
95  1.22290803  0.00215309373
96  1.22313935  0.00214328635
97  1.22316009  0.00212151646
98  1.22309834  0.00210098538
99  1.2233165  0.00209127047
