0  0.0503161  0
1  0.0522533  0.0013698
2  0.0513385  0.00117977
3  0.0515005  0.000895888
4  0.0514069  0.000721582
5  0.051235  0.000621465
6  0.0510805  0.000551549
7  0.0509277  0.00050332
8  0.0507524  0.000476959
9  0.0505475  0.000471212
10  0.0502494  0.000514071
11  0.0500771  0.000499295
12  0.0500457  0.000461872
13  0.0499405  0.000440705
14  0.0502097  0.00048667
15  0.0500581  0.000479281
16  0.0500003  0.000454566
17  0.0500245  0.000429957
18  0.0500602  0.000408807
19  0.0502573  0.000433274
20  0.0502227  0.000414019
21  0.0500904  0.00041579
22  0.0501921  0.000409965
23  0.050174  0.000393285
24  0.050142  0.000378853
25  0.0501173  0.000365084
26  0.0501644  0.000354587
27  0.0501878  0.000342696
28  0.0502169  0.000332113
29  0.0501015  0.000340512
30  0.0501137  0.000329745
31  0.0501804  0.000326125
32  0.0501253  0.00032086
33  0.0501421  0.000311863
34  0.0501377  0.000302984
35  0.0502021  0.000301333
36  0.0501805  0.00029396
37  0.0501378  0.000289303
38  0.0502043  0.000289415
39  0.050281  0.000292181
40  0.0502242  0.000290533
41  0.0502326  0.000283737
42  0.050235  0.000277149
43  0.0502998  0.000278305
44  0.0503276  0.000273507
45  0.050284  0.000271012
46  0.0502503  0.000267336
47  0.0502871  0.000264288
48  0.0503195  0.000260881
49  0.0503587  0.000258582
50  0.0503569  0.000253518
51  0.0504208  0.000256558
52  0.0504777  0.000257956
53  0.0504795  0.000253186
54  0.0504448  0.000250953
55  0.0504014  0.000250191
56  0.0504327  0.000247746
57  0.0505005  0.000252582
58  0.0505238  0.000249372
59  0.0505098  0.000245606
60  0.0505413  0.000243593
61  0.0505991  0.000246428
62  0.0506279  0.000244191
63  0.0507002  0.000250836
64  0.0506675  0.000249088
65  0.0506921  0.000246525
66  0.0507622  0.000252615
67  0.0507546  0.000249017
68  0.0507539  0.000245409
69  0.0507823  0.000243545
70  0.0507788  0.000240141
71  0.0508279  0.000241773
72  0.0508583  0.000240366
73  0.0508608  0.000237132
74  0.0508069  0.000240016
75  0.0508031  0.00023689
76  0.0507969  0.000233893
77  0.0507756  0.000231866
78  0.0507442  0.000231037
79  0.0507041  0.000231607
80  0.050697  0.000228856
81  0.0506848  0.000226394
82  0.0506329  0.000229543
83  0.0506284  0.000226854
84  0.0506265  0.000224193
85  0.050593  0.00022407
86  0.0505997  0.000221594
87  0.0505985  0.000219079
88  0.0506031  0.000216665
89  0.0505894  0.000214689
90  0.0505678  0.000213415
91  0.0505745  0.000211199
92  0.0505501  0.000210327
93  0.0505425  0.000208227
94  0.0505331  0.000206251
95  0.0505398  0.000204214
96  0.050521  0.000202969
97  0.0505263  0.000200967
98  0.0505204  0.000199025
99  0.0504997  0.000198106
