1.57503
1.57506
1.5751
1.57515
1.57521
1.57528
1.57535
1.57543
1.57552
1.57562
1.57573
1.57585
1.57597
1.57611
1.57625
1.5764
1.57656
1.57674
1.57692
1.57711
1.57731
1.57752
1.57775
1.57798
1.57823
1.57849
1.57876
1.57904
1.57934
1.57965
1.57998
1.58032
1.58067
1.58104
1.58143
1.58183
1.58225
1.58269
1.58315
1.58362
1.58412
1.58464
1.58518
1.58574
1.58633
1.58695
1.58758
1.58825
1.58895
1.58967
1.59043
1.59122
1.59204
1.5929
1.5938
1.59474
1.59572
1.59674
1.59781
1.59892
1.60009
1.6013
1.60256
1.60388
1.60525
1.60667
1.60815
1.60968
1.61127
1.61289
1.61456
1.61627
1.618
1.61975
1.62149
1.62322
1.6249
1.62652
1.62805
1.62948
1.63077
1.63193
1.63296
1.63389
1.6348
1.63576
1.6369
1.63834
1.64019
1.64256
1.64546
1.64888
1.65273
1.65688
1.66122
1.6656
1.66991
1.67405
1.67795
1.68154
1.68474
1.68747
1.68966
1.69118
1.69195
1.69191
1.69107
1.68963
1.68792
1.68647
1.68588
1.68658
1.68866
1.69178
1.69528
1.69843
1.70068
1.70181
1.70196
1.70149
1.7009
1.70062
1.70089
1.70177
1.70307
1.70444
1.70542
1.70556
1.70463
1.70276
1.70065
1.6996
1.70116
1.70651
1.71564
1.72725
1.73929
1.74978
1.75735
1.76131
1.76149
1.75815
1.752
1.74424
1.73645
1.73029
1.72693
1.72667
1.72901
1.73306
1.73803
1.74344
1.74911
1.75502
1.76119
1.76759
1.77413
1.78065
1.78693
1.79275
1.79788
1.80213
1.80533
1.80734
1.80803
1.80726
1.80494
1.80105
1.7957
1.78929
1.78251
1.77637
1.77194
1.77003
1.77081
1.77381
1.77809
1.78268
1.78684
1.79015
1.79253
1.79414
1.79526
1.79624
1.79741
1.79903
1.80124
1.80408
1.8075
1.81134
1.81539
1.81941
1.82312
1.82625
1.82853
1.82967
1.82941
1.82753
1.82384
1.81834
1.8112
1.80293
1.79436
1.78657
1.78067
1.77741
1.7769
1.77842
1.7807
1.78228
1.7821
1.7798
1.77594
1.77171
1.76859
1.76772
1.76969
1.77446
1.78159
1.7904
1.80008
1.80983
1.81899
1.82707
1.83384
1.83924
1.84331
1.84615
1.84787
1.8486
1.84841
1.84738
1.84555
1.84296
1.83966
1.8357
1.83119
1.82626
1.8211
1.81596
1.81108
1.8067
1.80298
1.79997
1.79759
1.79568
1.79399
1.79223
1.79013
1.78748
1.78417
1.78031
1.77631
1.77289
1.77104
1.77167
1.77525
1.78152
1.7896
1.79832
1.80666
1.81393
1.8198
1.82423
1.82732
1.82922
1.8301
1.83012
1.82944
1.8282
1.82661
1.82484
1.82311
1.82157
1.8203
1.81923
1.81812
1.81663
1.81436
1.81099
1.80641
1.80084
1.79493
1.78968
1.78618
1.78533
1.78746
1.79229
1.79907
1.80683
1.81466
1.82191
1.82818
1.83334
1.83748
1.84076
1.84342
1.84567
1.84772
1.84972
1.85176
1.85388
1.85609
1.85834
1.86057
1.86267
1.86453
1.86604
1.86705
1.86742
1.867
1.86564
1.86322
1.85968
1.85505
1.84954
1.84353
1.83763
1.83253
1.82893
1.82738
1.82815
1.83116
1.83597
1.84184
1.84787
1.85316
1.85696
1.85875
1.85832
1.85573
1.85137
1.84592
1.84039
1.8359
1.83349
1.83383
1.83698
1.84235
1.84894
1.85558
1.86129
1.86541
1.86762
1.86791
1.86649
1.86373
1.86009
1.85604
1.85204
1.84844
1.84544
1.84303
1.84104
1.83921
1.83729
1.83514
1.83276
1.83027
1.82786
1.82574
1.8241
1.82313
1.82296
1.82374
1.82552
1.82831
1.83201
1.83645
1.84138
1.84652
1.85161
1.85641
1.86076
1.86456
1.86773
1.87028
1.87222
1.87359
1.87441
1.87472
1.87453
1.87382
1.87257
1.87072
1.8682
1.86495
1.8609
1.8561
1.85066
1.84489
1.83929
1.83454
1.83136
1.83036
1.83181
1.83554
1.84102
1.84749
1.8542
1.86052
1.86602
1.87043
1.87361
1.87553
1.87623
1.87582
1.87453
1.87263
1.87046
1.86831
1.8663
1.86426
1.86176
1.85829
1.85361
1.84823
1.84354
1.84151
1.84357
1.8497
1.85831
1.86721
1.87462
1.87966
1.88226
1.88282
1.88193
1.88021
1.87818
1.8762
1.87447
1.87306
1.87198
1.8712
1.87074
1.87064
1.87093
1.87158
1.87251
1.87355
1.87452
1.87526
1.87565
1.87569
1.8755
1.87525
1.87519
1.87552
1.8764
1.87789
1.87995
1.88247
1.88526
1.88813
1.89088
1.89329
1.89516
1.89628
1.89644
1.89538
1.89282
1.88844
1.8819
1.873
1.86184
1.84914
1.83658
1.82664
1.82178
1.82318
1.82996
1.83972
1.84981
1.85832
1.86433
1.86765
1.86853
1.86746
1.86499
1.86169
1.85802
1.85441
1.85117
1.84852
1.84668
1.84576
1.8458
1.84669
1.84819
1.84997
1.8517
1.85311
1.85403
1.8544
1.85424
1.85359
1.85256
1.85123
1.84969
1.84803
1.8463
1.84457
1.84287
1.84124
1.8397
1.83827
1.83697
1.83579
1.83475
1.83384
1.83307
1.83244
1.83194
1.83157
1.83131
1.83117
1.83113
1.83117
1.83129
1.83147
1.8317
1.83195
1.83221
1.83247
1.83271
1.83294
1.83316
1.83335
1.83354
1.83372
1.83388
1.83398
1.83395
1.83369
1.83307
1.83189
1.82996
1.82709
1.82314
1.8181
1.81219
1.80598
1.8004
1.79658
1.79536
1.79687
1.80035
1.80449
1.80806
1.81033
1.81125
1.81134
1.81136
1.81208
1.81401
1.81729
1.82168
1.82673
1.83193
1.8368
1.84099
1.84432
1.84674
1.8483
1.84915
1.84945
1.84941
1.8492
1.84894
1.84874
1.84865
1.84873
1.849
1.84947
1.85016
1.85105
1.85214
1.85344
1.85496
1.85669
1.85863
1.86073
1.86293
1.86513
1.86719
1.86901
1.87045
1.87143
1.87189
1.87178
1.87111
1.86991
1.86825
1.86622
1.86396
1.86162
1.85934
1.85726
1.85544
1.85393
1.85268
1.85166
1.85081
1.85013
1.84965
1.84946
1.84968
1.85042
1.85172
1.85355
1.85581
1.85834
1.86099
1.86362
1.86616
1.86863
1.87104
1.87344
1.87586
1.87827
1.88062
1.88279
1.88468
1.88614
1.88707
1.88733
1.88685
1.88559
1.88355
1.88084
1.87765
1.87423
1.87087
1.86779
1.86508
1.86275
1.86079
1.8593
1.85861
1.8591
1.86099
1.86408
1.86762
1.87054
1.8717
1.87027
1.86607
1.85994
1.85393
1.85075
1.85244
1.85907
1.86865
1.87848
1.88646
1.89162
1.89389
1.89372
1.89176
1.88872
1.88527
1.88198
1.87928
1.87741
1.87641
1.87618
1.8765
1.87712
1.87779
1.87834
1.87861
1.87855
1.87814
1.87743
1.87657
1.87573
1.87514
1.87501
1.87547
1.87652
1.87808
1.87994
1.88188
1.88371
1.88529
1.88656
1.88755
1.88831
1.88893
1.88947
1.88999
1.89051
1.89099
1.89137
1.89158
1.89152
1.89109
1.89022
1.88885
1.88695
1.88453
1.88167
1.87848
1.87514
1.87186
1.86885
1.86632
1.86445
1.86338
1.86319
1.86392
1.86555
1.868
1.87109
1.8746
1.87826
1.88178
1.88496
1.88764
1.88973
1.89125
1.89225
1.89284
1.89317
1.89339
1.89362
1.894
1.8946
1.89546
1.89657
1.89787
1.89926
1.90061
1.90177
1.90256
1.90282
1.90236
1.90101
1.89866
1.89525
1.89079
1.88546
1.87952
1.87334
1.86737
1.86199
1.8575
1.85402
1.85148
1.84967
1.84831
1.84724
1.8466
1.84681
1.84848
1.85215
1.85805
1.86589
1.87493
1.88415
1.89247
1.899
1.90305
1.90422
1.90234
1.89752
1.89019
1.88116
1.87171
1.86342
1.85788
1.85617
1.85849
1.86402
1.8713
1.87878
1.88522
1.88983
1.89221
1.8922
1.88962
1.88423
1.87574
1.86407
1.84993
1.83549
1.82447
1.82061
1.8252
1.83601
1.84896
1.86054
1.86897
1.8739
1.87575
1.87515
1.87275
1.86913
1.8648
1.86022
1.8558
1.85187
1.84866
1.84632
1.84487
1.84429
1.84451
1.84546
1.84702
1.84911
1.85163
1.85449
1.85756
1.86076
1.86398
1.86714
1.87015
1.87298
1.87559
1.87797
1.88012
1.88206
1.88382
1.88543
1.88693
1.88834
1.88969
1.89102
1.89234
1.89368
1.89503
1.8964
1.89778
1.89916
1.90051
1.9018
1.90296
1.90394
1.90466
1.90501
1.9049
1.9042
1.90281
1.90066
1.89771
1.89401
1.88973
1.88514
1.8806
1.87654
1.87334
1.87128
1.87044
1.87073
1.87185
1.87345
1.8752
1.87688
1.87842
1.87989
1.88145
1.88331
1.88564
1.88858
1.89212
1.89616
1.90052
1.90491
1.90902
1.91255
1.91523
1.91684
1.91722
1.91626
1.91388
1.91009
1.90492
1.89857
1.89138
1.88402
1.87739
1.87252
1.87027
1.87098
1.87436
1.87961
1.88575
1.89192
1.8975
1.90213
1.90565
1.90802
1.90929
1.90956
1.90892
1.90753
1.90552
1.90305
1.90024
1.89726
1.89422
1.89124
1.88845
1.88594
1.88382
1.88218
1.88111
1.8807
1.88101
1.88205
1.88379
1.88615
1.88896
1.89204
1.89518
1.8982
1.90093
1.90327
1.90515
1.90655
1.90748
1.90797
1.90804
1.90773
1.90705
1.90601
1.90461
1.90284
1.90067
1.89812
1.8952
1.89198
1.88861
1.88533
1.88248
1.88049
1.87982
1.88083
1.88365
1.88816
1.89395
1.90051
1.90729
1.91384
1.91986
1.92517
1.92966
1.93327
1.93595
1.93764
1.93823
1.93757
1.93549
1.93178
1.92629
1.91895
1.90988
1.89946
1.88837
1.87758
1.86824
1.8614
1.85787
1.85799
1.86159
1.86808
1.87657
1.8861
1.89579
1.90499
1.91324
1.92031
1.92613
1.9307
1.93407
1.93628
1.93734
1.93726
1.93603
1.93372
1.93046
1.92657
1.9225
1.91886
1.91624
1.91504
1.91533
1.91683
1.91906
1.92145
1.92356
1.92512
1.92604
1.92636
1.92619
1.92571
1.92508
1.92443
1.92382
1.92325
1.92264
1.92183
1.92062
1.91882
1.91632
1.91314
1.90954
1.90602
1.90319
1.90158
1.90137
1.90226
1.90353
1.90428
1.90375
1.90147
1.89742
1.89203
1.88616
1.88092
1.87739
1.87614
1.87699
1.87899
1.8808
1.88116
1.87918
1.87451
1.86735
1.85838
1.8487
1.83973
1.83294
1.82952
1.83007
1.83442
1.84176
1.85086
1.86044
1.86943
1.87703
1.88278
1.88645
1.88796
1.88734
1.88462
1.8799
1.87333
1.86522
1.85615
1.84704
1.83911
1.83362
1.83137
1.83241
1.83596
1.8408
1.84573
1.84984
1.85261
1.85386
1.85365
1.85216
1.84974
1.84677
1.8437
1.84093
1.83876
1.8373
1.8365
1.83618
1.83609
1.83603
1.83593
1.83581
1.83576
1.83595
1.8365
1.83749
1.83891
1.84066
1.84261
1.84462
1.84655
1.84826
1.84968
1.85074
1.85139
1.85159
1.8513
1.85048
1.84909
1.84714
1.84465
1.84171
1.83851
1.83532
1.83252
1.8305
1.8296
1.83005
1.83188
1.83496
1.83906
1.84386
1.84905
1.85435
1.85948
1.86419
1.86825
1.87145
1.8736
1.87453
1.87413
1.87237
1.86937
1.86546
1.86121
1.85735
1.85452
1.85289
1.85203
1.85097
1.8486
1.84423
1.83795
1.8307
1.82403
1.81965
1.81883
1.82215
1.82936
1.83945
1.85098
1.86239
1.87245
1.88046
1.88627
1.89016
1.8926
1.89408
1.8949
1.89523
1.8952
1.89503
1.89505
1.89563
1.89693
1.89882
1.90093
1.90289
1.90448
1.90576
1.90696
1.9083
1.9099
1.9117
1.91349
1.915
1.91606
1.91659
1.91674
1.91678
1.91708
1.91794
1.91953
1.92183
1.92463
1.92757
1.93022
1.93213
1.9329
1.93221
1.92982
1.92566
1.91977
1.9124
1.90393
1.89493
1.88614
1.87848
1.87292
1.87026
1.87079
1.87407
1.87906
1.88456
1.88954
1.89329
1.89554
1.8963
1.89599
1.8953
1.89507
1.89599
1.89833
1.90176
1.90559
1.90904
1.91149
1.91264
1.91243
1.91099
1.90858
1.90549
1.90202
1.89842
1.89485
1.89142
1.8882
1.88528
1.88282
1.88106
1.88023
1.88051
1.88189
1.88417
1.88705
1.89013
1.89311
1.89575
1.8979
1.8995
1.90053
1.90099
1.90089
1.90024
1.89901
1.89719
1.89469
1.89139
1.88714
1.8817
1.87479
1.86615
1.8557
1.84382
1.83167
1.82128
1.81502
1.81445
1.8193
1.82766
1.83705
1.84552
1.85203
1.85635
1.85873
1.8597
1.85989
1.85998
1.86051
1.86185
1.86406
1.86696
1.87019
1.87338
1.87623
1.87854
1.88023
1.88132
1.88186
1.88195
1.88168
1.88117
1.88049
1.87973
1.87896
1.87825
1.87766
1.87722
1.87697
1.87693
1.87711
1.87752
1.87813
1.87893
1.8799
1.881
1.8822
1.88347
1.88475
1.88602
1.88722
1.8883
1.88918
1.88975
1.88991
1.88949
1.88832
1.8862
1.88293
1.87838
1.8725
1.86541
1.85746
1.84924
1.84159
1.83554
1.83224
1.83266
1.83728
1.84569
1.85665
1.86847
1.87956
1.88876
1.89548
1.89963
1.90147
1.90159
1.90079
1.89994
1.89977
1.90052
1.9019
1.90316
1.90347
1.90232
1.89982
1.89685
1.89478
1.89488
1.89766
1.90257
1.90836
1.91368
1.91752
1.91932
1.91892
1.91637
1.91186
1.90571
1.89849
1.89112
1.88484
1.88099
1.88057
1.88376
1.88989
1.89774
1.90606
1.91396
1.92098
1.92699
1.93207
1.93635
1.93994
1.9429
1.9453
1.94716
1.94853
1.94946
1.95002
1.9503
1.95037
1.9503
1.95015
1.94997
1.94982
1.94972
1.94967
1.94965
1.94961
1.94944
1.94904
1.94825
1.94697
1.94507
1.9425
1.93918
1.93513
1.93039
1.9251
1.91951
1.91408
1.90949
1.90659
1.90621
1.90887
1.91448
1.92232
1.93124
1.94002
1.94767
1.95362
1.95767
1.95987
1.96047
1.95979
1.95816
1.95591
1.95336
1.9508
1.94856
1.94692
1.94609
1.94614
1.94699
1.94839
1.95
1.95147
1.95249
1.95288
1.9526
1.95178
1.95063
1.94946
1.94849
1.94785
1.94753
1.94737
1.94719
1.94676
1.94595
1.94464
1.9428
1.94044
1.93765
1.93454
1.93129
1.92812
1.92524
1.92284
1.92108
1.92008
1.91987
1.92042
1.92166
1.92342
1.92554
1.9278
1.93001
1.93199
1.93363
1.93485
1.93562
1.93594
1.93584
1.93537
1.93457
1.93346
1.93209
1.93047
1.92859
1.92645
1.92403
1.92129
1.9182
1.9147
1.91069
1.90605
1.90057
1.89398
1.88588
1.87586
1.8636
1.84924
1.83387
1.8199
1.81069
1.80899
1.8151
1.82664
1.84016
1.85291
1.86352
1.87169
1.87772
1.88204
1.88511
1.88729
1.88888
1.89009
1.89107
1.89194
1.89276
1.89356
1.89436
1.89514
1.89588
1.89654
1.89709
1.89751
1.89775
1.89779
1.89759
1.89712
1.89633
1.89518
1.89362
1.89158
1.88904
1.88596
1.88238
1.87838
1.87412
1.86988
1.86602
1.86291
1.86093
1.86032
1.86116
1.86335
1.86663
1.87068
1.87515
1.87974
1.8842
1.88834
1.89207
1.89532
1.89809
1.90042
1.90236
1.90399
1.90539
1.90665
1.90781
1.90891
1.90993
1.91082
1.91145
1.91167
1.91127
1.91002
1.90778
1.90451
1.90043
1.89615
1.89261
1.89089
1.89179
1.89545
1.90122
1.908
1.91471
1.92055
1.92515
1.92845
1.93057
1.93173
1.93213
1.93195
1.9313
1.93024
1.92874
1.92675
1.92416
1.92088
1.91689
1.91228
1.90735
1.90265
1.8989
1.89686
1.897
1.89935
1.90344
1.90853
1.91379
1.91855
1.92231
1.92476
1.9257
1.9251
1.92308
1.91998
1.91636
1.91289
1.91022
1.90872
1.90843
1.90914
1.91047
1.91212
1.91391
1.91576
1.9177
1.91973
1.92189
1.92418
1.92662
1.92922
1.93202
1.93501
1.93819
1.94152
1.94494
1.94837
1.9517
1.95485
1.9577
1.96015
1.96207
1.96335
1.96385
1.96347
1.96206
1.9595
1.9557
1.9506
1.94424
1.93686
1.92898
1.92149
1.91556
1.91238
1.91278
1.91684
1.92382
1.93244
1.9413
1.94925
1.95555
1.95985
1.96211
1.96246
1.9611
1.95829
1.95431
1.94944
1.94397
1.93824
1.93256
1.9273
1.92276
1.91924
1.91691
1.91587
1.91604
1.91725
1.91927
1.92182
1.92466
1.92759
1.93046
1.93319
1.93572
1.93801
1.94004
1.94181
1.94332
1.94454
1.94549
1.94617
1.94659
1.94675
1.94668
1.94639
1.94593
1.94532
1.94462
1.94386
1.94308
1.94234
1.94163
1.94099
1.94041
1.93987
1.93934
1.9388
1.9382
1.93751
1.93668
1.93568
1.9345
1.93309
1.93146
1.9296
1.92752
1.92523
1.92276
1.92014
1.91742
1.91467
1.91195
1.90935
1.90692
1.90469
1.90266
1.90076
1.89895
1.89714
1.89529
1.89337
1.89138
1.88931
1.88716
1.88496
1.88278
1.88083
1.87948
1.87926
1.88066
1.88399
1.88914
1.89561
1.90266
1.90956
1.91577
1.92095
1.92499
1.92793
1.92988
1.93095
1.93128
1.931
1.93018
1.92891
1.92725
1.92526
1.92298
1.92049
1.91784
1.91512
1.91241
1.9098
1.90736
1.90516
1.90321
1.90153
1.90011
1.89892
1.89797
1.89725
1.89678
1.89661
1.89677
1.89727
1.89812
1.89927
1.90065
1.90215
1.90364
1.90501
1.90616
1.90707
1.90777
1.90835
1.90896
1.90972
1.9107
1.91189
1.91316
1.91432
1.91513
1.91537
1.91488
1.91357
1.91144
1.90855
1.90505
1.90114
1.89708
1.89316
1.88967
1.88694
1.88524
1.88481
1.88574
1.88797
1.89128
1.89531
1.89966
1.90394
1.90786
1.91124
1.914
1.91615
1.91774
1.91887
1.91963
1.92013
1.92044
1.92064
1.92077
1.92088
1.92099
1.92114
1.92133
1.92157
1.92187
1.92224
1.92268
1.92319
1.92377
1.92441
1.92512
1.92586
1.92662
1.92735
1.92802
1.92857
1.92894
1.9291
1.92901
1.92868
1.92813
1.9274
1.92653
1.92554
1.92442
1.92311
1.92151
1.91953
1.91712
1.91436
1.91142
1.90862
1.90634
1.90491
1.90454
1.90521
1.90665
1.90845
1.91008
1.91107
1.91113
1.91024
1.90881
1.90763
1.9077
1.90984
1.91433
1.92068
1.92788
1.93475
1.94028
1.94376
1.94476
1.94304
1.93857
1.93166
1.92316
1.91461
1.90798
1.90493
1.90594
1.91002
1.91534
1.92016
1.92345
1.92498
1.92508
1.92435
1.9234
1.92268
1.92235
1.92235
1.92247
1.92246
1.92222
1.92176
1.92119
1.92065
1.92018
1.91964
1.91872
1.91698
1.91395
1.90931
1.90306
1.89579
1.88891
1.88447
1.88447
1.8897
1.89925
1.91097
1.92262
1.93262
1.94023
1.94532
1.94806
1.94871
1.94753
1.94473
1.94051
1.93506
1.92863
1.92161
1.91457
1.90822
1.90333
1.9005
1.89988
1.9011
1.90343
1.90603
1.90833
1.9102
1.91193
1.91405
1.91705
1.92115
1.92618
1.93165
1.93697
1.94158
1.94511
1.94731
1.94811
1.94749
1.9455
1.94222
1.9378
1.93243
1.9264
1.92012
1.91415
1.90916
1.90589
1.90499
1.90681
1.91136
1.91819
1.9266
1.93577
1.94495
1.95359
1.96131
1.96792
1.97336
1.97764
1.98081
1.98297
1.9842
1.98461
1.98434
1.98351
1.9823
1.98084
1.97923
1.97748
1.97547
1.97298
1.9697
1.96537
1.95982
1.95321
1.94605
1.93916
1.9335
1.92974
1.92806
1.92817
1.92954
1.93174
1.93458
1.93801
1.94208
1.94672
1.95175
1.95684
1.9616
1.96562
1.96865
1.97053
1.97131
1.97119
1.9705
1.96964
1.969
1.96888
1.96942
1.97056
1.97209
1.9737
1.97504
1.97579
1.97574
1.97479
1.97295
1.97042
1.96752
1.96466
1.96233
1.96092
1.96064
1.96145
1.96309
1.96517
1.96728
1.96911
1.97046
1.97126
1.97148
1.97119
1.97042
1.96924
1.9677
1.96586
1.96376
1.96147
1.95902
1.95647
1.95386
1.9512
1.79758
1.79501
1.7924
1.7897
1.78689
1.78402
1.78115
1.77847
1.77624
1.77473
1.77421
1.77482
1.7765
1.77905
1.78212
1.78537
1.78849
1.79128
1.79362
1.79548
1.79686
1.7978
1.79831
1.79844
1.79821
1.79766
1.79681
1.79571
1.79441
1.79294
1.79138
1.78978
1.7882
1.78671
1.78536
1.78422
1.78332
1.78269
1.78233
1.78221
1.78227
1.78243
1.78258
1.78259
1.78232
1.78163
1.7804
1.7785
1.77586
1.77242
1.76817
1.76307
1.75706
1.74998
1.7416
1.73174
1.72049
1.70865
1.69795
1.69069
1.68878
1.69258
1.70071
1.71101
1.7215
1.73096
1.7388
1.74484
1.74903
1.75134
1.75172
1.75008
1.74637
1.74068
1.73343
1.7255
1.71826
1.71322
1.71153
1.71342
1.71814
1.72435
1.73061
1.73579
1.73919
1.74053
1.7399
1.73774
1.73476
1.73184
1.72977
1.7291
1.72992
1.73192
1.73455
1.73723
1.73952
1.74118
1.74215
1.74249
1.74234
1.74182
1.74105
1.74008
1.73888
1.73736
1.73541
1.73285
1.72953
1.72537
1.72037
1.71473
1.7088
1.70318
1.69854
1.69555
1.69463
1.69583
1.69883
1.70298
1.70756
1.71189
1.71546
1.71796
1.7192
1.71912
1.71772
1.71501
1.71107
1.70602
1.70007
1.69359
1.6871
1.68124
1.67665
1.67377
1.67275
1.67337
1.6752
1.67776
1.68063
1.68352
1.68626
1.68878
1.69103
1.69299
1.69464
1.696
1.69705
1.69782
1.69833
1.69862
1.69871
1.69864
1.69844
1.69813
1.69772
1.69725
1.6967
1.69609
1.69542
1.69469
1.69391
1.69307
1.69218
1.69123
1.69025
1.68924
1.68822
1.6872
1.68622
1.6853
1.68446
1.68373
1.68315
1.68273
1.68249
1.68244
1.68258
1.6829
1.68339
1.68403
1.6848
1.68567
1.68662
1.68761
1.68862
1.68964
1.69063
1.69159
1.6925
1.69334
1.6941
1.69476
1.69532
1.69576
1.69608
1.69627
1.69632
1.69625
1.69607
1.6958
1.69548
1.69516
1.69488
1.69471
1.69471
1.69492
1.6954
1.69617
1.69724
1.69861
1.70024
1.7021
1.70412
1.70622
1.70833
1.71036
1.71223
1.71384
1.71513
1.71604
1.71652
1.71655
1.71615
1.71537
1.71433
1.71318
1.71214
1.71139
1.7111
1.71134
1.71208
1.71317
1.71436
1.71535
1.71582
1.71552
1.71431
1.71226
1.70968
1.70713
1.70529
1.70475
1.7058
1.70839
1.71219
1.71683
1.72198
1.72741
1.73296
1.73847
1.74378
1.74873
1.75316
1.75692
1.75992
1.76208
1.76339
1.76385
1.76352
1.76247
1.76081
1.75866
1.75611
1.75328
1.75021
1.74693
1.74344
1.73976
1.73596
1.73219
1.72869
1.72573
1.72358
1.72241
1.72232
1.72331
1.72533
1.72824
1.73178
1.73561
1.73928
1.74237
1.74455
1.74566
1.74569
1.74481
1.74328
1.74147
1.73983
1.73877
1.73866
1.7397
1.74188
1.745
1.74868
1.75257
1.75631
1.75969
1.76258
1.76494
1.76679
1.76816
1.76909
1.76961
1.76976
1.76957
1.76911
1.76844
1.76773
1.76712
1.76684
1.76707
1.76796
1.76956
1.77178
1.77444
1.7773
1.78007
1.78253
1.78453
1.78602
1.78704
1.78767
1.78805
1.78828
1.78841
1.78846
1.78837
1.7881
1.78764
1.78705
1.78642
1.78588
1.78552
1.78536
1.78535
1.78534
1.7851
1.7844
1.78303
1.78085
1.77783
1.77415
1.77016
1.76641
1.76351
1.76202
1.76221
1.76403
1.76711
1.77098
1.77516
1.7793
1.78322
1.78686
1.79023
1.79334
1.79619
1.79875
1.80096
1.80273
1.804
1.80477
1.80513
1.80529
1.80555
1.80626
1.80771
1.81002
1.8131
1.81662
1.82007
1.82288
1.82453
1.82462
1.82293
1.81952
1.81472
1.80907
1.80318
1.79742
1.79188
1.78638
1.78087
1.77562
1.77124
1.76836
1.76729
1.76798
1.77016
1.77348
1.77756
1.78197
1.78627
1.79006
1.79309
1.79532
1.79687
1.79799
1.79895
1.79999
1.80129
1.80295
1.80498
1.80733
1.80989
1.81253
1.81511
1.81748
1.81951
1.82109
1.82213
1.82258
1.82241
1.8216
1.82012
1.8179
1.81487
1.81095
1.80609
1.8004
1.79418
1.78798
1.78256
1.77871
1.77701
1.77761
1.78013
1.78384
1.78787
1.79149
1.79429
1.79619
1.79741
1.7983
1.79923
1.80047
1.80206
1.80391
1.80579
1.80747
1.80881
1.80977
1.81041
1.81085
1.81116
1.81139
1.81149
1.81135
1.81082
1.80973
1.80794
1.80539
1.80206
1.79802
1.7934
1.78845
1.78343
1.77864
1.77435
1.77076
1.76797
1.76596
1.76465
1.76393
1.76368
1.76383
1.76436
1.76526
1.76654
1.76818
1.77012
1.77226
1.7745
1.77671
1.77876
1.78057
1.78202
1.78307
1.78365
1.78376
1.78343
1.78273
1.78176
1.78067
1.77964
1.77883
1.7784
1.77842
1.77893
1.77989
1.78119
1.78274
1.78439
1.78606
1.78767
1.78916
1.7905
1.79168
1.79268
1.79347
1.79401
1.79424
1.79408
1.79343
1.79218
1.79027
1.78767
1.7845
1.78104
1.77776
1.77527
1.77415
1.77478
1.77711
1.78076
1.78508
1.78941
1.79325
1.79628
1.79836
1.79946
1.79961
1.79884
1.79724
1.79487
1.79188
1.78846
1.78487
1.78142
1.77843
1.77624
1.77512
1.77522
1.77657
1.77903
1.78229
1.78591
1.78941
1.79229
1.79412
1.79452
1.79327
1.79031
1.78578
1.78016
1.77419
1.76888
1.7652
1.76379
1.76471
1.76746
1.77121
1.77514
1.77863
1.78134
1.78315
1.78412
1.78436
1.78401
1.78321
1.78208
1.78074
1.77927
1.77776
1.77629
1.77496
1.77383
1.77295
1.77234
1.77194
1.77165
1.7713
1.77072
1.76973
1.76824
1.76622
1.76379
1.76116
1.75863
1.75654
1.75514
1.7546
1.75493
1.756
1.75757
1.75933
1.76093
1.76208
1.76255
1.76219
1.76099
1.75905
1.75661
1.75396
1.75145
1.74941
1.74806
1.74749
1.7476
1.74818
1.74893
1.74955
1.74981
1.7496
1.74889
1.74777
1.74638
1.74485
1.74335
1.74199
1.7409
1.74022
1.74011
1.74072
1.74215
1.74443
1.74744
1.75097
1.75472
1.75841
1.7618
1.76476
1.76723
1.76923
1.77081
1.77207
1.7731
1.774
1.77485
1.7757
1.7766
1.77757
1.77862
1.77975
1.78093
1.78213
1.7833
1.7844
1.78536
1.78611
1.78656
1.78664
1.78624
1.78526
1.78358
1.7811
1.7777
1.77331
1.76789
1.76152
1.75444
1.74709
1.74011
1.73429
1.73036
1.72883
1.72978
1.73295
1.73784
1.7439
1.75065
1.75771
1.7648
1.77172
1.77832
1.7845
1.79018
1.79531
1.79986
1.8038
1.80708
1.80966
1.81145
1.81234
1.81216
1.81073
1.8079
1.80358
1.79792
1.79135
1.78469
1.77902
1.7754
1.77435
1.77565
1.77845
1.78166
1.78443
1.78629
1.78719
1.78726
1.7867
1.78568
1.78432
1.78273
1.78104
1.77938
1.77793
1.77679
1.77605
1.7757
1.77566
1.77583
1.77607
1.77623
1.77621
1.77594
1.77543
1.7747
1.77386
1.77304
1.77241
1.77209
1.77218
1.77271
1.77362
1.77481
1.77618
1.77762
1.77903
1.78034
1.78145
1.78226
1.78266
1.78251
1.78168
1.78004
1.77749
1.77398
1.76952
1.76421
1.75828
1.75209
1.74613
1.74097
1.73707
1.7347
1.73378
1.73388
1.73433
1.73439
1.73352
1.73155
1.72888
1.72636
1.72512
1.72596
1.72904
1.73371
1.7389
1.74353
1.74687
1.74855
1.74853
1.74697
1.74412
1.74032
1.73589
1.7312
1.7266
1.72239
1.71882
1.716
1.71394
1.71254
1.71164
1.71102
1.71052
1.70999
1.7094
1.70876
1.70814
1.70766
1.70744
1.70758
1.70817
1.70925
1.71078
1.71271
1.71492
1.7173
1.71971
1.72204
1.72418
1.72607
1.72764
1.72886
1.72972
1.73022
1.73036
1.73018
1.7297
1.72895
1.72799
1.72684
1.72554
1.72412
1.72257
1.72086
1.71893
1.71664
1.71379
1.71013
1.70534
1.69909
1.69111
1.6814
1.67036
1.65902
1.64901
1.64217
1.63992
1.64268
1.64973
1.65956
1.67046
1.68095
1.69007
1.69733
1.70262
1.70607
1.70796
1.7086
1.70829
1.70736
1.70609
1.70472
1.70348
1.70253
1.70194
1.70176
1.70193
1.70238
1.70302
1.70374
1.70444
1.70507
1.70557
1.70592
1.7061
1.70612
1.70598
1.70569
1.70526
1.70471
1.70405
1.7033
1.70251
1.7017
1.70093
1.70026
1.69975
1.69948
1.69951
1.69986
1.70057
1.70162
1.70297
1.70455
1.70628
1.70806
1.70981
1.71144
1.71288
1.71408
1.715
1.71562
1.71595
1.71601
1.71586
1.71557
1.71525
1.71502
1.71502
1.71532
1.71596
1.71692
1.71809
1.71931
1.7204
1.72121
1.72161
1.72159
1.72122
1.72067
1.72017
1.72001
1.72046
1.72172
1.72387
1.72684
1.73044
1.73438
1.73836
1.7421
1.74538
1.74806
1.75007
1.75144
1.75226
1.75267
1.75284
1.75297
1.75326
1.7539
1.75509
1.75697
1.7596
1.76293
1.76681
1.77102
1.77531
1.77944
1.78324
1.78653
1.78922
1.79125
1.79256
1.79318
1.79314
1.79251
1.79138
1.78984
1.78802
1.786
1.78388
1.78172
1.7796
1.77755
1.77558
1.7737
1.77193
1.77028
1.76882
1.76764
1.76684
1.76653
1.76677
1.76756
1.76883
1.77044
1.77218
1.77385
1.77522
1.77613
1.77645
1.77619
1.77546
1.77448
1.7736
1.77319
1.77356
1.77486
1.77704
1.77984
1.78289
1.7858
1.78828
1.79021
1.79161
1.79264
1.79347
1.7943
1.79523
1.79631
1.79751
1.79876
1.79994
1.80096
1.8017
1.80207
1.80197
1.80131
1.80001
1.79798
1.79516
1.79148
1.78692
1.78151
1.77537
1.76872
1.76193
1.75549
1.75001
1.74611
1.74431
1.74483
1.74757
1.75206
1.75762
1.7635
1.76905
1.77377
1.77734
1.77963
1.78064
1.78049
1.77941
1.77771
1.77573
1.77384
1.77233
1.77137
1.77098
1.77106
1.77141
1.77182
1.77213
1.77222
1.77205
1.77166
1.7711
1.77046
1.76982
1.76926
1.76883
1.76857
1.76847
1.76851
1.76865
1.76884
1.76903
1.76915
1.76917
1.76905
1.76878
1.76836
1.76779
1.76711
1.76636
1.76558
1.76481
1.76409
1.76341
1.76276
1.76205
1.76117
1.75995
1.7582
1.75573
1.75242
1.74836
1.74391
1.73981
1.73704
1.73655
1.7388
1.74353
1.74987
1.75671
1.76311
1.76849
1.77267
1.77574
1.77794
1.77955
1.7808
1.78184
1.78272
1.78342
1.78384
1.78388
1.78344
1.78245
1.78085
1.77863
1.7758
1.77244
1.76868
1.76469
1.76074
1.75715
1.75428
1.75251
1.75215
1.75334
1.75596
1.75965
1.76387
1.76805
1.77177
1.77479
1.77709
1.77878
1.78003
1.78102
1.78191
1.78279
1.7837
1.78464
1.78563
1.78664
1.78768
1.78875
1.78987
1.79099
1.79211
1.79314
1.79402
1.79466
1.79494
1.79475
1.79398
1.79252
1.79025
1.78708
1.78296
1.77789
1.77199
1.7655
1.75884
1.75257
1.74734
1.74376
1.74224
1.74289
1.74544
1.74936
1.75398
1.75867
1.76291
1.7664
1.76897
1.77062
1.77142
1.77143
1.77071
1.76922
1.76679
1.7631
1.75779
1.75053
1.74143
1.73134
1.72213
1.71634
1.71595
1.72118
1.7303
1.74077
1.75045
1.75824
1.76388
1.76758
1.76977
1.77084
1.77111
1.77084
1.77018
1.76924
1.76808
1.76674
1.76522
1.76354
1.76172
1.75978
1.75778
1.75581
1.75398
1.75241
1.75123
1.75052
1.75035
1.7507
1.75149
1.75261
1.7539
1.75522
1.75644
1.75747
1.75824
1.75873
1.75892
1.75886
1.75859
1.75817
1.7577
1.75728
1.75699
1.75696
1.75725
1.75793
1.75903
1.76053
1.76238
1.76452
1.76684
1.76925
1.77162
1.77387
1.7759
1.77762
1.77893
1.77975
1.77998
1.77951
1.77823
1.77606
1.77294
1.76888
1.76405
1.75876
1.75354
1.74907
1.74603
1.74489
1.74577
1.74833
1.75195
1.7559
1.75954
1.76241
1.76426
1.76501
1.76474
1.76363
1.76198
1.76018
1.75862
1.75769
1.75767
1.75866
1.76057
1.76317
1.7661
1.76905
1.77172
1.77398
1.77578
1.77719
1.77838
1.77953
1.78084
1.78243
1.78436
1.78659
1.78903
1.79154
1.79399
1.79627
1.79828
1.8
1.80138
1.80243
1.80316
1.8036
1.80377
1.8037
1.80344
1.803
1.80243
1.80176
1.80103
1.80024
1.79942
1.79856
1.79765
1.79666
1.79558
1.7944
1.79312
1.79184
1.79066
1.78979
1.78946
1.78992
1.79136
1.79389
1.79748
1.80201
1.80725
1.81295
1.81888
1.82479
1.83049
1.83579
1.84052
1.84451
1.84761
1.84962
1.85039
1.84976
1.84759
1.84381
1.83844
1.83161
1.82358
1.81473
1.80555
1.79649
1.78797
1.78026
1.7735
1.76777
1.76319
1.76004
1.75871
1.75945
1.76222
1.7666
1.772
1.77793
1.78402
1.78999
1.79546
1.80002
1.80334
1.80536
1.80632
1.80668
1.80703
1.80785
1.80941
1.8117
1.81443
1.81719
1.81952
1.82103
1.82139
1.8204
1.81792
1.81394
1.80853
1.80196
1.79472
1.78751
1.78122
1.77665
1.77425
1.77397
1.77526
1.77733
1.77942
1.78096
1.78166
1.78144
1.78039
1.7787
1.77663
1.77446
1.77244
1.77075
1.76948
1.76861
1.76802
1.76756
1.76704
1.76632
1.76529
1.76388
1.7621
1.75996
1.75751
1.75483
1.75199
1.74908
1.74618
1.74337
1.74072
1.73828
1.73612
1.73425
1.73269
1.73146
1.73054
1.72991
1.72954
1.72937
1.72934
1.72939
1.72943
1.72938
1.72915
1.72868
1.72793
1.72692
1.7257
1.72443
1.72328
1.72251
1.72234
1.72292
1.72434
1.72652
1.72931
1.73248
1.7358
1.73908
1.74215
1.74494
1.74739
1.74948
1.75122
1.75261
1.75363
1.75426
1.75447
1.75421
1.75341
1.75203
1.75004
1.7475
1.74455
1.74148
1.73869
1.73664
1.73572
1.73609
1.73766
1.74005
1.74274
1.74522
1.74708
1.74808
1.74815
1.74738
1.74597
1.74423
1.74247
1.74098
1.73996
1.73949
1.73954
1.73996
1.74061
1.7413
1.74189
1.74227
1.74233
1.74199
1.74116
1.73977
1.73776
1.73511
1.73186
1.72821
1.72452
1.72137
1.71949
1.71954
1.72185
1.72627
1.73211
1.73845
1.74433
1.74903
1.75213
1.75355
1.75355
1.75264
1.75155
1.75099
1.75151
1.7533
1.75617
1.75966
1.76327
1.76659
1.76938
1.77156
1.77317
1.77433
1.77516
1.77577
1.77626
1.7767
1.77713
1.77755
1.77797
1.77834
1.77862
1.77873
1.77856
1.77803
1.777
1.77538
1.77307
1.77006
1.76641
1.76234
1.7582
1.7545
1.75175
1.75037
1.75056
1.7522
1.75492
1.75828
1.76179
1.76513
1.76806
1.77049
1.7724
1.77382
1.77483
1.77549
1.77591
1.77615
1.7763
1.77641
1.77652
1.77667
1.77686
1.77709
1.77735
1.7776
1.77781
1.77794
1.77796
1.77782
1.7775
1.77696
1.77619
1.77517
1.77392
1.77248
1.77089
1.76924
1.76764
1.7662
1.76502
1.7642
1.76378
1.76375
1.76407
1.76464
1.76535
1.7661
1.76678
1.76732
1.76768
1.76781
1.76773
1.76743
1.76693
1.76626
1.76546
1.76455
1.76357
1.76256
1.76154
1.76054
1.75959
1.75872
1.75794
1.75726
1.7567
1.75625
1.75591
1.75565
1.75547
1.75534
1.75524
1.75515
1.75505
1.75493
1.7548
1.75466
1.75452
1.75439
1.75427
1.75415
1.75402
1.75384
1.75356
1.75313
1.75248
1.75154
1.75025
1.74856
1.74644
1.74388
1.74093
1.73765
1.73417
1.73067
1.72736
1.72448
1.72223
1.72077
1.72011
1.72009
1.72043
1.72072
1.72052
1.7195
1.71748
1.7146
1.71129
1.70832
1.70655
1.70668
1.70895
1.71306
1.71831
1.72386
1.72901
1.73332
1.73659
1.73882
1.74008
1.74051
1.74026
1.73947
1.73826
1.73675
1.73504
1.73323
1.73139
1.72958
1.72785
1.72621
1.72466
1.72314
1.7216
1.71995
1.71812
1.71608
1.71388
1.71162
1.70955
1.70793
1.70704
1.70703
1.70793
1.70955
1.71158
1.71367
1.71545
1.71668
1.71716
1.71684
1.71571
1.71389
1.71154
1.70892
1.70635
1.70419
1.70274
1.70224
1.70276
1.70424
1.70645
1.70915
1.71205
1.71492
1.71759
1.71995
1.72194
1.72354
1.72472
1.7255
1.72587
1.72585
1.72545
1.72468
1.72359
1.72222
1.72063
1.71892
1.71715
1.71541
1.71376
1.71223
1.71087
1.70968
1.7087
1.70795
1.70748
1.70734
1.70754
1.70809
1.70898
1.71016
1.71158
1.71319
1.71493
1.71674
1.71856
1.72032
1.72197
1.72344
1.72473
1.72582
1.72675
1.72759
1.7284
1.7292
1.73002
1.7308
1.73144
1.73181
1.73179
1.73127
1.73022
1.7287
1.72688
1.72506
1.72359
1.7228
1.72294
1.72411
1.72618
1.72893
1.73206
1.73528
1.73837
1.74117
1.74362
1.7457
1.74741
1.74879
1.74987
1.75067
1.75123
1.75157
1.7517
1.75165
1.75145
1.7511
1.75066
1.75015
1.74961
1.7491
1.74866
1.74833
1.74814
1.74811
1.74823
1.74846
1.74875
1.749
1.7491
1.74893
1.74839
1.74739
1.74586
1.74382
1.74134
1.73858
1.73576
1.73319
1.73117
1.72994
1.72965
1.73026
1.73155
1.73321
1.73486
1.73614
1.73683
1.73686
1.73636
1.73572
1.73548
1.73627
1.73855
1.74242
1.74751
1.75309
1.75827
1.76224
1.76438
1.76432
1.76199
1.75756
1.75148
1.74443
1.73711
1.7302
1.72433
1.7203
1.71911
1.72165
1.7281
1.73755
1.74831
1.75873
1.76765
1.77463
1.77967
1.78306
1.78515
1.7863
1.78678
1.78681
1.78659
1.78622
1.78582
1.78546
1.78519
1.78506
1.78509
1.78531
1.78572
1.78632
1.78711
1.78806
1.78913
1.79029
1.79146
1.79258
1.79355
1.7943
1.79472
1.79476
1.79437
1.79356
1.79237
1.79091
1.78933
1.78783
1.7866
1.78582
1.78567
1.78626
1.78768
1.78996
1.79303
1.79679
1.80105
1.80559
1.81019
1.81461
1.81867
1.82221
1.82509
1.82722
1.82851
1.82888
1.82828
1.82667
1.82406
1.82055
1.81635
1.81177
1.8072
1.80304
1.79962
1.79708
1.7954
1.79445
1.79404
1.79407
1.7945
1.7954
1.79687
1.79896
1.80166
1.80489
1.8085
1.8123
1.81611
1.81975
1.82309
1.82601
1.82843
1.83024
1.83135
1.83165
1.83105
1.8294
1.82661
1.82259
1.81731
1.81084
1.80335
1.79516
1.7867
1.7785
1.77109
1.76492
1.76027
1.75724
1.75573
1.75555
1.75657
1.75874
1.76216
1.76688
1.77281
1.77958
1.78661
1.79326
1.79904
1.80368
1.80718
1.80971
1.81154
1.81297
1.81424
1.81552
1.81689
1.81838
1.81993
1.8215
1.82302
1.82445
1.82575
1.82691
1.82793
1.82883
1.82962
1.83033
1.831
1.83167
1.83236
1.8331
1.83393
1.83484
1.83581
1.83679
1.83772
1.83849
1.83896
1.83901
1.83852
1.83741
1.83564
1.83328
1.83045
1.82733
1.82414
1.82109
1.81834
1.81602
1.81427
1.81322
1.81302
1.8137
1.81513
1.81696
1.81869
1.81982
1.82002
1.81926
1.8178
1.81623
1.81521
1.81541
1.81724
1.82082
1.82589
1.83199
1.83852
1.8449
1.85068
1.85551
1.85915
1.86144
1.86226
1.86158
1.85948
1.85625
1.85247
1.84906
1.84707
1.8474
1.8504
1.85574
1.86255
1.86982
1.87672
1.88274
1.8877
1.89164
1.8947
1.8971
1.89903
1.90064
1.90198
1.90301
1.90357
1.90342
1.90225
1.89971
1.89547
1.8892
1.88067
1.86975
1.85648
1.84115
1.8244
1.80737
1.79194
1.78073
1.7761
1.77869
1.78672
1.79708
1.80705
1.81522
1.82139
1.82598
1.82961
1.83279
1.83583
1.80278
1.80565
1.80838
1.81088
1.81315
1.81526
1.81732
1.81948
1.82179
1.82421
1.82657
1.82861
1.83005
1.83065
1.83026
1.82881
1.82634
1.82293
1.81873
1.81391
1.80869
1.80329
1.79792
1.79276
1.78789
1.78334
1.77914
1.77543
1.77254
1.77096
1.77114
1.7733
1.77733
1.78291
1.78964
1.79715
1.80506
1.81302
1.82062
1.82748
1.8333
1.83786
1.84103
1.84276
1.84304
1.84187
1.83923
1.83511
1.82946
1.82228
1.81359
1.80353
1.7924
1.78072
1.76924
1.75897
1.75096
1.74618
1.74527
1.74838
1.75515
1.76483
1.77639
1.78882
1.8012
1.81288
1.82343
1.83264
1.84047
1.84695
1.85218
1.85627
1.85932
1.86141
1.86262
1.863
1.86261
1.8615
1.85979
1.85762
1.85519
1.85276
1.85061
1.84897
1.84795
1.84748
1.84731
1.8471
1.84652
1.84535
1.8436
1.84151
1.83944
1.8378
1.83683
1.83656
1.83672
1.83688
1.83657
1.83537
1.83295
1.82908
1.82357
1.81625
1.80709
1.7964
1.78507
1.77466
1.76713
1.76416
1.76645
1.77333
1.78301
1.79326
1.80209
1.8082
1.81102
1.81077
1.80836
1.80535
1.80351
1.80419
1.80769
1.81313
1.81908
1.8243
1.82813
1.83058
1.83213
1.83339
1.83495
1.83714
1.84005
1.8435
1.84716
1.85065
1.85359
1.85571
1.85682
1.85686
1.85583
1.85383
1.85101
1.84759
1.84376
1.83973
1.83561
1.83146
1.82729
1.82307
1.81884
1.81468
1.81077
1.8073
1.80446
1.80236
1.80104
1.80049
1.80069
1.8016
1.8032
1.80544
1.80819
1.81127
1.81445
1.81749
1.82018
1.82237
1.82395
1.82489
1.82517
1.8248
1.8238
1.82217
1.81993
1.81708
1.81361
1.80955
1.80492
1.7998
1.79433
1.78874
1.78335
1.77853
1.7747
1.77213
1.77093
1.77097
1.77192
1.77331
1.77473
1.77586
1.77659
1.77707
1.7776
1.77864
1.78061
1.78375
1.78802
1.79308
1.79845
1.80356
1.808
1.81145
1.81378
1.81497
1.81511
1.81434
1.81284
1.81083
1.80849
1.80602
1.80357
1.80125
1.79914
1.79732
1.79584
1.79476
1.79411
1.79389
1.79402
1.79435
1.79463
1.79462
1.79412
1.793
1.79132
1.78926
1.78721
1.78561
1.78493
1.78546
1.78725
1.79003
1.7933
1.79647
1.79898
1.80036
1.80032
1.79865
1.79529
1.79027
1.78376
1.77614
1.76803
1.7603
1.75401
1.75015
1.74935
1.75167
1.75664
1.76345
1.7712
1.77907
1.78646
1.79292
1.79818
1.8021
1.80461
1.80574
1.80555
1.80419
1.80187
1.79887
1.79546
1.79191
1.78839
1.78493
1.7814
1.77756
1.77314
1.76794
1.76197
1.75544
1.7488
1.74272
1.73802
1.7356
1.73619
1.73995
1.74627
1.75388
1.76123
1.767
1.77046
1.77158
1.77096
1.76958
1.76841
1.76802
1.76839
1.76897
1.76899
1.76779
1.76507
1.76093
1.75596
1.75107
1.74732
1.74553
1.74603
1.74854
1.75236
1.75667
1.76078
1.76429
1.76701
1.76894
1.77015
1.77074
1.77079
1.77036
1.76949
1.76818
1.76643
1.76424
1.76163
1.75864
1.75539
1.75202
1.74874
1.74577
1.74331
1.74148
1.74031
1.73975
1.73967
1.73994
1.74043
1.74109
1.74187
1.74279
1.74385
1.74507
1.74644
1.7479
1.74939
1.7508
1.75197
1.75273
1.75284
1.75202
1.74993
1.74628
1.74086
1.73366
1.72507
1.71592
1.70737
1.70064
1.69663
1.69569
1.69766
1.70206
1.70819
1.71527
1.72257
1.72954
1.73586
1.7414
1.74616
1.7502
1.7536
1.75642
1.75874
1.7606
1.76206
1.7632
1.76408
1.76476
1.7653
1.76575
1.76616
1.76655
1.76696
1.76737
1.76781
1.76824
1.76865
1.76902
1.76932
1.76951
1.76957
1.76948
1.76921
1.76874
1.76805
1.76715
1.76603
1.7647
1.76318
1.76151
1.75971
1.75785
1.75598
1.75416
1.75244
1.75086
1.74945
1.74824
1.74721
1.74636
1.7457
1.74521
1.74493
1.7449
1.74517
1.74581
1.74688
1.74843
1.75046
1.75296
1.75585
1.75903
1.76236
1.7657
1.7689
1.77181
1.77432
1.77635
1.77784
1.77877
1.77916
1.77905
1.77854
1.77774
1.77678
1.77581
1.77498
1.77442
1.77421
1.7744
1.775
1.77596
1.77721
1.77864
1.78013
1.78159
1.7829
1.78398
1.78478
1.78524
1.78535
1.78509
1.78446
1.78348
1.78217
1.78054
1.77863
1.77648
1.77413
1.77168
1.76922
1.76691
1.76493
1.76348
1.76275
1.76289
1.764
1.76608
1.76904
1.77271
1.77684
1.78113
1.78525
1.78886
1.79157
1.793
1.79273
1.79036
1.78556
1.77821
1.7686
1.75768
1.747
1.73833
1.7329
1.73075
1.73081
1.73161
1.73191
1.731
1.72867
1.72508
1.72062
1.71584
1.71137
1.7078
1.70559
1.70497
1.70596
1.70839
1.712
1.71649
1.72156
1.72693
1.73232
1.7375
1.74226
1.74645
1.74996
1.75272
1.75468
1.7558
1.75602
1.75526
1.7534
1.75031
1.74587
1.7401
1.73325
1.72597
1.71929
1.71444
1.7124
1.71344
1.71693
1.72172
1.72656
1.73052
1.73311
1.73417
1.73378
1.73211
1.72942
1.72597
1.72204
1.71793
1.71393
1.71034
1.70739
1.70528
1.70416
1.70407
1.70499
1.70682
1.70942
1.71258
1.7161
1.71975
1.72335
1.72669
1.72964
1.73205
1.7338
1.7348
1.73501
1.73443
1.73314
1.73137
1.72946
1.7279
1.72717
1.72766
1.72953
1.73264
1.73656
1.74076
1.74469
1.74789
1.75
1.75079
1.75008
1.74776
1.74377
1.73814
1.73107
1.72295
1.71443
1.70634
1.69955
1.69476
1.69229
1.69207
1.6937
1.69668
1.70053
1.70492
1.70964
1.71457
1.71961
1.72463
1.72944
1.73371
1.73701
1.73889
1.73889
1.73664
1.73194
1.72479
1.71552
1.70483
1.69376
1.68361
1.67571
1.67114
1.67054
1.67403
1.68124
1.69137
1.70334
1.71591
1.72799
1.73876
1.74779
1.75491
1.76014
1.76355
1.7652
1.76508
1.76312
1.75926
1.75353
1.74615
1.73771
1.72918
1.7218
1.71675
1.71474
1.71587
1.71965
1.72533
1.73216
1.73943
1.7466
1.75324
1.75904
1.76384
1.76756
1.77026
1.77199
1.77285
1.77292
1.77228
1.77099
1.76915
1.76692
1.76459
1.76249
1.76096
1.76027
1.76051
1.76159
1.76332
1.7655
1.76797
1.77063
1.77339
1.77615
1.77877
1.78108
1.78289
1.78407
1.78451
1.78414
1.78297
1.78104
1.77843
1.77523
1.77157
1.7676
1.76346
1.75929
1.7552
1.75129
1.74762
1.74425
1.74134
1.73918
1.73833
1.73949
1.7433
1.74995
1.75898
1.76933
1.77975
1.78913
1.79671
1.80209
1.80515
1.80595
1.80463
1.80145
1.79674
1.79099
1.78488
1.77916
1.77461
1.77184
1.7711
1.7723
1.77503
1.7788
1.78313
1.78765
1.7921
1.79631
1.80015
1.80352
1.80637
1.80867
1.81041
1.81161
1.81231
1.81257
1.81245
1.81202
1.81132
1.81041
1.80931
1.80801
1.80649
1.80469
1.80255
1.8
1.79697
1.79346
1.78954
1.78538
1.78129
1.77763
1.77478
1.77303
1.77246
1.77294
1.77417
1.77574
1.77728
1.77852
1.77927
1.77951
1.77927
1.77871
1.77799
1.77736
1.77704
1.7772
1.77797
1.77934
1.78123
1.78346
1.7858
1.78804
1.78998
1.79148
1.79247
1.79292
1.79284
1.79229
1.79136
1.79016
1.78879
1.78737
1.78602
1.78481
1.78381
1.783
1.78238
1.78189
1.78144
1.78095
1.78035
1.77956
1.77854
1.77726
1.77569
1.77387
1.77182
1.7696
1.7673
1.76503
1.76292
1.7611
1.75967
1.75873
1.75831
1.75837
1.7588
1.75944
1.76005
1.76038
1.76015
1.75907
1.75691
1.75347
1.74872
1.74285
1.73637
1.7301
1.72507
1.72219
1.72193
1.7241
1.728
1.73272
1.73746
1.74167
1.74511
1.7477
1.74953
1.75071
1.7514
1.75173
1.75182
1.75175
1.75154
1.75119
1.75061
1.74971
1.74838
1.74651
1.74405
1.74101
1.73752
1.73384
1.73027
1.72715
1.7247
1.72297
1.72181
1.7209
1.71989
1.71853
1.71674
1.71465
1.7126
1.71105
1.71048
1.71123
1.71341
1.71683
1.72111
1.72575
1.73025
1.73426
1.73754
1.74
1.74169
1.74274
1.74335
1.74377
1.74428
1.74512
1.74648
1.74844
1.75096
1.75389
1.757
1.76002
1.76271
1.76483
1.76625
1.76689
1.76678
1.76606
1.76499
1.76387
1.76305
1.76271
1.76285
1.76322
1.76337
1.76279
1.76108
1.75808
1.754
1.74942
1.74524
1.74251
1.74212
1.7446
1.7499
1.75754
1.76672
1.77659
1.78638
1.79552
1.80361
1.81042
1.81585
1.81989
1.82256
1.8239
1.82393
1.82268
1.82014
1.81635
1.81143
1.8057
1.7998
1.79466
1.7914
1.79093
1.79356
1.79883
1.80576
1.81321
1.82029
1.82643
1.83137
1.83505
1.83752
1.83886
1.83913
1.83847
1.83702
1.835
1.83273
1.83056
1.82886
1.82795
1.82802
1.82911
1.8311
1.83369
1.83643
1.8388
1.84026
1.84043
1.83908
1.83626
1.83222
1.82737
1.82217
1.81702
1.81217
1.8077
1.80362
1.80012
1.79778
1.79759
1.80065
1.80741
1.81722
1.82852
1.83951
1.8488
1.85563
1.85977
1.86133
1.86058
1.85787
1.85361
1.84828
1.84247
1.83683
1.83203
1.82858
1.82675
1.82645
1.82732
1.82885
1.83051
1.83187
1.83263
1.83266
1.8319
1.83038
1.82817
1.82536
1.82208
1.81844
1.8146
1.81076
1.80718
1.8041
1.80177
1.80031
1.79968
1.79965
1.79982
1.7997
1.79879
1.79666
1.79301
1.78772
1.78088
1.77287
1.76433
1.7562
1.74952
1.74519
1.74378
1.74533
1.74934
1.75501
1.76141
1.76769
1.77327
1.77782
1.78125
1.78366
1.78525
1.78627
1.78694
1.78745
1.78791
1.78838
1.78884
1.78926
1.78957
1.78969
1.78957
1.78918
1.78849
1.78751
1.78627
1.78481
1.78319
1.78147
1.7797
1.77796
1.7763
1.77477
1.77339
1.77219
1.77118
1.77037
1.76975
1.76931
1.76904
1.76894
1.76899
1.76916
1.76943
1.76974
1.77004
1.77024
1.77027
1.77
1.76935
1.7682
1.76647
1.7641
1.76111
1.75757
1.75367
1.74966
1.74591
1.74276
1.74046
1.7391
1.73856
1.73857
1.73873
1.73867
1.73802
1.73652
1.73399
1.73036
1.7257
1.72026
1.71455
1.70927
1.70522
1.70301
1.70287
1.70455
1.70742
1.71075
1.71395
1.71666
1.71874
1.72024
1.72128
1.72199
1.72248
1.72285
1.72314
1.72336
1.72354
1.72367
1.72373
1.72372
1.72363
1.72343
1.7231
1.72262
1.72198
1.72117
1.72021
1.71915
1.71805
1.71701
1.71612
1.71547
1.71508
1.71496
1.71502
1.71516
1.71524
1.7151
1.71463
1.71373
1.71232
1.71038
1.70791
1.70497
1.70167
1.69818
1.69471
1.69151
1.68884
1.6869
1.68582
1.68559
1.68611
1.68719
1.68861
1.69017
1.69171
1.69312
1.69435
1.69537
1.69619
1.69685
1.69736
1.69777
1.6981
1.69837
1.69858
1.69875
1.69888
1.69895
1.69897
1.69893
1.69882
1.69864
1.6984
1.6981
1.69774
1.69733
1.6969
1.69644
1.69598
1.69553
1.69511
1.69475
1.69447
1.69431
1.6943
1.69447
1.69485
1.69548
1.69637
1.69752
1.69893
1.70056
1.70239
1.70436
1.70643
1.70854
1.71063
1.71266
1.71459
1.71637
1.71798
1.71938
1.72055
1.72147
1.7221
1.72242
1.72239
1.72197
1.72112
1.71978
1.71791
1.71549
1.71253
1.70911
1.70541
1.70172
1.69841
1.6959
1.69454
1.69451
1.69576
1.698
1.70083
1.70383
1.70666
1.70907
1.71098
1.71238
1.71331
1.71388
1.71416
1.71422
1.7141
1.71378
1.71327
1.71256
1.71169
1.71082
1.71016
1.71002
1.71071
1.71243
1.71522
1.71891
1.72318
1.72764
1.73191
1.73572
1.73889
1.74135
1.7431
1.74416
1.74457
1.74435
1.74351
1.74202
1.73986
1.73701
1.73353
1.72956
1.72534
1.72117
1.71746
1.7146
1.71292
1.71257
1.71349
1.71542
1.71801
1.72092
1.72393
1.72696
1.73004
1.73326
1.73668
1.74033
1.74421
1.74822
1.75229
1.75632
1.76023
1.76395
1.76744
1.7707
1.77372
1.77651
1.77909
1.78147
1.78366
1.78566
1.78743
1.78893
1.7901
1.79083
1.791
1.79045
1.78901
1.78651
1.78281
1.77786
1.77176
1.76477
1.75739
1.75028
1.74414
1.73963
1.73721
1.7371
1.73924
1.74331
1.74875
1.75484
1.76071
1.76548
1.76831
1.76842
1.76526
1.75866
1.74918
1.73836
1.7285
1.72202
1.72044
1.72379
1.73091
1.74016
1.75011
1.75968
1.76814
1.775
1.77988
1.78259
1.78306
1.78141
1.77787
1.77284
1.76684
1.76058
1.75485
1.75053
1.74838
1.74886
1.75193
1.75706
1.76339
1.76999
1.77609
1.78123
1.7852
1.78803
1.78988
1.79096
1.79154
1.79184
1.79207
1.79241
1.79294
1.79369
1.79464
1.7957
1.79674
1.79763
1.79825
1.79849
1.79825
1.79747
1.79611
1.79416
1.79161
1.78845
1.78466
1.78018
1.77488
1.76855
1.76094
1.75191
1.74167
1.73109
1.7218
1.71588
1.7149
1.71919
1.72761
1.73832
1.74953
1.75998
1.76898
1.77628
1.7819
1.78603
1.78892
1.79085
1.79207
1.7928
1.79323
1.7935
1.7937
1.79391
1.79415
1.79445
1.79479
1.79513
1.79543
1.79563
1.79563
1.79536
1.7947
1.79352
1.79169
1.78907
1.7855
1.78087
1.77512
1.76831
1.76067
1.75265
1.74496
1.73845
1.734
1.73222
1.73325
1.73673
1.74194
1.74806
1.75436
1.76038
1.76587
1.77074
1.77498
1.77861
1.78163
1.78404
1.78585
1.78706
1.78771
1.78781
1.78739
1.7865
1.78516
1.78338
1.78116
1.77846
1.77521
1.77132
1.76675
1.76157
1.75614
1.75113
1.74753
1.74638
1.74829
1.75321
1.76031
1.76837
1.77613
1.78264
1.7873
1.78987
1.79042
1.78929
1.78705
1.78446
1.7823
1.78118
1.78133
1.78259
1.78447
1.78645
1.78814
1.78943
1.79043
1.79138
1.79253
1.79404
1.7959
1.79797
1.80005
1.80193
1.80348
1.80465
1.80548
1.80605
1.80645
1.80673
1.80695
1.80708
1.80715
1.80716
1.8072
1.80735
1.80775
1.80849
1.8096
1.81105
1.81272
1.81441
1.81591
1.817
1.81754
1.81746
1.81677
1.81561
1.81415
1.8126
1.81109
1.80965
1.80816
1.80636
1.80391
1.80045
1.79574
1.78982
1.78316
1.77674
1.77194
1.77013
1.77215
1.77783
1.78608
1.79531
1.80401
1.81103
1.81574
1.81793
1.8177
1.81531
1.81118
1.80579
1.79971
1.79355
1.78794
1.78345
1.78051
1.77933
1.77987
1.78186
1.78489
1.78846
1.79212
1.7955
1.79833
1.8005
1.80197
1.80281
1.80314
1.80312
1.8029
1.8026
1.8023
1.80203
1.80177
1.80149
1.80111
1.80059
1.79987
1.79893
1.79773
1.79626
1.79451
1.79249
1.7902
1.78766
1.78488
1.78191
1.7788
1.77561
1.77244
1.76938
1.76653
1.76398
1.76183
1.76014
1.75895
1.75826
1.75806
1.75829
1.7589
1.75981
1.76095
1.76225
1.76367
1.76515
1.76666
1.76818
1.76968
1.77113
1.77251
1.77377
1.77489
1.7758
1.77645
1.77677
1.77669
1.77612
1.77499
1.77323
1.77079
1.76768
1.76399
1.75992
1.75577
1.75193
1.7488
1.74668
1.74568
1.7457
1.74648
1.74767
1.74896
1.75013
1.75107
1.75173
1.75216
1.7524
1.75248
1.75243
1.75224
1.75188
1.75133
1.75058
1.74963
1.74857
1.74752
1.74665
1.74615
1.74616
1.74673
1.74778
1.74913
1.75051
1.7516
1.75213
1.75185
1.75057
1.74815
1.74447
1.73947
1.73315
1.7256
1.71706
1.70804
1.6993
1.6918
1.68654
1.68426
1.6852
1.68904
1.69504
1.70228
1.70995
1.71743
1.72435
1.73053
1.73594
1.74063
1.74466
1.74811
1.75103
1.75347
1.75544
1.75696
1.75805
1.75873
1.75903
1.75897
1.75861
1.75799
1.75714
1.75611
1.75493
1.75364
1.75227
1.75085
1.7494
1.74794
1.74647
1.74502
1.74358
1.74215
1.74073
1.73931
1.73788
1.73643
1.73495
1.73343
1.73185
1.73021
1.72851
1.72675
1.72496
1.72315
1.72136
1.71964
1.71806
1.71665
1.71548
1.71459
1.71401
1.71375
1.71383
1.71423
1.71493
1.71591
1.71714
1.7186
1.72026
1.72207
1.72399
1.72596
1.72794
1.72987
1.73169
1.73335
1.73483
1.7361
1.73715
1.73796
1.73853
1.73886
1.73894
1.73875
1.73826
1.73744
1.73625
1.73465
1.73262
1.73016
1.7273
1.72415
1.72088
1.71775
1.71505
1.7131
1.71218
1.71245
1.71393
1.71652
1.71997
1.72398
1.72825
1.7325
1.73653
1.74021
1.74345
1.74622
1.74852
1.75034
1.7517
1.75259
1.75302
1.75297
1.75243
1.7514
1.74988
1.74788
1.74545
1.74265
1.7396
1.73644
1.73336
1.73056
1.72831
1.72681
1.72625
1.72668
1.728
1.72994
1.73211
1.73405
1.73533
1.73564
1.73481
1.73283
1.72993
1.72649
1.72308
1.72035
1.71894
1.71935
1.72182
1.7263
1.73243
1.73969
1.74746
1.75518
1.7624
1.76883
1.77428
1.7787
1.7821
1.78451
1.78602
1.78668
1.78657
1.78573
1.7842
1.78203
1.77927
1.77598
1.77224
1.76815
1.76379
1.75924
1.75461
1.75008
1.74609
1.74328
1.74241
1.74404
1.74819
1.75424
1.76115
1.76783
1.77345
1.77748
1.77971
1.78013
1.77882
1.77598
1.77186
1.76681
1.76125
1.7556
1.75026
1.74547
1.74135
1.73789
1.73514
1.73322
1.73238
1.73287
1.73482
1.73811
1.74243
1.74731
1.75233
1.75717
1.76167
1.76577
1.76949
1.7729
1.77603
1.77891
1.78153
1.78388
1.78591
1.78758
1.78883
1.78962
1.7899
1.78961
1.78874
1.78724
1.7851
1.78234
1.77901
1.77523
1.77118
1.76711
1.76332
1.76011
1.75778
1.75651
1.75636
1.75721
1.75885
1.76095
1.76315
1.76515
1.7667
1.76767
1.76803
1.76781
1.76711
1.76601
1.76461
1.763
1.76122
1.75932
1.75735
1.7554
1.75356
1.75196
1.7507
1.74989
1.74957
1.74976
1.75039
1.7514
1.75267
1.7541
1.75559
1.75703
1.75835
1.75948
1.76038
1.76105
1.76152
1.76182
1.76203
1.76221
1.76236
1.76247
1.76243
1.76209
1.76124
1.75964
1.75707
1.75334
1.74841
1.74245
1.73592
1.72963
1.72461
1.72177
1.72156
1.7237
1.72736
1.73146
1.73505
1.73756
1.73882
1.73897
1.73836
1.73742
1.73656
1.73612
1.73628
1.73709
1.7385
1.74034
1.74242
1.74454
1.74651
1.7482
1.74952
1.7504
1.75084
1.75085
1.75047
1.74977
1.7488
1.74764
1.74636
1.74501
1.74364
1.7423
1.741
1.73978
1.73864
1.73758
1.73662
1.73576
1.735
1.73435
1.73379
1.73333
1.73295
1.73262
1.7323
1.73193
1.73147
1.73084
1.72998
1.72884
1.72742
1.72573
1.72385
1.72188
1.71996
1.71821
1.71671
1.71551
1.71457
1.71382
1.71316
1.71249
1.71172
1.71079
1.70969
1.70845
1.70709
1.7057
1.70435
1.70314
1.70216
1.7015
1.70122
1.70136
1.70197
1.70305
1.70456
1.70646
1.70866
1.71108
1.71359
1.71608
1.71845
1.72058
1.72241
1.72385
1.72484
1.72536
1.72536
1.72485
1.72384
1.72241
1.72064
1.71868
1.7167
1.71488
1.71336
1.71221
1.71141
1.71086
1.71037
1.70977
1.70892
1.70776
1.7064
1.70502
1.70387
1.70315
1.70292
1.70307
1.70336
1.70353
1.70338
1.70278
1.70169
1.7
1.69747
1.69372
1.68843
1.68177
1.67476
1.6694
1.66798
1.67174
1.68002
1.6907
1.70142
1.7106
1.71764
1.80456
1.8077
1.8096
1.81065
1.81114
1.81126
1.81116
1.81094
1.81067
1.81045
1.81033
1.81038
1.8106
1.81098
1.81149
1.81208
1.81273
1.81348
1.8144
1.81559
1.81715
1.81909
1.82135
1.82377
1.82614
1.8282
1.82974
1.83058
1.83063
1.82988
1.82838
1.82627
1.82374
1.82102
1.81834
1.8159
1.81383
1.81217
1.81086
1.80977
1.80869
1.80741
1.80576
1.80364
1.80108
1.7983
1.79563
1.79353
1.79243
1.79259
1.79404
1.79659
1.79987
1.8035
1.80711
1.81038
1.81307
1.81493
1.8158
1.81563
1.81448
1.81259
1.81037
1.80822
1.80653
1.80546
1.80507
1.80528
1.80604
1.80737
1.80932
1.81192
1.81508
1.81859
1.82218
1.82558
1.82859
1.83107
1.83299
1.83438
1.83529
1.83579
1.83592
1.83571
1.83515
1.83418
1.83271
1.83063
1.82786
1.82432
1.82003
1.81517
1.81008
1.80533
1.80155
1.79933
1.79898
1.80041
1.80323
1.80684
1.81069
1.81435
1.8176
1.82033
1.82254
1.82428
1.8256
1.82655
1.82715
1.82741
1.82732
1.82687
1.82601
1.8247
1.82284
1.82035
1.81709
1.81292
1.80766
1.80118
1.79349
1.78479
1.77567
1.76706
1.76012
1.75571
1.75397
1.75414
1.75488
1.75492
1.75364
1.75135
1.74924
1.74888
1.75141
1.75693
1.76452
1.77283
1.78065
1.78728
1.79252
1.79646
1.79936
1.80149
1.80311
1.80443
1.80558
1.80665
1.80767
1.8086
1.80942
1.81008
1.81054
1.81078
1.81077
1.81051
1.80996
1.80909
1.80784
1.80618
1.80415
1.80188
1.79965
1.79785
1.79692
1.7972
1.79882
1.80156
1.80499
1.80852
1.81158
1.81368
1.81448
1.81374
1.81132
1.80722
1.80153
1.79455
1.78679
1.779
1.77209
1.76696
1.76426
1.76423
1.76661
1.77074
1.77578
1.78091
1.7855
1.7892
1.79193
1.79384
1.79522
1.79639
1.79765
1.79925
1.8013
1.80385
1.80686
1.81025
1.81392
1.81773
1.82158
1.82535
1.82894
1.83227
1.83523
1.83774
1.83969
1.84098
1.84152
1.84123
1.84003
1.83791
1.83487
1.83096
1.82623
1.82079
1.81477
1.80846
1.80231
1.79704
1.79352
1.79253
1.79447
1.79922
1.80614
1.81441
1.82322
1.83193
1.84014
1.84761
1.85425
1.86007
1.8651
1.86944
1.87316
1.87635
1.8791
1.88147
1.88351
1.88525
1.8867
1.88782
1.88856
1.88882
1.88846
1.88735
1.88531
1.88226
1.87821
1.8734
1.86828
1.86352
1.8598
1.85757
1.85684
1.85719
1.85798
1.85859
1.85853
1.8575
1.85536
1.85207
1.84781
1.84298
1.83816
1.83404
1.83118
1.82985
1.83
1.83136
1.83361
1.83648
1.8398
1.84352
1.8476
1.85198
1.85652
1.86103
1.8653
1.8691
1.87225
1.87464
1.8762
1.87691
1.87681
1.87594
1.87441
1.87232
1.86982
1.86704
1.86416
1.86136
1.85879
1.85661
1.85491
1.85377
1.85319
1.85312
1.8535
1.85419
1.85509
1.85606
1.857
1.85782
1.85848
1.85895
1.85921
1.85929
1.85923
1.85905
1.85881
1.85855
1.85829
1.85805
1.85783
1.85761
1.85738
1.85709
1.85669
1.85614
1.85538
1.85437
1.85302
1.85128
1.84906
1.84626
1.84278
1.83849
1.83331
1.82716
1.82009
1.81222
1.80388
1.79559
1.78807
1.78214
1.77855
1.77786
1.78022
1.78533
1.79254
1.801
1.80982
1.81826
1.82578
1.83204
1.83692
1.84039
1.84255
1.84352
1.84346
1.84251
1.84084
1.83859
1.83591
1.83297
1.82995
1.82701
1.82434
1.82212
1.82046
1.81944
1.81906
1.81925
1.81989
1.82085
1.822
1.82323
1.82446
1.82563
1.82672
1.82769
1.82856
1.82929
1.8299
1.83036
1.83067
1.83083
1.83081
1.83061
1.83024
1.8297
1.82902
1.82825
1.82746
1.82673
1.82616
1.82585
1.82589
1.82633
1.82717
1.82838
1.82985
1.83143
1.83296
1.83423
1.83506
1.83525
1.83465
1.83311
1.83058
1.82711
1.82286
1.8182
1.81363
1.80977
1.80717
1.80621
1.80698
1.80927
1.81268
1.8168
1.82123
1.82572
1.8301
1.83426
1.83815
1.84173
1.84494
1.84775
1.8501
1.85197
1.85335
1.85427
1.85479
1.85502
1.85509
1.85515
1.85534
1.85578
1.85654
1.85759
1.8588
1.85998
1.86084
1.86113
1.86063
1.85921
1.85687
1.85378
1.85023
1.84667
1.84356
1.84131
1.84018
1.84024
1.84141
1.84346
1.84614
1.84921
1.85247
1.85575
1.85892
1.86189
1.86459
1.867
1.8691
1.8709
1.87242
1.8737
1.87478
1.87569
1.87648
1.87718
1.87782
1.87842
1.879
1.87954
1.88004
1.88047
1.8808
1.88099
1.88101
1.8808
1.88034
1.87959
1.87855
1.87721
1.87561
1.87379
1.87186
1.86993
1.86814
1.86665
1.86561
1.86514
1.8653
1.86609
1.86744
1.86919
1.87118
1.87322
1.87513
1.87676
1.87803
1.87889
1.87932
1.87938
1.87913
1.87867
1.8781
1.87751
1.87697
1.8765
1.87612
1.8758
1.87552
1.87523
1.87489
1.87447
1.87393
1.87323
1.87232
1.87111
1.86951
1.86743
1.86479
1.86161
1.85802
1.85439
1.85126
1.84927
1.84902
1.85079
1.85443
1.85941
1.86495
1.87033
1.87492
1.87828
1.88015
1.88036
1.87881
1.87552
1.87067
1.86467
1.85824
1.85237
1.84803
1.84587
1.84595
1.84771
1.85029
1.8529
1.85501
1.85644
1.85727
1.8577
1.85796
1.85821
1.85856
1.85902
1.85955
1.8601
1.8606
1.86102
1.86132
1.8615
1.8616
1.86161
1.86158
1.86151
1.86143
1.86133
1.86122
1.86109
1.86093
1.86071
1.86042
1.86003
1.85953
1.85887
1.85803
1.85698
1.85568
1.85408
1.85215
1.84982
1.84705
1.84381
1.84008
1.83593
1.83152
1.82716
1.82327
1.82038
1.81892
1.81913
1.82094
1.82398
1.82772
1.83162
1.83526
1.83836
1.8408
1.84255
1.84365
1.84414
1.84411
1.84361
1.84271
1.8415
1.84008
1.83855
1.83704
1.83571
1.83468
1.83406
1.83392
1.83426
1.83505
1.83619
1.83756
1.83903
1.84047
1.84175
1.84279
1.84349
1.8438
1.8437
1.84318
1.84227
1.84105
1.83963
1.83818
1.83688
1.8359
1.83541
1.83548
1.8361
1.83719
1.8386
1.84015
1.84166
1.84295
1.84391
1.84443
1.84443
1.84385
1.84265
1.8408
1.8383
1.83518
1.83155
1.82759
1.82359
1.81992
1.81697
1.81513
1.81465
1.81561
1.81786
1.82113
1.82508
1.82935
1.83366
1.83779
1.84162
1.84506
1.84808
1.85068
1.85285
1.85459
1.85591
1.8568
1.85724
1.85722
1.85672
1.85573
1.85428
1.8524
1.85019
1.84779
1.84538
1.84317
1.84135
1.84004
1.83926
1.83892
1.83886
1.8389
1.83893
1.83892
1.83893
1.83906
1.83943
1.84007
1.84095
1.84195
1.84292
1.84374
1.84429
1.84448
1.8443
1.84374
1.84282
1.84158
1.84008
1.83833
1.83639
1.83428
1.83206
1.82985
1.82784
1.82625
1.82534
1.82532
1.8263
1.82827
1.83107
1.83445
1.83804
1.84151
1.84454
1.84693
1.84858
1.84948
1.84966
1.84915
1.84797
1.84614
1.8438
1.84118
1.83869
1.83681
1.83597
1.83642
1.83811
1.84076
1.844
1.84749
1.85104
1.85456
1.85808
1.86164
1.86531
1.86909
1.87297
1.87686
1.88068
1.88427
1.88747
1.89007
1.89184
1.8925
1.89173
1.8892
1.88463
1.87792
1.86934
1.85973
1.85044
1.84305
1.83872
1.83766
1.83916
1.84221
1.84604
1.85038
1.85539
1.86128
1.86812
1.87569
1.88355
1.8912
1.89821
1.90427
1.90922
1.913
1.91562
1.91709
1.91742
1.91662
1.91471
1.91172
1.90777
1.90308
1.89805
1.89325
1.88936
1.88702
1.88669
1.88845
1.89203
1.89686
1.90229
1.90773
1.91275
1.91707
1.92057
1.92322
1.92504
1.92609
1.92645
1.92621
1.92546
1.92431
1.92285
1.92119
1.91943
1.91764
1.91588
1.91417
1.91249
1.91078
1.90896
1.90694
1.90467
1.90219
1.89969
1.89757
1.89637
1.89667
1.89885
1.9029
1.90832
1.91434
1.92004
1.92468
1.92774
1.929
1.92848
1.92641
1.92319
1.9193
1.91532
1.91179
1.90914
1.90765
1.90738
1.90822
1.90987
1.91196
1.91412
1.91599
1.91731
1.91785
1.91748
1.9161
1.91366
1.91016
1.90564
1.90022
1.89414
1.88778
1.88167
1.87643
1.87259
1.87047
1.87
1.87077
1.8721
1.87332
1.87386
1.87339
1.87189
1.86953
1.86663
1.86355
1.86055
1.85774
1.85504
1.85228
1.84928
1.84597
1.8425
1.83921
1.8366
1.83518
1.83523
1.83676
1.83945
1.84274
1.84601
1.84868
1.85031
1.85065
1.84963
1.84738
1.84422
1.84059
1.83701
1.83395
1.83169
1.83029
1.82959
1.82928
1.82903
1.82858
1.82778
1.82658
1.82502
1.8232
1.8212
1.81913
1.81707
1.81509
1.81324
1.81157
1.81015
1.80905
1.80837
1.80819
1.8086
1.80966
1.81137
1.81366
1.81643
1.81952
1.82276
1.82599
1.82902
1.83171
1.8339
1.83541
1.83603
1.83551
1.83351
1.82968
1.82372
1.81552
1.80548
1.79476
1.78529
1.77919
1.7778
1.78091
1.78697
1.79406
1.80071
1.80619
1.81031
1.81318
1.815
1.81593
1.81607
1.81547
1.81413
1.81211
1.80951
1.80659
1.80377
1.8016
1.8007
1.80156
1.80431
1.80873
1.81423
1.82009
1.82564
1.83037
1.83399
1.83636
1.83748
1.83744
1.83639
1.83455
1.83218
1.82958
1.82707
1.82497
1.82354
1.82298
1.82335
1.82463
1.8267
1.82938
1.83243
1.83559
1.83863
1.84135
1.84357
1.84521
1.84622
1.84661
1.84645
1.84584
1.8449
1.84374
1.84248
1.8412
1.83999
1.83894
1.83818
1.83786
1.83821
1.83941
1.84159
1.84469
1.84848
1.8525
1.8562
1.85899
1.8603
1.85971
1.85693
1.852
1.84538
1.83808
1.83161
1.82744
1.82638
1.82815
1.83152
1.83495
1.83717
1.8375
1.83576
1.83215
1.82722
1.82176
1.81681
1.81345
1.8125
1.81424
1.81826
1.82369
1.82952
1.83498
1.83956
1.84306
1.84547
1.8469
1.84747
1.84732
1.84658
1.84536
1.84374
1.84183
1.83972
1.83752
1.83533
1.83329
1.8315
1.83009
1.82914
1.82872
1.82885
1.82951
1.8306
1.83198
1.83346
1.83481
1.83578
1.83611
1.83559
1.83405
1.83147
1.828
1.82403
1.82018
1.81717
1.81562
1.81582
1.81759
1.82036
1.82342
1.82611
1.82798
1.82874
1.82826
1.82651
1.82345
1.81908
1.81341
1.80655
1.79873
1.79047
1.78251
1.77585
1.77146
1.76999
1.77155
1.77565
1.7814
1.78777
1.79388
1.79913
1.80321
1.80603
1.80766
1.80826
1.80804
1.80726
1.80614
1.80492
1.80377
1.80285
1.80225
1.802
1.80208
1.80243
1.80297
1.80363
1.80434
1.80503
1.80566
1.80621
1.80664
1.80697
1.80716
1.80724
1.80719
1.80703
1.80675
1.80637
1.8059
1.80536
1.80475
1.80411
1.80346
1.80284
1.80229
1.80185
1.80158
1.80157
1.80189
1.80263
1.80385
1.80561
1.8079
1.81067
1.81382
1.81721
1.82069
1.82411
1.82734
1.8303
1.83294
1.83527
1.8373
1.83909
1.8407
1.84222
1.8437
1.84521
1.84679
1.84844
1.85017
1.85196
1.85378
1.85559
1.85736
1.85907
1.8607
1.86224
1.86371
1.86511
1.86646
1.86778
1.86909
1.87037
1.87163
1.87282
1.87387
1.87468
1.87514
1.87507
1.87431
1.87266
1.86997
1.86616
1.86133
1.8558
1.85024
1.84554
1.84271
1.84248
1.8451
1.85024
1.85713
1.8649
1.87274
1.88003
1.88636
1.89146
1.89525
1.89774
1.89913
1.8998
1.90022
1.90098
1.9026
1.90539
1.9094
1.91439
1.91996
1.92559
1.93083
1.93528
1.93866
1.94072
1.94129
1.94022
1.9374
1.9328
1.92645
1.91855
1.90949
1.89994
1.89083
1.88326
1.87825
1.87638
1.87759
1.88121
1.88626
1.89175
1.89703
1.90175
1.90591
1.90961
1.91298
1.91604
1.91873
1.92086
1.92228
1.92285
1.92254
1.92139
1.91957
1.91727
1.91474
1.91222
1.9099
1.90792
1.90632
1.90509
1.90416
1.90344
1.90281
1.90218
1.90148
1.90068
1.89977
1.89879
1.89779
1.89684
1.89596
1.89515
1.89431
1.89332
1.89199
1.89014
1.88757
1.88418
1.87993
1.87489
1.86928
1.86345
1.85785
1.85302
1.84941
1.84729
1.84669
1.84734
1.8488
1.85056
1.85222
1.85355
1.85454
1.85536
1.85628
1.85751
1.8592
1.86132
1.86374
1.86625
1.86865
1.87082
1.87266
1.87419
1.87547
1.87657
1.87762
1.87871
1.87991
1.88128
1.88282
1.8845
1.88624
1.88798
1.88962
1.89108
1.89229
1.89321
1.89378
1.89398
1.89378
1.89318
1.89213
1.89061
1.88858
1.88599
1.8828
1.87899
1.87459
1.86969
1.86451
1.85939
1.85482
1.85134
1.84945
1.84946
1.85134
1.85474
1.85906
1.86357
1.86761
1.87063
1.87227
1.87232
1.87078
1.86777
1.86363
1.85884
1.85402
1.84978
1.84662
1.8448
1.84434
1.84505
1.84669
1.84902
1.85184
1.85497
1.85823
1.86145
1.86447
1.86714
1.86936
1.8711
1.87236
1.8732
1.8737
1.87395
1.87405
1.87408
1.8741
1.87413
1.87416
1.87414
1.874
1.8736
1.87283
1.87156
1.86967
1.86707
1.86375
1.85979
1.85533
1.85066
1.84608
1.84193
1.83847
1.83587
1.83421
1.83349
1.83364
1.83456
1.83612
1.83814
1.84039
1.84267
1.84481
1.84669
1.84829
1.84961
1.85075
1.85175
1.85268
1.85351
1.85419
1.8546
1.85457
1.85395
1.8526
1.85048
1.84766
1.84439
1.8411
1.83835
1.83666
1.83638
1.83752
1.83979
1.84269
1.84567
1.84829
1.85031
1.85162
1.85227
1.85237
1.85209
1.85164
1.8512
1.85094
1.85097
1.85138
1.85214
1.85319
1.85437
1.85545
1.85611
1.85604
1.85488
1.85246
1.84886
1.84465
1.84091
1.839
1.84002
1.84418
1.85068
1.85811
1.86511
1.87077
1.87475
1.87709
1.8781
1.87814
1.87758
1.87675
1.87588
1.87515
1.87461
1.87429
1.87414
1.8741
1.87409
1.87411
1.87414
1.87424
1.8745
1.87503
1.87588
1.87705
1.87847
1.87994
1.8812
1.88197
1.88198
1.88101
1.87896
1.87583
1.87178
1.86708
1.86213
1.85743
1.85345
1.85059
1.84911
1.84905
1.85026
1.85246
1.85527
1.85835
1.8614
1.86423
1.8667
1.86878
1.87043
1.87168
1.87252
1.873
1.87312
1.87296
1.87259
1.87214
1.87174
1.87155
1.87167
1.87217
1.87303
1.87413
1.87533
1.87643
1.87724
1.87763
1.87751
1.87685
1.87566
1.87403
1.87203
1.86976
1.86731
1.86474
1.86212
1.85949
1.85696
1.85464
1.85272
1.8514
1.85087
1.85122
1.85241
1.85429
1.85659
1.85905
1.8614
1.86349
1.86521
1.86653
1.86747
1.86805
1.86831
1.86827
1.86794
1.86731
1.86639
1.86516
1.86366
1.86195
1.86015
1.85842
1.85698
1.85604
1.85577
1.85621
1.85732
1.8589
1.86068
1.86235
1.86365
1.86434
1.86429
1.86342
1.86171
1.85922
1.85609
1.85251
1.84872
1.84506
1.8419
1.83962
1.83855
1.83889
1.84066
1.84359
1.84727
1.85116
1.85476
1.85771
1.85982
1.86109
1.86165
1.86174
1.8616
1.86137
1.86106
1.86049
1.85933
1.85718
1.85369
1.84875
1.8426
1.83594
1.82986
1.82549
1.82367
1.82458
1.82783
1.83263
1.83819
1.84388
1.84922
1.85392
1.85779
1.86074
1.86271
1.86373
1.86383
1.86306
1.8615
1.85922
1.8563
1.85287
1.84908
1.84513
1.84126
1.83775
1.83488
1.83288
1.83188
1.83189
1.83275
1.83419
1.83584
1.8373
1.83819
1.83815
1.83687
1.8341
1.82963
1.82337
1.81543
1.80632
1.79711
1.78934
1.78467
1.78401
1.78705
1.79241
1.79843
1.80383
1.80805
1.81112
1.81336
1.81515
1.81681
1.81849
1.82022
1.82193
1.82348
1.82474
1.82555
1.8258
1.82537
1.82422
1.82236
1.8199
1.81715
1.81456
1.81274
1.8123
1.81362
1.81675
1.82136
1.82684
1.83255
1.83796
1.8427
1.84659
1.84956
1.85163
1.85283
1.85319
1.85273
1.85147
1.84941
1.84657
1.843
1.83877
1.83406
1.82906
1.82406
1.81936
1.81525
1.81199
1.80973
1.80846
1.80808
1.8083
1.80878
1.80911
1.80892
1.80799
1.80627
1.80397
1.80143
1.79907
1.79721
1.79604
1.79562
1.79594
1.79699
1.79872
1.80112
1.80414
1.80773
1.81182
1.8163
1.82102
1.82582
1.8305
1.83489
1.83886
1.84229
1.8451
1.84723
1.84868
1.84951
1.84979
1.84964
1.8492
1.84858
1.8479
1.84717
1.84636
1.84534
1.84393
1.8419
1.83908
1.83535
1.83076
1.82556
1.82014
1.81501
1.81055
1.8069
1.80383
1.80081
1.79735
1.79334
1.78938
1.78668
1.78653
1.78961
1.79569
1.80381
1.81279
1.82159
1.8294
1.83565
1.84002
1.84241
1.84297
1.84198
1.8399
1.83725
1.83455
1.83223
1.83059
1.82975
1.82964
1.83009
1.83085
1.83168
1.83238
1.83281
1.8329
1.83264
1.83208
1.8313
1.83041
1.8295
1.82866
1.82795
1.82741
1.82705
1.82687
1.82686
1.82704
1.82739
1.82792
1.82862
1.82948
1.83048
1.83159
1.83276
1.83395
1.83507
1.83601
1.8366
1.83657
1.83551
1.83281
1.82766
1.81907
1.80615
1.78888
1.76933
1.7524
1.74422
1.74789
1.76084
1.7773
1.79256
1.8047
1.81379
1.82063
1.82599
1.83037
1.83399
1.83692
1.83915
1.84065
1.84142
1.84142
1.84062
1.83899
1.83641
1.83271
1.82764
1.82088
1.81212
1.80123
1.7885
1.77491
1.76207
1.75185
1.74558
1.7436
1.74536
1.74993
1.75644
1.76405
1.77201
1.77969
1.78663
1.79263
1.79767
1.80183
1.80521
1.80793
1.81006
1.81167
1.8128
1.8135
1.81383
1.81381
1.81351
1.81297
1.81223
1.81134
1.81032
1.80922
1.80805
1.80685
1.80562
1.80439
1.80316
1.80195
1.80074
1.79954
1.79835
1.79715
1.79593
1.79468
1.7934
1.79207
1.79069
1.78927
1.78781
1.78633
1.78485
1.7834
1.78199
1.78064
1.77936
1.77816
1.77706
1.77611
1.77539
1.77504
1.77524
1.77617
1.778
1.78078
1.78443
1.78877
1.79348
1.79821
1.80256
1.80613
1.80848
1.80913
1.80752
1.80308
1.79552
1.78527
1.77406
1.765
1.76142
1.76481
1.77365
1.78454
1.79433
1.80131
1.80518
1.80643
1.80588
1.80433
1.80247
1.80081
1.79975
1.79954
1.80036
1.80228
1.80523
1.80905
1.81344
1.81806
1.82257
1.82667
1.83019
1.83301
1.83511
1.83652
1.83732
1.83758
1.83741
1.83688
1.83608
1.83507
1.83389
1.83259
1.83121
1.8298
1.82843
1.82717
1.82611
1.82537
1.82504
1.82522
1.82597
1.82729
1.82916
1.83148
1.8341
1.83688
1.83964
1.84226
1.84459
1.84657
1.84814
1.84927
1.84999
1.85031
1.85029
1.84998
1.84947
1.8488
1.84805
1.84725
1.84645
1.84567
1.84494
1.84429
1.84377
1.84344
1.84339
1.84367
1.84435
1.84543
1.8469
1.84865
1.85056
1.85247
1.85422
1.85567
1.85668
1.85717
1.85712
1.85653
1.85546
1.85402
1.85235
1.85062
1.849
1.84764
1.84663
1.84602
1.84581
1.84593
1.84631
1.84682
1.84735
1.8478
1.84806
1.84807
1.84775
1.84707
1.84601
1.84457
1.84278
1.84071
1.83842
1.83602
1.83361
1.83128
1.82912
1.82716
1.82546
1.82401
1.8228
1.82183
1.8211
1.82064
1.82047
1.82063
1.82109
1.82173
1.82232
1.8225
1.8219
1.82021
1.81738
1.81367
1.80973
1.8065
1.80488
1.80543
1.80819
1.8127
1.81821
1.824
1.82949
1.80443
1.80826
1.81113
1.81305
1.81404
1.81416
1.81345
1.81199
1.80983
1.80702
1.80363
1.79971
1.79535
1.79067
1.78578
1.78085
1.77603
1.77149
1.76738
1.76383
1.76096
1.75886
1.75761
1.75725
1.75778
1.75917
1.7613
1.76398
1.76703
1.7702
1.7733
1.7762
1.77882
1.78115
1.78322
1.78509
1.78681
1.78837
1.78971
1.79074
1.79129
1.79121
1.79035
1.78856
1.78578
1.78203
1.77743
1.77219
1.76661
1.76101
1.75569
1.7509
1.74687
1.74394
1.74248
1.74285
1.74517
1.7492
1.7544
1.76007
1.76564
1.77073
1.77517
1.77896
1.78217
1.78488
1.78717
1.78907
1.79059
1.7917
1.79236
1.79251
1.7921
1.79105
1.78932
1.78685
1.7836
1.77957
1.77477
1.7693
1.76328
1.75694
1.75065
1.74489
1.74031
1.73759
1.73729
1.73961
1.74427
1.75056
1.75755
1.76434
1.77025
1.77491
1.77821
1.78027
1.78131
1.78159
1.7813
1.78055
1.77939
1.77787
1.7761
1.77433
1.77293
1.77233
1.77291
1.77486
1.7781
1.78235
1.78711
1.7919
1.79627
1.79992
1.80269
1.80455
1.80559
1.80597
1.80587
1.80549
1.80502
1.80456
1.80417
1.80383
1.80345
1.80288
1.80194
1.80045
1.79828
1.79537
1.79182
1.78796
1.78437
1.78179
1.7809
1.78207
1.78516
1.78961
1.79469
1.79973
1.80429
1.80813
1.81114
1.81325
1.81433
1.81421
1.81268
1.80954
1.80479
1.79879
1.79251
1.78752
1.78558
1.78777
1.79386
1.80236
1.8113
1.81905
1.82467
1.82782
1.82853
1.82704
1.82363
1.81866
1.81255
1.8058
1.79902
1.79289
1.78802
1.78487
1.78369
1.78445
1.78689
1.79064
1.79523
1.80022
1.80521
1.80987
1.81395
1.81731
1.81988
1.82167
1.82273
1.82316
1.82308
1.82259
1.82179
1.82075
1.81948
1.81796
1.81614
1.81394
1.81127
1.80808
1.80433
1.80005
1.79539
1.79056
1.78586
1.78163
1.77816
1.77565
1.77417
1.77361
1.77381
1.77455
1.77561
1.77681
1.77801
1.77921
1.7805
1.78214
1.78438
1.78737
1.79106
1.79517
1.79924
1.80279
1.80538
1.80673
1.80667
1.80518
1.80234
1.79829
1.79329
1.78764
1.78173
1.77599
1.77091
1.76702
1.76477
1.76449
1.76627
1.76991
1.7749
1.78056
1.78614
1.791
1.79464
1.7968
1.79742
1.79664
1.79477
1.79224
1.78957
1.78725
1.78565
1.78494
1.78501
1.78552
1.78601
1.78598
1.78514
1.78352
1.78149
1.77977
1.77907
1.77987
1.7821
1.78517
1.78822
1.79034
1.79084
1.78927
1.78544
1.77939
1.7714
1.76197
1.75181
1.74179
1.73274
1.72531
1.71982
1.71627
1.71444
1.71413
1.71525
1.71786
1.72207
1.72789
1.73513
1.7434
1.75218
1.76089
1.76903
1.77619
1.78213
1.78676
1.79008
1.79222
1.79333
1.79362
1.79326
1.79244
1.79129
1.78991
1.78835
1.78662
1.78468
1.78249
1.77999
1.77713
1.77391
1.77034
1.7665
1.76252
1.75854
1.7548
1.75148
1.74881
1.74692
1.74591
1.74576
1.74635
1.7475
1.74899
1.75062
1.7522
1.75363
1.75488
1.75597
1.75698
1.75798
1.75903
1.76016
1.76135
1.76254
1.76363
1.76455
1.76519
1.76548
1.76537
1.76483
1.76386
1.76247
1.7607
1.75863
1.75638
1.75412
1.75204
1.75035
1.74926
1.74888
1.74928
1.75042
1.75215
1.75431
1.75672
1.7592
1.76164
1.76396
1.76611
1.7681
1.76992
1.7716
1.77316
1.77461
1.77598
1.77725
1.77842
1.77949
1.78044
1.78122
1.78183
1.78221
1.78232
1.78211
1.78153
1.78052
1.77903
1.77698
1.77435
1.77112
1.7673
1.76299
1.75832
1.75351
1.74886
1.7447
1.74135
1.73908
1.73806
1.73833
1.73978
1.74226
1.74554
1.74938
1.75357
1.75793
1.76226
1.7664
1.77021
1.77358
1.77642
1.77868
1.78037
1.78154
1.78226
1.78262
1.7827
1.78259
1.78235
1.78198
1.78146
1.78075
1.77974
1.77834
1.77645
1.77399
1.77092
1.76728
1.7632
1.75894
1.75483
1.75131
1.74879
1.74759
1.74784
1.74947
1.75221
1.75564
1.75936
1.76296
1.76616
1.76875
1.77062
1.7717
1.77196
1.77135
1.76985
1.76742
1.76402
1.75966
1.75437
1.74831
1.74176
1.73515
1.72905
1.72402
1.72057
1.71899
1.71933
1.72136
1.72468
1.72875
1.73304
1.73706
1.74043
1.74293
1.74446
1.74502
1.7447
1.74362
1.74195
1.73984
1.73744
1.73489
1.73229
1.72976
1.72738
1.72521
1.72329
1.72162
1.72019
1.71896
1.71795
1.71723
1.71694
1.71727
1.71841
1.72048
1.72349
1.72727
1.73156
1.73603
1.74039
1.74439
1.74787
1.75072
1.75291
1.75444
1.75531
1.75553
1.75512
1.75406
1.75237
1.75008
1.74725
1.74401
1.74055
1.7371
1.73392
1.73119
1.72898
1.72723
1.72574
1.72432
1.72283
1.72128
1.71987
1.71893
1.71884
1.71986
1.72205
1.72523
1.729
1.73288
1.73638
1.73916
1.74102
1.74194
1.74206
1.74161
1.74086
1.73998
1.73901
1.73781
1.73614
1.73374
1.73045
1.72635
1.72169
1.71677
1.71188
1.70727
1.70335
1.70088
1.70079
1.70371
1.70938
1.71675
1.72441
1.73124
1.73667
1.74062
1.74334
1.74518
1.74649
1.74751
1.7484
1.74924
1.75001
1.75069
1.7512
1.75148
1.75147
1.75111
1.75037
1.74926
1.74781
1.74612
1.74432
1.74255
1.74099
1.7398
1.7391
1.73894
1.73932
1.74014
1.74126
1.74248
1.74361
1.7445
1.74505
1.74521
1.74501
1.7445
1.74376
1.74285
1.74186
1.74083
1.73982
1.73891
1.73821
1.73785
1.738
1.73881
1.74032
1.74253
1.74529
1.74839
1.7516
1.7547
1.75751
1.75993
1.7619
1.76342
1.7645
1.76518
1.7655
1.76549
1.76518
1.76461
1.76379
1.76274
1.76147
1.76001
1.75837
1.75656
1.75462
1.75256
1.7504
1.74817
1.74587
1.74352
1.7411
1.73863
1.7361
1.73356
1.73109
1.7288
1.72686
1.72546
1.72478
1.72495
1.72601
1.7279
1.73044
1.73341
1.7365
1.73943
1.74193
1.74377
1.74478
1.74483
1.74388
1.74195
1.73916
1.73566
1.73171
1.72762
1.72369
1.72023
1.71749
1.71558
1.71449
1.71407
1.71403
1.71403
1.71368
1.71269
1.71087
1.70834
1.70559
1.7034
1.7027
1.70417
1.7079
1.71333
1.71955
1.72562
1.73088
1.73498
1.7379
1.73976
1.74078
1.74119
1.74121
1.74097
1.74059
1.74012
1.73958
1.73896
1.73824
1.7374
1.73641
1.73526
1.73394
1.73243
1.73072
1.72881
1.7267
1.72439
1.72191
1.7193
1.71665
1.71407
1.71173
1.70982
1.70855
1.70809
1.70857
1.70998
1.71221
1.71507
1.71828
1.72158
1.72476
1.72768
1.73025
1.73248
1.73438
1.73603
1.73749
1.73884
1.74013
1.74141
1.74274
1.74411
1.74556
1.74707
1.74864
1.75025
1.75188
1.7535
1.75509
1.7566
1.75799
1.75923
1.76027
1.76103
1.76147
1.76152
1.7611
1.76014
1.7586
1.75644
1.75368
1.75041
1.7468
1.74308
1.7396
1.73671
1.73478
1.73404
1.73461
1.73646
1.7394
1.74322
1.74764
1.75243
1.75735
1.76221
1.76684
1.77109
1.77491
1.77826
1.78117
1.78372
1.78599
1.7881
1.79012
1.79212
1.7941
1.79607
1.79797
1.79974
1.80133
1.80269
1.80376
1.8045
1.80488
1.80485
1.80436
1.80336
1.80179
1.79964
1.79696
1.79389
1.79066
1.78762
1.78518
1.78371
1.7835
1.78463
1.78692
1.78997
1.79327
1.79638
1.79908
1.80143
1.80379
1.80661
1.81029
1.81499
1.82056
1.82659
1.8326
1.83814
1.84289
1.84668
1.84945
1.85118
1.85188
1.85153
1.85012
1.84766
1.84425
1.84009
1.83554
1.83104
1.82708
1.824
1.82192
1.82064
1.81974
1.81866
1.81689
1.81406
1.80999
1.80473
1.79853
1.79176
1.78487
1.77826
1.77216
1.76655
1.76119
1.75566
1.74966
1.74335
1.73761
1.73407
1.73456
1.74008
1.75013
1.76292
1.77627
1.78847
1.79856
1.80627
1.8118
1.8156
1.81824
1.82032
1.82229
1.82444
1.82682
1.82928
1.83157
1.83341
1.83459
1.83496
1.83446
1.8331
1.83094
1.82807
1.82461
1.82071
1.81652
1.81222
1.80799
1.804
1.8004
1.79728
1.79468
1.7926
1.79096
1.78966
1.78858
1.78759
1.78657
1.78543
1.78412
1.78272
1.78139
1.78045
1.7803
1.78133
1.78378
1.78762
1.79256
1.79808
1.80364
1.80881
1.81329
1.81694
1.81977
1.82186
1.82332
1.82427
1.82485
1.82511
1.82512
1.82489
1.82438
1.82354
1.82229
1.82055
1.81825
1.81536
1.81189
1.80794
1.80372
1.79954
1.79579
1.79291
1.79125
1.79099
1.79205
1.79411
1.79669
1.79933
1.80169
1.8036
1.80514
1.80655
1.80815
1.81024
1.81299
1.81639
1.82024
1.82427
1.82816
1.83165
1.83456
1.83678
1.83825
1.83894
1.8388
1.8378
1.83584
1.83285
1.82884
1.82392
1.81844
1.81304
1.80861
1.80615
1.80655
1.81021
1.81692
1.82587
1.83586
1.84573
1.85455
1.86177
1.86715
1.87069
1.87255
1.87293
1.87209
1.87028
1.86774
1.86474
1.86151
1.8583
1.85534
1.85283
1.85091
1.84969
1.84919
1.8494
1.85023
1.85157
1.85328
1.85521
1.8572
1.85903
1.8605
1.86139
1.86146
1.86053
1.85849
1.85538
1.85139
1.84691
1.8425
1.83877
1.83622
1.83509
1.83525
1.83629
1.83759
1.83857
1.83866
1.83747
1.83466
1.83001
1.82334
1.81458
1.80386
1.79185
1.78012
1.77123
1.76806
1.7722
1.78275
1.79684
1.81123
1.82373
1.83344
1.84037
1.84496
1.84776
1.84925
1.84981
1.84971
1.84912
1.84815
1.84689
1.84538
1.8437
1.84189
1.84003
1.83817
1.83638
1.8347
1.83316
1.83176
1.83048
1.82931
1.82818
1.82703
1.82581
1.82442
1.8228
1.82088
1.81862
1.81599
1.81301
1.80974
1.80626
1.80267
1.79911
1.7957
1.79256
1.78976
1.78737
1.78538
1.78368
1.78214
1.78055
1.77871
1.77653
1.77398
1.77119
1.76838
1.76585
1.76386
1.76262
1.76225
1.76279
1.76423
1.76657
1.76974
1.77362
1.77795
1.7824
1.78657
1.79009
1.79268
1.79418
1.79451
1.79369
1.79182
1.78902
1.78549
1.78146
1.7772
1.77304
1.76928
1.7662
1.76396
1.76263
1.76214
1.76236
1.76312
1.76427
1.76565
1.76716
1.76866
1.77003
1.77117
1.77197
1.77238
1.77238
1.77202
1.77137
1.77058
1.7698
1.76917
1.76884
1.76886
1.76927
1.77002
1.77103
1.77222
1.77347
1.77472
1.77589
1.77694
1.77785
1.7786
1.77919
1.77963
1.77991
1.78003
1.78
1.77979
1.77938
1.77871
1.7777
1.77625
1.77423
1.77147
1.76782
1.76311
1.75722
1.75018
1.7422
1.73379
1.7259
1.71978
1.7168
1.71793
1.72327
1.73194
1.74233
1.75271
1.76163
1.76811
1.77158
1.77185
1.76903
1.76355
1.75622
1.74818
1.74064
1.73448
1.72994
1.72664
1.724
1.72181
1.72063
1.72165
1.72606
1.73424
1.74527
1.75725
1.76812
1.77634
1.78119
1.78266
1.78132
1.77807
1.77403
1.77018
1.76718
1.7652
1.76398
1.76312
1.76221
1.76103
1.75945
1.75741
1.75483
1.75164
1.74778
1.74329
1.73833
1.7332
1.72831
1.72413
1.72118
1.71989
1.72051
1.72305
1.72721
1.7324
1.73788
1.74292
1.74685
1.74918
1.74961
1.74806
1.74478
1.74039
1.73596
1.73279
1.73209
1.73447
1.73967
1.74677
1.75454
1.76198
1.76842
1.77359
1.77747
1.78021
1.782
1.78302
1.78346
1.78343
1.78306
1.7824
1.78151
1.78042
1.77915
1.77774
1.77622
1.77465
1.7731
1.7717
1.77056
1.76982
1.76958
1.76991
1.7708
1.77219
1.77395
1.77592
1.77794
1.77986
1.78155
1.78293
1.78393
1.78454
1.78475
1.78458
1.78407
1.78326
1.78219
1.7809
1.77942
1.77777
1.77595
1.77397
1.77183
1.76955
1.76718
1.76479
1.76253
1.76056
1.75908
1.75829
1.75838
1.75946
1.76156
1.76458
1.76831
1.77249
1.77681
1.78098
1.78479
1.78808
1.79079
1.79292
1.79452
1.79567
1.79647
1.79702
1.79744
1.79778
1.79811
1.79843
1.79871
1.7989
1.79891
1.79864
1.79798
1.79686
1.79524
1.79311
1.79055
1.78772
1.78483
1.78215
1.77993
1.77841
1.77771
1.77785
1.77871
1.7801
1.78177
1.78342
1.78476
1.78551
1.78537
1.78408
1.78146
1.77745
1.77226
1.76644
1.76098
1.75709
1.75579
1.7575
1.76175
1.76751
1.7736
1.77911
1.78351
1.78665
1.78859
1.78947
1.78951
1.78889
1.78777
1.78631
1.78462
1.78283
1.78101
1.77925
1.77761
1.77613
1.77482
1.77371
1.77282
1.77218
1.77185
1.77191
1.77243
1.7735
1.77513
1.77733
1.78002
1.78307
1.78635
1.78969
1.79297
1.79606
1.79889
1.80139
1.80355
1.80535
1.80679
1.80788
1.80864
1.80908
1.80921
1.80907
1.80865
1.80799
1.80711
1.80604
1.80481
1.80348
1.80213
1.80083
1.79969
1.79882
1.79833
1.79833
1.79889
1.80006
1.80182
1.80409
1.80672
1.80955
1.81235
1.81497
1.81731
1.81935
1.82117
1.82289
1.82464
1.82651
1.82848
1.83048
1.83236
1.83397
1.83519
1.83595
1.83621
1.83599
1.83529
1.83413
1.83249
1.83036
1.82769
1.82448
1.82076
1.81668
1.81246
1.80844
1.80503
1.8026
1.80139
1.80148
1.80271
1.80481
1.80736
1.80991
1.81196
1.81292
1.81212
1.80887
1.80275
1.79399
1.78408
1.77588
1.77268
1.77623
1.7855
1.79748
1.80911
1.81858
1.82546
1.8301
1.83316
1.83525
1.83686
1.83825
1.83955
1.84076
1.84185
1.84277
1.84346
1.84392
1.84416
1.84419
1.84406
1.8438
1.84345
1.84303
1.84255
1.842
1.84135
1.84056
1.8396
1.83839
1.8369
1.83506
1.83284
1.83019
1.8271
1.82354
1.81953
1.8151
1.81036
1.80546
1.80063
1.79615
1.79228
1.78926
1.78718
1.78599
1.78554
1.78562
1.78606
1.78672
1.78759
1.78877
1.79047
1.79295
1.79645
1.80101
1.80647
1.81239
1.81823
1.8234
1.82742
1.82997
1.83088
1.83014
1.82792
1.82455
1.82054
1.81649
1.81302
1.81061
1.80953
1.80975
1.8111
1.81327
1.81594
1.81879
1.82156
1.82402
1.82603
1.82752
1.82853
1.82916
1.82955
1.82986
1.83021
1.83068
1.83128
1.83195
1.83255
1.83295
1.83294
1.83234
1.83103
1.82894
1.82609
1.82265
1.81884
1.8149
1.81097
1.80705
1.80305
1.79894
1.79489
1.79131
1.78874
1.78761
1.78798
1.78946
1.79127
1.79245
1.79207
1.78943
1.78423
1.77679
1.76824
1.76036
1.75491
1.75272
1.75327
1.75524
1.75762
1.76055
1.76526
1.77309
1.78443
1.79836
1.81314
1.82707
1.83899
1.84844
1.85539
1.86011
1.86295
1.86424
1.86429
1.86333
1.86152
1.859
1.8559
1.85236
1.84858
1.84481
1.84135
1.83851
1.83654
1.83556
1.83552
1.8362
1.83731
1.83848
1.83941
1.83987
1.8397
1.83885
1.83733
1.83521
1.83263
1.82978
1.82686
1.82408
1.82164
1.81964
1.81815
1.81715
1.8166
1.8164
1.81651
1.81686
1.8174
1.81809
1.81888
1.8197
1.8205
1.82124
1.82189
1.82248
1.82303
1.8236
1.82424
1.82502
1.82598
1.82714
1.82848
1.82999
1.83161
1.83328
1.83494
1.8365
1.83792
1.83914
1.84014
1.84089
1.84141
1.84171
1.84182
1.8418
1.84167
1.84147
1.84119
1.84081
1.84027
1.83946
1.83827
1.83651
1.83401
1.83061
1.8262
1.82082
1.81471
1.80837
1.80252
1.79793
1.79518
1.79445
1.79545
1.79761
1.80032
1.8031
1.80569
1.80807
1.81035
1.81271
1.81531
1.81823
1.82142
1.8247
1.82781
1.83043
1.8322
1.83275
1.83171
1.82873
1.82354
1.8162
1.80728
1.79818
1.79093
1.78753
1.78883
1.79403
1.80115
1.8081
1.81346
1.81666
1.81774
1.81716
1.81555
1.81361
1.81197
1.81111
1.81122
1.81224
1.81385
1.81564
1.81721
1.81819
1.81836
1.81753
1.81563
1.81262
1.80857
1.80365
1.79823
1.79285
1.78821
1.78502
1.78375
1.78448
1.78688
1.79037
1.7943
1.79818
1.80169
1.80473
1.80728
1.80944
1.81128
1.8129
1.81436
1.81572
1.817
1.81823
1.81942
1.82057
1.82167
1.82272
1.82372
1.82464
1.82547
1.82618
1.82675
1.82714
1.82733
1.82729
1.82699
1.82645
1.82568
1.82472
1.82365
1.82256
1.82153
1.82062
1.81987
1.81924
1.81864
1.81793
1.81698
1.81564
1.81382
1.81151
1.80875
1.80564
1.80228
1.79872
1.79491
1.79064
1.78561
1.77953
1.7724
1.7647
1.75754
1.7524
1.75046
1.75199
1.75628
1.76225
1.76909
1.77652
1.78445
1.7927
1.80083
1.80829
1.81462
1.81955
1.82306
1.82525
1.8263
1.8264
1.82571
1.82433
1.82231
1.81966
1.81634
1.8123
1.80751
1.80197
1.79572
1.78895
1.78194
1.77519
1.76939
1.76539
1.76397
1.76555
1.76994
1.77637
1.78378
1.79114
1.79775
1.80325
1.80756
1.81079
1.81312
1.81474
1.81581
1.81649
1.81684
1.81691
1.81669
1.81611
1.81503
1.81324
1.81047
1.80638
1.80065
1.79312
1.78401
1.77426
1.76554
1.75988
1.7587
1.76197
1.76816
1.77513
1.78106
1.78488
1.78627
1.78533
1.78247
1.77823
1.77323
1.76815
1.76364
1.76029
1.75854
1.75864
1.76067
1.7645
1.76976
1.77594
1.78242
1.78863
1.79411
1.79857
1.80189
1.80408
1.80525
1.80557
1.80522
1.8044
1.80329
1.80202
1.80073
1.79952
1.79844
1.79754
1.79684
1.79637
1.79613
1.79611
1.79632
1.79677
1.79744
1.79833
1.79945
1.80076
1.80221
1.80374
1.80525
1.80661
1.8077
1.80836
1.80848
1.80796
1.8068
1.80509
1.80305
1.80099
1.79929
1.79827
1.7981
1.79873
1.79991
1.80128
1.80248
1.80325
1.80341
1.80293
1.80184
1.80019
1.79805
1.79548
1.79253
1.78927
1.78581
1.78226
1.77867
1.77507
1.77145
1.76798
1.76518
1.76399
1.76541
1.76991
1.77704
1.78557
1.79403
1.8013
1.80684
1.8106
1.81291
1.81427
1.81521
1.81619
1.81744
1.81891
1.8203
1.82112
1.82088
1.81925
1.81621
1.81219
1.80802
1.80476
1.80329
1.80399
1.80657
1.81024
1.81414
1.81757
1.82017
1.82182
1.82258
1.82255
1.8218
1.8204
1.81834
1.81562
1.81221
1.80809
1.8033
1.79792
1.79211
1.78611
1.78022
1.7748
1.77024
1.76685
1.76489
1.76446
1.76549
1.76779
1.771
1.77471
1.77848
1.78194
1.78479
1.78686
1.78811
1.78865
1.78867
1.78842
1.78816
1.78803
1.78806
1.78806
1.78771
1.7865
1.78388
1.77928
1.77226
1.76276
1.75143
1.73982
1.73032
1.72526
1.72578
1.73124
1.73976
1.74933
1.7585
1.76657
1.7733
1.77872
1.78291
1.78597
1.78798
1.789
1.78909
1.78829
1.78664
1.78418
1.78098
1.77716
1.77285
1.76825
1.76356
1.75897
1.75465
1.75068
1.74711
1.74397
1.74131
1.73924
1.7379
1.73742
1.73788
1.73923
1.74132
1.7439
1.74671
1.74948
1.75202
1.75422
1.75608
1.75765
1.75905
1.76042
1.76189
1.76352
1.76537
1.76743
1.76968
1.77205
1.77448
1.77693
1.77932
1.78161
1.78377
1.78577
1.78758
1.78919
1.79059
1.79178
1.79274
1.79346
1.79389
1.794
1.79373
1.79303
1.79185
1.79017
1.78798
1.78533
1.78227
1.77888
1.77524
1.77143
1.7675
1.76355
1.75976
1.75649
1.75427
1.75378
1.75551
1.75955
1.76536
1.77197
