-0.040318
-0.0403383
-0.0403878
-0.0404331
-0.0404934
-0.0405571
-0.040624
-0.0407086
-0.0408062
-0.04091
-0.0410223
-0.0411385
-0.0412731
-0.0414049
-0.0415457
-0.0417006
-0.041865
-0.0420321
-0.0422137
-0.0424056
-0.0426008
-0.0428162
-0.0430402
-0.0432755
-0.0435202
-0.043772
-0.0440482
-0.0443442
-0.0446391
-0.0449524
-0.0452749
-0.0456214
-0.0459758
-0.0463363
-0.0467202
-0.0471255
-0.0475435
-0.0479915
-0.0484465
-0.0489353
-0.0494302
-0.0499487
-0.0504894
-0.0510579
-0.0516504
-0.0522657
-0.0529002
-0.0535764
-0.0542837
-0.0550117
-0.0557664
-0.0565517
-0.0573714
-0.0582296
-0.0591303
-0.0600705
-0.0610496
-0.0620741
-0.0631483
-0.064267
-0.0654343
-0.0666494
-0.0679112
-0.0692282
-0.0706035
-0.0720305
-0.0735065
-0.0750423
-0.0766216
-0.0782527
-0.0799164
-0.0816198
-0.0833513
-0.0850965
-0.0868525
-0.0885844
-0.0902712
-0.0918894
-0.0934267
-0.094858
-0.0961489
-0.0973134
-0.0983441
-0.0992905
-0.100197
-0.101157
-0.102292
-0.103737
-0.105593
-0.107964
-0.110863
-0.114281
-0.118133
-0.122295
-0.126642
-0.131024
-0.135328
-0.139464
-0.143371
-0.146956
-0.150167
-0.152907
-0.155091
-0.156615
-0.157382
-0.157331
-0.156498
-0.155044
-0.153343
-0.151896
-0.151296
-0.151997
-0.154088
-0.157213
-0.16072
-0.163879
-0.166129
-0.167264
-0.167402
-0.166932
-0.16634
-0.166056
-0.166339
-0.167222
-0.168535
-0.169904
-0.170883
-0.17102
-0.170094
-0.168225
-0.166115
-0.165054
-0.166616
-0.171964
-0.181093
-0.192703
-0.204739
-0.215235
-0.222806
-0.226769
-0.226935
-0.223602
-0.217457
-0.209692
-0.201901
-0.195744
-0.192376
-0.192119
-0.194456
-0.198506
-0.203467
-0.20888
-0.214547
-0.220448
-0.226613
-0.233011
-0.23955
-0.246079
-0.252358
-0.25817
-0.263291
-0.267541
-0.270747
-0.272759
-0.27344
-0.272672
-0.270354
-0.266454
-0.261109
-0.254698
-0.247917
-0.241766
-0.23734
-0.235434
-0.236217
-0.239203
-0.24349
-0.248093
-0.252246
-0.255555
-0.257937
-0.25954
-0.260664
-0.261648
-0.262823
-0.264448
-0.266661
-0.269506
-0.272929
-0.276774
-0.28082
-0.284836
-0.288563
-0.291701
-0.293976
-0.295118
-0.294863
-0.29297
-0.289292
-0.283781
-0.27664
-0.268371
-0.259797
-0.252007
-0.246092
-0.242839
-0.242324
-0.243853
-0.24613
-0.247714
-0.247526
-0.245231
-0.241362
-0.237134
-0.233995
-0.233131
-0.235094
-0.239877
-0.247015
-0.255828
-0.2655
-0.27526
-0.284411
-0.292499
-0.299274
-0.304671
-0.308743
-0.311583
-0.313307
-0.314034
-0.313848
-0.31281
-0.310987
-0.308399
-0.305093
-0.301137
-0.296622
-0.291696
-0.286531
-0.281372
-0.276494
-0.272116
-0.268401
-0.265388
-0.263016
-0.261118
-0.259428
-0.257669
-0.255567
-0.252915
-0.249612
-0.245746
-0.241738
-0.238322
-0.236463
-0.237104
-0.240683
-0.246953
-0.255039
-0.263766
-0.2721
-0.279366
-0.285242
-0.289684
-0.292767
-0.29467
-0.295547
-0.295562
-0.29488
-0.293653
-0.292064
-0.290295
-0.288562
-0.287026
-0.285754
-0.28469
-0.28358
-0.282087
-0.279823
-0.276453
-0.271858
-0.266295
-0.260381
-0.255119
-0.251624
-0.250768
-0.252899
-0.257735
-0.264514
-0.272266
-0.280111
-0.287359
-0.29363
-0.298799
-0.302929
-0.306218
-0.308873
-0.311132
-0.313177
-0.31518
-0.317206
-0.319324
-0.321534
-0.323796
-0.326013
-0.328108
-0.329978
-0.331481
-0.332482
-0.332849
-0.332424
-0.33107
-0.328653
-0.325116
-0.320491
-0.314971
-0.308964
-0.303058
-0.297955
-0.29436
-0.292815
-0.2936
-0.296605
-0.301411
-0.307284
-0.313312
-0.318598
-0.322394
-0.3242
-0.323773
-0.321191
-0.316825
-0.311388
-0.305862
-0.301369
-0.298954
-0.299292
-0.30244
-0.30782
-0.314402
-0.321049
-0.326768
-0.330886
-0.333108
-0.333394
-0.331971
-0.329209
-0.325556
-0.3215
-0.317492
-0.313892
-0.310888
-0.308485
-0.306503
-0.30467
-0.30276
-0.300612
-0.298232
-0.295739
-0.293319
-0.29119
-0.289557
-0.288592
-0.288432
-0.289204
-0.290994
-0.293771
-0.297482
-0.301924
-0.306852
-0.311999
-0.317082
-0.321893
-0.32624
-0.33003
-0.333202
-0.335746
-0.337694
-0.33906
-0.339885
-0.340201
-0.340008
-0.339303
-0.338062
-0.336214
-0.333686
-0.330434
-0.326387
-0.321572
-0.31613
-0.310369
-0.30477
-0.300022
-0.296853
-0.295854
-0.297307
-0.301037
-0.306512
-0.312976
-0.319682
-0.326003
-0.331496
-0.335895
-0.339078
-0.340998
-0.341689
-0.341289
-0.339988
-0.338093
-0.335917
-0.333764
-0.331746
-0.329704
-0.327199
-0.323725
-0.319054
-0.313671
-0.308985
-0.306953
-0.30901
-0.315136
-0.323746
-0.33264
-0.340039
-0.345075
-0.347687
-0.348238
-0.347349
-0.345634
-0.343609
-0.341628
-0.339906
-0.338502
-0.337403
-0.336621
-0.336159
-0.33607
-0.336361
-0.33701
-0.33794
-0.338981
-0.339954
-0.340695
-0.341077
-0.341131
-0.340933
-0.34069
-0.34064
-0.340972
-0.341855
-0.343347
-0.345407
-0.34792
-0.350718
-0.353589
-0.356338
-0.358741
-0.360604
-0.361724
-0.361887
-0.360819
-0.358262
-0.353877
-0.347344
-0.338449
-0.327276
-0.31458
-0.302014
-0.292071
-0.287206
-0.288612
-0.295393
-0.305156
-0.31525
-0.323766
-0.329767
-0.333073
-0.333956
-0.332869
-0.330402
-0.327092
-0.323435
-0.31982
-0.316571
-0.31393
-0.312086
-0.311172
-0.311222
-0.31211
-0.313606
-0.315382
-0.317101
-0.318505
-0.31943
-0.31981
-0.319636
-0.318996
-0.317959
-0.316629
-0.315094
-0.313432
-0.311702
-0.309974
-0.308274
-0.306644
-0.3051
-0.303667
-0.302364
-0.301199
-0.300152
-0.299257
-0.298487
-0.297862
-0.29736
-0.296993
-0.296741
-0.296604
-0.296566
-0.296609
-0.29673
-0.296919
-0.29714
-0.297395
-0.297654
-0.297919
-0.298163
-0.29839
-0.2986
-0.298795
-0.298988
-0.299157
-0.299311
-0.299408
-0.299378
-0.299115
-0.298485
-0.297317
-0.295391
-0.292527
-0.288582
-0.283542
-0.27764
-0.271427
-0.265848
-0.262029
-0.260807
-0.262309
-0.265791
-0.269936
-0.2735
-0.275769
-0.2767
-0.276784
-0.276795
-0.277521
-0.279459
-0.282729
-0.287122
-0.292169
-0.297352
-0.302217
-0.30642
-0.309763
-0.312175
-0.313733
-0.314581
-0.3149
-0.314853
-0.31464
-0.314382
-0.314174
-0.314089
-0.314165
-0.314438
-0.314907
-0.315589
-0.316478
-0.317578
-0.318882
-0.320394
-0.322122
-0.324059
-0.326165
-0.328366
-0.330564
-0.33262
-0.334432
-0.335877
-0.336863
-0.33732
-0.337215
-0.336554
-0.335345
-0.333688
-0.331663
-0.329417
-0.327064
-0.324788
-0.32271
-0.320891
-0.319374
-0.318129
-0.317109
-0.316263
-0.315576
-0.315094
-0.314906
-0.315141
-0.315871
-0.317167
-0.318997
-0.321253
-0.323791
-0.326433
-0.329062
-0.331626
-0.334097
-0.336513
-0.338918
-0.341336
-0.343741
-0.346083
-0.348267
-0.350149
-0.351614
-0.352529
-0.352796
-0.352309
-0.351047
-0.349012
-0.346298
-0.343107
-0.339687
-0.336324
-0.333237
-0.330535
-0.328204
-0.326241
-0.324756
-0.324061
-0.324554
-0.326439
-0.329518
-0.333062
-0.335986
-0.337139
-0.335711
-0.331512
-0.325375
-0.319362
-0.316181
-0.31788
-0.324507
-0.33408
-0.34391
-0.351904
-0.357062
-0.359338
-0.359164
-0.357207
-0.354177
-0.35073
-0.347436
-0.344728
-0.342849
-0.341853
-0.341622
-0.341939
-0.342557
-0.343236
-0.34378
-0.344058
-0.34401
-0.343604
-0.342907
-0.342043
-0.341208
-0.340621
-0.34049
-0.340947
-0.342001
-0.343551
-0.345409
-0.347348
-0.34918
-0.350756
-0.352029
-0.35301
-0.353768
-0.354381
-0.354914
-0.355436
-0.355952
-0.356434
-0.356816
-0.35701
-0.356943
-0.356515
-0.355634
-0.354266
-0.352364
-0.349958
-0.347105
-0.343921
-0.340579
-0.337298
-0.334297
-0.331765
-0.329901
-0.328823
-0.32863
-0.329359
-0.331004
-0.333456
-0.336559
-0.340072
-0.343728
-0.347259
-0.350434
-0.353105
-0.355196
-0.356713
-0.35771
-0.3583
-0.358638
-0.358858
-0.359087
-0.359459
-0.36007
-0.360921
-0.362031
-0.363331
-0.364724
-0.36607
-0.367227
-0.368024
-0.36828
-0.367817
-0.366467
-0.364128
-0.360713
-0.356266
-0.350935
-0.344984
-0.338809
-0.332829
-0.327439
-0.322954
-0.319484
-0.316951
-0.315137
-0.313779
-0.312703
-0.31208
-0.312284
-0.313943
-0.317626
-0.323527
-0.331365
-0.340411
-0.349632
-0.357959
-0.364486
-0.368532
-0.369702
-0.367827
-0.363026
-0.355692
-0.346671
-0.337217
-0.328929
-0.323382
-0.321686
-0.324012
-0.32954
-0.336822
-0.344305
-0.350744
-0.355345
-0.357737
-0.357726
-0.35514
-0.349756
-0.341269
-0.3296
-0.315452
-0.301016
-0.289989
-0.286126
-0.290711
-0.301526
-0.314485
-0.326064
-0.334486
-0.339417
-0.341262
-0.340659
-0.338266
-0.334648
-0.33031
-0.325727
-0.321299
-0.317362
-0.314167
-0.311819
-0.310378
-0.309802
-0.31003
-0.310975
-0.312534
-0.314626
-0.317149
-0.320001
-0.323076
-0.326267
-0.329496
-0.332653
-0.335668
-0.338494
-0.341094
-0.343474
-0.34563
-0.34758
-0.349341
-0.350953
-0.352449
-0.353859
-0.355208
-0.356534
-0.357855
-0.359189
-0.36054
-0.361905
-0.363277
-0.364652
-0.366003
-0.36729
-0.368448
-0.369429
-0.370145
-0.370494
-0.370376
-0.369678
-0.368297
-0.366131
-0.363182
-0.359483
-0.355204
-0.350606
-0.346061
-0.341994
-0.338789
-0.336722
-0.335889
-0.336174
-0.337298
-0.338905
-0.340653
-0.342337
-0.343878
-0.345344
-0.346907
-0.348768
-0.351106
-0.354033
-0.357566
-0.361609
-0.365965
-0.370355
-0.374462
-0.377994
-0.380676
-0.382283
-0.382663
-0.381708
-0.379343
-0.375546
-0.370379
-0.364029
-0.356852
-0.349481
-0.342851
-0.337989
-0.335737
-0.336447
-0.339836
-0.345076
-0.351221
-0.357379
-0.362956
-0.367584
-0.371098
-0.373474
-0.374746
-0.37501
-0.374383
-0.372998
-0.370998
-0.368522
-0.365712
-0.36273
-0.35968
-0.356705
-0.35392
-0.351412
-0.349294
-0.347653
-0.346586
-0.34618
-0.346488
-0.347527
-0.349269
-0.351623
-0.354432
-0.357512
-0.360653
-0.363668
-0.366398
-0.368734
-0.370618
-0.372025
-0.372963
-0.373448
-0.373516
-0.373208
-0.372529
-0.371489
-0.370087
-0.368315
-0.366149
-0.363594
-0.360672
-0.357456
-0.354104
-0.350824
-0.347975
-0.345996
-0.345323
-0.346331
-0.349165
-0.353666
-0.359445
-0.366
-0.37278
-0.379333
-0.385352
-0.390651
-0.395137
-0.398756
-0.401446
-0.403142
-0.403738
-0.403084
-0.400997
-0.397289
-0.391803
-0.384478
-0.375411
-0.364992
-0.353899
-0.343115
-0.333766
-0.326931
-0.323398
-0.323517
-0.327112
-0.333585
-0.342076
-0.351597
-0.36129
-0.370484
-0.37874
-0.385802
-0.391627
-0.396208
-0.399585
-0.40179
-0.402851
-0.402774
-0.401544
-0.399235
-0.395983
-0.392072
-0.388013
-0.384369
-0.381741
-0.380527
-0.380818
-0.382333
-0.384556
-0.386946
-0.389059
-0.390631
-0.391551
-0.391853
-0.391685
-0.391204
-0.390577
-0.389922
-0.38931
-0.388743
-0.388138
-0.387328
-0.386125
-0.384314
-0.381794
-0.378618
-0.37502
-0.371497
-0.368672
-0.367061
-0.366849
-0.367737
-0.369005
-0.369761
-0.369231
-0.366953
-0.362907
-0.357521
-0.351649
-0.346412
-0.34288
-0.341636
-0.342474
-0.344471
-0.346287
-0.346643
-0.344648
-0.339985
-0.332826
-0.323849
-0.31418
-0.305208
-0.298406
-0.294988
-0.295546
-0.299918
-0.307265
-0.316363
-0.325942
-0.334925
-0.342525
-0.348287
-0.351962
-0.353482
-0.352853
-0.350144
-0.345426
-0.338862
-0.33075
-0.321679
-0.312563
-0.304634
-0.299144
-0.296896
-0.297934
-0.301493
-0.306342
-0.31127
-0.31538
-0.318154
-0.319404
-0.319186
-0.317699
-0.315279
-0.312317
-0.309237
-0.306471
-0.304287
-0.302825
-0.302035
-0.301704
-0.301608
-0.301557
-0.301463
-0.301335
-0.301286
-0.301473
-0.302031
-0.30302
-0.304437
-0.306196
-0.308159
-0.310177
-0.312099
-0.31382
-0.315242
-0.3163
-0.316957
-0.317159
-0.316851
-0.316041
-0.314677
-0.312731
-0.310236
-0.307291
-0.304089
-0.300905
-0.298098
-0.296071
-0.295183
-0.295636
-0.297473
-0.300556
-0.304646
-0.309453
-0.314657
-0.319954
-0.325098
-0.329806
-0.333869
-0.337073
-0.339216
-0.340149
-0.339748
-0.337986
-0.334975
-0.331062
-0.326816
-0.322966
-0.320132
-0.318505
-0.317645
-0.316575
-0.31421
-0.309847
-0.303563
-0.296307
-0.28964
-0.285267
-0.284457
-0.287783
-0.294985
-0.305076
-0.316598
-0.32801
-0.33807
-0.346067
-0.351882
-0.355772
-0.358218
-0.359696
-0.360512
-0.360838
-0.360808
-0.360636
-0.360667
-0.361254
-0.362549
-0.364444
-0.366563
-0.368529
-0.370118
-0.371396
-0.372592
-0.37393
-0.375538
-0.377344
-0.379137
-0.380658
-0.38172
-0.382269
-0.382416
-0.382458
-0.382754
-0.383617
-0.385219
-0.387523
-0.390317
-0.393261
-0.395913
-0.397821
-0.398597
-0.397908
-0.395526
-0.391357
-0.385467
-0.3781
-0.369629
-0.360625
-0.351836
-0.344174
-0.338606
-0.335953
-0.336484
-0.339747
-0.34475
-0.350252
-0.355233
-0.358989
-0.361237
-0.362009
-0.361701
-0.361004
-0.360769
-0.361705
-0.364035
-0.367459
-0.371283
-0.374727
-0.377178
-0.378322
-0.378112
-0.37668
-0.374267
-0.371183
-0.367707
-0.364091
-0.360513
-0.357087
-0.353857
-0.350937
-0.348472
-0.3467
-0.34588
-0.346141
-0.34752
-0.349813
-0.352684
-0.355776
-0.35875
-0.361384
-0.363545
-0.365151
-0.36617
-0.366625
-0.36652
-0.365874
-0.364653
-0.362827
-0.36033
-0.357048
-0.3528
-0.347351
-0.340445
-0.331801
-0.321351
-0.309466
-0.297311
-0.286925
-0.28067
-0.2801
-0.284952
-0.293308
-0.302694
-0.311154
-0.317668
-0.321988
-0.324368
-0.325333
-0.325536
-0.325611
-0.326144
-0.327484
-0.329702
-0.332599
-0.335831
-0.339034
-0.341882
-0.344197
-0.345882
-0.346967
-0.347515
-0.347608
-0.347349
-0.346833
-0.346139
-0.345382
-0.344609
-0.343899
-0.343311
-0.342862
-0.342614
-0.342573
-0.342756
-0.343155
-0.343759
-0.344559
-0.345524
-0.346632
-0.347832
-0.349104
-0.350393
-0.351671
-0.352869
-0.353931
-0.354809
-0.355385
-0.355535
-0.355109
-0.353933
-0.35181
-0.348551
-0.344003
-0.338123
-0.331044
-0.323092
-0.314866
-0.307217
-0.301155
-0.297856
-0.29828
-0.302895
-0.311298
-0.322261
-0.334093
-0.345178
-0.354373
-0.361093
-0.365238
-0.367082
-0.367208
-0.366417
-0.365568
-0.365394
-0.366154
-0.367527
-0.368788
-0.369098
-0.367933
-0.365437
-0.36247
-0.360408
-0.360514
-0.363282
-0.368183
-0.373971
-0.379294
-0.383125
-0.384926
-0.384525
-0.381981
-0.377472
-0.371315
-0.364094
-0.356724
-0.35044
-0.346584
-0.346161
-0.349361
-0.355493
-0.363344
-0.37167
-0.379576
-0.386599
-0.39261
-0.397706
-0.401986
-0.405577
-0.408551
-0.410953
-0.41282
-0.414187
-0.41511
-0.415675
-0.415951
-0.416022
-0.415944
-0.415791
-0.415625
-0.415479
-0.415369
-0.41532
-0.415309
-0.415261
-0.415107
-0.414714
-0.413933
-0.412651
-0.410757
-0.408185
-0.404881
-0.400816
-0.396084
-0.390796
-0.385213
-0.379781
-0.375194
-0.37229
-0.371913
-0.374568
-0.380184
-0.388037
-0.396956
-0.40573
-0.413386
-0.419332
-0.423366
-0.425572
-0.426167
-0.425484
-0.423866
-0.421618
-0.419063
-0.416507
-0.414268
-0.412629
-0.411794
-0.411849
-0.412696
-0.414098
-0.415714
-0.417183
-0.418201
-0.418593
-0.41832
-0.417495
-0.416347
-0.415174
-0.414201
-0.413564
-0.413236
-0.413076
-0.412893
-0.412464
-0.411644
-0.410323
-0.40848
-0.406117
-0.403326
-0.400221
-0.396983
-0.393805
-0.390924
-0.388524
-0.386776
-0.385785
-0.385576
-0.386135
-0.387371
-0.389129
-0.391249
-0.393512
-0.395726
-0.397708
-0.399352
-0.400569
-0.401331
-0.401647
-0.401541
-0.401061
-0.400263
-0.399164
-0.397785
-0.396178
-0.394302
-0.39216
-0.389739
-0.386994
-0.383907
-0.380404
-0.376398
-0.37175
-0.36627
-0.359673
-0.351575
-0.341567
-0.329311
-0.314956
-0.299581
-0.285602
-0.276396
-0.274687
-0.280794
-0.29234
-0.305855
-0.318611
-0.329217
-0.337404
-0.34342
-0.347735
-0.350817
-0.353
-0.354588
-0.3558
-0.356779
-0.357638
-0.358455
-0.359253
-0.360055
-0.360835
-0.361569
-0.362233
-0.362785
-0.363194
-0.363429
-0.363466
-0.363273
-0.362798
-0.362016
-0.360863
-0.359299
-0.357258
-0.354716
-0.351639
-0.348051
-0.344048
-0.33979
-0.335548
-0.33167
-0.32857
-0.326582
-0.325967
-0.326796
-0.328987
-0.33227
-0.336312
-0.340784
-0.345362
-0.349819
-0.353957
-0.357683
-0.360923
-0.363683
-0.366004
-0.367938
-0.369566
-0.370967
-0.372222
-0.373375
-0.374482
-0.375511
-0.376383
-0.377013
-0.377231
-0.376833
-0.375598
-0.373356
-0.370088
-0.366005
-0.361715
-0.358182
-0.356464
-0.357366
-0.361013
-0.366781
-0.373568
-0.380275
-0.386133
-0.390731
-0.394036
-0.39615
-0.397308
-0.397701
-0.397518
-0.396867
-0.395797
-0.394302
-0.39231
-0.389721
-0.386451
-0.382457
-0.377856
-0.372934
-0.368236
-0.364488
-0.362453
-0.362592
-0.364934
-0.369029
-0.374115
-0.379381
-0.384138
-0.387893
-0.390343
-0.391281
-0.390685
-0.38867
-0.385567
-0.38195
-0.378491
-0.375813
-0.374325
-0.374051
-0.374757
-0.376091
-0.377734
-0.379525
-0.381384
-0.383314
-0.385357
-0.387509
-0.389791
-0.392241
-0.394842
-0.397643
-0.400637
-0.403826
-0.40716
-0.410589
-0.414011
-0.417346
-0.420497
-0.423347
-0.425783
-0.427702
-0.428981
-0.429484
-0.42909
-0.427679
-0.425121
-0.421322
-0.416211
-0.409858
-0.402477
-0.394603
-0.387119
-0.381191
-0.378014
-0.378419
-0.382476
-0.389453
-0.398077
-0.406937
-0.414878
-0.421177
-0.425477
-0.42774
-0.428078
-0.426712
-0.423905
-0.419927
-0.415056
-0.409591
-0.403853
-0.398185
-0.392928
-0.388395
-0.384871
-0.382545
-0.381485
-0.381649
-0.382853
-0.384876
-0.387431
-0.390277
-0.393195
-0.396064
-0.398785
-0.40131
-0.4036
-0.405634
-0.407413
-0.408916
-0.410148
-0.411102
-0.41178
-0.412202
-0.412357
-0.412285
-0.412002
-0.411535
-0.410927
-0.410222
-0.409469
-0.408707
-0.40795
-0.407248
-0.406599
-0.406013
-0.40547
-0.404949
-0.404405
-0.403809
-0.403124
-0.402297
-0.401293
-0.400103
-0.398699
-0.39707
-0.395219
-0.393142
-0.390853
-0.388381
-0.385753
-0.383032
-0.380285
-0.377584
-0.374981
-0.372558
-0.370334
-0.368292
-0.366398
-0.364578
-0.362765
-0.36091
-0.358978
-0.356984
-0.354916
-0.352772
-0.350562
-0.348383
-0.346424
-0.345072
-0.344847
-0.346246
-0.349577
-0.35473
-0.361195
-0.36825
-0.375162
-0.381361
-0.386541
-0.390587
-0.393524
-0.39546
-0.396531
-0.396869
-0.396587
-0.395773
-0.394511
-0.392852
-0.39086
-0.388585
-0.386089
-0.383443
-0.380719
-0.378011
-0.375405
-0.372964
-0.370752
-0.368798
-0.367109
-0.365691
-0.364499
-0.363549
-0.362841
-0.362384
-0.362213
-0.362366
-0.362877
-0.363722
-0.364871
-0.36624
-0.367735
-0.369226
-0.370603
-0.371758
-0.372678
-0.37338
-0.373963
-0.37458
-0.375346
-0.376344
-0.377526
-0.378803
-0.379962
-0.380763
-0.381005
-0.38052
-0.379211
-0.377076
-0.374188
-0.370693
-0.366781
-0.362719
-0.358778
-0.355281
-0.352547
-0.350847
-0.350425
-0.351358
-0.353592
-0.3569
-0.360928
-0.365275
-0.36955
-0.373472
-0.376851
-0.379615
-0.381762
-0.383346
-0.384477
-0.385235
-0.385732
-0.386046
-0.386242
-0.386376
-0.386482
-0.386596
-0.386745
-0.386936
-0.387185
-0.387489
-0.387855
-0.388296
-0.388803
-0.389377
-0.39001
-0.390721
-0.391468
-0.392226
-0.392962
-0.393622
-0.394169
-0.39455
-0.3947
-0.394612
-0.394276
-0.393717
-0.392974
-0.392101
-0.391117
-0.389993
-0.388675
-0.387081
-0.385098
-0.382699
-0.379931
-0.376999
-0.3742
-0.371914
-0.370483
-0.370114
-0.370778
-0.372227
-0.374022
-0.375641
-0.376638
-0.376701
-0.375808
-0.374368
-0.373184
-0.373246
-0.375387
-0.379876
-0.386229
-0.393425
-0.40029
-0.405823
-0.409313
-0.410309
-0.408592
-0.404121
-0.397209
-0.388706
-0.380151
-0.373518
-0.370466
-0.371476
-0.375561
-0.38088
-0.385702
-0.388989
-0.390529
-0.390638
-0.389906
-0.388958
-0.388226
-0.387901
-0.387904
-0.388019
-0.388016
-0.387772
-0.387299
-0.386731
-0.38619
-0.385715
-0.385178
-0.384251
-0.382512
-0.379479
-0.374834
-0.368586
-0.361304
-0.354422
-0.349985
-0.349982
-0.355209
-0.364762
-0.376487
-0.38814
-0.398135
-0.405748
-0.410838
-0.413578
-0.41424
-0.41305
-0.410251
-0.406036
-0.400577
-0.394141
-0.387126
-0.380084
-0.373726
-0.368843
-0.366004
-0.365394
-0.366624
-0.368955
-0.371561
-0.373861
-0.37574
-0.377464
-0.37957
-0.382568
-0.386662
-0.391685
-0.397152
-0.402475
-0.407093
-0.41061
-0.412814
-0.413611
-0.412992
-0.410996
-0.407727
-0.403308
-0.397937
-0.391903
-0.385631
-0.37966
-0.37468
-0.371415
-0.370512
-0.372339
-0.376888
-0.383712
-0.392121
-0.401286
-0.410475
-0.419117
-0.426854
-0.433457
-0.438905
-0.443175
-0.446353
-0.448509
-0.449731
-0.450139
-0.44986
-0.449046
-0.447834
-0.446373
-0.444765
-0.443012
-0.441002
-0.438505
-0.435236
-0.430904
-0.425366
-0.418751
-0.411592
-0.404708
-0.399037
-0.395273
-0.393601
-0.393707
-0.395085
-0.397291
-0.400118
-0.40356
-0.407625
-0.412257
-0.417288
-0.422375
-0.427126
-0.43115
-0.434168
-0.436049
-0.436825
-0.436699
-0.435998
-0.435143
-0.434504
-0.434388
-0.434915
-0.436056
-0.437594
-0.439203
-0.440538
-0.441301
-0.441251
-0.440287
-0.438458
-0.435921
-0.433012
-0.430154
-0.427818
-0.426421
-0.426141
-0.426951
-0.428592
-0.430673
-0.43278
-0.434608
-0.435977
-0.43677
-0.437002
-0.436706
-0.435939
-0.434756
-0.433221
-0.431386
-0.429285
-0.426989
-0.424547
-0.422006
-0.419397
-0.416744
-0.413916
-0.411346
-0.408727
-0.406023
-0.403217
-0.400333
-0.397466
-0.394791
-0.392549
-0.391048
-0.390525
-0.39113
-0.392819
-0.395372
-0.398433
-0.401682
-0.40481
-0.407599
-0.409938
-0.411804
-0.413196
-0.414127
-0.414638
-0.414763
-0.414531
-0.413968
-0.413122
-0.412018
-0.410708
-0.40925
-0.407691
-0.406085
-0.404503
-0.403016
-0.40167
-0.400537
-0.399636
-0.399006
-0.398631
-0.398502
-0.398559
-0.398717
-0.398874
-0.39888
-0.398609
-0.397922
-0.396688
-0.394791
-0.39216
-0.388722
-0.384472
-0.379375
-0.373375
-0.3663
-0.357923
-0.348051
-0.3368
-0.324968
-0.314265
-0.307015
-0.305105
-0.308905
-0.317053
-0.327338
-0.337829
-0.347292
-0.355133
-0.361176
-0.365366
-0.367689
-0.368066
-0.366426
-0.362718
-0.357028
-0.349782
-0.341844
-0.334591
-0.329547
-0.327852
-0.329739
-0.334471
-0.34068
-0.346946
-0.352117
-0.355508
-0.356839
-0.356206
-0.35405
-0.351066
-0.348141
-0.346071
-0.345401
-0.346224
-0.348223
-0.350857
-0.353537
-0.355828
-0.357493
-0.358457
-0.358802
-0.35865
-0.358135
-0.35736
-0.356385
-0.355179
-0.35367
-0.351722
-0.34917
-0.345862
-0.341696
-0.336701
-0.331051
-0.325126
-0.319513
-0.314881
-0.311885
-0.310963
-0.312168
-0.315171
-0.319322
-0.323887
-0.328218
-0.33179
-0.334287
-0.335532
-0.335454
-0.334035
-0.331335
-0.327397
-0.322352
-0.316405
-0.309924
-0.303439
-0.29758
-0.292982
-0.290113
-0.289084
-0.289706
-0.291546
-0.294106
-0.296984
-0.299869
-0.302607
-0.305124
-0.307366
-0.309326
-0.310985
-0.312339
-0.313382
-0.31415
-0.314671
-0.314962
-0.31505
-0.314976
-0.314773
-0.314464
-0.314059
-0.313589
-0.31304
-0.312433
-0.311765
-0.311033
-0.310254
-0.309416
-0.308517
-0.307587
-0.306603
-0.305588
-0.30456
-0.303557
-0.302572
-0.301649
-0.300799
-0.300075
-0.299503
-0.299076
-0.29884
-0.298783
-0.298914
-0.299231
-0.299725
-0.300365
-0.301133
-0.30201
-0.302954
-0.303942
-0.304966
-0.305977
-0.306973
-0.30793
-0.308836
-0.309674
-0.31043
-0.311101
-0.31166
-0.312105
-0.312428
-0.31262
-0.312676
-0.312596
-0.312419
-0.312151
-0.311831
-0.311501
-0.311227
-0.311058
-0.311057
-0.311287
-0.311767
-0.312538
-0.313618
-0.314991
-0.316617
-0.318479
-0.320495
-0.3226
-0.324704
-0.326744
-0.328596
-0.330217
-0.331511
-0.332417
-0.33289
-0.332919
-0.332518
-0.331744
-0.330696
-0.329555
-0.328514
-0.327756
-0.32747
-0.327706
-0.328443
-0.329529
-0.330712
-0.331702
-0.332174
-0.331878
-0.330677
-0.328623
-0.326051
-0.323497
-0.321662
-0.321125
-0.322165
-0.324749
-0.328554
-0.333193
-0.338327
-0.343754
-0.349298
-0.354812
-0.360127
-0.365082
-0.36951
-0.373274
-0.376259
-0.378427
-0.379734
-0.380202
-0.379868
-0.378831
-0.377177
-0.375025
-0.372477
-0.36965
-0.366575
-0.363289
-0.3598
-0.356114
-0.352312
-0.348533
-0.345029
-0.342078
-0.339924
-0.338751
-0.338659
-0.339641
-0.341657
-0.344563
-0.348114
-0.351941
-0.355605
-0.35869
-0.36088
-0.361989
-0.362023
-0.361136
-0.359612
-0.357804
-0.356159
-0.355106
-0.354998
-0.356051
-0.358226
-0.361339
-0.365029
-0.368917
-0.372663
-0.37604
-0.37893
-0.381291
-0.383137
-0.384498
-0.385423
-0.385935
-0.386072
-0.385878
-0.3854
-0.384743
-0.384026
-0.383421
-0.383142
-0.38338
-0.384273
-0.38587
-0.388099
-0.390755
-0.3936
-0.396369
-0.398822
-0.40083
-0.402318
-0.40333
-0.403962
-0.404329
-0.40456
-0.404692
-0.404733
-0.404644
-0.404375
-0.403922
-0.403327
-0.402704
-0.402167
-0.401812
-0.401658
-0.401637
-0.401623
-0.401382
-0.400696
-0.399326
-0.397133
-0.394109
-0.390429
-0.386443
-0.382687
-0.379797
-0.378305
-0.378494
-0.380312
-0.383401
-0.387267
-0.391445
-0.395594
-0.399515
-0.403153
-0.406516
-0.409627
-0.412479
-0.415046
-0.41725
-0.419005
-0.420289
-0.421052
-0.421401
-0.421568
-0.421825
-0.422525
-0.423971
-0.426283
-0.429362
-0.432876
-0.436331
-0.439154
-0.440808
-0.440897
-0.43922
-0.435805
-0.431002
-0.425364
-0.419464
-0.413705
-0.408155
-0.402656
-0.397145
-0.391895
-0.387515
-0.384626
-0.383545
-0.384237
-0.386411
-0.389731
-0.39381
-0.398222
-0.402522
-0.406319
-0.409355
-0.411583
-0.413144
-0.414274
-0.415231
-0.416279
-0.417589
-0.419248
-0.421279
-0.423615
-0.42618
-0.428822
-0.431407
-0.433772
-0.435801
-0.437379
-0.438424
-0.438871
-0.438699
-0.437891
-0.436413
-0.434197
-0.431177
-0.427253
-0.422404
-0.416705
-0.41048
-0.404278
-0.398853
-0.395005
-0.393308
-0.393906
-0.396431
-0.400137
-0.404169
-0.407785
-0.410592
-0.412502
-0.413717
-0.414605
-0.415548
-0.416779
-0.418378
-0.420229
-0.422113
-0.423792
-0.42513
-0.426092
-0.426736
-0.42717
-0.427485
-0.427709
-0.427811
-0.427667
-0.427126
-0.426032
-0.424253
-0.42171
-0.418378
-0.414336
-0.409726
-0.404785
-0.39976
-0.39497
-0.390685
-0.387093
-0.38429
-0.382283
-0.380973
-0.380251
-0.379991
-0.380146
-0.380674
-0.381581
-0.382861
-0.384495
-0.386434
-0.388587
-0.390813
-0.393016
-0.395082
-0.396883
-0.398345
-0.399395
-0.399972
-0.40008
-0.399755
-0.399045
-0.398069
-0.396974
-0.395938
-0.395132
-0.394695
-0.394706
-0.395221
-0.396174
-0.397486
-0.399027
-0.400688
-0.402359
-0.403968
-0.405457
-0.406803
-0.407985
-0.408978
-0.409759
-0.410302
-0.410528
-0.41036
-0.409708
-0.408466
-0.406557
-0.403964
-0.400806
-0.397343
-0.394065
-0.391578
-0.390464
-0.391083
-0.393426
-0.397064
-0.401379
-0.405705
-0.409543
-0.412574
-0.414655
-0.41575
-0.415894
-0.415129
-0.413518
-0.411155
-0.408161
-0.404754
-0.401161
-0.397709
-0.394727
-0.392537
-0.391413
-0.391521
-0.392875
-0.39533
-0.398589
-0.402213
-0.405716
-0.408601
-0.410416
-0.410819
-0.40958
-0.406608
-0.402091
-0.396456
-0.390486
-0.385167
-0.381476
-0.380069
-0.380987
-0.383743
-0.387491
-0.391427
-0.394915
-0.39762
-0.399436
-0.400405
-0.400635
-0.400291
-0.399484
-0.398362
-0.397015
-0.395532
-0.394035
-0.392568
-0.391233
-0.390109
-0.389236
-0.388631
-0.388236
-0.387946
-0.387594
-0.387003
-0.386009
-0.384516
-0.382493
-0.380058
-0.377427
-0.374906
-0.372805
-0.371407
-0.370866
-0.371199
-0.372272
-0.373839
-0.375589
-0.377194
-0.378343
-0.378808
-0.378439
-0.377236
-0.37531
-0.37286
-0.370212
-0.367701
-0.365659
-0.364311
-0.363734
-0.363845
-0.364421
-0.365161
-0.365783
-0.36604
-0.365833
-0.365132
-0.364014
-0.362626
-0.361103
-0.359592
-0.358234
-0.35714
-0.356457
-0.35634
-0.356951
-0.358394
-0.360673
-0.363686
-0.367204
-0.370963
-0.374649
-0.37804
-0.380999
-0.383472
-0.385473
-0.387054
-0.388319
-0.38936
-0.390263
-0.3911
-0.391951
-0.392854
-0.393821
-0.394877
-0.396002
-0.397179
-0.398386
-0.399556
-0.400654
-0.401613
-0.402358
-0.402817
-0.402889
-0.402492
-0.401511
-0.399838
-0.397352
-0.393955
-0.389563
-0.384143
-0.37778
-0.370697
-0.363337
-0.356367
-0.350545
-0.346624
-0.345092
-0.346051
-0.349236
-0.35412
-0.360182
-0.366937
-0.373995
-0.381088
-0.388007
-0.394613
-0.400792
-0.406467
-0.4116
-0.416158
-0.420088
-0.423377
-0.425961
-0.427752
-0.428629
-0.428441
-0.427012
-0.424172
-0.419861
-0.414207
-0.407634
-0.400967
-0.395302
-0.391679
-0.390626
-0.391935
-0.394732
-0.397941
-0.400706
-0.402563
-0.403458
-0.403536
-0.402965
-0.40195
-0.400591
-0.399001
-0.397303
-0.395654
-0.394199
-0.393061
-0.392319
-0.391964
-0.391932
-0.392098
-0.392332
-0.392486
-0.392471
-0.392213
-0.391692
-0.39097
-0.390123
-0.389311
-0.388691
-0.388369
-0.388471
-0.388995
-0.389906
-0.391102
-0.392481
-0.393924
-0.395338
-0.396637
-0.397747
-0.398562
-0.398965
-0.398812
-0.39798
-0.396342
-0.393787
-0.390278
-0.38581
-0.380496
-0.374566
-0.36838
-0.362426
-0.357257
-0.353361
-0.350989
-0.35006
-0.350168
-0.350618
-0.350681
-0.349799
-0.34783
-0.345151
-0.342643
-0.341394
-0.342235
-0.345313
-0.349981
-0.355168
-0.359816
-0.363153
-0.364826
-0.364823
-0.363263
-0.360423
-0.356612
-0.352188
-0.347498
-0.342899
-0.338697
-0.335119
-0.332291
-0.330227
-0.328834
-0.327927
-0.327315
-0.326805
-0.326272
-0.325683
-0.325039
-0.324428
-0.323943
-0.323714
-0.32386
-0.324449
-0.325528
-0.327057
-0.32898
-0.3312
-0.333575
-0.335989
-0.338301
-0.340451
-0.342341
-0.343909
-0.345131
-0.345988
-0.346486
-0.346629
-0.346451
-0.345963
-0.345215
-0.34425
-0.343106
-0.341809
-0.340389
-0.338844
-0.337144
-0.335208
-0.332915
-0.330078
-0.326426
-0.321647
-0.315381
-0.307407
-0.297699
-0.286652
-0.275307
-0.265295
-0.258453
-0.256206
-0.258973
-0.266029
-0.275864
-0.286764
-0.297251
-0.306379
-0.313629
-0.318917
-0.322374
-0.324268
-0.324894
-0.324584
-0.323651
-0.322373
-0.321005
-0.319768
-0.318808
-0.318226
-0.318046
-0.318213
-0.318671
-0.319305
-0.320016
-0.320731
-0.321355
-0.321856
-0.322202
-0.322392
-0.322414
-0.322277
-0.321991
-0.32156
-0.321008
-0.320366
-0.319624
-0.318829
-0.31802
-0.317257
-0.316598
-0.316085
-0.315813
-0.31583
-0.316195
-0.316907
-0.317956
-0.319302
-0.320877
-0.322605
-0.324384
-0.32614
-0.327774
-0.329218
-0.330416
-0.331336
-0.331956
-0.332286
-0.332347
-0.332189
-0.331895
-0.331579
-0.331363
-0.331357
-0.331651
-0.332293
-0.333254
-0.334419
-0.335635
-0.336719
-0.337523
-0.337927
-0.337909
-0.337538
-0.33697
-0.336468
-0.336304
-0.336761
-0.338024
-0.340178
-0.343145
-0.34675
-0.35069
-0.35468
-0.358417
-0.361694
-0.364376
-0.366377
-0.367753
-0.368578
-0.368985
-0.369155
-0.369287
-0.369575
-0.370211
-0.371395
-0.373282
-0.375918
-0.379246
-0.383128
-0.387339
-0.391622
-0.395765
-0.399552
-0.402845
-0.405535
-0.407561
-0.408878
-0.409502
-0.409464
-0.408835
-0.407699
-0.406162
-0.404336
-0.402324
-0.400196
-0.398039
-0.395926
-0.393873
-0.391903
-0.390028
-0.388264
-0.386619
-0.385156
-0.383963
-0.383157
-0.382851
-0.383098
-0.383886
-0.385159
-0.386761
-0.388507
-0.390164
-0.391535
-0.392442
-0.392779
-0.392523
-0.391783
-0.390816
-0.389928
-0.389514
-0.38988
-0.391187
-0.393374
-0.396185
-0.399232
-0.402139
-0.404624
-0.406563
-0.407961
-0.408998
-0.409835
-0.410661
-0.411583
-0.412661
-0.413868
-0.415101
-0.416287
-0.417311
-0.41806
-0.418436
-0.418334
-0.417671
-0.41637
-0.414345
-0.41152
-0.407838
-0.403284
-0.397878
-0.391736
-0.385092
-0.3783
-0.371849
-0.366367
-0.362474
-0.360675
-0.361201
-0.363944
-0.36842
-0.37398
-0.379859
-0.385408
-0.390126
-0.3937
-0.39599
-0.396995
-0.396846
-0.395756
-0.394042
-0.392069
-0.390174
-0.388658
-0.387696
-0.387303
-0.387382
-0.387723
-0.388136
-0.388435
-0.388526
-0.388357
-0.387963
-0.387397
-0.386763
-0.386125
-0.385568
-0.385145
-0.384876
-0.384767
-0.384791
-0.384935
-0.385125
-0.385307
-0.385437
-0.385457
-0.385345
-0.385066
-0.384644
-0.384079
-0.38339
-0.382636
-0.381857
-0.381094
-0.380369
-0.379697
-0.379039
-0.378334
-0.377452
-0.376236
-0.374488
-0.372019
-0.368706
-0.364648
-0.360205
-0.3561
-0.353326
-0.352833
-0.355082
-0.359809
-0.366154
-0.372997
-0.3794
-0.38478
-0.388957
-0.392038
-0.394243
-0.395843
-0.397088
-0.398129
-0.399016
-0.399712
-0.400128
-0.40018
-0.399737
-0.398747
-0.397148
-0.394937
-0.392113
-0.388763
-0.384989
-0.381009
-0.377063
-0.373459
-0.370596
-0.368813
-0.368454
-0.369638
-0.372268
-0.375955
-0.380166
-0.384346
-0.388065
-0.391097
-0.393404
-0.395097
-0.396349
-0.397355
-0.398242
-0.399122
-0.400031
-0.400983
-0.401957
-0.402963
-0.404
-0.405079
-0.406194
-0.407321
-0.40843
-0.409471
-0.41036
-0.410994
-0.411285
-0.411099
-0.410338
-0.408878
-0.406608
-0.403444
-0.399315
-0.394251
-0.388352
-0.38187
-0.375201
-0.368934
-0.363702
-0.360118
-0.358601
-0.359244
-0.361797
-0.365722
-0.370345
-0.375025
-0.379269
-0.382748
-0.385324
-0.386976
-0.387768
-0.387787
-0.387068
-0.38558
-0.383147
-0.37946
-0.374148
-0.366899
-0.357802
-0.347713
-0.338512
-0.332719
-0.33233
-0.337556
-0.346676
-0.357138
-0.366822
-0.374608
-0.380236
-0.383938
-0.386131
-0.387199
-0.387476
-0.387197
-0.386541
-0.385603
-0.384444
-0.383099
-0.381589
-0.379906
-0.378086
-0.376152
-0.374153
-0.372184
-0.370357
-0.368777
-0.367591
-0.366893
-0.366725
-0.367069
-0.367868
-0.368996
-0.370292
-0.371615
-0.372844
-0.373871
-0.37465
-0.375129
-0.375318
-0.375254
-0.374978
-0.374569
-0.374094
-0.373665
-0.373385
-0.373353
-0.37365
-0.374338
-0.37544
-0.376942
-0.378792
-0.380932
-0.383268
-0.385672
-0.388046
-0.390288
-0.392317
-0.394039
-0.395356
-0.396181
-0.396409
-0.395937
-0.39466
-0.392483
-0.389348
-0.385286
-0.380448
-0.375152
-0.369931
-0.365451
-0.362415
-0.361282
-0.362148
-0.3647
-0.368317
-0.372264
-0.375906
-0.378775
-0.380627
-0.381382
-0.381108
-0.379999
-0.378357
-0.376551
-0.374989
-0.374058
-0.374036
-0.375025
-0.376946
-0.379542
-0.382486
-0.385427
-0.388113
-0.39037
-0.392162
-0.393574
-0.394762
-0.395916
-0.397224
-0.398822
-0.400749
-0.402995
-0.40544
-0.407964
-0.410418
-0.412704
-0.414718
-0.416427
-0.417802
-0.418859
-0.419595
-0.42004
-0.420208
-0.420139
-0.419866
-0.419427
-0.41885
-0.418183
-0.417447
-0.416663
-0.415833
-0.414971
-0.414059
-0.413069
-0.411983
-0.410801
-0.409534
-0.408248
-0.407076
-0.406195
-0.405871
-0.406327
-0.407764
-0.410285
-0.413876
-0.418396
-0.423649
-0.429353
-0.435277
-0.44119
-0.446876
-0.452174
-0.456898
-0.460894
-0.463978
-0.465991
-0.466766
-0.466131
-0.463967
-0.460192
-0.454824
-0.447992
-0.439967
-0.431126
-0.421935
-0.412871
-0.404345
-0.396641
-0.389881
-0.384155
-0.37958
-0.37643
-0.375097
-0.37584
-0.378613
-0.382984
-0.388391
-0.394325
-0.400418
-0.406389
-0.411852
-0.416413
-0.419735
-0.421757
-0.422708
-0.423071
-0.42342
-0.424247
-0.425813
-0.428094
-0.430834
-0.433597
-0.435928
-0.43744
-0.437809
-0.436814
-0.434338
-0.430349
-0.424935
-0.418351
-0.411106
-0.403896
-0.397604
-0.39303
-0.390628
-0.390349
-0.391631
-0.393702
-0.395805
-0.397353
-0.398048
-0.397828
-0.396758
-0.395066
-0.392997
-0.390829
-0.388813
-0.387115
-0.385844
-0.384969
-0.384382
-0.383911
-0.383402
-0.382684
-0.381648
-0.38025
-0.378458
-0.376316
-0.373873
-0.371197
-0.368353
-0.365445
-0.362543
-0.359726
-0.357071
-0.354634
-0.352461
-0.350584
-0.349026
-0.347801
-0.346884
-0.346256
-0.345883
-0.345714
-0.345686
-0.345733
-0.345778
-0.345714
-0.345487
-0.345014
-0.344269
-0.343255
-0.342041
-0.340765
-0.339614
-0.338841
-0.338674
-0.339268
-0.340679
-0.342863
-0.345652
-0.348827
-0.352153
-0.355434
-0.358518
-0.361301
-0.363756
-0.365855
-0.367596
-0.368981
-0.369996
-0.370633
-0.370837
-0.370571
-0.369775
-0.368402
-0.366413
-0.363857
-0.360918
-0.357851
-0.355058
-0.352999
-0.352075
-0.352447
-0.354017
-0.356409
-0.3591
-0.361576
-0.363432
-0.364425
-0.364499
-0.36373
-0.362322
-0.360579
-0.358811
-0.357319
-0.356287
-0.355824
-0.355875
-0.356318
-0.356961
-0.357652
-0.358246
-0.358616
-0.358682
-0.358349
-0.357524
-0.356133
-0.354114
-0.351454
-0.348208
-0.344554
-0.340868
-0.337722
-0.335841
-0.335885
-0.338194
-0.342604
-0.348453
-0.354793
-0.36067
-0.365366
-0.368466
-0.369887
-0.369884
-0.368984
-0.367888
-0.367335
-0.367861
-0.369654
-0.372531
-0.37603
-0.37965
-0.382978
-0.385765
-0.387936
-0.389554
-0.390722
-0.391547
-0.392161
-0.392648
-0.393087
-0.39351
-0.393929
-0.394341
-0.394718
-0.395
-0.395107
-0.394945
-0.394409
-0.393383
-0.39175
-0.389446
-0.386437
-0.382802
-0.378723
-0.374586
-0.370876
-0.368133
-0.366762
-0.366954
-0.36858
-0.371311
-0.374654
-0.378177
-0.381511
-0.384452
-0.386879
-0.388784
-0.390206
-0.391207
-0.391872
-0.392282
-0.392522
-0.392674
-0.392775
-0.392892
-0.39303
-0.393218
-0.393454
-0.393696
-0.393945
-0.394158
-0.394277
-0.394295
-0.394164
-0.393836
-0.393302
-0.392527
-0.391501
-0.390252
-0.388806
-0.387221
-0.385577
-0.383973
-0.382523
-0.381347
-0.380523
-0.380108
-0.380082
-0.380402
-0.380978
-0.381675
-0.382429
-0.383112
-0.383665
-0.384021
-0.384158
-0.384073
-0.383764
-0.383274
-0.382614
-0.381818
-0.380907
-0.379919
-0.378903
-0.377879
-0.376878
-0.375929
-0.375061
-0.374273
-0.373601
-0.37303
-0.37259
-0.372245
-0.372008
-0.371827
-0.371699
-0.371593
-0.371514
-0.371416
-0.371302
-0.371174
-0.371036
-0.370898
-0.370765
-0.370646
-0.37053
-0.370404
-0.370222
-0.369948
-0.369516
-0.368869
-0.36792
-0.36662
-0.364935
-0.362809
-0.360258
-0.357308
-0.354032
-0.350548
-0.347049
-0.343746
-0.34087
-0.338625
-0.337157
-0.3365
-0.336486
-0.336836
-0.337125
-0.33692
-0.335897
-0.333889
-0.330999
-0.327698
-0.324727
-0.322954
-0.32308
-0.325353
-0.329478
-0.334718
-0.340275
-0.345423
-0.349727
-0.353005
-0.355231
-0.356493
-0.356917
-0.356676
-0.355887
-0.354681
-0.353178
-0.351477
-0.349662
-0.347813
-0.346005
-0.344283
-0.342646
-0.341093
-0.339578
-0.338035
-0.336385
-0.334557
-0.332522
-0.330309
-0.32805
-0.325981
-0.324356
-0.323463
-0.323461
-0.324347
-0.325966
-0.328
-0.330085
-0.331877
-0.333096
-0.333579
-0.333247
-0.332132
-0.330315
-0.32796
-0.325342
-0.322777
-0.320619
-0.31918
-0.318683
-0.319209
-0.320686
-0.322897
-0.325594
-0.32849
-0.331356
-0.334032
-0.336385
-0.338375
-0.339973
-0.341161
-0.341936
-0.342301
-0.342278
-0.34188
-0.341109
-0.340011
-0.338645
-0.337063
-0.335344
-0.33358
-0.331834
-0.330182
-0.328667
-0.327303
-0.326118
-0.32513
-0.324384
-0.323903
-0.323759
-0.323967
-0.324518
-0.325402
-0.326581
-0.327994
-0.329602
-0.331336
-0.333148
-0.33496
-0.336719
-0.338361
-0.339845
-0.341127
-0.342216
-0.34316
-0.343997
-0.344792
-0.345603
-0.346406
-0.347185
-0.347825
-0.348198
-0.348169
-0.34765
-0.346595
-0.345081
-0.343271
-0.341457
-0.339981
-0.339191
-0.339337
-0.340503
-0.342574
-0.345328
-0.348462
-0.351682
-0.354764
-0.357575
-0.360021
-0.362101
-0.363824
-0.3652
-0.366274
-0.367068
-0.367619
-0.367942
-0.368088
-0.368037
-0.367827
-0.367486
-0.367041
-0.366529
-0.365999
-0.365486
-0.365033
-0.364707
-0.364519
-0.364493
-0.364609
-0.364843
-0.365133
-0.365373
-0.365475
-0.365312
-0.364766
-0.363761
-0.362235
-0.360188
-0.357702
-0.354941
-0.352118
-0.349541
-0.347513
-0.346292
-0.345996
-0.346597
-0.347897
-0.349557
-0.351207
-0.352499
-0.353191
-0.353223
-0.352727
-0.352076
-0.351832
-0.352612
-0.354889
-0.358759
-0.36386
-0.369432
-0.374622
-0.37858
-0.380713
-0.380668
-0.378323
-0.373889
-0.367819
-0.360764
-0.353449
-0.34654
-0.340674
-0.336647
-0.335451
-0.337995
-0.344454
-0.353905
-0.364675
-0.375089
-0.384012
-0.390985
-0.396026
-0.399416
-0.401499
-0.40264
-0.403134
-0.403165
-0.402932
-0.402562
-0.402167
-0.40181
-0.401549
-0.401411
-0.401448
-0.401674
-0.402081
-0.402682
-0.403475
-0.404421
-0.405489
-0.406641
-0.407819
-0.408939
-0.409912
-0.410652
-0.411086
-0.411116
-0.410727
-0.409911
-0.408719
-0.407259
-0.405683
-0.404172
-0.402938
-0.402152
-0.402
-0.402602
-0.404027
-0.406293
-0.409365
-0.413122
-0.417383
-0.421932
-0.426526
-0.430959
-0.435012
-0.43855
-0.441444
-0.443575
-0.444858
-0.445238
-0.444634
-0.44302
-0.440414
-0.436916
-0.432718
-0.428131
-0.423559
-0.419403
-0.415977
-0.413445
-0.411772
-0.410815
-0.41042
-0.410445
-0.410881
-0.411783
-0.413245
-0.415335
-0.418044
-0.421276
-0.424886
-0.428684
-0.432482
-0.436125
-0.439462
-0.442385
-0.444795
-0.446602
-0.44771
-0.448018
-0.447407
-0.445764
-0.442975
-0.438962
-0.433696
-0.427223
-0.419733
-0.411548
-0.403084
-0.394892
-0.387477
-0.381302
-0.376662
-0.373625
-0.372109
-0.371936
-0.37296
-0.375137
-0.378549
-0.383268
-0.389204
-0.395968
-0.403001
-0.409656
-0.415434
-0.420074
-0.423569
-0.42609
-0.427918
-0.429348
-0.430617
-0.431899
-0.433268
-0.434759
-0.436315
-0.437876
-0.439396
-0.440827
-0.442131
-0.443288
-0.444314
-0.445197
-0.445982
-0.446696
-0.447367
-0.448037
-0.448735
-0.449487
-0.450313
-0.451222
-0.452193
-0.453185
-0.454119
-0.454888
-0.455362
-0.455409
-0.454924
-0.453818
-0.452054
-0.449686
-0.44685
-0.443734
-0.440546
-0.437493
-0.434741
-0.43243
-0.430674
-0.429632
-0.429426
-0.430119
-0.431545
-0.433376
-0.435097
-0.436228
-0.436419
-0.435645
-0.43419
-0.432604
-0.431591
-0.431779
-0.433612
-0.437182
-0.442269
-0.448365
-0.454895
-0.461289
-0.46708
-0.471907
-0.475548
-0.477835
-0.478671
-0.477996
-0.475896
-0.472658
-0.468883
-0.465466
-0.463479
-0.46381
-0.466802
-0.472134
-0.478947
-0.486215
-0.493111
-0.499137
-0.504096
-0.50802
-0.51108
-0.513479
-0.515419
-0.517018
-0.518355
-0.519386
-0.519955
-0.519811
-0.518636
-0.516104
-0.511863
-0.505607
-0.497072
-0.486145
-0.472876
-0.457543
-0.440788
-0.423753
-0.408322
-0.397095
-0.392468
-0.395071
-0.403108
-0.413476
-0.423467
-0.431637
-0.437798
-0.442387
-0.446018
-0.449198
-0.452222
-0.45546
-0.458343
-0.461067
-0.463568
-0.465834
-0.467935
-0.470003
-0.47216
-0.474466
-0.47689
-0.479244
-0.481281
-0.48272
-0.483311
-0.482918
-0.481483
-0.479002
-0.475596
-0.47139
-0.466567
-0.461339
-0.455927
-0.450561
-0.445396
-0.440529
-0.435992
-0.431788
-0.42808
-0.4252
-0.423621
-0.423801
-0.425947
-0.429985
-0.435564
-0.442303
-0.449798
-0.457714
-0.465661
-0.473262
-0.480118
-0.485932
-0.49048
-0.493647
-0.49539
-0.495665
-0.494508
-0.491871
-0.487743
-0.482108
-0.474923
-0.466235
-0.45617
-0.44504
-0.433347
-0.421872
-0.411594
-0.403585
-0.398805
-0.397887
-0.400989
-0.407772
-0.417455
-0.429013
-0.441441
-0.453832
-0.465513
-0.47606
-0.485269
-0.493098
-0.499577
-0.504819
-0.5089
-0.511947
-0.514041
-0.515258
-0.515645
-0.515256
-0.514145
-0.512427
-0.510248
-0.507816
-0.505383
-0.503234
-0.501599
-0.500567
-0.500088
-0.499922
-0.499718
-0.499135
-0.497968
-0.496221
-0.494125
-0.492061
-0.490417
-0.489459
-0.489181
-0.489344
-0.489501
-0.489194
-0.487985
-0.485569
-0.481699
-0.476194
-0.468879
-0.459717
-0.449029
-0.4377
-0.427296
-0.419757
-0.416782
-0.419067
-0.425957
-0.435637
-0.445884
-0.454721
-0.460832
-0.463649
-0.463399
-0.460987
-0.457965
-0.456124
-0.456808
-0.460305
-0.465746
-0.471704
-0.476923
-0.480752
-0.483211
-0.484752
-0.48602
-0.487566
-0.48976
-0.492667
-0.496122
-0.499789
-0.503268
-0.506219
-0.508334
-0.509457
-0.509503
-0.508468
-0.506459
-0.503653
-0.500239
-0.496407
-0.492369
-0.488258
-0.484111
-0.479942
-0.475731
-0.4715
-0.467342
-0.463417
-0.459961
-0.457125
-0.455019
-0.453706
-0.453156
-0.453349
-0.454266
-0.455873
-0.458104
-0.460858
-0.463927
-0.467106
-0.470147
-0.47284
-0.475024
-0.476615
-0.477548
-0.47783
-0.477464
-0.476461
-0.474828
-0.472587
-0.469726
-0.466266
-0.462201
-0.457568
-0.452455
-0.446989
-0.441395
-0.435996
-0.431179
-0.427346
-0.424776
-0.423586
-0.423627
-0.424572
-0.425973
-0.427393
-0.428518
-0.429257
-0.429735
-0.430271
-0.431308
-0.433283
-0.436422
-0.440685
-0.44575
-0.451118
-0.456229
-0.460659
-0.464113
-0.466438
-0.467624
-0.46776
-0.466989
-0.465494
-0.463485
-0.461151
-0.458682
-0.456232
-0.453908
-0.451799
-0.449971
-0.448495
-0.447409
-0.446767
-0.446544
-0.446676
-0.447
-0.447278
-0.447266
-0.44676
-0.44565
-0.443971
-0.441921
-0.439865
-0.43827
-0.43758
-0.438115
-0.439896
-0.442665
-0.445939
-0.449111
-0.45163
-0.453016
-0.452962
-0.451298
-0.447933
-0.442925
-0.436425
-0.428806
-0.420704
-0.412981
-0.406697
-0.40284
-0.402029
-0.404341
-0.409324
-0.41614
-0.423882
-0.431748
-0.439126
-0.445585
-0.450848
-0.454771
-0.457286
-0.458408
-0.458212
-0.456853
-0.454544
-0.451551
-0.448148
-0.444596
-0.441086
-0.437627
-0.4341
-0.430256
-0.425831
-0.420628
-0.414653
-0.408123
-0.401488
-0.395408
-0.390703
-0.388293
-0.388883
-0.392646
-0.398968
-0.40657
-0.413912
-0.419688
-0.42315
-0.424265
-0.423644
-0.422265
-0.421098
-0.420711
-0.421087
-0.421665
-0.421672
-0.420472
-0.417745
-0.413609
-0.408635
-0.403742
-0.399984
-0.398191
-0.398683
-0.401209
-0.40503
-0.409337
-0.413445
-0.416943
-0.419664
-0.421597
-0.422804
-0.423385
-0.423436
-0.423011
-0.422136
-0.420817
-0.419068
-0.416861
-0.414247
-0.411265
-0.408011
-0.40464
-0.401357
-0.398384
-0.395919
-0.394088
-0.392924
-0.392368
-0.392284
-0.392551
-0.393053
-0.393716
-0.394499
-0.395419
-0.396484
-0.397708
-0.39907
-0.400532
-0.402009
-0.403436
-0.404619
-0.405377
-0.405493
-0.404663
-0.40258
-0.398929
-0.393511
-0.386304
-0.377721
-0.368556
-0.36001
-0.353293
-0.349281
-0.348339
-0.350311
-0.354709
-0.360831
-0.367919
-0.375228
-0.382196
-0.388511
-0.394054
-0.398817
-0.402857
-0.40626
-0.409081
-0.411385
-0.413242
-0.414715
-0.415859
-0.416735
-0.417407
-0.417948
-0.418393
-0.418804
-0.419201
-0.419601
-0.420011
-0.42044
-0.420863
-0.421281
-0.421636
-0.421939
-0.422133
-0.422188
-0.422097
-0.421824
-0.421356
-0.420675
-0.419774
-0.418661
-0.417329
-0.415811
-0.414138
-0.412347
-0.410483
-0.40861
-0.406789
-0.405073
-0.403495
-0.402088
-0.400874
-0.399853
-0.399007
-0.398331
-0.397852
-0.397574
-0.397547
-0.397818
-0.398468
-0.399533
-0.401086
-0.403123
-0.405618
-0.408516
-0.411693
-0.415021
-0.418361
-0.421556
-0.424473
-0.426989
-0.429021
-0.430496
-0.431416
-0.431805
-0.431699
-0.431179
-0.430378
-0.429422
-0.428459
-0.427637
-0.427071
-0.426863
-0.427064
-0.427656
-0.428623
-0.429864
-0.431296
-0.432786
-0.434235
-0.435551
-0.436637
-0.43744
-0.437901
-0.437999
-0.437737
-0.437102
-0.436134
-0.434829
-0.433203
-0.431313
-0.429162
-0.42682
-0.424365
-0.421908
-0.419606
-0.417631
-0.41618
-0.415449
-0.415584
-0.416679
-0.418761
-0.421728
-0.425401
-0.429541
-0.433834
-0.43796
-0.441556
-0.44427
-0.445701
-0.445439
-0.44308
-0.438278
-0.430925
-0.421324
-0.4104
-0.399716
-0.391051
-0.385622
-0.383466
-0.38353
-0.384334
-0.384629
-0.383722
-0.381386
-0.377787
-0.373326
-0.368536
-0.364066
-0.3605
-0.3583
-0.357679
-0.358677
-0.361108
-0.36471
-0.369206
-0.374276
-0.379653
-0.38505
-0.390233
-0.394995
-0.399191
-0.402709
-0.405463
-0.407423
-0.408542
-0.408767
-0.408007
-0.406161
-0.403065
-0.398621
-0.392853
-0.386002
-0.378718
-0.372025
-0.367179
-0.365148
-0.366183
-0.369678
-0.374465
-0.379302
-0.38326
-0.385851
-0.38691
-0.386515
-0.384848
-0.382153
-0.37869
-0.374758
-0.370643
-0.366645
-0.36306
-0.36011
-0.358009
-0.356878
-0.356785
-0.357693
-0.359525
-0.362119
-0.36528
-0.368797
-0.372457
-0.37605
-0.379406
-0.382351
-0.384754
-0.386505
-0.387514
-0.387737
-0.387147
-0.385863
-0.384096
-0.382192
-0.38063
-0.379896
-0.38039
-0.382266
-0.385362
-0.389298
-0.393499
-0.397423
-0.400622
-0.402742
-0.403527
-0.402816
-0.400493
-0.396494
-0.390864
-0.383798
-0.375687
-0.367175
-0.35908
-0.352291
-0.347499
-0.34503
-0.344804
-0.346438
-0.349425
-0.353278
-0.357678
-0.362401
-0.367325
-0.372354
-0.377383
-0.382196
-0.386459
-0.389768
-0.391637
-0.391638
-0.389394
-0.384692
-0.377546
-0.368287
-0.35758
-0.346512
-0.336364
-0.328466
-0.323903
-0.323296
-0.326786
-0.333986
-0.344126
-0.356097
-0.368688
-0.380761
-0.391543
-0.400566
-0.40768
-0.41291
-0.416323
-0.41797
-0.417851
-0.41589
-0.412031
-0.4063
-0.398918
-0.39048
-0.381961
-0.37458
-0.369527
-0.367522
-0.368649
-0.372437
-0.378127
-0.384954
-0.392223
-0.399393
-0.406031
-0.411821
-0.416612
-0.420338
-0.423029
-0.424769
-0.425626
-0.425693
-0.425047
-0.423758
-0.42191
-0.419693
-0.417362
-0.415261
-0.413739
-0.413054
-0.413289
-0.414371
-0.416108
-0.418287
-0.420765
-0.423423
-0.426178
-0.428938
-0.431558
-0.433858
-0.435683
-0.43686
-0.437293
-0.436931
-0.43576
-0.433833
-0.431218
-0.428009
-0.424352
-0.420379
-0.416233
-0.412066
-0.407985
-0.404083
-0.400405
-0.397044
-0.394126
-0.391974
-0.391111
-0.392279
-0.396091
-0.402751
-0.411776
-0.422135
-0.432551
-0.441932
-0.449513
-0.454908
-0.457981
-0.458778
-0.457462
-0.454269
-0.449559
-0.443815
-0.437698
-0.43197
-0.427419
-0.424648
-0.423911
-0.425104
-0.427837
-0.431612
-0.435941
-0.440462
-0.444917
-0.449119
-0.452951
-0.456313
-0.459163
-0.461462
-0.463209
-0.464399
-0.465107
-0.465361
-0.465244
-0.464806
-0.464108
-0.463199
-0.462094
-0.460801
-0.459285
-0.457498
-0.455355
-0.452794
-0.449769
-0.446263
-0.442345
-0.438187
-0.434093
-0.430423
-0.427573
-0.425824
-0.425265
-0.425754
-0.426977
-0.428554
-0.430096
-0.431321
-0.432082
-0.432314
-0.432082
-0.43152
-0.430808
-0.430181
-0.429843
-0.430006
-0.43076
-0.432137
-0.434027
-0.436265
-0.438603
-0.440838
-0.442771
-0.444264
-0.445258
-0.4457
-0.445625
-0.445086
-0.444156
-0.442945
-0.441575
-0.440153
-0.438804
-0.437611
-0.436597
-0.43579
-0.435167
-0.434672
-0.43422
-0.433739
-0.43313
-0.432352
-0.431334
-0.430053
-0.428493
-0.426663
-0.424614
-0.422391
-0.420098
-0.417828
-0.415719
-0.41389
-0.412466
-0.411523
-0.411103
-0.411158
-0.411595
-0.412229
-0.412837
-0.413168
-0.412944
-0.411873
-0.409707
-0.406269
-0.401519
-0.395651
-0.38916
-0.382901
-0.377869
-0.374997
-0.37473
-0.376902
-0.380808
-0.385526
-0.390272
-0.394484
-0.397912
-0.400508
-0.402334
-0.403516
-0.404212
-0.404553
-0.404645
-0.40456
-0.404349
-0.40398
-0.403409
-0.402516
-0.401182
-0.399319
-0.396844
-0.3938
-0.390316
-0.386625
-0.383056
-0.379935
-0.377487
-0.375759
-0.374595
-0.373685
-0.372689
-0.371338
-0.369541
-0.367445
-0.365395
-0.363847
-0.363277
-0.364023
-0.366202
-0.369623
-0.373909
-0.378543
-0.383046
-0.387054
-0.390326
-0.392784
-0.394465
-0.395521
-0.396129
-0.396559
-0.397059
-0.397906
-0.39927
-0.40123
-0.403746
-0.40668
-0.409788
-0.412813
-0.415497
-0.417626
-0.419048
-0.419684
-0.419573
-0.418854
-0.417768
-0.416648
-0.415825
-0.415479
-0.415619
-0.415995
-0.416143
-0.415572
-0.413854
-0.410856
-0.406771
-0.402182
-0.398011
-0.395273
-0.394885
-0.397363
-0.402672
-0.410305
-0.419495
-0.429356
-0.439157
-0.448298
-0.456378
-0.463196
-0.468629
-0.472667
-0.475333
-0.476673
-0.476705
-0.475457
-0.472913
-0.469126
-0.464205
-0.458468
-0.452572
-0.447431
-0.444172
-0.44372
-0.446349
-0.451623
-0.458553
-0.466006
-0.473087
-0.479218
-0.484151
-0.487833
-0.49031
-0.491632
-0.491901
-0.49124
-0.489782
-0.487781
-0.485508
-0.483327
-0.481632
-0.480721
-0.4808
-0.481889
-0.483882
-0.486467
-0.48922
-0.49158
-0.493049
-0.493206
-0.491852
-0.489021
-0.484975
-0.48012
-0.474914
-0.469761
-0.464911
-0.460442
-0.456367
-0.452868
-0.450515
-0.450333
-0.453389
-0.460151
-0.469964
-0.481263
-0.492257
-0.501542
-0.508366
-0.512515
-0.514067
-0.513323
-0.510613
-0.506352
-0.501025
-0.495211
-0.489578
-0.48477
-0.48132
-0.479479
-0.479188
-0.480056
-0.481586
-0.48324
-0.4846
-0.485363
-0.485393
-0.484629
-0.483101
-0.480897
-0.478094
-0.474814
-0.47117
-0.467333
-0.463506
-0.459913
-0.456827
-0.4545
-0.453043
-0.452416
-0.452389
-0.452558
-0.452429
-0.451507
-0.449373
-0.445726
-0.44043
-0.433585
-0.425561
-0.417021
-0.408894
-0.402205
-0.397878
-0.39647
-0.398014
-0.402028
-0.407703
-0.414098
-0.420383
-0.425959
-0.430505
-0.433934
-0.436343
-0.437935
-0.438953
-0.439614
-0.440126
-0.440582
-0.441051
-0.441517
-0.44193
-0.442238
-0.442366
-0.442254
-0.441862
-0.441166
-0.440193
-0.438956
-0.437497
-0.435872
-0.434157
-0.432392
-0.430655
-0.428999
-0.427462
-0.426075
-0.424874
-0.423854
-0.423042
-0.42243
-0.421995
-0.421727
-0.421634
-0.42168
-0.421845
-0.422117
-0.422436
-0.422738
-0.422947
-0.422967
-0.4227
-0.422049
-0.420896
-0.419166
-0.416799
-0.413808
-0.410267
-0.406358
-0.402363
-0.398607
-0.395448
-0.39315
-0.391794
-0.391267
-0.391278
-0.391434
-0.391363
-0.390706
-0.389203
-0.38667
-0.383044
-0.378381
-0.372953
-0.36724
-0.361954
-0.357897
-0.355686
-0.355552
-0.357223
-0.360092
-0.363422
-0.366621
-0.369339
-0.371431
-0.372932
-0.373963
-0.374665
-0.375161
-0.375531
-0.375813
-0.376044
-0.376229
-0.376338
-0.376395
-0.376385
-0.376291
-0.376094
-0.375769
-0.375278
-0.374634
-0.37382
-0.372861
-0.371797
-0.370695
-0.369661
-0.368775
-0.368112
-0.367733
-0.367611
-0.367676
-0.36782
-0.367897
-0.367761
-0.367289
-0.366383
-0.364967
-0.363019
-0.360544
-0.357598
-0.354305
-0.350815
-0.347346
-0.344146
-0.341478
-0.339546
-0.338469
-0.338236
-0.338757
-0.339834
-0.341251
-0.342814
-0.344354
-0.345768
-0.347001
-0.348034
-0.348859
-0.349512
-0.350035
-0.35045
-0.350777
-0.351045
-0.351257
-0.351424
-0.35154
-0.351616
-0.351639
-0.351596
-0.351492
-0.351315
-0.351074
-0.350766
-0.350405
-0.349991
-0.349549
-0.349095
-0.34864
-0.348186
-0.347765
-0.347399
-0.347125
-0.346962
-0.346953
-0.347124
-0.347515
-0.348143
-0.349023
-0.350173
-0.351583
-0.353212
-0.355044
-0.357021
-0.359091
-0.361198
-0.363289
-0.365314
-0.367238
-0.369016
-0.370628
-0.372036
-0.373205
-0.374123
-0.374754
-0.375079
-0.375044
-0.374624
-0.373764
-0.372422
-0.370541
-0.368115
-0.36515
-0.361735
-0.35804
-0.35435
-0.351039
-0.348535
-0.347186
-0.347161
-0.348401
-0.350642
-0.353476
-0.356465
-0.359284
-0.361713
-0.363619
-0.365007
-0.365952
-0.366517
-0.366794
-0.366857
-0.366736
-0.366414
-0.365901
-0.365183
-0.364316
-0.363436
-0.362773
-0.362636
-0.363325
-0.365046
-0.367832
-0.371525
-0.375794
-0.380238
-0.384515
-0.388324
-0.391487
-0.393951
-0.395701
-0.396759
-0.39717
-0.396954
-0.396113
-0.394623
-0.392451
-0.389606
-0.386128
-0.382157
-0.377926
-0.373758
-0.370042
-0.36718
-0.365499
-0.365146
-0.366069
-0.368012
-0.370603
-0.373517
-0.37653
-0.379557
-0.382645
-0.385862
-0.389294
-0.39296
-0.396831
-0.400847
-0.404915
-0.408935
-0.412845
-0.416572
-0.420072
-0.423339
-0.426363
-0.429153
-0.431737
-0.434121
-0.436311
-0.4383
-0.440074
-0.441576
-0.442743
-0.44347
-0.443637
-0.44309
-0.441645
-0.439156
-0.435461
-0.430502
-0.424397
-0.417406
-0.410024
-0.402893
-0.396766
-0.39226
-0.389848
-0.389735
-0.391878
-0.395955
-0.401407
-0.407487
-0.413355
-0.418137
-0.420961
-0.421071
-0.417904
-0.411307
-0.40182
-0.390987
-0.381129
-0.374662
-0.373092
-0.376447
-0.383564
-0.392817
-0.402757
-0.412331
-0.420799
-0.42765
-0.432528
-0.435231
-0.435713
-0.434048
-0.430507
-0.425475
-0.419487
-0.413218
-0.407488
-0.403172
-0.40103
-0.401506
-0.404575
-0.409704
-0.416033
-0.422636
-0.428739
-0.433879
-0.437849
-0.440684
-0.442534
-0.443621
-0.444197
-0.444508
-0.444748
-0.445082
-0.44561
-0.446365
-0.447312
-0.448366
-0.449409
-0.450301
-0.450926
-0.451168
-0.450922
-0.450142
-0.448781
-0.446831
-0.444277
-0.44112
-0.437339
-0.43286
-0.427552
-0.421222
-0.413615
-0.40459
-0.394353
-0.383771
-0.37448
-0.36855
-0.367578
-0.371857
-0.380277
-0.390979
-0.402187
-0.41264
-0.421646
-0.428949
-0.43457
-0.438703
-0.441602
-0.443527
-0.44475
-0.445484
-0.445906
-0.446159
-0.446371
-0.446567
-0.446816
-0.447122
-0.447461
-0.447807
-0.448107
-0.448301
-0.448311
-0.448034
-0.447368
-0.446192
-0.444361
-0.441722
-0.438159
-0.433531
-0.427784
-0.420974
-0.413321
-0.405309
-0.397617
-0.391104
-0.386652
-0.384873
-0.385911
-0.389389
-0.394603
-0.400715
-0.407019
-0.413041
-0.418538
-0.423415
-0.427669
-0.431299
-0.43432
-0.436738
-0.438542
-0.439755
-0.440395
-0.440494
-0.440081
-0.439195
-0.437849
-0.436069
-0.43385
-0.43115
-0.427904
-0.42402
-0.419447
-0.414272
-0.40884
-0.403829
-0.400238
-0.399083
-0.400994
-0.405914
-0.413018
-0.421081
-0.428845
-0.435346
-0.440011
-0.442581
-0.44314
-0.442015
-0.439776
-0.437178
-0.435015
-0.433884
-0.434045
-0.435309
-0.43719
-0.439163
-0.440847
-0.442136
-0.443142
-0.44409
-0.445244
-0.446753
-0.448614
-0.450679
-0.452755
-0.454639
-0.456184
-0.457354
-0.458185
-0.458752
-0.459154
-0.459439
-0.459655
-0.459782
-0.459849
-0.459871
-0.459911
-0.460072
-0.460475
-0.461211
-0.462324
-0.463772
-0.465433
-0.467124
-0.468613
-0.469717
-0.470255
-0.470172
-0.469488
-0.468321
-0.466854
-0.4653
-0.463789
-0.462345
-0.460858
-0.459062
-0.456616
-0.453171
-0.448466
-0.442545
-0.435876
-0.429453
-0.424646
-0.422844
-0.424855
-0.430526
-0.438779
-0.448017
-0.456707
-0.463727
-0.468448
-0.470649
-0.470415
-0.468028
-0.463891
-0.458507
-0.452416
-0.446244
-0.440635
-0.436141
-0.433193
-0.432019
-0.432555
-0.434557
-0.437591
-0.441164
-0.444831
-0.448204
-0.45104
-0.453217
-0.454688
-0.455535
-0.455869
-0.45585
-0.455628
-0.455323
-0.455022
-0.454749
-0.454497
-0.454215
-0.453847
-0.453324
-0.452617
-0.451672
-0.450473
-0.449
-0.447251
-0.445237
-0.442955
-0.44041
-0.437641
-0.43467
-0.431555
-0.428371
-0.425194
-0.422131
-0.419278
-0.416735
-0.414581
-0.412897
-0.411711
-0.411024
-0.410826
-0.411059
-0.41166
-0.412566
-0.413703
-0.415011
-0.41643
-0.417906
-0.419421
-0.420943
-0.422438
-0.423892
-0.425274
-0.426545
-0.427662
-0.428581
-0.429233
-0.429556
-0.429478
-0.428909
-0.427788
-0.426022
-0.423575
-0.420469
-0.416794
-0.412715
-0.408562
-0.404723
-0.401594
-0.399475
-0.398474
-0.398504
-0.39928
-0.400478
-0.401776
-0.402949
-0.403884
-0.404556
-0.404985
-0.405213
-0.405285
-0.405235
-0.405046
-0.404683
-0.404133
-0.403377
-0.402434
-0.401364
-0.400307
-0.399442
-0.398942
-0.39894
-0.399512
-0.400565
-0.40191
-0.403281
-0.404378
-0.404909
-0.40464
-0.403362
-0.400935
-0.397256
-0.392268
-0.385947
-0.3784
-0.369876
-0.360862
-0.352113
-0.344611
-0.339361
-0.337068
-0.338009
-0.341857
-0.347851
-0.355096
-0.362772
-0.370257
-0.377175
-0.383355
-0.38877
-0.393453
-0.397472
-0.400919
-0.403837
-0.406268
-0.408239
-0.409751
-0.410839
-0.411513
-0.411811
-0.411757
-0.411392
-0.410754
-0.409901
-0.408866
-0.407693
-0.406396
-0.405031
-0.403613
-0.40216
-0.400694
-0.399226
-0.39777
-0.39633
-0.394899
-0.393485
-0.392078
-0.390646
-0.389197
-0.387705
-0.386182
-0.384601
-0.382964
-0.381262
-0.379505
-0.377707
-0.375901
-0.374115
-0.372403
-0.370812
-0.369403
-0.368216
-0.367327
-0.366746
-0.366496
-0.366571
-0.366966
-0.367666
-0.368653
-0.369881
-0.371338
-0.372994
-0.374801
-0.376715
-0.378693
-0.38067
-0.382589
-0.384412
-0.386079
-0.38756
-0.388832
-0.389877
-0.390689
-0.391257
-0.391577
-0.391654
-0.391462
-0.39097
-0.39015
-0.388962
-0.387364
-0.38534
-0.382877
-0.380021
-0.376859
-0.373594
-0.370467
-0.367769
-0.365821
-0.364894
-0.365158
-0.366649
-0.369235
-0.372684
-0.3767
-0.38096
-0.385213
-0.389237
-0.39291
-0.396161
-0.398942
-0.401238
-0.403062
-0.404417
-0.405308
-0.405727
-0.405678
-0.405137
-0.404114
-0.402596
-0.400595
-0.398168
-0.395368
-0.39231
-0.389151
-0.386066
-0.383277
-0.380995
-0.379506
-0.378948
-0.379361
-0.380676
-0.382619
-0.384785
-0.386719
-0.387994
-0.388305
-0.38747
-0.385489
-0.382592
-0.379153
-0.375752
-0.373015
-0.371603
-0.372
-0.374464
-0.378936
-0.385059
-0.392319
-0.400084
-0.4078
-0.415023
-0.421447
-0.426898
-0.431327
-0.434719
-0.437134
-0.438649
-0.439313
-0.439203
-0.438366
-0.436845
-0.434661
-0.431898
-0.428603
-0.424866
-0.420778
-0.416416
-0.411863
-0.407213
-0.40269
-0.398694
-0.395884
-0.395013
-0.396639
-0.400778
-0.406825
-0.413734
-0.420423
-0.426039
-0.430076
-0.432316
-0.432735
-0.43143
-0.42859
-0.424472
-0.419424
-0.413855
-0.408199
-0.40286
-0.398066
-0.393948
-0.390489
-0.387747
-0.385831
-0.38499
-0.385474
-0.387427
-0.390726
-0.395034
-0.399916
-0.404941
-0.409777
-0.414267
-0.418363
-0.422092
-0.425498
-0.428619
-0.431505
-0.434127
-0.436471
-0.438501
-0.440159
-0.441406
-0.4422
-0.442474
-0.442203
-0.441325
-0.439828
-0.437692
-0.434919
-0.431595
-0.427809
-0.423756
-0.419688
-0.415898
-0.412702
-0.410369
-0.409094
-0.40894
-0.409802
-0.411432
-0.413523
-0.415731
-0.417725
-0.419283
-0.420259
-0.420623
-0.420408
-0.419696
-0.4186
-0.417214
-0.415606
-0.413822
-0.411919
-0.409962
-0.408019
-0.406188
-0.404577
-0.403321
-0.402512
-0.40219
-0.402382
-0.403023
-0.404026
-0.405305
-0.406733
-0.408218
-0.409666
-0.410987
-0.412113
-0.413013
-0.413688
-0.414147
-0.414449
-0.414653
-0.41483
-0.414978
-0.41509
-0.415055
-0.414717
-0.413862
-0.412255
-0.409686
-0.405962
-0.401029
-0.395063
-0.388528
-0.382241
-0.377213
-0.374374
-0.374159
-0.376306
-0.379967
-0.384064
-0.387655
-0.390183
-0.391437
-0.391589
-0.390978
-0.390033
-0.389172
-0.388708
-0.388865
-0.389686
-0.391106
-0.392945
-0.395028
-0.397145
-0.399115
-0.400804
-0.402111
-0.402994
-0.403431
-0.403435
-0.403066
-0.402361
-0.401396
-0.400226
-0.398952
-0.397601
-0.396238
-0.394884
-0.393592
-0.39236
-0.391214
-0.390151
-0.389193
-0.38833
-0.387569
-0.386917
-0.386355
-0.385896
-0.385518
-0.385187
-0.384869
-0.384502
-0.384041
-0.383399
-0.382547
-0.381433
-0.379994
-0.378304
-0.376422
-0.374456
-0.372535
-0.370785
-0.369295
-0.368085
-0.367145
-0.366398
-0.365743
-0.365066
-0.364289
-0.363372
-0.362277
-0.361031
-0.359673
-0.358275
-0.356928
-0.355724
-0.354741
-0.354073
-0.353793
-0.353941
-0.354543
-0.355626
-0.35714
-0.359046
-0.361254
-0.363667
-0.366166
-0.368659
-0.371018
-0.373155
-0.374975
-0.376421
-0.377423
-0.377939
-0.377954
-0.377444
-0.37644
-0.374998
-0.373227
-0.371269
-0.369294
-0.367468
-0.365946
-0.364786
-0.363978
-0.363426
-0.362952
-0.36235
-0.361499
-0.360335
-0.358976
-0.357592
-0.356439
-0.35572
-0.355496
-0.355646
-0.355938
-0.356118
-0.355959
-0.355361
-0.354265
-0.352579
-0.350049
-0.346294
-0.341015
-0.33435
-0.327333
-0.321979
-0.320563
-0.324317
-0.332604
-0.34328
-0.354005
-0.363182
-0.370233
-0.375654
-0.378792
-0.380693
-0.381739
-0.382217
-0.382345
-0.382242
-0.382019
-0.381755
-0.381528
-0.381415
-0.381467
-0.38169
-0.382081
-0.382581
-0.38317
-0.383828
-0.38458
-0.385503
-0.386699
-0.388256
-0.390195
-0.392456
-0.394877
-0.397239
-0.399303
-0.400843
-0.40169
-0.401748
-0.40099
-0.399492
-0.397383
-0.394859
-0.392141
-0.389464
-0.38702
-0.384948
-0.383287
-0.381987
-0.380892
-0.379807
-0.37852
-0.376874
-0.37476
-0.372204
-0.369405
-0.366732
-0.364633
-0.36354
-0.363704
-0.365156
-0.367708
-0.370982
-0.37461
-0.378217
-0.381499
-0.38418
-0.386046
-0.386926
-0.386751
-0.385594
-0.383711
-0.381486
-0.379345
-0.377646
-0.376585
-0.376183
-0.376384
-0.377147
-0.378482
-0.380434
-0.38303
-0.386185
-0.389683
-0.393271
-0.39667
-0.399671
-0.402156
-0.404078
-0.40546
-0.40637
-0.406863
-0.407002
-0.406803
-0.406243
-0.405261
-0.403786
-0.401713
-0.398943
-0.395404
-0.391115
-0.38625
-0.381173
-0.376417
-0.372645
-0.370422
-0.370079
-0.371512
-0.374325
-0.377934
-0.381784
-0.385447
-0.388686
-0.391417
-0.393634
-0.395373
-0.396685
-0.397631
-0.398225
-0.398482
-0.398395
-0.397938
-0.397083
-0.395768
-0.393917
-0.391435
-0.388175
-0.384004
-0.378744
-0.372267
-0.364568
-0.355865
-0.346746
-0.338151
-0.331206
-0.326796
-0.325059
-0.325228
-0.325969
-0.326012
-0.324725
-0.322438
-0.320319
-0.319956
-0.322478
-0.328
-0.335601
-0.343908
-0.351728
-0.358369
-0.363598
-0.367545
-0.370445
-0.372573
-0.374193
-0.375522
-0.37668
-0.377744
-0.378748
-0.379681
-0.380503
-0.381171
-0.38161
-0.381851
-0.381847
-0.381578
-0.381033
-0.380158
-0.378917
-0.377261
-0.37523
-0.372954
-0.370721
-0.36892
-0.367998
-0.368291
-0.3699
-0.372648
-0.376065
-0.379604
-0.382653
-0.384759
-0.385558
-0.384822
-0.382414
-0.378311
-0.372619
-0.365638
-0.357879
-0.350089
-0.343177
-0.338048
-0.335339
-0.335308
-0.337683
-0.341818
-0.346853
-0.351986
-0.356573
-0.360263
-0.362996
-0.364909
-0.366279
-0.367442
-0.368701
-0.370295
-0.37235
-0.374907
-0.377921
-0.381325
-0.384989
-0.3888
-0.392651
-0.396424
-0.400024
-0.403352
-0.406308
-0.408819
-0.410763
-0.412054
-0.412595
-0.412291
-0.411094
-0.408972
-0.405934
-0.402023
-0.397294
-0.391843
-0.385833
-0.37952
-0.373374
-0.36811
-0.364594
-0.363608
-0.365556
-0.370298
-0.377215
-0.385481
-0.394291
-0.403011
-0.411217
-0.41869
-0.425337
-0.431154
-0.436195
-0.440527
-0.444255
-0.447449
-0.450205
-0.45257
-0.454622
-0.456361
-0.457803
-0.458919
-0.459657
-0.459923
-0.459572
-0.458457
-0.456428
-0.453379
-0.449336
-0.444516
-0.439401
-0.434645
-0.430921
-0.42869
-0.427954
-0.428304
-0.429096
-0.429698
-0.429642
-0.428627
-0.426487
-0.423206
-0.418943
-0.414099
-0.409276
-0.40516
-0.402293
-0.400964
-0.401123
-0.402492
-0.404739
-0.407601
-0.410924
-0.414643
-0.418727
-0.423093
-0.427634
-0.432144
-0.436404
-0.440203
-0.443352
-0.445743
-0.447306
-0.448011
-0.447907
-0.447041
-0.445504
-0.443414
-0.440906
-0.438123
-0.435242
-0.432429
-0.429866
-0.427682
-0.425989
-0.42485
-0.424267
-0.424201
-0.424572
-0.425264
-0.426166
-0.427143
-0.428071
-0.428895
-0.429552
-0.430014
-0.430274
-0.430359
-0.430281
-0.430107
-0.429865
-0.429593
-0.429339
-0.429105
-0.428885
-0.428681
-0.428443
-0.42815
-0.427752
-0.427205
-0.426449
-0.425432
-0.424089
-0.422349
-0.420126
-0.417321
-0.413831
-0.40955
-0.404367
-0.398218
-0.391148
-0.383279
-0.374945
-0.366656
-0.359145
-0.35321
-0.349628
-0.348934
-0.35129
-0.356399
-0.363611
-0.372074
-0.380903
-0.389339
-0.396846
-0.403116
-0.407986
-0.411459
-0.413619
-0.414598
-0.414531
-0.413582
-0.411917
-0.409665
-0.40698
-0.404052
-0.401024
-0.398098
-0.395432
-0.393205
-0.391547
-0.39053
-0.390134
-0.390319
-0.390966
-0.391929
-0.39308
-0.394315
-0.395537
-0.396716
-0.397799
-0.398775
-0.399639
-0.400366
-0.400971
-0.40144
-0.401755
-0.401914
-0.401896
-0.401694
-0.401316
-0.400772
-0.400091
-0.399323
-0.398526
-0.397791
-0.397224
-0.396921
-0.39696
-0.397398
-0.398255
-0.399458
-0.400923
-0.4025
-0.404025
-0.405293
-0.406129
-0.406325
-0.405713
-0.404187
-0.401661
-0.39818
-0.393938
-0.389275
-0.38471
-0.38085
-0.378251
-0.377291
-0.378053
-0.380336
-0.383752
-0.387859
-0.392292
-0.396786
-0.40116
-0.405325
-0.409225
-0.412805
-0.416018
-0.418826
-0.421182
-0.423051
-0.424429
-0.425347
-0.42587
-0.426103
-0.426174
-0.426226
-0.426417
-0.426856
-0.42761
-0.428655
-0.429866
-0.431026
-0.431892
-0.43218
-0.431676
-0.430258
-0.427917
-0.424826
-0.421281
-0.417718
-0.4146
-0.412342
-0.411219
-0.411291
-0.412443
-0.414491
-0.417168
-0.420242
-0.423508
-0.426801
-0.429969
-0.43294
-0.435639
-0.438051
-0.440154
-0.441955
-0.443483
-0.444768
-0.445846
-0.446753
-0.447537
-0.448238
-0.44888
-0.449483
-0.450061
-0.450608
-0.451102
-0.451535
-0.451868
-0.452061
-0.452077
-0.451881
-0.451416
-0.450675
-0.44964
-0.448298
-0.44669
-0.444875
-0.442934
-0.441009
-0.439224
-0.43774
-0.436696
-0.436225
-0.43639
-0.437191
-0.438538
-0.440294
-0.442291
-0.444321
-0.446221
-0.447857
-0.449132
-0.44998
-0.450417
-0.450474
-0.450221
-0.449761
-0.44919
-0.448603
-0.448066
-0.447597
-0.447212
-0.446899
-0.446621
-0.446318
-0.445988
-0.445558
-0.445014
-0.44432
-0.443411
-0.442197
-0.440593
-0.43852
-0.43588
-0.432698
-0.42911
-0.425476
-0.422337
-0.420353
-0.420099
-0.421868
-0.425507
-0.430481
-0.436035
-0.441407
-0.445985
-0.449346
-0.451217
-0.45142
-0.449863
-0.446574
-0.441732
-0.435733
-0.429312
-0.423434
-0.419092
-0.416939
-0.417018
-0.418787
-0.421386
-0.423987
-0.426097
-0.427526
-0.428352
-0.42877
-0.429023
-0.42928
-0.429625
-0.43009
-0.430624
-0.431179
-0.431676
-0.432093
-0.432401
-0.432592
-0.432684
-0.432696
-0.432655
-0.432584
-0.432505
-0.432419
-0.432314
-0.432181
-0.432016
-0.431793
-0.431507
-0.431121
-0.430613
-0.429962
-0.429118
-0.428067
-0.426755
-0.425165
-0.423228
-0.420904
-0.418136
-0.414874
-0.411149
-0.406994
-0.402581
-0.398218
-0.394334
-0.391429
-0.38997
-0.390193
-0.392007
-0.395052
-0.398792
-0.402703
-0.406345
-0.409453
-0.41188
-0.413626
-0.414718
-0.415221
-0.415187
-0.414682
-0.413787
-0.412564
-0.411132
-0.409602
-0.408105
-0.406777
-0.405761
-0.405134
-0.404983
-0.405317
-0.406101
-0.407246
-0.408616
-0.410084
-0.411515
-0.412797
-0.41383
-0.414532
-0.414852
-0.414749
-0.414218
-0.413308
-0.412099
-0.410679
-0.409225
-0.407925
-0.40694
-0.406445
-0.406509
-0.407135
-0.408233
-0.409642
-0.411193
-0.412693
-0.413992
-0.414949
-0.415461
-0.415451
-0.41487
-0.413667
-0.411823
-0.409319
-0.406207
-0.402573
-0.39862
-0.394621
-0.390943
-0.388
-0.386153
-0.385668
-0.386622
-0.388886
-0.392153
-0.396099
-0.400376
-0.404685
-0.40881
-0.412634
-0.416075
-0.419105
-0.421703
-0.423868
-0.425615
-0.426939
-0.427826
-0.428267
-0.428252
-0.427747
-0.426756
-0.425297
-0.423415
-0.4212
-0.418812
-0.416406
-0.414198
-0.412381
-0.411078
-0.410293
-0.409953
-0.409893
-0.40994
-0.409972
-0.409961
-0.409973
-0.410103
-0.410478
-0.411129
-0.412003
-0.413003
-0.413984
-0.414802
-0.415342
-0.415539
-0.41535
-0.41479
-0.413869
-0.412623
-0.411112
-0.409378
-0.407422
-0.405309
-0.403097
-0.400889
-0.39887
-0.397282
-0.396372
-0.396344
-0.397322
-0.399299
-0.402107
-0.405486
-0.409087
-0.412548
-0.415569
-0.417959
-0.419608
-0.420509
-0.420687
-0.420171
-0.418979
-0.417157
-0.414821
-0.412198
-0.4097
-0.407819
-0.406983
-0.407438
-0.409122
-0.411765
-0.415005
-0.418502
-0.422052
-0.425571
-0.429089
-0.43266
-0.436319
-0.440102
-0.443994
-0.447898
-0.451708
-0.455299
-0.458501
-0.461111
-0.462878
-0.463545
-0.462764
-0.460228
-0.45566
-0.448947
-0.440372
-0.430755
-0.421471
-0.414087
-0.409759
-0.408692
-0.410205
-0.413255
-0.417089
-0.421444
-0.426445
-0.43234
-0.43918
-0.446743
-0.454613
-0.462278
-0.469294
-0.475354
-0.480304
-0.484082
-0.486696
-0.488164
-0.488505
-0.487708
-0.485792
-0.482795
-0.478843
-0.474154
-0.469129
-0.464334
-0.460443
-0.458096
-0.457772
-0.459546
-0.463131
-0.467964
-0.473394
-0.478845
-0.483866
-0.488181
-0.491681
-0.494326
-0.496144
-0.497195
-0.497554
-0.497303
-0.496564
-0.495414
-0.49395
-0.492293
-0.49052
-0.488725
-0.486979
-0.485271
-0.483589
-0.481885
-0.480069
-0.478052
-0.475791
-0.473307
-0.470814
-0.468699
-0.4675
-0.46781
-0.469986
-0.47403
-0.479453
-0.485461
-0.491172
-0.495809
-0.498869
-0.500134
-0.499611
-0.497539
-0.494309
-0.490423
-0.486438
-0.482904
-0.480241
-0.478756
-0.478496
-0.479331
-0.480979
-0.483075
-0.485232
-0.487104
-0.488429
-0.488972
-0.488605
-0.487233
-0.484803
-0.481306
-0.476776
-0.471354
-0.465265
-0.458912
-0.452809
-0.447574
-0.443745
-0.441626
-0.441153
-0.441922
-0.443266
-0.44448
-0.445013
-0.444549
-0.443041
-0.440684
-0.437783
-0.434699
-0.431698
-0.428873
-0.426179
-0.423419
-0.420425
-0.417129
-0.413649
-0.410365
-0.407757
-0.40633
-0.40639
-0.407923
-0.410607
-0.413892
-0.417159
-0.419828
-0.421457
-0.421799
-0.420775
-0.418526
-0.415363
-0.411728
-0.408143
-0.405075
-0.402811
-0.401406
-0.400707
-0.400391
-0.400142
-0.39969
-0.398884
-0.397679
-0.396122
-0.394296
-0.3923
-0.390225
-0.388159
-0.386175
-0.384325
-0.382665
-0.381248
-0.380144
-0.379456
-0.379277
-0.379696
-0.38076
-0.382466
-0.384752
-0.387517
-0.390604
-0.393851
-0.397074
-0.400111
-0.402802
-0.404996
-0.406504
-0.407127
-0.406601
-0.404604
-0.400778
-0.39481
-0.386612
-0.376578
-0.365858
-0.35638
-0.350277
-0.348896
-0.351997
-0.358062
-0.365141
-0.371794
-0.377276
-0.381395
-0.384258
-0.386077
-0.387008
-0.387149
-0.386538
-0.385202
-0.383175
-0.380582
-0.377668
-0.374824
-0.372655
-0.371767
-0.372619
-0.375385
-0.379796
-0.3853
-0.391153
-0.396705
-0.401437
-0.405061
-0.407424
-0.408545
-0.40851
-0.407452
-0.405609
-0.403233
-0.400628
-0.398121
-0.396032
-0.394613
-0.394042
-0.394411
-0.395701
-0.39777
-0.400446
-0.403481
-0.406637
-0.40968
-0.412396
-0.414619
-0.416257
-0.417249
-0.417634
-0.417481
-0.416881
-0.415936
-0.414789
-0.413522
-0.412256
-0.411051
-0.41
-0.409234
-0.408924
-0.409268
-0.410465
-0.412644
-0.415761
-0.419543
-0.423566
-0.427279
-0.430073
-0.431401
-0.430802
-0.428029
-0.423097
-0.416477
-0.40918
-0.402706
-0.398535
-0.397478
-0.399254
-0.402625
-0.40604
-0.408261
-0.4086
-0.406851
-0.403254
-0.398323
-0.392864
-0.387909
-0.384549
-0.383614
-0.385359
-0.389378
-0.394804
-0.400643
-0.406097
-0.410687
-0.414192
-0.416612
-0.418035
-0.418611
-0.418454
-0.417718
-0.416495
-0.414887
-0.412978
-0.410862
-0.408648
-0.406454
-0.404407
-0.402623
-0.401206
-0.400266
-0.399842
-0.399964
-0.40061
-0.401698
-0.403088
-0.404565
-0.405908
-0.406882
-0.40722
-0.40669
-0.405157
-0.402576
-0.399111
-0.395142
-0.391287
-0.388275
-0.38673
-0.38694
-0.388704
-0.39147
-0.394523
-0.397222
-0.399089
-0.39986
-0.399374
-0.397621
-0.394565
-0.390196
-0.384525
-0.377663
-0.369848
-0.361578
-0.353631
-0.346964
-0.342557
-0.341083
-0.342635
-0.346746
-0.352492
-0.358849
-0.364966
-0.370226
-0.374295
-0.377111
-0.378741
-0.379347
-0.379135
-0.378349
-0.377232
-0.376002
-0.374853
-0.373937
-0.373336
-0.373083
-0.373159
-0.373501
-0.374042
-0.374702
-0.375407
-0.376098
-0.376728
-0.37728
-0.377715
-0.378039
-0.378233
-0.378313
-0.378273
-0.378104
-0.377828
-0.377446
-0.376963
-0.376421
-0.375824
-0.37518
-0.37454
-0.373923
-0.37337
-0.37294
-0.372679
-0.372668
-0.372978
-0.373716
-0.374944
-0.376693
-0.378985
-0.38176
-0.384918
-0.388313
-0.391789
-0.395208
-0.398444
-0.401405
-0.404056
-0.406371
-0.408399
-0.410183
-0.411789
-0.413316
-0.414797
-0.416308
-0.417877
-0.419541
-0.421275
-0.423069
-0.424887
-0.426708
-0.428479
-0.430188
-0.431816
-0.433362
-0.434835
-0.436238
-0.437592
-0.438915
-0.440213
-0.441499
-0.44276
-0.443943
-0.444996
-0.445806
-0.446264
-0.446194
-0.445429
-0.443774
-0.441095
-0.437279
-0.432444
-0.426916
-0.421351
-0.416658
-0.413818
-0.413592
-0.41622
-0.421355
-0.428243
-0.436003
-0.443838
-0.451129
-0.457454
-0.462567
-0.466346
-0.468836
-0.47023
-0.470891
-0.471309
-0.472063
-0.473672
-0.476457
-0.480472
-0.485468
-0.491022
-0.496656
-0.501897
-0.506358
-0.509735
-0.511797
-0.512356
-0.511283
-0.508471
-0.503866
-0.497522
-0.489623
-0.480565
-0.471003
-0.461894
-0.454335
-0.449317
-0.44745
-0.448659
-0.452299
-0.45734
-0.462835
-0.468101
-0.472824
-0.476986
-0.480686
-0.484049
-0.487123
-0.489806
-0.491939
-0.493353
-0.493927
-0.493606
-0.492455
-0.49063
-0.488334
-0.485799
-0.483286
-0.480972
-0.478988
-0.477382
-0.476158
-0.475234
-0.474503
-0.473877
-0.473244
-0.472546
-0.471736
-0.47083
-0.469852
-0.468859
-0.467904
-0.46703
-0.466216
-0.465384
-0.464396
-0.463064
-0.461207
-0.458647
-0.455252
-0.450991
-0.445955
-0.440349
-0.434518
-0.428926
-0.424088
-0.42047
-0.418355
-0.417761
-0.418417
-0.419873
-0.421637
-0.423287
-0.424616
-0.425608
-0.426433
-0.427347
-0.428589
-0.43028
-0.432404
-0.434827
-0.437338
-0.439744
-0.441908
-0.443754
-0.445285
-0.446553
-0.447667
-0.448714
-0.449809
-0.451017
-0.452385
-0.453916
-0.455585
-0.457319
-0.459056
-0.460694
-0.462148
-0.463358
-0.464275
-0.464836
-0.465039
-0.464851
-0.464243
-0.4632
-0.46168
-0.459657
-0.457069
-0.453884
-0.450072
-0.445671
-0.440774
-0.435594
-0.430477
-0.425919
-0.42244
-0.420554
-0.420556
-0.42244
-0.425839
-0.430158
-0.434684
-0.438722
-0.441748
-0.44339
-0.443448
-0.441891
-0.438886
-0.434746
-0.429957
-0.425141
-0.420893
-0.41774
-0.415922
-0.415462
-0.416175
-0.417819
-0.420159
-0.42298
-0.426108
-0.429372
-0.432591
-0.435612
-0.438289
-0.440509
-0.442247
-0.443508
-0.444359
-0.444866
-0.445111
-0.445218
-0.445254
-0.445272
-0.445314
-0.445342
-0.445321
-0.445178
-0.444782
-0.44401
-0.44274
-0.440846
-0.438249
-0.434923
-0.430954
-0.42651
-0.42184
-0.417256
-0.413102
-0.409638
-0.407043
-0.405385
-0.404659
-0.404808
-0.40574
-0.407299
-0.409315
-0.411562
-0.413856
-0.415993
-0.417883
-0.41947
-0.420799
-0.42193
-0.422939
-0.423863
-0.424695
-0.425368
-0.425776
-0.425754
-0.425127
-0.423779
-0.421643
-0.418833
-0.415554
-0.412271
-0.409517
-0.407837
-0.40755
-0.408698
-0.410966
-0.413859
-0.416844
-0.419465
-0.42148
-0.422796
-0.423445
-0.423544
-0.423269
-0.422825
-0.422383
-0.422121
-0.42215
-0.422548
-0.423314
-0.424361
-0.425542
-0.426611
-0.427283
-0.427212
-0.426066
-0.423642
-0.420045
-0.415828
-0.412083
-0.410181
-0.411209
-0.415364
-0.421868
-0.429299
-0.436297
-0.44196
-0.445938
-0.448288
-0.449299
-0.449337
-0.448769
-0.447942
-0.447086
-0.446358
-0.445823
-0.445513
-0.445359
-0.445313
-0.445313
-0.445321
-0.445356
-0.445455
-0.445715
-0.446245
-0.447087
-0.448267
-0.449682
-0.451156
-0.452417
-0.453188
-0.453197
-0.452228
-0.45018
-0.447048
-0.442986
-0.438282
-0.433352
-0.428651
-0.424668
-0.421817
-0.420341
-0.420284
-0.421493
-0.423698
-0.426513
-0.42959
-0.432654
-0.435487
-0.437958
-0.44003
-0.441678
-0.442925
-0.443764
-0.444237
-0.444361
-0.444199
-0.443828
-0.443371
-0.442974
-0.442785
-0.442911
-0.443408
-0.444262
-0.445384
-0.44658
-0.44768
-0.448491
-0.448888
-0.448768
-0.448105
-0.446926
-0.445293
-0.443295
-0.441028
-0.438574
-0.436001
-0.43337
-0.430753
-0.428216
-0.425909
-0.424
-0.422684
-0.422145
-0.422494
-0.423685
-0.425559
-0.427864
-0.430325
-0.432688
-0.434784
-0.436505
-0.437832
-0.438762
-0.439348
-0.439617
-0.439577
-0.43925
-0.43862
-0.437697
-0.436466
-0.434963
-0.433247
-0.431432
-0.42971
-0.428273
-0.427334
-0.427063
-0.427515
-0.428619
-0.430199
-0.431971
-0.433646
-0.434951
-0.435643
-0.435589
-0.434715
-0.433003
-0.430514
-0.427383
-0.423802
-0.42002
-0.416361
-0.413198
-0.410915
-0.409837
-0.410189
-0.411956
-0.414895
-0.418564
-0.422454
-0.426053
-0.429006
-0.431125
-0.432385
-0.432947
-0.433039
-0.432881
-0.432644
-0.432338
-0.431762
-0.430608
-0.42845
-0.424961
-0.420009
-0.413845
-0.4072
-0.401108
-0.396739
-0.394916
-0.39584
-0.39908
-0.403882
-0.409453
-0.41514
-0.420485
-0.425183
-0.429058
-0.432013
-0.433993
-0.435003
-0.435094
-0.434331
-0.432762
-0.430487
-0.42758
-0.424156
-0.42036
-0.416398
-0.412527
-0.409021
-0.406144
-0.404148
-0.403148
-0.403156
-0.404012
-0.40545
-0.407099
-0.408567
-0.409446
-0.409404
-0.408121
-0.405359
-0.40089
-0.394632
-0.386697
-0.377585
-0.368364
-0.360606
-0.355942
-0.355274
-0.358317
-0.363683
-0.369697
-0.375088
-0.379314
-0.382381
-0.384622
-0.386416
-0.388069
-0.389749
-0.39148
-0.39318
-0.394729
-0.39598
-0.396795
-0.397038
-0.396617
-0.395468
-0.393605
-0.391157
-0.388403
-0.385817
-0.383999
-0.38356
-0.384886
-0.388017
-0.392628
-0.39811
-0.40381
-0.409216
-0.413963
-0.417851
-0.420825
-0.422898
-0.424095
-0.424454
-0.423995
-0.422736
-0.42067
-0.417834
-0.414252
-0.410031
-0.405319
-0.400316
-0.395301
-0.390598
-0.386511
-0.383255
-0.380982
-0.379718
-0.379328
-0.379556
-0.380046
-0.38037
-0.380179
-0.379239
-0.377524
-0.375215
-0.372676
-0.3703
-0.368442
-0.367273
-0.366858
-0.367172
-0.368221
-0.36996
-0.372353
-0.375373
-0.378965
-0.38306
-0.387548
-0.392273
-0.397062
-0.401721
-0.406122
-0.410086
-0.413507
-0.416307
-0.418435
-0.419894
-0.420719
-0.421
-0.420855
-0.420408
-0.419793
-0.419106
-0.418373
-0.417558
-0.416545
-0.41514
-0.413121
-0.410298
-0.406573
-0.401995
-0.396797
-0.391387
-0.386252
-0.381797
-0.378152
-0.375079
-0.372052
-0.368596
-0.36459
-0.360635
-0.357924
-0.357779
-0.360871
-0.366944
-0.375066
-0.384052
-0.392849
-0.40065
-0.406899
-0.411255
-0.413648
-0.414202
-0.413217
-0.411142
-0.408493
-0.405789
-0.403477
-0.401842
-0.400997
-0.400887
-0.401337
-0.402093
-0.402919
-0.403617
-0.40404
-0.404122
-0.403863
-0.403304
-0.40253
-0.401629
-0.400715
-0.399879
-0.399172
-0.398635
-0.398281
-0.398101
-0.398106
-0.398279
-0.398627
-0.399153
-0.399844
-0.400694
-0.401695
-0.4028
-0.403978
-0.405161
-0.406285
-0.407229
-0.407822
-0.407791
-0.406724
-0.404034
-0.398884
-0.390281
-0.377365
-0.360108
-0.340558
-0.323624
-0.315447
-0.319117
-0.332071
-0.34853
-0.363794
-0.375936
-0.385023
-0.391858
-0.397212
-0.401582
-0.405195
-0.408124
-0.410349
-0.411861
-0.412625
-0.412629
-0.411843
-0.410211
-0.407639
-0.403944
-0.39887
-0.392102
-0.38334
-0.372453
-0.359735
-0.346148
-0.333312
-0.323089
-0.316815
-0.314843
-0.316604
-0.321175
-0.327687
-0.335301
-0.343271
-0.350939
-0.357881
-0.363877
-0.368915
-0.373073
-0.376459
-0.379177
-0.381295
-0.3829
-0.38403
-0.384737
-0.385068
-0.385054
-0.384756
-0.384214
-0.383475
-0.382593
-0.381578
-0.380476
-0.37931
-0.37811
-0.376891
-0.375663
-0.374432
-0.373217
-0.372006
-0.370803
-0.369602
-0.368394
-0.367174
-0.365924
-0.364638
-0.363311
-0.361934
-0.360499
-0.359037
-0.357562
-0.356081
-0.354631
-0.353219
-0.351863
-0.350583
-0.349384
-0.348299
-0.34735
-0.346624
-0.346277
-0.346485
-0.347424
-0.349251
-0.352018
-0.355665
-0.360006
-0.364715
-0.36944
-0.373795
-0.377364
-0.379728
-0.380381
-0.378762
-0.374314
-0.366742
-0.356484
-0.345261
-0.336195
-0.332619
-0.336018
-0.344857
-0.355745
-0.365543
-0.372529
-0.376396
-0.377648
-0.37709
-0.375543
-0.373682
-0.372027
-0.370971
-0.370763
-0.371579
-0.373495
-0.376456
-0.380278
-0.384662
-0.389277
-0.393781
-0.397891
-0.40141
-0.404232
-0.406329
-0.407744
-0.408539
-0.408806
-0.408638
-0.408109
-0.407317
-0.406301
-0.405114
-0.403814
-0.402433
-0.401022
-0.399647
-0.398387
-0.397332
-0.396584
-0.396255
-0.396424
-0.397179
-0.398508
-0.400375
-0.402696
-0.405311
-0.408084
-0.410849
-0.41346
-0.41579
-0.417757
-0.419326
-0.420459
-0.421171
-0.42149
-0.421469
-0.421173
-0.420663
-0.419999
-0.419255
-0.418468
-0.417664
-0.416891
-0.41615
-0.4155
-0.414986
-0.414657
-0.414598
-0.414872
-0.415548
-0.41664
-0.418105
-0.419861
-0.42178
-0.423688
-0.425453
-0.426893
-0.427907
-0.428404
-0.428353
-0.427764
-0.426696
-0.42526
-0.423602
-0.421878
-0.420271
-0.418912
-0.417906
-0.417294
-0.41708
-0.417204
-0.41757
-0.418075
-0.418608
-0.419049
-0.419321
-0.419328
-0.419011
-0.418339
-0.417277
-0.415842
-0.414056
-0.411978
-0.409696
-0.40729
-0.404881
-0.402557
-0.400385
-0.398442
-0.396748
-0.39529
-0.39409
-0.393118
-0.392389
-0.391928
-0.391769
-0.391929
-0.392382
-0.393026
-0.393612
-0.393798
-0.393192
-0.391512
-0.388678
-0.384964
-0.381041
-0.377799
-0.376171
-0.376718
-0.379487
-0.383995
-0.389508
-0.395301
-0.400787
-0.405988
-0.409814
-0.412676
-0.414592
-0.415578
-0.415698
-0.414999
-0.413537
-0.411373
-0.408566
-0.405181
-0.401262
-0.396906
-0.39222
-0.387335
-0.382399
-0.37758
-0.37304
-0.36894
-0.365392
-0.362524
-0.360407
-0.359157
-0.358801
-0.359342
-0.36072
-0.362842
-0.365528
-0.368574
-0.371741
-0.374845
-0.377734
-0.380359
-0.38269
-0.384767
-0.386646
-0.388362
-0.38992
-0.391251
-0.392278
-0.392832
-0.392757
-0.391892
-0.390102
-0.387334
-0.383589
-0.378982
-0.373736
-0.368161
-0.362562
-0.357235
-0.352437
-0.348413
-0.34548
-0.344012
-0.34438
-0.346701
-0.350742
-0.355941
-0.361616
-0.367184
-0.372274
-0.376714
-0.380502
-0.383718
-0.386432
-0.388728
-0.390636
-0.392155
-0.393255
-0.393909
-0.394058
-0.393641
-0.392596
-0.390868
-0.388389
-0.38514
-0.381103
-0.376306
-0.370822
-0.364813
-0.358484
-0.352187
-0.346433
-0.34185
-0.339125
-0.338818
-0.341143
-0.345805
-0.352089
-0.359077
-0.365861
-0.371776
-0.376424
-0.379733
-0.381791
-0.382827
-0.383106
-0.382818
-0.382066
-0.380907
-0.379387
-0.377616
-0.375844
-0.374445
-0.373854
-0.374418
-0.376368
-0.379622
-0.383872
-0.388641
-0.393431
-0.3978
-0.401447
-0.404209
-0.406079
-0.40711
-0.407471
-0.407367
-0.406983
-0.406508
-0.406044
-0.405661
-0.405321
-0.404935
-0.40437
-0.40343
-0.401947
-0.399775
-0.396855
-0.393292
-0.389423
-0.385831
-0.383247
-0.382364
-0.38354
-0.386637
-0.391102
-0.396171
-0.40122
-0.405781
-0.409628
-0.412645
-0.414749
-0.415837
-0.415721
-0.414192
-0.411048
-0.406297
-0.4003
-0.394017
-0.389028
-0.387085
-0.38928
-0.39537
-0.403872
-0.412811
-0.420563
-0.426177
-0.42933
-0.430053
-0.428555
-0.425138
-0.420158
-0.414029
-0.40728
-0.400506
-0.394372
-0.3895
-0.38636
-0.385188
-0.385946
-0.388391
-0.392128
-0.396722
-0.401714
-0.406701
-0.411355
-0.415442
-0.418808
-0.421377
-0.423161
-0.424217
-0.424642
-0.424556
-0.424073
-0.423278
-0.422235
-0.420965
-0.41945
-0.417635
-0.415435
-0.412775
-0.409582
-0.405834
-0.401553
-0.396903
-0.392074
-0.387369
-0.383127
-0.37966
-0.377158
-0.37567
-0.375107
-0.375313
-0.376056
-0.377121
-0.378321
-0.379529
-0.380716
-0.382022
-0.383672
-0.385911
-0.388905
-0.392599
-0.396709
-0.400783
-0.404334
-0.406926
-0.408275
-0.408216
-0.406717
-0.403864
-0.399818
-0.394822
-0.389174
-0.383241
-0.377499
-0.372426
-0.368532
-0.366284
-0.366001
-0.367787
-0.371424
-0.376418
-0.382083
-0.387675
-0.392529
-0.396177
-0.398332
-0.39895
-0.398159
-0.396288
-0.393765
-0.391091
-0.388774
-0.387171
-0.386465
-0.38654
-0.387062
-0.387536
-0.387504
-0.386661
-0.38503
-0.383007
-0.381269
-0.380579
-0.381375
-0.383602
-0.386669
-0.389717
-0.391845
-0.39234
-0.390776
-0.386943
-0.380896
-0.372897
-0.363468
-0.353314
-0.343298
-0.334226
-0.326803
-0.321314
-0.317764
-0.315951
-0.315641
-0.316753
-0.319356
-0.323562
-0.329377
-0.33662
-0.344898
-0.353672
-0.362384
-0.370521
-0.377675
-0.383624
-0.388245
-0.391578
-0.393712
-0.394833
-0.395113
-0.394752
-0.393926
-0.392778
-0.391404
-0.38983
-0.388088
-0.386154
-0.383973
-0.381465
-0.378605
-0.375379
-0.371807
-0.36797
-0.363988
-0.36002
-0.356261
-0.352955
-0.350279
-0.348391
-0.347377
-0.347214
-0.347797
-0.34895
-0.350452
-0.352069
-0.353651
-0.355087
-0.356338
-0.357425
-0.358432
-0.359426
-0.360466
-0.361602
-0.362788
-0.363977
-0.36508
-0.365991
-0.366625
-0.366917
-0.366808
-0.366269
-0.365291
-0.363899
-0.362133
-0.360074
-0.35783
-0.355564
-0.353474
-0.351791
-0.350684
-0.350305
-0.350707
-0.351836
-0.353573
-0.35574
-0.358138
-0.360627
-0.363062
-0.36538
-0.367535
-0.369518
-0.371341
-0.373019
-0.374576
-0.376034
-0.377398
-0.378663
-0.379838
-0.380903
-0.38184
-0.382624
-0.383215
-0.383592
-0.3837
-0.383487
-0.382914
-0.381903
-0.380409
-0.37837
-0.375742
-0.372506
-0.368692
-0.364373
-0.359696
-0.354881
-0.350225
-0.346065
-0.342711
-0.34044
-0.339418
-0.339683
-0.341141
-0.343613
-0.34689
-0.350736
-0.354924
-0.359271
-0.363603
-0.367757
-0.371564
-0.37493
-0.377753
-0.380015
-0.381705
-0.382871
-0.383585
-0.383942
-0.384025
-0.383915
-0.383666
-0.383294
-0.382778
-0.382055
-0.381049
-0.379651
-0.377762
-0.375303
-0.37223
-0.368588
-0.364513
-0.360249
-0.356138
-0.352614
-0.35009
-0.348884
-0.349129
-0.350761
-0.353495
-0.356928
-0.360634
-0.364239
-0.367428
-0.370031
-0.371903
-0.372976
-0.373227
-0.372616
-0.371106
-0.368678
-0.365275
-0.360904
-0.355609
-0.349547
-0.343014
-0.336409
-0.330295
-0.325269
-0.321814
-0.320233
-0.320565
-0.322591
-0.325911
-0.329985
-0.334282
-0.3383
-0.341675
-0.344173
-0.345707
-0.346258
-0.345944
-0.344877
-0.343204
-0.341096
-0.33869
-0.336127
-0.333542
-0.331014
-0.328632
-0.326468
-0.324536
-0.322863
-0.321432
-0.320213
-0.319205
-0.318482
-0.31819
-0.318516
-0.319657
-0.321729
-0.32473
-0.328505
-0.332791
-0.337262
-0.341621
-0.345618
-0.349093
-0.351949
-0.354144
-0.355669
-0.356541
-0.356768
-0.356352
-0.355286
-0.353599
-0.351307
-0.348473
-0.345233
-0.341772
-0.338333
-0.335147
-0.332406
-0.330202
-0.328452
-0.326967
-0.325542
-0.324056
-0.322505
-0.321102
-0.320181
-0.32009
-0.321108
-0.323295
-0.326466
-0.330241
-0.334114
-0.337627
-0.340411
-0.34227
-0.343179
-0.343302
-0.342865
-0.342111
-0.34123
-0.340257
-0.339061
-0.337389
-0.334993
-0.331715
-0.327621
-0.32295
-0.318037
-0.313152
-0.30854
-0.30462
-0.302144
-0.302058
-0.304979
-0.310662
-0.31804
-0.325696
-0.332525
-0.337935
-0.34189
-0.344608
-0.346462
-0.347764
-0.348798
-0.34969
-0.350517
-0.351293
-0.351964
-0.352479
-0.352767
-0.352756
-0.352391
-0.351656
-0.350541
-0.349095
-0.347404
-0.345598
-0.343832
-0.342279
-0.341085
-0.34039
-0.340242
-0.340623
-0.341443
-0.342557
-0.34379
-0.344921
-0.345814
-0.346359
-0.346528
-0.346319
-0.345805
-0.345065
-0.344163
-0.343172
-0.342136
-0.341128
-0.340222
-0.339512
-0.33916
-0.339309
-0.340109
-0.341632
-0.343835
-0.346592
-0.349691
-0.352899
-0.355989
-0.358796
-0.361216
-0.363196
-0.364719
-0.365806
-0.366496
-0.366816
-0.366804
-0.366503
-0.365923
-0.365102
-0.364052
-0.362788
-0.361324
-0.359677
-0.357875
-0.355933
-0.353869
-0.351713
-0.349476
-0.347182
-0.344834
-0.34242
-0.339951
-0.337426
-0.334887
-0.332413
-0.330122
-0.328185
-0.326787
-0.3261
-0.326266
-0.32733
-0.329217
-0.331765
-0.334734
-0.337831
-0.340754
-0.343254
-0.345088
-0.346087
-0.346133
-0.345173
-0.343248
-0.340455
-0.336959
-0.333012
-0.328916
-0.324985
-0.32153
-0.318788
-0.316882
-0.315785
-0.31536
-0.315319
-0.315315
-0.314976
-0.313976
-0.312157
-0.309635
-0.306873
-0.304691
-0.303993
-0.305463
-0.309188
-0.314622
-0.320843
-0.326913
-0.332161
-0.336268
-0.339185
-0.341041
-0.342066
-0.34248
-0.342484
-0.342247
-0.341872
-0.341397
-0.340857
-0.340244
-0.339524
-0.338684
-0.337693
-0.33655
-0.335223
-0.333713
-0.332007
-0.330101
-0.327985
-0.325677
-0.323198
-0.320593
-0.317941
-0.31537
-0.313037
-0.311125
-0.309849
-0.3094
-0.309881
-0.311279
-0.313515
-0.316368
-0.319576
-0.322876
-0.326057
-0.328974
-0.331549
-0.33377
-0.335676
-0.337335
-0.338792
-0.340129
-0.341417
-0.342709
-0.344027
-0.34541
-0.346857
-0.348361
-0.349926
-0.351535
-0.353177
-0.354806
-0.356392
-0.357903
-0.359293
-0.360536
-0.361556
-0.362327
-0.362762
-0.362818
-0.362396
-0.361444
-0.359901
-0.35774
-0.354986
-0.351714
-0.348093
-0.344374
-0.340883
-0.338
-0.336067
-0.335332
-0.335899
-0.337743
-0.340696
-0.344508
-0.348929
-0.353718
-0.358645
-0.363511
-0.368136
-0.372396
-0.376203
-0.379556
-0.382473
-0.385013
-0.387291
-0.389391
-0.391414
-0.393406
-0.395394
-0.397352
-0.399258
-0.401029
-0.402625
-0.403973
-0.405044
-0.40579
-0.406167
-0.406135
-0.405648
-0.404643
-0.40308
-0.400943
-0.398271
-0.395195
-0.391962
-0.388931
-0.386487
-0.38502
-0.384809
-0.385941
-0.388239
-0.391296
-0.394613
-0.397726
-0.400415
-0.402763
-0.405127
-0.407948
-0.411633
-0.416335
-0.421905
-0.427939
-0.433942
-0.439485
-0.444233
-0.448026
-0.450802
-0.452534
-0.453223
-0.452872
-0.451461
-0.449009
-0.445595
-0.441434
-0.436874
-0.432374
-0.428414
-0.425339
-0.423252
-0.421978
-0.421076
-0.419998
-0.418227
-0.415393
-0.411316
-0.40605
-0.399842
-0.39308
-0.386203
-0.379592
-0.373487
-0.367875
-0.362515
-0.356987
-0.350999
-0.344681
-0.338939
-0.335408
-0.335899
-0.341412
-0.351461
-0.364244
-0.377601
-0.389801
-0.399887
-0.407595
-0.41312
-0.416919
-0.419562
-0.421642
-0.423607
-0.425765
-0.428137
-0.430603
-0.432889
-0.434738
-0.435916
-0.436284
-0.435797
-0.434438
-0.432279
-0.429407
-0.425943
-0.422042
-0.417852
-0.413559
-0.409321
-0.405339
-0.401733
-0.398625
-0.396025
-0.393943
-0.392299
-0.390997
-0.389928
-0.388943
-0.387925
-0.386776
-0.385474
-0.384061
-0.382729
-0.381787
-0.381634
-0.382661
-0.385106
-0.38895
-0.39387
-0.39939
-0.404966
-0.410136
-0.414617
-0.418273
-0.421105
-0.423193
-0.424654
-0.425613
-0.426174
-0.426443
-0.426456
-0.426218
-0.425689
-0.42484
-0.423591
-0.421862
-0.419566
-0.41668
-0.413209
-0.409258
-0.405034
-0.400849
-0.397102
-0.394222
-0.392569
-0.39232
-0.393386
-0.395436
-0.398031
-0.40067
-0.403019
-0.40494
-0.406481
-0.407882
-0.409477
-0.411565
-0.414322
-0.417716
-0.421584
-0.425613
-0.429498
-0.432998
-0.435906
-0.438123
-0.439595
-0.440277
-0.440147
-0.439139
-0.437181
-0.434203
-0.43019
-0.42527
-0.419797
-0.414396
-0.409955
-0.407511
-0.407889
-0.411551
-0.418262
-0.427196
-0.437185
-0.447064
-0.455887
-0.463107
-0.468485
-0.472018
-0.473866
-0.47425
-0.473412
-0.471591
-0.469052
-0.466057
-0.462842
-0.459639
-0.456683
-0.454169
-0.452256
-0.451033
-0.450537
-0.450744
-0.451574
-0.452916
-0.454624
-0.456555
-0.458535
-0.460359
-0.461837
-0.462718
-0.462797
-0.461869
-0.459842
-0.45672
-0.452734
-0.448262
-0.443852
-0.440118
-0.437577
-0.436441
-0.436604
-0.437634
-0.438936
-0.439911
-0.440004
-0.438797
-0.435998
-0.431348
-0.424687
-0.415913
-0.405186
-0.393179
-0.38144
-0.372553
-0.369373
-0.37351
-0.384069
-0.398157
-0.412549
-0.425057
-0.434774
-0.441699
-0.446292
-0.449094
-0.450591
-0.451156
-0.451062
-0.450473
-0.449502
-0.448238
-0.446731
-0.445046
-0.443237
-0.441376
-0.439526
-0.437729
-0.436049
-0.434514
-0.433108
-0.431839
-0.430667
-0.42954
-0.428402
-0.427166
-0.425781
-0.424166
-0.422249
-0.419981
-0.417351
-0.414379
-0.411104
-0.407623
-0.404042
-0.400478
-0.397067
-0.39392
-0.391129
-0.388744
-0.386742
-0.385041
-0.383494
-0.381912
-0.380079
-0.377896
-0.37535
-0.372559
-0.369753
-0.367217
-0.365222
-0.363982
-0.363606
-0.364143
-0.365589
-0.36793
-0.371104
-0.374979
-0.379316
-0.383763
-0.38793
-0.391442
-0.394041
-0.39554
-0.395867
-0.395055
-0.393179
-0.390381
-0.38685
-0.382822
-0.378568
-0.374393
-0.370635
-0.367552
-0.365313
-0.363966
-0.36348
-0.363703
-0.364468
-0.365614
-0.367009
-0.368517
-0.370025
-0.371413
-0.372557
-0.373358
-0.373775
-0.373781
-0.373413
-0.372765
-0.371973
-0.371195
-0.370566
-0.370235
-0.370261
-0.370669
-0.3714
-0.372409
-0.373595
-0.374847
-0.376095
-0.377267
-0.378316
-0.379219
-0.379968
-0.38055
-0.380982
-0.381257
-0.381388
-0.381357
-0.381151
-0.380738
-0.380063
-0.379052
-0.377605
-0.375574
-0.37283
-0.369173
-0.36446
-0.358584
-0.351541
-0.343554
-0.33515
-0.327249
-0.321129
-0.318149
-0.319285
-0.324637
-0.333296
-0.343679
-0.354072
-0.362995
-0.369475
-0.372955
-0.373228
-0.370407
-0.364923
-0.357585
-0.349541
-0.341996
-0.335834
-0.331308
-0.328012
-0.32536
-0.323181
-0.322002
-0.323011
-0.327421
-0.3356
-0.346644
-0.358623
-0.369487
-0.377708
-0.382551
-0.384023
-0.382678
-0.379422
-0.37538
-0.371528
-0.368535
-0.366543
-0.365325
-0.364456
-0.363548
-0.36237
-0.360796
-0.358735
-0.356155
-0.352971
-0.349128
-0.344635
-0.339677
-0.334546
-0.329644
-0.325478
-0.322526
-0.321233
-0.321861
-0.324398
-0.328553
-0.333743
-0.339226
-0.344261
-0.348205
-0.350544
-0.350976
-0.349427
-0.346147
-0.341747
-0.337312
-0.334145
-0.333446
-0.335819
-0.341008
-0.348098
-0.355871
-0.363306
-0.36975
-0.374928
-0.378816
-0.381556
-0.383345
-0.384364
-0.384798
-0.384782
-0.384415
-0.383769
-0.382883
-0.381794
-0.380542
-0.379128
-0.377606
-0.376031
-0.374492
-0.373084
-0.371941
-0.371198
-0.370958
-0.371293
-0.372193
-0.373577
-0.375342
-0.377314
-0.379329
-0.381244
-0.38293
-0.384308
-0.385299
-0.385906
-0.38612
-0.385948
-0.385443
-0.384639
-0.383571
-0.382275
-0.380798
-0.379139
-0.377326
-0.37535
-0.373216
-0.370936
-0.368568
-0.366191
-0.363936
-0.361964
-0.360477
-0.359697
-0.359789
-0.360869
-0.362954
-0.365976
-0.369718
-0.373881
-0.378206
-0.382363
-0.386164
-0.389468
-0.392179
-0.394304
-0.395902
-0.397052
-0.397847
-0.398404
-0.398822
-0.39917
-0.399494
-0.399812
-0.400089
-0.400269
-0.400282
-0.400004
-0.399354
-0.398236
-0.396607
-0.394482
-0.391925
-0.389086
-0.386196
-0.383506
-0.381293
-0.37978
-0.379078
-0.379211
-0.380064
-0.381463
-0.383134
-0.3848
-0.386143
-0.386894
-0.386754
-0.385472
-0.382848
-0.378832
-0.373625
-0.367803
-0.362343
-0.358445
-0.357169
-0.358867
-0.363117
-0.368878
-0.374973
-0.380484
-0.384893
-0.388029
-0.389953
-0.39084
-0.390878
-0.390261
-0.38915
-0.387691
-0.38601
-0.384208
-0.382383
-0.380633
-0.378987
-0.377504
-0.3762
-0.375083
-0.374195
-0.373545
-0.373213
-0.373267
-0.373793
-0.374857
-0.376505
-0.378703
-0.381388
-0.384444
-0.387721
-0.391061
-0.39433
-0.397425
-0.400247
-0.402754
-0.404911
-0.406705
-0.40815
-0.409246
-0.409997
-0.410433
-0.410562
-0.410422
-0.410008
-0.409346
-0.408466
-0.407392
-0.40617
-0.404837
-0.40348
-0.402173
-0.401026
-0.400159
-0.399673
-0.399662
-0.400213
-0.401376
-0.403134
-0.405414
-0.408046
-0.41087
-0.41367
-0.41628
-0.418621
-0.420662
-0.422482
-0.424203
-0.42595
-0.427815
-0.42979
-0.431773
-0.433646
-0.43525
-0.436477
-0.437235
-0.437502
-0.43728
-0.43658
-0.435428
-0.433794
-0.431662
-0.428988
-0.425783
-0.422066
-0.417986
-0.41377
-0.409763
-0.406359
-0.403919
-0.40272
-0.402799
-0.404021
-0.406113
-0.408654
-0.411205
-0.413258
-0.414213
-0.413408
-0.410165
-0.40404
-0.395277
-0.385375
-0.377174
-0.37397
-0.377518
-0.386798
-0.398782
-0.410405
-0.419877
-0.426766
-0.431405
-0.434454
-0.436546
-0.438152
-0.439539
-0.440833
-0.442041
-0.44313
-0.444039
-0.44473
-0.445194
-0.445423
-0.445458
-0.445326
-0.44507
-0.444717
-0.4443
-0.44382
-0.443274
-0.442636
-0.441855
-0.440892
-0.439693
-0.4382
-0.436366
-0.434143
-0.4315
-0.428398
-0.424836
-0.420818
-0.416391
-0.411642
-0.406736
-0.401898
-0.397412
-0.393561
-0.390532
-0.388455
-0.387269
-0.386817
-0.386907
-0.387338
-0.388006
-0.388863
-0.390039
-0.391739
-0.39422
-0.397723
-0.40228
-0.407732
-0.413661
-0.41949
-0.424663
-0.428694
-0.431241
-0.432145
-0.431405
-0.429183
-0.425815
-0.421798
-0.41775
-0.414283
-0.41188
-0.410798
-0.411021
-0.412367
-0.414533
-0.417201
-0.42006
-0.422826
-0.425289
-0.427292
-0.428779
-0.429791
-0.430418
-0.430815
-0.431112
-0.431468
-0.431933
-0.432536
-0.4332
-0.433811
-0.434193
-0.434185
-0.433588
-0.432282
-0.430186
-0.427334
-0.423891
-0.420087
-0.416152
-0.412218
-0.408292
-0.404293
-0.400188
-0.396142
-0.392555
-0.389987
-0.388855
-0.389228
-0.390711
-0.392523
-0.393691
-0.393318
-0.390678
-0.385475
-0.37804
-0.369487
-0.361605
-0.356153
-0.353968
-0.354517
-0.356478
-0.358859
-0.361799
-0.366512
-0.37435
-0.385693
-0.399626
-0.414412
-0.428332
-0.440257
-0.449694
-0.456647
-0.461378
-0.464218
-0.465518
-0.465583
-0.464621
-0.462811
-0.460304
-0.457217
-0.453688
-0.449907
-0.446142
-0.442685
-0.439847
-0.437883
-0.436897
-0.436852
-0.437537
-0.438641
-0.43981
-0.44074
-0.441202
-0.441037
-0.44018
-0.43865
-0.436538
-0.433955
-0.4311
-0.428174
-0.425397
-0.422946
-0.420957
-0.419463
-0.418471
-0.417905
-0.417711
-0.417813
-0.418172
-0.418718
-0.419411
-0.420194
-0.421008
-0.42181
-0.422556
-0.423216
-0.423806
-0.424352
-0.424923
-0.425565
-0.42634
-0.42729
-0.428438
-0.429788
-0.43129
-0.432904
-0.434577
-0.436226
-0.43779
-0.43921
-0.440428
-0.441423
-0.442181
-0.442693
-0.442984
-0.4431
-0.443077
-0.442952
-0.442749
-0.442469
-0.442091
-0.441542
-0.440746
-0.439552
-0.43779
-0.435302
-0.431889
-0.427475
-0.422086
-0.41598
-0.409645
-0.403799
-0.399217
-0.396474
-0.395744
-0.396744
-0.398907
-0.401623
-0.404406
-0.407002
-0.409371
-0.41165
-0.414004
-0.416608
-0.419528
-0.422713
-0.425993
-0.429107
-0.431718
-0.433489
-0.434044
-0.433018
-0.430029
-0.424841
-0.417491
-0.408574
-0.399466
-0.392228
-0.38883
-0.390125
-0.395317
-0.402446
-0.409393
-0.414756
-0.417953
-0.419038
-0.418458
-0.416852
-0.414911
-0.413264
-0.412401
-0.412516
-0.413537
-0.415155
-0.416953
-0.41851
-0.419503
-0.41966
-0.418837
-0.416935
-0.413922
-0.409868
-0.404959
-0.399532
-0.39415
-0.389511
-0.386321
-0.385044
-0.385776
-0.38818
-0.391669
-0.3956
-0.399478
-0.402988
-0.406016
-0.408569
-0.410733
-0.412582
-0.414202
-0.415662
-0.417026
-0.418317
-0.419551
-0.420743
-0.421893
-0.422992
-0.424046
-0.425037
-0.425965
-0.426787
-0.427501
-0.428072
-0.428454
-0.428637
-0.428591
-0.4283
-0.427757
-0.426972
-0.42602
-0.424956
-0.42386
-0.422819
-0.421923
-0.421174
-0.420543
-0.419945
-0.419244
-0.4183
-0.41695
-0.41514
-0.412831
-0.410068
-0.406949
-0.403585
-0.400027
-0.396221
-0.391944
-0.386907
-0.380841
-0.373707
-0.366008
-0.358845
-0.353706
-0.351761
-0.353292
-0.357574
-0.363531
-0.370372
-0.377801
-0.385736
-0.39399
-0.40212
-0.409581
-0.415901
-0.420837
-0.424335
-0.426523
-0.427578
-0.427678
-0.426981
-0.425603
-0.423582
-0.420925
-0.417604
-0.413564
-0.408778
-0.403226
-0.396982
-0.390198
-0.383177
-0.376425
-0.370632
-0.366632
-0.365212
-0.366785
-0.371187
-0.377633
-0.38504
-0.392408
-0.399025
-0.404537
-0.408847
-0.412082
-0.414402
-0.416014
-0.417093
-0.417767
-0.418125
-0.418215
-0.417997
-0.417416
-0.416338
-0.414552
-0.411778
-0.407689
-0.401951
-0.394414
-0.385315
-0.375557
-0.366827
-0.361164
-0.359978
-0.363253
-0.369454
-0.376424
-0.382348
-0.386169
-0.387555
-0.386616
-0.383762
-0.379518
-0.374522
-0.369441
-0.364931
-0.361578
-0.359829
-0.35993
-0.361972
-0.36579
-0.371053
-0.377229
-0.383711
-0.389917
-0.395407
-0.399869
-0.403184
-0.405369
-0.406544
-0.406867
-0.406522
-0.405711
-0.404595
-0.403323
-0.402033
-0.400813
-0.399735
-0.398843
-0.398149
-0.397675
-0.397426
-0.397409
-0.397624
-0.398079
-0.398748
-0.399646
-0.400765
-0.402076
-0.403528
-0.40506
-0.406574
-0.407944
-0.409036
-0.4097
-0.409818
-0.409305
-0.408149
-0.406441
-0.404396
-0.402336
-0.400631
-0.399609
-0.399448
-0.400072
-0.401248
-0.402614
-0.403813
-0.404579
-0.404737
-0.40425
-0.403152
-0.401501
-0.399365
-0.39679
-0.393848
-0.3906
-0.387143
-0.383586
-0.380007
-0.376405
-0.372797
-0.369319
-0.366515
-0.365321
-0.366734
-0.371225
-0.378364
-0.386885
-0.395357
-0.402622
-0.408168
-0.411927
-0.41424
-0.415599
-0.416546
-0.417516
-0.418763
-0.420233
-0.421627
-0.422454
-0.422209
-0.420567
-0.417535
-0.413509
-0.409338
-0.406069
-0.404599
-0.405309
-0.407886
-0.411556
-0.415457
-0.418886
-0.421483
-0.423139
-0.423896
-0.423849
-0.423109
-0.421707
-0.419651
-0.416933
-0.413517
-0.40941
-0.404621
-0.399241
-0.393431
-0.387425
-0.381536
-0.376115
-0.371547
-0.368165
-0.366205
-0.365773
-0.366816
-0.369112
-0.372316
-0.376043
-0.37982
-0.383278
-0.386125
-0.388197
-0.389461
-0.390004
-0.390028
-0.389784
-0.389526
-0.389394
-0.389425
-0.389437
-0.389079
-0.387877
-0.385252
-0.380651
-0.373631
-0.364146
-0.35281
-0.3412
-0.331694
-0.326628
-0.327148
-0.332604
-0.341124
-0.350696
-0.35987
-0.36793
-0.374662
-0.380078
-0.384259
-0.387322
-0.38933
-0.390347
-0.390442
-0.389635
-0.387981
-0.385518
-0.382318
-0.378492
-0.374198
-0.369593
-0.3649
-0.36031
-0.355987
-0.352025
-0.348463
-0.345316
-0.342653
-0.340583
-0.339249
-0.338785
-0.339239
-0.340589
-0.342676
-0.345254
-0.348061
-0.350838
-0.353379
-0.35558
-0.357425
-0.358996
-0.360403
-0.361769
-0.36323
-0.36486
-0.366713
-0.368776
-0.371028
-0.3734
-0.375841
-0.378287
-0.380673
-0.382974
-0.385133
-0.38712
-0.388933
-0.390543
-0.391945
-0.393137
-0.394104
-0.39482
-0.395249
-0.395354
-0.39508
-0.394377
-0.393194
-0.391497
-0.389321
-0.386671
-0.383615
-0.380215
-0.37658
-0.372762
-0.36883
-0.364877
-0.361086
-0.357793
-0.355583
-0.355087
-0.356816
-0.360845
-0.36666
-0.373266
