0.0484779
0.0484771
0.0484736
0.0484708
0.0484667
0.0484627
0.0484585
0.0484529
0.0484462
0.0484393
0.0484317
0.0484241
0.048415
0.0484064
0.0483973
0.0483871
0.0483763
0.0483655
0.0483536
0.0483411
0.0483286
0.0483144
0.0482998
0.0482845
0.0482686
0.0482525
0.0482343
0.0482147
0.0481956
0.0481752
0.0481543
0.0481316
0.0481086
0.0480857
0.0480609
0.0480347
0.0480078
0.0479787
0.0479495
0.0479177
0.0478861
0.0478529
0.0478184
0.0477821
0.0477443
0.0477053
0.0476654
0.0476225
0.0475777
0.0475322
0.0474855
0.0474371
0.047387
0.0473347
0.0472801
0.0472236
0.0471654
0.0471052
0.0470426
0.0469785
0.0469127
0.0468458
0.0467781
0.0467094
0.0466397
0.0465704
0.0465024
0.0464354
0.0463721
0.0463125
0.0462599
0.0462149
0.0461802
0.0461589
0.0461533
0.0461689
0.0462098
0.0462802
0.0463831
0.046522
0.0467004
0.0469152
0.0471636
0.0474344
0.0477137
0.0479802
0.0482076
0.0483678
0.0484381
0.0483997
0.048249
0.0479918
0.0476481
0.0472465
0.0468182
0.0463972
0.046013
0.0456906
0.0454503
0.0453139
0.0452985
0.0454249
0.0457126
0.0461817
0.0468489
0.0477217
0.0487877
0.0500069
0.0513009
0.0525637
0.0536773
0.0545528
0.0551716
0.0556002
0.0559636
0.0564016
0.0570205
0.0578596
0.0588924
0.0600398
0.0612026
0.0622918
0.063251
0.0640671
0.0647688
0.0654221
0.0661095
0.06691
0.0678587
0.068919
0.0699461
0.0706866
0.0708411
0.0701958
0.0687619
0.0668028
0.0647289
0.0629382
0.0617176
0.0612178
0.0614812
0.06245
0.0639776
0.0658165
0.0676407
0.069114
0.0699968
0.0702144
0.0698544
0.0690813
0.0680512
0.0668635
0.0655679
0.0641825
0.0627162
0.061188
0.0596292
0.0580836
0.0566077
0.0552567
0.0540847
0.053138
0.0524574
0.0520771
0.0520253
0.052324
0.0529859
0.0540058
0.0553432
0.0569071
0.0585437
0.0600438
0.0611849
0.0618049
0.0618636
0.0614513
0.060744
0.0599357
0.0591805
0.0585646
0.0581124
0.0578013
0.0575781
0.0573792
0.0571425
0.0568194
0.0563837
0.0558307
0.0551768
0.0544582
0.0537249
0.0530324
0.0524411
0.0520159
0.0518178
0.0519051
0.0523312
0.0531398
0.0543544
0.0559704
0.0579331
0.0601269
0.0623721
0.0644414
0.066109
0.0672153
0.0677366
0.0678014
0.0676545
0.0675698
0.0677507
0.0682576
0.0689835
0.0696896
0.0700918
0.0699582
0.0691768
0.0677513
0.0657764
0.0633985
0.0607934
0.0581359
0.0555826
0.0532468
0.0511984
0.04947
0.0480678
0.0469848
0.0462068
0.0457168
0.0455001
0.0455442
0.0458349
0.0463623
0.047111
0.0480604
0.0491829
0.0504397
0.051784
0.0531573
0.0544973
0.0557509
0.0568775
0.0578609
0.058707
0.0594438
0.0601171
0.0607768
0.0614716
0.0622359
0.0630804
0.0639764
0.0648346
0.065505
0.0657966
0.0655308
0.0646257
0.0631372
0.0612456
0.0591906
0.0571893
0.055393
0.0538835
0.0526867
0.0517988
0.0511956
0.0508498
0.0507314
0.0508075
0.0510446
0.0514029
0.0518408
0.052313
0.0527841
0.0532369
0.0536795
0.0541536
0.05472
0.0554465
0.0563861
0.0575478
0.0588694
0.0602138
0.0613751
0.0621284
0.0622985
0.0618158
0.060736
0.0592123
0.0574426
0.0556143
0.0538763
0.0523203
0.0509864
0.0498754
0.0489606
0.0482071
0.0475748
0.0470298
0.0465432
0.046101
0.0456938
0.0453238
0.045001
0.0447443
0.0445727
0.0445093
0.0445814
0.044816
0.045239
0.0458774
0.0467529
0.0478818
0.049264
0.0508772
0.0526655
0.0545322
0.0563448
0.0579504
0.0591996
0.0599784
0.0602307
0.0599778
0.0593107
0.0583839
0.0573876
0.0565109
0.0559125
0.0557008
0.0559265
0.056575
0.0575672
0.0587564
0.059941
0.0608933
0.0614044
0.0613426
0.0606985
0.0595893
0.0582224
0.0568315
0.0556231
0.0547422
0.05426
0.0541901
0.0544927
0.0550948
0.0559031
0.0568156
0.057735
0.0585822
0.0593106
0.0599108
0.0604085
0.060848
0.0612675
0.0616899
0.0621092
0.0624969
0.0628111
0.0630049
0.0630344
0.0628626
0.0624601
0.0618036
0.060881
0.0597016
0.0582883
0.0566893
0.0549646
0.0531809
0.0514059
0.0496962
0.0481012
0.0466534
0.0453758
0.0442801
0.04337
0.0426472
0.0421092
0.0417536
0.0415812
0.0415934
0.0417943
0.0421937
0.0427999
0.0436171
0.0446467
0.0458721
0.0472523
0.0487124
0.050142
0.051396
0.0523229
0.0528019
0.0527778
0.0522849
0.0514331
0.0503778
0.0492779
0.0482699
0.0474553
0.0468997
0.0466389
0.0466883
0.047044
0.0476807
0.048557
0.0496102
0.0507715
0.051977
0.0531965
0.0544508
0.0558097
0.0573533
0.0591048
0.060952
0.0626122
0.0637088
0.063969
0.0634028
0.0623174
0.0611423
0.0602325
0.0597735
0.0597949
0.0602325
0.060971
0.0618882
0.0628764
0.0638566
0.0647774
0.0656158
0.0663637
0.0670132
0.0675572
0.0679839
0.0682886
0.0684755
0.0685614
0.0685792
0.068566
0.0685561
0.0685741
0.0686193
0.0686763
0.0687085
0.0686723
0.0685311
0.0682557
0.0678377
0.067288
0.0666336
0.0659122
0.0651704
0.0644537
0.0638111
0.0632883
0.0629309
0.0627856
0.062905
0.0633403
0.0641487
0.065379
0.0670514
0.0691185
0.0714029
0.0735548
0.0750748
0.07548
0.0745412
0.0724301
0.0696148
0.0666229
0.0638515
0.0615142
0.0596754
0.0583046
0.0573244
0.0566288
0.0561121
0.0556745
0.0552341
0.0547233
0.0540903
0.0532958
0.0523145
0.0511431
0.0498091
0.0483649
0.0468816
0.0454322
0.044076
0.0428537
0.0417854
0.0408771
0.0401183
0.0394968
0.0389947
0.0385946
0.038281
0.0380403
0.0378588
0.0377282
0.0376392
0.0375861
0.0375631
0.037565
0.037589
0.0376352
0.0376987
0.0377811
0.0378797
0.0379963
0.0381295
0.0382813
0.0384523
0.0386447
0.038861
0.0391028
0.039372
0.0396736
0.0400086
0.040381
0.0407914
0.0412426
0.041734
0.0422647
0.0428331
0.0434366
0.0440765
0.0447522
0.0454706
0.0462439
0.047091
0.048037
0.0491121
0.0503517
0.0517838
0.0534248
0.0552629
0.0572378
0.0592248
0.0610287
0.0624243
0.0632442
0.0634618
0.0632196
0.0627685
0.0623495
0.0621057
0.062052
0.0620988
0.0621007
0.0619109
0.0614353
0.0606531
0.0596113
0.0584061
0.0571474
0.0559352
0.0548467
0.0539298
0.0532046
0.0526636
0.0522828
0.0520283
0.0518654
0.0517564
0.0516733
0.0515943
0.0515026
0.0513871
0.0512391
0.0510551
0.0508312
0.0505677
0.0502643
0.0499225
0.0495432
0.049128
0.0486825
0.0482188
0.0477561
0.0473193
0.0469391
0.0466429
0.0464582
0.0464066
0.0465038
0.0467572
0.0471658
0.0477237
0.0484109
0.0492047
0.050072
0.0509808
0.0518917
0.0527741
0.0536076
0.0543787
0.0550865
0.0557347
0.0563275
0.0568632
0.0573301
0.0577082
0.0579721
0.0581046
0.0580946
0.0579499
0.0576941
0.0573599
0.0569846
0.0565968
0.0562134
0.0558434
0.0554852
0.055136
0.0547965
0.0544759
0.0541897
0.0539611
0.0538194
0.0537912
0.0539035
0.0541771
0.0546292
0.0552627
0.0560705
0.0570266
0.0580846
0.0591866
0.0602685
0.0612786
0.0621867
0.0629851
0.063667
0.0642056
0.0645397
0.0645966
0.0643419
0.0638232
0.0631876
0.0626477
0.0624239
0.0626696
0.0634104
0.0644728
0.0654562
0.0658427
0.0652478
0.063667
0.0614816
0.0592164
0.0572897
0.0559137
0.0551186
0.0548307
0.0549254
0.0552626
0.0557068
0.0561384
0.0564651
0.0566316
0.0566217
0.0564533
0.0561665
0.0558093
0.0554296
0.0550669
0.0547492
0.054491
0.0542971
0.0541553
0.0540403
0.0539141
0.0537336
0.0534594
0.053067
0.052556
0.0519489
0.0512859
0.050615
0.0499777
0.049406
0.0489144
0.0485039
0.0481653
0.0478853
0.0476525
0.047457
0.0472983
0.0471828
0.0471235
0.0471378
0.0472418
0.0474537
0.0477888
0.0482534
0.0488506
0.0495706
0.0503947
0.0512916
0.0522195
0.053128
0.0539653
0.0546845
0.055242
0.0556077
0.0557594
0.0556886
0.0553988
0.0549126
0.0542672
0.0535158
0.0527188
0.0519369
0.051223
0.0506148
0.0501337
0.0497844
0.0495594
0.0494393
0.0493963
0.0494033
0.0494338
0.0494633
0.0494744
0.0494642
0.0494333
0.0493963
0.0493744
0.0493976
0.0494977
0.0497111
0.050075
0.0506249
0.0513922
0.0523954
0.0536432
0.0551197
0.0567853
0.0585753
0.0604015
0.0621686
0.0637866
0.0651844
0.0663286
0.0672235
0.0679028
0.0684095
0.0687681
0.0689459
0.0688659
0.0684123
0.0674858
0.0660586
0.0641995
0.0620684
0.0598835
0.0578722
0.0562308
0.0551069
0.0545894
0.0547134
0.0554518
0.0567124
0.0583147
0.0599956
0.0614291
0.0622982
0.0623842
0.0616522
0.0602626
0.0585042
0.0566924
0.0550883
0.0538659
0.0531184
0.0528959
0.0532353
0.0541748
0.0557533
0.0579549
0.0606061
0.063255
0.0651764
0.0656536
0.0644426
0.0619643
0.0590018
0.0562459
0.0540701
0.0525724
0.0516994
0.0513408
0.0513737
0.0516834
0.052163
0.0527115
0.0532405
0.0536753
0.0539604
0.0540658
0.0539771
0.0536987
0.0532427
0.052627
0.0518734
0.0510022
0.050037
0.049002
0.0479223
0.046823
0.0457261
0.0446556
0.0436298
0.0426627
0.0417655
0.0409426
0.0401975
0.0395302
0.0389394
0.0384205
0.0379696
0.0375825
0.0372557
0.0369844
0.0367667
0.0366006
0.0364867
0.0364265
0.0364231
0.0364798
0.0366035
0.0368034
0.0370919
0.037481
0.0379877
0.0386307
0.0394287
0.0404009
0.0415627
0.042925
0.0444814
0.0462127
0.0480745
0.0500013
0.0519074
0.0536978
0.0552856
0.0566074
0.0576369
0.0583901
0.0589168
0.0592836
0.0595555
0.0597745
0.0599571
0.0600924
0.0601508
0.0600964
0.0598984
0.0595406
0.0590265
0.0583832
0.0576583
0.0569156
0.0562262
0.0556577
0.0552719
0.0551185
0.0552322
0.0556351
0.0563376
0.0573364
0.0586085
0.0601035
0.0617332
0.0633564
0.0647785
0.0657892
0.0662179
0.0659948
0.0651773
0.0639275
0.0624417
0.0609046
0.0594508
0.058168
0.0571031
0.0562739
0.0556813
0.0553126
0.055147
0.0551582
0.0553162
0.055589
0.0559436
0.0563448
0.0567631
0.0571665
0.0575265
0.0578188
0.0580176
0.0581009
0.0580476
0.0578399
0.057467
0.0569271
0.0562293
0.0553961
0.0544629
0.0534725
0.0524722
0.0515056
0.0506106
0.0498149
0.0491362
0.048584
0.0481606
0.0478647
0.0476912
0.0476341
0.0476902
0.0478568
0.0481317
0.0485138
0.0490019
0.0495898
0.0502657
0.0510074
0.0517762
0.0525197
0.0531609
0.0536085
0.0537723
0.0535805
0.0530073
0.0520867
0.050902
0.049564
0.0481916
0.0468864
0.0457239
0.0447552
0.044012
0.0435166
0.0432881
0.0433456
0.043712
0.0444154
0.0454859
0.0469506
0.0488251
0.051101
0.0537317
0.0566126
0.0595793
0.0624101
0.0648578
0.0666903
0.0677378
0.0679241
0.0672819
0.0659356
0.0640695
0.0618949
0.0596055
0.0573592
0.0552686
0.0534061
0.0518052
0.0504835
0.0494463
0.0486954
0.0482311
0.0480531
0.0481594
0.0485306
0.0491297
0.0498881
0.0506984
0.0514372
0.0519799
0.0522419
0.0522025
0.0519124
0.0514703
0.0509845
0.0505462
0.0502133
0.0500119
0.0499396
0.0499731
0.0500837
0.0502402
0.0504196
0.0506083
0.0508071
0.051032
0.0513143
0.0516895
0.0521947
0.0528468
0.0536319
0.0544969
0.0553422
0.0560455
0.0565059
0.0566893
0.0566555
0.0565447
0.0565307
0.0567645
0.0573353
0.0582453
0.0594073
0.0606516
0.0617591
0.0625236
0.0628346
0.0627323
0.0623985
0.0620927
0.0620631
0.0624805
0.0634051
0.0647925
0.0664956
0.0682794
0.0698541
0.0709188
0.0712279
0.0706602
0.0692465
0.0671555
0.0646383
0.0619628
0.0593649
0.0570244
0.0550584
0.0535359
0.0524872
0.0519203
0.0518262
0.0521855
0.0529565
0.0540642
0.0553764
0.0566958
0.0577691
0.0583444
0.0582591
0.0575033
0.0562252
0.0546667
0.0530722
0.05163
0.0504555
0.0495974
0.049055
0.0487932
0.0487491
0.048844
0.048991
0.0491049
0.0491271
0.0490281
0.0488147
0.0485233
0.0481967
0.047871
0.0475638
0.0472729
0.0469778
0.0466506
0.0462672
0.0458179
0.0453068
0.0447545
0.0441915
0.0436521
0.04317
0.042772
0.0424816
0.0423152
0.0422847
0.042401
0.0426739
0.043105
0.0436993
0.0444556
0.0453615
0.0463898
0.047495
0.0486135
0.0496659
0.050567
0.0512424
0.051648
0.0517741
0.0516479
0.0513202
0.0508555
0.0503238
0.0497935
0.0493256
0.0489825
0.0488161
0.0488749
0.0492021
0.0498297
0.0507792
0.052051
0.0536147
0.055394
0.0572687
0.0590902
0.0607318
0.0621503
0.0634227
0.0647256
0.0662543
0.068128
0.070315
0.0726168
0.0747172
0.0762765
0.0770379
0.0768863
0.0758728
0.0741958
0.07215
0.0700501
0.0681549
0.0666204
0.0654887
0.0647217
0.0642343
0.0639383
0.0637716
0.0636965
0.0636817
0.0636807
0.0636237
0.0634416
0.0631035
0.0626323
0.0620995
0.0615797
0.0611172
0.0607058
0.0603078
0.0598843
0.0594161
0.0589198
0.0584381
0.0580228
0.0577124
0.057518
0.0574172
0.0573547
0.057263
0.0570834
0.0567854
0.056378
0.0559071
0.0554451
0.0550822
0.0549101
0.0550086
0.0554418
0.0562498
0.0574418
0.0589926
0.0608387
0.0628847
0.0649972
0.0670086
0.0687221
0.0699345
0.0704812
0.0703068
0.0694993
0.0682577
0.0668287
0.0654237
0.0641904
0.0631975
0.0624457
0.061864
0.0613224
0.060662
0.0597534
0.0585579
0.0571412
0.0556459
0.0542326
0.0530303
0.052111
0.0514928
0.0511543
0.0510495
0.0511172
0.0512978
0.0515367
0.051792
0.0520341
0.0522437
0.0523935
0.0524477
0.0523576
0.0520732
0.0515679
0.0508422
0.0499404
0.0489343
0.0479036
0.0469231
0.0460486
0.0453175
0.0447542
0.0443723
0.0441753
0.0441671
0.0443486
0.044726
0.0453057
0.046099
0.0471241
0.0484083
0.0499858
0.0518927
0.054159
0.0567703
0.0596219
0.0624578
0.0648631
0.0663704
0.066676
0.0658249
0.064183
0.0622318
0.0603634
0.0587974
0.0576029
0.0567476
0.0561412
0.0556644
0.0551952
0.054625
0.0538885
0.0529748
0.0519254
0.0508119
0.0497125
0.048696
0.0478058
0.0470656
0.0464771
0.0460316
0.0457143
0.0455061
0.0453874
0.0453405
0.0453441
0.0453843
0.0454451
0.0455134
0.0455814
0.0456384
0.0456809
0.0457058
0.045714
0.0457083
0.0456928
0.0456744
0.0456603
0.0456612
0.045685
0.0457434
0.0458461
0.0460075
0.0462413
0.0465617
0.0469914
0.0475553
0.0482824
0.0492044
0.0503548
0.0517616
0.0534418
0.0553873
0.0575533
0.0598522
0.0621443
0.0642425
0.0659289
0.0669671
0.0671663
0.0664425
0.0648848
0.0627485
0.0603813
0.0581188
0.0562086
0.0547888
0.0538979
0.0534948
0.0534724
0.0536768
0.0539393
0.0541191
0.0541625
0.0541244
0.0541395
0.0543606
0.0548794
0.0556615
0.0565353
0.0572355
0.0575205
0.0572966
0.0566674
0.0558758
0.0551885
0.0548107
0.0548547
0.0553574
0.0563048
0.0576514
0.0593171
0.0611687
0.0630076
0.0645754
0.0655997
0.065881
0.0653786
0.0642256
0.0626614
0.0609373
0.0592429
0.0576867
0.056311
0.0551157
0.0540916
0.053225
0.0525089
0.0519398
0.0515148
0.0512292
0.051074
0.0510354
0.0510996
0.051251
0.0514767
0.0517625
0.0520962
0.0524692
0.0528765
0.0533142
0.0537861
0.054305
0.0548858
0.0555517
0.056328
0.0572346
0.0582883
0.0594967
0.0608613
0.0623744
0.0640088
0.0657249
0.0674548
0.0690938
0.0704942
0.0714824
0.071892
0.0716258
0.0707037
0.0692748
0.0675754
0.0658556
0.0643202
0.0630997
0.0622475
0.061758
0.0615914
0.0616838
0.0619648
0.0623654
0.0628147
0.0632434
0.0635822
0.0637702
0.0637639
0.0635472
0.0631396
0.0625916
0.061974
0.0613624
0.0608206
0.0603882
0.0600761
0.0598645
0.05971
0.0595568
0.0593602
0.0590944
0.0587635
0.0583945
0.0580255
0.0576982
0.0574425
0.0572787
0.0572117
0.0572373
0.057336
0.0574797
0.0576286
0.0577384
0.0577598
0.0576509
0.0573766
0.0569148
0.0562597
0.0554176
0.054411
0.0532755
0.052053
0.050794
0.0495464
0.0483548
0.0472512
0.0462612
0.0453987
0.0446697
0.0440751
0.0436114
0.043273
0.0430577
0.0429634
0.0429853
0.0431286
0.0433946
0.0437866
0.0443119
0.0449754
0.0457886
0.046766
0.0479304
0.0493136
0.0509619
0.0529347
0.0552906
0.058063
0.0611876
0.0644189
0.0672642
0.0690646
0.0692965
0.067901
0.0653334
0.0622666
0.0592514
0.0565902
0.0543728
0.0525788
0.0511399
0.0499812
0.0490423
0.0482701
0.0476243
0.0470762
0.0466047
0.0461955
0.0458429
0.0455444
0.0453039
0.0451268
0.0450191
0.0449888
0.0450423
0.045186
0.0454252
0.0457654
0.0462142
0.046776
0.0474586
0.0482668
0.0492065
0.050277
0.0514748
0.0527849
0.0541776
0.0556076
0.0570092
0.0583014
0.0593946
0.0602119
0.0606969
0.0608307
0.0606303
0.0601483
0.059454
0.0586201
0.0577178
0.0568034
0.0559242
0.0551101
0.0543824
0.0537487
0.0532082
0.0527549
0.0523774
0.0520629
0.0517988
0.051577
0.0513912
0.0512472
0.0511599
0.0511491
0.0512463
0.0514887
0.0519129
0.0525433
0.053373
0.0543461
0.0553335
0.0561406
0.0565552
0.0564217
0.0557182
0.0545699
0.0531965
0.0518216
0.0506102
0.0496556
0.048981
0.048575
0.0484017
0.0484259
0.0486134
0.0489418
0.0493987
0.0499819
0.0506991
0.0515618
0.0525779
0.0537433
0.0550243
0.0563507
0.0576045
0.0586354
0.0592924
0.0594819
0.0592
0.058538
0.0576496
0.0567019
0.0558406
0.0551741
0.0547737
0.0546839
0.0549132
0.0554355
0.0561806
0.057032
0.0578515
0.0585105
0.0589251
0.0590823
0.0590229
0.0588126
0.0585127
0.058159
0.0577692
0.0573462
0.0568871
0.0563929
0.0558631
0.0552949
0.0546913
0.0540491
0.0533725
0.052667
0.0519469
0.0512289
0.0505376
0.0498965
0.049332
0.0488726
0.0485463
0.0483796
0.0484
0.048635
0.049109
0.049843
0.0508562
0.0521579
0.0537472
0.0555952
0.0576375
0.0597489
0.0617383
0.0633632
0.0643827
0.0646333
0.0641017
0.0629355
0.0613918
0.0597586
0.0582782
0.0571125
0.0563474
0.0560047
0.0560688
0.0564988
0.0572404
0.0582326
0.0594088
0.0606962
0.0620172
0.0632895
0.0644316
0.0653674
0.0660308
0.066376
0.0663838
0.0660615
0.0654441
0.0645807
0.0635315
0.0623517
0.0610916
0.0597869
0.0584667
0.0571509
0.055856
0.0545946
0.0533755
0.0522087
0.0511005
0.0500574
0.0490841
0.0481825
0.0473565
0.0466035
0.0459224
0.0453098
0.0447596
0.0442649
0.0438179
0.043412
0.0430434
0.0427058
0.0423995
0.0421248
0.0418864
0.0416904
0.0415456
0.0414599
0.0414417
0.0415004
0.0416432
0.041873
0.0421938
0.0426064
0.0431088
0.043698
0.0443676
0.0451086
0.04591
0.0467559
0.0476282
0.0485077
0.0493769
0.0502171
0.0510186
0.051779
0.0525012
0.0531943
0.0538671
0.0545244
0.0551674
0.05579
0.0563877
0.056954
0.0574789
0.0579376
0.0582851
0.0584429
0.0583097
0.0577912
0.0568361
0.0554742
0.0538148
0.0520118
0.0502225
0.0485731
0.0471406
0.0459621
0.0450446
0.0443759
0.0439357
0.0437013
0.0436512
0.0437661
0.0440277
0.0444211
0.0449294
0.0455368
0.0462251
0.0469737
0.0477611
0.0485629
0.0493551
0.0501181
0.0508338
0.0514907
0.0520826
0.0526051
0.0530607
0.0534456
0.0537566
0.0539894
0.0541362
0.05419
0.0541462
0.054009
0.0537872
0.0534994
0.0531682
0.0528216
0.0524852
0.0521809
0.0519157
0.0516872
0.0514786
0.0512645
0.0510244
0.0507464
0.0504407
0.0501313
0.0498616
0.0496805
0.0496309
0.0497469
0.0500462
0.0505275
0.0511725
0.0519465
0.0528033
0.0536833
0.0545224
0.0552502
0.0557968
0.0561018
0.0561159
0.0558214
0.0552312
0.0543938
0.0533846
0.0522899
0.0511941
0.0501625
0.0492409
0.0484521
0.0478026
0.0472862
0.0468873
0.0465904
0.0463766
0.0462305
0.046139
0.0460907
0.0460777
0.0460931
0.0461313
0.0461899
0.0462657
0.0463581
0.0464662
0.046588
0.0467249
0.0468772
0.0470464
0.0472323
0.0474411
0.0476789
0.0479527
0.048273
0.0486486
0.0490894
0.0496051
0.0501975
0.0508658
0.0516025
0.0523972
0.0532369
0.0541137
0.0550271
0.0559831
0.056992
0.0580665
0.0592043
0.0603866
0.0615659
0.0626751
0.0636339
0.064371
0.0648441
0.0650569
0.0650581
0.0649338
0.0647858
0.0647041
0.0647476
0.0649169
0.0651327
0.0652411
0.0650537
0.064417
0.0632887
0.0617719
0.0600759
0.0584426
0.0570824
0.056148
0.0557361
0.0558931
0.0566189
0.0578387
0.0593688
0.0608959
0.0620283
0.0624407
0.0620367
0.0610019
0.0596894
0.0584391
0.0574635
0.0568205
0.0564612
0.0562799
0.0561625
0.0560272
0.0558387
0.0556111
0.0553857
0.0552067
0.0550995
0.0550627
0.0550736
0.0551093
0.0551627
0.055258
0.0554539
0.0558272
0.0564585
0.0573956
0.0586181
0.0599933
0.0612311
0.0619288
0.0617071
0.0604189
0.0582472
0.0556162
0.052978
0.0506648
0.048848
0.047581
0.0468501
0.0466143
0.04683
0.0474492
0.0484257
0.0497105
0.0512355
0.0529057
0.0545947
0.0561467
0.0573977
0.0582265
0.0585931
0.0585662
0.058287
0.0579149
0.0575645
0.0572659
0.0569735
0.0565934
0.0560371
0.0552734
0.0543433
0.0533489
0.0524146
0.0516571
0.0511625
0.0509803
0.0511334
0.0516235
0.0524383
0.0535504
0.0549221
0.0564984
0.0582034
0.0599348
0.0615652
0.062942
0.0639081
0.0643279
0.0641238
0.0632993
0.0619446
0.0602071
0.0582623
0.0562729
0.054371
0.0526487
0.0511665
0.0499497
0.0490127
0.0483511
0.0479572
0.047817
0.0479091
0.0482086
0.0486842
0.0493047
0.050038
0.050861
0.0517681
0.052775
0.0539181
0.0552442
0.0567958
0.0585848
0.0605676
0.0626256
0.0645823
0.0662425
0.067461
0.0681912
0.0684836
0.0684321
0.0681217
0.0675985
0.066875
0.0659601
0.0648765
0.0636717
0.0624229
0.0612188
0.0601447
0.0592643
0.0586096
0.0581778
0.0579314
0.0578062
0.057721
0.0576
0.0573824
0.0570421
0.0565866
0.0560581
0.0555212
0.0550452
0.0546916
0.0545068
0.0545106
0.0546929
0.0550175
0.0554158
0.0558003
0.0560762
0.0561618
0.0560185
0.0556531
0.0551183
0.0544948
0.0538667
0.0533015
0.052842
0.0525141
0.0523213
0.0522597
0.052319
0.052488
0.0527529
0.0531007
0.0535194
0.0539923
0.0545053
0.0550438
0.0555963
0.0561531
0.0516999
0.0522022
0.0526913
0.0531687
0.0536328
0.054073
0.0544661
0.054773
0.0549422
0.0549134
0.0546384
0.054091
0.0532825
0.0522602
0.0510972
0.0498669
0.0486376
0.0474607
0.0463673
0.0453724
0.0444834
0.0437029
0.0430293
0.0424604
0.0419935
0.0416251
0.0413486
0.0411582
0.0410442
0.0409956
0.0410009
0.0410475
0.041121
0.0412066
0.0412926
0.0413655
0.0414191
0.0414475
0.0414528
0.0414401
0.0414226
0.0414194
0.0414538
0.0415559
0.0417538
0.0420765
0.0425505
0.0431978
0.044032
0.0450626
0.0462891
0.0477126
0.0493387
0.0511901
0.0532985
0.0556853
0.0583107
0.0610042
0.0634263
0.0651293
0.0657533
0.0652279
0.06381
0.0619213
0.0599444
0.0581349
0.0566273
0.0554768
0.0547071
0.054331
0.054364
0.0548168
0.0556888
0.0569452
0.0584834
0.0601123
0.0615498
0.062489
0.0627032
0.0621433
0.0609524
0.0593982
0.0577674
0.0562961
0.0551343
0.0543485
0.0539273
0.0537885
0.0537955
0.0537771
0.0535764
0.0530887
0.0522963
0.0512625
0.050098
0.0489232
0.0478323
0.0468816
0.0460938
0.0454622
0.0449688
0.0445912
0.0443119
0.044122
0.0440266
0.0440404
0.044188
0.0444974
0.0449927
0.0456851
0.0465605
0.0475733
0.0486374
0.0496291
0.0504072
0.0508384
0.0508357
0.0503886
0.0495653
0.0484963
0.0473337
0.0462172
0.0452599
0.0445359
0.0440888
0.0439383
0.0440891
0.0445305
0.0452461
0.0462015
0.0473429
0.048585
0.0498115
0.0508867
0.0516774
0.052087
0.0520866
0.0517115
0.0510459
0.0501895
0.0492288
0.0482307
0.0472359
0.0462692
0.0453485
0.0444835
0.0436838
0.0429552
0.0423018
0.041722
0.0412133
0.0407732
0.0403972
0.0400791
0.0398135
0.0395959
0.0394233
0.0392909
0.0391988
0.0391435
0.0391242
0.0391398
0.0391876
0.0392669
0.0393761
0.03951
0.0396681
0.0398447
0.0400343
0.040229
0.0404249
0.0406127
0.0407866
0.0409367
0.0410563
0.0411427
0.0411888
0.0411946
0.0411591
0.0410837
0.0409714
0.0408286
0.0406612
0.0404754
0.0402802
0.0400829
0.0398888
0.0397074
0.0395432
0.0394024
0.0392896
0.0392097
0.0391669
0.0391637
0.0392049
0.0392921
0.0394271
0.039611
0.0398436
0.040123
0.0404425
0.0407972
0.0411776
0.0415728
0.0419685
0.0423519
0.0427089
0.0430262
0.0432965
0.0435123
0.0436703
0.0437735
0.0438294
0.0438458
0.0438389
0.0438251
0.0438239
0.0438528
0.0439347
0.0440841
0.0443189
0.0446518
0.0450912
0.0456388
0.0462892
0.0470279
0.04783
0.0486578
0.0494689
0.0502224
0.0508814
0.0514315
0.0518767
0.0522457
0.0525863
0.0529551
0.0534122
0.0540034
0.0547493
0.0556312
0.0565773
0.0574738
0.0581804
0.058579
0.0586099
0.0582796
0.0576502
0.0568008
0.0558037
0.0547117
0.0535703
0.0524207
0.0513071
0.050273
0.0493606
0.0486054
0.0480362
0.0476685
0.0475119
0.0475645
0.0478169
0.048249
0.0488384
0.0495567
0.0503766
0.0512701
0.0522205
0.0532133
0.0542383
0.0552843
0.0563276
0.0573311
0.0582395
0.0589924
0.0595353
0.0598289
0.0598523
0.0596054
0.0591006
0.0583706
0.0574707
0.0564801
0.0554919
0.054595
0.0538584
0.0533213
0.0529861
0.0528235
0.052777
0.0527733
0.052724
0.052543
0.0521602
0.051536
0.050678
0.0496298
0.0484673
0.0472729
0.0461214
0.0450669
0.0441422
0.0433633
0.0427344
0.0422538
0.041916
0.0417167
0.0416487
0.0417023
0.0418651
0.0421142
0.0424216
0.0427492
0.043053
0.0432928
0.0434392
0.0434824
0.0434362
0.0433391
0.0432399
0.0431915
0.0432405
0.0434146
0.0437264
0.0441672
0.0447167
0.0453493
0.0460391
0.0467737
0.0475485
0.0483673
0.0492353
0.0501501
0.0510997
0.0520602
0.0530062
0.0539169
0.0547851
0.055621
0.0564486
0.0573075
0.0582372
0.0592751
0.0604397
0.0617225
0.0630788
0.064427
0.0656508
0.0666182
0.0672183
0.0673923
0.0671496
0.0665606
0.0657261
0.0647446
0.0636921
0.0626174
0.0615429
0.0604779
0.059428
0.0584024
0.0574151
0.0564877
0.055643
0.0548943
0.0542517
0.0536999
0.0532004
0.0527022
0.0521429
0.0514717
0.0506723
0.0497727
0.0488465
0.0479999
0.0473524
0.047015
0.0470702
0.0475587
0.0484711
0.0497366
0.0512415
0.0528639
0.0545134
0.0561592
0.0578106
0.0594591
0.0610336
0.0624032
0.0634369
0.0640627
0.0642806
0.0641414
0.0637119
0.0630716
0.0623105
0.0615241
0.0607967
0.0601845
0.0597034
0.0593326
0.0590299
0.058746
0.0584323
0.0580556
0.0575991
0.0570608
0.0564546
0.0558011
0.0551318
0.054478
0.0538741
0.0533488
0.0529279
0.0526308
0.0524716
0.0524565
0.0525899
0.0528769
0.0533266
0.0539483
0.0547518
0.0557315
0.0568586
0.0580587
0.059212
0.0601618
0.0607461
0.0608491
0.0604415
0.0595953
0.0584585
0.0572034
0.0559801
0.0548758
0.053915
0.0530657
0.052264
0.0514421
0.0505575
0.0496002
0.0485967
0.0475944
0.0466434
0.0457777
0.0450106
0.0443371
0.0437419
0.0432124
0.0427465
0.0423546
0.0420621
0.0419
0.0418991
0.0420838
0.0424667
0.0430468
0.0438036
0.0447014
0.0456864
0.0466989
0.0476702
0.0485394
0.0492618
0.0498121
0.0501846
0.0503929
0.050456
0.050395
0.0502212
0.0499423
0.04956
0.0490781
0.0485045
0.0478546
0.0471512
0.046425
0.0457034
0.0450149
0.0443881
0.0438442
0.043401
0.0430717
0.0428585
0.0427556
0.0427508
0.0428202
0.0429326
0.0430517
0.0431416
0.0431727
0.0431272
0.0429963
0.0427909
0.0425288
0.0422361
0.0419378
0.0416578
0.0414139
0.0412201
0.0410845
0.041014
0.041015
0.0410937
0.0412577
0.0415202
0.0418955
0.042399
0.0430461
0.043845
0.0447897
0.0458478
0.0469555
0.0480089
0.048882
0.0494558
0.0496576
0.0494893
0.0490326
0.0484124
0.0477621
0.0471877
0.0467591
0.0465117
0.0464571
0.0465922
0.0469086
0.0473915
0.0480186
0.0487589
0.0495652
0.050383
0.0511437
0.0517771
0.0522169
0.0524095
0.0523246
0.0519642
0.0513644
0.050594
0.0497483
0.0489336
0.0482568
0.0478127
0.0476731
0.0478817
0.0484468
0.0493217
0.0504049
0.0515288
0.0524857
0.0530736
0.0531586
0.0527267
0.0518744
0.0507696
0.0495816
0.0484468
0.0474466
0.0466165
0.0459602
0.0454646
0.0451047
0.044859
0.044702
0.0446136
0.0445748
0.0445631
0.0445641
0.0445578
0.0445288
0.0444675
0.0443723
0.0442543
0.0441356
0.044049
0.04403
0.0441106
0.0443095
0.0446286
0.0450432
0.0455073
0.0459584
0.046332
0.0465719
0.0466462
0.0465521
0.0463169
0.0459916
0.0456408
0.0453334
0.0451335
0.0450891
0.0452292
0.0455549
0.0460425
0.0466473
0.0473025
0.0479366
0.0484809
0.0488873
0.0491376
0.0492459
0.0492547
0.049222
0.0492041
0.0492479
0.0493754
0.0495898
0.0498743
0.0501988
0.0505312
0.0508385
0.0510888
0.0512541
0.0513023
0.0512006
0.0509181
0.0504356
0.0497553
0.0489031
0.0479299
0.0468973
0.045873
0.0449102
0.0440459
0.043299
0.0426743
0.0421661
0.0417606
0.0414424
0.0411971
0.0410115
0.0408736
0.0407766
0.0407181
0.0406965
0.0407158
0.0407814
0.0409004
0.0410854
0.0413466
0.0416981
0.0421552
0.042733
0.0434497
0.0443212
0.0453662
0.0466013
0.0480425
0.0497
0.0515778
0.0536659
0.0559304
0.0583064
0.0606872
0.0629246
0.064852
0.066311
0.0671967
0.0674835
0.0672216
0.0665139
0.0654734
0.0642073
0.0628064
0.0613413
0.0598697
0.0584365
0.057079
0.0558264
0.0547008
0.0537204
0.0529038
0.0522646
0.0518214
0.0515958
0.0516138
0.0519048
0.0524984
0.0534181
0.0546624
0.0561877
0.0578889
0.0595863
0.0610502
0.062066
0.0625203
0.062447
0.06201
0.0614189
0.0608469
0.0603927
0.0600797
0.059889
0.059791
0.0597521
0.0597507
0.0597639
0.0597654
0.0597235
0.0596073
0.0593908
0.0590591
0.0586131
0.0580668
0.0574458
0.0567786
0.0560958
0.0554198
0.0547669
0.0541435
0.0535417
0.0529475
0.0523343
0.0516749
0.0509488
0.050139
0.0492483
0.0482903
0.047291
0.0462779
0.0452812
0.0443267
0.0434391
0.0426418
0.0419622
0.041429
0.0410733
0.0409223
0.0410004
0.0413253
0.0419004
0.0427164
0.0437407
0.0449146
0.0461525
0.0473444
0.0483708
0.0491282
0.0495613
0.0496822
0.0495711
0.0493619
0.0491979
0.0491877
0.0493612
0.0496468
0.0498775
0.0498482
0.0494056
0.048529
0.0473482
0.0460782
0.0449344
0.0440759
0.0435828
0.0434686
0.0437101
0.0442536
0.0450328
0.0459709
0.0469894
0.0480089
0.0489593
0.0497865
0.0504576
0.0509639
0.0513194
0.0515557
0.0517087
0.0518137
0.0518945
0.0519597
0.0520076
0.0520223
0.0519843
0.0518693
0.0516558
0.051331
0.0508896
0.0503406
0.0497001
0.0489925
0.0482494
0.0475001
0.0467762
0.0460989
0.0454909
0.0449684
0.0445408
0.0442148
0.043992
0.0438722
0.0438505
0.0439228
0.04408
0.044313
0.0446126
0.0449715
0.0453831
0.045846
0.0463646
0.0469527
0.0476323
0.0484379
0.049416
0.0506202
0.0521055
0.0539006
0.055988
0.0582639
0.0605037
0.0623731
0.0635041
0.0636158
0.062627
0.0606826
0.0580853
0.0551861
0.052295
0.0496269
0.0473068
0.0453764
0.0438278
0.0426213
0.0417047
0.0410172
0.040498
0.0400899
0.0397403
0.0394032
0.0390464
0.0386487
0.0382042
0.0377213
0.0372135
0.0367031
0.0362116
0.0357572
0.0353582
0.0350243
0.0347633
0.0345777
0.0344695
0.0344378
0.0344801
0.0345941
0.0347746
0.0350147
0.0353109
0.0356527
0.0360293
0.0364266
0.0368298
0.0372256
0.0375952
0.0379261
0.0382068
0.0384348
0.0386118
0.0387463
0.0388522
0.0389466
0.0390501
0.0391804
0.0393569
0.0395944
0.0399042
0.0402933
0.0407645
0.041315
0.041938
0.0426203
0.0433425
0.0440793
0.0448036
0.0454897
0.046117
0.0466754
0.0471691
0.0476185
0.048053
0.0485068
0.0490088
0.049579
0.0502197
0.0509144
0.0516283
0.052309
0.0528997
0.0533448
0.0536067
0.0536706
0.0535528
0.0532928
0.0529516
0.0525914
0.052274
0.0520454
0.0519352
0.0519589
0.0521078
0.0523637
0.0526955
0.0530631
0.0534215
0.0537256
0.053931
0.0539951
0.0538863
0.0535931
0.0531269
0.052519
0.0518185
0.0510822
0.0503624
0.0497091
0.0491602
0.0487462
0.0484874
0.0483973
0.0484783
0.0487257
0.0491263
0.0496615
0.0503082
0.0510407
0.0518338
0.0526658
0.0535144
0.05436
0.0551905
0.0559946
0.0567638
0.0574886
0.0581596
0.0587595
0.059266
0.0596536
0.0598989
0.0599895
0.0599266
0.0597243
0.0594138
0.0590352
0.0586358
0.0582584
0.0579401
0.057703
0.0575505
0.0574604
0.0573836
0.0572569
0.0570058
0.0565718
0.0559267
0.0550851
0.0541017
0.0530562
0.0520287
0.051081
0.0502445
0.0495222
0.0488874
0.0483102
0.0477581
0.0472118
0.0466636
0.046121
0.045604
0.0451322
0.0447304
0.0444231
0.044232
0.0441779
0.0442783
0.0445485
0.0450022
0.0456495
0.0464946
0.0475319
0.0487441
0.0500948
0.0515234
0.0529439
0.0542443
0.0552908
0.0559523
0.0561248
0.055761
0.0548859
0.0535981
0.0520369
0.0503629
0.0487185
0.0472169
0.0459335
0.0449078
0.0441484
0.0436354
0.0433286
0.0431666
0.0430779
0.0429924
0.0428504
0.0426162
0.0422845
0.0418748
0.0414266
0.0409797
0.0405711
0.0402228
0.0399449
0.0397335
0.0395778
0.0394597
0.0393644
0.0392758
0.0391832
0.0390816
0.0389708
0.0388556
0.0387423
0.0386442
0.0385732
0.03854
0.0385557
0.0386265
0.0387579
0.038948
0.0391951
0.0394938
0.0398338
0.040206
0.0406014
0.0410144
0.0414423
0.041891
0.0423729
0.042911
0.0435343
0.0442772
0.0451701
0.0462266
0.0474192
0.0486655
0.0498155
0.0506715
0.0510498
0.0508614
0.0501588
0.0491135
0.0479477
0.0468536
0.0459553
0.0453002
0.0448792
0.0446551
0.0445791
0.0446061
0.0447075
0.0448724
0.0451065
0.0454249
0.0458441
0.0463836
0.0470528
0.0478574
0.0487932
0.0498499
0.0510028
0.0522186
0.0534453
0.0546225
0.0556775
0.0565258
0.0570911
0.0573061
0.0571455
0.0566323
0.0558459
0.0548973
0.0539031
0.052957
0.0521137
0.0513905
0.0507744
0.0502388
0.049752
0.0492916
0.0488409
0.0483955
0.047956
0.0475281
0.0471147
0.0467194
0.0463446
0.0459951
0.0456788
0.0454062
0.0451919
0.0450553
0.0450191
0.0451045
0.0453374
0.0457386
0.0463301
0.0471296
0.0481478
0.0493879
0.0508337
0.0524499
0.0541708
0.0558995
0.0575068
0.0588527
0.0598065
0.0602793
0.0602489
0.0597654
0.0589375
0.0579044
0.0568023
0.0557415
0.0547995
0.0540172
0.0534095
0.0529734
0.0526992
0.0525838
0.0526367
0.0528902
0.0533987
0.0542245
0.05541
0.056917
0.0585584
0.0599576
0.0606263
0.0601847
0.0585942
0.0561858
0.0534568
0.0508316
0.0485507
0.0466898
0.0452254
0.0440926
0.0432236
0.0425579
0.0420499
0.0416647
0.0413808
0.0411836
0.0410633
0.0410128
0.0410281
0.0411004
0.0412199
0.0413723
0.0415361
0.0416858
0.0417957
0.0418372
0.0417896
0.0416439
0.0414029
0.0410807
0.0407029
0.0403022
0.0399093
0.0395511
0.0392505
0.0390201
0.0388692
0.038797
0.0387968
0.0388586
0.0389657
0.0391006
0.0392405
0.0393624
0.0394449
0.0394703
0.039426
0.0393074
0.0391181
0.0388704
0.0385804
0.0382707
0.0379687
0.0376994
0.0374879
0.0373561
0.037327
0.0374224
0.0376627
0.0380688
0.0386606
0.0394556
0.0404667
0.0416971
0.0431308
0.0447256
0.0464045
0.0480509
0.0495227
0.0506766
0.0514157
0.0517174
0.0516425
0.0513135
0.050877
0.0504637
0.0501711
0.050054
0.0501318
0.0503928
0.0507979
0.0512858
0.0517802
0.0521973
0.0524588
0.0525087
0.0523264
0.0519287
0.0513669
0.050709
0.050026
0.0493735
0.0487886
0.048282
0.0478417
0.0474392
0.0470393
0.046607
0.0461182
0.045566
0.0449573
0.0443167
0.0436729
0.0430583
0.0424985
0.0420167
0.0416255
0.0413338
0.0411432
0.041055
0.0410653
0.0411709
0.0413644
0.0416384
0.0419848
0.0423951
0.0428597
0.0433712
0.0439228
0.0445103
0.0451291
0.0457787
0.0464599
0.0471717
0.0479096
0.0486648
0.049418
0.0501371
0.0507807
0.0512947
0.0516305
0.0517477
0.0516267
0.0512732
0.0507184
0.0500085
0.049204
0.0483619
0.0475381
0.046785
0.0461476
0.0456715
0.0453974
0.0453675
0.0456194
0.0461892
0.0471087
0.0483985
0.0500664
0.0520983
0.0544542
0.057065
0.0598369
0.0626588
0.0654166
0.0680096
0.0703628
0.0724315
0.0741829
0.0755797
0.0765599
0.0770472
0.0769926
0.0764105
0.0753881
0.0740438
0.0724873
0.070803
0.0690617
0.067349
0.0657524
0.0643424
0.0631378
0.0620986
0.0611365
0.0601456
0.0590361
0.0577632
0.0563384
0.0548214
0.0533056
0.0518907
0.0506646
0.0496994
0.0490444
0.0487264
0.0487501
0.0490924
0.0496938
0.0504459
0.0511994
0.0517747
0.0520095
0.0518112
0.051188
0.0502469
0.0491413
0.0480249
0.0470166
0.0461829
0.0455439
0.0450889
0.0447779
0.0445619
0.0443855
0.0441975
0.0439622
0.0436588
0.0432913
0.0428812
0.042462
0.0420674
0.041731
0.0414759
0.0413141
0.0412506
0.0412787
0.0413879
0.0415631
0.0417881
0.0420417
0.0423063
0.0425635
0.0427964
0.0429912
0.0431371
0.0432265
0.0432547
0.0432198
0.0431258
0.0429774
0.042783
0.0425538
0.0423037
0.0420479
0.0418035
0.0415902
0.0414217
0.0413119
0.0412658
0.0412801
0.0413386
0.0414118
0.0414593
0.0414313
0.041282
0.0409803
0.0405154
0.0399001
0.0391703
0.0383739
0.0375627
0.0367817
0.036067
0.0354443
0.0349268
0.0345238
0.0342395
0.0340765
0.0340381
0.0341275
0.0343524
0.0347188
0.0352336
0.0359006
0.0367171
0.0376644
0.0386992
0.0397593
0.0407574
0.0415982
0.0422016
0.0425341
0.0426167
0.0425254
0.0423659
0.0422445
0.0422466
0.042425
0.0427952
0.0433433
0.0440286
0.0447912
0.0455667
0.0462943
0.0469329
0.0474615
0.0478873
0.0482335
0.0485355
0.0488253
0.0491327
0.0494832
0.0498954
0.0503875
0.0509759
0.0516723
0.0524844
0.0534084
0.0544253
0.0554898
0.0565191
0.0573925
0.0579646
0.058106
0.0577521
0.0569392
0.055801
0.0545286
0.0533149
0.0523104
0.0516037
0.051216
0.0511006
0.0511551
0.0512408
0.0512131
0.0509661
0.0504622
0.0497376
0.0488824
0.0479984
0.0471717
0.0464565
0.0458742
0.0454202
0.0450782
0.0448284
0.0446478
0.0445198
0.0444301
0.0443716
0.0443418
0.0443419
0.044378
0.0444615
0.0446072
0.0448329
0.0451579
0.0456021
0.0461831
0.0469094
0.0477782
0.0487653
0.0498216
0.0508631
0.0517851
0.0524758
0.0528488
0.0528641
0.052543
0.0519524
0.0511892
0.0503453
0.0494982
0.0486969
0.0479713
0.0473305
0.0467725
0.0462884
0.0458649
0.0454873
0.0451402
0.0448091
0.0444846
0.0441564
0.0438217
0.0434774
0.0431251
0.0427719
0.042422
0.0420845
0.0417704
0.0414858
0.0412404
0.0410431
0.0408982
0.0408106
0.0407814
0.0408053
0.0408747
0.0409759
0.0410904
0.041196
0.041268
0.0412825
0.0412223
0.0410773
0.0408503
0.0405522
0.0402028
0.0398288
0.0394504
0.0390934
0.0387746
0.0385086
0.0383031
0.0381611
0.0380838
0.0380658
0.0381039
0.0381914
0.0383222
0.0384886
0.038681
0.0388929
0.0391166
0.0393453
0.0395721
0.039794
0.0400049
0.0402047
0.0403896
0.040563
0.0407247
0.0408814
0.0410353
0.0411917
0.0413517
0.0415216
0.0417018
0.041892
0.0420915
0.0422985
0.0425117
0.0427303
0.0429562
0.0431932
0.0434494
0.0437334
0.0440577
0.0444341
0.0448772
0.0453963
0.0459977
0.0466867
0.0474579
0.0483001
0.0491928
0.0501052
0.0509946
0.051813
0.0525097
0.05304
0.0533741
0.0535061
0.0534674
0.0533157
0.0531333
0.0530051
0.0529963
0.053137
0.0534028
0.053701
0.0538859
0.0537898
0.05328
0.0523126
0.0509506
0.0493411
0.0476513
0.0460311
0.0445793
0.0433452
0.0423435
0.0415649
0.0409889
0.0405868
0.0403336
0.0402028
0.0401692
0.0402101
0.0403049
0.0404349
0.0405832
0.0407382
0.0408958
0.0410544
0.0412206
0.0414048
0.0416198
0.041876
0.0421757
0.0425086
0.0428453
0.0431383
0.0433335
0.0433765
0.0432362
0.0429144
0.0424464
0.0418977
0.0413445
0.0408598
0.0405025
0.0403094
0.0402983
0.0404648
0.0407895
0.0412351
0.0417445
0.04225
0.0426779
0.0429624
0.0430569
0.0429443
0.0426394
0.0421851
0.0416356
0.0410507
0.0404818
0.0399673
0.0395374
0.0392073
0.0389868
0.0388817
0.0388938
0.0390227
0.0392639
0.039613
0.0400641
0.0406048
0.041219
0.0418894
0.0425943
0.0433104
0.0440173
0.0446955
0.0453309
0.0459145
0.0464377
0.0468934
0.0472721
0.047567
0.047767
0.0478692
0.0478756
0.0477912
0.0476261
0.0473938
0.047106
0.0467777
0.0464216
0.0460537
0.0456876
0.0453373
0.0450132
0.0447233
0.0444672
0.0442378
0.0440271
0.0438236
0.0436189
0.0434159
0.0432219
0.0430578
0.0429484
0.0429186
0.0429851
0.0431521
0.0434021
0.0436969
0.0439756
0.0441666
0.0442
0.0440257
0.0436279
0.0430291
0.0422778
0.0414378
0.0405726
0.0397339
0.0389567
0.0382651
0.0376679
0.0371691
0.0367693
0.0364644
0.0362514
0.0361256
0.0360836
0.0361185
0.0362293
0.0364089
0.0366506
0.0369464
0.0372868
0.0376606
0.0380572
0.0384656
0.0388731
0.0392737
0.0396627
0.0400417
0.0404164
0.0407988
0.0412082
0.0416633
0.0421874
0.0428016
0.0435197
0.0443493
0.045285
0.0463055
0.0473725
0.0484353
0.0494286
0.0502872
0.0509572
0.0514116
0.0516555
0.0517283
0.0516966
0.0516347
0.0516121
0.0516767
0.0518416
0.0520802
0.0523203
0.0524545
0.0523667
0.0519727
0.0512623
0.0503148
0.049285
0.0483519
0.0476875
0.0474179
0.0476167
0.0483037
0.0494339
0.0509077
0.052583
0.0543006
0.055909
0.0572625
0.0581912
0.0584952
0.0580026
0.0566884
0.0547391
0.0524878
0.0502741
0.0483379
0.0467917
0.0456512
0.0448769
0.0444096
0.0441849
0.0441463
0.0442521
0.0444624
0.0447477
0.0450827
0.0454493
0.0458315
0.0462183
0.0465977
0.0469625
0.0473094
0.0476343
0.0479358
0.0482181
0.0484857
0.0487456
0.0490083
0.0492881
0.0496003
0.0499603
0.0503808
0.0508748
0.051443
0.0520804
0.0527702
0.0534839
0.0541839
0.0548262
0.0553629
0.0557522
0.0559546
0.0559424
0.0557001
0.0552259
0.0545322
0.0536494
0.0526219
0.0515028
0.0503505
0.0492192
0.0481617
0.0472181
0.0464239
0.0458093
0.0453976
0.045205
0.0452464
0.0455258
0.0460348
0.0467471
0.0476155
0.0485689
0.0495192
0.0503786
0.0510761
0.0515721
0.0518645
0.0519751
0.0519317
0.0517581
0.0514576
0.0510222
0.0504383
0.0496991
0.048813
0.047806
0.0467159
0.0455896
0.0444743
0.0434127
0.0424444
0.0416017
0.0409136
0.0404066
0.0401059
0.0400368
0.0402247
0.0406925
0.0414593
0.0425349
0.0439151
0.0455771
0.047469
0.0495114
0.0516021
0.0536181
0.0554402
0.0569631
0.0581155
0.0588702
0.0592349
0.0592384
0.0589072
0.0582512
0.0572619
0.0559368
0.0543077
0.0524624
0.0505258
0.0486361
0.0469047
0.0453958
0.0441231
0.0430631
0.0421688
0.0413882
0.0406775
0.0400054
0.0393581
0.0387322
0.0381384
0.0375901
0.0370996
0.0366786
0.0363359
0.0360767
0.0359008
0.0358092
0.035796
0.0358563
0.0359844
0.0361728
0.0364157
0.0367078
0.0370459
0.0374294
0.0378633
0.0383571
0.0389271
0.0395944
0.0403841
0.041321
0.0424248
0.0437083
0.0451726
0.0468002
0.0485575
0.0503983
0.0522709
0.0541242
0.0559134
0.0575998
0.0591478
0.0605184
0.0616791
0.0626134
0.0633457
0.0639363
0.0644785
0.0650609
0.0657437
0.066527
0.0673498
0.0680999
0.0686384
0.0688402
0.0686218
0.0679686
0.066932
0.0656187
0.0641552
0.0626674
0.0612624
0.0600243
0.0590113
0.0582652
0.057811
0.0576587
0.0577877
0.0581345
0.0585745
0.0589265
0.0589793
0.0585597
0.0576015
0.0561715
0.0544417
0.052619
0.0508774
0.04933
0.0480304
0.0469866
0.0461784
0.0455755
0.0451469
0.0448734
0.0447471
0.0447809
0.0450086
0.04548
0.0462561
0.0473984
0.0489674
0.0510111
0.053561
0.0566156
0.0601337
0.0640224
0.0681162
0.0721518
0.0757295
0.0783305
0.0794935
0.0791
0.0774941
0.0752778
0.0729901
0.0709341
0.0691808
0.0676729
0.066312
0.0650126
0.0637249
0.0611157
0.059846
0.0586012
0.0573989
0.0562463
0.0551353
0.0540471
0.0529642
0.0518814
0.0508131
0.049801
0.0488998
0.0481695
0.0476619
0.0474086
0.0474222
0.0476995
0.0482165
0.0489416
0.0498321
0.0508385
0.0519078
0.0529866
0.0540323
0.0550151
0.0559169
0.0567216
0.0573874
0.0578398
0.0579806
0.0577192
0.0570148
0.0558868
0.0544078
0.0526652
0.0507516
0.0487535
0.0467655
0.0448826
0.0431997
0.0417936
0.0407226
0.0400221
0.0397108
0.0397994
0.0402859
0.0411728
0.0424563
0.0441286
0.0461789
0.0485777
0.0512741
0.0541794
0.0571626
0.0600413
0.0625958
0.0645927
0.0658269
0.0661636
0.0655686
0.0641139
0.0619628
0.0593323
0.0564456
0.0535073
0.0506782
0.0480704
0.0457513
0.0437535
0.042089
0.0407529
0.0397383
0.0390306
0.038618
0.0384877
0.0386287
0.0390271
0.0396654
0.0405151
0.0415391
0.0426875
0.043901
0.045116
0.0462796
0.0473653
0.0483776
0.0493564
0.0503635
0.0514581
0.0526738
0.0540039
0.0553991
0.0567816
0.0580719
0.0592171
0.0602146
0.0611103
0.0619886
0.06294
0.0640484
0.0653742
0.066962
0.0688417
0.0710344
0.07353
0.0762475
0.0789952
0.081456
0.0832471
0.0840405
0.0837052
0.0823725
0.0803963
0.0782152
0.0762229
0.0746858
0.0737201
0.0732867
0.0732059
0.0731747
0.0728459
0.0719595
0.0704593
0.0685096
0.0663873
0.0643424
0.0625132
0.0609119
0.0594649
0.0580609
0.0566015
0.0550248
0.0533247
0.0515415
0.0497484
0.0480312
0.0464672
0.0451226
0.0440371
0.0432322
0.0427098
0.0424508
0.0424208
0.0425784
0.0428793
0.0432784
0.0437432
0.0442566
0.0448081
0.0453921
0.0459951
0.0465906
0.0471392
0.0475914
0.0479096
0.0480673
0.048051
0.0478634
0.0475098
0.0469972
0.0463369
0.0455479
0.0446596
0.0437193
0.0427784
0.0418939
0.0411157
0.0404831
0.040021
0.0397462
0.0396632
0.0397736
0.0400755
0.0405658
0.0412388
0.0420909
0.043113
0.0442964
0.0456242
0.047069
0.048592
0.0501359
0.0516258
0.052975
0.0540971
0.0549291
0.0554449
0.0556685
0.0556632
0.0555163
0.0553133
0.0551164
0.0549466
0.0547818
0.0545621
0.0542048
0.0536313
0.052802
0.0517317
0.0504912
0.0491862
0.0479328
0.0468251
0.0459299
0.0452833
0.0448927
0.0447439
0.0448084
0.045048
0.0454182
0.0458756
0.0463777
0.0468889
0.0473816
0.0478344
0.0482305
0.0485551
0.048798
0.0489507
0.0490177
0.049015
0.048977
0.0489511
0.0489866
0.0491241
0.0493839
0.0497572
0.0502025
0.0506471
0.0509996
0.0511736
0.0511114
0.0508119
0.050331
0.0497708
0.0492559
0.0489032
0.0488113
0.0490458
0.0496429
0.0506151
0.0519447
0.053586
0.0554493
0.0573927
0.0592271
0.0607312
0.0617009
0.0620068
0.0616301
0.0606607
0.0592646
0.0576293
0.0559264
0.0542944
0.0528351
0.0516186
0.0506869
0.0500622
0.049748
0.0497314
0.0499825
0.0504568
0.0510977
0.0518445
0.0526399
0.0534416
0.0542386
0.055046
0.0559025
0.0568495
0.0579123
0.0590776
0.0602882
0.0614413
0.0623946
0.0629766
0.0630054
0.0623451
0.0609711
0.0590132
0.0567335
0.0544467
0.0524253
0.0508323
0.0496913
0.0488997
0.0482808
0.0476565
0.0469233
0.0460884
0.0452592
0.0445836
0.0441842
0.0441201
0.0443625
0.0447942
0.0452301
0.045461
0.0453207
0.0447428
0.0437762
0.0425607
0.0412586
0.0400097
0.0389048
0.0379878
0.0372703
0.0367468
0.0364033
0.036225
0.0362016
0.036327
0.0365975
0.0370085
0.0375584
0.0382345
0.039021
0.039891
0.040806
0.0417183
0.0425775
0.0433387
0.0439716
0.0444651
0.0448269
0.0450798
0.045248
0.0453543
0.0454142
0.0454366
0.0454224
0.0453723
0.0452878
0.0451765
0.0450506
0.0449303
0.0448376
0.0448108
0.0448902
0.0451234
0.0455687
0.0462849
0.0473266
0.0487231
0.0504603
0.0524429
0.0544955
0.0563704
0.0578164
0.0586481
0.0587836
0.0582454
0.0571286
0.0555754
0.0537466
0.0518007
0.049864
0.0480171
0.046302
0.0447355
0.0433195
0.0420493
0.0409211
0.0399288
0.0390643
0.0383188
0.037683
0.0371459
0.0366957
0.0363195
0.0360088
0.0357527
0.0355458
0.0353838
0.0352647
0.0351878
0.0351563
0.0351718
0.0352424
0.0353693
0.0355606
0.0358215
0.036154
0.0365624
0.0370479
0.0376112
0.0382503
0.0389607
0.0397378
0.0405716
0.0414507
0.0423615
0.0432891
0.0442152
0.0451223
0.0459941
0.0468177
0.0475818
0.0482782
0.0489027
0.0494541
0.0499302
0.0503254
0.0506353
0.0508501
0.0509592
0.0509489
0.0508112
0.0505373
0.05013
0.0495992
0.0489627
0.0482496
0.0474927
0.0467275
0.0459913
0.0453177
0.0447363
0.0442692
0.043933
0.0437319
0.0436634
0.0437186
0.0438802
0.0441214
0.0444135
0.0447244
0.0450219
0.0452795
0.0454756
0.0455984
0.0456484
0.0456313
0.0455653
0.0454699
0.0453709
0.0452907
0.0452503
0.0452693
0.0453604
0.0455344
0.0457959
0.0461446
0.04658
0.0470943
0.0476827
0.048337
0.0490437
0.0497926
0.0505648
0.0513379
0.0520828
0.0527628
0.0533374
0.0537633
0.0539996
0.0540158
0.0537953
0.053339
0.0526721
0.0518383
0.0508961
0.0499185
0.0489828
0.0481731
0.0475727
0.0472698
0.0473508
0.0478959
0.048966
0.0505716
0.0526378
0.0549676
0.0572453
0.0591193
0.0603482
0.0609166
0.0610195
0.060939
0.0609175
0.0610956
0.0615198
0.0621599
0.0629351
0.0637329
0.0644196
0.0648706
0.0649876
0.0647193
0.0640558
0.0630301
0.0616961
0.0601165
0.0583621
0.0564996
0.0545975
0.0527177
0.050915
0.0492335
0.0477083
0.0463666
0.0452267
0.0443055
0.0436201
0.0431908
0.0430395
0.0431919
0.0436606
0.0444312
0.0454417
0.0465539
0.0475571
0.0482047
0.048306
0.0478112
0.0468373
0.0456123
0.0443822
0.0433365
0.0425828
0.0421613
0.0420639
0.0422564
0.0426889
0.0433049
0.0440395
0.0448267
0.0455984
0.0462883
0.0468413
0.0472095
0.0473626
0.047285
0.0469814
0.0464698
0.0457846
0.044969
0.0440716
0.043142
0.0422294
0.0413765
0.040624
0.040005
0.0395471
0.0392713
0.0391885
0.0393
0.0395822
0.0399896
0.0404499
0.0408676
0.0411457
0.0412077
0.0410264
0.0406364
0.04012
0.0395939
0.0391731
0.0389555
0.0390178
0.0394146
0.0401803
0.0413348
0.0428816
0.0447994
0.0470333
0.0494852
0.0520082
0.0544202
0.0565307
0.0581878
0.0593137
0.0599132
0.0600555
0.0598384
0.0593601
0.0586946
0.0578975
0.0570085
0.0560628
0.0550999
0.054178
0.053376
0.0527866
0.0525115
0.0526416
0.0532485
0.0543671
0.0559811
0.0580076
0.0602916
0.0626003
0.064659
0.066189
0.0669631
0.0668489
0.0658182
0.0639506
0.0614122
0.0584384
0.0552904
0.0522139
0.0493909
0.0469386
0.0449114
0.0433251
0.0421805
0.0414759
0.0412145
0.041406
0.0420525
0.0431348
0.0445891
0.0462808
0.0480008
0.0494939
0.0505172
0.0509193
0.050676
0.049875
0.0486647
0.0472028
0.0456357
0.044085
0.0426499
0.0414043
0.0403912
0.0396321
0.039128
0.0388669
0.0388343
0.0390112
0.0393793
0.0399186
0.0406037
0.0413905
0.0422199
0.043018
0.0437112
0.044245
0.0445991
0.0447872
0.0448462
0.0448195
0.0447411
0.0446386
0.044535
0.0444552
0.0444328
0.0445065
0.0447118
0.0450822
0.0456375
0.0463868
0.0473281
0.0484473
0.0497229
0.0511269
0.0526223
0.0541709
0.0557325
0.0572662
0.0587371
0.0601143
0.0613739
0.0624867
0.0634141
0.0640846
0.0643896
0.0641893
0.0633706
0.0619069
0.0599048
0.0575816
0.0552019
0.0530002
0.0511456
0.049733
0.0488016
0.0483493
0.0483459
0.0487385
0.0494468
0.050361
0.0513371
0.0522106
0.0528163
0.0530276
0.0527871
0.0521124
0.0510799
0.0497922
0.048352
0.0468429
0.0453287
0.043859
0.0424703
0.0411924
0.0400451
0.0390438
0.0381954
0.0375036
0.0369605
0.0365606
0.0362907
0.0361402
0.0360969
0.036151
0.0362968
0.0365318
0.0368591
0.0372854
0.0378214
0.038475
0.0392491
0.0401385
0.0411204
0.0421511
0.0431633
0.0440774
0.0448109
0.0453039
0.0455353
0.0455298
0.0453476
0.045065
0.0447587
0.0444868
0.0442826
0.0441591
0.0441057
0.0440963
0.0440938
0.0440525
0.04393
0.0436876
0.043307
0.0427869
0.0421508
0.0414368
0.0406965
0.0399771
0.0393231
0.0387669
0.0383272
0.0380157
0.0378294
0.0377585
0.0377876
0.0378944
0.0380535
0.0382407
0.038431
0.0386058
0.038756
0.0388762
0.0389702
0.0390482
0.0391257
0.0392177
0.0393418
0.0395082
0.0397283
0.0400063
0.0403431
0.0407342
0.0411684
0.0416317
0.0421021
0.0425562
0.0429653
0.0433023
0.0435423
0.0436694
0.0436774
0.0435768
0.0433904
0.0431571
0.042925
0.0427486
0.0426856
0.0427933
0.0431189
0.0436921
0.0445122
0.0455305
0.0466377
0.047659
0.0483909
0.0486499
0.048347
0.0475162
0.0462974
0.0448756
0.0434163
0.0420401
0.0408113
0.0397529
0.038863
0.0381247
0.0375144
0.0370094
0.036591
0.0362469
0.0359705
0.0357682
0.0356517
0.0356428
0.035764
0.0360324
0.0364588
0.0370329
0.0377248
0.0384836
0.0392411
0.0399295
0.0405008
0.0409419
0.0412797
0.0415701
0.0418757
0.0422433
0.0426852
0.043169
0.0436242
0.0439582
0.044077
0.0439142
0.0434499
0.0427227
0.0418127
0.0408257
0.0398631
0.0390054
0.038306
0.0377875
0.037447
0.0372591
0.0371872
0.0371799
0.0371853
0.0371514
0.0370435
0.0368471
0.0365718
0.036249
0.0359289
0.0356667
0.0355168
0.035525
0.0357233
0.0361267
0.0367278
0.0374963
0.0383809
0.0393139
0.0402281
0.041083
0.0418746
0.042648
0.0434859
0.0444779
0.0456957
0.0471557
0.0488071
0.0505231
0.052114
0.0533706
0.0541092
0.0542274
0.0537319
0.0527256
0.0513701
0.0498496
0.0483278
0.0469397
0.0457819
0.0449135
0.0443699
0.0441644
0.0442985
0.0447664
0.0455618
0.0466751
0.0480976
0.0498071
0.0517635
0.0538844
0.0560257
0.05799
0.0595487
0.0605172
0.0608349
0.0605857
0.0599632
0.059192
0.0584584
0.0578865
0.0575385
0.0574359
0.0575773
0.0579536
0.0585452
0.0593247
0.060257
0.0612866
0.0623482
0.0633621
0.0642456
0.0649334
0.0653821
0.0655844
0.0655643
0.0653845
0.0651335
0.0649214
0.0648496
0.0649991
0.0654072
0.0660623
0.0669068
0.0678513
0.0687946
0.0696458
0.070342
0.0708525
0.0711586
0.0712131
0.0708992
0.0700236
0.0683934
0.0659383
0.062804
0.0593136
0.0558383
0.052678
0.0500096
0.0479024
0.0463588
0.0453357
0.0447722
0.0445874
0.0446813
0.0449337
0.0452077
0.0453704
0.045314
0.0449861
0.0443977
0.0436212
0.0427569
0.0419117
0.0411728
0.0406029
0.0402342
0.0400794
0.0401336
0.0403799
0.0407981
0.0413604
0.0420372
0.0427892
0.0435704
0.0443296
0.0450099
0.0455616
0.0459606
0.0462153
0.0463726
0.0465127
0.0467334
0.0471321
0.0477898
0.0487609
0.0500627
0.0516635
0.0534759
0.0553533
0.0570991
0.0584987
0.0593628
0.059577
0.0591325
0.0581244
0.0567171
0.0551034
0.0534579
0.0519118
0.0505423
0.0493781
0.0484099
0.0476044
0.0469183
0.0463101
0.0457425
0.045195
0.0446559
0.0441271
0.0436187
0.0431424
0.0427133
0.0423438
0.0420423
0.0418134
0.0416538
0.0415592
0.0415203
0.0415251
0.0415584
0.0416081
0.0416589
0.0416985
0.0417174
0.0417079
0.0416638
0.041584
0.041466
0.0413116
0.041125
0.0409099
0.040669
0.04041
0.0401401
0.0398671
0.0396048
0.0393692
0.0391791
0.0390561
0.0390226
0.0391003
0.0393115
0.0396712
0.0401882
0.0408569
0.041657
0.042547
0.0434664
0.0443442
0.0451072
0.0457016
0.0461087
0.0463503
0.0464829
0.0465835
0.0467291
0.0469904
0.0474199
0.0480512
0.0488932
0.0499257
0.051087
0.0522716
0.053332
0.0541068
0.0544712
0.0543784
0.0538795
0.0530952
0.0521718
0.0512324
0.0503556
0.0495773
0.0488991
0.0483044
0.0477705
0.0472771
0.0468099
0.0463615
0.0459266
0.0455048
0.0450997
0.0447104
0.0443402
0.0439934
0.0436747
0.0433896
0.0431445
0.0429401
0.0427782
0.0426543
0.0425597
0.0424804
0.0423964
0.0422903
0.0421474
0.0419582
0.0417279
0.0414716
0.0412128
0.0409816
0.0408078
0.0407175
0.0407307
0.0408609
0.0411111
0.0414766
0.0419416
0.0424773
0.0430463
0.0435988
0.0440795
0.0444324
0.0446132
0.0445965
0.0443826
0.0439918
0.0434641
0.0428456
0.0421804
0.0415063
0.0408499
0.0402281
0.0396496
0.0391187
0.0386334
0.0381894
0.0377839
0.0374146
0.0370784
0.0367752
0.0365047
0.0362685
0.0360669
0.0359021
0.0357766
0.0356906
0.0356453
0.0356392
0.0356719
0.0357404
0.0358428
0.0359741
0.0361302
0.0363065
0.0364995
0.0367021
0.0369078
0.0371085
0.0372972
0.0374648
0.0376039
0.0377066
0.0377678
0.0377844
0.0377548
0.037682
0.0375742
0.0374384
0.0372876
0.0371348
0.0369939
0.0368785
0.0368015
0.0367737
0.0368059
0.036906
0.0370821
0.0373421
0.0376905
0.0381338
0.0386764
0.0393258
0.0400863
0.0409645
0.0419648
0.0430907
0.0443373
0.0456934
0.0471317
0.048607
0.0500525
0.0513846
0.0525127
0.0533627
0.0538967
0.0541238
0.0540967
0.0538968
0.0536119
0.0533133
0.0530505
0.0528527
0.0527252
0.0526588
0.0526421
0.0526595
0.0526982
0.0527526
0.0528234
0.0529104
0.0530133
0.053121
0.0532061
0.0532241
0.0531167
0.0528279
0.0523213
0.0515948
0.0506854
0.0496629
0.0486113
0.0476069
0.0467137
0.0459729
0.0454028
0.0450098
0.0447911
0.0447397
0.04485
0.0451187
0.0455458
0.0461303
0.0468631
0.0477254
0.048679
0.049667
0.050614
0.0514335
0.052038
0.0523571
0.052356
0.0520428
0.0514664
0.0506994
0.0498095
0.0488459
0.047832
0.0467686
0.0456501
0.0444694
0.0432305
0.0419475
0.0406414
0.0393397
0.0380705
0.0368572
0.035722
0.0346815
0.0337456
0.0329227
0.0322173
0.0316311
0.0311676
0.0308304
0.0306249
0.0305584
0.0306442
0.0308977
0.0313401
0.0319961
0.0328941
0.0340651
0.0355333
0.0373178
0.0394162
0.0417916
0.0443729
0.047044
0.0496579
0.0520517
0.0540838
0.0556477
0.0566913
0.057218
0.0572896
0.0570203
0.0565658
0.056104
0.0558202
0.0558939
0.0564782
0.057679
0.0595116
0.0618479
0.0643686
0.066606
0.0680805
0.0684917
0.067827
0.0663116
0.0642707
0.0620076
0.0597573
0.0576925
0.0559386
0.0545851
0.0536859
0.0532575
0.0532836
0.0537075
0.0544426
0.0553691
0.0563372
0.057171
0.0576871
0.0577275
0.0572006
0.0561109
0.0545649
0.0527374
0.0508197
0.0489747
0.047309
0.0458763
0.0446834
0.0437096
0.0429176
0.0422625
0.041699
0.0411887
0.040701
0.0402173
0.0397325
0.0392551
0.0388041
0.0384053
0.0380881
0.0378791
0.0378032
0.037881
0.038124
0.0385406
0.0391319
0.0398975
0.0408335
0.0419386
0.0432181
0.0446871
0.0463702
0.0482962
0.0504677
0.0528159
0.0551461
0.0571205
0.0583294
0.0584594
0.0574508
0.055518
0.0530265
0.0503372
0.0477186
0.0453322
0.0432534
0.0414993
0.0400503
0.0388693
0.0379131
0.0371356
0.0364982
0.0359679
0.0355185
0.0351286
0.0347904
0.0344946
0.0342417
0.0340369
0.0338879
0.0338068
0.033808
0.0339087
0.0341297
0.0344922
0.0350196
0.0357374
0.0366707
0.0378377
0.0392538
0.0409165
0.0427985
0.0448373
0.0469219
0.0488993
0.0505858
0.0518
0.0524156
0.0524009
0.0518275
0.0508384
0.0496044
0.0482761
0.0469621
0.0457268
0.0446043
0.0436098
0.0427534
0.0420423
0.0414827
0.0410806
0.0408364
0.0407485
0.040812
0.0410203
0.0413653
0.0418404
0.0424379
0.0431541
0.04399
0.0449508
0.0460431
0.0472639
0.0485812
0.0499132
0.0511143
0.0519845
0.0523241
0.0520124
0.0510672
0.0496544
0.0480229
0.0464299
0.0450791
0.044099
0.0435495
0.0434225
0.0436556
0.0441353
0.0447114
0.0452265
0.0455598
0.0456589
0.045556
0.0453412
0.0451155
0.0449526
0.0448769
0.0448696
0.044888
0.0448848
0.0448326
0.0447332
0.0446155
0.0445194
0.0444859
0.0445443
0.0447036
0.0449582
0.0452925
0.0456869
0.0461283
0.0466058
0.0471176
0.0476562
0.0482134
0.0487725
0.0493098
0.0497992
0.05022
0.0505627
0.0508343
0.0510578
0.0512694
0.0515129
0.0518258
0.0522405
0.0527676
0.0534006
0.0541138
0.0548686
0.0556234
0.0563497
0.0570406
0.0577161
0.0584238
0.0592265
0.0601856
0.0613398
0.0626688
0.0640689
0.0653381
0.0662046
0.0664004
0.0657732
0.0643605
0.0623821
0.0601601
0.0580103
0.0561722
0.054789
0.0539188
0.053554
0.0536422
0.0541004
0.054822
0.0556865
0.0565581
0.0572983
0.0577852
0.0579248
0.0576676
0.0570203
0.0560335
0.0547947
0.0534062
0.0519656
0.0505572
0.0492403
0.0480496
0.0470008
0.0460867
0.0452902
0.0445852
0.0439457
0.0433504
0.042785
0.0422463
0.0417379
0.0412705
0.0408569
0.0405109
0.040241
0.0400568
0.0399624
0.0399604
0.0400508
0.0402304
0.0404961
0.0408427
0.0412596
0.0417362
0.0422559
0.0427989
0.0433431
0.0438628
0.0443327
0.0447279
0.0450275
0.0452134
0.0452762
0.0452133
0.0450274
0.0447292
0.0443327
0.0438538
0.04331
0.0427179
0.042093
0.0414501
0.0407992
0.0401516
0.0395184
0.0389087
0.0383337
0.0378055
0.0373373
0.0369426
0.0366379
0.0364387
0.0363617
0.0364245
0.0366403
0.0370227
0.0375755
0.0382895
0.0391401
0.0400834
0.0410488
0.0419526
0.0427107
0.0432594
0.0435728
0.0436668
0.0435943
0.0434207
0.0432106
0.0430114
0.0428497
0.0427349
0.0426666
0.0426392
0.0426468
0.0426859
0.0427598
0.0428747
0.0430349
0.0432436
0.0434963
0.0437802
0.0440687
0.0443282
0.0445257
0.0446368
0.0446531
0.0445948
0.0445033
0.0444361
0.0444564
0.0446244
0.0449894
0.0455908
0.0464544
0.0475944
0.0490129
0.0506987
0.0526138
0.0546874
0.0568011
0.058785
0.0604298
0.0615264
0.0619241
0.0615666
0.0605161
0.0589227
0.0569707
0.054835
0.0526541
0.0505205
0.0484868
0.0465769
0.0447988
0.0431522
0.0416324
0.0402392
0.0389731
0.0378358
0.0368315
0.03596
0.0352219
0.0346136
0.0341315
0.0337688
0.033518
0.033369
0.0333136
0.0333423
0.0334485
0.0336212
0.0338542
0.0341407
0.0344739
0.0348487
0.0352594
0.0357024
0.0361753
0.0366742
0.0371976
0.0377463
0.0383171
0.03891
0.0395214
0.0401505
0.0407936
0.0414471
0.0421048
0.0427586
0.0433979
0.0440113
0.0445842
0.0451023
0.0455504
0.0459163
0.0461858
0.0463532
0.0464142
0.0463694
0.0462213
0.045975
0.0456372
0.0452183
0.0447259
0.0441705
0.0435652
0.0429237
0.0422606
0.0415928
0.0409368
0.0403064
0.0397172
0.0391801
0.0387039
0.0382959
0.0379608
0.0377028
0.0375251
0.0374299
0.0374219
0.0375069
0.03769
0.037977
0.0383726
0.0388766
0.0394845
0.0401811
0.0409399
0.0417155
0.0424519
0.0430836
0.0435427
0.043772
0.0437369
0.0434317
0.0428841
0.0421456
0.0412816
0.040363
0.0394505
0.0385962
0.0378355
0.0371924
0.0366833
0.0363169
0.0360971
0.0360267
0.0361074
0.0363412
0.0367284
0.0372705
0.0379645
0.0388072
0.0397899
0.0408963
0.0421062
0.0433891
0.044706
0.0460125
0.0472566
0.0483866
0.0493464
0.050102
0.0506421
0.0509831
0.0511786
0.0513083
0.0514621
0.0517235
0.0521528
0.0527806
0.0535997
0.0545577
0.0555681
0.0565078
0.057241
0.0576318
0.057579
0.0570316
0.0560047
0.054574
0.0528541
0.0509817
0.0490838
0.0472674
0.0456116
0.0441685
0.0429648
0.0420144
0.0413165
0.0408639
0.0406493
0.0406608
0.0408883
0.0413207
0.0419472
0.0427482
0.043705
0.0447912
0.0459781
0.0472379
0.0485412
0.0498543
0.0511202
0.052247
0.0530989
0.0535262
0.0534234
0.0527924
0.0517585
0.0505321
0.0493354
0.0483478
0.0476821
0.0473929
0.0474917
0.0479619
0.0487644
0.0498416
0.0511163
0.0524968
0.0538857
0.0551938
0.0563612
0.0573523
0.0581557
0.0587536
0.0591167
0.0591947
0.0589397
0.0583285
0.057388
0.0561889
0.0548241
0.0533861
0.0519484
0.0505538
0.0492229
0.0479611
0.0467686
0.0456457
0.0445927
0.0436195
0.0427358
0.0419546
0.0412913
0.0407588
0.04037
0.0401385
0.0400728
0.0401831
0.0404722
0.040941
0.0415834
0.0423801
0.0433046
0.0443127
0.0453481
0.0463457
0.0472374
0.0479649
0.0484873
0.0487912
0.0488962
0.0488502
0.0487166
0.0485659
0.0484636
0.0484572
0.048576
0.0488277
0.0492047
0.0496894
0.0502573
0.0508862
0.0515569
0.0522536
0.0529598
0.0536576
0.0543267
0.0549425
0.055478
0.055905
0.0562023
0.0563595
0.0563733
0.0562556
0.056025
0.0557028
0.0553163
0.0548893
0.054445
0.0540051
0.053587
0.053202
0.0528544
0.0525442
0.052264
0.0520047
0.0517573
0.0515229
0.0513081
0.0511356
0.0510381
0.0510575
0.0512387
0.0516215
0.0522354
0.0530813
0.0541139
0.0552293
0.0562587
0.0569977
0.0572633
0.0569693
0.0561662
0.0550201
0.0537448
0.0525303
0.0514961
0.0506894
0.050087
0.0496274
0.0492293
0.0488123
0.0483138
0.047693
0.0469414
0.0460735
0.0451254
0.0441374
0.0431551
0.0422193
0.0413628
0.0406103
0.0399757
0.0394661
0.0390812
0.0388126
0.0386514
0.0385835
0.0385956
0.0386697
0.0387953
0.0389591
0.0391529
0.0393662
0.039595
0.0398338
0.0400796
0.0403283
0.0405787
0.0408284
0.0410751
0.0413199
0.0415612
0.041802
0.0420474
0.042304
0.0425819
0.0428907
0.0432438
0.0436483
0.0441111
0.0446369
0.0452124
0.0458212
0.0464386
0.0470357
0.0475849
0.048066
0.0484715
0.0488035
0.0490757
0.0493075
0.04952
0.0497288
0.049943
0.0501677
0.0503974
0.0506228
0.0508284
0.0509952
0.0511031
0.0511341
0.0510694
0.0508949
0.050602
0.0501867
0.0496489
0.0489992
0.0482513
0.0474271
0.0465522
0.0456557
0.0447648
0.0439097
0.0431156
0.0424061
0.0417992
0.0413117
0.040955
0.040735
0.0406552
0.0407094
0.0408844
0.0411571
0.0414965
0.0418659
0.0422291
0.0425542
0.0428261
0.0430458
0.0432317
0.0434167
0.0436381
0.0439195
0.0442701
0.0446686
0.0450792
0.0454529
0.0457512
0.0459625
0.0461093
0.0462373
0.0463976
0.0466343
0.0469695
0.0474157
0.047991
0.0487383
0.0497196
0.0509769
0.0524626
0.0539612
0.0550791
0.0553818
0.0546365
0.0529695
0.0507933
0.0485671
0.0466147
0.0450729
0.0465632
0.0458309
0.0453811
0.0451411
0.0450535
0.0450744
0.0451747
0.0453292
0.0455175
0.0457202
0.0459194
0.0461023
0.0462638
0.0464034
0.0465283
0.0466428
0.0467493
0.0468419
0.0469062
0.0469235
0.0468791
0.0467714
0.046616
0.0464477
0.0463133
0.0462638
0.046346
0.0465947
0.0470292
0.0476526
0.0484479
0.0493847
0.0504192
0.0515006
0.0525763
0.0536014
0.0545429
0.0553878
0.0561414
0.0568289
0.0574846
0.0581459
0.0588415
0.0595865
0.0603698
0.0611473
0.0618441
0.0623696
0.062639
0.0626019
0.062254
0.0616367
0.0608264
0.0599048
0.0589529
0.0580402
0.0572282
0.0565655
0.0560885
0.0558105
0.0557147
0.0557487
0.0558331
0.0558793
0.0558121
0.0555878
0.0551968
0.0546474
0.0539479
0.0530983
0.052094
0.0509377
0.0496537
0.0482909
0.0469086
0.0455693
0.0443232
0.0432021
0.0422226
0.0413869
0.0406883
0.0401197
0.0396731
0.0393473
0.0391471
0.0390836
0.0391709
0.0394263
0.0398645
0.0404919
0.0412953
0.0422309
0.0432175
0.0441403
0.0448644
0.0452736
0.045303
0.0449692
0.0443517
0.0435682
0.0427341
0.0419411
0.041246
0.0406761
0.0402412
0.0399407
0.0397703
0.0397243
0.0398019
0.040003
0.0403309
0.040791
0.0413903
0.0421397
0.0430528
0.0441458
0.0454413
0.0469603
0.0487262
0.0507502
0.0530176
0.0554662
0.0579642
0.0603118
0.0622786
0.0636857
0.0644989
0.0648559
0.0650044
0.065181
0.0655015
0.0659014
0.0661553
0.0659665
0.0651242
0.0636137
0.0616182
0.0594121
0.057241
0.0552583
0.0535271
0.0520421
0.0507695
0.0496647
0.0486832
0.0477883
0.0469576
0.0461781
0.045446
0.0447661
0.0441479
0.0436016
0.0431402
0.0427642
0.0424812
0.0422953
0.0422098
0.0422328
0.0423698
0.0426246
0.0429856
0.0434218
0.0438742
0.0442637
0.0445038
0.0445303
0.0443265
0.0439333
0.0434461
0.0429819
0.0426645
0.0425923
0.042841
0.0434578
0.0444661
0.0458634
0.047616
0.0496501
0.0518465
0.0540396
0.0560346
0.0576406
0.0587197
0.0592158
0.0591758
0.058725
0.0580329
0.057264
0.0565507
0.0559703
0.0555435
0.0552488
0.0550355
0.0548408
0.054606
0.0542854
0.0538534
0.0533031
0.0526441
0.0518949
0.0510839
0.0502398
0.0493917
0.0485695
0.0478001
0.0471103
0.0465262
0.0460707
0.0457709
0.0456487
0.0457254
0.0460185
0.0465367
0.0472813
0.0482438
0.049406
0.0507433
0.0522216
0.0537915
0.055382
0.0568813
0.0581336
0.058958
0.0591956
0.0587654
0.0576966
0.0561141
0.054191
0.0521006
0.0499853
0.0479482
0.0460527
0.0443355
0.0428131
0.041488
0.0403568
0.0394087
0.0386346
0.0380221
0.0375634
0.0372487
0.0370771
0.037048
0.0371673
0.037446
0.0379014
0.0385577
0.0394401
0.0405711
0.0419612
0.0435946
0.0454157
0.0473201
0.0491693
0.0508234
0.0521878
0.0532552
0.0540994
0.0548411
0.0556007
0.0564686
0.0575009
0.0587232
0.0601291
0.0616733
0.0632629
0.0647649
0.0660313
0.0669409
0.0674261
0.0674864
0.0671695
0.06654
0.0656547
0.0645537
0.0632631
0.0618055
0.0602129
0.0585267
0.0568036
0.0551042
0.0534867
0.0520017
0.050685
0.0495602
0.0486399
0.0479216
0.0473973
0.0470495
0.0468537
0.0467803
0.0467958
0.0468615
0.0469395
0.0469905
0.0469841
0.0468953
0.0467099
0.0464256
0.046051
0.0456031
0.0451066
0.0445874
0.0440738
0.0435919
0.0431582
0.0427876
0.0424877
0.0422619
0.0421069
0.0420198
0.0419904
0.0420121
0.0420776
0.0421794
0.0423156
0.0424867
0.042694
0.0429451
0.0432457
0.0436051
0.0440319
0.0445364
0.0451281
0.0458178
0.0466167
0.0475378
0.0485956
0.0498041
0.0511762
0.0527214
0.0544386
0.0563049
0.058276
0.0602687
0.0621632
0.0638014
0.0650121
0.0656355
0.0655634
0.0647668
0.0633099
0.0613317
0.0590153
0.0565527
0.0541132
0.0518252
0.0497722
0.0480028
0.0465328
0.0453574
0.0444586
0.0438127
0.0433895
0.0431562
0.0430816
0.0431305
0.0432625
0.0434401
0.0436192
0.0437606
0.0438252
0.0437841
0.0436209
0.0433364
0.0429414
0.0424601
0.0419226
0.0413579
0.040791
0.040244
0.0397294
0.0392597
0.0388413
0.0384788
0.038178
0.0379398
0.0377678
0.0376655
0.0376345
0.0376771
0.0377939
0.0379827
0.0382389
0.038555
0.0389184
0.0393142
0.0397219
0.0401189
0.0404839
0.0407993
0.0410537
0.0412445
0.0413844
0.0414931
0.0416013
0.0417447
0.0419642
0.0422976
0.0427833
0.0434521
0.0443222
0.0454011
0.0466706
0.0480822
0.0495553
0.0509767
0.052217
0.0531578
0.0537194
0.0538811
0.0536808
0.0531952
0.0525143
0.0517183
0.0508685
0.0500097
0.0491704
0.0483712
0.0476305
0.0469645
0.046388
0.0459145
0.0455536
0.0453086
0.0451748
0.0451396
0.0451825
0.0452771
0.0453939
0.045502
0.0455786
0.0456113
0.0456056
0.0455866
0.0455967
0.0456854
0.0459056
0.0462972
0.0468804
0.0476495
0.0485643
0.0495566
0.050533
0.051394
0.0520512
0.0524461
0.0525611
0.0524156
0.0520483
0.0515132
0.0508621
0.0501417
0.0493923
0.0486489
0.0479348
0.0472701
0.0466657
0.0461295
0.0456641
0.0452675
0.044936
0.044664
0.0444453
0.0442719
0.044137
0.0440356
0.043964
0.0439197
0.0439038
0.0439195
0.0439698
0.0440615
0.0442019
0.0443979
0.0446559
0.0449831
0.045381
0.0458496
0.0463861
0.0469794
0.0476129
0.0482648
0.0489039
0.0494986
0.0500129
0.0504145
0.0506763
0.0507838
0.0507377
0.0505553
0.0502656
0.0499058
0.0495187
0.0491416
0.0488058
0.0485345
0.0483423
0.0482301
0.0481927
0.0482166
0.0482829
0.0483722
0.0484659
0.0485504
0.0486198
0.0486717
0.0487086
0.0487379
0.0487694
0.0488076
0.0488639
0.0489432
0.0490536
0.0492064
0.0494167
0.0496992
0.0500668
0.0505298
0.0510771
0.051672
0.0522372
0.0526604
0.0528099
0.0525732
0.0518973
0.0508169
0.0494448
0.0479382
0.046458
0.0451385
0.0440771
0.0433388
0.0429641
0.0429715
0.0433517
0.0440605
0.0450049
0.0460285
0.0469308
0.0475097
0.0476316
0.047282
0.0465629
0.0456406
0.0446776
0.0437794
0.0429917
0.042309
0.0417004
0.0411264
0.040558
0.0399813
0.0393946
0.0388091
0.0382387
0.0376999
0.0372024
0.0367539
0.0363578
0.0360135
0.0357187
0.0354702
0.0352648
0.0351002
0.0349766
0.0348959
0.0348605
0.0348725
0.0349364
0.0350549
0.0352339
0.0354777
0.0357903
0.0361787
0.036646
0.0371989
0.0378405
0.038578
0.0394156
0.0403573
0.041404
0.0425438
0.0437568
0.0449991
0.0462003
0.0472665
0.0480929
0.0485867
0.0487006
0.0484519
0.0479144
0.047198
0.0464144
0.045658
0.044992
0.0444532
0.0440527
0.0437911
0.0436607
0.0436522
0.0437529
0.0439468
0.0442177
0.0445415
0.0448926
0.0452416
0.0455581
0.0458121
0.0459833
0.0460555
0.0460265
0.0459046
0.045709
0.0454674
0.0452084
0.0449616
0.0447528
0.044605
0.0445361
0.0445581
0.0446782
0.0448965
0.0452029
0.0455795
0.0460028
0.0464362
0.0468399
0.0471774
0.047415
0.0475369
0.0475434
0.0474529
0.0472977
0.0471153
0.0469462
0.0468244
0.0467805
0.0468368
0.0470104
0.0473116
0.0477477
0.0483191
0.0490217
0.0498384
0.0507407
0.0516796
0.0525892
0.0533877
0.0539861
0.0543066
0.0542955
0.0539388
0.0532646
0.0523363
0.0512286
0.0500203
0.0487811
0.0475656
0.0464111
0.0453443
0.0443815
0.0435346
0.0428105
0.0422134
0.0417481
0.0414197
0.0412322
0.0411884
0.041292
0.0415407
0.0419272
0.0424376
0.043048
0.0437227
0.0444214
0.0450967
0.0457056
0.0462191
0.046631
0.0469538
0.0472168
0.0474522
0.0476826
0.0479136
0.0481335
0.0483235
0.0484629
0.0485461
0.0485837
0.0485971
0.0486163
0.0486713
0.0487867
0.0489782
0.0492548
0.0496161
0.0500591
0.0505758
0.0511549
0.0517865
0.0524641
0.0531737
0.0538988
0.0546132
0.0552772
0.0558406
0.0562524
0.0564715
0.0564747
0.0562662
0.0558808
0.0553745
0.0548201
0.0542927
0.0538562
0.0535539
0.0534096
0.0534274
0.0536024
0.0539265
0.054391
0.0549805
0.0556639
0.0563861
0.0570599
0.0575837
0.0578689
0.0578658
0.0575825
0.0570713
0.0564055
0.0556544
0.054864
0.0540579
0.0532393
0.0524055
0.0515558
0.0506926
0.0498274
0.0489842
0.0481919
0.0474842
0.0469017
0.0464905
0.0463035
0.0463954
0.04683
0.0476637
0.0489388
0.050658
0.0527455
0.0550197
0.0571952
0.0589526
0.0600558
0.0604516
0.06026
0.0596748
0.0588443
0.0578291
0.0566186
0.0551832
0.053528
0.0517105
0.0498267
0.0479895
0.0462992
0.0448288
0.0436217
0.0427001
0.0420709
0.0417355
0.0416919
0.0419387
0.0424684
0.0432652
0.0442957
0.0455034
0.046798
0.0480575
0.0491404
0.0499139
0.0502837
0.0502316
0.0498142
0.0491438
0.0483538
0.0475663
0.046878
0.0463527
0.0460226
0.0459021
0.0459909
0.0462796
0.0467537
0.0473949
0.0481789
0.049084
0.0500851
0.0511546
0.0522693
0.0534056
0.0545446
0.055679
0.056805
0.0579257
0.0590509
0.0601895
0.0613415
0.0624915
0.06359
0.0645541
0.0652737
0.0656346
0.0655679
0.0650799
0.0642703
0.0633015
0.0623547
0.0615886
0.0611097
0.060967
0.061159
0.0616374
0.0623196
0.0630992
0.0638581
0.0644814
0.0648786
0.0649897
0.0648031
0.0643475
0.0636841
0.0628934
0.0620608
0.0612646
0.0605686
0.0600251
0.0596675
0.0595185
0.0595887
0.059878
0.060373
0.0610404
0.061825
0.0626399
0.0633745
0.0639032
0.0641172
0.0639568
0.0634358
0.0626385
0.0616994
0.0607624
0.059944
0.059314
0.0588887
0.0586368
0.0585006
0.0584121
0.0583184
0.058197
0.0580535
0.0579173
0.0578145
0.0577494
0.0576893
0.0575565
0.0572522
0.0566795
0.0557819
0.0545669
0.0531058
0.0515167
0.0499336
0.0484826
0.0472613
0.0463287
0.0457045
0.0453649
0.0452492
0.0452682
0.0453179
0.0453046
0.0451683
0.0448948
0.0445129
0.0440819
0.0436644
0.0433124
0.0430566
0.0429062
0.0428532
0.0428799
0.0429646
0.0430862
0.0432246
0.0433623
0.0434853
0.0435796
0.043631
0.0436229
0.0435353
0.0433491
0.0430487
0.0426269
0.0420874
0.0414475
0.040734
0.0399847
0.0392408
0.038546
0.0379418
0.0374684
0.0371643
0.0370722
0.0372367
0.0377111
0.0385551
0.0398302
0.0415815
0.0438047
0.0463969
0.0491095
0.0515515
0.0533004
0.0540912
0.0539606
0.0531975
0.0521776
0.0511935
0.0504072
0.0498728
0.0495843
0.049512
0.0496296
0.0499182
0.050367
0.0509657
0.0516987
0.0525328
0.0534087
0.0542377
0.054898
0.0552667
0.0552516
0.0548218
0.0540314
0.0529962
0.0518673
0.0507842
0.0498587
0.0491595
0.0487238
0.0485558
0.0486409
0.0489503
0.049436
0.0500418
0.0507011
0.0513428
0.0518977
0.0523088
0.0525357
0.0525579
0.0523786
0.0520239
0.0515322
0.0509545
0.050344
0.0497524
0.0492265
0.0488033
0.0485059
0.0483471
0.0483234
0.048422
0.0486236
0.0489053
0.0492389
0.0496028
0.049973
0.0503319
0.0506581
0.0509243
0.0510961
0.0511347
0.0510037
0.050684
0.0501908
0.0495828
0.0489518
0.0484139
0.0480927
0.0480993
0.0485215
0.0494037
0.0507307
0.0523969
0.0541897
0.0558096
0.056963
0.0574883
0.0574362
0.057041
0.0566016
0.0563633
0.0564663
0.0569517
0.0577733
0.0588226
0.0599332
0.0608949
0.0614893
0.0615515
0.06103
0.0600043
0.0586476
0.0571603
0.0557103
0.0544064
0.0533042
0.0524166
0.0517343
0.0512352
0.0508977
0.0506951
0.0506066
0.0506101
0.0506847
0.0508072
0.0509524
0.051093
0.0512009
0.051249
0.0512138
0.0510736
0.0508183
0.0504438
0.0499579
0.0493809
0.0487456
0.0480974
0.0474862
0.0469643
0.0465861
0.0463975
0.0464255
0.046674
0.047106
0.0476398
0.0481497
0.0484903
0.0485392
0.0482423
0.0476385
0.0468398
0.0459917
0.0452292
0.0446551
0.0443312
0.0442932
0.0445508
0.0451087
0.0459634
0.0471023
0.0484905
0.0500629
0.0517041
0.053246
0.054486
0.0552249
0.055327
0.0547713
0.0536528
0.0521557
0.0504893
0.0488361
0.0473314
0.0460549
0.0450348
0.0442682
0.0437298
0.0433818
0.0431779
0.04307
0.0430128
0.042966
0.0428979
0.0427894
0.0426325
0.04243
0.0421933
0.0419368
0.0416774
0.0414307
0.04121
0.0410259
0.0408842
0.0407918
0.0407501
0.0407616
0.0408248
0.0409395
0.0411057
0.0413188
0.0415762
0.041874
0.0422041
0.0425615
0.04294
0.0433284
0.043718
0.0440972
0.0444516
0.0447671
0.0450257
0.0452099
0.0452993
0.04528
0.0451452
0.0448941
0.0445402
0.0441064
0.0436246
0.0431298
0.0426546
0.0422277
0.0418711
0.0415959
0.0414083
0.0413026
0.0412707
0.0413001
0.0413739
0.0414816
0.04161
0.0417518
0.0419015
0.0420616
0.0422349
0.0424278
0.0426457
0.0428973
0.0431862
0.043516
0.043887
0.0442981
0.0447474
0.0452308
0.0457445
0.0462864
0.0468548
0.0474525
0.0480882
0.0487732
0.0495276
0.0503732
0.05134
0.0524576
0.0537559
0.0552534
0.056955
0.0588244
0.0607795
0.0626759
0.0643223
0.0655173
0.066108
0.066045
0.0653964
0.0643136
0.0629789
0.0615623
0.0602007
0.0589921
0.0579988
0.0572533
0.0567534
0.056464
0.0563151
0.056209
0.0560332
0.0556869
0.0551086
0.0542916
0.0532875
0.052185
0.0510875
0.0500965
0.0492977
0.0487596
0.0485341
0.0486607
0.0491649
0.0500618
0.0513504
0.0530058
0.0549716
0.0571478
0.0593818
0.0614667
0.0631702
0.0642845
0.0646841
0.0643763
0.0634867
0.0622152
0.0607563
0.0592564
0.0577941
0.0563923
0.0550474
0.0537511
0.0525086
0.051349
0.0503122
0.0494391
0.0487592
0.0482856
0.0480084
0.0478978
0.047912
0.0480022
0.0481166
0.0482154
0.04827
0.0482681
0.0482089
0.0481069
0.0479825
0.0478561
0.0477496
0.0476776
0.0476502
0.0476675
0.0477259
0.0478157
0.0479279
0.0480568
0.0482072
0.048395
0.0486478
0.0490013
0.0494904
0.0501467
0.05099
0.0520198
0.0532112
0.0545131
0.0558467
0.0571104
0.0581936
0.0589987
0.0594645
0.0595838
0.0594055
0.059016
0.0585124
0.0579782
0.0574582
0.0569585
0.0564498
0.0558857
0.0552233
0.0544417
0.0535473
0.05257
0.0515538
0.0505411
0.0495643
0.0486429
0.0477814
0.0469735
0.0462037
0.0454565
0.0447145
0.0439669
0.0432089
0.0424436
0.0416813
0.0409405
0.0402404
0.039605
0.0390559
0.0386114
0.0382859
0.0380938
0.0380413
0.0381362
0.0383848
0.0387909
0.0393608
0.0400978
0.0410079
0.0420919
0.0433463
0.0447546
0.0462859
0.0478854
0.0494721
0.0509388
0.0521717
0.0530655
0.0535586
0.0536522
0.0534179
0.052977
0.0524741
0.05205
0.0518149
0.0518457
0.0521821
0.0528266
0.0537419
0.0548552
0.0560591
0.0572204
0.0582084
0.0589123
0.0592736
0.0592823
0.0589695
0.0583839
0.0575767
0.0565967
0.0554888
0.0542984
0.0530726
0.0518553
0.0506864
0.0495973
0.0486048
0.0477162
0.0469276
0.0462311
0.0456148
0.0450617
0.0445612
0.0441057
0.0436918
0.043327
0.0430222
0.0427951
0.0426709
0.0426752
0.0428322
0.0431635
0.0436807
0.0443823
0.0452457
0.0462293
0.0472738
0.0483074
0.0492548
0.0500548
0.0506646
0.0510633
0.0512475
0.051226
0.0510175
0.0506531
0.0501706
0.0496172
0.0490361
0.0484692
0.0479411
0.0474657
0.0470408
0.0466584
0.0463088
0.0459877
0.0457004
0.0454632
0.0453009
0.0452465
0.0453334
0.0455838
0.0460058
0.0465752
0.0472413
0.047911
0.048474
0.0488221
0.0488891
0.048668
0.0482191
0.0476419
0.0470445
0.0465189
0.0461202
0.0458717
0.0457707
0.0457954
0.0459119
0.0460804
0.0462641
0.0464273
0.0465454
0.0466035
0.0466016
0.0465565
0.0464986
0.0464756
0.046544
0.0467684
0.0472067
0.0478887
0.0487832
0.0497707
0.050632
0.0510997
0.0509657
0.0501925
0.0489356
0.047473
0.0460776
0.0449369
0.0441334
0.0436676
0.0434909
0.0435345
0.043726
0.0439976
0.0442995
0.0445964
0.0448707
0.0451146
0.0453359
0.0455429
0.0457457
0.0459496
0.0461511
0.0463408
0.0465008
0.0466119
0.0466654
0.0466612
0.0466211
0.0465841
0.0466047
0.0467408
0.0470467
0.0475636
0.0483095
0.0492788
0.0504349
0.0517121
0.0530199
0.0542563
0.0553161
0.0561104
0.0565844
0.0567242
0.056557
0.0561374
0.0555408
0.0548398
0.0540955
0.0533557
0.0526514
0.0519974
0.0514025
0.0508678
0.0503956
0.0499817
0.0496225
0.0493067
0.0490186
0.0487349
0.048428
0.0480707
0.0476432
0.0471373
0.04656
0.045934
0.0452987
0.0446941
0.0441617
0.0437319
0.0434272
0.0432553
0.0432128
0.0432873
0.0434609
0.0437131
0.0440246
0.0443785
0.0447594
0.0451497
0.0455307
0.0458712
0.0461344
0.0462797
0.0462708
0.0460881
0.0457408
0.0452626
0.0447062
0.0441298
0.043587
0.0431164
0.0427432
0.0424767
0.0423197
0.0422663
0.0423123
0.042455
0.0426905
0.0430191
0.0434379
0.0439446
0.044529
0.0451742
0.0458522
0.0465229
0.0471425
0.0476663
0.0480599
0.0483108
0.0484325
0.0484615
0.048454
0.0484697
0.0485646
0.0487856
0.0491609
0.0497038
0.0504131
0.0512717
0.0522464
0.0532903
0.0543437
0.0553331
0.0561768
0.0567931
0.0571133
0.0570943
0.0567392
0.0560992
0.0552657
0.054347
0.0534499
0.0526535
0.052003
0.0515091
0.0511483
0.0508818
0.0506695
0.050483
0.0503232
0.0502277
0.0502576
0.0504899
0.0509824
0.0517502
0.0527331
0.053781
0.0546808
0.0552013
0.0551788
0.0545721
0.0534632
0.0520037
0.050358
0.0486666
0.0470354
0.0455399
0.0442303
0.0431386
0.0422837
0.0416714
0.0412972
0.0411508
0.0412204
0.0414857
0.0419251
0.0425095
0.0432018
0.0439537
0.0447076
0.0454017
0.0459771
0.0463821
0.0465902
0.0466007
0.046446
0.0461832
0.0458899
0.0456496
0.0455467
0.0456541
0.0460362
0.0467417
0.0478075
0.0492407
0.0510043
0.0529827
0.0549541
0.0566038
0.0576126
0.0578018
0.057226
0.056149
0.0548959
0.0537195
0.0527399
0.0519684
0.051353
0.0508268
0.0503354
0.0498492
0.0493651
0.0488994
0.0484773
0.0481282
0.0478801
0.0477581
0.0477788
0.0479509
0.0482661
0.0486926
0.0491676
0.0495928
0.049847
0.0498109
0.0494094
0.0486381
0.0475666
0.0463193
0.0450328
0.0438216
0.0427696
0.0419272
0.0413167
0.0409446
0.0408112
0.0409124
0.0412445
0.0418027
0.0425827
0.0435729
0.0447578
0.0461078
0.0475824
0.0491284
0.0506791
0.0521607
0.0535031
0.0546519
0.0555705
0.05625
0.0567129
0.0570087
0.0572072
0.0573896
0.0576252
0.0579591
0.0583959
0.0588977
0.0593926
0.0598003
0.0600511
0.0601066
0.0599523
0.0595897
0.0590215
0.0582579
0.0573102
0.0561917
0.05492
0.0535176
0.0520156
0.0504542
0.0488788
0.0473374
0.0458702
0.0445198
0.0433179
0.042289
0.0414496
0.0408055
0.040353
0.0400778
0.0399585
0.0399706
0.0400883
0.0402926
0.0405767
0.0409468
0.0414238
0.0420421
0.0428396
0.0438468
0.0450747
0.0465038
0.0480776
0.0497058
0.0512832
0.0527212
0.0539837
0.0551044
0.0561698
0.0572591
0.0583801
0.0594094
0.0601142
0.0602468
0.0596822
0.0584758
0.0568193
0.0549564
0.0531111
0.0514613
0.0501349
0.0492117
0.0487175
0.048633
0.048899
0.0494249
0.0501034
0.0508254
0.0514959
0.0520506
0.0524602
0.0527305
0.0528926
0.0529929
0.0530779
0.0531869
0.0533487
0.0535769
0.0538722
0.0542257
0.0546195
0.0550332
0.0554438
0.0558314
0.0561827
0.0564879
0.0567431
0.0569472
0.057099
0.0572001
0.0572501
0.0572497
0.0572027
0.0571129
0.0569866
0.0568349
0.056669
0.0565062
0.0563658
0.0562773
0.0562807
0.056435
0.0568242
0.0575636
0.0588066
0.0607268
0.0634588
0.0669632
0.070805
0.0740269
0.0754653
0.0745381
0.0717207
0.0681014
0.0645925
0.0616023
0.0591632
0.0571578
0.0554623
0.0539972
0.0527284
0.0516499
0.0507702
0.0500977
0.0496422
0.0494102
0.0494089
0.0496494
0.0501493
0.0509385
0.052058
0.0535556
0.0554697
0.0577993
0.0604564
0.0632247
0.0657636
0.0676928
0.0687359
0.0688114
0.0680179
0.0665332
0.0645391
0.0622146
0.0597269
0.0572247
0.054814
0.0525574
0.0504776
0.0485758
0.0468441
0.0452733
0.0438572
0.0425878
0.0414617
0.0404731
0.0396162
0.0388855
0.0382716
0.0377669
0.0373625
0.0370485
0.0368196
0.0366669
0.0365839
0.0365637
0.0366013
0.0366924
0.0368334
0.0370197
0.0372503
0.0375227
0.0378359
0.0381892
0.0385818
0.0390139
0.0394843
0.0399916
0.0405338
0.0411083
0.0417076
0.0423253
0.0429551
0.0435875
0.0442164
0.0448343
0.0454346
0.0460119
0.0465571
0.0470602
0.047501
0.0478489
0.0480688
0.0481262
0.047994
0.0476666
0.0471634
0.0465308
0.0458402
0.0451726
0.0446151
0.0442582
0.0441935
0.0445216
0.0453476
0.0467653
0.0488081
0.0513616
0.0540661
0.0563077
0.057445
0.0571938
0.05584
0.0540285
0.0523711
0.0512173
0.0506494
0.0505862
0.0508789
0.0513681
0.0519156
0.0524107
0.0527688
0.0529321
0.0528623
0.0525439
0.0519892
0.0512381
0.050354
0.0494105
0.0484829
0.0476353
0.0469148
0.0463496
0.0459512
0.0457169
0.0456367
0.0456943
0.0458716
0.0461515
0.0465147
0.0469482
0.047438
0.0479698
0.0485314
0.0491082
0.0496821
0.0502326
0.0507362
0.0511682
0.0515034
0.0517219
0.0518071
0.0517582
0.0515827
0.0512994
0.0509399
0.0505365
0.0501248
0.0497378
0.0494036
0.0491421
0.0489647
0.0488792
0.0488847
0.0489756
0.0491415
0.0493688
0.049643
0.0499494
0.0502724
0.0506007
0.0509251
0.0512351
0.051525
0.051783
0.0519972
0.0521543
0.0522374
0.0522326
0.0521281
0.0519224
0.0516256
0.051257
0.0508457
0.0504284
0.0500383
0.0497123
0.049476
0.0493493
0.0493408
0.0494486
0.0496608
0.0499541
0.0502978
0.0506579
0.0509972
0.0512864
0.0515032
0.0516377
0.05169
0.051672
0.0516035
0.0515075
0.0514088
0.0513326
0.0512983
0.0513256
0.0514279
0.0516128
0.0518858
0.0522435
0.0526787
0.0531773
0.0537196
0.0542843
0.0548457
0.0553813
0.0558727
0.0563028
0.0566627
0.0569496
0.0571585
0.0572902
0.0573411
0.0573056
0.057177
0.0569527
0.0566395
0.0562615
0.0558684
0.0555279
0.0553143
0.055281
0.0554375
0.0557252
0.0560106
0.0561159
0.0558627
0.0551427
0.0539516
0.0523868
0.050599
0.048742
0.0469445
0.0441458
0.0427289
0.0415423
0.0405955
0.0398915
0.0394239
0.0391848
0.0391633
0.0393461
0.0397186
0.0402637
0.0409638
0.0417935
0.0427232
0.043718
0.044739
0.045744
0.0466915
0.0475419
0.0482629
0.0488237
0.0492026
0.0493769
0.0493376
0.0490838
0.0486276
0.0479921
0.047216
0.046345
0.0454294
0.0445121
0.0436276
0.0427939
0.0420204
0.0413053
0.0406436
0.0400338
0.0394813
0.0390044
0.0386272
0.0383863
0.0383181
0.0384571
0.0388308
0.0394502
0.0403107
0.0413839
0.0426188
0.0439463
0.0452937
0.0465905
0.0477737
0.0487822
0.0495437
0.049978
0.050013
0.049627
0.0488697
0.047855
0.0467229
0.0455979
0.0445655
0.0436716
0.0429292
0.0423339
0.041879
0.0415557
0.0413624
0.0413024
0.0413837
0.0416142
0.0420056
0.0425688
0.0433138
0.0442482
0.0453777
0.0466999
0.0482078
0.0498836
0.0516987
0.0536066
0.0555473
0.0574337
0.0591505
0.0605604
0.0615202
0.0619175
0.061712
0.0609638
0.0598191
0.0584686
0.0571017
0.0558643
0.0548477
0.0540828
0.0535611
0.0532457
0.0530906
0.053059
0.053128
0.053283
0.0535096
0.0537795
0.0540389
0.0542113
0.0542105
0.0539669
0.0534418
0.0526534
0.0516675
0.050583
0.0495058
0.0485301
0.0477237
0.0471254
0.0467434
0.046568
0.0465684
0.046705
0.0469381
0.0472298
0.0475549
0.0478979
0.0482613
0.0486592
0.0491146
0.0496596
0.0503221
0.0511229
0.0520638
0.053114
0.0541982
0.0551944
0.0559538
0.0563394
0.0562808
0.0558048
0.055022
0.0540841
0.0531252
0.0522456
0.0515028
0.0509298
0.0505513
0.0503932
0.0504919
0.0508844
0.0515986
0.0526207
0.0538626
0.0551222
0.0560846
0.0564095
0.0558888
0.0545725
0.0527514
0.0508146
0.049093
0.0477908
0.046991
0.0467004
0.0468827
0.0474778
0.0484085
0.0495809
0.0508773
0.0521635
0.0532946
0.0541361
0.0545858
0.0545919
0.0541579
0.0533339
0.0522027
0.0508612
0.0494115
0.0479463
0.046545
0.0452683
0.0441586
0.0432409
0.0425224
0.0419982
0.0416543
0.0414705
0.0414261
0.041504
0.0416912
0.0419822
0.0423787
0.0428884
0.0435239
0.0442959
0.0452125
0.0462712
0.0474576
0.0487342
0.0500511
0.0513398
0.0525254
0.0535401
0.054339
0.0549061
0.0552541
0.055413
0.055426
0.0553368
0.0551842
0.0549961
0.0547812
0.0545201
0.0541757
0.0537076
0.0530942
0.0523558
0.0515569
0.0507938
0.0501695
0.0497743
0.0496695
0.0498878
0.0504333
0.0512838
0.0523975
0.0537135
0.0551559
0.0566336
0.0580384
0.0592588
0.0601812
0.0607051
0.0607633
0.0603375
0.0594745
0.0582804
0.0569012
0.0554964
0.0542098
0.0531494
0.0523821
0.0519268
0.0517633
0.0518312
0.0520459
0.0523078
0.0525174
0.0526023
0.0525283
0.0523165
0.0520325
0.051772
0.0516252
0.0516508
0.0518444
0.0521299
0.0523775
0.052446
0.0522544
0.0518192
0.0512591
0.0507483
0.0504666
0.0505571
0.0511071
0.0521533
0.0536782
0.0556156
0.0578472
0.060213
0.0625236
0.0645974
0.066282
0.0674999
0.0682354
0.0685161
0.0683793
0.0678408
0.0668933
0.0655255
0.0637493
0.0616166
0.0592208
0.0566846
0.0541373
0.0516986
0.0494657
0.0475012
0.0458414
0.0444916
0.0434401
0.0426575
0.0421105
0.0417609
0.0415728
0.0415159
0.041568
0.0417173
0.0419562
0.0422849
0.0427089
0.0432358
0.0438666
0.0445969
0.0454153
0.0462986
0.0472144
0.0481222
0.0489747
0.0497196
0.0503137
0.0507216
0.0509244
0.0509246
0.0507437
0.0504191
0.0499971
0.049526
0.0490418
0.048571
0.0481256
0.0477056
0.0473003
0.0468994
0.0464944
0.0460815
0.0456697
0.0452725
0.0449099
0.0446037
0.0443732
0.0442334
0.044196
0.0442661
0.0444441
0.0447229
0.0450904
0.0455258
0.0460011
0.0464783
0.0469127
0.0472559
0.047468
0.0475176
0.047393
0.0471034
0.0466739
0.0461415
0.0455475
0.0449261
0.0443085
0.0437139
0.0431557
0.0426403
0.0421698
0.0417445
0.0413634
0.0410254
0.0407314
0.0404842
0.0402853
0.0401399
0.0400535
0.0400325
0.0400854
0.0402186
0.0404422
0.0407661
0.0411984
0.0417506
0.0424298
0.0432432
0.0441935
0.0452771
0.0464802
0.0477781
0.0491311
0.0504847
0.0517706
0.0529134
0.0538422
0.0544968
0.05484
0.0548622
0.0545811
0.0540343
0.0532691
0.0523387
0.0512954
0.0501869
0.0490583
0.0479521
0.046909
0.0459589
0.0451276
0.0444277
0.0438652
0.0434356
0.0431272
0.0429239
0.0428094
0.0427683
0.0427899
0.0428701
0.043012
0.0432257
0.0435245
0.043926
0.044445
0.0450914
0.0458651
0.0467492
0.0477074
0.0486815
0.0495939
0.0503529
0.0508717
0.0510845
0.0509645
0.0505281
0.0498358
0.0489739
0.0480359
0.0471078
0.0462615
0.0455453
0.0449957
0.0446345
0.0444741
0.0445248
0.0447946
0.0452869
0.0460059
0.0469439
0.0480813
0.0493757
0.0507565
0.0521287
0.0533706
0.0543569
0.0549843
0.0551895
0.0549639
0.0543525
0.0534406
0.0523418
0.051173
0.050043
0.0490361
0.0482098
0.0475921
0.0471918
0.0469944
0.0469786
0.0471156
0.0473716
0.0477158
0.0481175
0.0485473
0.0489827
0.0494016
0.0497855
0.0501244
0.0504098
0.0506401
0.0508145
0.0509267
0.0509581
0.0508769
0.050644
0.0502214
0.0495875
0.0487467
0.0477343
0.046609
0.0454426
0.0443039
0.0432517
0.0423285
0.0415624
0.0409699
0.0405589
0.0403318
0.0402896
0.0404325
0.04076
0.0412656
0.0419404
0.0427657
0.0437093
0.044727
0.0457647
0.0467687
0.0476953
0.0485224
0.0492583
0.0499328
0.0505796
0.0512182
0.0518421
0.0524079
0.0528492
0.0530967
0.0530994
0.0528491
0.052387
0.0517942
0.0511752
0.0506286
0.0502333
0.0500338
0.0500393
0.0502236
0.0505437
0.0509516
0.0514099
0.0519093
0.0524711
0.0531388
0.0539551
0.0549414
0.056077
0.0573061
0.0585545
0.0597564
0.0608494
0.06174
0.062277
0.0622801
0.0616382
0.0604049
0.0587935
0.0570842
0.0555052
0.0541844
0.0531466
0.0523589
0.0517589
0.0512877
0.0508946
0.0505521
0.0502452
0.0499709
0.0497373
0.0495542
0.0494341
0.0493887
0.0494263
0.0495483
0.0497519
0.050024
0.0503431
0.0506795
0.0509978
0.0512606
0.0514341
0.0514907
0.0514179
0.0512185
0.0509106
0.0505243
0.050097
0.0496707
0.0492763
0.0489363
0.048659
0.0484437
0.0482777
0.0481452
0.0480312
0.0479201
0.0478001
0.047656
0.0474711
0.0472241
0.0468847
0.0464245
0.0458173
0.0450532
0.0441438
0.0431204
0.0420308
0.0409284
0.0398647
0.0388802
0.0380038
0.0372523
0.0366342
0.0361501
0.0357964
0.0355685
0.0354603
0.0354648
0.0355774
0.0357912
0.0361013
0.0365021
0.0369877
0.0375513
0.0381842
0.0388786
0.0396258
0.040416
0.0412411
0.0420923
0.0429632
0.0438493
0.0447434
0.0456384
0.0465201
0.0473675
0.0481514
0.0488343
0.0493763
0.0497414
0.0499027
0.0498536
0.0496113
0.049213
0.0487126
0.0481742
0.0476643
0.0472413
0.0469585
0.0468551
0.0469575
0.047277
0.0478062
0.0485226
0.0493878
0.0503467
0.0513334
0.0522785
0.0531154
0.0537919
0.0542789
0.054577
0.0547124
0.0547384
0.0547215
0.0547317
0.0548279
0.0550355
0.055326
0.0556034
0.0557075
0.0554623
0.0547406
0.0535303
0.0519436
0.0501679
0.0483964
0.0467737
0.045378
0.0442324
0.0433218
0.0426106
0.0420597
0.0416324
0.0412979
0.0410359
0.0408366
0.0406937
0.0406074
0.0405816
0.0406184
0.0407214
0.0408901
0.0411271
0.0414301
0.0417979
0.0422274
0.0427149
0.0432524
0.0438294
0.0444301
0.0450316
0.0456023
0.0461043
0.0464946
0.0467274
0.0467634
0.0465804
0.0461798
0.0455819
0.044833
0.043989
0.0431077
0.0422376
0.0414142
0.0406591
0.0399805
0.0393764
0.0388382
0.0383584
0.0379244
0.0375253
0.0371531
0.0368037
0.0364729
0.0361616
0.0358727
0.035609
0.0353762
0.0351799
0.0350298
0.0349345
0.034903
0.0349456
0.0350713
0.0352937
0.035622
0.0360705
0.0366495
0.0373733
0.0382497
0.039285
0.0404769
0.0418129
0.0432667
0.0447947
0.046335
0.0478119
0.0491413
0.0502467
0.0510715
0.0515898
0.0518048
0.051749
0.0514724
0.0510295
0.0504752
0.0498621
0.0492378
0.0486446
0.0481147
0.0476709
0.0473209
0.0470644
0.046892
0.0467857
0.0467291
0.0467056
0.0467059
0.0467262
0.046771
0.0468474
0.0469694
0.0471478
0.0473955
0.0477199
0.0481299
0.0486327
0.0492349
0.0499436
0.050767
0.051709
0.0527666
0.0539245
0.055149
0.0563842
0.0575541
0.0585756
0.0593676
0.0598721
0.0600708
0.0599967
0.0597279
0.0593618
0.0589875
0.0586498
0.0583364
0.0579842
0.0575112
0.056846
0.0559661
0.0549081
0.0537581
0.0526218
0.0515948
0.0507514
0.050134
0.0497633
0.0496487
0.0497925
0.0501952
0.0508562
0.0517658
0.0528989
0.0542042
0.0556037
0.0569987
0.0582887
0.0593996
0.0603066
0.0610417
0.0616879
0.0623507
0.0631307
0.0641001
0.0652924
0.0666954
0.0682578
0.0698992
0.0715277
0.0730612
0.0744456
0.0756729
0.0767783
0.0778245
0.0788484
0.0798031
0.0804987
0.0806127
0.0797985
0.0778715
0.074936
0.0713499
0.0675493
0.0638938
0.0605984
0.0577432
0.0553143
0.0532404
0.0514226
0.0497558
0.0481578
0.046577
0.0450115
0.043492
0.0420752
0.0408185
0.0397721
0.0389685
0.0384213
0.038133
0.0380902
0.0382726
0.0386516
0.0391917
0.0398551
0.0405977
0.0413781
0.0421512
0.0428834
0.0435459
0.044127
0.0446218
0.04504
0.0453974
0.0457141
0.0460147
0.0463193
0.0466432
0.0469878
0.0473395
0.0476582
0.0478805
0.0479274
0.0477241
0.0472275
0.0464473
0.045451
0.0443413
0.0432332
0.0422256
0.0413853
0.040748
0.0403221
0.0400985
0.040058
0.0401784
0.0404392
0.0408216
0.0413159
0.041919
0.0426344
0.0434674
0.0444289
0.0455292
0.0467769
0.0481693
0.0496943
0.0513209
0.0529971
0.0546504
0.056192
0.057529
0.0585843
0.0593191
0.0597466
0.059929
0.0599542
0.059918
0.0598891
0.0598982
0.0599371
0.0599616
0.0599098
0.0597261
0.0593798
0.0588784
0.0582598
0.057587
0.0569249
0.0563289
0.055844
0.0554965
0.0553022
0.0552716
0.0554113
0.0557313
0.0562411
0.0569465
0.0578387
0.0588793
0.0599844
0.0610177
0.0617949
0.0621104
0.0617986
0.0607777
0.0590997
0.0569374
0.054534
0.0521367
0.0499491
0.0481009
0.0466578
0.0456346
0.0450114
0.0447499
0.0448026
0.0451178
0.0456388
0.0463068
0.0470651
0.0478574
0.0486293
0.0493335
0.0499323
0.0504015
0.0507305
0.0509222
0.0509917
0.0509626
0.0508659
0.050735
0.0506088
0.0505317
0.0505476
0.0507071
0.0510535
0.0516241
0.0524348
0.0534773
0.0547017
0.0560246
0.0573307
0.0584939
0.0594098
0.0600316
0.0603787
0.0605333
0.0606119
0.0607345
0.0610097
0.0615202
0.0623229
0.0634587
0.0649464
0.066782
0.0689064
0.0711569
0.0732032
0.0745308
0.0745877
0.0730739
0.0701682
0.0664369
0.0625214
0.0588793
0.0557266
0.0531006
0.0509439
0.0491719
0.0477027
0.0464704
0.0454259
0.0445372
0.0437816
0.0431418
0.0426053
0.0421581
0.0417872
0.0414773
0.0412142
0.0409869
0.0407836
0.0405981
0.0404314
0.040284
0.0401636
0.040081
0.0400488
0.0400836
0.0401982
0.0404085
0.0407273
0.0411631
0.0417167
0.0423818
0.0431461
0.0439872
0.044879
0.0457929
0.0466978
0.0475671
0.048378
0.0491171
0.0497843
0.0503929
0.050969
0.0515465
0.0521601
0.052826
0.0535401
0.0542734
0.0549747
0.0555822
0.056037
0.0562926
0.0563229
0.0561171
0.0556761
0.0550067
0.0541271
0.0530725
0.0519002
0.0506898
0.0495287
0.0485001
0.0476665
0.0470717
0.0467346
0.0466531
0.0468111
0.0471775
0.04771
0.0483546
0.0490488
0.0497233
0.0503058
0.0507375
0.0509788
0.0510153
0.0508532
0.0505205
0.0500516
0.0494814
0.0488422
0.0481653
0.0474804
0.0468169
0.0462037
0.0456646
0.0452135
0.0448571
0.0445901
0.0443957
0.0442483
0.0441175
0.0439755
0.0437958
0.0435657
0.0432821
0.0429558
0.0426007
0.0422385
0.0418924
0.0415806
0.0413197
0.0411215
0.0409936
0.0409405
0.0409656
0.0410687
0.0412511
0.0415125
0.0418558
0.0422839
0.0428028
0.0434224
0.0441561
0.0450214
0.0460421
0.0472404
0.0486442
0.0502721
0.0521301
0.0541999
0.0564178
0.0586591
0.0607254
0.062355
0.0632785
0.063309
0.0624334
0.0608377
0.0588449
0.0568109
0.0550452
0.0537636
0.0530939
0.0530886
0.0537291
0.0549261
0.0565117
0.0582516
0.0598977
0.0612637
0.062284
0.063015
0.0635499
0.063911
0.0639909
0.0635671
0.0624211
0.0604989
0.057993
0.0552888
0.0528017
0.0508479
0.0495893
0.0490395
0.0490981
0.0495872
0.050287
0.0509984
0.0515835
0.0520021
0.0522899
0.0525215
0.0527683
0.0530749
0.053465
0.0539539
0.0545496
0.0552642
0.0561016
0.0570499
0.0580663
0.059084
0.0600141
0.0607511
0.0611933
0.0612521
0.0608764
0.0600717
0.0589033
0.057494
0.0559986
0.0545739
0.0533568
0.0524532
0.0519248
0.0517826
0.0519705
0.0523559
0.0527202
0.0528013
0.0523638
0.0512902
0.0496321
0.0475756
0.0453667
0.0432216
0.0412868
0.0396361
0.0382903
0.0372357
0.0364437
0.0358828
0.0355206
0.0353308
0.0352915
0.0353856
0.0356003
0.035924
0.0363444
0.036853
0.0374341
0.0380701
0.0387374
0.0394093
0.0400545
0.0406418
0.0411466
0.0415525
0.0418587
0.0420788
0.0422352
0.0423612
0.0424906
0.0426538
0.0428777
0.0431798
0.0435743
0.0440631
0.0446464
0.0453197
0.046072
0.0468925
0.0477696
0.0486912
0.0496445
0.050622
0.0516137
0.0526137
0.0536137
0.0546029
0.055563
0.0564699
0.05729
0.0579836
0.0585052
0.058808
0.0588558
0.0586253
0.0581145
0.0573434
0.056359
0.0552252
0.0540064
0.0527723
0.0515734
0.0504474
0.0494197
0.0484975
0.0476766
0.0469464
0.0462922
0.0456954
0.0451398
0.0446135
0.0441096
0.0436273
0.043175
0.0427659
0.042417
0.0421515
0.0419871
0.0419405
0.0420183
0.0422152
0.0425131
0.0428778
0.04326
0.0436046
0.0438542
0.0439626
0.0439052
0.0436792
0.0433082
0.0428327
0.0423101
0.0418021
0.0413749
0.0410892
0.0410048
0.0411715
0.0416233
0.0423617
0.0433364
0.044423
0.0454216
0.0460923
0.0462301
0.0457626
0.0447743
0.0434706
0.042087
0.0408142
0.0397668
0.0389918
0.0384885
0.0382312
0.0381861
0.0383161
0.0385879
0.0389694
0.0394318
0.03995
0.0405007
0.0410621
0.0416214
0.0421652
0.0426859
0.0431777
0.0436316
0.0440411
0.0443908
0.0446655
0.0448482
0.0449258
0.044891
0.0447505
0.0445195
0.0442236
0.0438951
0.0435682
0.0432735
0.0430358
0.0428768
0.0428087
0.0428406
0.0429762
0.0432147
0.043555
0.0439944
0.0445266
0.0451464
0.0458448
0.0466163
0.0474515
0.0483395
0.0492687
0.0502235
0.0511878
0.0521386
0.0530525
0.0539014
0.0546556
0.0552885
0.0557756
0.0560979
0.0562448
0.05622
0.0560404
0.0557394
0.055355
0.0549324
0.0545086
0.0541061
0.0537335
0.0533809
0.0530286
0.0526568
0.052254
0.0518263
0.0513973
0.0509974
0.050662
0.050419
0.0502897
0.050283
0.0504011
0.0506426
0.0510039
0.0514872
0.0520934
0.052825
0.0536752
0.0546301
0.0556534
0.0566908
0.0576671
0.0584979
0.0591067
0.0594388
0.0594838
0.05927
0.0588571
0.0583318
0.0577893
0.0573366
0.0570953
0.0571948
0.0577587
0.0588556
0.0604156
0.0621304
0.0634421
0.063722
0.0626378
0.0603837
0.0575368
0.0546929
0.0522187
0.0502264
0.0486736
0.0474502
0.0464442
0.0455699
0.0447768
0.0440422
0.0433655
0.0427552
0.0422242
0.0417822
0.0414338
0.0411808
0.041018
0.04094
0.0409392
0.0410097
0.0411459
0.0413461
0.0416106
0.0419434
0.0423518
0.0428425
0.0434239
0.044104
0.044889
0.0457836
0.0467891
0.0479056
0.0491271
0.0504438
0.0518372
0.0532796
0.0547285
0.0561295
0.0574188
0.0585337
0.0594284
0.0600756
0.0604814
0.0606734
0.0606893
0.0605675
0.0603315
0.0599905
0.0595258
0.0589028
0.0580778
0.0570148
0.0557154
0.0542238
0.0526326
0.0510638
0.0496387
0.0484617
0.0476069
0.0471112
0.0469763
0.0471675
0.0476132
0.0482084
0.0488246
0.0493339
0.0496347
0.0496709
0.0494404
0.048978
0.0483444
0.0476065
0.0468317
0.0460819
0.0454068
0.044843
0.0444078
0.0440996
0.0439036
0.0437942
0.0437464
0.0437347
0.043749
0.0437879
0.0438671
0.0440113
0.0442555
0.0446341
0.0451835
0.0459272
0.0468756
0.0480166
0.0493127
0.0507115
0.0521595
0.0536199
0.0550798
0.0565416
0.0579984
0.0594064
0.0606782
0.0617019
0.0623939
0.0627408
0.0628202
0.0627849
0.0628237
0.0631141
0.0637933
0.0649136
0.0664022
0.0680349
0.0694646
0.0703508
0.0705273
0.070083
0.0692564
0.0682282
0.066972
0.0652681
0.0628776
0.0597456
0.0560668
0.0521951
0.0484857
0.0451869
0.0424232
0.0402207
0.0385486
0.0373542
0.0365766
0.0361594
0.0360582
0.0362331
0.0366485
0.0372709
0.0380616
0.0389719
0.0399394
0.0408958
0.0417713
0.0425092
0.0430818
0.0434932
0.043782
0.0440079
0.0442394
0.0445373
0.0449475
0.0455001
0.0462064
0.0470603
0.0480402
0.0491159
0.0502426
0.0513717
0.0524531
0.0534436
0.0543107
0.0550393
0.0556244
0.0560746
0.0563995
0.0566117
0.0567204
0.0567384
0.056676
0.0565459
0.0563621
0.0561366
0.0558805
0.0556014
0.0552996
0.054972
0.0546091
0.054203
0.0537449
0.0532293
0.0526553
0.0520265
0.0513547
0.0506527
0.0499364
0.0492251
0.0485357
0.0478846
0.0472862
0.0467494
0.0462805
0.045883
0.0455549
0.0452908
0.0450853
0.044933
0.0448312
0.0447811
0.0447891
0.0448698
0.0450413
0.0453318
0.045773
0.0463947
0.0472271
0.0482791
0.0495344
0.0509317
0.0523624
0.0536758
0.0547122
0.0553519
0.0555549
0.0553698
0.0549041
0.0542777
0.0535878
0.0528896
0.052198
0.0514964
0.0507596
0.0499635
0.0491027
0.048196
0.0472853
0.0464312
0.0457065
0.0451858
0.0449459
0.0450594
0.0455922
0.0465787
0.0479922
0.0496948
0.0513997
0.0526984
0.0532066
0.0527593
0.0515111
0.0498448
0.0481764
0.0467961
0.0458362
0.0453019
0.0451167
0.0451614
0.0453014
0.0454122
0.0453983
0.0452193
0.044889
0.0444676
0.044038
0.0436851
0.0434775
0.043469
0.04369
0.0441571
0.0448702
0.0458077
0.0469217
0.0481311
0.0493139
0.0503221
0.0510107
0.051282
0.0511155
0.0505749
0.0497769
0.0488517
0.0479053
0.0470087
0.0461953
0.0454738
0.0448371
0.0442752
0.0437766
0.0433315
0.0429317
0.0425743
0.0422582
0.0419828
0.0417495
0.0415613
0.0414196
0.0413288
0.0412912
0.0413143
0.041401
0.041558
0.0417928
0.0421086
0.0425099
0.0429981
0.0435716
0.0442244
0.0449412
0.0457063
0.0464998
0.0473013
0.0480927
0.0488691
0.0496343
0.0504034
0.0512009
0.0520529
0.0529862
0.0540117
0.0551321
0.0563344
0.0575946
0.058886
0.0601918
0.061514
0.0628823
0.0643389
0.0659178
0.0676026
0.0692761
0.0707077
0.0716019
0.0717271
0.0710274
0.0696396
0.0677771
0.065609
0.0632178
0.060647
0.0579602
0.055266
0.0526916
0.0503471
0.0482984
0.0465703
0.0451518
0.0440168
0.0431351
0.0424788
0.0420266
0.0417678
0.0416984
0.041819
0.0421326
0.0426371
0.0433238
0.0441665
0.0451203
0.0461102
0.0470247
0.0477164
0.0480153
0.0477673
0.0468948
0.0454374
0.0435544
0.041467
0.0393861
0.0374686
0.0358026
0.0344216
0.0333177
0.0324683
0.0318418
0.0314096
0.0311491
0.0310452
0.0310905
0.0312905
0.0316571
0.0322153
0.0330025
0.0340675
0.0354646
0.0372422
0.0394103
0.0418985
0.0445071
0.0468938
0.048658
0.0495233
0.0494917
0.0488543
0.0480275
0.0473708
0.0471011
0.0472957
0.0479372
0.0489457
0.0502094
0.0515911
0.0529441
0.0541233
0.0549995
0.0554738
0.0554879
0.0550231
0.054112
0.0528297
0.0512915
0.0496318
0.0479811
0.046446
0.0451032
0.0439923
0.0431239
0.0424854
0.0420519
0.0417908
0.0416651
0.0416414
0.0416886
0.0417787
0.0418911
0.0420092
0.0421217
0.0422225
0.042306
0.0423695
0.042411
0.0424299
0.0424247
0.0423986
0.042351
0.0422849
0.0422074
0.0421297
0.042067
0.0420405
0.0420764
0.0422026
0.042448
0.0428354
0.0433789
0.0440766
0.0449054
0.0458177
0.0467453
0.0476119
0.0483511
0.0489275
0.0493525
0.0496732
0.0499608
0.0502871
0.050708
0.0512581
0.0519475
0.0527702
0.0537127
0.0547587
0.0558926
0.0570948
0.0583445
0.0596139
0.0608729
0.0620967
0.0632724
0.0643843
0.0653896
0.0661741
0.0665537
0.066339
0.0654444
0.0639608
0.0621366
0.0602596
0.0585631
0.0571646
0.0560875
0.0552782
0.0546472
0.0540944
0.0535375
0.0529322
0.0522907
0.0516748
0.0511807
0.0509056
0.0509113
0.0511942
0.0516709
0.0521748
0.0525011
0.0524757
0.0520268
0.051214
0.0501896
0.0491277
0.0481723
0.0474053
0.0468589
0.0465333
0.0464157
0.0464895
0.0467473
0.0471854
0.047802
0.0485971
0.0495623
0.0506846
0.0519349
0.0532694
0.0546286
0.0559382
0.0571159
0.0580768
0.0587471
0.0590756
0.0590395
0.0586512
0.057958
0.0570346
0.0559689
0.0548604
0.0537943
0.0528385
0.0520353
0.0513991
0.0509188
0.0505601
0.0502783
0.0500281
0.0497836
0.0495428
0.0493424
0.0492515
0.0493631
0.0497853
0.0506178
0.0519297
0.0537089
0.0558095
0.0579045
0.0595214
0.0602031
0.0597257
0.0582097
0.0560177
0.0535505
0.0511093
0.0488612
0.0468769
0.045178
0.0437664
0.0426353
0.0417801
0.0411949
0.0408709
0.0408032
0.0409805
0.0413902
0.0420123
0.0428183
0.0437697
0.0448234
0.0459273
0.0470337
0.0481013
0.0491017
0.0500175
0.0508357
0.0515369
0.0520945
0.0524774
0.0526577
0.0526244
0.0523854
0.0519742
0.0514418
0.0508456
0.0502413
0.0496736
0.0491686
0.0487336
0.0483588
0.0480251
0.0477098
0.0473902
0.047052
0.0466878
0.0463005
0.0458973
0.0454923
0.0450989
0.044732
0.044406
0.0441308
0.043918
0.0437759
0.0437082
0.0437205
0.0438153
0.0439939
0.0442594
0.0446158
0.045069
0.0456249
0.0462917
0.0470759
0.0479826
0.0490122
0.0501549
0.0513993
0.0527247
0.0541082
0.0555214
0.0569418
0.0583446
0.0596997
0.0609595
0.0620475
0.0628471
0.0632328
0.0631091
0.0624684
0.0614189
0.0601594
