1.05002
1.05004
1.05007
1.0501
1.05014
1.05018
1.05023
1.05029
1.05035
1.05041
1.05049
1.05056
1.05065
1.05074
1.05083
1.05093
1.05104
1.05116
1.05128
1.05141
1.05154
1.05168
1.05183
1.05199
1.05215
1.05233
1.05251
1.0527
1.05289
1.0531
1.05332
1.05354
1.05378
1.05403
1.05429
1.05455
1.05483
1.05513
1.05543
1.05575
1.05608
1.05643
1.05679
1.05716
1.05755
1.05796
1.05839
1.05883
1.0593
1.05978
1.06029
1.06081
1.06136
1.06194
1.06253
1.06316
1.06381
1.06449
1.06521
1.06595
1.06672
1.06753
1.06837
1.06925
1.07017
1.07112
1.0721
1.07312
1.07418
1.07526
1.07638
1.07751
1.07867
1.07983
1.08099
1.08214
1.08327
1.08435
1.08537
1.08632
1.08718
1.08795
1.08864
1.08926
1.08987
1.09051
1.09127
1.09222
1.09346
1.09504
1.09697
1.09925
1.10182
1.10459
1.10748
1.1104
1.11327
1.11603
1.11863
1.12102
1.12316
1.12498
1.12644
1.12745
1.12797
1.12794
1.12738
1.12642
1.12528
1.12431
1.12392
1.12438
1.12577
1.12785
1.13018
1.13229
1.13379
1.13454
1.13464
1.13433
1.13394
1.13374
1.13393
1.13451
1.13538
1.13629
1.13695
1.13704
1.13642
1.13517
1.13377
1.13307
1.13411
1.13767
1.14376
1.1515
1.15952
1.16652
1.17157
1.17421
1.17432
1.1721
1.168
1.16283
1.15764
1.15353
1.15129
1.15112
1.15267
1.15537
1.15869
1.1623
1.16608
1.17001
1.17413
1.17839
1.18276
1.1871
1.19129
1.19517
1.19858
1.20142
1.20355
1.20489
1.20535
1.20484
1.20329
1.2007
1.19714
1.19286
1.18834
1.18425
1.18129
1.18002
1.18054
1.18254
1.18539
1.18846
1.19122
1.19343
1.19502
1.19609
1.19684
1.1975
1.19828
1.19935
1.20082
1.20272
1.205
1.20756
1.21026
1.21294
1.21541
1.2175
1.21902
1.21978
1.21961
1.21835
1.2159
1.21223
1.20747
1.20196
1.19624
1.19105
1.18711
1.18494
1.1846
1.18562
1.18713
1.18819
1.18806
1.18654
1.18396
1.18114
1.17906
1.17848
1.17979
1.18297
1.18773
1.1936
1.20005
1.20656
1.21266
1.21805
1.22256
1.22616
1.22887
1.23077
1.23192
1.2324
1.23227
1.23158
1.23036
1.22864
1.22644
1.2238
1.22079
1.2175
1.21407
1.21064
1.20739
1.20447
1.20199
1.19998
1.19839
1.19712
1.196
1.19482
1.19342
1.19165
1.18944
1.18687
1.18421
1.18193
1.18069
1.18111
1.1835
1.18768
1.19307
1.19888
1.20444
1.20928
1.2132
1.21616
1.21821
1.21948
1.22007
1.22008
1.21962
1.2188
1.21774
1.21656
1.21541
1.21438
1.21354
1.21282
1.21208
1.21109
1.20958
1.20733
1.20427
1.20056
1.19662
1.19312
1.19079
1.19022
1.19164
1.19486
1.19938
1.20455
1.20978
1.2146
1.21878
1.22223
1.22499
1.22718
1.22895
1.23045
1.23182
1.23315
1.2345
1.23592
1.23739
1.2389
1.24038
1.24178
1.24302
1.24403
1.2447
1.24495
1.24467
1.24376
1.24215
1.23978
1.2367
1.23302
1.22902
1.22509
1.22168
1.21928
1.21825
1.21877
1.22077
1.22398
1.22789
1.23191
1.23544
1.23797
1.23917
1.23888
1.23715
1.23424
1.23062
1.22693
1.22393
1.22233
1.22255
1.22465
1.22824
1.23262
1.23705
1.24086
1.24361
1.24508
1.24527
1.24433
1.24249
1.24006
1.23736
1.23469
1.2323
1.23029
1.22869
1.22736
1.22614
1.22486
1.22343
1.22184
1.22018
1.21857
1.21716
1.21607
1.21542
1.21531
1.21582
1.21701
1.21887
1.22134
1.2243
1.22759
1.23101
1.2344
1.23761
1.24051
1.24304
1.24516
1.24686
1.24815
1.24906
1.24961
1.24981
1.24968
1.24921
1.24838
1.24715
1.24547
1.2433
1.2406
1.2374
1.23377
1.22992
1.22619
1.22302
1.22091
1.22024
1.22121
1.22369
1.22734
1.23166
1.23613
1.24035
1.24401
1.24695
1.24907
1.25035
1.25082
1.25055
1.24968
1.24842
1.24697
1.24554
1.2442
1.24284
1.24117
1.23886
1.23574
1.23215
1.22903
1.22767
1.22905
1.23314
1.23888
1.24481
1.24974
1.25311
1.25484
1.25521
1.25462
1.25347
1.25212
1.2508
1.24965
1.24871
1.24798
1.24746
1.24716
1.2471
1.24729
1.24772
1.24834
1.24903
1.24968
1.25017
1.25043
1.25046
1.25033
1.25017
1.25012
1.25035
1.25094
1.25193
1.2533
1.25498
1.25684
1.25876
1.26059
1.26219
1.26344
1.26419
1.26429
1.26359
1.26188
1.25896
1.2546
1.24867
1.24122
1.23276
1.22439
1.21776
1.21452
1.21545
1.21997
1.22648
1.2332
1.23888
1.24289
1.2451
1.24569
1.24497
1.24333
1.24112
1.23868
1.23628
1.23411
1.23235
1.23112
1.23051
1.23053
1.23113
1.23213
1.23331
1.23446
1.2354
1.23602
1.23627
1.23616
1.23573
1.23504
1.23415
1.23313
1.23202
1.23087
1.22971
1.22858
1.22749
1.22647
1.22551
1.22464
1.22386
1.22316
1.22256
1.22205
1.22163
1.22129
1.22105
1.22088
1.22078
1.22075
1.22078
1.22086
1.22098
1.22113
1.2213
1.22147
1.22164
1.22181
1.22196
1.2221
1.22224
1.22236
1.22248
1.22258
1.22265
1.22263
1.22246
1.22204
1.22126
1.21997
1.21806
1.21543
1.21207
1.20813
1.20399
1.20027
1.19772
1.19691
1.19792
1.20023
1.20299
1.20537
1.20688
1.2075
1.20756
1.20757
1.20805
1.20934
1.21152
1.21445
1.21782
1.22129
1.22453
1.22733
1.22955
1.23116
1.2322
1.23276
1.23297
1.23294
1.2328
1.23263
1.23249
1.23244
1.23249
1.23267
1.23298
1.23344
1.23403
1.23476
1.23563
1.23664
1.23779
1.23908
1.24049
1.24196
1.24342
1.2448
1.246
1.24697
1.24762
1.24792
1.24785
1.24741
1.24661
1.2455
1.24415
1.24264
1.24108
1.23956
1.23817
1.23696
1.23595
1.23512
1.23444
1.23387
1.23342
1.2331
1.23297
1.23312
1.23361
1.23448
1.2357
1.23721
1.23889
1.24066
1.24241
1.24411
1.24575
1.24736
1.24896
1.25058
1.25218
1.25375
1.25519
1.25645
1.25743
1.25804
1.25822
1.2579
1.25706
1.2557
1.25389
1.25177
1.24949
1.24725
1.24519
1.24339
1.24184
1.24053
1.23954
1.23907
1.2394
1.24066
1.24272
1.24508
1.24703
1.2478
1.24685
1.24404
1.23996
1.23595
1.23383
1.23496
1.23938
1.24576
1.25232
1.25764
1.26108
1.2626
1.26248
1.26117
1.25915
1.25685
1.25466
1.25285
1.2516
1.25094
1.25079
1.251
1.25141
1.25186
1.25222
1.25241
1.25237
1.25209
1.25162
1.25105
1.25049
1.2501
1.25001
1.25031
1.25102
1.25205
1.25329
1.25459
1.25581
1.25686
1.25771
1.25837
1.25887
1.25928
1.25965
1.26
1.26034
1.26066
1.26092
1.26105
1.26101
1.26073
1.26015
1.25924
1.25797
1.25636
1.25445
1.25232
1.25009
1.2479
1.2459
1.24421
1.24297
1.24225
1.24212
1.24261
1.2437
1.24533
1.24739
1.24973
1.25217
1.25452
1.25664
1.25843
1.25982
1.26083
1.2615
1.2619
1.26212
1.26226
1.26241
1.26267
1.26307
1.26364
1.26438
1.26525
1.26617
1.26707
1.26784
1.26837
1.26855
1.26824
1.26734
1.26578
1.2635
1.26053
1.25697
1.25301
1.2489
1.24491
1.24132
1.23833
1.23601
1.23432
1.23311
1.2322
1.2315
1.23107
1.23121
1.23232
1.23477
1.2387
1.24393
1.24995
1.2561
1.26165
1.266
1.2687
1.26948
1.26823
1.26502
1.26013
1.25411
1.24781
1.24228
1.23858
1.23745
1.23899
1.24268
1.24753
1.25252
1.25681
1.25988
1.26148
1.26147
1.25975
1.25616
1.2505
1.24272
1.23329
1.22366
1.21631
1.21374
1.2168
1.22401
1.23264
1.24036
1.24598
1.24927
1.2505
1.2501
1.2485
1.24609
1.2432
1.24015
1.2372
1.23458
1.23244
1.23088
1.22991
1.22953
1.22968
1.2303
1.23135
1.23274
1.23442
1.23632
1.23838
1.24051
1.24265
1.24476
1.24677
1.24865
1.25039
1.25198
1.25341
1.25471
1.25588
1.25696
1.25795
1.25889
1.25979
1.26068
1.26156
1.26245
1.26335
1.26426
1.26519
1.26611
1.26701
1.26786
1.26864
1.26929
1.26977
1.27001
1.26993
1.26947
1.26854
1.2671
1.26514
1.26267
1.25982
1.25676
1.25373
1.25102
1.24889
1.24752
1.24696
1.24715
1.2479
1.24897
1.25013
1.25126
1.25228
1.25326
1.2543
1.25554
1.2571
1.25905
1.26141
1.26411
1.26701
1.26994
1.27268
1.27504
1.27682
1.2779
1.27815
1.2775
1.27592
1.27339
1.26995
1.26571
1.26092
1.25601
1.25159
1.24834
1.24684
1.24732
1.24957
1.25307
1.25717
1.26128
1.265
1.26809
1.27043
1.27201
1.27286
1.27304
1.27262
1.27169
1.27035
1.2687
1.26683
1.26484
1.26281
1.26083
1.25897
1.2573
1.25588
1.25479
1.25408
1.2538
1.25401
1.2547
1.25586
1.25743
1.25931
1.26136
1.26345
1.26547
1.26729
1.26885
1.2701
1.27103
1.27166
1.27198
1.27203
1.27182
1.27136
1.27067
1.26974
1.26856
1.26712
1.26541
1.26346
1.26132
1.25907
1.25689
1.25499
1.25366
1.25322
1.25389
1.25577
1.25877
1.26264
1.26701
1.27152
1.27589
1.27991
1.28345
1.28644
1.28885
1.29064
1.29176
1.29216
1.29172
1.29032
1.28785
1.28419
1.2793
1.27325
1.2663
1.25891
1.25172
1.24549
1.24094
1.23858
1.23866
1.24106
1.24538
1.25105
1.2574
1.26386
1.26999
1.27549
1.28021
1.28409
1.28714
1.28938
1.29085
1.29156
1.2915
1.29069
1.28915
1.28698
1.28438
1.28167
1.27924
1.27749
1.27669
1.27688
1.27789
1.27937
1.28097
1.28237
1.28342
1.28403
1.28424
1.28413
1.28381
1.28339
1.28295
1.28254
1.28217
1.28176
1.28122
1.28041
1.27921
1.27754
1.27543
1.27303
1.27068
1.2688
1.26772
1.26758
1.26817
1.26902
1.26952
1.26917
1.26765
1.26495
1.26136
1.25744
1.25395
1.25159
1.25076
1.25133
1.25266
1.25387
1.25411
1.25279
1.24968
1.2449
1.23892
1.23247
1.22649
1.22196
1.21968
1.22004
1.22295
1.22784
1.23391
1.2403
1.24628
1.25135
1.25519
1.25763
1.25864
1.25822
1.25641
1.25327
1.24889
1.24348
1.23743
1.23136
1.22607
1.22241
1.22092
1.22161
1.22397
1.2272
1.23049
1.23323
1.23507
1.23591
1.23576
1.23478
1.23316
1.23118
1.22914
1.22729
1.22584
1.22487
1.22434
1.22412
1.22406
1.22402
1.22396
1.22387
1.22384
1.22397
1.22434
1.225
1.22594
1.2271
1.22841
1.22975
1.23103
1.23217
1.23312
1.23383
1.23426
1.23439
1.2342
1.23365
1.23273
1.23143
1.22977
1.22781
1.22567
1.22355
1.22168
1.22033
1.21973
1.22003
1.22125
1.22331
1.22604
1.22924
1.2327
1.23624
1.23966
1.2428
1.2455
1.24763
1.24907
1.24969
1.24942
1.24825
1.24625
1.24364
1.24081
1.23824
1.23634
1.23526
1.23469
1.23398
1.2324
1.22949
1.2253
1.22046
1.21602
1.2131
1.21256
1.21477
1.21957
1.2263
1.23398
1.24159
1.2483
1.25364
1.25751
1.26011
1.26174
1.26272
1.26327
1.26349
1.26347
1.26335
1.26337
1.26375
1.26462
1.26588
1.26729
1.26859
1.26965
1.27051
1.27131
1.2722
1.27327
1.27446
1.27566
1.27667
1.27737
1.27773
1.27783
1.27786
1.27805
1.27863
1.27969
1.28122
1.28309
1.28505
1.28681
1.28809
1.2886
1.28814
1.28655
1.28377
1.27985
1.27493
1.26929
1.26329
1.25743
1.25232
1.24861
1.24684
1.2472
1.24938
1.25271
1.25638
1.25969
1.2622
1.26369
1.2642
1.264
1.26353
1.26338
1.264
1.26555
1.26784
1.27039
1.27269
1.27433
1.27509
1.27495
1.27399
1.27239
1.27033
1.26802
1.26561
1.26323
1.26095
1.2588
1.25686
1.25522
1.25404
1.25349
1.25367
1.25459
1.25612
1.25803
1.26009
1.26207
1.26383
1.26527
1.26633
1.26702
1.26732
1.26726
1.26682
1.26601
1.26479
1.26312
1.26093
1.2581
1.25447
1.24986
1.2441
1.23713
1.22921
1.22111
1.21419
1.21002
1.20963
1.21287
1.21844
1.2247
1.23034
1.23468
1.23757
1.23915
1.2398
1.23993
1.23998
1.24034
1.24124
1.24271
1.24464
1.24679
1.24892
1.25082
1.25236
1.25349
1.25421
1.25457
1.25463
1.25446
1.25411
1.25366
1.25315
1.25264
1.25217
1.25177
1.25148
1.25131
1.25129
1.25141
1.25168
1.25209
1.25262
1.25327
1.254
1.2548
1.25564
1.2565
1.25735
1.25815
1.25887
1.25945
1.25984
1.25994
1.25966
1.25888
1.25747
1.25529
1.25225
1.24833
1.24361
1.23831
1.23283
1.22773
1.22369
1.22149
1.22177
1.22485
1.23046
1.23777
1.24565
1.25304
1.25917
1.26366
1.26642
1.26765
1.26773
1.26719
1.26663
1.26651
1.26701
1.26793
1.26878
1.26898
1.26821
1.26654
1.26456
1.26319
1.26325
1.2651
1.26838
1.27224
1.27579
1.27834
1.27954
1.27928
1.27758
1.27457
1.27047
1.26566
1.26075
1.25656
1.25399
1.25371
1.25584
1.25993
1.26516
1.27071
1.27597
1.28065
1.28466
1.28805
1.2909
1.29329
1.29527
1.29687
1.29811
1.29902
1.29964
1.30002
1.3002
1.30025
1.3002
1.3001
1.29998
1.29988
1.29981
1.29978
1.29977
1.29974
1.29963
1.29936
1.29883
1.29798
1.29672
1.295
1.29279
1.29009
1.28693
1.2834
1.27967
1.27605
1.27299
1.27106
1.27081
1.27258
1.27632
1.28155
1.2875
1.29334
1.29845
1.30242
1.30511
1.30658
1.30698
1.30653
1.30544
1.30394
1.30224
1.30053
1.29904
1.29795
1.29739
1.29743
1.29799
1.29893
1.3
1.30098
1.30166
1.30192
1.30173
1.30118
1.30042
1.29964
1.29899
1.29857
1.29835
1.29825
1.29812
1.29784
1.2973
1.29643
1.2952
1.29363
1.29176
1.28969
1.28753
1.28541
1.28349
1.28189
1.28072
1.28005
1.27991
1.28028
1.2811
1.28228
1.28369
1.2852
1.28667
1.288
1.28909
1.2899
1.29041
1.29063
1.29056
1.29025
1.28971
1.28898
1.28806
1.28698
1.28573
1.2843
1.28269
1.28086
1.2788
1.27646
1.27379
1.2707
1.26705
1.26265
1.25725
1.25057
1.2424
1.23283
1.22258
1.21326
1.20713
1.20599
1.21006
1.21776
1.22677
1.23527
1.24235
1.2478
1.25181
1.25469
1.25674
1.2582
1.25926
1.26006
1.26071
1.26129
1.26184
1.26237
1.26291
1.26343
1.26392
1.26436
1.26473
1.26501
1.26517
1.26519
1.26506
1.26475
1.26422
1.26346
1.26241
1.26106
1.25936
1.25731
1.25492
1.25225
1.24941
1.24659
1.24401
1.24194
1.24062
1.24021
1.24078
1.24223
1.24442
1.24712
1.2501
1.25316
1.25613
1.2589
1.26138
1.26355
1.2654
1.26695
1.26824
1.26933
1.27026
1.2711
1.27187
1.27261
1.27329
1.27388
1.2743
1.27445
1.27418
1.27335
1.27186
1.26967
1.26696
1.2641
1.26174
1.26059
1.2612
1.26363
1.26748
1.272
1.27647
1.28037
1.28344
1.28563
1.28705
1.28782
1.28809
1.28797
1.28754
1.28683
1.28583
1.2845
1.28277
1.28059
1.27793
1.27485
1.27157
1.26843
1.26593
1.26457
1.26467
1.26623
1.26896
1.27235
1.27586
1.27903
1.28154
1.28317
1.2838
1.2834
1.28205
1.27999
1.27757
1.27526
1.27348
1.27248
1.27229
1.27276
1.27365
1.27475
1.27594
1.27718
1.27847
1.27982
1.28126
1.28279
1.28441
1.28615
1.28801
1.29001
1.29213
1.29435
1.29663
1.29891
1.30113
1.30323
1.30514
1.30677
1.30805
1.3089
1.30924
1.30898
1.30804
1.30633
1.3038
1.3004
1.29616
1.29124
1.28599
1.281
1.27704
1.27492
1.27519
1.27789
1.28254
1.28829
1.2942
1.2995
1.3037
1.30657
1.30808
1.3083
1.3074
1.30553
1.30287
1.29962
1.29598
1.29216
1.28838
1.28486
1.28184
1.27949
1.27794
1.27724
1.27736
1.27817
1.27951
1.28122
1.28311
1.28506
1.28698
1.28879
1.29048
1.292
1.29336
1.29454
1.29554
1.29636
1.297
1.29745
1.29773
1.29783
1.29778
1.29759
1.29728
1.29688
1.29641
1.2959
1.29539
1.29489
1.29442
1.29399
1.29361
1.29324
1.2929
1.29253
1.29214
1.29167
1.29112
1.29046
1.28966
1.28873
1.28764
1.2864
1.28501
1.28349
1.28184
1.28009
1.27828
1.27644
1.27464
1.2729
1.27128
1.2698
1.26844
1.26718
1.26597
1.26476
1.26353
1.26225
1.26092
1.25954
1.25811
1.25664
1.25519
1.25389
1.25299
1.25284
1.25378
1.25599
1.25943
1.26374
1.26844
1.27304
1.27718
1.28063
1.28333
1.28529
1.28658
1.2873
1.28752
1.28733
1.28679
1.28594
1.28484
1.28351
1.28199
1.28033
1.27856
1.27675
1.27494
1.2732
1.27158
1.2701
1.26881
1.26769
1.26674
1.26595
1.26531
1.26483
1.26452
1.26441
1.26451
1.26485
1.26541
1.26618
1.2671
1.2681
1.2691
1.27001
1.27078
1.27138
1.27184
1.27223
1.27264
1.27314
1.2738
1.27459
1.27544
1.27621
1.27675
1.27691
1.27659
1.27572
1.27429
1.27236
1.27003
1.26743
1.26472
1.26211
1.25978
1.25796
1.25683
1.25654
1.25716
1.25865
1.26085
1.26354
1.26644
1.26929
1.27191
1.27416
1.276
1.27743
1.27849
1.27924
1.27975
1.28009
1.28029
1.28042
1.28051
1.28058
1.28066
1.28076
1.28088
1.28105
1.28125
1.2815
1.28179
1.28213
1.28251
1.28294
1.28341
1.28391
1.28441
1.2849
1.28535
1.28571
1.28596
1.28606
1.28601
1.28579
1.28542
1.28493
1.28435
1.28369
1.28295
1.28207
1.28101
1.27968
1.27808
1.27624
1.27428
1.27241
1.27089
1.26994
1.26969
1.27014
1.2711
1.2723
1.27339
1.27405
1.27408
1.27349
1.27254
1.27176
1.2718
1.27323
1.27622
1.28046
1.28525
1.28983
1.29352
1.29584
1.29651
1.29536
1.29238
1.28778
1.28211
1.27641
1.27198
1.26995
1.27062
1.27335
1.27689
1.28011
1.2823
1.28332
1.28339
1.2829
1.28227
1.28178
1.28157
1.28157
1.28164
1.28164
1.28148
1.28117
1.28079
1.28043
1.28012
1.27976
1.27915
1.27798
1.27597
1.27288
1.26871
1.26386
1.25927
1.25631
1.25631
1.2598
1.26616
1.27398
1.28175
1.28841
1.29349
1.29688
1.29871
1.29914
1.29835
1.29649
1.29367
1.29004
1.28575
1.28108
1.27638
1.27214
1.26889
1.267
1.26658
1.2674
1.26895
1.27069
1.27222
1.27347
1.27462
1.27603
1.27803
1.28077
1.28412
1.28777
1.29131
1.29439
1.29674
1.29821
1.29874
1.29833
1.297
1.29482
1.29187
1.28829
1.28427
1.28008
1.2761
1.27278
1.2706
1.26999
1.27121
1.27424
1.27879
1.2844
1.29051
1.29664
1.30239
1.30754
1.31195
1.31557
1.31842
1.32054
1.32198
1.3228
1.32307
1.32289
1.32234
1.32153
1.32056
1.31949
1.31832
1.31698
1.31532
1.31314
1.31024
1.30655
1.30214
1.29737
1.29278
1.289
1.28649
1.28538
1.28545
1.28636
1.28783
1.28972
1.29201
1.29472
1.29781
1.30117
1.30456
1.30773
1.31042
1.31243
1.31369
1.31421
1.31413
1.31367
1.31309
1.31267
1.31259
1.31294
1.3137
1.31473
1.3158
1.31669
1.3172
1.31716
1.31652
1.3153
1.31362
1.31168
1.30978
1.30822
1.30728
1.30709
1.30763
1.30873
1.31011
1.31152
1.31274
1.31364
1.31417
1.31432
1.31412
1.31361
1.31282
1.3118
1.31057
1.30917
1.30764
1.30601
1.30432
1.30257
1.3008
1.19839
1.19668
1.19493
1.19313
1.19126
1.18934
1.18743
1.18565
1.18416
1.18315
1.18281
1.18321
1.18433
1.18603
1.18808
1.19025
1.19233
1.19419
1.19575
1.19699
1.19791
1.19853
1.19887
1.19896
1.19881
1.19844
1.19788
1.19714
1.19627
1.1953
1.19425
1.19318
1.19213
1.19114
1.19024
1.18948
1.18888
1.18846
1.18822
1.18814
1.18818
1.18829
1.18839
1.18839
1.18821
1.18776
1.18693
1.18567
1.18391
1.18162
1.17878
1.17538
1.17137
1.16665
1.16107
1.15449
1.14699
1.1391
1.13196
1.12713
1.12586
1.12839
1.13381
1.14067
1.14767
1.15397
1.1592
1.16323
1.16602
1.16756
1.16781
1.16672
1.16424
1.16045
1.15562
1.15033
1.14551
1.14215
1.14102
1.14228
1.14543
1.14957
1.15374
1.1572
1.15946
1.16035
1.15993
1.15849
1.15651
1.15456
1.15318
1.15273
1.15328
1.15461
1.15637
1.15815
1.15968
1.16079
1.16143
1.16166
1.16156
1.16121
1.1607
1.16005
1.15925
1.15824
1.15694
1.15523
1.15302
1.15025
1.14692
1.14315
1.1392
1.13545
1.13236
1.13037
1.12975
1.13056
1.13255
1.13532
1.13837
1.14126
1.14364
1.1453
1.14613
1.14608
1.14514
1.14334
1.14071
1.13735
1.13338
1.12906
1.12473
1.12083
1.11777
1.11585
1.11516
1.11558
1.1168
1.11851
1.12042
1.12235
1.12418
1.12585
1.12735
1.12866
1.12976
1.13066
1.13137
1.13188
1.13222
1.13241
1.13247
1.13243
1.13229
1.13208
1.13182
1.1315
1.13113
1.13073
1.13028
1.1298
1.12927
1.12871
1.12812
1.12749
1.12683
1.12616
1.12548
1.1248
1.12415
1.12353
1.12297
1.12249
1.1221
1.12182
1.12166
1.12162
1.12172
1.12193
1.12226
1.12269
1.1232
1.12378
1.12441
1.12507
1.12575
1.12643
1.12709
1.12773
1.12833
1.12889
1.1294
1.12984
1.13021
1.13051
1.13072
1.13084
1.13088
1.13083
1.13071
1.13054
1.13032
1.13011
1.12992
1.12981
1.12981
1.12995
1.13027
1.13078
1.13149
1.1324
1.13349
1.13473
1.13608
1.13748
1.13889
1.14024
1.14148
1.14256
1.14342
1.14403
1.14435
1.14437
1.1441
1.14358
1.14288
1.14212
1.14142
1.14093
1.14073
1.14089
1.14139
1.14211
1.14291
1.14356
1.14388
1.14368
1.14288
1.14151
1.13979
1.13809
1.13686
1.1365
1.1372
1.13892
1.14146
1.14456
1.14799
1.15161
1.1553
1.15898
1.16252
1.16582
1.16877
1.17128
1.17328
1.17472
1.17559
1.1759
1.17568
1.17498
1.17388
1.17244
1.17074
1.16885
1.16681
1.16462
1.16229
1.15984
1.15731
1.15479
1.15246
1.15049
1.14905
1.14828
1.14821
1.14887
1.15022
1.15216
1.15452
1.15707
1.15952
1.16158
1.16303
1.16377
1.1638
1.1632
1.16218
1.16098
1.15988
1.15918
1.1591
1.1598
1.16126
1.16333
1.16579
1.16838
1.17087
1.17312
1.17505
1.17663
1.17786
1.17877
1.17939
1.17974
1.17984
1.17972
1.1794
1.17896
1.17848
1.17808
1.17789
1.17805
1.17864
1.17971
1.18119
1.18296
1.18486
1.18671
1.18835
1.18969
1.19068
1.19136
1.19178
1.19203
1.19219
1.19228
1.19231
1.19224
1.19207
1.19176
1.19137
1.19095
1.19059
1.19034
1.19024
1.19023
1.19022
1.19006
1.1896
1.18869
1.18723
1.18522
1.18277
1.18011
1.1776
1.17567
1.17468
1.17481
1.17602
1.17808
1.18065
1.18344
1.1862
1.18882
1.19124
1.19348
1.19556
1.19746
1.19917
1.20064
1.20182
1.20267
1.20318
1.20342
1.20353
1.2037
1.20417
1.20514
1.20668
1.20873
1.21108
1.21338
1.21525
1.21635
1.21641
1.21528
1.21301
1.20981
1.20605
1.20212
1.19828
1.19458
1.19092
1.18724
1.18375
1.18083
1.17891
1.17819
1.17866
1.18011
1.18232
1.18504
1.18798
1.19085
1.19337
1.19539
1.19688
1.19792
1.19866
1.1993
1.19999
1.20086
1.20197
1.20332
1.20489
1.20659
1.20835
1.21007
1.21165
1.21301
1.21406
1.21475
1.21505
1.21494
1.2144
1.21341
1.21194
1.20992
1.2073
1.20406
1.20027
1.19612
1.19199
1.18837
1.1858
1.18467
1.18507
1.18676
1.18923
1.19191
1.19433
1.19619
1.19746
1.19827
1.19886
1.19949
1.20031
1.20138
1.20261
1.20386
1.20498
1.20587
1.20651
1.20694
1.20723
1.20744
1.20759
1.20766
1.20757
1.20721
1.20648
1.2053
1.2036
1.20137
1.19868
1.1956
1.1923
1.18895
1.18576
1.1829
1.18051
1.17865
1.17731
1.17643
1.17595
1.17578
1.17589
1.17624
1.17684
1.1777
1.17879
1.18008
1.18151
1.183
1.18447
1.18584
1.18705
1.18802
1.18871
1.1891
1.18917
1.18895
1.18848
1.18784
1.18711
1.18643
1.18589
1.1856
1.18561
1.18595
1.18659
1.18746
1.18849
1.18959
1.19071
1.19178
1.19277
1.19367
1.19446
1.19512
1.19565
1.19601
1.19616
1.19605
1.19562
1.19479
1.19351
1.19178
1.18967
1.18736
1.18517
1.18351
1.18277
1.18318
1.18474
1.18717
1.19005
1.19294
1.1955
1.19752
1.19891
1.19964
1.19974
1.19923
1.19816
1.19658
1.19459
1.19231
1.18991
1.18761
1.18562
1.18416
1.18341
1.18348
1.18438
1.18602
1.18819
1.19061
1.19294
1.19486
1.19608
1.19635
1.19551
1.19354
1.19052
1.18677
1.1828
1.17925
1.1768
1.17586
1.17647
1.17831
1.18081
1.18343
1.18575
1.18756
1.18877
1.18941
1.18957
1.18934
1.1888
1.18805
1.18716
1.18618
1.18517
1.18419
1.1833
1.18255
1.18197
1.18156
1.18129
1.1811
1.18087
1.18048
1.17982
1.17882
1.17748
1.17586
1.1741
1.17242
1.17103
1.17009
1.16973
1.16995
1.17067
1.17172
1.17289
1.17396
1.17472
1.17503
1.17479
1.17399
1.1727
1.17107
1.16931
1.16763
1.16627
1.16538
1.16499
1.16507
1.16545
1.16595
1.16636
1.16654
1.1664
1.16593
1.16518
1.16425
1.16324
1.16223
1.16132
1.1606
1.16015
1.16007
1.16048
1.16144
1.16295
1.16496
1.16731
1.16981
1.17227
1.17454
1.17651
1.17816
1.17948
1.18054
1.18138
1.18207
1.18267
1.18323
1.1838
1.1844
1.18505
1.18575
1.1865
1.18729
1.18809
1.18887
1.1896
1.19024
1.19074
1.19104
1.19109
1.19083
1.19017
1.18906
1.1874
1.18513
1.1822
1.17859
1.17435
1.16963
1.16473
1.16007
1.15619
1.15358
1.15255
1.15319
1.1553
1.15856
1.1626
1.1671
1.17181
1.17653
1.18115
1.18555
1.18967
1.19345
1.19688
1.19991
1.20253
1.20472
1.20644
1.20764
1.20822
1.2081
1.20715
1.20526
1.20239
1.19861
1.19423
1.18979
1.18602
1.1836
1.1829
1.18377
1.18563
1.18778
1.18962
1.19086
1.19146
1.1915
1.19113
1.19045
1.18955
1.18849
1.18736
1.18626
1.18528
1.18453
1.18403
1.1838
1.18378
1.18389
1.18404
1.18415
1.18414
1.18396
1.18362
1.18313
1.18257
1.18203
1.1816
1.18139
1.18146
1.18181
1.18241
1.18321
1.18412
1.18508
1.18602
1.18689
1.18763
1.18818
1.18844
1.18834
1.18778
1.18669
1.18499
1.18266
1.17968
1.17614
1.17218
1.16806
1.16409
1.16065
1.15805
1.15647
1.15585
1.15592
1.15622
1.15626
1.15568
1.15437
1.15258
1.15091
1.15008
1.15064
1.15269
1.15581
1.15926
1.16236
1.16458
1.1657
1.16569
1.16465
1.16275
1.16021
1.15726
1.15413
1.15107
1.14826
1.14588
1.144
1.14263
1.1417
1.14109
1.14068
1.14034
1.13999
1.1396
1.13917
1.13876
1.13844
1.13829
1.13839
1.13878
1.1395
1.14052
1.14181
1.14328
1.14486
1.14647
1.14803
1.14946
1.15071
1.15176
1.15257
1.15315
1.15348
1.15357
1.15345
1.15313
1.15264
1.15199
1.15123
1.15036
1.14941
1.14838
1.14724
1.14595
1.14443
1.14253
1.14009
1.1369
1.13273
1.12741
1.12093
1.11357
1.10601
1.09934
1.09478
1.09328
1.09512
1.09982
1.10638
1.11364
1.12063
1.12671
1.13155
1.13508
1.13738
1.13864
1.13907
1.13886
1.13824
1.13739
1.13648
1.13566
1.13502
1.13463
1.1345
1.13462
1.13492
1.13535
1.13582
1.13629
1.13671
1.13705
1.13728
1.1374
1.13742
1.13732
1.13713
1.13684
1.13647
1.13603
1.13554
1.135
1.13447
1.13395
1.13351
1.13317
1.13299
1.133
1.13324
1.13372
1.13441
1.13531
1.13637
1.13752
1.13871
1.13987
1.14096
1.14192
1.14272
1.14333
1.14375
1.14397
1.14401
1.1439
1.14371
1.1435
1.14335
1.14334
1.14354
1.14397
1.14461
1.1454
1.14621
1.14694
1.14747
1.14774
1.14773
1.14748
1.14711
1.14678
1.14667
1.14697
1.14782
1.14925
1.15123
1.15363
1.15625
1.15891
1.1614
1.16359
1.16537
1.16671
1.16763
1.16818
1.16845
1.16856
1.16865
1.16884
1.16927
1.17006
1.17132
1.17307
1.17529
1.17787
1.18068
1.18354
1.1863
1.18882
1.19102
1.19282
1.19416
1.19504
1.19545
1.19543
1.19501
1.19425
1.19323
1.19201
1.19067
1.18925
1.18782
1.1864
1.18503
1.18372
1.18247
1.18128
1.18019
1.17922
1.17843
1.17789
1.17769
1.17785
1.17838
1.17922
1.18029
1.18146
1.18257
1.18348
1.18408
1.1843
1.18413
1.18364
1.18299
1.1824
1.18213
1.18237
1.18324
1.18469
1.18656
1.18859
1.19053
1.19219
1.19347
1.19441
1.19509
1.19565
1.1962
1.19682
1.19754
1.19834
1.19917
1.19996
1.20064
1.20113
1.20138
1.20131
1.20087
1.20001
1.19866
1.19677
1.19432
1.19128
1.18767
1.18358
1.17915
1.17462
1.17032
1.16667
1.16407
1.16287
1.16322
1.16505
1.16804
1.17174
1.17567
1.17937
1.18251
1.18489
1.18642
1.18709
1.18699
1.18627
1.18514
1.18382
1.18256
1.18155
1.18091
1.18065
1.1807
1.18094
1.18121
1.18142
1.18148
1.18137
1.18111
1.18073
1.1803
1.17988
1.17951
1.17922
1.17905
1.17898
1.17901
1.1791
1.17923
1.17935
1.17943
1.17945
1.17937
1.17919
1.1789
1.17853
1.17807
1.17757
1.17705
1.17654
1.17606
1.17561
1.17517
1.1747
1.17411
1.1733
1.17213
1.17048
1.16828
1.16557
1.16261
1.15987
1.15803
1.1577
1.1592
1.16235
1.16658
1.17114
1.17541
1.17899
1.18178
1.18383
1.18529
1.18637
1.1872
1.18789
1.18848
1.18895
1.18922
1.18925
1.18896
1.1883
1.18723
1.18575
1.18387
1.18163
1.17912
1.17646
1.17383
1.17143
1.16952
1.16834
1.1681
1.16889
1.17064
1.1731
1.17591
1.1787
1.18118
1.1832
1.18473
1.18585
1.18668
1.18735
1.18794
1.18853
1.18913
1.18976
1.19042
1.19109
1.19179
1.1925
1.19324
1.194
1.19474
1.19543
1.19602
1.19644
1.19662
1.1965
1.19599
1.19501
1.1935
1.19139
1.18864
1.18526
1.18133
1.177
1.17256
1.16838
1.16489
1.1625
1.16149
1.16193
1.16363
1.16624
1.16932
1.17245
1.17528
1.1776
1.17931
1.18042
1.18094
1.18095
1.18048
1.17948
1.17786
1.1754
1.17186
1.16702
1.16095
1.15423
1.14809
1.14423
1.14397
1.14745
1.15353
1.16051
1.16697
1.17216
1.17592
1.17839
1.17985
1.18056
1.18074
1.18056
1.18012
1.17949
1.17872
1.17783
1.17681
1.17569
1.17448
1.17318
1.17185
1.17054
1.16932
1.16827
1.16748
1.16702
1.1669
1.16713
1.16766
1.1684
1.16926
1.17015
1.17096
1.17165
1.17216
1.17249
1.17262
1.17257
1.17239
1.17212
1.1718
1.17152
1.17133
1.1713
1.1715
1.17195
1.17269
1.17369
1.17492
1.17635
1.1779
1.1795
1.18108
1.18258
1.18393
1.18508
1.18596
1.1865
1.18665
1.18634
1.18549
1.18404
1.18196
1.17926
1.17603
1.1725
1.16903
1.16605
1.16402
1.16326
1.16385
1.16555
1.16797
1.1706
1.17303
1.17494
1.17617
1.17667
1.17649
1.17575
1.17466
1.17345
1.17241
1.17179
1.17178
1.17244
1.17372
1.17545
1.1774
1.17936
1.18115
1.18265
1.18385
1.18479
1.18559
1.18635
1.18723
1.18829
1.18957
1.19106
1.19268
1.19436
1.19599
1.19751
1.19886
1.2
1.20092
1.20162
1.20211
1.2024
1.20251
1.20247
1.20229
1.202
1.20162
1.20117
1.20068
1.20016
1.19961
1.19904
1.19843
1.19778
1.19706
1.19626
1.19542
1.19456
1.19377
1.19319
1.19297
1.19328
1.19424
1.19593
1.19832
1.20134
1.20483
1.20864
1.21258
1.21653
1.22032
1.22386
1.22701
1.22968
1.23174
1.23308
1.23359
1.23317
1.23172
1.22921
1.22563
1.22107
1.21572
1.20982
1.2037
1.19766
1.19198
1.18684
1.18234
1.17851
1.17546
1.17336
1.17247
1.17297
1.17481
1.17773
1.18133
1.18529
1.18935
1.19333
1.19697
1.20001
1.20223
1.20357
1.20421
1.20445
1.20469
1.20524
1.20628
1.2078
1.20962
1.21146
1.21301
1.21402
1.21426
1.2136
1.21195
1.20929
1.20569
1.20131
1.19648
1.19167
1.18748
1.18443
1.18284
1.18265
1.1835
1.18488
1.18628
1.18731
1.18777
1.18763
1.18692
1.1858
1.18442
1.18297
1.18163
1.1805
1.17965
1.17907
1.17868
1.17837
1.17803
1.17755
1.17686
1.17592
1.17473
1.1733
1.17167
1.16989
1.168
1.16606
1.16412
1.16225
1.16048
1.15886
1.15741
1.15616
1.15513
1.15431
1.15369
1.15327
1.15302
1.15291
1.1529
1.15293
1.15295
1.15292
1.15277
1.15245
1.15195
1.15128
1.15047
1.14962
1.14886
1.14834
1.14822
1.14862
1.14956
1.15102
1.15288
1.15499
1.1572
1.15938
1.16143
1.16329
1.16492
1.16632
1.16748
1.16841
1.16909
1.16951
1.16965
1.16947
1.16894
1.16802
1.1667
1.165
1.16303
1.16099
1.15913
1.15776
1.15715
1.1574
1.15844
1.16003
1.16183
1.16348
1.16472
1.16539
1.16543
1.16492
1.16398
1.16282
1.16165
1.16065
1.15997
1.15966
1.15969
1.15998
1.1604
1.16086
1.16126
1.16151
1.16155
1.16133
1.16078
1.15985
1.15851
1.15674
1.15458
1.15214
1.14968
1.14758
1.14633
1.14636
1.1479
1.15084
1.15474
1.15897
1.16289
1.16602
1.16809
1.16904
1.16903
1.16843
1.1677
1.16732
1.16767
1.16887
1.17078
1.17311
1.17552
1.17773
1.17959
1.18104
1.18211
1.18289
1.18344
1.18385
1.18417
1.18447
1.18475
1.18503
1.18531
1.18556
1.18575
1.18582
1.18571
1.18535
1.18467
1.18358
1.18205
1.18004
1.17761
1.17489
1.17213
1.16966
1.16783
1.16692
1.16704
1.16813
1.16995
1.17218
1.17453
1.17675
1.17871
1.18033
1.1816
1.18255
1.18322
1.18366
1.18394
1.1841
1.1842
1.18427
1.18435
1.18445
1.18457
1.18473
1.1849
1.18506
1.1852
1.18529
1.18531
1.18522
1.185
1.18464
1.18412
1.18345
1.18261
1.18165
1.18059
1.1795
1.17843
1.17747
1.17668
1.17614
1.17585
1.17584
1.17605
1.17642
1.1769
1.1774
1.17785
1.17822
1.17845
1.17854
1.17848
1.17828
1.17795
1.17751
1.17697
1.17637
1.17572
1.17504
1.17436
1.17369
1.17306
1.17248
1.17196
1.17151
1.17113
1.17083
1.1706
1.17044
1.17031
1.17023
1.17016
1.1701
1.17003
1.16995
1.16987
1.16977
1.16968
1.16959
1.16951
1.16943
1.16935
1.16923
1.16904
1.16875
1.16832
1.16769
1.16683
1.16571
1.16429
1.16259
1.16062
1.15843
1.15611
1.15378
1.15157
1.14965
1.14816
1.14718
1.14674
1.14673
1.14696
1.14715
1.14702
1.14633
1.14499
1.14306
1.14086
1.13888
1.1377
1.13778
1.1393
1.14204
1.14554
1.14924
1.15267
1.15555
1.15773
1.15921
1.16005
1.16034
1.16017
1.15964
1.15884
1.15783
1.1567
1.15549
1.15426
1.15305
1.1519
1.15081
1.14977
1.14876
1.14773
1.14663
1.14541
1.14406
1.14258
1.14108
1.1397
1.13862
1.13802
1.13802
1.13862
1.1397
1.14106
1.14244
1.14364
1.14445
1.14477
1.14456
1.14381
1.14259
1.14102
1.13928
1.13757
1.13613
1.13516
1.13483
1.13518
1.13616
1.13764
1.13943
1.14136
1.14328
1.14506
1.14663
1.14796
1.14902
1.14982
1.15033
1.15058
1.15057
1.1503
1.14979
1.14906
1.14814
1.14709
1.14595
1.14477
1.14361
1.1425
1.14149
1.14058
1.13979
1.13913
1.13864
1.13832
1.13822
1.13836
1.13873
1.13932
1.14011
1.14106
1.14213
1.14329
1.14449
1.14571
1.14688
1.14798
1.14896
1.14982
1.15055
1.15117
1.15173
1.15226
1.1528
1.15335
1.15386
1.15429
1.15454
1.15453
1.15418
1.15348
1.15246
1.15126
1.15004
1.14906
1.14853
1.14863
1.1494
1.15079
1.15262
1.15471
1.15685
1.15891
1.16078
1.16241
1.1638
1.16494
1.16586
1.16658
1.16712
1.16749
1.16771
1.1678
1.16777
1.16763
1.1674
1.16711
1.16677
1.16641
1.16607
1.16577
1.16555
1.16543
1.16541
1.16549
1.16564
1.16583
1.166
1.16606
1.16596
1.1656
1.16493
1.16391
1.16255
1.1609
1.15905
1.15718
1.15546
1.15411
1.15329
1.1531
1.1535
1.15437
1.15548
1.15657
1.15743
1.15789
1.15791
1.15758
1.15714
1.15698
1.15751
1.15903
1.16162
1.16501
1.16873
1.17218
1.17483
1.17625
1.17622
1.17466
1.1717
1.16766
1.16295
1.15807
1.15346
1.14956
1.14687
1.14607
1.14777
1.15207
1.15836
1.16554
1.17248
1.17844
1.18309
1.18645
1.18871
1.1901
1.19087
1.19118
1.19121
1.19106
1.19082
1.19055
1.19031
1.19013
1.19004
1.19006
1.19021
1.19048
1.19088
1.19141
1.19204
1.19275
1.19352
1.19431
1.19505
1.1957
1.1962
1.19648
1.19651
1.19625
1.1957
1.19491
1.19394
1.19289
1.19189
1.19106
1.19055
1.19044
1.19084
1.19179
1.1933
1.19535
1.19786
1.2007
1.20373
1.20679
1.20974
1.21245
1.2148
1.21673
1.21815
1.21901
1.21926
1.21885
1.21778
1.21604
1.2137
1.2109
1.20785
1.2048
1.20203
1.19974
1.19805
1.19694
1.1963
1.19603
1.19604
1.19633
1.19694
1.19791
1.1993
1.20111
1.20326
1.20567
1.2082
1.21074
1.21317
1.21539
1.21734
1.21895
1.22016
1.2209
1.2211
1.2207
1.2196
1.21774
1.21506
1.21154
1.20723
1.20223
1.19677
1.19113
1.18567
1.18073
1.17661
1.17351
1.17149
1.17048
1.17037
1.17104
1.17249
1.17477
1.17792
1.18187
1.18639
1.19107
1.19551
1.19936
1.20246
1.20479
1.20647
1.2077
1.20865
1.20949
1.21035
1.21126
1.21225
1.21329
1.21433
1.21535
1.2163
1.21717
1.21794
1.21862
1.21922
1.21975
1.22022
1.22067
1.22111
1.22157
1.22207
1.22262
1.22322
1.22387
1.22453
1.22515
1.22566
1.22597
1.22601
1.22568
1.22494
1.22376
1.22219
1.2203
1.21822
1.2161
1.21406
1.21223
1.21068
1.20951
1.20881
1.20868
1.20913
1.21009
1.21131
1.21246
1.21321
1.21335
1.21284
1.21187
1.21082
1.21014
1.21027
1.2115
1.21388
1.21726
1.22133
1.22568
1.22993
1.23379
1.23701
1.23943
1.24096
1.2415
1.24105
1.23965
1.2375
1.23498
1.23271
1.23138
1.2316
1.2336
1.23716
1.2417
1.24655
1.25115
1.25516
1.25847
1.26109
1.26313
1.26473
1.26602
1.26709
1.26799
1.26867
1.26905
1.26895
1.26817
1.26647
1.26365
1.25947
1.25378
1.2465
1.23765
1.22744
1.21627
1.20491
1.19463
1.18715
1.18407
1.18579
1.19115
1.19805
1.2047
1.21015
1.21426
1.21732
1.21974
1.22186
1.22388
1.20185
1.20377
1.20559
1.20726
1.20877
1.21017
1.21155
1.21299
1.21453
1.21614
1.21771
1.21907
1.22003
1.22043
1.22017
1.21921
1.21756
1.21529
1.21249
1.20928
1.20579
1.20219
1.19861
1.19517
1.19193
1.1889
1.1861
1.18362
1.1817
1.18064
1.18076
1.1822
1.18488
1.18861
1.1931
1.1981
1.20338
1.20868
1.21374
1.21832
1.2222
1.22524
1.22735
1.22851
1.22869
1.22791
1.22616
1.2234
1.21964
1.21485
1.20906
1.20235
1.19493
1.18714
1.1795
1.17265
1.16731
1.16412
1.16351
1.16558
1.1701
1.17655
1.18426
1.19254
1.2008
1.20859
1.21562
1.22176
1.22698
1.2313
1.23479
1.23751
1.23954
1.24094
1.24175
1.242
1.24174
1.241
1.23986
1.23841
1.23679
1.23517
1.23374
1.23265
1.23197
1.23165
1.23154
1.2314
1.23101
1.23023
1.22907
1.22767
1.22629
1.2252
1.22456
1.22437
1.22448
1.22459
1.22438
1.22358
1.22196
1.21939
1.21571
1.21083
1.20473
1.1976
1.19005
1.18311
1.17809
1.17611
1.17763
1.18222
1.18868
1.19551
1.20139
1.20547
1.20735
1.20718
1.20557
1.20356
1.20234
1.2028
1.20512
1.20875
1.21272
1.2162
1.21875
1.22039
1.22142
1.22226
1.2233
1.22476
1.2267
1.229
1.23144
1.23376
1.23573
1.23714
1.23788
1.23791
1.23722
1.23589
1.23401
1.23172
1.22917
1.22648
1.22374
1.22098
1.21819
1.21538
1.21256
1.20979
1.20718
1.20487
1.20297
1.20157
1.2007
1.20033
1.20046
1.20107
1.20213
1.20362
1.20546
1.20751
1.20963
1.21166
1.21346
1.21491
1.21597
1.21659
1.21678
1.21654
1.21587
1.21478
1.21329
1.21139
1.20908
1.20637
1.20328
1.19987
1.19622
1.19249
1.1889
1.18569
1.18313
1.18142
1.18062
1.18065
1.18128
1.18221
1.18315
1.1839
1.1844
1.18471
1.18507
1.18576
1.18707
1.18917
1.19201
1.19539
1.19896
1.20238
1.20533
1.20763
1.20918
1.20998
1.21007
1.20956
1.20856
1.20722
1.20566
1.20401
1.20238
1.20083
1.19943
1.19822
1.19723
1.19651
1.19607
1.19593
1.19602
1.19623
1.19642
1.19642
1.19608
1.19533
1.19421
1.19284
1.19147
1.19041
1.18995
1.19031
1.1915
1.19335
1.19553
1.19765
1.19932
1.20024
1.20021
1.1991
1.19686
1.19351
1.18918
1.18409
1.17868
1.17353
1.16934
1.16677
1.16623
1.16778
1.17109
1.17563
1.1808
1.18605
1.19097
1.19528
1.19879
1.2014
1.20308
1.20382
1.2037
1.20279
1.20125
1.19925
1.19698
1.19461
1.19226
1.18995
1.1876
1.18504
1.18209
1.17863
1.17464
1.17029
1.16587
1.16181
1.15868
1.15707
1.15746
1.15997
1.16418
1.16925
1.17415
1.178
1.18031
1.18105
1.18064
1.17972
1.17894
1.17868
1.17893
1.17931
1.17932
1.17853
1.17671
1.17395
1.17064
1.16738
1.16488
1.16368
1.16402
1.1657
1.16824
1.17111
1.17385
1.17619
1.17801
1.17929
1.1801
1.18049
1.18053
1.18024
1.17966
1.17879
1.17762
1.17616
1.17442
1.17243
1.17026
1.16801
1.16583
1.16385
1.16221
1.16099
1.16021
1.15983
1.15978
1.15996
1.16029
1.16072
1.16125
1.16186
1.16257
1.16338
1.16429
1.16527
1.16626
1.1672
1.16798
1.16849
1.16856
1.16801
1.16662
1.16419
1.16057
1.15577
1.15005
1.14395
1.13825
1.13376
1.13109
1.13046
1.13178
1.13471
1.13879
1.14351
1.14838
1.15303
1.15724
1.16093
1.16411
1.1668
1.16907
1.17095
1.17249
1.17373
1.17471
1.17547
1.17606
1.17651
1.17687
1.17717
1.17744
1.1777
1.17797
1.17825
1.17854
1.17883
1.1791
1.17935
1.17954
1.17967
1.17972
1.17965
1.17947
1.17916
1.1787
1.1781
1.17735
1.17647
1.17545
1.17434
1.17314
1.1719
1.17065
1.16944
1.16829
1.16724
1.1663
1.16549
1.16481
1.16424
1.1638
1.16347
1.16329
1.16327
1.16345
1.16388
1.16459
1.16562
1.16698
1.16864
1.17057
1.17269
1.17491
1.17713
1.17926
1.1812
1.18288
1.18423
1.18523
1.18585
1.1861
1.18603
1.18569
1.18516
1.18452
1.18387
1.18332
1.18295
1.1828
1.18293
1.18333
1.18397
1.18481
1.18576
1.18675
1.18772
1.1886
1.18932
1.18985
1.19016
1.19023
1.19006
1.18964
1.18899
1.18811
1.18703
1.18576
1.18432
1.18276
1.18112
1.17948
1.17794
1.17662
1.17566
1.17517
1.17526
1.176
1.17739
1.17936
1.1818
1.18456
1.18742
1.19017
1.19257
1.19438
1.19533
1.19515
1.19358
1.19038
1.18547
1.17907
1.17178
1.16466
1.15889
1.15527
1.15383
1.15387
1.15441
1.15461
1.154
1.15245
1.15006
1.14708
1.14389
1.14091
1.13853
1.13706
1.13665
1.13731
1.13893
1.14133
1.14433
1.14771
1.15128
1.15488
1.15833
1.16151
1.1643
1.16664
1.16848
1.16978
1.17053
1.17068
1.17017
1.16893
1.16687
1.16391
1.16007
1.1555
1.15065
1.14619
1.14296
1.1416
1.14229
1.14462
1.14781
1.15104
1.15368
1.15541
1.15611
1.15585
1.15474
1.15295
1.15064
1.14803
1.14529
1.14262
1.14022
1.13826
1.13685
1.13611
1.13605
1.13666
1.13788
1.13961
1.14172
1.14407
1.1465
1.1489
1.15113
1.15309
1.1547
1.15586
1.15654
1.15667
1.15628
1.15543
1.15425
1.15298
1.15193
1.15144
1.15177
1.15302
1.15509
1.15771
1.16051
1.16313
1.16526
1.16667
1.16719
1.16672
1.16517
1.16251
1.15876
1.15404
1.14863
1.14296
1.13756
1.13304
1.12984
1.1282
1.12805
1.12913
1.13112
1.13369
1.13662
1.13976
1.14304
1.1464
1.14976
1.15296
1.1558
1.15801
1.15926
1.15926
1.15776
1.15463
1.14986
1.14368
1.13655
1.12917
1.12241
1.11714
1.1141
1.11369
1.11602
1.12082
1.12758
1.13556
1.14394
1.15199
1.15918
1.16519
1.16994
1.17343
1.1757
1.1768
1.17672
1.17541
1.17284
1.16902
1.1641
1.15847
1.15279
1.14787
1.1445
1.14316
1.14391
1.14643
1.15022
1.15477
1.15962
1.1644
1.16883
1.1727
1.17589
1.17838
1.18017
1.18132
1.1819
1.18195
1.18152
1.18066
1.17943
1.17795
1.17639
1.17499
1.17398
1.17352
1.17367
1.17439
1.17555
1.177
1.17865
1.18042
1.18226
1.1841
1.18585
1.18738
1.1886
1.18938
1.18967
1.18943
1.18865
1.18736
1.18562
1.18348
1.18105
1.1784
1.17564
1.17286
1.17014
1.16753
1.16508
1.16284
1.16089
1.15945
1.15888
1.15966
1.1622
1.16663
1.17265
1.17956
1.1865
1.19275
1.1978
1.20139
1.20343
1.20397
1.20309
1.20096
1.19782
1.194
1.18992
1.1861
1.18307
1.18122
1.18073
1.18153
1.18335
1.18586
1.18875
1.19177
1.19474
1.19754
1.2001
1.20235
1.20425
1.20578
1.20694
1.20774
1.20821
1.20838
1.2083
1.20801
1.20755
1.20694
1.2062
1.20534
1.20432
1.20313
1.2017
1.2
1.19798
1.19564
1.19302
1.19026
1.18753
1.18509
1.18319
1.18202
1.18164
1.18196
1.18278
1.18383
1.18486
1.18568
1.18618
1.18634
1.18618
1.1858
1.18533
1.18491
1.18469
1.1848
1.18531
1.18623
1.18749
1.18897
1.19053
1.19202
1.19332
1.19432
1.19498
1.19528
1.19523
1.19486
1.19424
1.19344
1.19252
1.19158
1.19068
1.18988
1.1892
1.18867
1.18826
1.18792
1.18762
1.1873
1.1869
1.18638
1.1857
1.18484
1.1838
1.18258
1.18121
1.17973
1.1782
1.17669
1.17528
1.17406
1.17312
1.17249
1.17221
1.17225
1.17253
1.17296
1.17337
1.17359
1.17343
1.17272
1.17127
1.16898
1.16581
1.1619
1.15758
1.1534
1.15005
1.14813
1.14795
1.1494
1.152
1.15515
1.15831
1.16112
1.1634
1.16513
1.16635
1.16714
1.1676
1.16782
1.16788
1.16783
1.1677
1.16746
1.16707
1.16648
1.16559
1.16434
1.1627
1.16067
1.15835
1.15589
1.15351
1.15143
1.1498
1.14865
1.14787
1.14727
1.1466
1.14569
1.14449
1.1431
1.14173
1.1407
1.14032
1.14082
1.14227
1.14456
1.14741
1.1505
1.1535
1.15617
1.15836
1.16
1.16113
1.16183
1.16223
1.16251
1.16285
1.16341
1.16432
1.16563
1.16731
1.16926
1.17133
1.17335
1.17514
1.17655
1.1775
1.17793
1.17786
1.17738
1.17666
1.17592
1.17536
1.17514
1.17524
1.17548
1.17558
1.17519
1.17405
1.17205
1.16933
1.16628
1.16349
1.16167
1.16142
1.16306
1.1666
1.17169
1.17781
1.18439
1.19092
1.19701
1.20241
1.20695
1.21057
1.21326
1.21504
1.21593
1.21596
1.21512
1.21343
1.2109
1.20762
1.2038
1.19986
1.19644
1.19427
1.19395
1.19571
1.19922
1.20384
1.20881
1.21353
1.21762
1.22091
1.22337
1.22502
1.2259
1.22609
1.22565
1.22468
1.22333
1.22182
1.22037
1.21924
1.21863
1.21868
1.21941
1.22074
1.22246
1.22429
1.22586
1.22684
1.22695
1.22605
1.22417
1.22148
1.21825
1.21478
1.21135
1.20811
1.20513
1.20241
1.20008
1.19852
1.19839
1.20043
1.20494
1.21148
1.21901
1.22634
1.23253
1.23708
1.23984
1.24089
1.24039
1.23858
1.23574
1.23219
1.22831
1.22456
1.22135
1.21906
1.21783
1.21763
1.21821
1.21923
1.22034
1.22124
1.22176
1.22177
1.22126
1.22025
1.21878
1.21691
1.21472
1.21229
1.20973
1.20718
1.20479
1.20274
1.20118
1.20021
1.19979
1.19977
1.19988
1.1998
1.19919
1.19777
1.19534
1.19182
1.18726
1.18191
1.17622
1.1708
1.16634
1.16346
1.16252
1.16355
1.16623
1.17001
1.17427
1.17846
1.18218
1.18521
1.1875
1.18911
1.19017
1.19085
1.19129
1.19163
1.19194
1.19225
1.19256
1.19284
1.19304
1.19313
1.19305
1.19278
1.19233
1.19167
1.19085
1.18988
1.18879
1.18764
1.18647
1.18531
1.1842
1.18318
1.18226
1.18146
1.18079
1.18024
1.17983
1.17954
1.17936
1.1793
1.17933
1.17944
1.17962
1.17983
1.18002
1.18016
1.18018
1.18
1.17956
1.1788
1.17764
1.17607
1.17408
1.17172
1.16911
1.16644
1.16394
1.16184
1.16031
1.1594
1.15904
1.15905
1.15916
1.15911
1.15868
1.15768
1.15599
1.15357
1.15047
1.14684
1.14303
1.13951
1.13681
1.13534
1.13525
1.13637
1.13828
1.1405
1.14263
1.14444
1.14583
1.14683
1.14752
1.14799
1.14832
1.14857
1.14876
1.14891
1.14903
1.14911
1.14915
1.14915
1.14909
1.14895
1.14873
1.14842
1.14799
1.14745
1.14681
1.1461
1.14537
1.14467
1.14408
1.14365
1.14339
1.14331
1.14335
1.14344
1.14349
1.1434
1.14309
1.14249
1.14155
1.14025
1.13861
1.13665
1.13445
1.13212
1.1298
1.12767
1.12589
1.1246
1.12388
1.12373
1.12408
1.12479
1.12574
1.12678
1.12781
1.12875
1.12956
1.13025
1.1308
1.13123
1.13158
1.13185
1.13207
1.13224
1.13239
1.1325
1.13259
1.13264
1.13265
1.13262
1.13255
1.13243
1.13227
1.13206
1.13182
1.13156
1.13126
1.13096
1.13065
1.13035
1.13007
1.12983
1.12965
1.12954
1.12953
1.12964
1.1299
1.13032
1.13091
1.13168
1.13262
1.13371
1.13493
1.13624
1.13762
1.13902
1.14042
1.14178
1.14306
1.14425
1.14532
1.14625
1.14703
1.14764
1.14807
1.14828
1.14826
1.14798
1.14741
1.14652
1.14527
1.14366
1.14168
1.13941
1.13694
1.13448
1.13227
1.1306
1.1297
1.12968
1.1305
1.132
1.13389
1.13589
1.13777
1.13938
1.14065
1.14158
1.14221
1.14259
1.14278
1.14282
1.14273
1.14252
1.14218
1.1417
1.14113
1.14055
1.14011
1.14001
1.14047
1.14162
1.14348
1.14594
1.14879
1.15176
1.15461
1.15715
1.15926
1.1609
1.16207
1.16277
1.16305
1.1629
1.16234
1.16135
1.1599
1.15801
1.15569
1.15304
1.15022
1.14745
1.14497
1.14307
1.14194
1.14171
1.14233
1.14362
1.14534
1.14728
1.14929
1.15131
1.15336
1.1555
1.15779
1.16022
1.1628
1.16548
1.16819
1.17088
1.17348
1.17596
1.1783
1.18047
1.18248
1.18434
1.18606
1.18765
1.18911
1.19044
1.19162
1.19262
1.1934
1.19389
1.194
1.19363
1.19267
1.191
1.18854
1.18524
1.18117
1.17652
1.1716
1.16685
1.16276
1.15975
1.15814
1.15807
1.15949
1.1622
1.16584
1.16989
1.1738
1.17699
1.17887
1.17895
1.17684
1.17244
1.16612
1.1589
1.15233
1.14802
1.14696
1.1492
1.15394
1.16011
1.16674
1.17312
1.17876
1.18333
1.18659
1.18839
1.18871
1.18761
1.18525
1.18189
1.1779
1.17372
1.1699
1.16702
1.16559
1.1659
1.16795
1.17137
1.17559
1.17999
1.18406
1.18749
1.19013
1.19202
1.19325
1.19397
1.19436
1.19456
1.19472
1.19494
1.19529
1.1958
1.19643
1.19713
1.19782
1.19842
1.19883
1.19899
1.19883
1.19831
1.19741
1.19611
1.19441
1.1923
1.18977
1.18679
1.18325
1.17903
1.17396
1.16794
1.16111
1.15406
1.14787
1.14392
1.14327
1.14612
1.15174
1.15888
1.16635
1.17332
1.17932
1.18419
1.18793
1.19069
1.19261
1.1939
1.19471
1.1952
1.19549
1.19566
1.1958
1.19594
1.1961
1.1963
1.19653
1.19675
1.19695
1.19708
1.19709
1.19691
1.19647
1.19568
1.19446
1.19271
1.19033
1.18724
1.18341
1.17887
1.17378
1.16844
1.16331
1.15897
1.156
1.15481
1.1555
1.15782
1.1613
1.16537
1.16957
1.17359
1.17725
1.18049
1.18332
1.18574
1.18775
1.18936
1.19057
1.19138
1.1918
1.19187
1.1916
1.191
1.19011
1.18892
1.18744
1.18564
1.18347
1.18088
1.17783
1.17438
1.17076
1.16742
1.16502
1.16425
1.16553
1.1688
1.17354
1.17891
1.18409
1.18843
1.19153
1.19325
1.19362
1.19286
1.19137
1.18964
1.1882
1.18745
1.18756
1.18839
1.18965
1.19096
1.19209
1.19295
1.19362
1.19425
1.19502
1.19603
1.19726
1.19865
1.20003
1.20129
1.20232
1.2031
1.20366
1.20403
1.2043
1.20449
1.20463
1.20472
1.20476
1.20477
1.2048
1.2049
1.20517
1.20566
1.2064
1.20737
1.20848
1.20961
1.2106
1.21134
1.2117
1.21164
1.21118
1.2104
1.20943
1.2084
1.20739
1.20643
1.20544
1.20424
1.20261
1.2003
1.19716
1.19322
1.18877
1.18449
1.18129
1.18009
1.18143
1.18522
1.19072
1.19688
1.20267
1.20735
1.21049
1.21196
1.2118
1.21021
1.20745
1.20386
1.19981
1.1957
1.19196
1.18897
1.187
1.18622
1.18658
1.18791
1.18993
1.19231
1.19475
1.197
1.19889
1.20033
1.20131
1.20187
1.2021
1.20208
1.20194
1.20173
1.20153
1.20135
1.20118
1.20099
1.20074
1.20039
1.19992
1.19929
1.19848
1.1975
1.19634
1.19499
1.19347
1.19177
1.18992
1.18794
1.18587
1.18374
1.18163
1.17959
1.17768
1.17599
1.17455
1.17343
1.17263
1.17217
1.17204
1.17219
1.1726
1.17321
1.17397
1.17484
1.17578
1.17677
1.17778
1.17879
1.17979
1.18075
1.18167
1.18252
1.18326
1.18387
1.1843
1.18451
1.18446
1.18408
1.18333
1.18215
1.18052
1.17845
1.17599
1.17328
1.17051
1.16795
1.16587
1.16445
1.16379
1.1638
1.16432
1.16511
1.16598
1.16676
1.16738
1.16782
1.16811
1.16827
1.16832
1.16828
1.16816
1.16792
1.16755
1.16705
1.16642
1.16571
1.16501
1.16443
1.1641
1.16411
1.16449
1.16519
1.16609
1.167
1.16773
1.16809
1.1679
1.16705
1.16543
1.16298
1.15965
1.15543
1.1504
1.14471
1.1387
1.13287
1.12787
1.12436
1.12284
1.12347
1.12603
1.13003
1.13486
1.13997
1.14495
1.14957
1.15369
1.1573
1.16042
1.16311
1.16541
1.16736
1.16898
1.17029
1.17131
1.17203
1.17249
1.17268
1.17265
1.17241
1.17199
1.17143
1.17074
1.16995
1.16909
1.16818
1.16724
1.16627
1.16529
1.16432
1.16335
1.16238
1.16143
1.16048
1.15954
1.15859
1.15762
1.15664
1.15562
1.15457
1.15348
1.15234
1.15117
1.14997
1.14876
1.14757
1.14643
1.14537
1.14443
1.14365
1.14306
1.14267
1.1425
1.14255
1.14282
1.14329
1.14394
1.14476
1.14574
1.14684
1.14804
1.14932
1.15064
1.15196
1.15325
1.15446
1.15557
1.15656
1.1574
1.1581
1.15864
1.15902
1.15924
1.15929
1.15916
1.15884
1.15829
1.1575
1.15644
1.15508
1.15344
1.15153
1.14943
1.14726
1.14517
1.14337
1.14207
1.14145
1.14163
1.14262
1.14435
1.14665
1.14932
1.15217
1.155
1.15769
1.16014
1.1623
1.16415
1.16568
1.16689
1.1678
1.16839
1.16868
1.16865
1.16829
1.1676
1.16659
1.16525
1.16363
1.16177
1.15974
1.15763
1.15557
1.15371
1.1522
1.15121
1.15083
1.15112
1.152
1.15329
1.15474
1.15603
1.15689
1.1571
1.15654
1.15522
1.15328
1.15099
1.14872
1.1469
1.14596
1.14623
1.14788
1.15086
1.15495
1.15979
1.16497
1.17012
1.17493
1.17922
1.18286
1.1858
1.18806
1.18967
1.19068
1.19112
1.19105
1.19049
1.18947
1.18802
1.18618
1.18398
1.18149
1.17877
1.17586
1.17283
1.16974
1.16672
1.16406
1.16218
1.16161
1.1627
1.16546
1.16949
1.1741
1.17856
1.1823
1.18499
1.18648
1.18675
1.18588
1.18399
1.18124
1.17788
1.17417
1.1704
1.16684
1.16365
1.1609
1.1586
1.15676
1.15548
1.15492
1.15525
1.15654
1.15874
1.16162
1.16487
1.16822
1.17145
1.17445
1.17718
1.17966
1.18193
1.18402
1.18594
1.18769
1.18925
1.19061
1.19172
1.19255
1.19308
1.19326
1.19308
1.19249
1.19149
1.19007
1.18823
1.18601
1.18349
1.18079
1.17807
1.17554
1.17341
1.17185
1.17101
1.1709
1.17148
1.17257
1.17397
1.17543
1.17676
1.1778
1.17845
1.17869
1.17854
1.17807
1.17734
1.17641
1.17533
1.17414
1.17288
1.17157
1.17027
1.16904
1.16797
1.16713
1.16659
1.16638
1.16651
1.16693
1.1676
1.16845
1.1694
1.17039
1.17135
1.17223
1.17299
1.17359
1.17404
1.17434
1.17455
1.17469
1.1748
1.17491
1.17498
1.17496
1.17473
1.17416
1.1731
1.17138
1.1689
1.16561
1.16163
1.15728
1.15309
1.14974
1.14785
1.1477
1.14913
1.15157
1.1543
1.1567
1.15837
1.15921
1.15932
1.15891
1.15828
1.15771
1.15741
1.15752
1.15806
1.159
1.16023
1.16161
1.16302
1.16434
1.16547
1.16635
1.16693
1.16723
1.16723
1.16698
1.16651
1.16587
1.1651
1.16424
1.16334
1.16243
1.16153
1.16067
1.15985
1.15909
1.15839
1.15775
1.15718
1.15667
1.15623
1.15586
1.15556
1.1553
1.15508
1.15486
1.15462
1.15431
1.15389
1.15332
1.15256
1.15161
1.15049
1.14923
1.14792
1.14664
1.14547
1.14447
1.14367
1.14305
1.14255
1.14211
1.14166
1.14114
1.14053
1.1398
1.13896
1.13806
1.13713
1.13623
1.13543
1.13478
1.13433
1.13414
1.13424
1.13465
1.13537
1.13637
1.13764
1.13911
1.14072
1.14239
1.14406
1.14563
1.14706
1.14827
1.14923
1.14989
1.15024
1.15024
1.1499
1.14923
1.14827
1.14709
1.14579
1.14447
1.14325
1.14224
1.14147
1.14094
1.14057
1.14025
1.13985
1.13928
1.13851
1.1376
1.13668
1.13591
1.13543
1.13528
1.13538
1.13557
1.13569
1.13559
1.13519
1.13446
1.13333
1.13165
1.12914
1.12562
1.12118
1.11651
1.11294
1.11199
1.11449
1.12001
1.12713
1.13428
1.1404
1.14509
1.20304
1.20514
1.2064
1.2071
1.20742
1.20751
1.20744
1.20729
1.20711
1.20696
1.20689
1.20692
1.20706
1.20732
1.20766
1.20805
1.20849
1.20899
1.2096
1.2104
1.21143
1.21272
1.21423
1.21585
1.21743
1.2188
1.21983
1.22039
1.22042
1.21992
1.21892
1.21751
1.21583
1.21401
1.21223
1.2106
1.20922
1.20811
1.20724
1.20651
1.20579
1.20494
1.20384
1.20243
1.20072
1.19886
1.19709
1.19569
1.19495
1.19506
1.19603
1.19772
1.19991
1.20233
1.20474
1.20692
1.20871
1.20995
1.21054
1.21042
1.20965
1.2084
1.20691
1.20548
1.20435
1.20364
1.20338
1.20352
1.20403
1.20491
1.20622
1.20795
1.21005
1.21239
1.21479
1.21706
1.21906
1.22071
1.222
1.22292
1.22353
1.22386
1.22395
1.22381
1.22343
1.22278
1.2218
1.22042
1.21857
1.21621
1.21335
1.21011
1.20672
1.20355
1.20103
1.19955
1.19932
1.20028
1.20215
1.20456
1.20713
1.20957
1.21173
1.21355
1.21503
1.21619
1.21707
1.2177
1.2181
1.21827
1.21822
1.21791
1.21734
1.21646
1.21523
1.21357
1.2114
1.20861
1.2051
1.20079
1.19566
1.18986
1.18378
1.17804
1.17341
1.17047
1.16931
1.16943
1.16992
1.16995
1.16909
1.16757
1.16616
1.16592
1.16761
1.17128
1.17635
1.18189
1.1871
1.19152
1.19501
1.19764
1.19957
1.20099
1.20207
1.20295
1.20372
1.20444
1.20511
1.20573
1.20628
1.20672
1.20703
1.20718
1.20718
1.20701
1.20664
1.20606
1.20522
1.20412
1.20277
1.20125
1.19977
1.19856
1.19795
1.19814
1.19921
1.20104
1.20333
1.20568
1.20772
1.20912
1.20965
1.20916
1.20755
1.20481
1.20102
1.19637
1.1912
1.186
1.1814
1.17797
1.17617
1.17615
1.17774
1.18049
1.18386
1.18728
1.19033
1.1928
1.19462
1.19589
1.19681
1.19759
1.19844
1.1995
1.20086
1.20256
1.20457
1.20684
1.20928
1.21182
1.21438
1.2169
1.2193
1.22151
1.22349
1.22516
1.22646
1.22732
1.22768
1.22748
1.22669
1.22527
1.22325
1.22064
1.21749
1.21386
1.20985
1.20564
1.20154
1.19802
1.19568
1.19502
1.19632
1.19948
1.20409
1.20961
1.21548
1.22129
1.22676
1.23174
1.23617
1.24005
1.2434
1.24629
1.24877
1.2509
1.25274
1.25431
1.25568
1.25684
1.2578
1.25855
1.25904
1.25921
1.25898
1.25823
1.25687
1.25484
1.25214
1.24893
1.24552
1.24234
1.23987
1.23838
1.23789
1.23812
1.23865
1.23906
1.23902
1.23834
1.23691
1.23471
1.23188
1.22865
1.22544
1.2227
1.22079
1.2199
1.22
1.22091
1.22241
1.22432
1.22653
1.22901
1.23174
1.23465
1.23768
1.24069
1.24353
1.24606
1.24817
1.24976
1.2508
1.25128
1.2512
1.25063
1.24961
1.24822
1.24654
1.24469
1.24278
1.24091
1.2392
1.23774
1.23661
1.23584
1.23546
1.23542
1.23566
1.23613
1.23673
1.23737
1.238
1.23855
1.23899
1.2393
1.23947
1.23953
1.23948
1.23937
1.23921
1.23903
1.23886
1.2387
1.23855
1.23841
1.23825
1.23806
1.23779
1.23743
1.23692
1.23624
1.23535
1.23419
1.23271
1.23084
1.22852
1.22566
1.22221
1.21811
1.21339
1.20814
1.20259
1.19706
1.19205
1.18809
1.1857
1.18524
1.18681
1.19022
1.19503
1.20067
1.20655
1.21217
1.21719
1.22136
1.22461
1.22693
1.22837
1.22902
1.22897
1.22834
1.22723
1.22572
1.22394
1.22198
1.21996
1.21801
1.21623
1.21475
1.21364
1.21296
1.21271
1.21283
1.21326
1.2139
1.21466
1.21549
1.2163
1.21709
1.21781
1.21846
1.21904
1.21953
1.21993
1.22024
1.22045
1.22055
1.22054
1.22041
1.22016
1.2198
1.21935
1.21883
1.21831
1.21782
1.21744
1.21724
1.21726
1.21755
1.21812
1.21892
1.2199
1.22095
1.22197
1.22282
1.22337
1.2235
1.2231
1.22207
1.22039
1.21807
1.21524
1.21213
1.20909
1.20651
1.20478
1.20414
1.20465
1.20618
1.20845
1.2112
1.21415
1.21715
1.22006
1.22284
1.22543
1.22782
1.22996
1.23183
1.2334
1.23464
1.23556
1.23618
1.23653
1.23668
1.23673
1.23677
1.23689
1.23719
1.23769
1.23839
1.2392
1.23998
1.24056
1.24076
1.24042
1.23947
1.23791
1.23585
1.23349
1.23111
1.22904
1.22754
1.22678
1.22683
1.22761
1.22897
1.23076
1.23281
1.23498
1.23717
1.23928
1.24126
1.24306
1.24467
1.24606
1.24726
1.24828
1.24913
1.24985
1.25046
1.25099
1.25145
1.25188
1.25228
1.25266
1.25303
1.25336
1.25365
1.25387
1.25399
1.254
1.25387
1.25356
1.25306
1.25237
1.25147
1.2504
1.2492
1.24791
1.24662
1.24542
1.24443
1.24374
1.24343
1.24354
1.24406
1.24496
1.24613
1.24745
1.24881
1.25008
1.25118
1.25202
1.25259
1.25288
1.25292
1.25275
1.25245
1.25207
1.25168
1.25131
1.251
1.25075
1.25054
1.25035
1.25015
1.24993
1.24965
1.24929
1.24882
1.24821
1.2474
1.24634
1.24495
1.24319
1.24107
1.23868
1.23626
1.23417
1.23285
1.23268
1.23386
1.23629
1.2396
1.2433
1.24689
1.24994
1.25219
1.25344
1.25357
1.25254
1.25035
1.24711
1.24311
1.23883
1.23491
1.23202
1.23058
1.23063
1.2318
1.23353
1.23526
1.23667
1.23763
1.23818
1.23847
1.23864
1.23881
1.23904
1.23935
1.2397
1.24007
1.2404
1.24068
1.24088
1.241
1.24106
1.24108
1.24105
1.24101
1.24095
1.24089
1.24082
1.24073
1.24062
1.24047
1.24028
1.24002
1.23968
1.23925
1.23869
1.23799
1.23712
1.23605
1.23476
1.23321
1.23137
1.2292
1.22672
1.22395
1.22101
1.2181
1.21552
1.21359
1.21261
1.21275
1.21396
1.21599
1.21848
1.22108
1.22351
1.22557
1.2272
1.22837
1.2291
1.22943
1.2294
1.22907
1.22847
1.22767
1.22672
1.2257
1.2247
1.22381
1.22312
1.22271
1.22261
1.22284
1.22336
1.22412
1.22504
1.22602
1.22698
1.22783
1.22852
1.22899
1.2292
1.22913
1.22879
1.22818
1.22737
1.22642
1.22545
1.22459
1.22394
1.22361
1.22365
1.22407
1.2248
1.22574
1.22677
1.22777
1.22864
1.22928
1.22962
1.22962
1.22923
1.22843
1.2272
1.22553
1.22345
1.22103
1.2184
1.21573
1.21328
1.21131
1.21009
1.20977
1.2104
1.21191
1.21409
1.21672
1.21957
1.22244
1.2252
1.22775
1.23004
1.23206
1.23379
1.23523
1.23639
1.23727
1.23787
1.23816
1.23814
1.23781
1.23715
1.23619
1.23493
1.23346
1.23186
1.23025
1.22878
1.22756
1.22669
1.22617
1.22595
1.22591
1.22593
1.22595
1.22595
1.22595
1.22604
1.22629
1.22672
1.2273
1.22796
1.22862
1.22916
1.22952
1.22966
1.22953
1.22916
1.22854
1.22772
1.22672
1.22556
1.22426
1.22285
1.22137
1.2199
1.21856
1.2175
1.21689
1.21688
1.21753
1.21884
1.22072
1.22297
1.22536
1.22767
1.22969
1.23128
1.23239
1.23299
1.23311
1.23277
1.23198
1.23076
1.2292
1.22745
1.22579
1.22454
1.22398
1.22428
1.22541
1.22717
1.22933
1.23166
1.23403
1.23638
1.23872
1.2411
1.24354
1.24606
1.24864
1.25124
1.25379
1.25618
1.25831
1.26005
1.26123
1.26167
1.26115
1.25947
1.25642
1.25194
1.24623
1.23982
1.23363
1.2287
1.22582
1.2251
1.22611
1.22814
1.23069
1.23359
1.23693
1.24086
1.24541
1.25046
1.2557
1.2608
1.26547
1.26951
1.27281
1.27533
1.27708
1.27806
1.27828
1.27775
1.27648
1.27448
1.27185
1.26872
1.26537
1.26217
1.25957
1.25801
1.25779
1.25897
1.26135
1.26457
1.26819
1.27182
1.27516
1.27805
1.28038
1.28215
1.28336
1.28406
1.2843
1.28414
1.28364
1.28287
1.2819
1.28079
1.27962
1.27843
1.27725
1.27611
1.27499
1.27385
1.27264
1.27129
1.26978
1.26812
1.26646
1.26504
1.26425
1.26445
1.2659
1.2686
1.27222
1.27622
1.28003
1.28312
1.28516
1.286
1.28565
1.28428
1.28212
1.27954
1.27688
1.27453
1.27276
1.27176
1.27159
1.27215
1.27325
1.27464
1.27608
1.27733
1.2782
1.27857
1.27832
1.2774
1.27578
1.27344
1.27043
1.26681
1.26276
1.25852
1.25445
1.25095
1.2484
1.24698
1.24667
1.24718
1.24807
1.24888
1.24924
1.24893
1.24793
1.24635
1.24442
1.24237
1.24037
1.23849
1.23669
1.23485
1.23285
1.23065
1.22833
1.22614
1.2244
1.22345
1.22349
1.22451
1.2263
1.22849
1.23067
1.23245
1.23354
1.23377
1.23309
1.23159
1.22948
1.22706
1.22468
1.22263
1.22113
1.22019
1.21973
1.21952
1.21935
1.21905
1.21852
1.21772
1.21668
1.21546
1.21413
1.21275
1.21138
1.21006
1.20883
1.20772
1.20677
1.20604
1.20558
1.20546
1.20574
1.20644
1.20758
1.20911
1.21095
1.21301
1.21518
1.21732
1.21935
1.22114
1.2226
1.22361
1.22402
1.22367
1.22234
1.21979
1.21581
1.21035
1.20365
1.19651
1.19019
1.18613
1.1852
1.18727
1.19131
1.19604
1.20047
1.20413
1.20687
1.20879
1.21
1.21062
1.21072
1.21031
1.20942
1.20807
1.20634
1.20439
1.20251
1.20107
1.20047
1.20104
1.20288
1.20582
1.20948
1.21339
1.21709
1.22025
1.22266
1.22424
1.22499
1.22496
1.22426
1.22303
1.22145
1.21972
1.21805
1.21665
1.2157
1.21532
1.21556
1.21642
1.2178
1.21959
1.22162
1.22373
1.22575
1.22756
1.22905
1.23014
1.23081
1.23107
1.23097
1.23056
1.22993
1.22916
1.22832
1.22747
1.22666
1.22596
1.22545
1.22524
1.22547
1.22627
1.22772
1.2298
1.23232
1.235
1.23747
1.23932
1.2402
1.23981
1.23796
1.23467
1.23025
1.22539
1.22107
1.21829
1.21759
1.21877
1.22102
1.2233
1.22478
1.225
1.22384
1.22144
1.21815
1.21451
1.2112
1.20896
1.20834
1.2095
1.21218
1.21579
1.21968
1.22332
1.22637
1.2287
1.23031
1.23126
1.23165
1.23155
1.23106
1.23024
1.22916
1.22789
1.22648
1.22501
1.22356
1.22219
1.221
1.22006
1.21943
1.21915
1.21923
1.21967
1.2204
1.22132
1.22231
1.22321
1.22385
1.22407
1.22372
1.2227
1.22098
1.21867
1.21602
1.21345
1.21145
1.21042
1.21055
1.21173
1.21357
1.21561
1.21741
1.21865
1.21916
1.21884
1.21767
1.21563
1.21272
1.20894
1.20436
1.19916
1.19364
1.18834
1.1839
1.18097
1.17999
1.18103
1.18377
1.1876
1.19184
1.19592
1.19942
1.20214
1.20402
1.20511
1.2055
1.20536
1.20484
1.2041
1.20328
1.20251
1.2019
1.2015
1.20133
1.20138
1.20162
1.20198
1.20242
1.20289
1.20335
1.20377
1.20414
1.20443
1.20464
1.20478
1.20483
1.2048
1.20469
1.2045
1.20425
1.20393
1.20357
1.20317
1.20274
1.20231
1.2019
1.20152
1.20123
1.20106
1.20105
1.20126
1.20175
1.20257
1.20374
1.20526
1.20711
1.20921
1.21147
1.21379
1.21607
1.21822
1.2202
1.22196
1.22351
1.22487
1.22606
1.22714
1.22815
1.22914
1.23014
1.23119
1.23229
1.23345
1.23464
1.23585
1.23706
1.23824
1.23938
1.24046
1.2415
1.24247
1.24341
1.24431
1.24519
1.24606
1.24692
1.24775
1.24854
1.24924
1.24979
1.25009
1.25005
1.24954
1.24844
1.24664
1.24411
1.24088
1.2372
1.23349
1.23036
1.22847
1.22832
1.23007
1.23349
1.23809
1.24327
1.24849
1.25335
1.25757
1.26098
1.2635
1.26516
1.26609
1.26653
1.26681
1.26732
1.2684
1.27026
1.27293
1.27626
1.27997
1.28372
1.28722
1.29019
1.29244
1.29382
1.29419
1.29348
1.2916
1.28853
1.2843
1.27904
1.273
1.26663
1.26055
1.25551
1.25217
1.25092
1.25173
1.25414
1.2575
1.26117
1.26468
1.26784
1.27061
1.27307
1.27532
1.27736
1.27915
1.28058
1.28152
1.2819
1.28169
1.28093
1.27971
1.27818
1.27649
1.27481
1.27327
1.27194
1.27088
1.27006
1.26944
1.26896
1.26854
1.26812
1.26766
1.26712
1.26651
1.26586
1.2652
1.26456
1.26398
1.26343
1.26288
1.26221
1.26133
1.26009
1.25838
1.25612
1.25329
1.24993
1.24619
1.2423
1.23857
1.23535
1.23294
1.23153
1.23113
1.23156
1.23253
1.23371
1.23482
1.2357
1.23636
1.23691
1.23752
1.23834
1.23947
1.24088
1.24249
1.24416
1.24577
1.24721
1.24844
1.24946
1.25031
1.25105
1.25175
1.25247
1.25328
1.25419
1.25521
1.25633
1.25749
1.25865
1.25975
1.26072
1.26153
1.26214
1.26252
1.26265
1.26252
1.26212
1.26142
1.26041
1.25905
1.25732
1.2552
1.25266
1.24973
1.24646
1.243
1.23959
1.23655
1.23423
1.23297
1.23297
1.23422
1.23649
1.23937
1.24238
1.24507
1.24709
1.24818
1.24822
1.24718
1.24518
1.24242
1.23923
1.23601
1.23319
1.23108
1.22987
1.22956
1.23003
1.23113
1.23268
1.23456
1.23664
1.23882
1.24097
1.24298
1.24476
1.24624
1.2474
1.24824
1.2488
1.24913
1.2493
1.24937
1.24939
1.2494
1.24942
1.24944
1.24943
1.24933
1.24907
1.24856
1.24771
1.24644
1.24471
1.2425
1.23986
1.23689
1.23377
1.23072
1.22795
1.22565
1.22391
1.22281
1.22233
1.22243
1.22304
1.22408
1.22543
1.22693
1.22845
1.22987
1.23113
1.23219
1.23308
1.23383
1.2345
1.23512
1.23567
1.23613
1.2364
1.23638
1.23597
1.23507
1.23365
1.23177
1.22959
1.2274
1.22557
1.22444
1.22425
1.22501
1.22653
1.22846
1.23044
1.2322
1.23354
1.23442
1.23484
1.23491
1.23473
1.23443
1.23414
1.23396
1.23398
1.23425
1.23476
1.23546
1.23625
1.23696
1.23741
1.23736
1.23659
1.23498
1.23258
1.22977
1.22727
1.226
1.22668
1.22945
1.23379
1.23874
1.24341
1.24718
1.24983
1.2514
1.25206
1.25209
1.25172
1.25117
1.25059
1.2501
1.24974
1.24953
1.24943
1.2494
1.2494
1.2494
1.24942
1.24949
1.24967
1.25002
1.25058
1.25137
1.25231
1.25329
1.25413
1.25465
1.25465
1.25401
1.25264
1.25055
1.24785
1.24472
1.24142
1.23829
1.23563
1.23373
1.23274
1.2327
1.23351
1.23497
1.23685
1.2389
1.24094
1.24282
1.24447
1.24585
1.24695
1.24778
1.24835
1.24866
1.24875
1.24864
1.24839
1.24809
1.24783
1.2477
1.24778
1.24811
1.24868
1.24942
1.25022
1.25095
1.2515
1.25176
1.25167
1.25123
1.25044
1.24935
1.24802
1.24651
1.24487
1.24316
1.24141
1.23966
1.23797
1.23643
1.23515
1.23427
1.23391
1.23414
1.23494
1.23619
1.23773
1.23936
1.24094
1.24233
1.24347
1.24436
1.24498
1.24537
1.24554
1.24551
1.24529
1.24488
1.24426
1.24344
1.24244
1.2413
1.2401
1.23895
1.23799
1.23736
1.23718
1.23748
1.23822
1.23927
1.24045
1.24157
1.24243
1.2429
1.24286
1.24228
1.24114
1.23948
1.2374
1.235
1.23248
1.23004
1.22793
1.22641
1.2257
1.22593
1.2271
1.22906
1.23151
1.23411
1.23651
1.23847
1.23988
1.24072
1.2411
1.24116
1.24106
1.24091
1.24071
1.24033
1.23956
1.23812
1.23579
1.2325
1.2284
1.22396
1.2199
1.21699
1.21578
1.21639
1.21855
1.22175
1.22546
1.22925
1.23281
1.23595
1.23853
1.24049
1.24181
1.24249
1.24255
1.24204
1.241
1.23948
1.23754
1.23525
1.23272
1.23009
1.2275
1.22516
1.22325
1.22192
1.22126
1.22126
1.22183
1.22279
1.22389
1.22487
1.22546
1.22543
1.22458
1.22273
1.21975
1.21558
1.21029
1.20422
1.19807
1.1929
1.18978
1.18934
1.19137
1.19494
1.19895
1.20255
1.20537
1.20741
1.20891
1.2101
1.21121
1.21233
1.21348
1.21462
1.21566
1.21649
1.21703
1.2172
1.21692
1.21615
1.21491
1.21327
1.21143
1.20971
1.2085
1.2082
1.20908
1.21117
1.21424
1.21789
1.2217
1.22531
1.22847
1.23106
1.23304
1.23442
1.23522
1.23546
1.23515
1.23431
1.23294
1.23105
1.22866
1.22585
1.22271
1.21937
1.21604
1.2129
1.21017
1.208
1.20648
1.20564
1.20538
1.20554
1.20585
1.20607
1.20595
1.20532
1.20418
1.20265
1.20096
1.19938
1.19814
1.19736
1.19708
1.19729
1.19799
1.19915
1.20075
1.20276
1.20515
1.20788
1.21086
1.21401
1.21721
1.22033
1.22326
1.22591
1.2282
1.23006
1.23148
1.23246
1.23301
1.2332
1.2331
1.2328
1.23239
1.23193
1.23144
1.2309
1.23023
1.22928
1.22794
1.22605
1.22356
1.22051
1.21704
1.21343
1.21
1.20703
1.2046
1.20255
1.20054
1.19823
1.19556
1.19292
1.19112
1.19102
1.19307
1.19713
1.20254
1.20853
1.2144
1.2196
1.22377
1.22668
1.22828
1.22864
1.22799
1.2266
1.22484
1.22303
1.22149
1.22039
1.21983
1.21976
1.22006
1.22057
1.22112
1.22159
1.22187
1.22193
1.22176
1.22139
1.22087
1.22027
1.21967
1.21911
1.21864
1.21828
1.21803
1.21791
1.21791
1.21802
1.21826
1.21861
1.21908
1.21965
1.22032
1.22106
1.22184
1.22263
1.22338
1.22401
1.2244
1.22438
1.22367
1.22187
1.21844
1.21271
1.2041
1.19259
1.17955
1.16827
1.16282
1.16526
1.1739
1.18487
1.19504
1.20313
1.20919
1.21375
1.21733
1.22025
1.22266
1.22461
1.2261
1.2271
1.22761
1.22761
1.22708
1.22599
1.22427
1.22181
1.21843
1.21392
1.20808
1.20082
1.19234
1.18327
1.17471
1.1679
1.16372
1.1624
1.16357
1.16662
1.17096
1.17603
1.18134
1.18646
1.19108
1.19508
1.19844
1.20122
1.20347
1.20529
1.20671
1.20778
1.20853
1.209
1.20922
1.20921
1.20901
1.20865
1.20816
1.20756
1.20688
1.20614
1.20537
1.20456
1.20375
1.20293
1.20211
1.2013
1.20049
1.19969
1.1989
1.1981
1.19729
1.19645
1.1956
1.19471
1.19379
1.19285
1.19187
1.19089
1.1899
1.18893
1.18799
1.18709
1.18624
1.18544
1.18471
1.18407
1.18359
1.18336
1.18349
1.18412
1.18533
1.18718
1.18962
1.19251
1.19565
1.1988
1.2017
1.20408
1.20566
1.20609
1.20501
1.20205
1.19701
1.19018
1.1827
1.17666
1.17428
1.17654
1.18243
1.18969
1.19622
1.20088
1.20345
1.20429
1.20392
1.20289
1.20164
1.20054
1.19983
1.19969
1.20024
1.20152
1.20349
1.20604
1.20896
1.21204
1.21504
1.21778
1.22013
1.22201
1.22341
1.22435
1.22488
1.22505
1.22494
1.22459
1.22405
1.22338
1.22259
1.22172
1.22081
1.21987
1.21895
1.21811
1.21741
1.21691
1.2167
1.21682
1.21731
1.2182
1.21944
1.22098
1.22273
1.22459
1.22643
1.22817
1.22973
1.23105
1.23209
1.23285
1.23332
1.23354
1.23352
1.23332
1.23298
1.23253
1.23203
1.2315
1.23097
1.23045
1.22996
1.22953
1.22918
1.22896
1.22892
1.22911
1.22956
1.23029
1.23126
1.23243
1.23371
1.23498
1.23615
1.23711
1.23778
1.23812
1.23808
1.23768
1.23697
1.23601
1.2349
1.23375
1.23267
1.23176
1.23108
1.23068
1.23054
1.23062
1.23087
1.23121
1.23157
1.23186
1.23204
1.23204
1.23183
1.23138
1.23067
1.22971
1.22852
1.22714
1.22561
1.22401
1.22241
1.22085
1.21941
1.21811
1.21697
1.216
1.2152
1.21455
1.21407
1.21376
1.21365
1.21375
1.21406
1.21449
1.21488
1.215
1.2146
1.21348
1.21159
1.20911
1.20649
1.20433
1.20325
1.20362
1.20546
1.20847
1.21214
1.216
1.21966
1.20295
1.2055
1.20742
1.2087
1.20936
1.20944
1.20897
1.208
1.20656
1.20468
1.20242
1.19981
1.1969
1.19378
1.19052
1.18723
1.18402
1.18099
1.17825
1.17588
1.17397
1.17257
1.17174
1.1715
1.17186
1.17278
1.1742
1.17599
1.17802
1.18013
1.1822
1.18413
1.18588
1.18743
1.18881
1.19006
1.19121
1.19224
1.19314
1.19382
1.19419
1.19414
1.19356
1.19237
1.19052
1.18802
1.18495
1.18146
1.17774
1.17401
1.17046
1.16727
1.16458
1.16262
1.16165
1.1619
1.16345
1.16614
1.1696
1.17338
1.17709
1.18049
1.18345
1.18597
1.18811
1.18992
1.19145
1.19271
1.19373
1.19446
1.1949
1.19501
1.19473
1.19404
1.19288
1.19123
1.18907
1.18638
1.18318
1.17953
1.17552
1.1713
1.1671
1.16326
1.16021
1.15839
1.15819
1.15974
1.16285
1.16704
1.1717
1.17622
1.18017
1.18327
1.18547
1.18684
1.18754
1.18772
1.18753
1.18703
1.18626
1.18525
1.18407
1.18289
1.18195
1.18155
1.18194
1.18324
1.1854
1.18823
1.19141
1.1946
1.19751
1.19995
1.20179
1.20304
1.20373
1.20398
1.20391
1.20366
1.20335
1.20304
1.20278
1.20256
1.2023
1.20192
1.20129
1.2003
1.19885
1.19691
1.19454
1.19197
1.18958
1.18786
1.18727
1.18805
1.19011
1.19308
1.19646
1.19982
1.20286
1.20542
1.20743
1.20883
1.20955
1.20947
1.20845
1.20636
1.20319
1.19919
1.19501
1.19168
1.19039
1.19185
1.19591
1.20157
1.20753
1.2127
1.21645
1.21854
1.21902
1.21803
1.21576
1.21244
1.20836
1.20386
1.19935
1.19526
1.19201
1.18992
1.18913
1.18963
1.19126
1.19376
1.19682
1.20015
1.20347
1.20658
1.2093
1.21154
1.21326
1.21445
1.21515
1.21544
1.21539
1.21506
1.21453
1.21383
1.21298
1.21197
1.21076
1.20929
1.20752
1.20539
1.20288
1.20004
1.19693
1.19371
1.19057
1.18775
1.18544
1.18377
1.18278
1.18241
1.18254
1.18303
1.18374
1.18454
1.18534
1.18614
1.187
1.1881
1.18959
1.19158
1.19404
1.19678
1.1995
1.20186
1.20359
1.20449
1.20445
1.20346
1.20156
1.19886
1.19553
1.19176
1.18782
1.18399
1.18061
1.17801
1.17651
1.17633
1.17752
1.17994
1.18327
1.18704
1.19076
1.194
1.19643
1.19787
1.19828
1.19776
1.19651
1.19483
1.19305
1.1915
1.19043
1.18996
1.19
1.19035
1.19067
1.19065
1.1901
1.18901
1.18766
1.18651
1.18605
1.18658
1.18807
1.19012
1.19215
1.19356
1.19389
1.19285
1.19029
1.18626
1.18093
1.17465
1.16788
1.16119
1.15516
1.15021
1.14655
1.14418
1.14296
1.14275
1.1435
1.14524
1.14805
1.15193
1.15675
1.16227
1.16812
1.17393
1.17935
1.18413
1.18809
1.19117
1.19339
1.19481
1.19556
1.19574
1.19551
1.19496
1.19419
1.19327
1.19223
1.19108
1.18979
1.18833
1.18666
1.18476
1.18261
1.18023
1.17767
1.17501
1.17236
1.16986
1.16766
1.16587
1.16462
1.16394
1.16384
1.16423
1.165
1.166
1.16708
1.16813
1.16909
1.16992
1.17065
1.17132
1.17198
1.17269
1.17344
1.17423
1.17502
1.17576
1.17636
1.17679
1.17699
1.17691
1.17656
1.17591
1.17498
1.1738
1.17242
1.17092
1.16941
1.16803
1.1669
1.16617
1.16592
1.16619
1.16694
1.1681
1.16954
1.17115
1.1728
1.17443
1.17597
1.17741
1.17873
1.17995
1.18107
1.18211
1.18308
1.18398
1.18483
1.18562
1.18633
1.18696
1.18748
1.18789
1.18814
1.18821
1.18807
1.18769
1.18702
1.18602
1.18465
1.1829
1.18075
1.1782
1.17533
1.17221
1.16901
1.16591
1.16313
1.1609
1.15939
1.15871
1.15888
1.15986
1.16151
1.16369
1.16625
1.16905
1.17195
1.17484
1.1776
1.18014
1.18239
1.18428
1.18579
1.18692
1.1877
1.18817
1.18841
1.18847
1.18839
1.18823
1.18798
1.18764
1.18716
1.18649
1.18556
1.1843
1.18266
1.18061
1.17818
1.17547
1.17262
1.16989
1.16754
1.16586
1.16506
1.16523
1.16632
1.16814
1.17043
1.1729
1.17531
1.17744
1.17917
1.18042
1.18114
1.1813
1.1809
1.1799
1.17828
1.17601
1.1731
1.16958
1.16554
1.16117
1.15677
1.1527
1.14935
1.14705
1.146
1.14622
1.14757
1.14979
1.1525
1.15536
1.15804
1.16029
1.16195
1.16297
1.16335
1.16313
1.16242
1.1613
1.1599
1.1583
1.15659
1.15486
1.15317
1.15159
1.15014
1.14886
1.14775
1.14679
1.14597
1.1453
1.14482
1.14463
1.14485
1.14561
1.14699
1.14899
1.15151
1.15437
1.15736
1.16026
1.16293
1.16524
1.16715
1.16861
1.16963
1.17021
1.17036
1.17008
1.16937
1.16825
1.16672
1.16484
1.16268
1.16037
1.15807
1.15595
1.15413
1.15266
1.15149
1.1505
1.14955
1.14855
1.14752
1.14658
1.14596
1.1459
1.14657
1.14803
1.15015
1.15267
1.15525
1.15759
1.15944
1.16068
1.16129
1.16137
1.16107
1.16057
1.15999
1.15934
1.15854
1.15743
1.15582
1.15363
1.1509
1.14779
1.14451
1.14126
1.13818
1.13557
1.13392
1.13386
1.1358
1.13959
1.1445
1.14961
1.15416
1.15778
1.16041
1.16222
1.16346
1.16433
1.16501
1.1656
1.16616
1.16667
1.16712
1.16747
1.16766
1.16765
1.16741
1.16691
1.16617
1.16521
1.16408
1.16288
1.1617
1.16066
1.15987
1.1594
1.1593
1.15955
1.1601
1.16084
1.16165
1.16241
1.163
1.16337
1.16348
1.16334
1.163
1.1625
1.1619
1.16124
1.16055
1.15988
1.15928
1.15881
1.15857
1.15867
1.1592
1.16022
1.16169
1.16353
1.16559
1.16773
1.1698
1.17167
1.17329
1.1746
1.17561
1.17634
1.17679
1.177
1.17699
1.17679
1.1764
1.17586
1.17516
1.17431
1.17334
1.17225
1.17104
1.16975
1.16837
1.16693
1.16545
1.16392
1.16235
1.16073
1.15908
1.1574
1.15571
1.15406
1.15253
1.15124
1.15031
1.14985
1.14997
1.15067
1.15193
1.15363
1.15561
1.15767
1.15962
1.16129
1.16252
1.16318
1.16322
1.16259
1.1613
1.15944
1.15711
1.15448
1.15174
1.14913
1.14682
1.14499
1.14372
1.143
1.14271
1.14269
1.14269
1.14246
1.14179
1.14058
1.1389
1.13706
1.1356
1.13513
1.13611
1.1386
1.14222
1.14637
1.15042
1.15392
1.15665
1.1586
1.15984
1.16052
1.1608
1.16081
1.16065
1.1604
1.16008
1.15972
1.15931
1.15883
1.15827
1.15761
1.15684
1.15596
1.15495
1.15381
1.15254
1.15113
1.14959
1.14794
1.1462
1.14443
1.14272
1.14116
1.13988
1.13903
1.13873
1.13904
1.13998
1.14147
1.14338
1.14552
1.14772
1.14984
1.15179
1.1535
1.15498
1.15626
1.15735
1.15833
1.15922
1.16008
1.16094
1.16182
1.16274
1.1637
1.16471
1.16576
1.16683
1.16792
1.169
1.17006
1.17106
1.172
1.17282
1.17351
1.17402
1.17432
1.17435
1.17406
1.17343
1.1724
1.17096
1.16912
1.16694
1.16453
1.16205
1.15973
1.15781
1.15652
1.15603
1.15641
1.15764
1.1596
1.16214
1.16509
1.16829
1.17157
1.17481
1.17789
1.18073
1.18327
1.1855
1.18745
1.18914
1.19066
1.19207
1.19342
1.19475
1.19607
1.19738
1.19864
1.19983
1.20089
1.20179
1.20251
1.203
1.20325
1.20323
1.20291
1.20224
1.20119
1.19976
1.19798
1.19593
1.19377
1.19175
1.19012
1.18914
1.189
1.18975
1.19128
1.19331
1.19552
1.19759
1.19939
1.20096
1.20253
1.20441
1.20686
1.21
1.21371
1.21773
1.22173
1.22543
1.22859
1.23112
1.23296
1.23412
1.23458
1.23435
1.23341
1.23178
1.2295
1.22673
1.22369
1.22069
1.21805
1.216
1.21461
1.21376
1.21316
1.21244
1.21126
1.20937
1.20666
1.20315
1.19902
1.19451
1.18991
1.18551
1.18144
1.1777
1.17412
1.17044
1.16644
1.16223
1.1584
1.15605
1.15637
1.16005
1.16675
1.17528
1.18418
1.19232
1.19904
1.20418
1.20787
1.2104
1.21216
1.21355
1.21486
1.2163
1.21788
1.21952
1.22104
1.22227
1.22306
1.22331
1.22297
1.22207
1.22063
1.21871
1.21641
1.2138
1.21101
1.20814
1.20533
1.20267
1.20027
1.19819
1.19646
1.19507
1.19397
1.19311
1.19239
1.19173
1.19105
1.19028
1.18942
1.18848
1.1876
1.18697
1.18687
1.18755
1.18919
1.19175
1.19504
1.19872
1.20243
1.20587
1.20886
1.21129
1.21318
1.21457
1.21554
1.21618
1.21656
1.21674
1.21675
1.21659
1.21625
1.21569
1.21486
1.2137
1.21217
1.21024
1.20793
1.2053
1.20248
1.19969
1.19719
1.19527
1.19417
1.19399
1.1947
1.19607
1.19779
1.19956
1.20113
1.2024
1.20343
1.20436
1.20543
1.20683
1.20866
1.21093
1.2135
1.21618
1.21877
1.2211
1.22304
1.22452
1.2255
1.22596
1.22587
1.2252
1.22389
1.2219
1.21923
1.21594
1.21229
1.20869
1.20574
1.2041
1.20436
1.20681
1.21128
1.21724
1.22391
1.23049
1.23637
1.24118
1.24477
1.24713
1.24836
1.24862
1.24806
1.24685
1.24516
1.24316
1.24101
1.23887
1.2369
1.23522
1.23394
1.23312
1.2328
1.23293
1.23349
1.23438
1.23552
1.23681
1.23813
1.23935
1.24034
1.24092
1.24097
1.24035
1.23899
1.23692
1.23426
1.23127
1.22833
1.22585
1.22415
1.22339
1.2235
1.22419
1.22506
1.22571
1.22578
1.22498
1.22311
1.22001
1.21556
1.20972
1.20257
1.19457
1.18675
1.18082
1.17871
1.18146
1.1885
1.19789
1.20748
1.21582
1.22229
1.22691
1.22997
1.23184
1.23283
1.23321
1.23314
1.23275
1.2321
1.23126
1.23026
1.22913
1.22793
1.22668
1.22545
1.22425
1.22313
1.22211
1.22117
1.22032
1.21954
1.21878
1.21802
1.2172
1.21628
1.2152
1.21392
1.21241
1.21066
1.20868
1.20649
1.20417
1.20178
1.19941
1.19714
1.19504
1.19318
1.19158
1.19025
1.18912
1.18809
1.18703
1.18581
1.18435
1.18265
1.18079
1.17892
1.17723
1.17591
1.17508
1.17483
1.17519
1.17615
1.17771
1.17983
1.18241
1.1853
1.18827
1.19105
1.19339
1.19512
1.19612
1.19634
1.1958
1.19454
1.19268
1.19033
1.18764
1.1848
1.18203
1.17952
1.17746
1.17597
1.17508
1.17476
1.17491
1.17541
1.17618
1.1771
1.1781
1.1791
1.18002
1.18078
1.18132
1.18159
1.18159
1.18134
1.18091
1.18039
1.17986
1.17945
1.17923
1.17924
1.17951
1.18001
1.18069
1.18148
1.18231
1.18315
1.18393
1.18463
1.18523
1.18573
1.18613
1.18642
1.1866
1.18669
1.18667
1.18653
1.18625
1.18581
1.18513
1.18417
1.18282
1.18098
1.17855
1.1754
1.17148
1.16679
1.16146
1.15586
1.1506
1.14652
1.14453
1.14529
1.14885
1.15462
1.16155
1.16847
1.17442
1.17874
1.18105
1.18124
1.17935
1.1757
1.17081
1.16545
1.16043
1.15632
1.1533
1.15109
1.14933
1.14787
1.14709
1.14777
1.15071
1.15616
1.16352
1.1715
1.17874
1.18423
1.18746
1.18844
1.18754
1.18538
1.18269
1.18012
1.17812
1.1768
1.17599
1.17541
1.17481
1.17402
1.17297
1.17161
1.16989
1.16776
1.16519
1.16219
1.15889
1.15547
1.1522
1.14942
1.14745
1.14659
1.14701
1.1487
1.15147
1.15493
1.15859
1.16194
1.16456
1.16612
1.1664
1.16537
1.16318
1.16026
1.15731
1.15519
1.15473
1.15631
1.15978
1.16451
1.1697
1.17465
1.17894
1.18239
1.18498
1.18681
1.188
1.18868
1.18897
1.18896
1.1887
1.18827
1.18767
1.18695
1.1861
1.18516
1.18415
1.1831
1.18207
1.18113
1.18037
1.17988
1.17972
1.17994
1.18053
1.18146
1.18263
1.18395
1.1853
1.18657
1.1877
1.18862
1.18929
1.18969
1.18983
1.18972
1.18938
1.18884
1.18813
1.18727
1.18628
1.18518
1.18397
1.18264
1.18122
1.1797
1.17812
1.17653
1.17502
1.17371
1.17272
1.17219
1.17225
1.17298
1.17437
1.17638
1.17888
1.18166
1.18454
1.18732
1.18986
1.19206
1.19386
1.19528
1.19635
1.19711
1.19764
1.19802
1.19829
1.19852
1.19874
1.19895
1.19914
1.19927
1.19927
1.19909
1.19865
1.19791
1.19682
1.19541
1.1937
1.19182
1.18989
1.1881
1.18662
1.18561
1.18514
1.18523
1.18581
1.18673
1.18784
1.18895
1.18984
1.19034
1.19024
1.18939
1.18764
1.18497
1.1815
1.17763
1.17399
1.17139
1.17053
1.17166
1.1745
1.17834
1.1824
1.18607
1.18901
1.1911
1.19239
1.19298
1.19301
1.19259
1.19185
1.19087
1.18975
1.18855
1.18734
1.18617
1.18507
1.18408
1.18321
1.18247
1.18188
1.18145
1.18123
1.18127
1.18162
1.18233
1.18342
1.18489
1.18668
1.18871
1.1909
1.19313
1.19531
1.19737
1.19926
1.20093
1.20237
1.20357
1.20453
1.20525
1.20576
1.20605
1.20614
1.20604
1.20577
1.20533
1.20474
1.20402
1.20321
1.20232
1.20142
1.20055
1.19979
1.19921
1.19889
1.19888
1.19926
1.20004
1.20121
1.20272
1.20448
1.20636
1.20824
1.20998
1.21154
1.2129
1.21411
1.21526
1.21643
1.21767
1.21899
1.22032
1.22157
1.22265
1.22346
1.22397
1.22414
1.22399
1.22353
1.22275
1.22166
1.22024
1.21846
1.21632
1.21384
1.21112
1.2083
1.20563
1.20335
1.20173
1.20093
1.20098
1.20181
1.2032
1.2049
1.20661
1.20797
1.20861
1.20808
1.20591
1.20183
1.19599
1.18938
1.18392
1.18179
1.18415
1.19034
1.19832
1.20607
1.21239
1.21697
1.22007
1.2221
1.2235
1.22457
1.2255
1.22637
1.22718
1.2279
1.22851
1.22898
1.22928
1.22944
1.22946
1.22937
1.2292
1.22897
1.22869
1.22837
1.228
1.22756
1.22704
1.2264
1.22559
1.2246
1.22337
1.22189
1.22013
1.21806
1.21569
1.21302
1.21007
1.20691
1.20364
1.20042
1.19743
1.19486
1.19284
1.19145
1.19066
1.19036
1.19042
1.1907
1.19115
1.19172
1.19251
1.19364
1.1953
1.19763
1.20068
1.20431
1.20826
1.21215
1.2156
1.21828
1.21998
1.22058
1.22009
1.21861
1.21637
1.21369
1.21099
1.20868
1.20708
1.20635
1.2065
1.2074
1.20885
1.21062
1.21253
1.21437
1.21601
1.21735
1.21835
1.21902
1.21944
1.2197
1.21991
1.22014
1.22046
1.22085
1.2213
1.2217
1.22196
1.22196
1.22156
1.22069
1.21929
1.21739
1.2151
1.21256
1.20994
1.20731
1.2047
1.20203
1.19929
1.19659
1.1942
1.19249
1.19174
1.19199
1.19297
1.19418
1.19496
1.19472
1.19296
1.18949
1.18453
1.17883
1.17357
1.16994
1.16848
1.16885
1.17016
1.17174
1.1737
1.17684
1.18206
1.18962
1.1989
1.20876
1.21804
1.226
1.23229
1.23693
1.24007
1.24196
1.24283
1.24286
1.24222
1.24101
1.23933
1.23726
1.23491
1.23239
1.22987
1.22757
1.22568
1.22436
1.22371
1.22368
1.22414
1.22487
1.22565
1.22627
1.22658
1.22647
1.2259
1.22489
1.22347
1.22175
1.21985
1.2179
1.21605
1.21442
1.21309
1.2121
1.21144
1.21106
1.21094
1.21101
1.21124
1.2116
1.21206
1.21259
1.21313
1.21366
1.21416
1.2146
1.21499
1.21536
1.21573
1.21616
1.21668
1.21732
1.21809
1.21899
1.22
1.22108
1.22219
1.22329
1.22433
1.22528
1.22609
1.22676
1.22726
1.2276
1.2278
1.22788
1.22787
1.22778
1.22765
1.22746
1.22721
1.22684
1.22631
1.22551
1.22434
1.22268
1.22041
1.21747
1.21388
1.20981
1.20558
1.20168
1.19862
1.19679
1.1963
1.19696
1.19841
1.20021
1.20206
1.20379
1.20538
1.2069
1.20847
1.21021
1.21216
1.21428
1.21647
1.21854
1.22029
1.22147
1.22183
1.22114
1.21915
1.2157
1.2108
1.20485
1.19878
1.19395
1.19169
1.19255
1.19602
1.20076
1.2054
1.20897
1.2111
1.21183
1.21144
1.21037
1.20907
1.20798
1.20741
1.20748
1.20816
1.20923
1.21043
1.21147
1.21213
1.21224
1.21169
1.21042
1.20841
1.20571
1.20244
1.19882
1.19523
1.19214
1.19001
1.18916
1.18965
1.19126
1.19358
1.1962
1.19879
1.20113
1.20315
1.20486
1.20629
1.20752
1.2086
1.20957
1.21048
1.21133
1.21215
1.21295
1.21371
1.21445
1.21515
1.21581
1.21643
1.21698
1.21745
1.21783
1.21809
1.21822
1.21819
1.218
1.21763
1.21712
1.21648
1.21577
1.21504
1.21435
1.21375
1.21325
1.21283
1.21243
1.21196
1.21132
1.21043
1.20922
1.20767
1.20583
1.20376
1.20152
1.19915
1.19661
1.19376
1.19041
1.18636
1.1816
1.17646
1.17169
1.16827
1.16698
1.168
1.17086
1.17483
1.1794
1.18434
1.18963
1.19513
1.20055
1.20553
1.20974
1.21304
1.21537
1.21683
1.21753
1.2176
1.21714
1.21622
1.21487
1.2131
1.21089
1.2082
1.20501
1.20131
1.19715
1.19263
1.18796
1.18346
1.1796
1.17693
1.17598
1.17703
1.17996
1.18425
1.18918
1.19409
1.1985
1.20217
1.20504
1.20719
1.20875
1.20982
1.21054
1.21099
1.21123
1.21128
1.21113
1.21074
1.21002
1.20883
1.20698
1.20426
1.20043
1.19541
1.18934
1.18284
1.17703
1.17325
1.17247
1.17465
1.17878
1.18342
1.18737
1.18992
1.19084
1.19022
1.18832
1.18549
1.18215
1.17876
1.17576
1.17353
1.17236
1.17243
1.17378
1.17633
1.17984
1.18396
1.18828
1.19242
1.19607
1.19905
1.20126
1.20272
1.2035
1.20371
1.20348
1.20294
1.20219
1.20135
1.20049
1.19968
1.19896
1.19836
1.1979
1.19758
1.19742
1.19741
1.19755
1.19784
1.19829
1.19889
1.19963
1.2005
1.20147
1.20249
1.2035
1.20441
1.20513
1.20558
1.20565
1.20531
1.20453
1.20339
1.20203
1.20066
1.19953
1.19885
1.19874
1.19915
1.19994
1.20085
1.20165
1.20216
1.20227
1.20196
1.20123
1.20013
1.1987
1.19699
1.19502
1.19285
1.19054
1.18817
1.18578
1.18338
1.18097
1.17865
1.17679
1.17599
1.17694
1.17994
1.18469
1.19038
1.19602
1.20087
1.20456
1.20707
1.20861
1.20951
1.21014
1.21079
1.21162
1.21261
1.21353
1.21408
1.21392
1.21283
1.21081
1.20813
1.20535
1.20317
1.20219
1.20266
1.20438
1.20683
1.20942
1.21171
1.21345
1.21455
1.21506
1.21503
1.21453
1.2136
1.21223
1.21041
1.20814
1.20539
1.2022
1.19862
1.19474
1.19074
1.18681
1.1832
1.18016
1.1779
1.17659
1.17631
1.177
1.17852
1.18066
1.18314
1.18566
1.18796
1.18986
1.19124
1.19207
1.19243
1.19245
1.19228
1.19211
1.19202
1.19204
1.19204
1.1918
1.191
1.18925
1.18618
1.1815
1.17518
1.16762
1.15988
1.15355
1.15017
1.15052
1.15416
1.15984
1.16622
1.17234
1.17771
1.1822
1.18581
1.18861
1.19064
1.19199
1.19267
1.19273
1.19219
1.19109
1.18945
1.18732
1.18477
1.1819
1.17883
1.1757
1.17265
1.16977
1.16712
1.16474
1.16265
1.16087
1.15949
1.1586
1.15828
1.15859
1.15949
1.16088
1.1626
1.16447
1.16632
1.16801
1.16948
1.17072
1.17177
1.1727
1.17362
1.17459
1.17568
1.17691
1.17829
1.17978
1.18136
1.18299
1.18462
1.18621
1.18774
1.18918
1.19051
1.19172
1.19279
1.19373
1.19452
1.19516
1.19564
1.19593
1.196
1.19582
1.19535
1.19457
1.19344
1.19199
1.19022
1.18818
1.18592
1.18349
1.18095
1.17833
1.1757
1.17317
1.17099
1.16951
1.16918
1.17034
1.17303
1.17691
1.18131
