0.000000000000000000e+00 1.000000000000000000e+00
5.000000000000000000e+03 3.008862802003466896e-01
1.000000000000000000e+04 1.111723791257292898e-01
1.500000000000000000e+04 4.929417291955522085e-02
2.000000000000000000e+04 2.386846400005384131e-02
2.500000000000000000e+04 1.143017156107119410e-02
3.000000000000000000e+04 7.484596620960634085e-03
3.500000000000000000e+04 3.836053235953571644e-03
4.000000000000000000e+04 1.899750836134924282e-03
4.500000000000000000e+04 2.616165887635968790e-03
5.000000000000000000e+04 1.862787156531763109e-03
5.500000000000000000e+04 3.468617606256949384e-03
6.000000000000000000e+04 -5.773059743259533220e-04
6.500000000000000000e+04 -6.707664351653504177e-04
7.000000000000000000e+04 2.089623315983533860e-04
7.500000000000000000e+04 8.043123429212949366e-04
8.000000000000000000e+04 4.080338810143593274e-05
8.500000000000000000e+04 8.783038896805913341e-04
9.000000000000000000e+04 4.232350096808601132e-04
9.500000000000000000e+04 4.890623291618660185e-04
1.000000000000000000e+05 1.380039832436299801e-03
1.050000000000000000e+05 -9.227482299056812259e-04
1.100000000000000000e+05 -1.864687214544964765e-03
1.150000000000000000e+05 -1.058306748163518945e-03
1.200000000000000000e+05 -9.830662606335413296e-04
1.250000000000000000e+05 -1.229357191170827581e-03
1.300000000000000000e+05 -2.505987901338816836e-03
1.350000000000000000e+05 -1.249438699173567634e-03
1.400000000000000000e+05 9.058965794880211551e-04
1.450000000000000000e+05 8.004476420708155982e-04
1.500000000000000000e+05 1.387608626633619370e-03
1.550000000000000000e+05 5.350144465877966883e-04
1.600000000000000000e+05 5.511938186338448007e-04
1.650000000000000000e+05 2.318970528787708395e-04
1.700000000000000000e+05 2.329088291168284028e-04
1.750000000000000000e+05 -6.058617942798196149e-04
1.800000000000000000e+05 1.251687188413985611e-03
1.850000000000000000e+05 1.004143503784407730e-03
1.900000000000000000e+05 -1.017001833218036033e-03
1.950000000000000000e+05 9.215952051127680126e-04
2.000000000000000000e+05 -9.783556476297568770e-04
2.050000000000000000e+05 -9.463081319850502561e-04
2.100000000000000000e+05 1.332500912869263171e-03
2.150000000000000000e+05 -7.245484049761103610e-04
2.200000000000000000e+05 -5.521104759732357306e-04
2.250000000000000000e+05 -1.477247426177566870e-03
2.300000000000000000e+05 -3.092774234301422947e-04
2.350000000000000000e+05 1.927228763185285815e-03
2.400000000000000000e+05 1.122446676916756189e-03
2.450000000000000000e+05 1.690549291049556375e-03
2.500000000000000000e+05 -6.001481792242161981e-04
2.550000000000000000e+05 -4.215616635329858647e-04
2.600000000000000000e+05 -2.038575435837788104e-03
2.650000000000000000e+05 -1.787042714850086648e-03
2.700000000000000000e+05 -2.110604318522414907e-03
2.750000000000000000e+05 -1.238648301922215490e-03
2.800000000000000000e+05 -1.421417290757967956e-03
2.850000000000000000e+05 -8.611159813976425662e-05
2.900000000000000000e+05 -2.709298350921363866e-04
2.950000000000000000e+05 1.566647357294997846e-03
3.000000000000000000e+05 -7.276333061236966949e-04
3.050000000000000000e+05 1.135964029921755119e-03
3.100000000000000000e+05 -5.141507414500929478e-04
3.150000000000000000e+05 -1.645006378559079122e-03
3.200000000000000000e+05 5.050890387238859839e-04
3.250000000000000000e+05 -8.346683469102586560e-04
3.300000000000000000e+05 1.124108358312226859e-03
3.350000000000000000e+05 1.385563601617650258e-03
3.400000000000000000e+05 7.109033273635249938e-04
3.450000000000000000e+05 8.023026951406215959e-06
3.500000000000000000e+05 4.636889865176659748e-04
3.550000000000000000e+05 -1.644413119199650969e-03
3.600000000000000000e+05 -5.045308255081555355e-04
3.650000000000000000e+05 1.311887050687453446e-03
3.700000000000000000e+05 7.832491459932176998e-04
3.750000000000000000e+05 9.752940339417328101e-04
3.800000000000000000e+05 7.796700452107299022e-04
3.850000000000000000e+05 -8.484559350207834761e-04
3.900000000000000000e+05 -1.336582949192661757e-03
3.950000000000000000e+05 -2.954413644338038138e-03
4.000000000000000000e+05 -1.643389321488671062e-03
4.050000000000000000e+05 -1.188478490146770584e-03
4.100000000000000000e+05 -1.946853529788489896e-03
4.150000000000000000e+05 4.980965518731915237e-04
4.200000000000000000e+05 2.072725438303342439e-04
4.250000000000000000e+05 5.932696678352215869e-04
4.300000000000000000e+05 -1.288003226250341183e-03
4.350000000000000000e+05 5.103184885506122396e-04
4.400000000000000000e+05 -3.083790206600924618e-04
4.450000000000000000e+05 2.143230727149973789e-03
4.500000000000000000e+05 1.747380657471807016e-03
4.550000000000000000e+05 -5.294180874055524465e-04
4.600000000000000000e+05 8.263064463202930742e-04
4.650000000000000000e+05 1.905787741556125899e-03
4.700000000000000000e+05 1.921604642322430204e-03
4.750000000000000000e+05 1.767027664068817304e-03
4.800000000000000000e+05 9.788834779617570318e-04
4.850000000000000000e+05 2.433577380133119129e-03
4.900000000000000000e+05 2.996183220787455512e-03
4.950000000000000000e+05 1.831185517264510235e-03
