0.000000000000000000e+00 1.000000000000000000e+00
5.000000000000000000e+03 6.044365055099359951e-01
1.000000000000000000e+04 3.985376978445195895e-01
1.500000000000000000e+04 2.754792744601650134e-01
2.000000000000000000e+04 1.955400660453609218e-01
2.500000000000000000e+04 1.424645579820052466e-01
3.000000000000000000e+04 1.049605192090961592e-01
3.500000000000000000e+04 7.718037798167669272e-02
4.000000000000000000e+04 5.726873478772599030e-02
4.500000000000000000e+04 4.393042912606957145e-02
5.000000000000000000e+04 3.303031190113828869e-02
5.500000000000000000e+04 2.735835184498826289e-02
6.000000000000000000e+04 2.163663198429467346e-02
6.500000000000000000e+04 1.645594123101274536e-02
7.000000000000000000e+04 1.261137710245282227e-02
7.500000000000000000e+04 9.164594366905285533e-03
8.000000000000000000e+04 6.708659910519504908e-03
8.500000000000000000e+04 5.373092413222752342e-03
9.000000000000000000e+04 3.888693266836202797e-03
9.500000000000000000e+04 3.226136216733878348e-03
1.000000000000000000e+05 2.350191312089494177e-03
1.050000000000000000e+05 1.754445142262302726e-03
1.100000000000000000e+05 3.016740437863361956e-04
1.150000000000000000e+05 1.293744102277442475e-03
1.200000000000000000e+05 1.013342615243998735e-03
1.250000000000000000e+05 3.846853606996462655e-04
1.300000000000000000e+05 2.750632353053857775e-04
1.350000000000000000e+05 1.293584260704471866e-03
1.400000000000000000e+05 1.575596874331265662e-03
1.450000000000000000e+05 1.319656677240496536e-03
1.500000000000000000e+05 -3.058139316414087072e-04
1.550000000000000000e+05 -1.458899706139706433e-03
1.600000000000000000e+05 -2.893362512714212249e-03
1.650000000000000000e+05 -4.338767505831548840e-03
1.700000000000000000e+05 -3.397043310790933985e-03
1.750000000000000000e+05 -2.533671675641465445e-03
1.800000000000000000e+05 -2.090696067219076186e-03
1.850000000000000000e+05 -1.533003297529701194e-03
1.900000000000000000e+05 -1.353210026154449573e-03
1.950000000000000000e+05 -7.923988975251382337e-04
2.000000000000000000e+05 -2.420399052455073866e-03
2.050000000000000000e+05 -1.890378912628082981e-03
2.100000000000000000e+05 -1.315631483894825517e-03
2.150000000000000000e+05 -1.071053721963987270e-03
2.200000000000000000e+05 -1.039908511651718367e-03
2.250000000000000000e+05 -4.575342520864884572e-04
2.300000000000000000e+05 -1.067469916391417971e-03
2.350000000000000000e+05 -8.566770366641824567e-04
2.400000000000000000e+05 4.414217370068942623e-04
2.450000000000000000e+05 9.864342182645689707e-04
2.500000000000000000e+05 5.437401517407398953e-04
2.550000000000000000e+05 1.038035185019409818e-03
2.600000000000000000e+05 8.914382884691546358e-04
2.650000000000000000e+05 -6.388069049943011874e-04
2.700000000000000000e+05 -1.334542484492847510e-03
2.750000000000000000e+05 -3.558692542947857699e-03
2.800000000000000000e+05 -3.623164307754710503e-03
2.850000000000000000e+05 -2.846469639526968617e-03
2.900000000000000000e+05 -2.624993655101518576e-05
2.950000000000000000e+05 5.434494263583371926e-04
3.000000000000000000e+05 7.447508666104476246e-05
3.050000000000000000e+05 -1.381863877688500105e-03
3.100000000000000000e+05 -1.845303278238281334e-03
3.150000000000000000e+05 -2.127241303534254790e-03
3.200000000000000000e+05 -2.284054377581950287e-03
3.250000000000000000e+05 -2.562445538941841676e-03
3.300000000000000000e+05 -3.245357668959614628e-03
3.350000000000000000e+05 -2.664524818877187125e-03
3.400000000000000000e+05 -2.596618822333548668e-03
3.450000000000000000e+05 -3.217076645358597428e-03
3.500000000000000000e+05 -3.524706965462645007e-03
3.550000000000000000e+05 -2.409454342062408889e-03
3.600000000000000000e+05 -1.188071300671099959e-03
3.650000000000000000e+05 -7.490812508005979201e-04
3.700000000000000000e+05 -1.108845791073196328e-03
3.750000000000000000e+05 -1.799273893942891604e-03
3.800000000000000000e+05 -1.796159254850136734e-03
3.850000000000000000e+05 -2.770824803664437373e-03
3.900000000000000000e+05 -1.112515200967986728e-03
3.950000000000000000e+05 -8.296877466800193146e-04
4.000000000000000000e+05 -1.882611837940020231e-04
4.050000000000000000e+05 1.792044340507398551e-03
4.100000000000000000e+05 3.457254654049049178e-03
4.150000000000000000e+05 2.814845643978921251e-03
4.200000000000000000e+05 3.775079319904199246e-03
4.250000000000000000e+05 3.992871510727660951e-03
4.300000000000000000e+05 1.536085109988593938e-03
4.350000000000000000e+05 1.350790013375895594e-03
4.400000000000000000e+05 2.509589015255499233e-04
4.450000000000000000e+05 2.278938654971236853e-04
4.500000000000000000e+05 -6.610058617683833154e-05
4.550000000000000000e+05 3.745142444630127662e-04
4.600000000000000000e+05 1.910406709864512350e-03
4.650000000000000000e+05 1.859767128174531553e-03
4.700000000000000000e+05 2.047753558243578021e-04
4.750000000000000000e+05 4.685829340567509386e-04
4.800000000000000000e+05 8.309843099885368990e-04
4.850000000000000000e+05 2.217481971380971632e-03
4.900000000000000000e+05 2.144248070959784130e-03
4.950000000000000000e+05 2.012987383287665431e-03
