1.000000000000000000e+01 1.396718386659391434e-04
2.000000000000000000e+01 1.522387931713680104e-04
3.000000000000000000e+01 1.564518751189624812e-04
4.000000000000000000e+01 1.584842934157486163e-04
5.000000000000000000e+01 1.600427120266605563e-04
6.000000000000000000e+01 1.609771851062908373e-04
7.000000000000000000e+01 1.603098643327207924e-04
8.000000000000000000e+01 1.607989309993747078e-04
9.000000000000000000e+01 1.619077862552925422e-04
1.000000000000000000e+02 1.619940848392702605e-04
2.000000000000000000e+02 1.641183146667269635e-04
3.000000000000000000e+02 1.623125604730644306e-04
4.000000000000000000e+02 1.608852207528518592e-04
5.000000000000000000e+02 1.605741419540953404e-04
6.000000000000000000e+02 1.606425479171061474e-04
7.000000000000000000e+02 1.552004523251216989e-04
8.000000000000000000e+02 1.611873919737529892e-04
9.000000000000000000e+02 1.578085676312502488e-04
1.000000000000000000e+03 1.572596212042325374e-04
1.200000000000000000e+03 1.582959207690408485e-04
1.400000000000000000e+03 1.551119763756942293e-04
1.600000000000000000e+03 1.617202395722708113e-04
1.800000000000000000e+03 1.617682831042672022e-04
2.000000000000000000e+03 1.559655021783083381e-04
2.200000000000000000e+03 1.574226063695379938e-04
2.400000000000000000e+03 1.590795376071337365e-04
2.600000000000000000e+03 1.565385822969827243e-04
2.800000000000000000e+03 1.521521872805038655e-04
3.000000000000000000e+03 1.572890280458319240e-04
3.200000000000000000e+03 1.625641673070208823e-04
3.400000000000000000e+03 1.610534699455084835e-04
3.600000000000000000e+03 1.644641973278738653e-04
3.800000000000000000e+03 1.728005972712807993e-04
4.000000000000000000e+03 1.587853365505155023e-04
4.200000000000000000e+03 1.668663883685446241e-04
4.400000000000000000e+03 1.541946274451408145e-04
4.600000000000000000e+03 1.507528748338547546e-04
4.800000000000000000e+03 1.605048447594366985e-04
5.000000000000000000e+03 1.578096797464130399e-04
