1.000000000000000000e+01 5.646285598460040744e-02 5.006923447662253035e-06
2.000000000000000000e+01 5.646285598460014377e-02 5.141375308650430907e-06
3.000000000000000000e+01 5.646289422516888312e-02 5.199677679160642745e-06
4.000000000000000000e+01 5.646285598460005356e-02 5.183065066655458333e-06
5.000000000000000000e+01 5.646285598459995642e-02 5.190231789761467260e-06
6.000000000000000000e+01 5.646289422516922313e-02 5.266767142269667914e-06
7.000000000000000000e+01 5.646289104972580797e-02 5.266782734982909275e-06
8.000000000000000000e+01 5.646285598459995642e-02 5.261397394765261028e-06
9.000000000000000000e+01 5.646289191899177273e-02 5.219475651408731132e-06
1.000000000000000000e+02 5.646285598459999111e-02 5.225662662998928061e-06
2.000000000000000000e+02 5.646285598460002580e-02 5.284341071647637973e-06
3.000000000000000000e+02 5.646284424909962102e-02 5.378030448211641691e-06
4.000000000000000000e+02 5.646285598460001193e-02 5.290898953971758062e-06
5.000000000000000000e+02 5.646285598460000499e-02 5.255457712840091337e-06
6.000000000000000000e+02 5.646284424909966959e-02 5.411404721277250880e-06
7.000000000000000000e+02 5.646284424909956551e-02 5.327546105921671038e-06
8.000000000000000000e+02 5.646285598459994948e-02 5.286243865169933951e-06
9.000000000000000000e+02 5.646275193733736597e-02 5.575034307620804026e-06
1.000000000000000000e+03 5.646285598460004662e-02 5.180573898464937204e-06
1.200000000000000000e+03 5.646276937459934753e-02 5.286947018131367431e-06
1.400000000000000000e+03 5.646284424909966265e-02 5.254373227025452082e-06
1.600000000000000000e+03 5.646276937459931977e-02 5.377787271363687660e-06
1.800000000000000000e+03 5.646287175912554496e-02 5.459411932378448671e-06
2.000000000000000000e+03 5.646285598460000499e-02 5.469346944749372928e-06
2.200000000000000000e+03 5.646272420204245801e-02 5.516782459355781219e-06
2.400000000000000000e+03 5.646276937459936140e-02 5.432054308398563627e-06
2.600000000000000000e+03 5.646276937459935447e-02 5.180892494553588448e-06
2.800000000000000000e+03 5.646297731962280492e-02 5.134862108000071085e-06
3.000000000000000000e+03 5.646287855060237032e-02 5.279350532803592366e-06
3.200000000000000000e+03 5.646276937459937528e-02 5.365278010076250507e-06
3.400000000000000000e+03 5.646284424909962796e-02 5.456615741459355936e-06
3.600000000000000000e+03 5.646308609420289115e-02 5.402595438029359352e-06
3.800000000000000000e+03 5.646291170731222719e-02 5.502503870133722046e-06
4.000000000000000000e+03 5.646285598460001193e-02 5.435749080852146119e-06
4.200000000000000000e+03 5.646284424909962102e-02 4.955004381911891639e-06
4.400000000000000000e+03 5.646292383728882674e-02 5.351404205485633664e-06
4.600000000000000000e+03 5.646308609420289809e-02 5.394461187117341701e-06
4.800000000000000000e+03 5.646276937459938222e-02 5.051615434320660337e-06
5.000000000000000000e+03 5.646285598459998417e-02 5.175753357619724624e-06
