           1   -0.414204   -0.414204           0
           2   -0.413033   -0.413619 0.000585685
           3   -0.415334    -0.41419  0.00066439
           4   -0.411933   -0.413626 0.000734225
           5   -0.415237   -0.413948 0.000653678
           6   -0.415553   -0.414216 0.000596987
           7   -0.413379   -0.414096 0.000518533
           8   -0.414515   -0.414149 0.000452098
           9   -0.415732   -0.414325  0.00043582
          10   -0.416274    -0.41452 0.000435834
          11   -0.415206   -0.414582 0.000399139
          12   -0.414846   -0.414604 0.000365028
          13   -0.409712   -0.414228 0.000504328
          14   -0.413487   -0.414175 0.000469905
          15   -0.411603   -0.414003 0.000469852
          16   -0.417331   -0.414211 0.000486223
          17   -0.412484    -0.41411  0.00046789
          18    -0.41104   -0.413939 0.000472944
          19   -0.406928    -0.41357 0.000579911
          20   -0.416704   -0.413727 0.000572034
