   0.0323165           0           0
   0.0969496           0           0
    0.161583           0           0
    0.226216           0           0
    0.290849           0           0
    0.355482           0           0
    0.420115           0           0
    0.484748           0           0
    0.549381           0           0
    0.614014           0           0
    0.678647           0           0
     0.74328           0           0
    0.807913           0           0
    0.872546           0           0
    0.937179    0.034599    0.034599
     1.00181     1.57457    0.246193
     1.06645     2.88599    0.323001
     1.13108     3.01704    0.272011
     1.19571     2.84857    0.243064
     1.26034     2.73617    0.211934
     1.32498     2.12952    0.213562
     1.38961     2.10922    0.155067
     1.45424     1.56661    0.116996
     1.51888     1.80506    0.124298
     1.58351     1.63649    0.156207
     1.64814     1.56662    0.129891
     1.71278     1.47135    0.131839
     1.77741     1.52987    0.107666
     1.84204     1.39753    0.127755
     1.90667      1.5218    0.134498
     1.97131     1.47841    0.104931
     2.03594     1.42271   0.0915959
     2.10057     1.55008     0.11479
     2.16521     1.44595   0.0903742
     2.22984     1.45506   0.0954987
     2.29447     1.37424   0.0849859
     2.35911     1.25082   0.0806175
     2.42374     1.36611   0.0831345
     2.48837     1.28134   0.0677553
     2.55301     1.44116   0.0717687
     2.61764     1.36644   0.0760018
     2.68227     1.41969   0.0954889
      2.7469     1.38187   0.0904222
     2.81154     1.49597   0.0651859
     2.87617     1.29353   0.0946928
      2.9408     1.41305   0.0710188
     3.00544     1.37312   0.0728231
     3.07007     1.43203    0.084443
      3.1347     1.32409   0.0751648
     3.19934     1.41963   0.0811806
     3.26397     1.33257   0.0463404
      3.3286     1.36638   0.0589005
     3.39323      1.4442   0.0590091
     3.45787     1.27631   0.0623751
      3.5225      1.2446   0.0531326
     3.58713     1.33009     0.06286
     3.65177     1.32218   0.0616142
      3.7164     1.33382   0.0561471
     3.78103     1.26735   0.0360602
     3.84567     1.32994    0.047089
      3.9103     1.40165   0.0511886
     3.97493     1.32758   0.0469217
     4.03957     1.18856   0.0476613
      4.1042     1.34814   0.0665697
     4.16883     1.32416   0.0354666
     4.23346     1.37224   0.0505265
      4.2981     1.34938   0.0470921
     4.36273     1.35601   0.0538263
     4.42736     1.41442   0.0618478
       4.492     1.27909    0.043691
     4.55663     1.34409   0.0489953
     4.62126      1.2669   0.0450382
      4.6859     1.32911   0.0395692
     4.75053     1.34303   0.0423857
     4.81516     1.29017   0.0397509
     4.87979     1.32899   0.0353637
     4.94443     1.32183   0.0451881
     5.00906     1.34246   0.0383305
     5.07369     1.37815   0.0355841
     5.13833     1.33679   0.0361985
     5.20296      1.3386   0.0367031
     5.26759     1.34649   0.0434903
     5.33223     1.31404   0.0312387
     5.39686     1.24727    0.025695
     5.46149     1.33411   0.0399677
     5.52612     1.35187   0.0329975
     5.59076     1.30231   0.0325027
     5.65539     1.31264   0.0411773
     5.72002     1.34075    0.037658
     5.78466     1.28461   0.0277162
     5.84929     1.26259   0.0253773
     5.91392      1.3212   0.0247783
     5.97856     1.30725   0.0249657
     6.04319     1.26778   0.0381038
     6.10782     1.28184   0.0309972
     6.17246      1.3429   0.0272077
     6.23709     1.27145    0.023328
     6.30172      1.3389   0.0323542
     6.36635      1.3171   0.0296769
     6.43099      1.3062   0.0333584
