           1   0.0323165           0
           1   0.0969496           0
           1    0.161583           0
           1    0.226216           0
           1    0.290849           0
           1    0.355482           0
           1    0.420115           0
           1    0.484748           0
           1    0.549381           0
           1    0.614014           0
           1    0.678647           0
           1     0.74328           0
           1    0.807913           0
           1    0.872546           0
           1    0.937179           0
           1     1.00181    0.605602
           1     1.06645     4.27554
           1     1.13108     2.37562
           1     1.19571     2.55096
           1     1.26034     2.29609
           1     1.32498     1.73132
           1     1.38961     1.25923
           1     1.45424     2.58706
           1     1.51888     1.84458
           1     1.58351    0.727328
           1     1.64814     1.34282
           1     1.71278     1.86509
           1     1.77741     1.92437
           1     1.84204    0.895854
           1     1.90667     1.67231
           1     1.97131    0.938672
           1     2.03594      1.0267
           1     2.10057     1.24006
           1     2.16521     2.20459
           1     2.22984     1.71183
           1     2.29447     1.38579
           1     2.35911     1.63863
           1     2.42374     1.13843
           1     2.48837     1.66918
           1     2.55301     1.95886
           1     2.61764     1.59714
           1     2.68227     1.09857
           1      2.7469     1.93381
           1     2.81154     1.46136
           1     2.87617     1.17593
           1      2.9408     1.47632
           1     3.00544     1.68275
           1     3.07007     0.90308
           1      3.1347    0.989971
           1     3.19934     1.42557
           1     3.26397     1.02725
           1      3.3286       1.317
           1     3.39323     1.63693
           1     3.45787     1.77971
           1      3.5225       1.078
           1     3.58713      1.0395
           1     3.65177     1.64133
           1      3.7164     1.40866
           1     3.78103     1.40344
           1     3.84567     1.39777
           1      3.9103     1.27242
           1     3.97493     1.15442
           1     4.03957     1.04325
           1      4.1042     0.97456
           1     4.16883     1.43436
           1     4.23346     1.79799
           1      4.2981     1.21773
           1     4.36273     1.37358
           1     4.42736     2.23329
           1       4.492     1.08474
           1     4.55663     1.22989
           1     4.62126     0.85409
           1      4.6859     1.21835
           1     4.75053     1.26625
           1     4.81516     1.54716
           1     4.87979     1.50644
           1     4.94443     1.16888
           1     5.00906     1.33277
           1     5.07369     1.58245
           1     5.13833      1.2205
           1     5.20296      1.3925
           1     5.26759     1.18324
           1     5.33223     1.15473
           1     5.39686     1.06462
           1     5.46149     1.52878
           1     5.52612     1.31404
           1     5.59076     1.14767
           1     5.65539      1.3497
           1     5.72002      1.1893
           1     5.78466     1.52627
           1     5.84929     1.27948
           1     5.91392     1.04305
           1     5.97856     1.51392
           1     6.04319    0.998907
           1     6.10782     1.01047
           1     6.17246     1.21284
           1     6.23709     1.04717
           1     6.30172     1.10235
           1     6.36635     1.41011
           1     6.43099     1.10259

           2   0.0323165           0
           2   0.0969496           0
           2    0.161583           0
           2    0.226216           0
           2    0.290849           0
           2    0.355482           0
           2    0.420115           0
           2    0.484748           0
           2    0.549381           0
           2    0.614014           0
           2    0.678647           0
           2     0.74328           0
           2    0.807913           0
           2    0.872546           0
           2    0.937179           0
           2     1.00181     1.81681
           2     1.06645     5.34442
           2     1.13108      1.9005
           2     1.19571      2.1258
           2     1.26034     2.29609
           2     1.32498     1.38506
           2     1.38961     2.20366
           2     1.45424     1.72471
           2     1.51888    0.527024
           2     1.58351     1.21221
           2     1.64814     2.23803
           2     1.71278    0.414465
           2     1.77741      2.1168
           2     1.84204     1.97088
           2     1.90667     1.17061
           2     1.97131     1.56445
           2     2.03594     2.05339
           2     2.10057      1.7912
           2     2.16521     2.33427
           2     2.22984     1.71183
           2     2.29447     1.38579
           2     2.35911     1.74787
           2     2.42374     1.44891
           2     2.48837     1.27644
           2     2.55301     1.39919
           2     2.61764     1.15349
           2     2.68227     1.69011
           2      2.7469     1.36978
           2     2.81154      1.6921
           2     2.87617     1.24943
           2      2.9408     1.75752
           2     3.00544    0.807718
           2     3.07007     1.48363
           2      3.1347     1.48496
           2     3.19934     1.24737
           2     3.26397     1.59795
           2      3.3286       1.317
           2     3.39323     1.42572
           2     3.45787     1.67801
           2      3.5225       1.127
           2     3.58713     1.70101
           2     3.65177     1.41337
           2      3.7164      1.4967
           2     3.78103     1.36091
           2     3.84567     1.56221
           2      3.9103     1.31218
           2     3.97493     1.88555
           2     4.03957     1.11777
           2      4.1042     1.87693
           2     4.16883     1.22445
           2     4.23346     1.45874
           2      4.2981    0.921527
           2     4.36273    0.958312
           2     4.42736     1.76802
           2       4.492     1.08474
           2     4.55663     1.61057
           2     4.62126     1.45195
           2      4.6859     1.55062
           2     4.75053      1.1046
           2     4.81516     1.18003
           2     4.87979     1.48091
           2     4.94443     1.64141
           2     5.00906     1.26007
           2     5.07369     1.22817
           2     5.13833     1.65804
           2     5.20296     1.43742
           2     5.26759     1.33663
           2     5.33223     1.38996
           2     5.39686     1.35686
           2     5.46149     1.81415
           2     5.52612     1.37377
           2     5.59076     1.32274
           2     5.65539     1.15961
           2     5.72002     1.48662
           2     5.78466     1.29006
           2     5.84929     1.19062
           2     5.91392     1.35597
           2     5.97856     1.20774
           2     6.04319     1.14874
           2     6.10782     1.41792
           2     6.17246      1.4203
           2     6.23709      1.3285
           2     6.30172     1.20953
           2     6.36635     1.38011
           2     6.43099     1.13199

           3   0.0323165           0
           3   0.0969496           0
           3    0.161583           0
           3    0.226216           0
           3    0.290849           0
           3    0.355482           0
           3    0.420115           0
           3    0.484748           0
           3    0.549381           0
           3    0.614014           0
           3    0.678647           0
           3     0.74328           0
           3    0.807913           0
           3    0.872546           0
           3    0.937179           0
           3     1.00181     2.42241
           3     1.06645     2.13777
           3     1.13108     4.27612
           3     1.19571     1.70064
           3     1.26034     3.82681
           3     1.32498    0.692528
           3     1.38961     3.14808
           3     1.45424     1.14981
           3     1.51888     1.84458
           3     1.58351     1.21221
           3     1.64814    0.895211
           3     1.71278     1.45063
           3     1.77741     1.15462
           3     1.84204      1.2542
           3     1.90667     2.34123
           3     1.97131     2.19024
           3     2.03594     1.17337
           3     2.10057     2.48012
           3     2.16521     1.16714
           3     2.22984    0.855915
           3     2.29447     1.73224
           3     2.35911     1.09242
           3     2.42374      1.6559
           3     2.48837     1.17825
           3     2.55301     0.93279
           3     2.61764     1.41968
           3     2.68227     1.01406
           3      2.7469     1.53094
           3     2.81154     1.07679
           3     2.87617    0.440975
           3      2.9408    0.843611
           3     3.00544    0.807718
           3     3.07007     2.19319
           3      3.1347     1.29934
           3     3.19934     1.30677
           3     3.26397      1.3126
           3      3.3286     1.26212
           3     3.39323     1.53133
           3     3.45787    0.966128
           3      3.5225       1.029
           3     3.58713     1.37026
           3     3.65177     1.36777
           3      3.7164     0.96845
           3     3.78103      1.1908
           3     3.84567     1.19222
           3      3.9103     1.55076
           3     3.97493     1.53922
           3     4.03957     1.41584
           3      4.1042     1.08284
           3     4.16883      1.3294
           3     4.23346     1.15342
           3      4.2981     1.61267
           3     4.36273     1.37358
           3     4.42736     1.33377
           3       4.492     1.29566
           3     4.55663     1.28845
           3     4.62126     1.48042
           3      4.6859     1.27373
           3     4.75053     1.69731
           3     4.81516     1.62583
           3     4.87979     1.35325
           3     4.94443     1.44245
           3     5.00906     1.55086
           3     5.07369     1.25179
           3     5.13833      1.0593
           3     5.20296     1.34758
           3     5.26759     1.13942
           3     5.33223     1.43273
           3     5.39686     1.10637
           3     5.46149     1.20264
           3     5.52612     1.51314
           3     5.59076     1.51726
           3     5.65539     1.17862
           3     5.72002      1.1893
           3     5.78466      1.3264
           3     5.84929     1.33279
           3     5.91392     1.28643
           3     5.97856     1.19073
           3     6.04319     1.08215
           3     6.10782     1.48312
           3     6.17246     1.35647
           3     6.23709     1.35976
           3     6.30172      1.1636
           3     6.36635     1.35011
           3     6.43099     1.14669

           4   0.0323165           0
           4   0.0969496           0
           4    0.161583           0
           4    0.226216           0
           4    0.290849           0
           4    0.355482           0
           4    0.420115           0
           4    0.484748           0
           4    0.549381           0
           4    0.614014           0
           4    0.678647           0
           4     0.74328           0
           4    0.807913           0
           4    0.872546           0
           4    0.937179           0
           4     1.00181      1.2112
           4     1.06645     2.13777
           4     1.13108      1.9005
           4     1.19571     1.27548
           4     1.26034     2.67877
           4     1.32498     2.07758
           4     1.38961     1.57404
           4     1.45424     2.29961
           4     1.51888     2.10809
           4     1.58351     1.21221
           4     1.64814     1.56662
           4     1.71278     2.07233
           4     1.77741    0.769747
           4     1.84204     1.79171
           4     1.90667       2.174
           4     1.97131     1.40801
           4     2.03594     1.32004
           4     2.10057      1.7912
           4     2.16521     1.03746
           4     2.22984      1.8341
           4     2.29447     1.73224
           4     2.35911      1.3109
           4     2.42374     1.03493
           4     2.48837     1.08006
           4     2.55301     1.11935
           4     2.61764     1.95205
           4     2.68227      1.5211
           4      2.7469     1.53094
           4     2.81154     1.23062
           4     2.87617     1.32293
           4      2.9408     1.33572
           4     3.00544     1.41351
           4     3.07007     2.06418
           4      3.1347     1.05184
           4     3.19934     1.48496
           4     3.26397     1.02725
           4      3.3286     1.04262
           4     3.39323     1.79535
           4     3.45787     1.27122
           4      3.5225       1.617
           4     3.58713     1.08675
           4     3.65177     1.13981
           4      3.7164     1.36463
           4     3.78103     1.31838
           4     3.84567     1.47999
           4      3.9103     1.67005
           4     3.97493     1.34682
           4     4.03957     1.56488
           4      4.1042      1.4077
           4     4.16883     1.43436
           4     4.23346     1.28912
           4      4.2981     1.64558
           4     4.36273     1.24581
           4     4.42736     1.39581
           4       4.492    0.934084
           4     4.55663     1.31774
           4     4.62126     1.05338
           4      4.6859     1.49524
           4     4.75053     1.53566
           4     4.81516     1.20626
           4     4.87979     1.40431
           4     4.94443     1.61654
           4     5.00906     1.11468
           4     5.07369     1.36989
           4     5.13833     1.17444
           4     5.20296     1.32512
           4     5.26759     1.64339
           4     5.33223     1.09058
           4     5.39686     1.35686
           4     5.46149     1.30456
           4     5.52612     1.27422
           4     5.59076     1.36164
           4     5.65539     1.59683
           4     5.72002     1.41229
           4     5.78466     1.43542
           4     5.84929     1.31502
           4     5.91392     1.28643
           4     5.97856     1.17372
           4     6.04319     1.49836
           4     6.10782     1.46682
           4     6.17246     1.43626
           4     6.23709     1.15658
           4     6.30172     1.45449
           4     6.36635     1.20009
           4     6.43099     1.36721

           5   0.0323165           0
           5   0.0969496           0
           5    0.161583           0
           5    0.226216           0
           5    0.290849           0
           5    0.355482           0
           5    0.420115           0
           5    0.484748           0
           5    0.549381           0
           5    0.614014           0
           5    0.678647           0
           5     0.74328           0
           5    0.807913           0
           5    0.872546           0
           5    0.937179     0.69198
           5     1.00181     1.81681
           5     1.06645    0.534442
           5     1.13108      1.9005
           5     1.19571     4.67676
           5     1.26034     1.14804
           5     1.32498     2.77011
           5     1.38961     1.88885
           5     1.45424     2.58706
           5     1.51888     2.10809
           5     1.58351     2.18198
           5     1.64814    0.895211
           5     1.71278    0.621698
           5     1.77741     2.30924
           5     1.84204      1.2542
           5     1.90667     1.17061
           5     1.97131     2.19024
           5     2.03594     1.90672
           5     2.10057     2.48012
           5     2.16521    0.907774
           5     2.22984     1.58956
           5     2.29447     1.50127
           5     2.35911    0.873934
           5     2.42374    0.931441
           5     2.48837     1.27644
           5     2.55301     2.14542
           5     2.61764     1.77459
           5     2.68227     1.69011
           5      2.7469     1.77266
           5     2.81154     1.53827
           5     2.87617     1.69041
           5      2.9408     1.05451
           5     3.00544     1.27889
           5     3.07007     1.03209
           5      3.1347     1.42308
           5     3.19934     1.66316
           5     3.26397     1.54088
           5      3.3286     1.42675
           5     3.39323     1.68974
           5     3.45787     1.27122
           5      3.5225       1.421
           5     3.58713     1.27576
           5     3.65177     1.13981
           5      3.7164     1.01247
           5     3.78103     1.27585
           5     3.84567      1.5211
           5      3.9103     1.23266
           5     3.97493      1.3853
           5     4.03957     1.11777
           5      4.1042     1.11894
           5     4.16883     1.29442
           5     4.23346      1.2552
           5      4.2981     1.21773
           5     4.36273     1.18192
           5     4.42736     1.36479
           5       4.492     1.47646
           5     4.55663     1.52272
           5     4.62126     1.33807
           5      4.6859     1.10759
           5     4.75053     1.48178
           5     4.81516     1.33737
           5     4.87979     1.17452
           5     4.94443     1.14401
           5     5.00906       1.357
           5     5.07369     1.15732
           5     5.13833     1.28958
           5     5.20296     1.32512
           5     5.26759     1.20516
           5     5.33223     1.24027
           5     5.39686     1.23162
           5     5.46149     1.30456
           5     5.52612     1.17467
           5     5.59076     1.67287
           5     5.65539     1.57782
           5     5.72002     1.41229
           5     5.78466     1.25372
           5     5.84929     1.36833
           5     5.91392      1.3212
           5     5.97856     1.20774
           5     6.04319    0.982259
           5     6.10782     1.28754
           5     6.17246     1.18093
           5     6.23709     1.43791
           5     6.30172     1.59229
           5     6.36635     1.14009
           5     6.43099     1.45541

           6   0.0323165           0
           6   0.0969496           0
           6    0.161583           0
           6    0.226216           0
           6    0.290849           0
           6    0.355482           0
           6    0.420115           0
           6    0.484748           0
           6    0.549381           0
           6    0.614014           0
           6    0.678647           0
           6     0.74328           0
           6    0.807913           0
           6    0.872546           0
           6    0.937179           0
           6     1.00181    0.605602
           6     1.06645     4.80998
           6     1.13108     6.17661
           6     1.19571      2.1258
           6     1.26034     3.44413
           6     1.32498     1.38506
           6     1.38961     3.14808
           6     1.45424     1.43726
           6     1.51888    0.527024
           6     1.58351     1.45466
           6     1.64814     1.11901
           6     1.71278     1.03616
           6     1.77741     1.73193
           6     1.84204    0.895854
           6     1.90667     1.00338
           6     1.97131     1.40801
           6     2.03594     1.17337
           6     2.10057     1.92898
           6     2.16521    0.907774
           6     2.22984     1.34501
           6     2.29447     1.50127
           6     2.35911      1.3109
           6     2.42374     1.86288
           6     2.48837    0.883686
           6     2.55301     1.58574
           6     2.61764    0.887297
           6     2.68227      1.6056
           6      2.7469     1.61151
           6     2.81154     1.38445
           6     2.87617     1.98439
           6      2.9408     1.26542
           6     3.00544     1.14427
           6     3.07007     1.67715
           6      3.1347     1.48496
           6     3.19934     1.36617
           6     3.26397     1.42674
           6      3.3286     1.42675
           6     3.39323     1.10889
           6     3.45787    0.762733
           6      3.5225       1.127
           6     3.58713     1.51201
           6     3.65177     1.41337
           6      3.7164     1.40866
           6     3.78103     1.23332
           6     3.84567     1.47999
           6      3.9103     1.27242
           6     3.97493     1.50074
           6     4.03957     1.41584
           6      4.1042     1.62427
           6     4.16883     1.43436
           6     4.23346     1.45874
           6      4.2981     1.48102
           6     4.36273     1.37358
           6     4.42736      1.2097
           6       4.492      1.2354
           6     4.55663     1.17132
           6     4.62126      1.3096
           6      4.6859     1.10759
           6     4.75053     1.21236
           6     4.81516     1.38982
           6     4.87979     1.30218
           6     4.94443      1.0694
           6     5.00906     1.16314
           6     5.07369     1.58245
           6     5.13833     1.58895
           6     5.20296     1.30266
           6     5.26759     1.64339
           6     5.33223     1.26165
           6     5.39686     1.37774
           6     5.46149     1.32494
           6     5.52612     1.51314
           6     5.59076     1.36164
           6     5.65539     1.08357
           6     5.72002     1.11497
           6     5.78466     1.23555
           6     5.84929     1.03069
           6     5.91392     1.25166
           6     5.97856     1.20774
           6     6.04319     1.24863
           6     6.10782     1.30384
           6     6.17246     1.26072
           6     6.23709     1.26598
           6     6.30172     1.39325
           6     6.36635      1.3351
           6     6.43099     1.42601

           7   0.0323165           0
           7   0.0969496           0
           7    0.161583           0
           7    0.226216           0
           7    0.290849           0
           7    0.355482           0
           7    0.420115           0
           7    0.484748           0
           7    0.549381           0
           7    0.614014           0
           7    0.678647           0
           7     0.74328           0
           7    0.807913           0
           7    0.872546           0
           7    0.937179           0
           7     1.00181     3.02801
           7     1.06645     3.74109
           7     1.13108      1.9005
           7     1.19571     3.40128
           7     1.26034     5.35753
           7     1.32498     1.03879
           7     1.38961     3.46289
           7     1.45424    0.574903
           7     1.51888     2.37161
           7     1.58351      1.6971
           7     1.64814     1.56662
           7     1.71278      1.2434
           7     1.77741     1.15462
           7     1.84204    0.895854
           7     1.90667     1.00338
           7     1.97131     1.87734
           7     2.03594     1.76005
           7     2.10057     1.24006
           7     2.16521     1.81555
           7     2.22984     1.95638
           7     2.29447     1.84772
           7     2.35911     1.20166
           7     2.42374      1.6559
           7     2.48837       1.571
           7     2.55301     1.30591
           7     2.61764     1.68587
           7     2.68227     1.18307
           7      2.7469     1.45036
           7     2.81154     1.23062
           7     2.87617     1.69041
           7      2.9408     1.82782
           7     3.00544     1.41351
           7     3.07007    0.967585
           7      3.1347     1.23746
           7     3.19934     1.48496
           7     3.26397     1.59795
           7      3.3286     1.15237
           7     3.39323     1.32011
           7     3.45787     1.32207
           7      3.5225       0.882
           7     3.58713     1.70101
           7     3.65177     1.00303
           7      3.7164     1.05649
           7     3.78103     1.02068
           7     3.84567    0.822218
           7      3.9103     1.39171
           7     3.97493      1.1929
           7     4.03957    0.894218
           7      4.1042     1.01066
           7     4.16883     1.25943
           7     4.23346     1.35697
           7      4.2981     1.31647
           7     4.36273     1.34164
           7     4.42736     1.64395
           7       4.492    0.964216
           7     4.55663     1.63985
           7     4.62126     1.11032
           7      4.6859     1.27373
           7     4.75053     1.26625
           7     4.81516     1.10137
           7     4.87979     1.30218
           7     4.94443     1.44245
           7     5.00906     1.50239
           7     5.07369     1.44074
           7     5.13833     1.31261
           7     5.20296     1.07807
           7     5.26759     1.22707
           7     5.33223     1.49688
           7     5.39686     1.08549
           7     5.46149     1.40647
           7     5.52612     1.33395
           7     5.59076     1.28383
           7     5.65539     1.40673
           7     5.72002     1.31938
           7     5.78466     1.41725
           7     5.84929     1.19062
           7     5.91392     1.25166
           7     5.97856     1.32681
           7     6.04319      1.0988
           7     6.10782     1.10826
           7     6.17246     1.51605
           7     6.23709     1.15658
           7     6.30172     1.11766
           7     6.36635     1.45511
           7     6.43099     1.14669

           8   0.0323165           0
           8   0.0969496           0
           8    0.161583           0
           8    0.226216           0
           8    0.290849           0
           8    0.355482           0
           8    0.420115           0
           8    0.484748           0
           8    0.549381           0
           8    0.614014           0
           8    0.678647           0
           8     0.74328           0
           8    0.807913           0
           8    0.872546           0
           8    0.937179           0
           8     1.00181           0
           8     1.06645     2.13777
           8     1.13108     4.75124
           8     1.19571     0.42516
           8     1.26034     3.06145
           8     1.32498     2.77011
           8     1.38961     1.25923
           8     1.45424     1.72471
           8     1.51888     2.10809
           8     1.58351     1.21221
           8     1.64814     2.46183
           8     1.71278     2.07233
           8     1.77741     1.73193
           8     1.84204      1.2542
           8     1.90667     1.33784
           8     1.97131      1.7209
           8     2.03594     1.76005
           8     2.10057    0.688922
           8     2.16521     1.55618
           8     2.22984     1.22274
           8     2.29447     1.15482
           8     2.35911     1.63863
           8     2.42374    0.724454
           8     2.48837     1.17825
           8     2.55301     1.21263
           8     2.61764    0.709838
           8     2.68227      1.6056
           8      2.7469     1.20863
           8     2.81154     1.30753
           8     2.87617    0.881951
           8      2.9408     1.61692
           8     3.00544     1.48082
           8     3.07007     1.80616
           8      3.1347     1.23746
           8     3.19934    0.950378
           8     3.26397     1.59795
           8      3.3286     1.48162
           8     3.39323      1.2145
           8     3.45787    0.915279
           8      3.5225       1.127
           8     3.58713     1.60651
           8     3.65177     1.09422
           8      3.7164     1.67278
           8     3.78103     1.14827
           8     3.84567     1.47999
           8      3.9103     1.23266
           8     3.97493     1.11594
           8     4.03957     1.11777
           8      4.1042     1.51598
           8     4.16883     1.25943
           8     4.23346     1.62836
           8      4.2981     1.25064
           8     4.36273      1.5333
           8     4.42736     1.08563
           8       4.492     1.50659
           8     4.55663     1.28845
           8     4.62126     1.16726
           8      4.6859     1.30142
           8     4.75053     1.40095
           8     4.81516     1.31115
           8     4.87979     1.27665
           8     4.94443     1.19375
           8     5.00906     1.67202
           8     5.07369     1.41712
           8     5.13833      1.2205
           8     5.20296     1.19036
           8     5.26759     1.62148
           8     5.33223     1.32581
           8     5.39686     1.12724
           8     5.46149     1.50839
           8     5.52612     1.41359
           8     5.59076     1.06986
           8     5.65539     1.40673
           8     5.72002     1.39371
           8     5.78466     1.18104
           8     5.84929     1.49272
           8     5.91392      1.3212
           8     5.97856     1.24176
           8     6.04319     1.39847
           8     6.10782     1.38533
           8     6.17246     1.30859
           8     6.23709     1.14095
           8     6.30172     1.36263
           8     6.36635     1.39511
           8     6.43099     1.36721

           9   0.0323165           0
           9   0.0969496           0
           9    0.161583           0
           9    0.226216           0
           9    0.290849           0
           9    0.355482           0
           9    0.420115           0
           9    0.484748           0
           9    0.549381           0
           9    0.614014           0
           9    0.678647           0
           9     0.74328           0
           9    0.807913           0
           9    0.872546           0
           9    0.937179           0
           9     1.00181    0.605602
           9     1.06645     2.67221
           9     1.13108     2.37562
           9     1.19571     2.55096
           9     1.26034     3.06145
           9     1.32498     3.80891
           9     1.38961     1.57404
           9     1.45424     1.43726
           9     1.51888     2.37161
           9     1.58351     1.93954
           9     1.64814     1.56662
           9     1.71278     1.65786
           9     1.77741     1.34706
           9     1.84204     1.61254
           9     1.90667    0.836153
           9     1.97131     1.25156
           9     2.03594      1.0267
           9     2.10057      1.7912
           9     2.16521      1.4265
           9     2.22984      2.3232
           9     2.29447     0.46193
           9     2.35911    0.546208
           9     2.42374      1.6559
           9     2.48837     1.76737
           9     2.55301     1.39919
           9     2.61764     1.06476
           9     2.68227    0.760548
           9      2.7469     2.41727
           9     2.81154     1.30753
           9     2.87617     1.54341
           9      2.9408     1.12481
           9     3.00544    0.807718
           9     3.07007     1.48363
           9      3.1347     1.23746
           9     3.19934     2.13835
           9     3.26397     1.14139
           9      3.3286    0.877997
           9     3.39323      1.2673
           9     3.45787     1.32207
           9      3.5225       1.176
           9     3.58713     1.32301
           9     3.65177     1.04863
           9      3.7164     1.05649
           9     3.78103     1.48849
           9     3.84567     1.02777
           9      3.9103     1.35195
           9     3.97493     1.53922
           9     4.03957     1.04325
           9      4.1042     1.19113
           9     4.16883     1.46934
           9     4.23346     1.15342
           9      4.2981     1.25064
           9     4.36273     1.78885
           9     4.42736     1.79904
           9       4.492     1.35593
           9     4.55663     1.08347
           9     4.62126     1.11032
           9      4.6859     1.19066
           9     4.75053     1.61648
           9     4.81516     1.41604
           9     4.87979     1.37878
           9     4.94443      1.5668
           9     5.00906     1.26007
           9     5.07369     1.58245
           9     5.13833     1.63501
           9     5.20296     1.45988
           9     5.26759     1.42428
           9     5.33223     1.34719
           9     5.39686     1.31512
           9     5.46149     1.32494
           9     5.52612     1.33395
           9     5.59076     1.26438
           9     5.65539     1.44475
           9     5.72002     1.35654
           9     5.78466     1.34457
           9     5.84929     1.20839
           9     5.91392     1.46027
           9     5.97856     1.20774
           9     6.04319     1.18204
           9     6.10782     1.32014
           9     6.17246     1.43626
           9     6.23709     1.39102
           9     6.30172     1.20953
           9     6.36635      1.2901
           9     6.43099     1.39661

          10   0.0323165           0
          10   0.0969496           0
          10    0.161583           0
          10    0.226216           0
          10    0.290849           0
          10    0.355482           0
          10    0.420115           0
          10    0.484748           0
          10    0.549381           0
          10    0.614014           0
          10    0.678647           0
          10     0.74328           0
          10    0.807913           0
          10    0.872546           0
          10    0.937179           0
          10     1.00181      1.2112
          10     1.06645     5.87886
          10     1.13108     3.80099
          10     1.19571     2.97612
          10     1.26034     2.29609
          10     1.32498     4.15517
          10     1.38961     2.51847
          10     1.45424     1.14981
          10     1.51888     2.89863
          10     1.58351     2.66687
          10     1.64814     1.34282
          10     1.71278     2.48679
          10     1.77741     1.53949
          10     1.84204    0.895854
          10     1.90667     2.00677
          10     1.97131     1.40801
          10     2.03594     1.61338
          10     2.10057     1.51563
          10     2.16521     1.29682
          10     2.22984     1.34501
          10     2.29447     1.61675
          10     2.35911     1.20166
          10     2.42374     1.86288
          10     2.48837     1.86556
          10     2.55301     1.21263
          10     2.61764     1.50841
          10     2.68227     1.26758
          10      2.7469    0.966907
          10     2.81154     1.53827
          10     2.87617     1.02894
          10      2.9408     1.12481
          10     3.00544      1.3462
          10     3.07007     1.54814
          10      3.1347     1.42308
          10     3.19934     1.78196
          10     3.26397     1.42674
          10      3.3286     1.86574
          10     3.39323     1.53133
          10     3.45787    0.915279
          10      3.5225       1.666
          10     3.58713       1.134
          10     3.65177     1.77811
          10      3.7164     1.45268
          10     3.78103     1.10574
          10     3.84567     1.31555
          10      3.9103     1.59053
          10     3.97493     1.34682
          10     4.03957     1.04325
          10      4.1042     1.80474
          10     4.16883     1.50432
          10     4.23346      1.2552
          10      4.2981     1.31647
          10     4.36273     1.62913
          10     4.42736     1.14766
          10       4.492     1.44632
          10     4.55663     1.11275
          10     4.62126     1.33807
          10      4.6859     1.24604
          10     4.75053     1.32013
          10     4.81516     1.23248
          10     4.87979     1.50644
          10     4.94443      1.5668
          10     5.00906     1.04198
          10     5.07369      1.3935
          10     5.13833     1.24353
          10     5.20296     1.68448
          10     5.26759     1.57766
          10     5.33223     1.41134
          10     5.39686     1.33599
          10     5.46149     1.36571
          10     5.52612     1.69232
          10     5.59076     1.26438
          10     5.65539     1.08357
          10     5.72002     1.05922
          10     5.78466     1.19921
          10     5.84929     1.31502
          10     5.91392     1.35597
          10     5.97856     1.32681
          10     6.04319     1.54831
          10     6.10782     1.28754
          10     6.17246     1.50009
          10     6.23709     1.26598
          10     6.30172     1.37794
          10     6.36635     1.20009
          10     6.43099     1.38191

          11   0.0323165           0
          11   0.0969496           0
          11    0.161583           0
          11    0.226216           0
          11    0.290849           0
          11    0.355482           0
          11    0.420115           0
          11    0.484748           0
          11    0.549381           0
          11    0.614014           0
          11    0.678647           0
          11     0.74328           0
          11    0.807913           0
          11    0.872546           0
          11    0.937179           0
          11     1.00181     2.42241
          11     1.06645     3.74109
          11     1.13108     4.27612
          11     1.19571     3.82644
          11     1.26034     2.67877
          11     1.32498     2.07758
          11     1.38961     2.20366
          11     1.45424     1.43726
          11     1.51888     2.10809
          11     1.58351     1.21221
          11     1.64814     2.23803
          11     1.71278     2.07233
          11     1.77741     1.34706
          11     1.84204      1.2542
          11     1.90667     1.33784
          11     1.97131     1.87734
          11     2.03594    0.880025
          11     2.10057      1.7912
          11     2.16521     1.68587
          11     2.22984    0.855915
          11     2.29447     1.15482
          11     2.35911     1.42014
          11     2.42374    0.827948
          11     2.48837    0.981873
          11     2.55301     1.67902
          11     2.61764     1.68587
          11     2.68227     2.61967
          11      2.7469     1.45036
          11     2.81154     1.53827
          11     2.87617     1.39642
          11      2.9408     1.26542
          11     3.00544     1.75006
          11     3.07007     1.35462
          11      3.1347     1.42308
          11     3.19934     1.54436
          11     3.26397     1.42674
          11      3.3286     1.48162
          11     3.39323     1.42572
          11     3.45787     1.32207
          11      3.5225       1.568
          11     3.58713     1.84276
          11     3.65177     1.09422
          11      3.7164     1.40866
          11     3.78103     1.57355
          11     3.84567      1.5211
          11      3.9103     1.43147
          11     3.97493      1.3853
          11     4.03957     1.49036
          11      4.1042     1.11894
          11     4.16883     1.50432
          11     4.23346     1.35697
          11      4.2981     1.34938
          11     4.36273     1.14997
          11     4.42736     1.30275
          11       4.492     1.17514
          11     4.55663     1.43487
          11     4.62126     1.33807
          11      4.6859     1.55062
          11     4.75053      1.1046
          11     4.81516     1.33737
          11     4.87979     1.58304
          11     4.94443     1.44245
          11     5.00906      1.4297
          11     5.07369     1.48798
          11     5.13833     1.33564
          11     5.20296      1.3925
          11     5.26759     1.20516
          11     5.33223     1.13335
          11     5.39686     1.37774
          11     5.46149     1.14149
          11     5.52612      1.2344
          11     5.59076      1.0115
          11     5.65539     1.12159
          11     5.72002     1.30079
          11     5.78466     1.07202
          11     5.84929     1.45718
          11     5.91392      1.3212
          11     5.97856     1.32681
          11     6.04319     1.38182
          11     6.10782     1.23865
          11     6.17246     1.29263
          11     6.23709     1.28161
          11     6.30172     1.43918
          11     6.36635      1.3351
          11     6.43099     1.60243

          12   0.0323165           0
          12   0.0969496           0
          12    0.161583           0
          12    0.226216           0
          12    0.290849           0
          12    0.355482           0
          12    0.420115           0
          12    0.484748           0
          12    0.549381           0
          12    0.614014           0
          12    0.678647           0
          12     0.74328           0
          12    0.807913           0
          12    0.872546           0
          12    0.937179           0
          12     1.00181           0
          12     1.06645     2.13777
          12     1.13108     2.37562
          12     1.19571     2.55096
          12     1.26034     2.29609
          12     1.32498     2.77011
          12     1.38961     1.88885
          12     1.45424     1.14981
          12     1.51888     1.84458
          12     1.58351     0.96977
          12     1.64814     1.11901
          12     1.71278      1.2434
          12     1.77741     1.15462
          12     1.84204     1.61254
          12     1.90667     1.50508
          12     1.97131     2.34668
          12     2.03594    0.733354
          12     2.10057    0.551138
          12     2.16521     1.68587
          12     2.22984     1.46728
          12     2.29447     1.15482
          12     2.35911     1.96635
          12     2.42374     1.44891
          12     2.48837     1.17825
          12     2.55301     1.30591
          12     2.61764     1.41968
          12     2.68227     1.18307
          12      2.7469    0.886331
          12     2.81154     1.46136
          12     2.87617     1.24943
          12      2.9408    0.913912
          12     3.00544     1.54813
          12     3.07007     0.90308
          12      3.1347    0.928098
          12     3.19934     1.30677
          12     3.26397     1.08432
          12      3.3286     1.70112
          12     3.39323     1.37291
          12     3.45787     1.57631
          12      3.5225       1.519
          12     3.58713    0.756003
          12     3.65177     1.27659
          12      3.7164     1.62876
          12     3.78103      1.1908
          12     3.84567     1.15111
          12      3.9103      1.0736
          12     3.97493     1.34682
          12     4.03957     1.22955
          12      4.1042     1.51598
          12     4.16883     1.43436
          12     4.23346     1.15342
          12      4.2981     1.51394
          12     4.36273     1.34164
          12     4.42736     1.45784
          12       4.492     1.26553
          12     4.55663     1.49343
          12     4.62126     1.25266
          12      4.6859     1.52293
          12     4.75053     1.26625
          12     4.81516     1.28493
          12     4.87979     1.37878
          12     4.94443     1.01966
          12     5.00906     1.62355
          12     5.07369     1.44074
          12     5.13833      1.2205
          12     5.20296      1.2802
          12     5.26759     1.02986
          12     5.33223     1.56103
          12     5.39686     1.27337
          12     5.46149     1.20264
          12     5.52612     1.39368
          12     5.59076     1.43945
          12     5.65539     1.48277
          12     5.72002     1.48662
          12     5.78466     1.36274
          12     5.84929     1.11954
          12     5.91392     1.25166
          12     5.97856     1.24176
          12     6.04319      1.0988
          12     6.10782     1.20605
          12     6.17246     1.56393
          12     6.23709     1.23472
          12     6.30172     1.48511
          12     6.36635      1.2751
          12     6.43099     1.33781

          13   0.0323165           0
          13   0.0969496           0
          13    0.161583           0
          13    0.226216           0
          13    0.290849           0
          13    0.355482           0
          13    0.420115           0
          13    0.484748           0
          13    0.549381           0
          13    0.614014           0
          13    0.678647           0
          13     0.74328           0
          13    0.807913           0
          13    0.872546           0
          13    0.937179           0
          13     1.00181     4.23921
          13     1.06645     1.60333
          13     1.13108     2.37562
          13     1.19571      4.2516
          13     1.26034     1.91341
          13     1.32498     1.38506
          13     1.38961     3.14808
          13     1.45424     1.72471
          13     1.51888     1.84458
          13     1.58351     0.96977
          13     1.64814     1.34282
          13     1.71278     2.07233
          13     1.77741     1.15462
          13     1.84204    0.537512
          13     1.90667     2.84292
          13     1.97131    0.938672
          13     2.03594     1.17337
          13     2.10057     1.92898
          13     2.16521     1.16714
          13     2.22984    0.978189
          13     2.29447     1.73224
          13     2.35911    0.983175
          13     2.42374     1.75939
          13     2.48837       1.571
          13     2.55301     1.21263
          13     2.61764     1.15349
          13     2.68227     2.02813
          13      2.7469     1.45036
          13     2.81154     1.99976
          13     2.87617     1.69041
          13      2.9408     1.75752
          13     3.00544      2.0193
          13     3.07007     1.29011
          13      3.1347     1.29934
          13     3.19934    0.712783
          13     3.26397     1.48381
          13      3.3286      1.0975
          13     3.39323    0.792065
          13     3.45787     1.27122
          13      3.5225       1.078
          13     3.58713     1.22851
          13     3.65177     1.73251
          13      3.7164     1.40866
          13     3.78103     1.36091
          13     3.84567     1.19222
          13      3.9103     1.47124
          13     3.97493     1.15442
          13     4.03957     1.30407
          13      4.1042     1.22722
          13     4.16883     1.04953
          13     4.23346     1.15342
          13      4.2981     1.48102
          13     4.36273    0.830537
          13     4.42736     1.48886
          13       4.492     1.05461
          13     4.55663     1.34702
          13     4.62126      1.5943
          13      4.6859     1.43987
          13     4.75053      1.2393
          13     4.81516     1.12759
          13     4.87979     1.07238
          13     4.94443      1.3181
          13     5.00906     1.13891
          13     5.07369      1.3935
          13     5.13833     1.28958
          13     5.20296     1.48234
          13     5.26759      1.2928
          13     5.33223     1.51826
          13     5.39686     1.27337
          13     5.46149     1.30456
          13     5.52612      1.2344
          13     5.59076     1.22548
          13     5.65539     1.27367
          13     5.72002      1.1893
          13     5.78466     1.16287
          13     5.84929     1.19062
          13     5.91392     1.44289
          13     5.97856     1.37784
          13     6.04319     1.24863
          13     6.10782     1.02677
          13     6.17246     1.34051
          13     6.23709     1.35976
          13     6.30172     1.17891
          13     6.36635     1.54512
          13     6.43099     1.52892

          14   0.0323165           0
          14   0.0969496           0
          14    0.161583           0
          14    0.226216           0
          14    0.290849           0
          14    0.355482           0
          14    0.420115           0
          14    0.484748           0
          14    0.549381           0
          14    0.614014           0
          14    0.678647           0
          14     0.74328           0
          14    0.807913           0
          14    0.872546           0
          14    0.937179           0
          14     1.00181     3.02801
          14     1.06645     2.13777
          14     1.13108     2.37562
          14     1.19571     2.97612
          14     1.26034     3.44413
          14     1.32498     2.77011
          14     1.38961     1.88885
          14     1.45424     1.72471
          14     1.51888     1.84458
          14     1.58351     3.15175
          14     1.64814     1.79042
          14     1.71278     1.03616
          14     1.77741     1.34706
          14     1.84204     1.61254
          14     1.90667     2.50846
          14     1.97131     1.09512
          14     2.03594     1.32004
          14     2.10057     1.24006
          14     2.16521     1.81555
          14     2.22984    0.855915
          14     2.29447     1.27031
          14     2.35911    0.983175
          14     2.42374     1.24192
          14     2.48837    0.785499
          14     2.55301     1.86558
          14     2.61764     1.06476
          14     2.68227     1.77461
          14      2.7469     1.20863
          14     2.81154     1.30753
          14     2.87617     1.02894
          14      2.9408     1.40602
          14     3.00544     1.27889
          14     3.07007     1.48363
          14      3.1347     1.67058
          14     3.19934     1.42557
          14     3.26397      1.3126
          14      3.3286    0.932872
          14     3.39323     1.68974
          14     3.45787    0.915279
          14      3.5225       1.176
          14     3.58713      1.0395
          14     3.65177     1.00303
          14      3.7164     1.54072
          14     3.78103    0.978153
          14     3.84567     1.15111
          14      3.9103     1.55076
          14     3.97493     1.46226
          14     4.03957     1.30407
          14      4.1042     1.58817
          14     4.16883     1.18947
          14     4.23346     1.59444
          14      4.2981     1.34938
          14     4.36273     1.59719
          14     4.42736     1.39581
          14       4.492     1.26553
          14     4.55663     0.96634
          14     4.62126    0.967968
          14      4.6859     1.38449
          14     4.75053     1.40095
          14     4.81516     1.07514
          14     4.87979     1.02132
          14     4.94443     1.26836
          14     5.00906     1.16314
          14     5.07369     1.44074
          14     5.13833     1.24353
          14     5.20296     1.48234
          14     5.26759     1.13942
          14     5.33223     1.45411
          14     5.39686     1.18987
          14     5.46149     1.38609
          14     5.52612      1.2344
          14     5.59076     1.38109
          14     5.65539     1.44475
          14     5.72002     1.59812
          14     5.78466     1.47176
          14     5.84929     1.26171
          14     5.91392     1.47766
          14     5.97856     1.46289
          14     6.04319     1.43177
          14     6.10782     1.15716
          14     6.17246     1.37243
          14     6.23709     1.18784
          14     6.30172     1.40856
          14     6.36635     1.17009
          14     6.43099     1.17609

          15   0.0323165           0
          15   0.0969496           0
          15    0.161583           0
          15    0.226216           0
          15    0.290849           0
          15    0.355482           0
          15    0.420115           0
          15    0.484748           0
          15    0.549381           0
          15    0.614014           0
          15    0.678647           0
          15     0.74328           0
          15    0.807913           0
          15    0.872546           0
          15    0.937179           0
          15     1.00181      1.2112
          15     1.06645     2.67221
          15     1.13108     2.37562
          15     1.19571     3.40128
          15     1.26034     2.29609
          15     1.32498     1.73132
          15     1.38961     1.25923
          15     1.45424     2.01216
          15     1.51888     1.58107
          15     1.58351     1.21221
          15     1.64814     1.79042
          15     1.71278     1.45063
          15     1.77741     1.53949
          15     1.84204     2.86673
          15     1.90667     1.17061
          15     1.97131     1.87734
          15     2.03594     1.17337
          15     2.10057     1.37784
          15     2.16521     1.16714
          15     2.22984     1.58956
          15     2.29447     1.84772
          15     2.35911    0.764692
          15     2.42374     1.03493
          15     2.48837     1.17825
          15     2.55301     1.49246
          15     2.61764     1.41968
          15     2.68227     1.43659
          15      2.7469     1.45036
          15     2.81154     1.23062
          15     2.87617     1.10244
          15      2.9408     1.47632
          15     3.00544     1.54813
          15     3.07007     1.74165
          15      3.1347     1.48496
          15     3.19934    0.950378
          15     3.26397     1.25553
          15      3.3286     1.42675
          15     3.39323      1.2673
          15     3.45787     1.42377
          15      3.5225       1.029
          15     3.58713       1.134
          15     3.65177     1.50455
          15      3.7164     1.67278
          15     3.78103     1.44597
          15     3.84567     1.43888
          15      3.9103     1.43147
          15     3.97493     1.11594
          15     4.03957    0.745181
          15      4.1042     1.11894
          15     4.16883     1.57429
          15     4.23346     1.49267
          15      4.2981     1.08608
          15     4.36273     1.34164
          15     4.42736     1.24072
          15       4.492     1.35593
          15     4.55663     1.43487
          15     4.62126     1.67971
          15      4.6859     1.49524
          15     4.75053     1.26625
          15     4.81516     1.41604
          15     4.87979     1.45538
          15     4.94443      1.3181
          15     5.00906     1.30854
          15     5.07369     1.58245
          15     5.13833     1.40472
          15     5.20296     1.32512
          15     5.26759     1.38045
          15     5.33223      1.1975
          15     5.39686     1.00199
          15     5.46149     1.01918
          15     5.52612      1.4335
          15     5.59076     1.30328
          15     5.65539      1.3307
          15     5.72002     1.56095
          15     5.78466     1.25372
          15     5.84929     1.22616
          15     5.91392     1.18213
          15     5.97856     1.20774
          15     6.04319     1.23199
          15     6.10782     1.23865
          15     6.17246     1.30859
          15     6.23709     1.29724
          15     6.30172     1.42387
          15     6.36635    0.960075
          15     6.43099      1.2349

          16   0.0323165           0
          16   0.0969496           0
          16    0.161583           0
          16    0.226216           0
          16    0.290849           0
          16    0.355482           0
          16    0.420115           0
          16    0.484748           0
          16    0.549381           0
          16    0.614014           0
          16    0.678647           0
          16     0.74328           0
          16    0.807913           0
          16    0.872546           0
          16    0.937179           0
          16     1.00181     1.81681
          16     1.06645     1.06888
          16     1.13108     3.80099
          16     1.19571     3.82644
          16     1.26034     3.82681
          16     1.32498     1.38506
          16     1.38961     1.25923
          16     1.45424     1.43726
          16     1.51888     1.84458
          16     1.58351     0.96977
          16     1.64814     1.56662
          16     1.71278      1.2434
          16     1.77741     2.69412
          16     1.84204     1.07502
          16     1.90667     1.50508
          16     1.97131     1.09512
          16     2.03594     1.90672
          16     2.10057     1.24006
          16     2.16521     1.29682
          16     2.22984     1.95638
          16     2.29447     1.61675
          16     2.35911     1.20166
          16     2.42374      1.5524
          16     2.48837     1.17825
          16     2.55301     1.67902
          16     2.61764     1.06476
          16     2.68227     1.26758
          16      2.7469     1.28921
          16     2.81154     1.99976
          16     2.87617     1.10244
          16      2.9408     1.47632
          16     3.00544     1.54813
          16     3.07007      1.1611
          16      3.1347     1.79432
          16     3.19934     2.19775
          16     3.26397    0.970182
          16      3.3286     1.59137
          16     3.39323     1.79535
          16     3.45787     1.57631
          16      3.5225       1.323
          16     3.58713     1.46476
          16     3.65177       1.231
          16      3.7164     1.14453
          16     3.78103     1.48849
          16     3.84567     1.35666
          16      3.9103     1.78934
          16     3.97493      1.3853
          16     4.03957     1.26681
          16      4.1042     1.80474
          16     4.16883     1.46934
          16     4.23346     1.93368
          16      4.2981     1.05317
          16     4.36273     1.27775
          16     4.42736     1.36479
          16       4.492     1.59698
          16     4.55663     1.49343
          16     4.62126     1.19573
          16      4.6859     1.52293
          16     4.75053     1.15848
          16     4.81516     1.12759
          16     4.87979     1.12345
          16     4.94443     1.41758
          16     5.00906     1.47816
          16     5.07369     1.08646
          16     5.13833     1.35867
          16     5.20296     1.54972
          16     5.26759     1.62148
          16     5.33223      1.1975
          16     5.39686     1.29424
          16     5.46149     1.40647
          16     5.52612     1.45341
          16     5.59076     1.26438
          16     5.65539     1.17862
          16     5.72002     1.15213
          16     5.78466     1.05385
          16     5.84929     1.27948
          16     5.91392      1.3212
          16     5.97856     1.42887
          16     6.04319     1.34852
          16     6.10782     1.22235
          16     6.17246     1.19688
          16     6.23709     1.31287
          16     6.30172     1.56167
          16     6.36635      1.3051
          16     6.43099     1.41131

          17   0.0323165           0
          17   0.0969496           0
          17    0.161583           0
          17    0.226216           0
          17    0.290849           0
          17    0.355482           0
          17    0.420115           0
          17    0.484748           0
          17    0.549381           0
          17    0.614014           0
          17    0.678647           0
          17     0.74328           0
          17    0.807913           0
          17    0.872546           0
          17    0.937179           0
          17     1.00181    0.605602
          17     1.06645     3.20665
          17     1.13108     2.37562
          17     1.19571     1.70064
          17     1.26034     3.06145
          17     1.32498     2.07758
          17     1.38961     2.51847
          17     1.45424     1.14981
          17     1.51888     1.58107
          17     1.58351     2.18198
          17     1.64814     1.11901
          17     1.71278     2.07233
          17     1.77741    0.962184
          17     1.84204     2.32922
          17     1.90667     2.00677
          17     1.97131     1.09512
          17     2.03594     1.76005
          17     2.10057      1.7912
          17     2.16521     1.03746
          17     2.22984      1.8341
          17     2.29447     1.27031
          17     2.35911     1.74787
          17     2.42374     1.24192
          17     2.48837     1.66918
          17     2.55301     1.58574
          17     2.61764     1.41968
          17     2.68227    0.845053
          17      2.7469     1.36978
          17     2.81154     1.53827
          17     2.87617     2.05788
          17      2.9408     1.61692
          17     3.00544     1.54813
          17     3.07007     1.74165
          17      3.1347     2.04182
          17     3.19934     1.18797
          17     3.26397     1.19846
          17      3.3286       1.317
          17     3.39323     1.74254
          17     3.45787     1.22037
          17      3.5225       1.078
          17     3.58713     1.70101
          17     3.65177     1.73251
          17      3.7164     1.18855
          17     3.78103      1.1908
          17     3.84567     1.19222
          17      3.9103     1.35195
          17     3.97493     1.34682
          17     4.03957    0.931477
          17      4.1042     1.01066
          17     4.16883     1.15448
          17     4.23346     1.18735
          17      4.2981     1.74432
          17     4.36273     1.46941
          17     4.42736     1.45784
          17       4.492     1.35593
          17     4.55663     1.28845
          17     4.62126     1.39501
          17      4.6859     1.13528
          17     4.75053     1.75119
          17     4.81516    0.996474
          17     4.87979     1.27665
          17     4.94443     1.19375
          17     5.00906      1.2843
          17     5.07369     1.36989
          17     5.13833      1.2205
          17     5.20296     1.37004
          17     5.26759     1.49001
          17     5.33223     1.36857
          17     5.39686     1.25249
          17     5.46149     1.52878
          17     5.52612     1.07512
          17     5.59076     1.26438
          17     5.65539     1.55881
          17     5.72002     1.28221
          17     5.78466     1.23555
          17     5.84929     1.31502
          17     5.91392     1.51243
          17     5.97856      1.3098
          17     6.04319     1.21534
          17     6.10782     1.33643
          17     6.17246     1.26072
          17     6.23709     1.43791
          17     6.30172     1.20953
          17     6.36635     1.35011
          17     6.43099      1.2937

          18   0.0323165           0
          18   0.0969496           0
          18    0.161583           0
          18    0.226216           0
          18    0.290849           0
          18    0.355482           0
          18    0.420115           0
          18    0.484748           0
          18    0.549381           0
          18    0.614014           0
          18    0.678647           0
          18     0.74328           0
          18    0.807913           0
          18    0.872546           0
          18    0.937179           0
          18     1.00181      1.2112
          18     1.06645     1.06888
          18     1.13108     4.27612
          18     1.19571      4.2516
          18     1.26034     1.53072
          18     1.32498     1.03879
          18     1.38961     1.88885
          18     1.45424     1.72471
          18     1.51888     1.84458
          18     1.58351     2.90931
          18     1.64814    0.447605
          18     1.71278      1.2434
          18     1.77741     1.92437
          18     1.84204     1.79171
          18     1.90667     1.17061
          18     1.97131     1.40801
          18     2.03594      1.0267
          18     2.10057     1.10228
          18     2.16521     1.55618
          18     2.22984    0.978189
          18     2.29447     1.50127
          18     2.35911     1.20166
          18     2.42374     1.03493
          18     2.48837     1.17825
          18     2.55301     1.11935
          18     2.61764     1.77459
          18     2.68227     1.35209
          18      2.7469    0.644605
          18     2.81154     1.15371
          18     2.87617     1.61691
          18      2.9408     1.33572
          18     3.00544     1.61544
          18     3.07007     0.90308
          18      3.1347     1.17559
          18     3.19934     1.66316
          18     3.26397      1.3126
          18      3.3286     1.70112
          18     3.39323     1.42572
          18     3.45787     1.16952
          18      3.5225        0.98
          18     3.58713     1.32301
          18     3.65177     1.68692
          18      3.7164      1.7168
          18     3.78103     1.10574
          18     3.84567     1.56221
          18      3.9103     1.67005
          18     3.97493    0.923534
          18     4.03957     1.22955
          18      4.1042     1.55208
          18     4.16883     1.25943
          18     4.23346      1.1195
          18      4.2981     1.57976
          18     4.36273     1.78885
          18     4.42736     1.05461
          18       4.492     1.14501
          18     4.55663    0.995623
          18     4.62126     1.25266
          18      4.6859     1.52293
          18     4.75053     1.18542
          18     4.81516     1.10137
          18     4.87979     1.53198
          18     4.94443     1.16888
          18     5.00906      1.4297
          18     5.07369     1.34627
          18     5.13833     1.51987
          18     5.20296     1.25774
          18     5.26759     1.20516
          18     5.33223     1.32581
          18     5.39686     1.25249
          18     5.46149      1.1211
          18     5.52612     1.21449
          18     5.59076     1.26438
          18     5.65539     1.12159
          18     5.72002     1.22646
          18     5.78466     1.27189
          18     5.84929     1.31502
          18     5.91392      1.4255
          18     5.97856     1.29279
          18     6.04319     1.46506
          18     6.10782     1.23865
          18     6.17246     1.45222
          18     6.23709     1.18784
          18     6.30172     1.40856
          18     6.36635     1.41011
          18     6.43099     1.36721

          19   0.0323165           0
          19   0.0969496           0
          19    0.161583           0
          19    0.226216           0
          19    0.290849           0
          19    0.355482           0
          19    0.420115           0
          19    0.484748           0
          19    0.549381           0
          19    0.614014           0
          19    0.678647           0
          19     0.74328           0
          19    0.807913           0
          19    0.872546           0
          19    0.937179           0
          19     1.00181      1.2112
          19     1.06645     2.67221
          19     1.13108      1.9005
          19     1.19571     3.40128
          19     1.26034     1.91341
          19     1.32498     3.46264
          19     1.38961     1.88885
          19     1.45424     1.43726
          19     1.51888     1.31756
          19     1.58351     1.45466
          19     1.64814     2.68563
          19     1.71278     1.65786
          19     1.77741     1.53949
          19     1.84204    0.716683
          19     1.90667     1.00338
          19     1.97131     1.25156
          19     2.03594     1.61338
          19     2.10057     1.92898
          19     2.16521     1.16714
          19     2.22984     1.10046
          19     2.29447    0.577412
          19     2.35911    0.983175
          19     2.42374     1.24192
          19     2.48837     1.17825
          19     2.55301     1.02607
          19     2.61764    0.976027
          19     2.68227     1.09857
          19      2.7469     1.36978
          19     2.81154     1.99976
          19     2.87617    0.587967
          19      2.9408     2.10903
          19     3.00544     1.00965
          19     3.07007     1.48363
          19      3.1347    0.433112
          19     3.19934     1.36617
          19     3.26397      1.3126
          19      3.3286     1.64625
          19     3.39323     1.68974
          19     3.45787     1.57631
          19      3.5225       1.568
          19     3.58713     1.22851
          19     3.65177    0.957442
          19      3.7164     1.01247
          19     3.78103     1.23332
          19     3.84567     1.15111
          19      3.9103    0.795263
          19     3.97493     1.30834
          19     4.03957     1.41584
          19      4.1042     1.01066
          19     4.16883     1.01454
          19     4.23346     1.32305
          19      4.2981     1.21773
          19     4.36273     1.21386
          19     4.42736     1.24072
          19       4.492     1.59698
          19     4.55663     1.81555
          19     4.62126     1.16726
          19      4.6859     1.27373
          19     4.75053     1.18542
          19     4.81516     1.41604
          19     4.87979     1.20005
          19     4.94443     1.46732
          19     5.00906       1.357
          19     5.07369     1.36989
          19     5.13833     1.26655
          19     5.20296     1.03315
          19     5.26759     1.35854
          19     5.33223     1.13335
          19     5.39686     1.29424
          19     5.46149     1.14149
          19     5.52612     1.27422
          19     5.59076     1.38109
          19     5.65539     1.44475
          19     5.72002     1.41229
          19     5.78466     1.36274
          19     5.84929       1.084
          19     5.91392     1.33858
          19     5.97856     1.34382
          19     6.04319     1.48171
          19     6.10782     1.45052
          19     6.17246     1.10113
          19     6.23709     1.34413
          19     6.30172     1.28608
          19     6.36635     1.38011
          19     6.43099     1.14669

          20   0.0323165           0
          20   0.0969496           0
          20    0.161583           0
          20    0.226216           0
          20    0.290849           0
          20    0.355482           0
          20    0.420115           0
          20    0.484748           0
          20    0.549381           0
          20    0.614014           0
          20    0.678647           0
          20     0.74328           0
          20    0.807913           0
          20    0.872546           0
          20    0.937179           0
          20     1.00181     2.42241
          20     1.06645     3.74109
          20     1.13108     2.85074
          20     1.19571     2.97612
          20     1.26034     2.29609
          20     1.32498     2.07758
          20     1.38961     2.20366
          20     1.45424    0.862355
          20     1.51888     1.58107
          20     1.58351     2.18198
          20     1.64814     2.23803
          20     1.71278    0.414465
          20     1.77741     1.15462
          20     1.84204     1.43337
          20     1.90667    0.668922
          20     1.97131    0.625782
          20     2.03594     2.05339
          20     2.10057     1.10228
          20     2.16521     1.68587
          20     2.22984     1.58956
          20     2.29447     1.03934
          20     2.35911     1.20166
          20     2.42374     1.96638
          20     2.48837    0.981873
          20     2.55301     1.58574
          20     2.61764     1.59714
          20     2.68227     1.35209
          20      2.7469     0.72518
          20     2.81154     1.92284
          20     2.87617     1.02894
          20      2.9408     1.47632
          20     3.00544     1.41351
          20     3.07007     1.41913
          20      3.1347     1.36121
          20     3.19934     1.18797
          20     3.26397     1.59795
          20      3.3286     1.26212
          20     3.39323      1.1617
          20     3.45787     1.27122
          20      3.5225       1.323
          20     3.58713       1.134
          20     3.65177      1.1854
          20      3.7164     1.05649
          20     3.78103     1.23332
          20     3.84567     1.60333
          20      3.9103     1.59053
          20     3.97493     1.11594
          20     4.03957     1.08051
          20      4.1042      1.4077
          20     4.16883     1.18947
          20     4.23346     1.32305
          20      4.2981     1.38229
          20     4.36273     1.30969
          20     4.42736     1.30275
          20       4.492     1.38606
          20     4.55663     1.34702
          20     4.62126     1.28113
          20      4.6859     0.96914
          20     4.75053     1.40095
          20     4.81516     1.57338
          20     4.87979     1.25111
          20     4.94443    0.969922
          20     5.00906     1.38123
          20     5.07369     1.03922
          20     5.13833     1.47381
          20     5.20296     1.05561
          20     5.26759     1.20516
          20     5.33223     1.24027
          20     5.39686     1.37774
          20     5.46149     1.34532
          20     5.52612     1.55295
          20     5.59076     1.24493
          20     5.65539     1.00753
          20     5.72002     1.67245
          20     5.78466     1.23555
          20     5.84929     1.27948
          20     5.91392     1.21689
          20     5.97856     1.54794
          20     6.04319     1.26528
          20     6.10782     1.45052
          20     6.17246     1.34051
          20     6.23709     1.23472
          20     6.30172     1.39325
          20     6.36635     1.45511
          20     6.43099     1.10259

