0  -0.41061531  0
1  -0.415182879  0.00322975904
2  -0.411184695  0.0039106438
3  -0.413319682  0.00346713389
4  -0.417378727  0.00456882084
5  -0.410681779  0.00720209518
6  -0.408918448  0.0063854402
7  -0.404219363  0.00710905741
8  -0.405372831  0.0064120563
9  -0.404669749  0.00580926921
10  -0.402180727  0.00578987186
11  -0.40022613  0.00562764495
12  -0.398672852  0.00540485895
13  -0.398804616  0.00502040346
14  -0.40048871  0.00496013827
15  -0.401626345  0.00477881071
16  -0.400936425  0.00454723369
17  -0.401274024  0.00430712355
18  -0.400065048  0.00424671968
19  -0.399929601  0.00403654312
