   0.0323165           0           0
   0.0969496           0           0
    0.161583           0           0
    0.226216           0           0
    0.290849           0           0
    0.355482           0           0
    0.420115           0           0
    0.484748           0           0
    0.549381           0           0
    0.614014           0           0
    0.678647           0           0
     0.74328           0           0
    0.807913           0           0
    0.872546   0.0013038 0.000328671
    0.937179     0.20162   0.0068408
     1.00181     1.39422   0.0229787
     1.06645     2.63234   0.0355079
     1.13108      2.8748   0.0522574
     1.19571     2.60695   0.0464423
     1.26034     2.28991   0.0352014
     1.32498     2.05726   0.0267051
     1.38961     1.87116   0.0269453
     1.45424     1.77252   0.0227962
     1.51888     1.68265   0.0188871
     1.58351     1.59422   0.0185321
     1.64814     1.50163   0.0228657
     1.71278     1.44836   0.0201973
     1.77741     1.43091   0.0200849
     1.84204     1.41762   0.0152301
     1.90667     1.39938   0.0168427
     1.97131     1.39273   0.0183429
     2.03594     1.39487   0.0193817
     2.10057     1.37591   0.0152846
     2.16521     1.37319   0.0105063
     2.22984     1.37306   0.0145662
     2.29447     1.37562   0.0111288
     2.35911     1.35123   0.0119336
     2.42374     1.35867   0.0142621
     2.48837     1.35773   0.0121202
     2.55301     1.34435   0.0113605
     2.61764     1.34405  0.00826828
     2.68227     1.34535  0.00800374
      2.7469     1.34344   0.0084381
     2.81154     1.34118    0.010577
     2.87617     1.33983  0.00807355
      2.9408     1.33013    0.011049
     3.00544     1.32953  0.00940383
     3.07007     1.33903   0.0102314
      3.1347      1.3282  0.00651516
     3.19934     1.31766  0.00950431
     3.26397     1.31831  0.00959494
      3.3286     1.31948  0.00848922
     3.39323       1.313  0.00862399
     3.45787     1.30754    0.008318
      3.5225     1.30958  0.00978956
     3.58713     1.30829  0.00706065
     3.65177     1.31589   0.0071635
      3.7164     1.31379   0.0064823
     3.78103      1.3177  0.00763467
     3.84567     1.31634  0.00606721
      3.9103      1.3154  0.00640581
     3.97493     1.32314  0.00654129
     4.03957     1.31676  0.00558506
      4.1042      1.3163  0.00634103
     4.16883     1.31453  0.00621898
     4.23346     1.30442  0.00654407
      4.2981     1.30797  0.00648785
     4.36273     1.30711  0.00832459
     4.42736     1.30665  0.00816346
       4.492     1.30968  0.00753371
     4.55663     1.30956  0.00738726
     4.62126     1.30213  0.00686262
      4.6859     1.30787  0.00761447
     4.75053     1.31332  0.00718797
     4.81516     1.31238  0.00731784
     4.87979     1.31306  0.00778352
     4.94443     1.31872  0.00617614
     5.00906     1.32573  0.00615987
     5.07369     1.31945  0.00575922
     5.13833     1.32812  0.00526128
     5.20296     1.31647  0.00563157
     5.26759     1.31543  0.00584997
     5.33223     1.32066  0.00571549
     5.39686     1.31856  0.00479263
     5.46149     1.31215  0.00463423
     5.52612     1.31311  0.00572276
     5.59076     1.31511  0.00626702
     5.65539     1.31769  0.00709132
     5.72002     1.32002  0.00638094
     5.78466     1.32145  0.00499084
     5.84929     1.32017  0.00583007
     5.91392     1.32197  0.00575092
     5.97856      1.3172  0.00596234
     6.04319     1.32053  0.00626068
     6.10782     1.31682  0.00611705
     6.17246     1.31768  0.00621944
     6.23709     1.32082  0.00506894
     6.30172     1.31242  0.00578643
     6.36635     1.31308  0.00497559
     6.43099     1.31567  0.00577251
