0  0.0507913554  0
1  0.051990947  0.00084823933
2  0.051517686  0.000684908411
3  0.0504068242  0.00109058649
4  0.0504461848  0.000873179195
5  0.0501072879  0.000790685029
6  0.0497910356  0.000738272014
7  0.0496656719  0.000656545557
8  0.0495690146  0.000590668194
9  0.0494586661  0.000541810981
10  0.0488367693  0.000770848119
11  0.0485957424  0.000743338159
12  0.048637789  0.000687346448
13  0.048415243  0.00067331458
14  0.0483813573  0.000629279041
15  0.0485142949  0.000603827656
16  0.0488670154  0.000663376059
17  0.0488416266  0.000627007485
18  0.0486039807  0.000637453997
19  0.0485327469  0.000609548401
20  0.0486163846  0.000586232283
21  0.0487982091  0.000587105772
22  0.0489789958  0.000588756522
23  0.0489889652  0.000564309399
24  0.0489888315  0.000541737039
25  0.0489575171  0.000521805261
26  0.0490019425  0.000504366735
27  0.0491060231  0.000496976609
28  0.0490411783  0.00048405143
29  0.0492210675  0.000500227148
30  0.049256417  0.000485338206
31  0.0493338795  0.00047631298
32  0.0494362244  0.000472746777
33  0.0494367245  0.000458842725
34  0.0495179214  0.000452860253
35  0.0493872784  0.000458738144
36  0.0492919169  0.000456143908
37  0.0494403805  0.000467677081
38  0.0494196155  0.000456146116
39  0.049440275  0.000445210067
40  0.0494464523  0.000434394139
41  0.0494895275  0.00042618177
42  0.0494852025  0.000416292511
43  0.0493929298  0.000416932202
44  0.0494916173  0.00041918399
45  0.0494994254  0.000410144007
46  0.0495359511  0.000403040671
47  0.0495653224  0.000395712751
48  0.0497120391  0.000413943154
49  0.0497027366  0.000405768806
50  0.0496936476  0.000397914337
51  0.0496852923  0.000390349849
52  0.0498008124  0.000399712946
53  0.0497191797  0.000400559982
54  0.0497068372  0.000393467184
55  0.0496283756  0.000394186405
56  0.0496834834  0.000391103957
57  0.0495882419  0.000395787505
58  0.0495918573  0.000389095754
59  0.0496867201  0.000394005086
60  0.049732321  0.000390175919
61  0.0497404184  0.000383966774
62  0.0497280365  0.000378071651
63  0.0496722184  0.000376262183
64  0.0495938224  0.000378552539
65  0.0496153379  0.000373427823
66  0.0495344161  0.000376520081
67  0.0495603403  0.000371874421
68  0.0495264068  0.000368029897
69  0.0494403845  0.000372690053
70  0.0495199624  0.000375840739
71  0.0495401758  0.000371163884
72  0.0495326285  0.000366156173
73  0.0495112447  0.000361831992
74  0.0495110459  0.00035700762
75  0.0495147207  0.000352329064
76  0.0495224957  0.00034783914
77  0.0496427318  0.000363566996
78  0.0496693544  0.000359938302
79  0.0496501156  0.000355952866
80  0.0496353321  0.000351865247
81  0.0496145951  0.000348184732
82  0.0496202876  0.000344036265
83  0.0496525702  0.000341451858
84  0.049614285  0.000339574361
85  0.049658586  0.000338503256
86  0.0496246701  0.000336307209
87  0.0496135022  0.000332670913
88  0.0496755875  0.000334676297
89  0.0496344707  0.000333473819
90  0.0495937769  0.000332282929
91  0.049611622  0.000329149991
92  0.0495831975  0.000326835774
93  0.0496019576  0.000323896758
94  0.0495882716  0.000320776332
95  0.0495122479  0.000326319346
96  0.0494696072  0.000325729283
97  0.0494196665  0.0003262115
98  0.0494272149  0.000323003756
99  0.0493995477  0.000320956457
