           1   0.0487534   0.0487534           0
           2   0.0488534   0.0488034 5.00107e-05
           3   0.0484867   0.0486978  0.00010945
           4    0.049268   0.0488404 0.000162198
           5   0.0487014   0.0488126 0.000128675
           6     0.04903   0.0488488 0.000111137
           7   0.0489365   0.0488613 9.47586e-05
           8   0.0487124   0.0488427 8.41484e-05
           9   0.0497466   0.0489431 0.000124877
          10   0.0490131   0.0489501 0.000111912
          11   0.0491736   0.0489704 0.000103246
          12   0.0484833   0.0489298 0.000102623
          13   0.0489753   0.0489333  9.4464e-05
          14   0.0491469   0.0489486 8.87771e-05
          15   0.0485223   0.0489202 8.73979e-05
          16   0.0486836   0.0489054 8.30797e-05
          17   0.0489283   0.0489067 7.80514e-05
          18    0.049666   0.0489489 8.48212e-05
          19   0.0493491     0.04897 8.29507e-05
          20   0.0489593   0.0489694 7.86957e-05
