   17.9368   17.4147

   12.0551   21.9015

   -3.1880  -24.7959

  -12.2040   21.8189

  -24.7420    3.5824

  -22.4965  -10.9045

   -6.9704  -24.0086

   21.4376   12.8620

  -13.9194  -20.7665

   20.7196  -13.9892

  -17.2843   18.0625

   12.9372  -21.3922

    4.0734  -24.6659

   24.7798    3.3105

   12.2738   21.7797

  -22.4549  -10.9898

   -4.5661   24.5795

  -23.9694   -7.1041

   24.8524    2.7124

  -21.6628  -12.4790

   22.9661    9.8772

    0.7309  -24.9893

    2.6408   24.8601

    8.7202   23.4298

  -24.9774    1.0637

    0.9497  -24.9820

  -24.7855    3.2676

  -24.9837    0.9015

   -1.2394   24.9693

    1.6845   24.9432

  -24.6085    4.4070

  -21.5252  -12.7148

