0  1310.25
1  1279.96
2  1263.56
3  1244.33
4  1264.72
5  1257.53
6  1206.11
7  1252.76
8  1249.83
9  1245.55
10  1243.36
11  1236.76
12  1241.88
13  1238.8
14  1238.26
15  1236.81
16  1230.21
17  1243.3
18  1230.8
19  1228.22
20  1226.23
21  1208.46
22  1224.55
23  1189.38
24  1220.56
25  1219.11
26  1216.03
27  1214.74
28  1213.91
29  1223.34
30  1216.07
31  1213.22
32  1212.93
33  1166.1
34  1209.96
35  1182.96
36  1208.61
37  1206.49
38  1204.71
39  1203.81
40  1207.34
41  1198.65
42  1200.4
43  1199.39
44  1170.77
45  1198
46  1197.46
47  1197.12
48  1196.03
49  1195.36
50  1194.85
51  1194.33
52  1193.56
53  1192.71
54  1183.19
55  1192.54
56  1191.28
57  1190.9
58  1190.57
59  1189.51
60  1189.03
61  1188.78
62  1188.26
63  1187.62
64  1186.62
65  1185.53
66  1185.09
67  1151.49
68  1184.31
69  1183.88
70  1193.31
71  1173.53
72  1182.8
73  1182.57
74  1181.83
75  1181.14
76  1180.42
77  1184.97
78  1150.39
79  1178.81
80  1178.58
81  1178.08
82  1177.46
83  1177.22
84  1176.73
85  1176.24
86  1175.97
87  1175.83
88  1183.9
89  1174.32
90  1175.54
91  1175.48
92  1175.12
93  1174.54
94  1174.2
95  1174.05
96  1173.26
97  1184.43
98  1166.47
99  1172.87
100  1172.58
101  1162.62
102  1172.42
103  1172.05
104  1171.82
105  1171.33
106  1158.71
107  1171.12
108  1170.8
109  1157.45
110  1169.96
111  1169.66
112  1169.2
113  1159.83
114  1169.03
115  1148.51
116  1153.83
117  1168.43
118  1153.98
119  1163.04
120  1158.53
121  1168.35
122  1167.44
123  1166.93
124  1166.69
125  1166.38
126  1166.03
127  1164.84
128  1163.88
129  1163.78
130  1148.71
131  1163.26
132  1162.81
133  1162.38
134  1162.03
135  1161.08
136  1160.01
137  1160.51
138  1160.36
139  1159.96
140  1159.5
141  1159.42
142  1159.34
143  1159.06
144  1158.74
145  1148.35
146  1148.17
147  1157.93
148  1158.14
149  1154.51
150  1157.93
151  1143.79
152  1157.86
153  1157.54
154  1157.31
155  1157.17
156  1156.9
157  1156.76
158  1155.8
159  1155.63
160  1155.56
161  1144.75
162  1155.39
163  1154.39
164  1154.19
165  1154.1
166  1153.64
167  1153.55
168  1153.07
169  1152.95
170  1152.85
171  1152.2
172  1151.78
173  1151.49
174  1151.1
175  1150.84
176  1136.78
177  1110.19
178  1149.67
179  1149.21
180  1148.85
181  1148.61
182  1176.16
183  1147.63
184  1147.57
185  1147.42
186  1147.02
187  1146.9
188  1146.74
189  1146.56
190  1146.37
191  1145.92
192  1145.69
193  1144.77
194  1104.55
195  1144.25
196  1143.98
197  1143.73
198  1094.27
199  1143.44
200  1140.62
201  1143.16
202  1143.07
203  1142.9
204  1142.78
205  1142.51
206  1142.25
207  1142.05
208  1141.99
209  1141.65
210  1141.13
211  1141.07
212  1140.95
213  1140.88
214  1152.36
215  1136.72
216  1140.3
217  1140.25
218  1140.14
219  1139.74
220  1139.37
221  1139.13
222  1138.88
223  1138.78
224  1138.54
225  1138.28
226  1135.31
227  1134.29
228  1137.62
229  1137.44
230  1137.38
231  1137.36
232  1137.28
233  1132.86
234  1137.11
235  1137.07
236  1136.94
237  1136.89
238  1136.77
239  1136.61
240  1136.47
241  1136.37
242  1135.9
243  1135.18
244  1135
245  1126.53
246  1131.62
247  1134.91
248  1134.36
249  1134.09
250  1133.68
251  1133.64
252  1133.39
253  1133.26
254  1132.9
255  1132.56
256  1132.49
257  1131.59
