14.766923  0
14.7918634  0.0176355365
14.9096322  0.0968738954
14.8951734  0.0737265421
14.8831377  0.0599555818
14.8351614  0.0664409996
14.8512138  0.0588566513
14.8627895  0.0526256037
14.8716394  0.0475166137
14.8548328  0.045640529
14.8470871  0.0421435242
14.8517446  0.0388880749
14.8534787  0.0359353281
14.8505323  0.0334890916
14.8585372  0.0321989659
14.8709119  0.032477518
14.8695332  0.0305963235
14.8837083  0.0320121864
14.87779  0.0308695667
14.8631132  0.0326291083
14.8775976  0.0341391929
14.8842875  0.0332364329
14.9068737  0.038712353
14.9092385  0.0371714953
14.9073013  0.035735078
14.912107  0.0346822852
14.9109058  0.0334185494
14.9054067  0.0326743374
14.9043349  0.0315652107
14.8992493  0.0309200133
14.9046833  0.0303963499
14.9129099  0.0305394114
14.9122976  0.0296201112
14.9182783  0.0293464972
14.9012838  0.0330645971
14.91102  0.0335489991
14.9096645  0.0326696434
14.9144754  0.0321621926
14.9102057  0.0316196645
14.9162599  0.0314034257
14.9134583  0.0307622034
14.914083  0.0300361114
14.9098182  0.0296388246
14.909206  0.0289715375
14.9078135  0.0283611721
14.9103655  0.0278592061
14.910167  0.0272671637
14.9128914  0.0268348554
14.9125195  0.0262897823
14.9159262  0.0259837756
14.9131181  0.0256255845
14.9125458  0.0251391751
14.9142468  0.0247223349
14.9167161  0.0243875245
14.920523  0.0242394139
14.9181972  0.0239178829
14.9193092  0.0235241064
14.9153038  0.0234570505
14.9181909  0.0232364699
14.9210284  0.0230217931
14.9242748  0.0228721406
14.9254145  0.0225316092
14.9290067  0.0224584906
14.9332986  0.0225139567
14.9348461  0.0222207035
14.9308248  0.0222449088
14.9314111  0.0219206197
14.9302706  0.0216279059
14.9322927  0.0214087738
14.9314274  0.0211204131
14.9275472  0.0211763808
14.932719  0.0215045489
14.9329476  0.0212111808
14.931763  0.0209575966
14.9325429  0.0206926685
14.9301121  0.0205626776
14.9329437  0.0204896707
14.9367343  0.0205746231
14.9397233  0.0205301605
14.9347901  0.0208578365
14.9395187  0.021129546
14.9420721  0.0210255811
14.9421596  0.0207724431
14.9474315  0.0211835799
14.9444902  0.0211375736
14.9448285  0.0208944955
14.9453844  0.0206617204
14.9486092  0.0206770526
14.9511251  0.020597219
14.9552368  0.0207747036
14.9537139  0.0206021529
14.9550898  0.0204241149
14.9528388  0.0203281708
14.9546979  0.0201967467
14.9519434  0.0201711154
14.9550114  0.0201929772
14.9547752  0.0199861838
14.9547565  0.0197822519
14.9553701  0.0195919469
14.9573056  0.0194913974
