15.1935893  0
15.1371279  0.0399241954
15.1173651  0.0311255167
15.070272  0.0469922588
15.0361741  0.0484089391
15.0005887  0.0517942479
14.9865609  0.0462557085
14.995053  0.0412459153
14.9853105  0.0377961491
14.9595134  0.0419054582
14.9467443  0.0399940125
14.9451639  0.0366923919
14.9676594  0.0401782247
14.9641728  0.0374593222
14.9931177  0.0447693596
14.9756065  0.045266585
14.9879786  0.0442623069
15.0002526  0.043471779
14.997857  0.0412497447
14.9889928  0.0401283625
14.9919683  0.0383276412
14.9924775  0.0365888582
14.984117  0.0359405279
14.9811693  0.0345636738
14.9817137  0.0331854144
14.9895828  0.0328287736
14.9950373  0.032062826
14.9995354  0.031231654
15.0150464  0.0337875905
15.0125455  0.0327537623
15.001923  0.0333752896
14.9950027  0.0330419778
14.9871152  0.0329686862
14.9836302  0.0321826912
14.9828737  0.0312720752
14.9766733  0.0310119911
14.9800216  0.0303540405
14.9826541  0.0296691807
14.9878849  0.02936593
14.9796228  0.0297713842
14.9777443  0.0291044563
14.9802482  0.0285190003
14.9874608  0.0287533601
14.9873505  0.0281000863
14.9868244  0.0274805654
14.9915055  0.0272789517
14.9979293  0.0274444748
15.0011302  0.0270587415
14.9981191  0.0266735426
14.9985289  0.0261432196
14.9945653  0.0259293219
14.9943503  0.0254315724
14.9928087  0.0249984145
14.9932968  0.0245402463
14.9879605  0.0246674253
14.9864075  0.024275774
14.9881018  0.0239089335
14.9845415  0.0237603174
14.9829609  0.0234101139
14.9789079  0.0233681478
14.9778112  0.0230107843
14.9789168  0.0226661879
14.9799866  0.0223316394
14.9789808  0.0220053488
14.9783143  0.0216768939
14.9740622  0.021761507
14.9772932  0.0216752344
14.9784424  0.0213869257
14.9764539  0.0211692148
14.9775378  0.0208945293
14.9781196  0.0206083386
14.9771058  0.0203470323
14.9817475  0.0205909526
14.9825785  0.0203294582
14.9852764  0.020236623
14.9845655  0.019982834
14.9829798  0.0197861382
14.9824505  0.0195395463
14.9806407  0.0193758473
14.9837019  0.0193739593
14.9889517  0.0198332986
14.9858975  0.0198251998
14.983783  0.0196987816
14.9845258  0.0194782749
14.9836035  0.0192709432
14.981846  0.0191268385
14.9848723  0.019144915
14.982391  0.0190874824
14.9846287  0.0190037305
14.9847181  0.0187927883
14.9853266  0.0185961211
14.9879505  0.0185781834
14.988721  0.0183943904
14.9874188  0.0182447378
14.9880062  0.0180621397
14.9871442  0.0178945497
14.9813158  0.0186350834
14.9820041  0.0184576364
14.9827222  0.0182851601
14.9827896  0.0181024324
