14.7669  0  5.44741  0
14.7919  0.0176355  5.41479  0.0230715
14.9096  0.0968739  5.41592  0.0154091
14.8952  0.0737265  5.42614  0.0145552
14.8831  0.0599556  5.44506  0.0205433
14.8352  0.066441  5.44868  0.0174351
14.8512  0.0588567  5.46213  0.0194512
14.8628  0.0526256  5.46888  0.0181533
14.8716  0.0475166  5.45631  0.0200227
14.8548  0.0456405  5.45748  0.0180548
14.8471  0.0421435  5.45518  0.0165598
14.8517  0.0388881  5.4663  0.0185446
14.8535  0.0359353  5.46477  0.0171811
14.8505  0.0334891  5.47435  0.0184297
14.8585  0.032199  5.46924  0.0178948
14.8709  0.0324775  5.46354  0.0176597
14.8695  0.0305963  5.4645  0.0166466
14.8837  0.0320122  5.46594  0.0157841
14.8778  0.0308696  5.4666  0.0149672
14.8631  0.0326291  5.47519  0.0164998
14.8776  0.0341392  5.47279  0.015888
14.8843  0.0332364  5.47141  0.0152256
14.9069  0.0387124  5.46665  0.0152894
14.9092  0.0371715  5.46952  0.0149191
14.9073  0.0357351  5.4697  0.0143234
14.9121  0.0346823  5.46814  0.0138571
14.9109  0.0334185  5.46694  0.0133958
14.9054  0.0326743  5.46971  0.013201
14.9043  0.0315652  5.47297  0.0131421
14.8992  0.03092  5.4757  0.0129851
14.9047  0.0303963  5.47379  0.0127061
14.9129  0.0305394  5.47321  0.0123223
14.9123  0.0296201  5.47271  0.0119591
14.9183  0.0293465  5.47439  0.0117248
14.9013  0.0330646  5.47861  0.0121236
14.911  0.033549  5.47241  0.0132783
14.9097  0.0326696  5.47083  0.013013
14.9145  0.0321622  5.47217  0.0127402
14.9102  0.0316197  5.46816  0.0130292
14.9163  0.0314034  5.46936  0.0127585
14.9135  0.0307622  5.47048  0.0124965
14.9141  0.0300361  5.46882  0.0123095
14.9098  0.0296388  5.46836  0.0120318
14.9092  0.0289715  5.46887  0.0117693
14.9078  0.0283612  5.46875  0.0115084
14.9104  0.0278592  5.46919  0.0112667
14.9102  0.0272672  5.47138  0.0112386
14.9129  0.0268349  5.47118  0.0110063
14.9125  0.0262898  5.47283  0.0109044
14.9159  0.0259838  5.47029  0.0109774
14.9131  0.0256256  5.47266  0.0110148
14.9125  0.0251392  5.47222  0.0108116
14.9142  0.0247223  5.47258  0.0106134
14.9167  0.0243875  5.47343  0.010451
14.9205  0.0242394  5.47313  0.0102652
14.9182  0.0239179  5.47343  0.0100862
14.9193  0.0235241  5.4713  0.0101313
14.9153  0.0234571  5.47199  0.0099806
14.9182  0.0232365  5.46967  0.0100791
14.921  0.0230218  5.47001  0.00991706
14.9243  0.0228721  5.47143  0.00985456
14.9254  0.0225316  5.47125  0.00969714
14.929  0.0224585  5.47126  0.00954321
14.9333  0.022514  5.46955  0.00954577
14.9348  0.0222207  5.46956  0.00939892
14.9308  0.0222449  5.46908  0.00926843
14.9314  0.0219206  5.46765  0.00924058
14.9303  0.0216279  5.46937  0.00926342
14.9323  0.0214088  5.46894  0.00913922
14.9314  0.0211204  5.47048  0.00913898
14.9275  0.0211764  5.47247  0.00922241
14.9327  0.0215045  5.47018  0.00937379
14.9329  0.0212112  5.46981  0.00925265
14.9318  0.0209576  5.47132  0.00925095
14.9325  0.0206927  5.47  0.00922236
14.9301  0.0205627  5.46879  0.00918019
14.9329  0.0204897  5.47074  0.00926704
14.9367  0.0205746  5.46988  0.00918813
14.9397  0.0205302  5.46833  0.00920189
14.9348  0.0208578  5.46992  0.00922269
14.9395  0.0211295  5.46733  0.00946463
14.9421  0.0210256  5.46663  0.00937476
14.9422  0.0207724  5.46761  0.00931283
14.9474  0.0211836  5.46713  0.00921468
14.9445  0.0211376  5.46831  0.0091819
14.9448  0.0208945  5.46772  0.0090941
14.9454  0.0206617  5.46743  0.00899413
14.9486  0.0206771  5.46684  0.00891122
14.9511  0.0205972  5.4672  0.00881814
14.9552  0.0207747  5.46703  0.00872177
14.9537  0.0206022  5.46723  0.00862826
14.9551  0.0204241  5.46794  0.00856406
14.9528  0.0203282  5.46768  0.00847596
14.9547  0.0201967  5.46851  0.0084261
14.9519  0.0201711  5.46808  0.0083486
14.955  0.020193  5.46721  0.00830593
14.9548  0.0199862  5.46888  0.00838629
14.9548  0.0197823  5.46755  0.00840677
14.9554  0.0195919  5.46708  0.00833459
14.9573  0.0194914  5.46793  0.00829405
