15.1936  0  5.44461  0
15.1371  0.0399242  5.43347  0.00787478
15.1174  0.0311255  5.44658  0.011919
15.0703  0.0469923  5.45963  0.0144157
15.0362  0.0484089  5.45503  0.0122455
15.0006  0.0517942  5.45587  0.0102331
14.9866  0.0462557  5.44409  0.0139901
14.9951  0.0412459  5.4567  0.0169956
14.9853  0.0377961  5.45445  0.0152551
14.9595  0.0419055  5.46446  0.0166948
14.9467  0.039994  5.46822  0.0155935
14.9452  0.0366924  5.46385  0.014894
14.9677  0.0401782  5.46699  0.0140753
14.9642  0.0374593  5.46621  0.0130912
14.9931  0.0447694  5.46443  0.0123393
14.9756  0.0452666  5.46238  0.0117367
14.988  0.0442623  5.45863  0.0116298
15.0003  0.0434718  5.45851  0.0109843
14.9979  0.0412497  5.46799  0.0139084
14.989  0.0401284  5.46959  0.0133051
14.992  0.0383276  5.46932  0.0126743
14.9925  0.0365889  5.47001  0.0121173
14.9841  0.0359405  5.47419  0.0122892
14.9812  0.0345637  5.47061  0.0122877
14.9817  0.0331854  5.46676  0.0123845
14.9896  0.0328288  5.4613  0.0130555
14.995  0.0320628  5.45847  0.012876
14.9995  0.0312317  5.45783  0.0124319
15.015  0.0337876  5.45739  0.0120109
15.0125  0.0327538  5.46231  0.0125748
15.0019  0.0333753  5.46225  0.0121693
14.995  0.033042  5.46734  0.0128107
14.9871  0.0329687  5.46879  0.0125034
14.9836  0.0321827  5.47181  0.0124957
14.9829  0.0312721  5.46818  0.0126552
14.9767  0.031012  5.46972  0.0123973
14.98  0.030354  5.46767  0.0122306
14.9827  0.0296692  5.46806  0.011915
14.9879  0.0293659  5.4657  0.0118421
14.9796  0.0297714  5.46751  0.011684
14.9777  0.0291045  5.46503  0.0116597
14.9802  0.028519  5.46477  0.0113848
14.9875  0.0287534  5.46672  0.0112858
14.9874  0.0281001  5.4684  0.0111537
14.9868  0.0274806  5.4682  0.0109077
14.9915  0.027279  5.46612  0.0108667
14.9979  0.0274445  5.46579  0.0106405
15.0011  0.0270587  5.46557  0.0104211
14.9981  0.0266735  5.46808  0.0105061
14.9985  0.0261432  5.46673  0.0103828
14.9946  0.0259293  5.4663  0.0101878
14.9944  0.0254316  5.46779  0.0101004
14.9928  0.0249984  5.46937  0.0100329
14.9933  0.0245402  5.46772  0.00998237
14.988  0.0246674  5.46764  0.00980122
14.9864  0.0242758  5.46996  0.00989743
14.9881  0.0239089  5.469  0.00976986
14.9845  0.0237603  5.46914  0.00960231
14.983  0.0234101  5.46984  0.00946545
14.9789  0.0233681  5.47125  0.0094115
14.9778  0.0230108  5.47085  0.00926561
14.9789  0.0226662  5.47117  0.00912174
14.98  0.0223316  5.47053  0.00899955
14.979  0.0220053  5.4701  0.00886904
14.9783  0.0216769  5.4706  0.0087463
14.9741  0.0217615  5.47219  0.00875806
14.9773  0.0216752  5.47197  0.00863019
14.9784  0.0213869  5.47087  0.00857221
14.9765  0.0211692  5.47  0.00849278
14.9775  0.0208945  5.46791  0.00862516
14.9781  0.0206083  5.46754  0.00851141
14.9771  0.020347  5.46764  0.00839384
14.9817  0.020591  5.46509  0.0086576
14.9826  0.0203295  5.46481  0.00854533
14.9853  0.0202366  5.46294  0.0086322
14.9846  0.0199828  5.4634  0.00853047
14.983  0.0197861  5.46335  0.00841981
14.9825  0.0195395  5.46197  0.00842522
14.9806  0.0193758  5.46263  0.0083446
14.9837  0.019374  5.4635  0.00828539
14.989  0.0198333  5.4632  0.00818831
14.9859  0.0198252  5.46466  0.00821673
14.9838  0.0196988  5.46514  0.00813203
14.9845  0.0194783  5.46466  0.0080498
14.9836  0.0192709  5.4636  0.00802393
14.9818  0.0191268  5.46276  0.0079747
14.9849  0.0191449  5.46193  0.00792585
14.9824  0.0190875  5.46371  0.00803291
14.9846  0.0190037  5.4628  0.00799383
14.9847  0.0187928  5.46247  0.00791187
14.9853  0.0185961  5.46269  0.00782805
14.988  0.0185782  5.46233  0.00775145
14.9887  0.0183944  5.4627  0.00767695
14.9874  0.0182447  5.46356  0.00764296
14.988  0.0180621  5.46385  0.00756815
14.9871  0.0178945  5.46491  0.0075628
14.9813  0.0186351  5.46654  0.00765984
14.982  0.0184576  5.46484  0.00776865
14.9827  0.0182852  5.46425  0.00771279
14.9828  0.0181024  5.4633  0.00769387
