1  15.013  0  5.42841  0
2  15.0392  0.0185006  5.42256  0.0041361
3  14.9494  0.0743177  5.44739  0.0204662
4  14.9548  0.0559346  5.4427  0.0158793
5  14.9082  0.0611679  5.4489  0.0138605
6  14.9049  0.0510652  5.44114  0.0135499
7  14.941  0.0551066  5.45415  0.0167345
8  14.9485  0.0487179  5.44913  0.0153758
9  14.9185  0.0516887  5.4506  0.0137372
10  14.895  0.0515958  5.46093  0.0157785
11  14.8892  0.0472354  5.45546  0.0152642
12  14.9085  0.0471011  5.45027  0.0148483
13  14.9123  0.0436299  5.46365  0.0187881
14  14.9403  0.0486862  5.45454  0.0195283
15  14.9288  0.0467867  5.45802  0.0185338
16  14.9514  0.0490288  5.45123  0.0185764
17  14.9525  0.0461556  5.45185  0.0174938
18  14.9573  0.0438416  5.45556  0.016912
19  14.9496  0.0422065  5.46579  0.0188653
20  14.9459  0.0402548  5.45951  0.0189387
21  14.9484  0.0384125  5.45768  0.0181257
22  14.9451  0.0368014  5.46481  0.0186526
23  14.9424  0.0353057  5.46304  0.0179255
24  14.9367  0.0342768  5.45805  0.01786
25  14.9484  0.0348173  5.44949  0.0190845
26  14.9594  0.0351872  5.44819  0.0183948
27  14.9678  0.0348646  5.44995  0.0177975
28  14.9787  0.0352797  5.45144  0.0172241
29  14.9808  0.034129  5.45188  0.0166359
30  14.9763  0.0332957  5.45418  0.0162385
31  14.9659  0.0337918  5.45945  0.0165497
32  14.9649  0.0327494  5.46393  0.0166275
33  14.959  0.0322887  5.46745  0.0164912
34  14.9639  0.0316982  5.46512  0.0161701
35  14.9524  0.0327938  5.46728  0.0158528
36  14.9544  0.031945  5.46375  0.0158009
37  14.9584  0.0313305  5.46246  0.0154264
38  14.9634  0.0309011  5.46226  0.0150217
39  14.9634  0.0301088  5.4617  0.0146472
40  14.9572  0.0299945  5.46184  0.0142817
41  14.9572  0.0292629  5.46013  0.0140356
42  14.9604  0.0287388  5.46061  0.0137097
43  14.9643  0.0283408  5.46107  0.0133987
44  14.9621  0.0277859  5.46218  0.01314
45  14.9614  0.0271767  5.45938  0.0131443
46  14.9658  0.0269425  5.45834  0.0128995
47  14.9759  0.028218  5.45887  0.012636
48  14.9712  0.0280251  5.46182  0.0127116
49  14.975  0.0277075  5.46042  0.0125285
50  14.9671  0.0282488  5.46187  0.0123619
51  14.9712  0.0279908  5.46268  0.012146
52  14.9705  0.0274622  5.46495  0.0121228
53  14.9699  0.0269504  5.46519  0.0118965
54  14.9684  0.0264949  5.46538  0.0116776
55  14.9682  0.0260135  5.46488  0.0114761
56  14.9638  0.0259265  5.46675  0.0114223
57  14.9687  0.0259336  5.46483  0.0113814
58  14.9642  0.025874  5.46586  0.0112317
59  14.9612  0.0256074  5.46496  0.0110773
60  14.9559  0.0257319  5.4681  0.0113282
61  14.9602  0.025681  5.46749  0.0111587
62  14.9594  0.02528  5.46714  0.0109841
63  14.9652  0.025528  5.46743  0.0108135
64  14.9622  0.0252989  5.46954  0.0108489
65  14.9639  0.0249639  5.46935  0.0106836
66  14.9586  0.0251344  5.46861  0.0105478
67  14.9617  0.0249448  5.46858  0.0103904
68  14.9613  0.024581  5.46718  0.0103323
69  14.9614  0.024225  5.46538  0.010337
70  14.9611  0.0238808  5.46435  0.010241
71  14.9645  0.0237856  5.46567  0.0101821
72  14.9653  0.0234679  5.4663  0.01006
73  14.9695  0.0235166  5.46472  0.0100461
74  14.9694  0.0231989  5.46416  0.0099258
75  14.9733  0.0232117  5.46322  0.00983804
76  14.9728  0.022913  5.46403  0.00974246
77  14.9732  0.0226202  5.46401  0.00961597
78  14.9751  0.0224109  5.46327  0.00952075
79  14.9772  0.0222175  5.46414  0.00943947
80  14.9785  0.0219784  5.46524  0.00938572
81  14.9791  0.0217174  5.46429  0.00931778
82  14.9765  0.0216097  5.4658  0.00932582
83  14.9777  0.0213814  5.46488  0.00925863
84  14.9772  0.0211327  5.46383  0.00920824
85  14.9757  0.0209353  5.46437  0.00911602
86  14.9763  0.020701  5.46344  0.00905755
87  14.9763  0.0204631  5.46298  0.0089651
88  14.975  0.0202749  5.46362  0.008886
89  14.9772  0.0201635  5.46164  0.00900401
90  14.9756  0.0200008  5.45972  0.00910683
91  14.9759  0.0197838  5.46033  0.00902741
92  14.9783  0.019709  5.46158  0.00901514
93  14.9802  0.019586  5.46184  0.0089218
94  14.98  0.0193786  5.46259  0.00885845
95  14.9793  0.0191854  5.46202  0.00878322
96  14.9769  0.0191316  5.46241  0.00870021
97  14.971  0.0198207  5.46383  0.00872555
98  14.9727  0.0196845  5.46275  0.00870228
99  14.9737  0.0195118  5.46184  0.00866208
100  14.9741  0.0193212  5.46124  0.00859602
