1  15.0817  0  5.54663  0
2  14.9222  0.112782  5.49142  0.0390396
3  14.9864  0.0916413  5.47778  0.0283093
4  15.0018  0.0700175  5.46923  0.0224866
5  14.9575  0.0685957  5.47459  0.0186167
6  14.9475  0.0578881  5.46959  0.0161717
7  14.964  0.0519082  5.45484  0.0194579
8  15.0162  0.0666752  5.43356  0.0261935
9  14.981  0.0679267  5.44227  0.024688
10  14.9914  0.0619277  5.44982  0.0233456
11  15.0142  0.060347  5.44945  0.0212262
12  15.0168  0.0553747  5.44547  0.0198264
13  15.0138  0.0511954  5.45003  0.018818
14  15.0477  0.0576439  5.45731  0.0188311
15  15.0705  0.0581529  5.44324  0.0222213
16  15.0506  0.0578152  5.45234  0.0226184
17  15.0293  0.0582322  5.45453  0.0213936
18  15.038  0.0556422  5.44862  0.0210049
19  15.0254  0.0541007  5.46001  0.0227814
20  15.0322  0.0518124  5.46884  0.0232894
21  15.0289  0.0494513  5.47306  0.0225595
22  15.0193  0.0481236  5.47323  0.0215347
23  15.025  0.0463671  5.47321  0.0205984
24  15.0142  0.0456609  5.47268  0.0197471
25  15.0293  0.0462407  5.4642  0.0206991
26  15.0213  0.0451425  5.46636  0.0200155
27  15.0031  0.0470035  5.46709  0.0192875
28  15.0066  0.0454582  5.46532  0.0186796
29  15.0093  0.0439716  5.46332  0.0181417
30  15.006  0.0426333  5.45962  0.0179115
31  15.0073  0.0412792  5.45494  0.0179347
32  15.0077  0.0399912  5.45335  0.0174443
33  14.998  0.0399464  5.45529  0.0170237
34  15.0038  0.0391891  5.45354  0.0166132
35  15.0022  0.0381026  5.45139  0.0162774
36  15.0001  0.0370989  5.45801  0.0171199
37  14.9966  0.0362643  5.45863  0.0166682
38  15.0029  0.035847  5.45866  0.0162296
39  14.998  0.0352491  5.46066  0.0159359
40  14.9895  0.0353832  5.46805  0.0171662
41  14.9865  0.0346475  5.46901  0.0167745
42  14.9859  0.0338286  5.46631  0.0165912
43  14.9857  0.0330425  5.4642  0.0163396
44  14.9929  0.0330708  5.46287  0.0160216
45  14.996  0.0324842  5.46021  0.015885
46  14.9961  0.0317781  5.46308  0.0157958
47  14.9952  0.0311134  5.46186  0.0155064
48  14.9966  0.0304938  5.46021  0.0152711
49  14.996  0.0298766  5.45885  0.0150196
50  14.9906  0.0297689  5.45842  0.0147256
51  14.9874  0.0293544  5.45762  0.0144581
52  14.9879  0.0287949  5.45707  0.0141907
53  14.989  0.0282722  5.45714  0.0139231
54  14.9895  0.0277526  5.45562  0.0137473
55  14.9832  0.0279652  5.45732  0.0136015
56  14.9835  0.0274675  5.45743  0.0133591
57  14.9846  0.0270089  5.45748  0.0131248
58  14.9869  0.0266428  5.45792  0.0129058
59  14.9928  0.0268358  5.45493  0.0130295
60  14.9929  0.0263888  5.45425  0.0128297
61  14.9897  0.0261586  5.45243  0.0127485
62  14.989  0.0257455  5.4503  0.0127189
63  14.9918  0.0254954  5.44941  0.0125482
64  14.988  0.0253808  5.44916  0.0123546
65  14.986  0.0250735  5.45043  0.0122292
66  14.9921  0.0254315  5.45155  0.0120954
67  14.9931  0.0250732  5.45075  0.0119412
68  14.9938  0.0247136  5.45114  0.011772
69  14.9987  0.0248414  5.44947  0.0117191
70  14.9997  0.0245042  5.44834  0.0116062
71  14.9989  0.0241711  5.44951  0.0115016
72  15.0011  0.0239325  5.4475  0.0115158
73  14.9984  0.0237579  5.44456  0.0117279
74  14.9943  0.0237759  5.4459  0.0116452
75  14.9909  0.0237087  5.44647  0.0115042
76  14.9906  0.0233987  5.4459  0.0113669
77  14.9883  0.0232047  5.44412  0.0113584
78  14.9893  0.0229285  5.44408  0.0112128
79  14.99  0.0226482  5.44491  0.0111015
80  14.9888  0.0223956  5.44618  0.0110346
81  14.991  0.0222239  5.4471  0.0109372
82  14.9953  0.0223655  5.4455  0.0109205
83  14.9958  0.0221031  5.44556  0.0107891
84  14.9937  0.0219444  5.44729  0.0107989
85  14.9924  0.0217233  5.44829  0.0107175
86  14.9916  0.0214852  5.44771  0.0106082
87  14.9925  0.0212586  5.44773  0.0104863
88  14.9925  0.021017  5.44836  0.010386
89  14.9907  0.0208606  5.44866  0.0102737
90  14.9917  0.0206522  5.44726  0.0102549
91  14.9949  0.020664  5.44509  0.010369
92  14.9962  0.0204848  5.4454  0.0102609
93  14.9939  0.0203926  5.44736  0.0103372
94  14.9932  0.0201872  5.44675  0.0102457
95  14.9933  0.0199747  5.44899  0.0103799
96  14.9903  0.019987  5.44884  0.0102727
97  14.9931  0.0199765  5.44911  0.0101702
98  14.9929  0.0197731  5.44858  0.0100803
99  14.9894  0.0198954  5.44956  0.0100266
100  14.9852  0.0201309  5.45104  0.0100356
