5.44741337  0
5.41478538  0.023071473
5.41592434  0.0154090695
5.42614164  0.014555226
5.44506389  0.0205433306
5.44868182  0.0174351116
5.4621299  0.0194512095
5.46888011  0.0181533358
5.45630652  0.0200227176
5.45748024  0.0180548143
5.45517668  0.0165597681
5.46630279  0.018544553
5.4647723  0.0171810888
5.47434712  0.0184297242
5.46923982  0.0178947635
5.46354357  0.0176596979
5.46449689  0.0166466038
5.46593881  0.0157841185
5.46659907  0.0149671783
5.47518718  0.0164997805
5.47278514  0.0158879602
5.47140531  0.0152255791
5.46664602  0.0152893559
5.46951505  0.0149190565
5.46970002  0.0143234408
5.46814086  0.0138571402
5.46694042  0.0133958084
5.46971218  0.0132010284
5.472972  0.0131421433
5.47570495  0.0129851256
5.47379412  0.0127060672
5.4732133  0.0123222706
5.4727111  0.0119590976
5.47439152  0.0117248256
5.47860593  0.012123613
5.47240509  0.0132782548
5.47082558  0.013012989
5.47217403  0.0127402164
5.46816448  0.0130292132
5.4693634  0.0127585244
5.47048497  0.0124965411
5.46881915  0.012309533
5.4683599  0.0120318287
5.46887301  0.0117693142
5.46874767  0.0115084413
5.46918803  0.0112666798
5.47138242  0.0112386295
5.47117966  0.0110063203
5.47282766  0.0109043828
5.47029075  0.0109774348
5.47265949  0.0110147935
5.47222238  0.0108116402
5.47257659  0.0106134477
5.47342752  0.010450958
5.47312913  0.0102651993
5.47342508  0.0100861574
5.47129662  0.0101313013
5.47199407  0.0099806016
5.46966689  0.0100791036
5.47001315  0.00991706481
5.47142563  0.0098545647
5.47125279  0.00969713567
5.47125724  0.0095432139
5.46954894  0.00954577469
5.46955608  0.00939891929
5.46908256  0.00926843206
5.46764713  0.00924058356
5.46936729  0.00926341512
5.46893559  0.00913921606
5.47048459  0.00913898257
5.47246532  0.00922241324
5.47017756  0.00937378897
5.46980821  0.00925265459
5.47132403  0.00925094981
5.46999653  0.00922235912
5.46878545  0.00918018752
5.47074162  0.00926703808
5.46988071  0.00918813241
5.46832921  0.00920188675
5.46991617  0.00922269166
5.46732948  0.0094646261
5.4666335  0.00937475852
5.46761294  0.00931283311
5.46712622  0.00921467621
5.46830929  0.00918190161
5.46771888  0.00909409763
5.4674309  0.00899412639
5.4668413  0.00891122459
5.46719564  0.00881814065
5.46702709  0.0087217721
5.46722878  0.00862826027
5.46794395  0.0085640628
5.46768279  0.00847595728
5.4685104  0.00842609575
5.46807577  0.00834860232
5.46721466  0.00830592743
5.46888359  0.0083862939
5.46754562  0.00840677329
5.46708271  0.00833459141
5.46792846  0.00829404555
