5.44460634  0
5.43346973  0.00787477583
5.44657516  0.0119189974
5.45963417  0.0144157338
5.4550308  0.0122455433
5.455867  0.0102331298
5.44409476  0.0139900857
5.45669861  0.016995585
5.45445105  0.0152550761
5.46446301  0.0166948065
5.46821717  0.0155934823
5.46384628  0.0148940174
5.46698584  0.014075333
5.46621246  0.0130911815
5.46442885  0.0123393425
5.46238178  0.011736707
5.45863233  0.011629809
5.45851071  0.0109843444
5.46799149  0.0139084083
5.46959469  0.0133050662
5.46931919  0.0126743436
5.47001474  0.0121173074
5.4741913  0.0122891903
5.47061057  0.0122877372
5.46676112  0.0123845262
5.46130348  0.0130554732
5.45846861  0.0128760431
5.45783214  0.0124319048
5.45739436  0.012010924
5.46230616  0.0125748417
5.46225111  0.0121693222
5.46734453  0.0128106775
5.46878713  0.0125034363
5.47180988  0.0124957285
5.46817919  0.0126551786
5.46972204  0.0123973376
5.4676718  0.0122306316
5.46806136  0.0119149752
5.46569529  0.0118420592
5.46750852  0.0116840016
5.46502647  0.0116596771
5.46477232  0.0113848353
5.46672195  0.0112857707
5.46840242  0.0111536877
5.46819752  0.01090771
5.46611968  0.0108666893
5.46579035  0.0106404724
5.46557009  0.0104210754
5.46807898  0.0105060708
5.46672546  0.0103827726
5.46630201  0.0101878202
5.46779259  0.0101003556
5.46937442  0.0100328848
5.4677212  0.00998236966
5.46763787  0.00980121981
5.46995987  0.00989742748
5.46900379  0.00976985706
5.46913646  0.0096023119
5.46984208  0.00946545148
5.47124782  0.00941150122
5.47085014  0.00926561269
5.47117165  0.00912174385
5.47052915  0.00899955333
5.47010251  0.00886904255
5.47059577  0.0087463017
5.47219104  0.00875805711
5.47196764  0.00863018874
5.4708746  0.00857221299
5.469997  0.00849278243
5.46790543  0.00862516268
5.46754018  0.00851141186
5.4676445  0.00839383714
5.46509427  0.00865759911
5.46480828  0.00854532667
5.46294474  0.00863219632
5.46339732  0.00853047088
5.46335211  0.00841980532
5.46196576  0.00842522032
5.46262848  0.00834459542
5.46349722  0.0082853865
5.46320327  0.00818831054
5.46465839  0.00821672896
5.46514327  0.00813202629
5.46465602  0.00804980106
5.46360104  0.00802393052
5.46275889  0.00797469982
5.46193141  0.00792585157
5.4637102  0.0080329109
5.46280203  0.0079938257
5.4624707  0.007911869
5.46269301  0.00782804808
5.46232844  0.00775144546
5.46269905  0.00767695117
5.46355603  0.00764296417
5.46384957  0.00756814697
5.46490683  0.00756280034
5.46654329  0.00765983768
5.46484046  0.00776864528
5.46424718  0.00771279495
5.46329788  0.00769386534
