4.77695  0
4.92028  0.101346
4.94969  0.0717041
4.93695  0.0548972
4.9701  0.0529873
4.9794  0.0449646
4.98395  0.038771
4.97624  0.034683
4.9839  0.031665
4.98357  0.0285004
4.99296  0.0274151
4.9966  0.0253703
5.00263  0.0241242
4.99923  0.0226395
5.00864  0.023006
5.00608  0.0217102
5.0001  0.021242
5.0003  0.0200629
4.99806  0.0191323
4.99998  0.0182718
5.00458  0.0179734
5.004  0.0171658
5.00418  0.0164203
5.00956  0.0165942
5.01304  0.0162912
5.01033  0.0158885
5.01142  0.0153377
5.00844  0.0150765
5.0051  0.0149232
5.0057  0.0144381
5.00394  0.0140802
5.00915  0.0145749
5.00964  0.0141413
5.00904  0.0137379
5.00584  0.0137138
5.004  0.0134556
5.00242  0.0131847
5.00675  0.0135317
5.00838  0.0132816
5.01215  0.0134747
5.0123  0.0131469
5.00904  0.0132323
5.00843  0.0129385
5.01037  0.012789
5.01024  0.0125056
5.00955  0.0122523
5.00996  0.0119984
5.00988  0.0117487
5.0119  0.011681
5.01324  0.011524
5.01403  0.011325
5.01531  0.0111792
5.01456  0.0109932
5.0139  0.0108095
5.01299  0.0106515
5.01176  0.0105316
5.01109  0.0103683
5.01127  0.010191
5.01103  0.0100212
5.0112  0.00985553
5.01046  0.00972114
5.01153  0.00962213
5.00835  0.00997826
5.00912  0.00985195
5.00794  0.00977104
5.00581  0.00985181
5.00493  0.00974451
5.00555  0.00962128
5.00556  0.00948185
5.00592  0.00935334
5.00632  0.00923
5.00604  0.00910618
5.00606  0.00898148
5.006  0.00886034
5.00626  0.00874605
5.0054  0.008673
5.00713  0.00872998
5.00698  0.00861932
5.00659  0.00851906
5.00583  0.00844567
5.00696  0.0084155
5.00728  0.00831923
5.00751  0.00822207
5.00811  0.00814621
5.00827  0.00805184
5.00723  0.00802403
5.00688  0.00793967
5.00683  0.00784961
5.00595  0.00781003
5.00659  0.00774908
5.00663  0.00766405
5.0058  0.00762567
5.00544  0.00755245
5.00443  0.00753833
5.00523  0.00750072
5.00554  0.00742925
5.0049  0.00738093
5.0045  0.00731614
5.00422  0.00724754
5.00481  0.0071989
5.00483  0.00712764
5.00351  0.00717933
5.00348  0.00710967
5.00355  0.0070417
5.00356  0.00697464
5.00278  0.00695239
5.00301  0.00689122
5.00244  0.00685052
5.00255  0.00678851
5.00195  0.00675351
5.00199  0.00669281
5.00158  0.00664579
5.00208  0.0066057
5.00162  0.00656326
5.00177  0.00650782
5.00124  0.00647325
5.00233  0.00650836
5.0021  0.00645724
5.00146  0.00643406
5.0014  0.00638077
5.0019  0.00634751
5.00279  0.00635788
5.00368  0.00636771
5.00372  0.00631648
5.00375  0.00626602
5.00525  0.0063951
5.005  0.00634963
5.00531  0.00630733
5.00497  0.00626774
5.00613  0.00632735
5.00601  0.0062802
5.00647  0.00624924
5.00616  0.00620982
5.00609  0.00616392
5.00667  0.0061453
5.00611  0.00612569
5.00588  0.00608504
5.00596  0.0060415
5.0058  0.00600025
5.00569  0.00595848
5.00508  0.00594672
5.0048  0.00591178
5.00575  0.00594702
5.00507  0.00594493
5.00577  0.00594524
5.00616  0.00591727
5.0059  0.0058827
5.00557  0.00585184
5.0054  0.00581531
5.00565  0.00578212
5.00616  0.005766
5.00647  0.00573665
5.00586  0.005732
5.00517  0.00573623
5.00517  0.00569922
5.00522  0.0056629
5.00542  0.00563051
5.00546  0.00559499
5.00574  0.00556681
5.00637  0.00556729
5.00558  0.0055882
5.00559  0.00555371
5.00574  0.00552164
5.00572  0.005488
5.00577  0.00545499
5.00603  0.0054284
5.00624  0.00539982
5.00604  0.00537146
5.00663  0.00537271
5.00693  0.00534946
5.0069  0.00531832
5.00718  0.00529513
5.00736  0.00526745
5.00738  0.00523724
5.00802  0.00524594
5.00784  0.0052193
5.00736  0.00521133
5.0072  0.0051847
5.00683  0.00516895
5.00701  0.00514368
5.00681  0.00511941
5.00681  0.00509128
5.00632  0.00508671
5.00617  0.00506112
5.00507  0.00515296
5.00461  0.00514589
5.0043  0.00512773
5.00332  0.0051925
5.00295  0.00517843
5.00293  0.0051512
5.00295  0.00512427
5.00337  0.00511443
5.00322  0.00508998
5.00338  0.00506606
5.0028  0.00507242
5.00262  0.00504971
5.00338  0.00508037
5.00362  0.00506043
5.00332  0.00504376
5.00331  0.00501856
5.00364  0.00500485
5.00336  0.00498814
5.00301  0.00497575
5.00264  0.00496509
5.00238  0.00494797
5.00253  0.00492621
5.00257  0.00490265
5.00269  0.00488055
5.00305  0.00487008
5.00339  0.00485862
5.00324  0.00483789
5.00326  0.00481512
5.00278  0.00481605
5.00226  0.00482179
5.00217  0.00480028
5.00223  0.00477845
5.00249  0.00476355
5.00224  0.00474837
5.00202  0.00473188
5.00191  0.00471155
5.00172  0.00469421
5.00174  0.00467311
5.00195  0.00465694
5.00141  0.00466676
5.00175  0.00465834
5.00157  0.00464134
5.00133  0.00462711
5.00113  0.00461104
5.00085  0.00459957
5.00067  0.00458305
5.0011  0.00458354
5.00081  0.00457304
5.00121  0.00457084
5.00112  0.00455224
5.00137  0.00453986
5.00155  0.00452433
5.00176  0.0045099
5.00191  0.00449364
5.00131  0.00451498
5.0015  0.0045001
5.00126  0.00448771
5.00136  0.00447033
5.00128  0.00445268
5.00117  0.00443577
5.00099  0.00442142
5.00101  0.00440349
5.00067  0.00439923
5.00056  0.00438271
5.00083  0.00437328
5.00108  0.00436267
5.00118  0.0043466
5.001  0.00433321
5.00067  0.00432861
5.00068  0.00431159
5.00087  0.0042986
5.00113  0.00428953
5.00169  0.00430988
5.00205  0.00430781
5.00209  0.00429146
5.002  0.00427605
5.00199  0.00425968
5.00215  0.00424643
5.00205  0.00423126
5.00173  0.00422785
5.00227  0.00424662
5.00211  0.00423368
5.00235  0.00422445
5.00244  0.0042098
5.00248  0.00419427
5.00275  0.00418757
5.00251  0.00417867
5.00217  0.00417708
5.00193  0.00416866
5.00175  0.00415766
5.0022  0.00416733
5.00244  0.00415898
5.00229  0.00414678
5.00229  0.00413187
5.00229  0.00411706
5.0023  0.00410236
5.00246  0.00409076
5.00258  0.00407809
5.00216  0.0040847
5.00238  0.00407592
5.00238  0.00406162
5.00249  0.00404893
5.00265  0.00403794
5.00234  0.00403595
5.00225  0.00402301
5.00261  0.00402571
5.00255  0.00401242
5.00236  0.00400303
5.00268  0.00400201
5.00263  0.00398867
5.0025  0.00397716
5.00264  0.00396623
5.00332  0.00400921
5.00314  0.00399973
5.00281  0.00399972
5.00289  0.00398719
5.00297  0.00397474
5.00295  0.00396162
5.00249  0.00397574
5.0025  0.0039627
5.00239  0.00395138
5.00249  0.00393988
5.00226  0.00393415
5.00267  0.00394327
5.00297  0.00394203
5.00312  0.00393211
5.00271  0.00394125
5.00284  0.00393073
5.00269  0.00392092
5.00248  0.00391429
5.00268  0.0039071
5.00217  0.00392829
5.00238  0.00392172
5.00269  0.0039213
5.00242  0.00391784
5.00237  0.00390593
5.00266  0.0039041
5.00274  0.00389289
5.00292  0.00388477
5.00293  0.00387281
5.00319  0.00386978
5.0032  0.00385792
5.00316  0.0038464
5.00364  0.0038656
5.00305  0.00389946
5.00272  0.00390135
5.00311  0.0039087
5.00303  0.0038978
5.00327  0.00389401
5.00295  0.00389585
5.00297  0.00388425
5.00279  0.00387654
5.00278  0.00386506
5.00254  0.00386096
5.00259  0.00384984
5.00275  0.00384179
5.00264  0.00383189
5.00278  0.00382325
5.00257  0.00381818
5.00268  0.00380886
5.00278  0.00379893
5.00285  0.00378866
5.003  0.00378073
5.00329  0.00378135
5.00304  0.0037788
5.00302  0.00376806
5.00278  0.00376555
5.00288  0.00375621
5.0028  0.00374636
5.00294  0.00373859
5.00305  0.00372947
5.00354  0.00375152
5.00363  0.00374198
5.00363  0.00373152
5.00375  0.00372305
5.00379  0.00371302
5.00396  0.00370653
5.00382  0.0036989
5.00363  0.00369358
5.0034  0.00369047
5.00394  0.00371951
5.00407  0.00371149
5.00443  0.00371929
5.00447  0.00370936
5.00445  0.00369936
5.00443  0.00368942
5.00457  0.0036821
5.00476  0.00367711
5.00431  0.00369464
5.00452  0.00369056
5.00465  0.0036832
5.00483  0.00367763
5.0048  0.00366801
5.00497  0.00366246
5.00471  0.00366216
5.00462  0.00365357
5.00456  0.00364456
5.00468  0.00363704
5.00473  0.00362792
5.00467  0.00361903
5.00488  0.00361614
5.00474  0.00360962
5.00468  0.00360073
5.00477  0.00359252
5.00454  0.00359104
5.00432  0.00358819
5.00419  0.00358129
5.00435  0.00357564
5.00406  0.00357876
5.00399  0.00357024
5.00395  0.00356147
5.00403  0.00355336
5.00397  0.00354498
5.00382  0.00353897
5.00392  0.00353151
5.004  0.00352349
5.00396  0.00351488
5.00383  0.00350844
5.00392  0.00350081
5.00379  0.00349479
5.00402  0.00349425
5.00401  0.00348566
5.00389  0.00347924
5.00382  0.00347134
5.00384  0.00346291
5.00392  0.0034553
5.00403  0.00344857
5.00398  0.00344051
5.00391  0.00343287
5.00369  0.00343173
5.00369  0.00342346
5.00352  0.00341936
5.00345  0.00341182
5.00376  0.00341803
5.0035  0.00342007
5.00359  0.00341304
5.00348  0.00340655
5.00337  0.00340026
5.00336  0.00339224
5.00338  0.00338428
5.00328  0.00337779
5.00295  0.00338568
5.00292  0.00337796
5.00278  0.00337271
5.00285  0.00336559
5.00274  0.0033597
5.00262  0.00335392
5.00257  0.0033466
5.00269  0.00334121
5.00259  0.00333505
5.00272  0.00332979
5.00266  0.00332271
5.00229  0.00333589
5.00257  0.00334068
5.00272  0.00333637
5.00271  0.00332881
5.00248  0.00332904
5.00239  0.00332288
5.00211  0.00332691
5.0021  0.00331943
5.00212  0.00331205
5.00183  0.00331739
5.00211  0.00332163
5.00213  0.0033143
5.00215  0.00330694
5.00199  0.00330312
5.00228  0.00330802
5.00255  0.00331198
5.0025  0.00330504
5.00243  0.0032985
5.00253  0.00329268
5.00242  0.00328738
5.00215  0.00329056
5.00205  0.0032849
5.00186  0.00328347
5.00217  0.00329102
5.00215  0.00328396
5.00208  0.00327746
5.00179  0.00328366
5.0019  0.00327839
5.00168  0.00327856
5.00164  0.00327172
5.00159  0.00326521
5.00133  0.00326835
5.0015  0.00326577
5.00161  0.00326062
5.0015  0.00325549
5.00109  0.00327396
5.00094  0.0032704
5.00087  0.00326436
5.00081  0.00325802
5.00069  0.00325355
5.00062  0.00324733
5.00062  0.00324054
5.00074  0.00323607
5.00085  0.00323109
5.00077  0.00322546
5.00086  0.00322011
5.00107  0.00322036
5.00095  0.00321584
5.00127  0.00322478
5.00127  0.00321815
5.00147  0.00321807
5.00159  0.00321375
5.00153  0.00320769
5.00142  0.00320329
5.00147  0.00319714
5.00138  0.00319181
5.00137  0.00318536
5.0013  0.00317961
5.00134  0.00317349
5.00112  0.0031748
5.00087  0.00317804
5.00097  0.00317323
5.00128  0.00318186
5.0013  0.00317552
