1.54328  0
1.51348  0.0210734
1.49943  0.0181385
1.50211  0.0138002
1.49905  0.0113734
1.49796  0.00953033
1.50296  0.0093882
1.50339  0.00822466
1.4992  0.00830865
1.49859  0.00750057
1.49788  0.00685202
1.50059  0.00679699
1.4997  0.00633293
1.50014  0.00589649
1.49974  0.00551735
1.50007  0.00518226
1.49896  0.00499317
1.50033  0.00489773
1.49984  0.00466365
1.5005  0.00447613
1.50239  0.00464539
1.50357  0.00458264
1.5027  0.00446627
1.50498  0.00482932
1.5047  0.00464418
1.50355  0.00460655
1.50307  0.00446043
1.50293  0.00430356
1.50222  0.00421202
1.50341  0.00423531
1.50298  0.00412096
1.50223  0.00405984
1.50217  0.00393715
1.50198  0.00382597
1.50307  0.00386686
1.50276  0.00377178
1.50315  0.00369067
1.50286  0.00360511
1.50181  0.00366357
1.50187  0.00357254
1.50257  0.00355302
1.50136  0.00366883
1.5008  0.00362661
1.50044  0.00356134
1.50064  0.0034875
1.49954  0.003581
1.49886  0.00356728
1.50036  0.00379272
1.5007  0.00373103
1.50162  0.0037682
1.50166  0.00369449
1.50149  0.00362749
1.50025  0.00376451
1.5004  0.00369794
1.5001  0.00364283
1.49999  0.00357951
1.50013  0.00351956
1.49979  0.00347555
1.50017  0.00343775
1.50026  0.00338161
1.50013  0.00332864
1.49974  0.0032979
1.4991  0.00330809
1.49914  0.00325667
1.49879  0.00322458
1.49905  0.00318553
1.49869  0.00315814
1.49774  0.00324943
1.49801  0.00321321
1.49778  0.00317536
1.49799  0.00313724
1.49921  0.00332154
1.49903  0.00328042
1.49955  0.00327646
1.4993  0.00324267
1.4993  0.00320001
1.49911  0.00316411
1.4987  0.00315062
1.49834  0.00313078
1.49908  0.00317732
1.49917  0.00313957
1.49923  0.00310175
1.49926  0.00306454
1.49973  0.00306418
1.49916  0.00308103
1.49901  0.00304897
1.49881  0.00302014
1.49904  0.00299455
1.4986  0.00299387
1.49836  0.00296967
1.49858  0.00294454
1.49809  0.00295204
1.49796  0.00292331
1.49762  0.0029118
1.49773  0.00288331
1.49806  0.00287215
1.49844  0.00286674
1.49859  0.00284148
1.49867  0.00281415
1.49839  0.00280007
1.49826  0.00277535
1.49822  0.00274848
1.49872  0.00276673
1.49842  0.00275636
1.49848  0.00273079
1.4986  0.00270777
1.49869  0.00268378
1.49848  0.00266697
1.49909  0.00271091
1.49887  0.00269494
1.49879  0.00267178
1.49867  0.00265087
1.49845  0.00263651
1.49874  0.00262963
1.49832  0.0026407
1.49861  0.00263404
1.49834  0.00262529
1.49828  0.00260364
1.49823  0.00258223
1.49796  0.00257458
1.49828  0.00257305
1.49799  0.00256921
1.49789  0.00255012
1.49845  0.00259123
1.4979  0.00262864
1.49785  0.00260819
1.49779  0.00258839
1.49783  0.00256841
1.49766  0.00255386
1.49797  0.00255251
1.49817  0.00254103
1.49846  0.00253784
1.49823  0.00252885
1.49835  0.00251291
1.49847  0.00249723
1.49826  0.00248787
1.49791  0.00249388
1.4977  0.00248499
1.49805  0.00249151
1.49779  0.00248704
1.49785  0.00247013
1.49776  0.00245445
1.49838  0.00251489
1.49806  0.00251775
1.49793  0.00250367
1.49773  0.00249489
1.49765  0.00247924
1.49743  0.0024714
1.49767  0.00246606
1.49807  0.00248095
1.49744  0.00254252
1.49721  0.00253615
1.49739  0.00252576
1.49733  0.00250991
1.49784  0.00254432
1.49778  0.00252867
1.49752  0.0025263
1.49774  0.00252024
1.49774  0.00250439
1.49786  0.00249167
1.49795  0.00247766
1.49789  0.00246302
1.49815  0.00246227
1.4985  0.0024713
1.49872  0.00246572
1.49873  0.0024509
1.49896  0.00244673
1.49922  0.00244621
1.49941  0.00243952
1.49951  0.00242709
1.49939  0.00241588
1.49942  0.00240196
1.49936  0.00238882
1.49943  0.00237632
1.49945  0.00236278
1.49932  0.00235248
1.49907  0.00235252
1.49909  0.00233938
1.49904  0.00232689
1.49908  0.00231426
1.49908  0.00230148
1.49906  0.00228889
1.49914  0.00227771
1.49944  0.00228581
1.49969  0.00228628
1.4997  0.00227404
1.49966  0.00226227
1.49971  0.00225089
1.4997  0.00223903
1.49989  0.00223513
1.4999  0.00222347
1.50002  0.00221524
1.50041  0.0022384
1.50034  0.00222828
1.50047  0.00222073
1.5005  0.00220959
1.5005  0.00219837
1.5006  0.00218939
1.50049  0.00218116
1.5005  0.00217029
1.50052  0.00215964
1.50081  0.00216834
1.50085  0.00215789
1.50059  0.00216276
1.50066  0.00215334
1.50076  0.00214556
1.50078  0.00213524
1.50067  0.0021277
1.50066  0.00211754
1.50053  0.00211122
1.50025  0.0021204
1.5002  0.00211108
1.50027  0.00210236
1.50026  0.00209254
1.50024  0.00208292
1.50039  0.00207841
1.50028  0.00207147
1.50033  0.00206255
1.50034  0.00205316
1.50063  0.00206322
1.50078  0.00205939
1.5009  0.00205393
1.50084  0.00204559
1.5011  0.00205237
1.50092  0.00205124
1.501  0.00204393
1.50094  0.00203589
1.50088  0.00202779
1.50084  0.00201939
1.50087  0.00201084
1.50083  0.00200256
1.50079  0.00199435
1.50069  0.00198795
1.50056  0.00198418
1.50066  0.00197837
1.5007  0.00197041
1.50076  0.00196318
1.50073  0.00195522
1.50073  0.00194704
1.50093  0.00194942
1.50098  0.00194181
1.5009  0.00193535
1.50117  0.00194597
1.5011  0.00193917
1.50123  0.00193559
1.50115  0.00192938
1.50125  0.00192434
1.50125  0.00191658
1.50123  0.00190899
1.50117  0.00190242
1.50104  0.00189896
1.50096  0.00189293
1.50089  0.00188692
1.50097  0.00188125
1.50105  0.0018753
1.50107  0.0018681
1.50112  0.00186147
1.50107  0.00185482
1.50121  0.00185293
1.50121  0.00184581
1.50124  0.00183887
1.50113  0.00183497
1.5009  0.00184226
1.50091  0.00183529
1.50077  0.00183305
1.50063  0.00183207
1.50073  0.00182799
1.50077  0.0018216
1.50085  0.00181663
1.50073  0.00181349
1.50078  0.00180739
1.50057  0.00181264
1.50056  0.00180604
1.50039  0.00180706
1.50051  0.00180431
1.50034  0.00180594
1.5006  0.0018176
1.50052  0.00181255
1.50049  0.00180633
1.50061  0.00180375
1.50052  0.0017996
1.50041  0.00179681
1.50043  0.00179069
1.50043  0.00178438
1.50038  0.00177899
1.50024  0.00177806
1.50031  0.00177336
1.50033  0.00176733
1.50064  0.00178772
1.50072  0.00178321
1.50085  0.00178175
1.50078  0.00177703
1.50064  0.00177597
1.5007  0.00177079
1.50076  0.00176589
1.50054  0.00177433
1.50064  0.00177112
1.50058  0.00176606
1.50056  0.00176021
1.50059  0.00175454
1.5006  0.00174876
1.50052  0.00174516
1.50052  0.0017394
1.50043  0.00173583
1.5005  0.00173133
1.50054  0.00172623
1.50063  0.0017231
1.50061  0.00171769
1.50045  0.00171918
1.50051  0.00171446
1.50056  0.00170971
1.5004  0.00171132
1.50037  0.00170614
1.50047  0.00170379
1.50055  0.0016999
1.50064  0.00169741
1.5005  0.00169831
1.50054  0.00169343
1.50049  0.00168871
1.50044  0.00168419
1.50044  0.00167894
1.50029  0.00168027
1.50052  0.00169035
1.50048  0.00168558
1.50051  0.00168069
1.50064  0.00167995
1.50066  0.00167503
1.5009  0.00168631
1.50096  0.00168217
1.50101  0.00167792
1.50105  0.00167327
1.50097  0.00166984
1.50124  0.00168653
1.50125  0.00168152
1.50113  0.00168089
1.50118  0.00167651
1.50119  0.00167155
1.50113  0.00166758
1.50114  0.00166267
1.50121  0.00165951
1.50113  0.00165643
1.50113  0.0016516
1.50118  0.00164778
1.50114  0.00164356
1.50107  0.00164044
1.50122  0.0016425
1.50129  0.00163924
1.50127  0.00163457
1.5014  0.00163475
1.5014  0.00163009
1.50132  0.00162749
1.50132  0.00162287
1.50137  0.00161913
1.50127  0.00161746
1.50131  0.00161331
1.50136  0.00160974
1.50129  0.00160676
1.50135  0.00160329
1.5013  0.00159964
1.50138  0.00159706
1.50142  0.00159314
1.50155  0.00159398
1.50146  0.00159176
1.50138  0.00158966
1.5013  0.00158726
1.50126  0.00158336
1.50111  0.00158619
1.50116  0.00158255
1.5012  0.00157886
1.5012  0.0015746
1.50127  0.00157176
1.50125  0.00156769
1.50119  0.00156449
1.50117  0.00156044
1.5012  0.00155654
1.5012  0.00155241
1.50135  0.00155568
1.50141  0.0015528
1.50148  0.00155031
1.50148  0.00154624
1.50154  0.00154357
1.50153  0.00153962
1.50151  0.0015357
1.5014  0.0015353
1.50131  0.00153393
1.50127  0.00153059
1.50121  0.00152777
1.50112  0.00152633
1.50099  0.00152826
1.50091  0.00152617
1.50085  0.00152367
1.50082  0.00152014
1.50075  0.00151782
1.50067  0.00151578
1.50063  0.00151264
1.5007  0.00151065
1.50071  0.00150689
1.50072  0.00150311
1.50068  0.00149989
1.50063  0.00149685
1.50062  0.00149315
1.50061  0.00148946
1.50056  0.00148668
1.5005  0.00148414
1.50046  0.00148101
1.50042  0.00147787
1.50038  0.00147483
1.50029  0.00147382
1.50014  0.00147815
1.50008  0.00147578
1.50006  0.00147227
1.50005  0.00146874
1.50007  0.00146527
1.49996  0.00146583
1.49997  0.00146233
1.50003  0.00146025
1.50004  0.0014568
1.50013  0.00145581
1.50007  0.00145371
1.50008  0.00145032
1.50009  0.00144691
1.5001  0.00144349
1.5001  0.00144008
1.5001  0.00143669
1.50009  0.00143333
1.50011  0.00143016
1.5002  0.00142968
1.50029  0.00142881
1.50024  0.00142613
1.50031  0.00142461
1.50031  0.00142132
1.50047  0.00142683
1.50049  0.00142366
1.50042  0.00142206
1.50039  0.00141897
1.50042  0.00141588
1.50036  0.00141357
1.50024  0.0014158
1.50025  0.0014126
1.50021  0.0014098
1.50028  0.00140831
1.5003  0.00140526
1.50023  0.0014042
1.50013  0.00140413
1.5002  0.0014027
1.50018  0.00139984
1.50027  0.0013999
1.50038  0.00140148
1.50037  0.00139841
1.50047  0.00139884
1.5005  0.0013961
1.50043  0.0013952
1.5004  0.00139238
1.50031  0.00139223
1.5003  0.00138917
1.50024  0.00138765
1.50015  0.00138755
1.50007  0.0013867
1.50019  0.00138918
1.50016  0.00138653
1.50015  0.00138358
1.50023  0.00138266
1.50022  0.00137967
1.50026  0.00137724
1.50032  0.00137532
1.50034  0.00137256
1.50022  0.00137497
1.50037  0.00138005
1.50039  0.00137726
1.50042  0.00137463
1.50039  0.00137198
1.50043  0.0013698
1.50042  0.00136694
1.50041  0.0013641
1.50056  0.0013689
1.5006  0.0013668
1.50055  0.00136516
1.50057  0.00136254
1.50059  0.00135984
1.50062  0.00135734
1.50055  0.00135645
1.50055  0.00135364
1.50059  0.00135148
1.50053  0.00135023
1.50042  0.00135161
1.50042  0.00134883
1.50052  0.00134946
1.50052  0.0013467
1.50055  0.00134442
1.50061  0.0013429
1.50065  0.00134071
1.5007  0.00133907
1.50062  0.00133853
1.50059  0.00133637
1.50058  0.00133368
1.50054  0.00133175
1.50057  0.00132946
1.50063  0.0013281
1.50064  0.00132552
1.50068  0.00132354
