1.50616925  0
1.50414771  0.00142944575
1.48370857  0.0167156748
1.48932613  0.0134476003
1.49651627  0.0125337477
1.50408535  0.0125234225
1.51132852  0.0126568251
1.51094822  0.0110804339
1.50750195  0.0103713705
1.5075982  0.00933468002
1.50714902  0.00849687304
1.50723136  0.00778919933
1.50765699  0.00720164967
1.50630907  0.0068122224
1.50765537  0.00648974493
1.50646886  0.00619164905
1.50875103  0.00623385272
1.50675888  0.00619767635
1.50632437  0.00588669423
1.50537968  0.00566765369
1.50344565  0.00571823712
1.50297576  0.00547758975
1.50332747  0.00525071319
1.50229652  0.00513214569
1.50192827  0.00494005442
1.50106196  0.00482541447
1.49894939  0.00508816353
1.49866792  0.00491422257
1.49896998  0.00475404091
1.49714941  0.00493186523
1.49819419  0.00488218389
1.49869643  0.00475537823
1.49870111  0.00461127817
1.49886049  0.00447840577
1.50038384  0.0046022499
1.50091013  0.00450440171
1.50027903  0.00442665239
1.50046696  0.00431414927
1.49933861  0.00434858573
1.49840905  0.00433808538
1.49865312  0.00423913856
1.49918034  0.00417086324
1.49959039  0.00409397316
1.49971807  0.00400291901
1.50082023  0.0040628667
1.50058406  0.00398140187
1.50018878  0.00391626406
1.49927606  0.00393959923
1.49877517  0.00389091062
1.49867797  0.00381430635
1.49945132  0.00381710964
1.49867657  0.00382151999
1.49851868  0.00375267628
1.49860105  0.00368408617
1.49876669  0.00362082472
1.4984425  0.00357065094
1.49821715  0.00351511185
1.49861484  0.00347693015
1.49971573  0.00358805653
1.49938739  0.00354324708
1.4992999  0.00348624103
1.49877955  0.00346862808
1.49806385  0.0034866257
1.498557  0.00346684866
1.49800877  0.00345658934
1.49876832  0.00348667105
1.49853693  0.00344230052
1.49827158  0.0034018905
1.49815011  0.00335475583
1.49818467  0.00330700882
1.4982113  0.00326053843
1.4982715  0.00321580888
1.49781612  0.00320383721
1.49805921  0.00316975064
1.498003  0.00312798555
1.49856063  0.00313613763
1.49850418  0.00309591651
1.49976937  0.00330464736
1.50000578  0.0032712621
1.49931279  0.00330295801
1.49895088  0.0032819492
1.4988074  0.00324505994
1.49876569  0.0032062309
1.49833005  0.00319752098
1.49857979  0.00316964156
1.49876296  0.00313807311
1.49883495  0.00310282895
1.49930234  0.003102572
1.4997485  0.00309962524
1.49998762  0.00307439467
1.49935429  0.00310515866
1.49898921  0.00309279356
1.49873885  0.00306965439
1.49814516  0.00309387673
1.49811184  0.00306148908
1.49793669  0.00303460453
1.49786394  0.00300419179
1.4982654  0.00300024092
1.49833769  0.00297080617
1.4979768  0.00296293726
1.49788289  0.002935089
1.49811397  0.00291539521
1.49773821  0.00291120425
1.49826935  0.0029312626
1.49852653  0.00291460619
1.49845565  0.00288797159
1.49852257  0.00286175637
1.49852935  0.00283526667
1.49853346  0.00280925802
1.49885224  0.00280174818
1.49879193  0.00277715631
1.49856734  0.00276142684
1.49877172  0.00274454271
1.49902182  0.00273183946
1.49879207  0.00271772854
1.4986812  0.0026965602
1.49852117  0.0026782575
1.49844482  0.00265664821
1.49835064  0.00263599233
1.49857393  0.00262346584
1.49877005  0.00260910478
1.49863709  0.00259110429
1.49905125  0.00260292711
1.49926234  0.00259048059
1.49925248  0.00256977551
1.49941877  0.0025547556
1.49952144  0.00253670141
1.49980213  0.00253236521
1.4999494  0.00251701335
1.49958913  0.00252330409
1.50002753  0.00254184144
1.49998988  0.00252286389
1.49986719  0.00250687674
1.49976215  0.002490368
1.49965788  0.00247410293
1.50027108  0.00253076018
1.50029431  0.00251239409
1.5005102  0.00250344734
1.50041882  0.00248710412
1.50045943  0.00246967048
1.50085976  0.00248439075
1.5006231  0.0024781414
1.50037745  0.00247295715
1.50031649  0.00245653507
1.50027972  0.00243986861
1.50032594  0.00242359493
1.50025133  0.00240825618
1.50026315  0.00239201317
1.5004636  0.00238434363
1.50052883  0.00236934009
1.50063876  0.00235619827
1.500577  0.00234150637
1.50097944  0.00236053333
1.50105744  0.00234649352
1.50103205  0.00233149222
1.50108454  0.00231713755
1.50113506  0.00230292939
1.50098715  0.002293099
1.50103872  0.00227925675
1.50139611  0.00229285986
1.50129779  0.00228072521
1.50139579  0.00226875083
1.5012187  0.00226173249
1.501087  0.0022517726
1.50094751  0.00224244184
1.5011301  0.00223635404
1.50127486  0.00222764312
1.50120387  0.00221551429
1.50112574  0.00220378177
1.50085349  0.00220757148
1.50081975  0.00219491942
1.50084567  0.00218231126
1.50092006  0.0021709643
1.50094064  0.002158585
1.50085085  0.00214811664
1.50066799  0.00214368032
1.50066637  0.00213156974
1.50059606  0.00212075399
1.50018522  0.00214833133
1.50001746  0.00214293667
1.50004103  0.00213122689
1.49996242  0.00212096594
1.49972103  0.00212306801
1.49976154  0.00211191604
1.49988782  0.00210427194
1.50006696  0.00210057012
1.50002441  0.00208976802
1.5002352  0.00208925678
1.50007432  0.00208438799
1.50009205  0.00207349292
1.50000416  0.00206449861
1.5000297  0.00205390402
1.50000569  0.00204340238
1.49977337  0.00204603309
1.49962221  0.00204111691
1.49970005  0.0020321865
1.49947555  0.00203423335
1.49932608  0.00202944326
1.49942924  0.00202186519
1.49913288  0.00203335901
1.49911969  0.00202328557
1.49923937  0.00201680588
1.49897242  0.00202446121
1.49924022  0.00203217258
1.49922014  0.00202235874
1.49934174  0.00201619412
1.49938022  0.00200682115
1.49914353  0.00201108217
1.49919158  0.00200203365
1.49938225  0.00200155877
1.49926132  0.00199572214
1.49916877  0.00198845341
1.49923301  0.00198015547
1.49916674  0.00197201114
1.49931972  0.00196876412
1.49932283  0.00195965192
1.49927002  0.00195133277
1.49955679  0.00196334067
1.499646  0.00195640165
1.49985728  0.00195888342
1.49985084  0.00195003026
1.49993182  0.00194292684
1.49981276  0.0019378585
1.4998086  0.00192921182
1.49978141  0.00192082907
1.4996717  0.00191546038
1.49950731  0.00191406384
1.49940514  0.00190839376
1.49954542  0.00190520936
1.4995296  0.00189699152
1.49937469  0.00189509402
1.49941232  0.00188729904
1.49955461  0.00188455528
1.49954233  0.00187654161
1.49949789  0.00186908248
1.49946737  0.00186141191
1.49952631  0.00185449087
1.49971678  0.00185645438
1.49988765  0.00185653413
1.49995752  0.00185011268
1.4998219  0.00184739984
1.49980504  0.00183984293
1.49971888  0.00183428761
1.49972546  0.00182678185
1.49969932  0.00181951269
1.49956235  0.00181726426
1.49972254  0.00181695339
1.49967849  0.00181016079
1.49970136  0.00180303553
1.49955279  0.00180193381
1.49964902  0.00179732235
1.49972797  0.00179192339
1.49994245  0.00179762964
1.49990781  0.001790886
1.50020347  0.00180810418
1.50016936  0.00180136313
1.5002681  0.00179705817
1.50028029  0.00179013418
1.50045192  0.00179143134
1.50050873  0.00178544162
1.5002635  0.00179536309
1.50036744  0.00179151704
1.50022853  0.00179008258
1.50004371  0.00179281755
1.50009144  0.00178668735
1.50003575  0.00178083811
1.50008218  0.00177477356
1.4999167  0.00177584921
1.49996467  0.00176989533
1.49997675  0.00176338139
1.50002071  0.0017574222
1.50012657  0.00175414671
1.50032939  0.00175940734
1.50023374  0.00175558437
1.50047211  0.0017653087
1.50045179  0.00175902955
1.50065335  0.00176418905
1.50058325  0.00175923515
1.50049847  0.00175497111
1.50058844  0.001751008
1.50059756  0.00174480041
1.50062516  0.00173883148
1.5005474  0.00173442516
1.50048862  0.00172931367
1.50051607  0.00172346373
1.5005296  0.0017174907
1.50051361  0.0017115808
1.50069005  0.00171470782
1.50067295  0.0017088598
1.50058716  0.00170511962
1.50059772  0.0016992928
1.50063961  0.00169398957
1.50056502  0.00168984915
1.50044787  0.00168815747
1.50040989  0.00168286219
1.50041723  0.00167719285
1.50052585  0.00167505959
1.50034668  0.00167899365
1.50056698  0.00168776964
1.50054691  0.00168226305
1.50051726  0.0016769354
1.5005794  0.00167253335
1.5006944  0.00167096263
1.50093083  0.00168210942
1.50080527  0.00168127436
1.50070847  0.00167856395
1.50069106  0.00167318664
1.50068665  0.00166776004
1.50069631  0.00166239074
1.50076418  0.00165841318
1.50062379  0.00165901261
1.50060342  0.00165382022
1.50052923  0.00165019982
1.50059199  0.00164613748
1.50057614  0.00164098796
1.50064112  0.00163708089
1.50074824  0.00163541747
1.50067972  0.00163170931
1.50071281  0.0016269297
1.50070721  0.00162185518
1.50060024  0.00162032655
1.50048961  0.00161906709
1.50045243  0.00161448115
1.50031253  0.00161554844
1.50030199  0.0016106119
1.50025945  0.00160623325
1.50025084  0.00160134425
1.50010782  0.00160283642
1.50004248  0.00159929595
1.50023658  0.00160618475
1.50033928  0.00160461229
1.50035301  0.00159983792
1.50041169  0.00159610922
1.50059665  0.00160201101
1.50058116  0.00159730372
1.50059467  0.00159260698
1.50071064  0.00159209768
1.50072948  0.00158749876
1.50067486  0.00158375514
1.50060627  0.00158058164
1.50051302  0.00157869451
1.50040794  0.00157757193
1.50043719  0.00157324365
1.5004958  0.00156976175
1.50058004  0.00156747057
1.50057761  0.00156294219
1.50052679  0.00155926404
1.50044311  0.00155702732
1.50034037  0.00155595177
1.50022777  0.00155557506
1.50027646  0.0015519049
1.5002672  0.00154752367
1.50011885  0.00155023459
1.50001975  0.00154901959
1.50008463  0.00154601424
1.5000688  0.00154175257
1.49994967  0.00154202914
1.4999768  0.0015379603
1.50010287  0.00153883486
1.50007842  0.00153475456
1.50008118  0.00153050565
1.50013304  0.00152715615
1.50013393  0.00152294937
1.50027112  0.00152493225
1.50045121  0.00153135036
1.50037764  0.00152893222
1.50026395  0.00152898771
1.50023061  0.00152519625
1.50028964  0.00152220467
1.50022943  0.00151928072
1.50020304  0.00151541486
1.50025361  0.0015121848
1.5000994  0.00151597371
1.4999981  0.00151530049
1.49999271  0.00151126929
1.49998121  0.00150729369
1.49996157  0.00150342361
1.49990382  0.00150055483
1.49992359  0.00149672576
1.49983192  0.0014955912
1.49981363  0.00149177761
1.49990476  0.00149065322
1.49988582  0.00148688151
1.49994391  0.00148414359
1.49994599  0.00148029014
1.49987507  0.00147815349
1.49976465  0.0014784519
1.49971234  0.00147556678
1.49974394  0.00147211193
1.4996545  0.00147105157
1.4997166  0.00146859944
1.49982727  0.00146901709
1.4997875  0.00146581737
1.49987747  0.00146485524
1.49981762  0.00146236886
1.49981008  0.00145869545
1.49985941  0.00145585497
1.49992319  0.00145359375
1.49998391  0.00145121799
1.49999828  0.00144766113
1.50004464  0.00144479297
1.49996876  0.00144318981
1.50008086  0.00144395582
1.50006297  0.00144049257
1.49999374  0.00143859838
1.49993656  0.00143619071
1.499934  0.00143266427
1.49986562  0.00143078384
1.49983056  0.00142771513
1.4998652  0.00142465303
1.49986544  0.00142118674
1.49982907  0.00141820268
1.49991539  0.00141739311
1.49996173  0.00141472686
1.50002483  0.00141272448
1.50001147  0.00140939168
1.50013815  0.00141169315
1.50025951  0.00141352346
1.50036608  0.00141416128
1.50032179  0.00141148772
1.50023435  0.00141084085
1.50022237  0.00140754849
1.50039915  0.00141527846
1.50038977  0.00141197157
1.50027541  0.00141327327
1.50023848  0.00141043807
1.50023875  0.00140713496
1.50010777  0.00140992967
1.50012186  0.00140671351
1.50003875  0.00140589494
1.50011766  0.00140484569
1.50011699  0.00140159389
1.50013859  0.00139852331
1.50008278  0.00139641386
1.49994678  0.0013998109
1.49981055  0.00140321396
1.499802  0.00140002899
1.49986321  0.00139817005
1.4999199  0.00139613408
1.49990457  0.00139304523
1.49995665  0.00139085968
1.50002047  0.00138917636
1.50004202  0.00138620754
1.50006265  0.00138323901
1.50015724  0.00138336077
1.50017074  0.00138032493
1.50016904  0.00137723799
1.50024099  0.00137604209
1.50021851  0.00137316106
1.50023816  0.00137025021
1.50024745  0.00136724347
1.50031345  0.00136581062
1.5004607  0.00137071002
1.50047702  0.00136778792
1.50040076  0.00136690585
1.50044011  0.00136447439
1.50045017  0.00136152579
1.50035232  0.00136206469
1.50036542  0.00135916023
1.50042086  0.00135733568
1.50048389  0.00135585391
1.50035218  0.00135930121
1.5002902  0.00135777777
1.50024764  0.00135551817
1.50040795  0.00136204873
1.50036774  0.00135971913
1.50036183  0.00135682036
1.50039561  0.00135434156
1.50031187  0.00135404037
1.50029914  0.00135121931
1.50026445  0.00134879552
1.50022573  0.00134649349
1.50016355  0.00134508183
1.50012692  0.00134274274
1.50010192  0.00134014873
1.50009981  0.00133733495
1.50000917  0.00133759972
1.5000701  0.00133618855
1.50007813  0.00133342312
1.50007775  0.00133064521
1.5000716  0.00132789302
1.50007461  0.00132514146
1.50011822  0.00132311545
1.50008403  0.00132082363
1.50006041  0.00131831139
1.50003452  0.00131585306
1.49996944  0.00131475926
1.49992902  0.0013126864
1.49995415  0.00131024251
1.49989487  0.00130890861
1.49976506  0.00131266459
1.49974347  0.00131017413
1.49972551  0.00130763967
1.49968869  0.00130551088
1.49968277  0.00130288688
1.49975157  0.00130207538
1.49976165  0.00129949447
1.49970436  0.00129814709
1.4996436  0.00129696674
1.4996603  0.00129448031
