5.03309  0
5.03662  0.00249122
5.01546  0.017357
4.98105  0.0325161
4.97855  0.0261087
4.99163  0.0248189
4.99273  0.0212976
4.99148  0.0186724
4.99068  0.0166146
4.98056  0.0177727
4.98113  0.0161662
4.98549  0.0153965
4.98195  0.0146143
4.98864  0.0150261
4.99234  0.0144717
4.99734  0.0144057
4.99854  0.0136083
4.9999  0.0129202
4.9984  0.0123271
5.00682  0.0143016
5.00453  0.0138038
5.0049  0.0131813
5.00679  0.0127431
5.00762  0.0122396
5.00779  0.0117511
5.0079  0.0112997
5.01407  0.01245
5.01347  0.0120196
5.01388  0.0116123
5.01032  0.0117593
5.01092  0.0113954
5.00833  0.0113307
5.00953  0.011051
5.01092  0.0108129
5.01156  0.0105229
5.0125  0.0102724
5.01373  0.010068
5.01348  0.00980605
5.01345  0.00955467
5.01284  0.00933507
5.01143  0.0092136
5.01059  0.00903233
5.01221  0.00896606
5.01184  0.00876975
5.01107  0.00860838
5.01269  0.00857218
5.01383  0.00846529
5.0121  0.00846462
5.01317  0.00835929
5.01116  0.00843139
5.01194  0.00830238
5.01272  0.00817939
5.01117  0.00817011
5.01015  0.00808209
5.00889  0.00803422
5.007  0.00810849
5.00655  0.00797883
5.00648  0.00784159
5.00578  0.00773927
5.00522  0.00763072
5.00382  0.0076332
5.00649  0.00796254
5.00676  0.00784077
5.00685  0.00771885
5.00769  0.00764543
5.00876  0.0076031
5.00849  0.00749437
5.0095  0.00745228
5.00771  0.00755633
5.0089  0.00754217
5.00836  0.00745549
5.00771  0.00738016
5.00543  0.00762401
5.00556  0.00752207
5.00446  0.0075011
5.00364  0.0074474
5.00276  0.0074026
5.00265  0.00730847
5.00384  0.00731265
5.00404  0.00722394
5.00399  0.00713491
5.00345  0.00706842
5.00388  0.00699639
5.00495  0.00699396
5.00692  0.00718301
5.0086  0.00729496
5.00871  0.00721193
5.00822  0.00714675
5.00811  0.00706729
5.00846  0.00699754
5.00886  0.00693206
5.00855  0.00686397
5.00854  0.00679016
5.00724  0.00684178
5.00713  0.00677063
5.00618  0.00676713
5.00535  0.00674784
5.00383  0.00684752
5.00423  0.00679026
5.00404  0.00672506
5.00405  0.00665847
5.00374  0.00660028
5.00336  0.0065468
5.00316  0.00648709
5.00164  0.00659991
5.00101  0.00656775
5.00164  0.00653672
5.00169  0.00647633
5.00132  0.00642735
5.00213  0.00641974
5.00207  0.00636217
5.0016  0.00632232
5.00147  0.00626776
5.00158  0.00621365
5.0023  0.00620188
5.00259  0.00615521
5.0021  0.00612235
5.00232  0.00607462
5.00279  0.00604152
5.00221  0.0060196
5.00271  0.00599129
5.00246  0.00594765
5.00183  0.00593196
5.00219  0.00589502
5.00158  0.00587959
5.00079  0.00588572
5.00049  0.0058472
5.0006  0.00580269
5.00173  0.00586604
5.00281  0.00591982
5.00353  0.00591848
5.00463  0.00597472
5.00487  0.00593447
5.00534  0.00590902
5.00564  0.00587252
5.00583  0.00583259
5.00584  0.00579002
5.00536  0.00576735
5.00507  0.00573343
5.00509  0.00569251
5.00555  0.00567067
5.00565  0.00563173
5.00525  0.00560684
5.00524  0.00556792
5.00493  0.00553771
5.00568  0.00554929
5.00567  0.00551154
5.00504  0.0055097
5.00501  0.00547282
5.00436  0.0054753
5.00407  0.00544672
5.00456  0.00543322
5.00438  0.00540053
5.00526  0.0054357
5.0048  0.00541988
5.00477  0.0053852
5.00446  0.00536019
5.00468  0.0053309
5.00464  0.00529753
5.00493  0.00527216
5.00441  0.00526491
5.00479  0.00524598
5.00557  0.00527264
5.00534  0.00524573
5.00481  0.0052405
5.00497  0.00521123
5.00579  0.00524516
5.00559  0.00521784
5.00533  0.00519329
5.00524  0.00516356
5.00533  0.00513415
5.00566  0.00511499
5.00573  0.00508591
5.00555  0.00505989
5.00506  0.00505443
5.00489  0.00502865
5.00519  0.0050091
5.00552  0.00499179
5.00638  0.00503741
5.00613  0.00501558
5.0064  0.00499502
5.00588  0.00499436
5.00574  0.00496917
5.00515  0.00497659
5.00522  0.00495018
5.00537  0.00492595
5.00499  0.00491422
5.00511  0.00488947
5.00538  0.00487097
5.00526  0.00484689
5.0055  0.00482743
5.00514  0.00481561
5.00491  0.00479613
5.00456  0.00478372
5.00425  0.0047693
5.00414  0.00474627
5.00367  0.00474555
5.00383  0.00472417
5.00342  0.00471775
5.00307  0.00470749
5.0028  0.00469152
5.00271  0.00466918
5.00285  0.00464822
5.00292  0.00462606
5.00268  0.0046099
5.00313  0.0046092
5.0032  0.00458755
5.00302  0.00456914
5.00269  0.00455938
5.00271  0.0045377
5.00266  0.00451649
5.00239  0.00450269
5.00239  0.00448155
5.0024  0.00446062
5.00219  0.00444472
5.0021  0.00442511
5.00215  0.00440499
5.00253  0.00440149
5.00187  0.00443075
5.00208  0.00441542
5.00212  0.00439564
5.00271  0.0044148
5.00316  0.00441863
5.0032  0.00439904
5.00292  0.00438798
5.00261  0.00437992
5.00315  0.0043939
5.00349  0.00438777
5.00358  0.00436949
5.00311  0.00437585
5.00319  0.00435773
5.0031  0.00433998
5.00302  0.00432203
5.00295  0.0043041
5.00272  0.00429188
5.00244  0.00428298
5.0024  0.00426512
5.00173  0.00429957
5.00153  0.00428618
5.00126  0.00427639
5.00146  0.00426326
5.00183  0.00426184
5.00204  0.00424935
5.00223  0.00423602
5.00265  0.00423951
5.00236  0.0042322
5.00239  0.00421516
5.00263  0.00420543
5.00262  0.00418857
5.00225  0.00418785
5.00237  0.00417274
5.0022  0.00415964
5.00228  0.00414413
5.00192  0.00414414
5.00203  0.00412941
5.00173  0.00412441
5.00227  0.00414461
5.00236  0.00412945
5.00208  0.00412274
5.0021  0.00410692
5.00168  0.0041128
5.00117  0.00412887
5.00122  0.00411353
5.0013  0.0040987
5.00134  0.00408344
5.00098  0.00408399
5.00087  0.00407022
5.00088  0.00405506
5.00118  0.00405106
5.0007  0.0040646
5.00076  0.00404998
5.00104  0.00404512
5.00104  0.0040303
5.00117  0.00401763
5.00058  0.00404607
5.0007  0.00403306
5.0008  0.00401974
5.00075  0.00400561
5.00095  0.00399662
5.00118  0.00398884
5.00142  0.00398166
5.00089  0.00400309
5.00085  0.00398911
5.00071  0.00397729
5.0003  0.00398507
4.99996  0.00398526
4.99999  0.00397148
4.99944  0.00399612
4.99962  0.00398642
4.99969  0.0039733
4.99948  0.00396531
4.99964  0.00395509
4.99941  0.00394805
4.99939  0.00393472
4.99917  0.00392762
4.99932  0.00391736
4.99953  0.00390968
4.99906  0.00392392
4.99917  0.00391227
4.99927  0.0039005
4.99965  0.00390568
4.9994  0.00390044
4.99941  0.00388757
4.99953  0.00387659
4.99936  0.00386759
4.99958  0.00386174
4.99926  0.00386298
4.99925  0.00385044
4.99972  0.0038667
4.99964  0.00385507
4.99964  0.00384268
5.00015  0.00386381
5.00011  0.00385161
5.0004  0.00385039
5.00051  0.00383967
5.00057  0.00382798
5.00067  0.00381724
5.00061  0.00380576
5.00034  0.00380355
5.00018  0.00379504
5.0004  0.00378957
5.0003  0.00377895
5.00003  0.00377718
4.99949  0.00380399
4.99926  0.00379939
4.9992  0.0037881
4.99952  0.00378937
4.99958  0.0037784
4.99971  0.00376916
4.99964  0.00375848
4.99958  0.00374753
4.99938  0.00374166
4.99966  0.0037408
4.99976  0.00373104
4.99971  0.00372029
4.99994  0.00371661
4.99996  0.00370561
4.99982  0.00369741
4.99943  0.00370652
4.99935  0.00369651
4.99896  0.00370626
4.99921  0.00370387
4.99928  0.00369386
4.99955  0.00369232
4.99933  0.00368798
4.99964  0.0036905
4.99971  0.00368057
4.9998  0.00367115
4.99976  0.00366095
4.99972  0.00365067
4.99992  0.00364596
4.99991  0.00363565
4.99971  0.00363064
5.00028  0.0036652
5.0004  0.00365679
5.0003  0.00364792
5.00021  0.00363888
5.0005  0.00364033
5.00051  0.00363021
5.00056  0.0036205
5.00058  0.0036105
5.00075  0.00360483
5.00063  0.00359713
5.00086  0.00359493
5.00085  0.00358511
5.00104  0.00358049
5.00095  0.00357175
5.00079  0.00356594
5.00065  0.00355905
5.00067  0.00354951
5.00075  0.00354079
5.00063  0.0035332
5.00103  0.00354656
5.00115  0.00353917
5.0014  0.0035384
5.00149  0.0035302
5.00137  0.003523
5.00145  0.00351457
5.00137  0.00350628
5.00164  0.00350779
5.00155  0.00349981
5.00143  0.00349261
5.00183  0.00350614
5.00187  0.00349722
5.00166  0.00349459
5.00174  0.00348647
5.00156  0.00348176
5.00138  0.0034775
5.00146  0.00346938
5.00133  0.00346281
5.00157  0.0034624
5.00115  0.00347989
5.00115  0.00347104
5.00118  0.00346238
5.00117  0.00345364
5.00114  0.003445
5.0009  0.00344491
5.00112  0.00344359
5.00129  0.00343879
5.00141  0.00343239
5.00154  0.00342621
5.00139  0.00342087
5.0013  0.00341361
5.0013  0.00340517
5.001  0.00340967
5.00102  0.00340132
5.00117  0.00339628
5.00118  0.00338796
5.00091  0.00338992
5.00092  0.00338167
5.00109  0.00337758
5.00115  0.00337001
5.00118  0.00336195
5.00125  0.00335466
5.00136  0.00334829
5.00145  0.00334147
5.0016  0.00333654
5.00151  0.00332967
5.00129  0.00332875
5.00125  0.00332115
5.00141  0.00331721
5.00197  0.00335631
5.0021  0.00335108
5.00205  0.00334357
5.0018  0.00334525
5.00192  0.00333951
5.00207  0.00333525
5.00189  0.00333266
5.00166  0.00333283
5.00195  0.00333839
5.00198  0.00333076
5.00186  0.00332544
5.00186  0.00331776
5.00162  0.00331883
5.00149  0.00331363
5.00146  0.00330624
5.0015  0.00329899
5.00157  0.00329208
5.00175  0.00328977
5.0016  0.00328566
5.00136  0.003287
5.00126  0.00328107
5.00107  0.00327915
5.00095  0.00327415
5.00087  0.00326766
5.0007  0.00326509
5.00092  0.0032655
5.00082  0.00325964
5.00095  0.00325473
5.00092  0.00324759
5.00089  0.0032406
5.0009  0.00323348
5.0009  0.00322634
5.00093  0.0032193
5.00075  0.00321679
5.00067  0.00321087
5.00071  0.00320416
5.00082  0.00319876
5.00067  0.00319528
5.00096  0.0032015
5.00101  0.00319498
5.00068  0.00320438
5.00093  0.0032072
5.00102  0.00320152
5.00093  0.00319603
5.00085  0.00319027
5.00084  0.00318345
5.00086  0.00317671
5.00091  0.00317041
5.00118  0.00317497
5.00093  0.00317793
5.00078  0.00317491
5.0006  0.00317345
5.00054  0.0031672
5.00066  0.00316284
5.00069  0.00315629
5.00076  0.00315058
5.00085  0.00314516
5.00063  0.00314604
5.00053  0.00314111
5.00065  0.00313679
5.00067  0.00313033
5.00069  0.0031239
5.00065  0.00311762
5.00066  0.00311122
5.00076  0.00310616
5.00086  0.00310151
5.00076  0.00309681
5.00125  0.00312922
5.00105  0.0031293
5.00095  0.00312437
5.00091  0.00311832
5.00104  0.00311483
5.00081  0.00311732
5.00093  0.00311337
5.00113  0.00311341
5.00106  0.00310791
5.00122  0.00310566
5.00121  0.00309944
5.0013  0.00309437
