0  1.1533  0
1  1.15588  0.00182633
2  1.15672  0.00139569
3  1.15711  0.00110078
4  1.15734  0.00090517
5  1.1575  0.000768137
6  1.15762  0.000667093
7  1.1577  0.000589041
8  1.15778  0.000529167
9  1.15786  0.000481928
10  1.15793  0.000442918
11  1.15799  0.000409693
12  1.15803  0.00038087
13  1.15808  0.000356957
14  1.15813  0.000335956
15  1.15816  0.000316801
16  1.15819  0.000299403
17  1.15822  0.000283664
18  1.15823  0.000269257
19  1.15825  0.000256098
20  1.15826  0.000244219
21  1.15827  0.000233299
22  1.15828  0.000223305
23  1.15829  0.000214334
24  1.1583  0.000206338
25  1.15832  0.000198754
26  1.15833  0.000191653
27  1.15834  0.000185142
28  1.15835  0.000178997
29  1.15836  0.000173293
30  1.15836  0.000167846
31  1.15837  0.000162689
32  1.15838  0.00015787
33  1.15838  0.000153345
34  1.15839  0.00014912
35  1.15839  0.000145046
36  1.1584  0.000141149
37  1.1584  0.000137436
38  1.1584  0.000133915
39  1.1584  0.00013062
40  1.15841  0.000127546
41  1.15841  0.000124729
42  1.15842  0.000122037
43  1.15843  0.000119408
44  1.15843  0.000116888
45  1.15844  0.000114455
46  1.15844  0.000112096
47  1.15845  0.000109824
48  1.15845  0.000107604
49  1.15845  0.000105473
50  1.15845  0.000103412
51  1.15845  0.000101426
52  1.15845  9.95328e-05
53  1.15846  9.77832e-05
54  1.15846  9.6124e-05
55  1.15847  9.445e-05
56  1.15847  9.28011e-05
57  1.15847  9.12056e-05
58  1.15847  8.97011e-05
59  1.15847  8.82269e-05
60  1.15848  8.68237e-05
61  1.15848  8.54288e-05
62  1.15848  8.40779e-05
63  1.15847  8.27664e-05
64  1.15847  8.15041e-05
65  1.15847  8.027e-05
66  1.15847  7.90789e-05
67  1.15847  7.79219e-05
68  1.15847  7.68251e-05
69  1.15847  7.57533e-05
70  1.15847  7.4701e-05
71  1.15847  7.36676e-05
72  1.15847  7.26799e-05
73  1.15847  7.17594e-05
74  1.15847  7.08091e-05
75  1.15847  6.98785e-05
76  1.15847  6.89796e-05
77  1.15848  6.8113e-05
78  1.15848  6.72878e-05
79  1.15848  6.64794e-05
80  1.15848  6.56587e-05
81  1.15848  6.48687e-05
82  1.15848  6.40925e-05
83  1.15848  6.33403e-05
84  1.15848  6.26305e-05
85  1.15848  6.19269e-05
86  1.15849  6.12607e-05
87  1.15849  6.06437e-05
88  1.15849  5.99935e-05
89  1.15849  5.93459e-05
90  1.15849  5.87041e-05
91  1.15849  5.80857e-05
92  1.1585  5.75088e-05
93  1.1585  5.69066e-05
94  1.1585  5.63114e-05
95  1.1585  5.57587e-05
96  1.1585  5.52187e-05
97  1.15851  5.47051e-05
98  1.15851  5.42018e-05
99  1.15851  5.36692e-05
