0  -0.57781  0
1  -0.565486  0.00871456
2  -0.548983  0.0146739
3  -0.536536  0.0154048
4  -0.537763  0.0123726
5  -0.54051  0.0106109
6  -0.539623  0.00913201
7  -0.538398  0.00807224
8  -0.53909  0.00720486
9  -0.539342  0.00648879
10  -0.534252  0.00763856
11  -0.526477  0.0102196
12  -0.518483  0.0121648
13  -0.50933  0.0143313
14  -0.502479  0.0149239
15  -0.495912  0.0153683
16  -0.487354  0.0166775
17  -0.485762  0.0158268
18  -0.482327  0.0153621
19  -0.478507  0.0150613
20  -0.475096  0.0147253
21  -0.473339  0.0141605
22  -0.470892  0.0137545
23  -0.468681  0.013358
24  -0.466048  0.0130805
25  -0.464459  0.0126736
26  -0.464523  0.0122044
27  -0.465023  0.0117787
28  -0.463439  0.0114785
29  -0.462296  0.0111527
30  -0.46072  0.0109037
31  -0.458052  0.0108844
32  -0.458062  0.0105545
33  -0.457668  0.0102515
34  -0.455733  0.0101394
35  -0.455313  0.00986651
36  -0.45599  0.0096231
37  -0.456607  0.0093896
38  -0.456015  0.00916751
39  -0.456607  0.00895744
40  -0.455151  0.00885657
41  -0.453831  0.00874348
42  -0.453324  0.0085548
43  -0.452702  0.00838299
44  -0.45237  0.00820326
45  -0.452089  0.00802973
46  -0.451689  0.00786885
47  -0.451491  0.00770742
48  -0.451666  0.0075521
49  -0.453019  0.00752145
50  -0.453982  0.00743532
51  -0.454627  0.00732021
52  -0.456646  0.00745531
53  -0.457346  0.00735007
54  -0.457889  0.00723649
55  -0.45821  0.00711438
56  -0.45788  0.00699722
57  -0.457722  0.00687836
58  -0.458059  0.00677001
59  -0.458643  0.00668234
60  -0.45766  0.00664469
61  -0.456242  0.00668704
62  -0.455808  0.00659498
63  -0.456193  0.00650313
64  -0.456991  0.00645195
65  -0.457868  0.00641354
66  -0.458519  0.00635077
67  -0.459253  0.00629959
68  -0.460883  0.00641561
69  -0.461807  0.00639023
70  -0.462297  0.00631894
71  -0.462271  0.00623123
72  -0.462859  0.00617352
73  -0.462661  0.00609326
74  -0.462666  0.00601201
75  -0.462411  0.00593831
76  -0.461195  0.00598425
77  -0.46019  0.00599138
78  -0.459723  0.0059337
79  -0.459557  0.00586186
80  -0.459331  0.00579384
81  -0.459712  0.00573569
82  -0.459805  0.00566734
83  -0.460143  0.00560992
84  -0.459314  0.00560491
85  -0.458912  0.00555411
86  -0.458597  0.00549918
87  -0.45809  0.00546007
88  -0.457272  0.00545957
89  -0.457044  0.00540369
90  -0.456675  0.00535688
91  -0.455935  0.00534952
92  -0.455229  0.00533837
93  -0.454396  0.00534608
94  -0.45395  0.00530838
95  -0.453187  0.00530763
96  -0.452953  0.00525811
97  -0.452963  0.00520447
98  -0.452958  0.0051519
99  -0.453153  0.00510405
