-0.0318398
-0.0318487
-0.031864
-0.0318856
-0.0319135
-0.0319477
-0.0319882
-0.032035
-0.0320881
-0.0321476
-0.0322134
-0.0322857
-0.0323643
-0.0324567
-0.0325581
-0.0326616
-0.0327885
-0.0329154
-0.0330543
-0.0332052
-0.0333611
-0.0335267
-0.0336905
-0.033869
-0.0340744
-0.0342737
-0.0344811
-0.0346992
-0.0349233
-0.0351465
-0.0353902
-0.0356358
-0.035881
-0.0361497
-0.0364232
-0.0367065
-0.036988
-0.0372846
-0.0375894
-0.0379075
-0.0382224
-0.0385536
-0.0389015
-0.0392782
-0.0396439
-0.0400251
-0.0404245
-0.0408331
-0.0412634
-0.0416969
-0.0421437
-0.0426161
-0.043103
-0.0436123
-0.0441444
-0.0446909
-0.0452619
-0.0458418
-0.0464527
-0.0470837
-0.0477407
-0.0484103
-0.0491129
-0.0498423
-0.0506048
-0.0513875
-0.0522038
-0.0530504
-0.0539387
-0.054849
-0.0558094
-0.0568078
-0.0578391
-0.0589342
-0.0600744
-0.0612597
-0.0624956
-0.0637824
-0.0651235
-0.0665294
-0.0680059
-0.0695546
-0.0711818
-0.0728773
-0.0746645
-0.0765239
-0.0784815
-0.0805347
-0.082695
-0.0849502
-0.0873183
-0.0897955
-0.0923844
-0.0950859
-0.0979088
-0.10084
-0.103876
-0.107
-0.110208
-0.113464
-0.116726
-0.119946
-0.123066
-0.125996
-0.128599
-0.130753
-0.13228
-0.132982
-0.132672
-0.13121
-0.128491
-0.124615
-0.119912
-0.114972
-0.110629
-0.107796
-0.107211
-0.109222
-0.113711
-0.120125
-0.127637
-0.135333
-0.14235
-0.148054
-0.152102
-0.15458
-0.156006
-0.157278
-0.159427
-0.163317
-0.169299
-0.177059
-0.185772
-0.194393
-0.201971
-0.207855
-0.211719
-0.21356
-0.213615
-0.21228
-0.210049
-0.207398
-0.204715
-0.202239
-0.200063
-0.19813
-0.196338
-0.194598
-0.192787
-0.190815
-0.188594
-0.186206
-0.18398
-0.182482
-0.182413
-0.184326
-0.188444
-0.194624
-0.202381
-0.211055
-0.219973
-0.228476
-0.236029
-0.242224
-0.246812
-0.249705
-0.250992
-0.250911
-0.249796
-0.248077
-0.246243
-0.244711
-0.2439
-0.244044
-0.245251
-0.247452
-0.250463
-0.253967
-0.257672
-0.261269
-0.264511
-0.267247
-0.269406
-0.271031
-0.272209
-0.273092
-0.273817
-0.274484
-0.275136
-0.275776
-0.276386
-0.276933
-0.277441
-0.277962
-0.278527
-0.279199
-0.279988
-0.280893
-0.281861
-0.282843
-0.283803
-0.284726
-0.285617
-0.286508
-0.287478
-0.288602
-0.289928
-0.291493
-0.293321
-0.295393
-0.297664
-0.300042
-0.302458
-0.304807
-0.306988
-0.308908
-0.310463
-0.311576
-0.31218
-0.312213
-0.31167
-0.310583
-0.309026
-0.30714
-0.305114
-0.303153
-0.30141
-0.299987
-0.29883
-0.297779
-0.296559
-0.294881
-0.292493
-0.289292
-0.285351
-0.281001
-0.276844
-0.273698
-0.272428
-0.273686
-0.277705
-0.284138
-0.29215
-0.300675
-0.3086
-0.314984
-0.319098
-0.320409
-0.318609
-0.31379
-0.306599
-0.298447
-0.291406
-0.287622
-0.288373
-0.293472
-0.301452
-0.310342
-0.318358
-0.324203
-0.327069
-0.32649
-0.322308
-0.314587
-0.303735
-0.290591
-0.276499
-0.263316
-0.253098
-0.247651
-0.247945
-0.253783
-0.263934
-0.276504
-0.289574
-0.301606
-0.311708
-0.319479
-0.325014
-0.328614
-0.330722
-0.331794
-0.332233
-0.33237
-0.332426
-0.332556
-0.332783
-0.333128
-0.333571
-0.334064
-0.334586
-0.335121
-0.335676
-0.336235
-0.336809
-0.337393
-0.337962
-0.338504
-0.338945
-0.339199
-0.339139
-0.3386
-0.337372
-0.335209
-0.331847
-0.327079
-0.320831
-0.313299
-0.305088
-0.297203
-0.290894
-0.287223
-0.286561
-0.288517
-0.292082
-0.296166
-0.299905
-0.302844
-0.304849
-0.30601
-0.306545
-0.306725
-0.306817
-0.306998
-0.307357
-0.307932
-0.308637
-0.309341
-0.309912
-0.310238
-0.310243
-0.309969
-0.309501
-0.309005
-0.308672
-0.3086
-0.308851
-0.309383
-0.310075
-0.310763
-0.311275
-0.311524
-0.311406
-0.310959
-0.310222
-0.30932
-0.308358
-0.307472
-0.306759
-0.306274
-0.306038
-0.306025
-0.306203
-0.306518
-0.306926
-0.307382
-0.307876
-0.308415
-0.308995
-0.309644
-0.310361
-0.311122
-0.311899
-0.312595
-0.313135
-0.313395
-0.313224
-0.312433
-0.310809
-0.308144
-0.304241
-0.298912
-0.292072
-0.283814
-0.274529
-0.264956
-0.256206
-0.249621
-0.246424
-0.247382
-0.252513
-0.261037
-0.271706
-0.28316
-0.294246
-0.304154
-0.312434
-0.318917
-0.32355
-0.326393
-0.327489
-0.326889
-0.324647
-0.320829
-0.315609
-0.309317
-0.302477
-0.295753
-0.289814
-0.28516
-0.281943
-0.280035
-0.27908
-0.27873
-0.278814
-0.279272
-0.280169
-0.281529
-0.283326
-0.285435
-0.287685
-0.289898
-0.291954
-0.293782
-0.295384
-0.296784
-0.298047
-0.299202
-0.300307
-0.301355
-0.302358
-0.303314
-0.304205
-0.305025
-0.305766
-0.306408
-0.306964
-0.307446
-0.307835
-0.308175
-0.308448
-0.308676
-0.308873
-0.309029
-0.309161
-0.309244
-0.309281
-0.309251
-0.309146
-0.308943
-0.30862
-0.308153
-0.307507
-0.306671
-0.305602
-0.304292
-0.302754
-0.300993
-0.299083
-0.297069
-0.295079
-0.293241
-0.291669
-0.290487
-0.289722
-0.289355
-0.289301
-0.289421
-0.28957
-0.2896
-0.289396
-0.288912
-0.288141
-0.287163
-0.286082
-0.28503
-0.284196
-0.283712
-0.283703
-0.284247
-0.285325
-0.286866
-0.288745
-0.290772
-0.292775
-0.29457
-0.296035
-0.297081
-0.297704
-0.297961
-0.297919
-0.297675
-0.297318
-0.296889
-0.296371
-0.295727
-0.294834
-0.293623
-0.292053
-0.290122
-0.287941
-0.285654
-0.283453
-0.281525
-0.280054
-0.279127
-0.278761
-0.27889
-0.279361
-0.279966
-0.280527
-0.280934
-0.281147
-0.281259
-0.28149
-0.282055
-0.283112
-0.284703
-0.286706
-0.28892
-0.291146
-0.293158
-0.29482
-0.29602
-0.296681
-0.296769
-0.296293
-0.295317
-0.294002
-0.292574
-0.291262
-0.290262
-0.289726
-0.289742
-0.290332
-0.29153
-0.293406
-0.296041
-0.299456
-0.303575
-0.308222
-0.313085
-0.317831
-0.322169
-0.325853
-0.328714
-0.330634
-0.331571
-0.331495
-0.330442
-0.328461
-0.325682
-0.322304
-0.318568
-0.314781
-0.311237
-0.308145
-0.305671
-0.303914
-0.302898
-0.302589
-0.302872
-0.303569
-0.304372
-0.304907
-0.304788
-0.303725
-0.301583
-0.298437
-0.294596
-0.290541
-0.28685
-0.28403
-0.282401
-0.281986
-0.282568
-0.283736
-0.285049
-0.286163
-0.286902
-0.287281
-0.287517
-0.287938
-0.288781
-0.290242
-0.292243
-0.294615
-0.297136
-0.299694
-0.302292
-0.305057
-0.308138
-0.311512
-0.31508
-0.318591
-0.321781
-0.324388
-0.326271
-0.327327
-0.327543
-0.326917
-0.325498
-0.323323
-0.320432
-0.316873
-0.312706
-0.308052
-0.303104
-0.298124
-0.293482
-0.289588
-0.286852
-0.285565
-0.285835
-0.28752
-0.29032
-0.293846
-0.297699
-0.30156
-0.305199
-0.308488
-0.31136
-0.31381
-0.315844
-0.317514
-0.31885
-0.319879
-0.32061
-0.321086
-0.321289
-0.321232
-0.320927
-0.320416
-0.319744
-0.319029
-0.318412
-0.318054
-0.318152
-0.318852
-0.320246
-0.322324
-0.32495
-0.3279
-0.33088
-0.333535
-0.335498
-0.336389
-0.3358
-0.333373
-0.328811
-0.321998
-0.313106
-0.302737
-0.291941
-0.281985
-0.274189
-0.26979
-0.269842
-0.274798
-0.284033
-0.295673
-0.307337
-0.31701
-0.323457
-0.326148
-0.324957
-0.319953
-0.311392
-0.300065
-0.287709
-0.277191
-0.271826
-0.273706
-0.282264
-0.294671
-0.307588
-0.318668
-0.326913
-0.332277
-0.335173
-0.336176
-0.335788
-0.334441
-0.33247
-0.33013
-0.327659
-0.325284
-0.323286
-0.321919
-0.321429
-0.321931
-0.323383
-0.325593
-0.328234
-0.33097
-0.333451
-0.335421
-0.336718
-0.337197
-0.336746
-0.335227
-0.332493
-0.328362
-0.322711
-0.315552
-0.30717
-0.298286
-0.290015
-0.283728
-0.28061
-0.281167
-0.285015
-0.291093
-0.298079
-0.304878
-0.310769
-0.315421
-0.318846
-0.321166
-0.322624
-0.32346
-0.32386
-0.323972
-0.323897
-0.323613
-0.323098
-0.322299
-0.321155
-0.319672
-0.31793
-0.316094
-0.314412
-0.313131
-0.312472
-0.312506
-0.313198
-0.314411
-0.316
-0.317814
-0.319748
-0.321702
-0.323507
-0.324982
-0.325908
-0.326055
-0.325276
-0.323545
-0.32099
-0.317889
-0.314663
-0.311734
-0.309511
-0.308233
-0.30799
-0.308684
-0.310133
-0.312122
-0.314389
-0.316666
-0.318743
-0.320413
-0.321608
-0.322295
-0.322579
-0.32257
-0.322437
-0.322374
-0.322497
-0.32297
-0.323842
-0.325111
-0.326709
-0.328461
-0.330158
-0.331586
-0.332557
-0.332923
-0.332617
-0.331608
-0.329966
-0.327818
-0.325333
-0.322781
-0.320447
-0.318581
-0.317387
-0.316961
-0.317284
-0.31827
-0.319768
-0.321682
-0.323873
-0.326203
-0.328588
-0.330906
-0.333038
-0.33486
-0.336286
-0.337211
-0.337584
-0.337349
-0.336487
-0.334985
-0.332876
-0.330173
-0.326933
-0.323257
-0.31926
-0.315094
-0.310917
-0.306911
-0.303229
-0.3
-0.297326
-0.295221
-0.29364
-0.292523
-0.291795
-0.291418
-0.291447
-0.291979
-0.293137
-0.294998
-0.297517
-0.300532
-0.30379
-0.307008
-0.309922
-0.312375
-0.314287
-0.315627
-0.316463
-0.316878
-0.316983
-0.316876
-0.316653
-0.316406
-0.31618
-0.316018
-0.315928
-0.315915
-0.315949
-0.316001
-0.316027
-0.315972
-0.31579
-0.315428
-0.314816
-0.313927
-0.31272
-0.311192
-0.30937
-0.307344
-0.30523
-0.303207
-0.301498
-0.300336
-0.299896
-0.300277
-0.301465
-0.303288
-0.305482
-0.307645
-0.309326
-0.310021
-0.30925
-0.306518
-0.301419
-0.293769
-0.28376
-0.272181
-0.260569
-0.251055
-0.245862
-0.24639
-0.252417
-0.262008
-0.272305
-0.280644
-0.285284
-0.285609
-0.282107
-0.276153
-0.269828
-0.265221
-0.263878
-0.266133
-0.27115
-0.277495
-0.283745
-0.289003
-0.292983
-0.295951
-0.298447
-0.301019
-0.304047
-0.30763
-0.311624
-0.315785
-0.319859
-0.32365
-0.32707
-0.330071
-0.332635
-0.334795
-0.336542
-0.337862
-0.338738
-0.339084
-0.338823
-0.337824
-0.33595
-0.333056
-0.329051
-0.323948
-0.317882
-0.31123
-0.304515
-0.298246
-0.29269
-0.287599
-0.282298
-0.275938
-0.268117
-0.259442
-0.251834
-0.247962
-0.249941
-0.257894
-0.26995
-0.283385
-0.295907
-0.306247
-0.314001
-0.319324
-0.322607
-0.324296
-0.324812
-0.324547
-0.323862
-0.323094
-0.322564
-0.322534
-0.323149
-0.32446
-0.326355
-0.328614
-0.330973
-0.333176
-0.335016
-0.336337
-0.337059
-0.337141
-0.33654
-0.335252
-0.333232
-0.330417
-0.326744
-0.322098
-0.31642
-0.309695
-0.30201
-0.293626
-0.284983
-0.276679
-0.269361
-0.263553
-0.259571
-0.25742
-0.256892
-0.257628
-0.259239
-0.26132
-0.263488
-0.265435
-0.266977
-0.268069
-0.268785
-0.269328
-0.269951
-0.270877
-0.272286
-0.274217
-0.27661
-0.279343
-0.282227
-0.285057
-0.287684
-0.290023
-0.291972
-0.29351
-0.29466
-0.29545
-0.295932
-0.29615
-0.296155
-0.295985
-0.295679
-0.295268
-0.294758
-0.29416
-0.293481
-0.292694
-0.291786
-0.290693
-0.289368
-0.287739
-0.285737
-0.283302
-0.280356
-0.291744
-0.296062
-0.299111
-0.302477
-0.306243
-0.310204
-0.314045
-0.317459
-0.320112
-0.321622
-0.321603
-0.31965
-0.315346
-0.308232
-0.297756
-0.283011
-0.26238
-0.23321
-0.192713
-0.142597
-0.0970906
-0.0797164
-0.0977372
-0.131807
-0.16097
-0.178503
-0.186625
-0.18938
-0.190198
-0.191606
-0.195243
-0.201634
-0.20967
-0.216099
-0.215359
-0.201201
-0.173444
-0.148725
-0.154848
-0.196713
-0.249066
-0.290336
-0.316452
-0.331537
-0.340028
-0.344623
-0.346641
-0.346674
-0.345268
-0.343206
-0.341599
-0.34148
-0.343301
-0.346668
-0.350572
-0.353963
-0.356196
-0.357155
-0.35714
-0.356607
-0.355949
-0.355342
-0.354651
-0.353387
-0.350679
-0.345264
-0.335798
-0.321672
-0.304625
-0.28993
-0.284507
-0.291397
-0.306672
-0.323105
-0.335477
-0.342191
-0.343975
-0.342323
-0.338701
-0.334172
-0.329348
-0.324477
-0.319545
-0.314492
-0.309485
-0.304978
-0.301694
-0.300319
-0.301079
-0.303398
-0.305866
-0.306477
-0.302865
-0.292608
-0.274116
-0.248839
-0.224262
-0.212717
-0.221779
-0.246249
-0.274197
-0.297349
-0.313529
-0.323814
-0.330015
-0.333601
-0.335565
-0.336516
-0.336828
-0.336768
-0.33651
-0.336175
-0.335874
-0.335672
-0.335574
-0.335597
-0.335678
-0.335714
-0.335557
-0.335072
-0.334061
-0.332338
-0.329707
-0.325963
-0.321021
-0.314927
-0.308147
-0.301606
-0.296754
-0.295144
-0.297687
-0.30416
-0.313289
-0.32339
-0.333017
-0.341324
-0.347978
-0.352994
-0.356543
-0.358845
-0.360118
-0.360516
-0.360163
-0.359151
-0.357583
-0.355578
-0.353251
-0.350746
-0.348247
-0.345909
-0.3439
-0.342379
-0.341452
-0.341155
-0.341496
-0.342394
-0.343702
-0.345237
-0.34679
-0.348156
-0.349159
-0.349686
-0.349707
-0.349292
-0.348611
-0.347907
-0.347416
-0.347317
-0.347655
-0.348315
-0.34907
-0.349695
-0.350011
-0.34997
-0.349682
-0.34939
-0.349395
-0.350045
-0.351615
-0.35425
-0.357903
-0.362375
-0.36734
-0.372404
-0.377241
-0.381563
-0.385151
-0.387888
-0.389681
-0.390469
-0.390183
-0.388729
-0.38599
-0.381875
-0.376392
-0.369767
-0.362605
-0.355937
-0.351043
-0.348943
-0.349943
-0.353404
-0.358026
-0.362394
-0.365391
-0.366367
-0.365115
-0.361842
-0.357199
-0.35227
-0.348516
-0.347312
-0.349429
-0.354645
-0.361915
-0.369858
-0.377323
-0.38362
-0.388507
-0.392036
-0.394422
-0.395917
-0.396782
-0.397226
-0.39743
-0.397551
-0.397736
-0.398141
-0.398905
-0.400168
-0.402034
-0.404534
-0.40763
-0.411173
-0.414924
-0.418599
-0.421872
-0.424414
-0.425886
-0.425955
-0.424306
-0.420701
-0.415142
-0.408071
-0.400526
-0.394149
-0.390689
-0.391205
-0.395493
-0.402285
-0.409882
-0.416935
-0.422696
-0.426855
-0.429292
-0.429793
-0.428028
-0.42357
-0.416091
-0.405665
-0.393167
-0.38049
-0.370247
-0.364886
-0.365566
-0.371697
-0.381516
-0.392957
-0.404336
-0.414562
-0.42309
-0.429788
-0.434847
-0.438618
-0.441465
-0.443721
-0.445642
-0.447378
-0.448984
-0.45046
-0.451766
-0.45288
-0.453742
-0.454337
-0.454627
-0.454582
-0.45419
-0.453412
-0.452288
-0.450838
-0.449121
-0.447242
-0.445359
-0.443662
-0.442355
-0.441639
-0.441629
-0.442323
-0.443608
-0.445259
-0.446953
-0.4483
-0.44889
-0.448304
-0.4461
-0.441828
-0.435046
-0.425522
-0.41354
-0.400458
-0.389086
-0.383131
-0.385222
-0.394795
-0.408386
-0.421895
-0.432697
-0.44008
-0.444671
-0.44766
-0.450219
-0.453139
-0.456685
-0.460626
-0.464413
-0.46734
-0.4687
-0.467829
-0.464161
-0.457352
-0.44753
-0.435561
-0.423304
-0.413214
-0.407434
-0.406755
-0.410426
-0.4169
-0.424673
-0.43267
-0.440193
-0.446734
-0.45197
-0.455749
-0.45805
-0.458991
-0.458743
-0.457463
-0.455352
-0.452577
-0.449311
-0.445722
-0.442019
-0.438439
-0.435226
-0.43264
-0.430875
-0.430051
-0.430156
-0.431075
-0.432601
-0.434493
-0.436508
-0.438465
-0.440247
-0.441786
-0.443065
-0.444088
-0.444866
-0.445446
-0.445861
-0.446142
-0.446314
-0.446403
-0.446437
-0.446421
-0.446376
-0.446317
-0.446265
-0.446229
-0.446257
-0.44636
-0.446613
-0.44704
-0.447682
-0.448585
-0.449733
-0.451082
-0.45252
-0.453904
-0.455026
-0.455651
-0.45548
-0.454233
-0.451714
-0.447937
-0.443344
-0.439064
-0.436803
-0.438236
-0.444105
-0.453691
-0.465133
-0.476447
-0.486224
-0.493823
-0.499222
-0.502732
-0.504784
-0.505785
-0.506079
-0.505902
-0.505361
-0.50444
-0.50307
-0.501126
-0.498546
-0.495388
-0.491916
-0.488563
-0.485859
-0.484257
-0.483899
-0.484578
-0.485731
-0.486688
-0.486793
-0.485656
-0.483189
-0.479718
-0.47586
-0.472378
-0.469865
-0.468472
-0.467854
-0.467346
-0.466384
-0.464804
-0.462854
-0.461028
-0.45975
-0.459186
-0.459218
-0.459592
-0.460079
-0.460528
-0.460969
-0.461581
-0.462598
-0.464241
-0.46658
-0.469535
-0.472934
-0.476522
-0.480012
-0.483118
-0.485595
-0.487278
-0.488071
-0.487983
-0.487071
-0.485467
-0.483295
-0.480712
-0.477861
-0.474888
-0.471916
-0.469062
-0.466407
-0.464032
-0.461987
-0.460309
-0.458983
-0.458
-0.457336
-0.456936
-0.456749
-0.456727
-0.456811
-0.45695
-0.457115
-0.45728
-0.457445
-0.457609
-0.457766
-0.457957
-0.458162
-0.4584
-0.458674
-0.458984
-0.459302
-0.459605
-0.459854
-0.460014
-0.460027
-0.459832
-0.459372
-0.458611
-0.457537
-0.456228
-0.454785
-0.453467
-0.45255
-0.452296
-0.452857
-0.454248
-0.456264
-0.45859
-0.460871
-0.462786
-0.464131
-0.464833
-0.464924
-0.464534
-0.463864
-0.46313
-0.462518
-0.462061
-0.461592
-0.460733
-0.458892
-0.455512
-0.450442
-0.444283
-0.43854
-0.435008
-0.434503
-0.435457
-0.433784
-0.424313
-0.404085
-0.378036
-0.362388
-0.373332
-0.407957
-0.448179
-0.480382
-0.501428
-0.513511
-0.519692
-0.522268
-0.522657
-0.521635
-0.519566
-0.516546
-0.51252
-0.507386
-0.501046
-0.493537
-0.485152
-0.476425
-0.468044
-0.460573
-0.454192
-0.448676
-0.443555
-0.438563
-0.433974
-0.43075
-0.430214
-0.433316
-0.440016
-0.449217
-0.459288
-0.468779
-0.476753
-0.482851
-0.487107
-0.489719
-0.490989
-0.49118
-0.490488
-0.489102
-0.487109
-0.484589
-0.481594
-0.478137
-0.4742
-0.469775
-0.464857
-0.459489
-0.453825
-0.448158
-0.44295
-0.438764
-0.43612
-0.435347
-0.436387
-0.438857
-0.442195
-0.445821
-0.449305
-0.45241
-0.455034
-0.457143
-0.458731
-0.459749
-0.460123
-0.459741
-0.458486
-0.456269
-0.45307
-0.448937
-0.444023
-0.438574
-0.432917
-0.427443
-0.422548
-0.41856
-0.415719
-0.414075
-0.413556
-0.414037
-0.415296
-0.417158
-0.419464
-0.422088
-0.424937
-0.427914
-0.430922
-0.433857
-0.436588
-0.439022
-0.441067
-0.442692
-0.443861
-0.444558
-0.444824
-0.444671
-0.444151
-0.443289
-0.442114
-0.440677
-0.438989
-0.437114
-0.435096
-0.433
-0.430908
-0.428898
-0.427067
-0.425484
-0.424196
-0.423233
-0.422567
-0.422159
-0.421931
-0.42182
-0.421757
-0.421716
-0.421657
-0.421581
-0.421524
-0.421531
-0.421656
-0.42198
-0.422537
-0.423374
-0.424511
-0.425916
-0.427546
-0.429326
-0.43116
-0.432997
-0.434767
-0.436441
-0.438017
-0.439526
-0.44105
-0.442661
-0.444407
-0.446316
-0.448374
-0.450504
-0.452561
-0.45442
-0.455905
-0.456831
-0.457028
-0.456348
-0.454691
-0.452019
-0.448392
-0.44399
-0.439055
-0.433927
-0.428887
-0.424168
-0.419888
-0.416189
-0.413357
-0.411879
-0.412279
-0.414945
-0.419831
-0.426457
-0.434069
-0.441842
-0.449116
-0.45549
-0.460767
-0.464892
-0.467936
-0.470001
-0.471224
-0.471762
-0.471745
-0.47131
-0.470593
-0.469694
-0.46872
-0.467767
-0.466894
-0.466206
-0.465718
-0.465478
-0.465515
-0.465845
-0.46643
-0.467262
-0.468289
-0.469452
-0.470659
-0.471846
-0.472913
-0.473758
-0.474292
-0.474442
-0.474143
-0.473398
-0.472246
-0.470839
-0.469409
-0.468238
-0.467625
-0.467778
-0.468773
-0.470485
-0.472637
-0.474866
-0.476828
-0.478244
-0.47894
-0.478843
-0.477973
-0.476373
-0.474105
-0.471263
-0.467949
-0.464296
-0.460498
-0.456879
-0.453839
-0.451824
-0.451179
-0.452051
-0.454274
-0.457468
-0.461094
-0.464674
-0.467824
-0.47036
-0.472248
-0.473575
-0.474488
-0.47513
-0.475594
-0.475922
-0.476114
-0.476178
-0.476135
-0.476057
-0.476048
-0.47626
-0.476822
-0.477804
-0.479188
-0.480847
-0.482571
-0.484135
-0.485329
-0.486027
-0.48623
-0.486054
-0.485697
-0.485389
-0.485359
-0.485746
-0.486588
-0.487832
-0.489348
-0.49101
-0.492686
-0.494285
-0.495732
-0.497012
-0.49812
-0.499066
-0.499865
-0.500536
-0.501102
-0.501575
-0.501979
-0.502314
-0.502593
-0.502812
-0.502951
-0.502956
-0.502779
-0.502311
-0.501444
-0.50007
-0.498044
-0.495262
-0.491664
-0.487281
-0.482331
-0.477299
-0.472959
-0.470283
-0.470156
-0.472992
-0.478609
-0.486161
-0.49453
-0.502686
-0.509913
-0.515855
-0.520401
-0.523632
-0.525723
-0.526915
-0.527436
-0.527527
-0.52742
-0.527322
-0.52744
-0.527938
-0.528959
-0.530577
-0.532851
-0.535768
-0.539266
-0.543232
-0.547515
-0.551942
-0.556357
-0.560631
-0.564672
-0.568409
-0.571773
-0.574706
-0.577116
-0.578923
-0.579975
-0.580112
-0.579191
-0.577043
-0.573565
-0.56874
-0.562653
-0.55555
-0.547855
-0.540137
-0.53305
-0.527249
-0.523289
-0.521445
-0.521642
-0.523499
-0.526431
-0.529775
-0.533001
-0.53572
-0.537733
-0.539043
-0.539827
-0.54036
-0.540963
-0.541948
-0.543558
-0.545902
-0.548939
-0.552495
-0.556258
-0.559864
-0.562921
-0.565072
-0.566031
-0.565602
-0.563704
-0.560351
-0.555686
-0.550015
-0.543771
-0.537547
-0.531978
-0.527727
-0.525344
-0.525134
-0.527121
-0.531034
-0.536365
-0.542503
-0.548825
-0.554778
-0.55996
-0.564154
-0.567273
-0.569355
-0.570524
-0.570913
-0.570696
-0.570019
-0.568993
-0.567682
-0.566145
-0.564373
-0.562364
-0.560101
-0.557542
-0.554668
-0.551489
-0.548026
-0.544342
-0.540574
-0.536941
-0.533689
-0.531085
-0.529368
-0.52869
-0.529006
-0.530128
-0.53171
-0.533301
-0.534468
-0.534881
-0.534368
-0.53296
-0.530946
-0.528826
-0.527188
-0.52653
-0.527131
-0.528892
-0.531414
-0.534194
-0.536768
-0.538786
-0.540072
-0.540545
-0.540208
-0.539097
-0.537243
-0.534672
-0.531428
-0.52757
-0.523241
-0.518652
-0.5141
-0.509995
-0.506736
-0.504688
-0.504067
-0.504829
-0.506689
-0.509173
-0.511744
-0.513894
-0.515214
-0.515461
-0.514513
-0.512436
-0.509458
-0.506001
-0.502639
-0.499996
-0.498614
-0.498775
-0.50041
-0.50313
-0.506383
-0.509637
-0.512467
-0.514647
-0.516098
-0.516837
-0.516957
-0.516584
-0.51581
-0.514763
-0.513523
-0.512171
-0.510769
-0.509373
-0.508009
-0.506725
-0.505507
-0.50437
-0.503315
-0.502335
-0.521513
-0.531539
-0.537723
-0.54313
-0.548715
-0.55463
-0.560727
-0.566708
-0.572192
-0.576749
-0.579897
-0.58112
-0.579841
-0.575459
-0.567408
-0.55516
-0.538364
-0.516996
-0.491586
-0.463397
-0.434585
-0.407989
-0.386573
-0.372635
-0.367157
-0.369644
-0.378569
-0.391922
-0.407714
-0.424224
-0.440104
-0.454373
-0.46647
-0.476169
-0.483502
-0.488656
-0.491905
-0.493433
-0.493425
-0.492145
-0.490099
-0.488085
-0.487193
-0.488598
-0.493122
-0.50089
-0.511247
-0.522958
-0.534754
-0.54567
-0.555248
-0.563438
-0.570472
-0.576652
-0.582297
-0.58765
-0.592781
-0.597539
-0.601531
-0.60415
-0.604716
-0.602596
-0.597405
-0.589063
-0.577953
-0.565043
-0.551894
-0.540405
-0.532289
-0.528342
-0.528107
-0.530188
-0.532947
-0.535049
-0.535779
-0.534925
-0.532647
-0.529308
-0.525355
-0.521222
-0.517277
-0.513764
-0.510801
-0.508351
-0.506238
-0.504176
-0.501822
-0.498789
-0.494758
-0.48956
-0.483199
-0.475946
-0.468323
-0.460936
-0.454338
-0.44883
-0.444373
-0.44064
-0.437209
-0.433708
-0.429923
-0.425814
-0.421577
-0.417536
-0.414128
-0.41175
-0.4107
-0.411094
-0.412844
-0.415694
-0.419286
-0.423226
-0.427159
-0.43082
-0.43406
-0.436822
-0.439167
-0.441168
-0.442922
-0.444494
-0.44589
-0.447073
-0.447959
-0.448447
-0.448444
-0.447802
-0.446387
-0.444052
-0.440596
-0.435848
-0.429642
-0.421842
-0.412424
-0.401492
-0.389493
-0.377384
-0.366818
-0.360029
-0.35899
-0.364222
-0.374248
-0.38637
-0.397982
-0.407422
-0.414062
-0.417893
-0.419245
-0.418483
-0.415978
-0.41207
-0.407085
-0.401354
-0.395227
-0.389093
-0.383338
-0.378348
-0.374425
-0.371794
-0.3705
-0.370411
-0.371246
-0.37262
-0.374129
-0.375478
-0.376507
-0.377177
-0.377551
-0.377716
-0.377705
-0.377506
-0.377086
-0.376414
-0.375541
-0.374553
-0.373571
-0.372671
-0.371883
-0.371191
-0.370606
-0.370219
-0.370188
-0.370705
-0.371929
-0.373877
-0.376437
-0.379382
-0.38243
-0.385326
-0.387919
-0.390092
-0.391801
-0.393078
-0.393945
-0.394477
-0.394725
-0.394756
-0.394627
-0.394404
-0.394124
-0.393855
-0.393608
-0.393416
-0.39331
-0.393308
-0.393413
-0.393628
-0.393969
-0.394411
-0.394928
-0.395489
-0.396042
-0.396491
-0.396754
-0.396716
-0.396287
-0.395388
-0.393978
-0.392086
-0.389823
-0.387372
-0.384971
-0.382846
-0.381201
-0.380134
-0.379603
-0.379425
-0.379373
-0.379193
-0.378655
-0.377632
-0.376105
-0.374168
-0.371984
-0.369849
-0.368036
-0.366861
-0.366575
-0.36733
-0.369163
-0.371948
-0.375499
-0.379531
-0.383747
-0.387889
-0.391706
-0.395046
-0.397809
-0.399924
-0.401421
-0.402357
-0.402836
-0.402978
-0.402891
-0.402663
-0.402259
-0.401524
-0.400186
-0.397913
-0.394418
-0.389605
-0.383835
-0.377947
-0.373003
-0.369714
-0.367758
-0.365706
-0.361876
-0.35563
-0.348508
-0.34402
-0.345539
-0.353618
-0.3656
-0.377686
-0.387185
-0.393135
-0.395767
-0.395856
-0.394265
-0.391721
-0.388792
-0.385871
-0.383202
-0.3809
-0.378986
-0.377384
-0.37595
-0.374481
-0.372747
-0.370493
-0.367487
-0.363611
-0.358932
-0.353797
-0.34894
-0.345306
-0.343826
-0.345038
-0.348785
-0.354359
-0.360744
-0.367011
-0.372546
-0.377026
-0.380394
-0.382721
-0.384159
-0.384849
-0.384938
-0.38457
-0.383855
-0.382904
-0.381797
-0.380617
-0.37941
-0.378203
-0.377019
-0.375821
-0.374594
-0.373291
-0.371895
-0.370395
-0.368844
-0.367315
-0.365969
-0.364974
-0.364541
-0.364858
-0.366076
-0.368247
-0.371334
-0.375182
-0.379593
-0.384281
-0.389019
-0.39358
-0.397801
-0.401577
-0.404837
-0.407579
-0.409798
-0.411526
-0.412783
-0.413604
-0.414008
-0.414017
-0.413646
-0.412914
-0.411846
-0.410469
-0.408814
-0.406928
-0.404884
-0.402773
-0.400688
-0.398743
-0.397072
-0.39578
-0.394953
-0.394635
-0.394823
-0.395464
-0.396463
-0.397685
-0.39894
-0.400043
-0.400821
-0.401135
-0.400908
-0.400165
-0.399044
-0.397817
-0.396864
-0.396607
-0.39738
-0.399348
-0.402503
-0.40661
-0.411326
-0.416278
-0.421199
-0.425826
-0.430029
-0.433688
-0.436744
-0.439138
-0.440804
-0.441691
-0.441755
-0.441006
-0.439483
-0.437276
-0.434452
-0.431077
-0.427134
-0.422417
-0.416505
-0.408815
-0.398756
-0.386265
-0.372605
-0.361011
-0.355915
-0.360373
-0.373569
-0.391383
-0.409311
-0.424582
-0.436312
-0.44478
-0.450669
-0.454709
-0.457529
-0.459634
-0.461411
-0.463154
-0.464953
-0.466608
-0.467224
-0.464177
-0.450804
-0.411693
-0.321486
-0.184158
-0.123402
-0.224797
-0.351251
-0.418051
-0.438369
-0.434077
-0.416139
-0.38957
-0.358881
-0.33079
-0.313523
-0.31263
-0.327204
-0.35074
-0.37559
-0.396616
-0.4119
-0.421673
-0.427053
-0.42926
-0.429317
-0.427996
-0.425881
-0.423399
-0.420875
-0.41858
-0.416727
-0.415453
-0.414817
-0.414791
-0.415288
-0.416141
-0.417186
-0.418263
-0.419235
-0.420024
-0.420565
-0.420839
-0.420832
-0.420548
-0.41998
-0.419151
-0.418065
-0.416717
-0.415116
-0.413244
-0.411086
-0.408642
-0.405894
-0.402848
-0.399516
-0.395937
-0.392197
-0.388459
-0.384954
-0.381953
-0.379745
-0.37854
-0.378412
-0.379299
-0.38096
-0.383085
-0.385332
-0.38742
-0.389123
-0.390298
-0.390854
-0.390731
-0.389879
-0.388252
-0.38582
-0.382587
-0.378621
-0.37415
-0.369574
-0.365432
-0.362382
-0.360964
-0.36144
-0.363712
-0.36735
-0.371746
-0.376305
-0.380547
-0.384179
-0.387085
-0.389246
-0.39075
-0.391711
-0.392281
-0.392615
-0.392842
-0.393099
-0.393486
-0.394088
-0.394968
-0.396169
-0.397682
-0.399512
-0.401593
-0.403877
-0.406262
-0.408647
-0.410889
-0.412835
-0.41428
-0.414979
-0.414611
-0.412805
-0.409102
-0.403075
-0.394516
-0.383792
-0.372318
-0.36256
-0.357316
-0.358122
-0.364207
-0.372957
-0.381495
-0.387897
-0.391465
-0.392372
-0.391296
-0.389106
-0.386692
-0.384812
-0.383963
-0.384328
-0.385785
-0.388014
-0.390599
-0.393206
-0.395607
-0.397712
-0.399531
-0.40114
-0.402643
-0.404166
-0.405804
-0.40767
-0.409833
-0.412359
-0.415269
-0.418567
-0.422194
-0.426079
-0.430152
-0.43429
-0.43839
-0.442327
-0.446
-0.449319
-0.452172
-0.454486
-0.456184
-0.4572
-0.457489
-0.456946
-0.455505
-0.453074
-0.449576
-0.444975
-0.439328
-0.432819
-0.425843
-0.419015
-0.413094
-0.408843
-0.406745
-0.406821
-0.408596
-0.411223
-0.413785
-0.415464
-0.415716
-0.414248
-0.411006
-0.406173
-0.400076
-0.393118
-0.385803
-0.37865
-0.372282
-0.367388
-0.364705
-0.36491
-0.368418
-0.375207
-0.384769
-0.396223
-0.408485
-0.420591
-0.431795
-0.441669
-0.450027
-0.456874
-0.462291
-0.466402
-0.469346
-0.471235
-0.472178
-0.472281
-0.471585
-0.470151
-0.467992
-0.465079
-0.461337
-0.456677
-0.451002
-0.444211
-0.436267
-0.427288
-0.41756
-0.407649
-0.398304
-0.390311
-0.384293
-0.380536
-0.378971
-0.37942
-0.38163
-0.385248
-0.389661
-0.394045
-0.397445
-0.399056
-0.398347
-0.395153
-0.38979
-0.383026
-0.376035
-0.370118
-0.366318
-0.365105
-0.366371
-0.369645
-0.374341
-0.379901
-0.385836
-0.391655
-0.396946
-0.40144
-0.404901
-0.407205
-0.408249
-0.407996
-0.406461
-0.403723
-0.400006
-0.395684
-0.391222
-0.38715
-0.383921
-0.381765
-0.380709
-0.380579
-0.381102
-0.382045
-0.383195
-0.384391
-0.385485
-0.386313
-0.3867
-0.386486
-0.385567
-0.383919
-0.381639
-0.378915
-0.376065
-0.373504
-0.371662
-0.370917
-0.371517
-0.373503
-0.376644
-0.380528
-0.384674
-0.388655
-0.392133
-0.394975
-0.397171
-0.3988
-0.39999
-0.400842
-0.401388
-0.401594
-0.401383
-0.400677
-0.399436
-0.397738
-0.395785
-0.393896
-0.392404
-0.391548
-0.391405
-0.391825
-0.392529
-0.393227
-0.393733
-0.394018
-0.394169
-0.394323
-0.394559
-0.394782
-0.394736
-0.394032
-0.39225
-0.389019
-0.384141
-0.377632
-0.3697
-0.360812
-0.351552
-0.342654
-0.334989
-0.329502
-0.327183
-0.328731
-0.334165
-0.34257
-0.352459
-0.362238
-0.370672
-0.377064
-0.381173
-0.382996
-0.382679
-0.38038
-0.376308
-0.370741
-0.364074
-0.356884
-0.349936
-0.344083
-0.340162
-0.338735
-0.339938
-0.343439
-0.348542
-0.354464
-0.360434
-0.365895
-0.370518
-0.374182
-0.376901
-0.378777
-0.379942
-0.380525
-0.380677
-0.380452
-0.379893
-0.378976
-0.377627
-0.375694
-0.372958
-0.369111
-0.36381
-0.356774
-0.34793
-0.337691
-0.327257
-0.318564
-0.313699
-0.313871
-0.318673
-0.326437
-0.335186
-0.343462
-0.350552
-0.356333
-0.360965
-0.364674
-0.367689
-0.370201
-0.37236
-0.374249
-0.375963
-0.377534
-0.378957
-0.380198
-0.381186
-0.381848
-0.382113
-0.381933
-0.381292
-0.380233
-0.378813
-0.377178
-0.375495
-0.37398
-0.372814
-0.372131
-0.371988
-0.372315
-0.372978
-0.373801
-0.374567
-0.375098
-0.375284
-0.375077
-0.374488
-0.373597
-0.372532
-0.371447
-0.370528
-0.369942
-0.369847
-0.370362
-0.371495
-0.373234
-0.375417
-0.377864
-0.380275
-0.382378
-0.383919
-0.384719
-0.384739
-0.384089
-0.383116
-0.382326
-0.382268
-0.383409
-0.385928
-0.389638
-0.394145
-0.398907
-0.403446
-0.407397
-0.410567
-0.412857
-0.41429
-0.414916
-0.414799
-0.414017
-0.41268
-0.410849
-0.408628
-0.406114
-0.403415
-0.400614
-0.397819
-0.395119
-0.392594
-0.390333
-0.388465
-0.387119
-0.386422
-0.386454
-0.387264
-0.388806
-0.390975
-0.393605
-0.396494
-0.399445
-0.402282
-0.404851
-0.407026
-0.408681
-0.409701
-0.409996
-0.40948
-0.408109
-0.405896
-0.402968
-0.399556
-0.396007
-0.392737
-0.39018
-0.388659
-0.388289
-0.38898
-0.390455
-0.392354
-0.394345
-0.396156
-0.397633
-0.398696
-0.399329
-0.399549
-0.399399
-0.398905
-0.398118
-0.397106
-0.395893
-0.39454
-0.393116
-0.391687
-0.390326
-0.389121
-0.38813
-0.387386
-0.38691
-0.386681
-0.386659
-0.386756
-0.3869
-0.387023
-0.38705
-0.386967
-0.386766
-0.386461
-0.386123
-0.385817
-0.385664
-0.385731
-0.386143
-0.38695
-0.388205
-0.389926
-0.392069
-0.394575
-0.397328
-0.400185
-0.402987
-0.405571
-0.40776
-0.409372
-0.41024
-0.410187
-0.409008
-0.406526
-0.4026
-0.397144
-0.390248
-0.382257
-0.373897
-0.366278
-0.360772
-0.358626
-0.360452
-0.36598
-0.374098
-0.383352
-0.392397
-0.400296
-0.40659
-0.411168
-0.414117
-0.41563
-0.415962
-0.415338
-0.413967
-0.412045
-0.409727
-0.407148
-0.404436
-0.401703
-0.399074
-0.396672
-0.394606
-0.392994
-0.39194
-0.391545
-0.391851
-0.392879
-0.39462
-0.397027
-0.400016
-0.40351
-0.407362
-0.411424
-0.415528
-0.419502
-0.423195
-0.426386
-0.428887
-0.430441
-0.430737
-0.429432
-0.42622
-0.420935
-0.413824
-0.405746
-0.398317
-0.393483
-0.445064
-0.453435
-0.454467
-0.454745
-0.455115
-0.455639
-0.456308
-0.457114
-0.458052
-0.459129
-0.460353
-0.461699
-0.463159
-0.464723
-0.46637
-0.468088
-0.469851
-0.471631
-0.473408
-0.475151
-0.47683
-0.478421
-0.479894
-0.481224
-0.482382
-0.483345
-0.484094
-0.48462
-0.484899
-0.484935
-0.484726
-0.484288
-0.483634
-0.482789
-0.481784
-0.480669
-0.479481
-0.478275
-0.477124
-0.47609
-0.475235
-0.474619
-0.474293
-0.474313
-0.474715
-0.475519
-0.476749
-0.478417
-0.480508
-0.483033
-0.485952
-0.489224
-0.492815
-0.496674
-0.500742
-0.504957
-0.509252
-0.513588
-0.5179
-0.522143
-0.526276
-0.530256
-0.534052
-0.537629
-0.540936
-0.54393
-0.546582
-0.548858
-0.550738
-0.552212
-0.553282
-0.55396
-0.55427
-0.554261
-0.553974
-0.553451
-0.552749
-0.551916
-0.550961
-0.549935
-0.548846
-0.547725
-0.546565
-0.545377
-0.544166
-0.542947
-0.54175
-0.540611
-0.539565
-0.538647
-0.537892
-0.53734
-0.537014
-0.53697
-0.537251
-0.537907
-0.538986
-0.540532
-0.542533
-0.544974
-0.547787
-0.550912
-0.554246
-0.557708
-0.561233
-0.56476
-0.568243
-0.571628
-0.574882
-0.57794
-0.580767
-0.583317
-0.585555
-0.587458
-0.589012
-0.590215
-0.591059
-0.591548
-0.59168
-0.591477
-0.590936
-0.590089
-0.588941
-0.587529
-0.585881
-0.584041
-0.582059
-0.57999
-0.577893
-0.575831
-0.573872
-0.572085
-0.57052
-0.569221
-0.568203
-0.567448
-0.566904
-0.566472
-0.566048
-0.565539
-0.564907
-0.564242
-0.563808
-0.564009
-0.565221
-0.567459
-0.569928
-0.57016
-0.562117
-0.532201
-0.455941
-0.324065
-0.235141
-0.312054
-0.447604
-0.531529
-0.567759
-0.581142
-0.585723
-0.587443
-0.588561
-0.589871
-0.5916
-0.59379
-0.596344
-0.5992
-0.602211
-0.605233
-0.60811
-0.610704
-0.61294
-0.614865
-0.6166
-0.618316
-0.620159
-0.622166
-0.624214
-0.626063
-0.627449
-0.628159
-0.628091
-0.627229
-0.625645
-0.623477
-0.620889
-0.618067
-0.615181
-0.612378
-0.609771
-0.607409
-0.605303
-0.603411
-0.601643
-0.599922
-0.598166
-0.596311
-0.594328
-0.592223
-0.590005
-0.587726
-0.585469
-0.58329
-0.581262
-0.579455
-0.577902
-0.576662
-0.57577
-0.575262
-0.57517
-0.575528
-0.576355
-0.577673
-0.579482
-0.581744
-0.584404
-0.587347
-0.590422
-0.593487
-0.596388
-0.599004
-0.601252
-0.603079
-0.604494
-0.605514
-0.606185
-0.606533
-0.606574
-0.606275
-0.605528
-0.604144
-0.601849
-0.598216
-0.592704
-0.584725
-0.573913
-0.560599
-0.546426
-0.534583
-0.528722
-0.530752
-0.539478
-0.551542
-0.563654
-0.573947
-0.581936
-0.587933
-0.592495
-0.596134
-0.599246
-0.602048
-0.604639
-0.607019
-0.609136
-0.610893
-0.612193
-0.612905
-0.612926
-0.612147
-0.610459
-0.607742
-0.603863
-0.598711
-0.592191
-0.584333
-0.575392
-0.565969
-0.557065
-0.549918
-0.545644
-0.544814
-0.54726
-0.552201
-0.558631
-0.565652
-0.572613
-0.579111
-0.584941
-0.589978
-0.594201
-0.597639
-0.600365
-0.60246
-0.604028
-0.60517
-0.605987
-0.60655
-0.606924
-0.607133
-0.607215
-0.607146
-0.606937
-0.606587
-0.606089
-0.605487
-0.604811
-0.604153
-0.603591
-0.603208
-0.603065
-0.603188
-0.603559
-0.604142
-0.604885
-0.605731
-0.60664
-0.60759
-0.608552
-0.609527
-0.61051
-0.611467
-0.612411
-0.613286
-0.614074
-0.614712
-0.615179
-0.615426
-0.615445
-0.615206
-0.614723
-0.614006
-0.613113
-0.612108
-0.611085
-0.610138
-0.609383
-0.608864
-0.608626
-0.608671
-0.608926
-0.609288
-0.609626
-0.609845
-0.609841
-0.609555
-0.608982
-0.608119
-0.607032
-0.605802
-0.604519
-0.603304
-0.602261
-0.601515
-0.601188
-0.601375
-0.602151
-0.603553
-0.605577
-0.608157
-0.611202
-0.614583
-0.618186
-0.621872
-0.625552
-0.629134
-0.632576
-0.635865
-0.63899
-0.641977
-0.644815
-0.647495
-0.649949
-0.652086
-0.653817
-0.655046
-0.655694
-0.655756
-0.655256
-0.654239
-0.652817
-0.651088
-0.649165
-0.647127
-0.645064
-0.643023
-0.641058
-0.639201
-0.637479
-0.635938
-0.634639
-0.633656
-0.63305
-0.63287
-0.633163
-0.633923
-0.635096
-0.636608
-0.638365
-0.640259
-0.642199
-0.644087
-0.645855
-0.647446
-0.648816
-0.649927
-0.650759
-0.651284
-0.651492
-0.651385
-0.650969
-0.650234
-0.649181
-0.647811
-0.646101
-0.644038
-0.641602
-0.638786
-0.635618
-0.632161
-0.628559
-0.625019
-0.621829
-0.619298
-0.617738
-0.617414
-0.618454
-0.620874
-0.624522
-0.629156
-0.634473
-0.640172
-0.645999
-0.651777
-0.657413
-0.662874
-0.668159
-0.673199
-0.677625
-0.680196
-0.677342
-0.659208
-0.601918
-0.469339
-0.303255
-0.315855
-0.487658
-0.613169
-0.666166
-0.683181
-0.686383
-0.684786
-0.681731
-0.678433
-0.675343
-0.67262
-0.670372
-0.66864
-0.667505
-0.667017
-0.667201
-0.668065
-0.66958
-0.671678
-0.674273
-0.677206
-0.680308
-0.683384
-0.686214
-0.688584
-0.690334
-0.691419
-0.691874
-0.691872
-0.691676
-0.691544
-0.691669
-0.692186
-0.693088
-0.694295
-0.695741
-0.697407
-0.69947
-0.70219
-0.705735
-0.709949
-0.714289
-0.717968
-0.72028
-0.72073
-0.719143
-0.715574
-0.710234
-0.703458
-0.695649
-0.687258
-0.678828
-0.670899
-0.664012
-0.65865
-0.655165
-0.653775
-0.654447
-0.656933
-0.66053
-0.66382
-0.663963
-0.655847
-0.6318
-0.586569
-0.534255
-0.517987
-0.561023
-0.628085
-0.680699
-0.711028
-0.72555
-0.731159
-0.732118
-0.730746
-0.728309
-0.725597
-0.723134
-0.721299
-0.72033
-0.720304
-0.721096
-0.722447
-0.723917
-0.725017
-0.725206
-0.72409
-0.721415
-0.717216
-0.711885
-0.70617
-0.701094
-0.697562
-0.69612
-0.696693
-0.698676
-0.701203
-0.70335
-0.704251
-0.702869
-0.697819
-0.687075
-0.668104
-0.639371
-0.604331
-0.575488
-0.569062
-0.58837
-0.619795
-0.648408
-0.668215
-0.679888
-0.686117
-0.689272
-0.690925
-0.691968
-0.692861
-0.693791
-0.69479
-0.695834
-0.696856
-0.697793
-0.698557
-0.699039
-0.699154
-0.698831
-0.698003
-0.696635
-0.694721
-0.692302
-0.689478
-0.686358
-0.683099
-0.679856
-0.67674
-0.673798
-0.671029
-0.668347
-0.665661
-0.662895
-0.660005
-0.657015
-0.654037
-0.651208
-0.648691
-0.64664
-0.645168
-0.644302
-0.644016
-0.64424
-0.644861
-0.645731
-0.646733
-0.647708
-0.648544
-0.649129
-0.649377
-0.6492
-0.64857
-0.647452
-0.645872
-0.643891
-0.64162
-0.639197
-0.636809
-0.634643
-0.632867
-0.63163
-0.63104
-0.63113
-0.631869
-0.633171
-0.634928
-0.637
-0.639202
-0.641376
-0.64336
-0.645014
-0.646226
-0.646949
-0.647173
-0.646977
-0.64652
-0.646059
-0.645874
-0.646274
-0.647484
-0.649574
-0.652497
-0.656004
-0.659771
-0.663359
-0.666316
-0.668178
-0.668514
-0.666946
-0.663289
-0.657772
-0.651225
-0.645201
-0.641602
-0.641847
-0.646048
-0.652938
-0.660547
-0.667106
-0.671473
-0.673176
-0.672177
-0.668726
-0.663333
-0.656654
-0.649538
-0.642789
-0.636892
-0.631812
-0.627106
-0.622328
-0.617635
-0.614088
-0.613422
-0.617129
-0.62551
-0.637403
-0.650864
-0.664116
-0.676031
-0.686192
-0.694602
-0.701523
-0.707253
-0.712044
-0.716085
-0.719508
-0.722387
-0.724741
-0.726514
-0.727604
-0.727843
-0.726972
-0.724637
-0.720369
-0.713649
-0.704042
-0.691448
-0.676568
-0.66132
-0.648857
-0.642682
-0.644973
-0.655261
-0.670656
-0.687055
-0.700456
-0.707315
-0.704588
-0.690545
-0.667399
-0.644106
-0.632734
-0.637017
-0.648556
-0.657427
-0.660758
-0.661473
-0.663651
-0.669422
-0.678415
-0.688694
-0.698257
-0.705812
-0.710955
-0.713972
-0.715468
-0.716055
-0.716238
-0.71634
-0.716515
-0.716839
-0.717327
-0.717962
-0.718769
-0.719721
-0.720791
-0.721993
-0.72335
-0.724932
-0.726753
-0.728821
-0.731019
-0.733113
-0.734737
-0.735369
-0.734412
-0.73124
-0.725366
-0.716728
-0.70609
-0.695367
-0.687426
-0.684839
-0.68837
-0.696416
-0.706153
-0.715075
-0.721756
-0.7258
-0.727439
-0.727159
-0.725507
-0.72307
-0.720398
-0.717994
-0.716226
-0.715327
-0.715287
-0.715946
-0.717025
-0.718246
-0.719347
-0.720159
-0.720613
-0.720694
-0.720431
-0.719866
-0.719077
-0.718127
-0.717103
-0.716091
-0.715159
-0.714383
-0.713797
-0.713422
-0.713252
-0.713255
-0.713399
-0.713629
-0.713915
-0.714207
-0.714475
-0.714695
-0.714824
-0.71483
-0.714677
-0.714317
-0.71371
-0.712824
-0.711608
-0.710073
-0.708205
-0.706059
-0.703714
-0.70128
-0.698869
-0.696628
-0.694654
-0.69305
-0.69189
-0.691248
-0.691179
-0.691727
-0.692871
-0.69459
-0.696747
-0.699189
-0.701713
-0.704114
-0.706198
-0.7078
-0.70877
-0.709013
-0.708434
-0.706954
-0.704512
-0.701084
-0.696648
-0.691293
-0.685182
-0.67861
-0.671969
-0.665755
-0.660451
-0.656424
-0.653877
-0.652805
-0.653098
-0.65454
-0.656973
-0.660246
-0.664224
-0.668804
-0.673805
-0.679028
-0.684269
-0.689327
-0.694038
-0.698312
-0.702087
-0.705372
-0.708169
-0.710527
-0.712466
-0.714053
-0.715335
-0.716385
-0.717298
-0.718212
-0.71926
-0.720538
-0.722087
-0.72375
-0.72515
-0.725436
-0.723084
-0.715453
-0.698548
-0.668094
-0.624597
-0.582716
-0.568889
-0.592339
-0.631911
-0.664427
-0.682811
-0.689861
-0.69029
-0.687778
-0.684766
-0.682782
-0.682709
-0.684821
-0.688831
-0.693876
-0.698541
-0.700923
-0.698934
-0.690928
-0.677367
-0.662742
-0.65529
-0.661591
-0.680194
-0.703126
-0.722898
-0.736261
-0.743265
-0.74531
-0.743942
-0.740387
-0.735552
-0.73005
-0.724287
-0.718531
-0.712918
-0.707553
-0.702562
-0.698054
-0.694198
-0.691131
-0.688997
-0.68788
-0.6878
-0.68865
-0.690286
-0.692496
-0.695047
-0.697673
-0.700178
-0.702394
-0.704192
-0.705469
-0.706178
-0.70633
-0.705959
-0.705152
-0.704048
-0.702806
-0.701644
-0.700754
-0.700323
-0.700476
-0.701263
-0.702654
-0.704563
-0.706808
-0.709185
-0.711464
-0.713433
-0.714911
-0.715734
-0.715778
-0.714981
-0.713339
-0.710922
-0.70787
-0.704442
-0.70096
-0.697848
-0.695496
-0.694247
-0.694301
-0.695665
-0.698128
-0.701337
-0.704855
-0.708238
-0.711132
-0.71332
-0.714641
-0.715032
-0.714494
-0.713047
-0.710746
-0.707638
-0.703788
-0.699276
-0.694218
-0.688718
-0.682938
-0.677039
-0.671207
-0.665652
-0.660654
-0.656618
-0.654004
-0.653313
-0.654897
-0.658775
-0.664563
-0.671572
-0.679022
-0.686259
-0.692852
-0.698608
-0.703506
-0.707631
-0.711108
-0.714074
-0.716649
-0.718897
-0.720857
-0.722513
-0.723799
-0.724625
-0.724907
-0.724509
-0.723333
-0.721299
-0.718373
-0.714624
-0.710229
-0.705491
-0.700869
-0.696879
-0.694045
-0.692759
-0.693166
-0.695144
-0.698271
-0.701999
-0.705744
-0.709015
-0.711425
-0.712705
-0.712679
-0.711212
-0.708198
-0.734583
-0.747192
-0.752869
-0.75521
-0.755023
-0.751964
-0.745
-0.732757
-0.713805
-0.687397
-0.654669
-0.620242
-0.592356
-0.578879
-0.580775
-0.591324
-0.602616
-0.610895
-0.616334
-0.620475
-0.624504
-0.628905
-0.633763
-0.639163
-0.645304
-0.652491
-0.661001
-0.670946
-0.682195
-0.694363
-0.706785
-0.718661
-0.729151
-0.737525
-0.743198
-0.745788
-0.745045
-0.740861
-0.733422
-0.723392
-0.712034
-0.701149
-0.692564
-0.687409
-0.685644
-0.686235
-0.68783
-0.689364
-0.690316
-0.6906
-0.690363
-0.689734
-0.688735
-0.687172
-0.684745
-0.681148
-0.676189
-0.669934
-0.662751
-0.655322
-0.648501
-0.643108
-0.639667
-0.638264
-0.638595
-0.64007
-0.642074
-0.644098
-0.645793
-0.646919
-0.64733
-0.64697
-0.645782
-0.643862
-0.641382
-0.638637
-0.636
-0.633904
-0.632784
-0.632915
-0.634417
-0.637192
-0.640983
-0.645422
-0.650159
-0.654899
-0.659412
-0.663583
-0.667356
-0.670709
-0.673661
-0.676209
-0.67834
-0.680029
-0.681227
-0.681872
-0.681929
-0.681343
-0.680055
-0.678049
-0.675312
-0.671867
-0.667774
-0.663179
-0.658342
-0.653626
-0.649554
-0.646608
-0.645073
-0.644878
-0.645518
-0.646158
-0.645853
-0.643779
-0.639394
-0.632601
-0.623877
-0.614371
-0.605792
-0.599947
-0.598003
-0.599977
-0.604797
-0.6109
-0.616891
-0.621849
-0.625281
-0.627059
-0.627201
-0.625867
-0.623313
-0.619957
-0.61635
-0.613167
-0.611077
-0.610561
-0.611762
-0.614487
-0.61828
-0.622624
-0.62712
-0.631544
-0.635835
-0.640056
-0.644248
-0.648418
-0.652473
-0.656264
-0.659584
-0.66229
-0.664256
-0.665474
-0.666004
-0.665954
-0.665512
-0.664827
-0.664041
-0.663263
-0.662521
-0.661844
-0.661212
-0.66063
-0.660113
-0.659672
-0.659353
-0.65919
-0.659217
-0.659427
-0.659781
-0.660115
-0.660114
-0.659113
-0.655812
-0.647837
-0.631532
-0.603057
-0.563704
-0.52866
-0.523249
-0.554515
-0.60074
-0.639395
-0.663366
-0.674897
-0.677987
-0.675673
-0.669891
-0.661876
-0.652503
-0.642529
-0.632691
-0.62368
-0.616135
-0.610516
-0.607103
-0.605921
-0.606846
-0.609626
-0.613976
-0.619585
-0.626169
-0.633439
-0.641089
-0.648794
-0.656221
-0.663014
-0.668849
-0.67346
-0.676655
-0.678307
-0.678382
-0.676889
-0.673913
-0.669637
-0.66429
-0.658164
-0.651683
-0.645279
-0.639442
-0.634647
-0.631222
-0.629371
-0.629065
-0.630116
-0.632241
-0.635103
-0.638387
-0.641885
-0.645452
-0.648988
-0.652466
-0.655867
-0.659184
-0.662405
-0.665524
-0.668504
-0.671317
-0.673917
-0.676236
-0.67819
-0.67965
-0.680422
-0.680241
-0.678759
-0.675534
-0.670109
-0.662106
-0.651476
-0.638674
-0.624659
-0.610606
-0.597589
-0.586953
-0.580901
-0.581893
-0.590132
-0.60215
-0.612679
-0.617712
-0.616217
-0.610238
-0.604142
-0.60271
-0.60849
-0.620409
-0.635006
-0.648955
-0.660412
-0.66897
-0.674957
-0.67897
-0.68152
-0.683037
-0.683803
-0.684002
-0.683763
-0.683159
-0.682233
-0.68103
-0.67956
-0.677855
-0.67593
-0.673809
-0.671486
-0.668945
-0.666173
-0.66313
-0.659723
-0.655843
-0.651381
-0.646193
-0.640163
-0.633201
-0.625302
-0.616632
-0.607565
-0.598766
-0.591237
-0.586163
-0.584586
-0.587035
-0.593193
-0.602035
-0.612187
-0.622454
-0.631984
-0.640382
-0.647566
-0.653644
-0.658786
-0.663165
-0.666915
-0.670099
-0.672734
-0.674763
-0.676139
-0.676734
-0.676456
-0.675194
-0.672881
-0.669459
-0.664958
-0.659456
-0.65313
-0.646254
-0.639184
-0.632358
-0.626183
-0.620985
-0.616921
-0.613998
-0.61209
-0.611101
-0.610956
-0.611691
-0.6134
-0.616118
-0.619786
-0.624185
-0.629001
-0.633877
-0.638488
-0.642614
-0.646105
-0.64893
-0.651121
-0.652721
-0.653846
-0.654585
-0.655018
-0.655245
-0.655286
-0.655153
-0.654802
-0.654132
-0.652998
-0.651215
-0.648573
-0.644874
-0.639952
-0.633762
-0.626417
-0.618198
-0.609642
-0.601435
-0.594316
-0.588953
-0.585828
-0.585205
-0.58701
-0.590818
-0.595786
-0.600879
-0.605144
-0.607983
-0.609182
-0.608887
-0.607477
-0.605427
-0.603237
-0.601362
-0.600209
-0.600054
-0.601043
-0.603203
-0.606406
-0.610407
-0.614858
-0.619393
-0.623635
-0.627245
-0.629914
-0.631399
-0.631436
-0.629758
-0.626032
-0.61987
-0.610854
-0.598645
-0.583345
-0.566071
-0.549426
-0.537107
-0.532295
-0.535487
-0.544231
-0.55498
-0.565023
-0.573137
-0.579182
-0.583534
-0.586633
-0.588891
-0.590555
-0.591827
-0.592832
-0.593677
-0.594432
-0.595142
-0.595796
-0.596319
-0.596586
-0.596441
-0.595753
-0.59439
-0.592322
-0.589597
-0.586303
-0.58264
-0.578785
-0.574967
-0.571392
-0.568225
-0.56558
-0.563529
-0.562109
-0.561354
-0.561266
-0.561862
-0.563116
-0.565002
-0.567442
-0.57027
-0.573316
-0.576374
-0.579235
-0.581732
-0.583732
-0.585161
-0.585974
-0.586161
-0.585733
-0.584662
-0.582897
-0.580335
-0.576819
-0.572149
-0.566126
-0.558733
-0.55029
-0.541729
-0.534585
-0.530575
-0.530826
-0.5352
-0.5424
-0.55062
-0.558405
-0.564914
-0.569888
-0.573435
-0.575816
-0.57732
-0.578176
-0.578568
-0.578605
-0.578339
-0.577791
-0.576961
-0.575842
-0.574429
-0.572708
-0.5707
-0.568407
-0.565837
-0.562968
-0.559734
-0.556025
-0.551653
-0.546377
-0.539978
-0.532324
-0.523619
-0.514612
-0.506673
-0.501499
-0.500351
-0.503389
-0.509561
-0.517243
-0.52502
-0.532103
-0.538287
-0.543699
-0.548603
-0.553225
-0.55772
-0.562127
-0.566442
-0.570601
-0.574566
-0.578266
-0.581664
-0.58474
-0.58751
-0.589995
-0.592239
-0.594266
-0.596093
-0.597726
-0.599145
-0.600324
-0.60117
-0.601566
-0.601335
-0.600226
-0.597892
-0.593857
-0.587663
-0.57895
-0.567859
-0.55542
-0.543806
-0.535969
-0.534326
-0.539389
-0.549392
-0.561375
-0.572637
-0.581529
-0.587472
-0.59063
-0.591531
-0.590838
-0.589241
-0.587327
-0.585587
-0.584353
-0.583828
-0.584035
-0.584879
-0.586174
-0.587656
-0.58907
-0.590182
-0.590821
-0.5909
-0.590373
-0.589251
-0.587552
-0.585325
-0.58257
-0.579275
-0.575413
-0.570973
-0.566009
-0.560711
-0.555453
-0.550842
-0.54762
-0.546491
-0.547837
-0.551524
-0.556918
-0.563133
-0.56928
-0.574692
-0.578984
-0.582067
-0.584023
-0.585113
-0.585675
-0.586074
-0.586647
-0.587663
-0.589274
-0.591505
-0.594317
-0.597596
-0.60122
-0.605065
-0.609036
-0.613043
-0.617033
-0.620959
-0.624784
-0.628476
-0.632003
-0.635329
-0.63841
-0.641175
-0.64355
-0.645419
-0.64667
-0.647155
-0.646728
-0.645238
-0.642555
-0.638579
-0.63327
-0.626682
-0.618975
-0.610384
-0.601285
-0.592113
-0.583432
-0.575943
-0.570459
-0.567761
-0.568282
-0.571779
-0.577333
-0.583579
-0.589208
-0.59332
-0.595521
-0.595857
-0.594717
-0.592646
-0.590287
-0.588251
-0.587072
-0.587129
-0.5886
-0.591445
-0.595465
-0.600336
-0.605701
-0.611236
-0.616676
-0.621837
-0.626607
-0.630952
-0.634867
-0.638346
-0.641412
-0.644044
-0.646227
-0.647928
-0.649124
-0.649818
-0.649997
-0.649686
-0.648951
-0.647865
-0.646539
-0.645097
-0.643672
-0.642361
-0.641234
-0.640313
-0.639584
-0.63894
-0.638262
-0.637416
-0.636226
-0.634566
-0.632331
-0.629465
-0.625937
-0.621802
-0.617208
-0.612452
-0.607989
-0.604393
-0.602227
-0.601838
-0.603206
-0.605896
-0.609233
-0.61252
-0.61522
-0.617049
-0.617954
-0.618061
-0.617628
-0.616954
-0.61633
-0.616032
-0.616237
-0.617053
-0.618484
-0.620499
-0.622962
-0.625717
-0.628585
-0.631356
-0.633764
-0.635537
-0.636317
-0.63576
-0.633504
-0.629293
-0.623146
-0.615568
-0.607707
-0.60119
-0.597608
-0.59774
-0.60107
-0.606199
-0.611576
-0.616101
-0.619288
-0.621153
-0.621938
-0.621987
-0.621592
-0.620943
-0.620158
-0.619261
-0.618203
-0.616902
-0.615283
-0.613287
-0.610912
-0.608199
-0.605235
-0.602128
-0.598995
-0.595958
-0.593122
-0.590601
-0.588477
-0.586842
-0.585726
-0.585153
-0.585111
-0.585527
-0.586258
-0.587184
-0.588166
-0.58909
-0.589833
-0.590325
-0.590547
-0.590468
-0.59009
-0.589424
-0.588467
-0.587222
-0.585682
-0.583819
-0.581603
-0.579
-0.576029
-0.572762
-0.569341
-0.566003
-0.563071
-0.560907
-0.559787
-0.559896
-0.561209
-0.563553
-0.566634
-0.570139
-0.573728
-0.577175
-0.580345
-0.583154
-0.585587
-0.587644
-0.589345
-0.590713
-0.591721
-0.592371
-0.592589
-0.592271
-0.591286
-0.589496
-0.586738
-0.582931
-0.578072
-0.572388
-0.566326
-0.560622
-0.556107
-0.553539
-0.55328
-0.555169
-0.558578
-0.562595
-0.566293
-0.568909
-0.569934
-0.569121
-0.566499
-0.562469
-0.55787
-0.553864
-0.551711
-0.552242
-0.555531
-0.560884
-0.567233
-0.573648
-0.579575
-0.584831
-0.589517
-0.593776
-0.597727
-0.601392
-0.604684
-0.607383
-0.609148
-0.609501
-0.607798
-0.60316
-0.59458
-0.581312
-0.563757
-0.544722
-0.529666
-0.524108
-0.529319
-0.541324
-0.554506
-0.565169
-0.572266
-0.57624
-0.577905
-0.577997
-0.57706
-0.575522
-0.573761
-0.572165
-0.571079
-0.570765
-0.571358
-0.57285
-0.575101
-0.577865
-0.580865
-0.583867
-0.586623
-0.58899
-0.590867
-0.59219
-0.592898
-0.592953
-0.592275
-0.590771
-0.588302
-0.584731
-0.579947
-0.573883
-0.566565
-0.558186
-0.549135
-0.539991
-0.531533
-0.524604
-0.52002
-0.518304
-0.519582
-0.523539
-0.529515
-0.53665
-0.54416
-0.55138
-0.557853
-0.563295
-0.56759
-0.570719
-0.572758
-0.57384
-0.574088
-0.573682
-0.572777
-0.571495
-0.569928
-0.568147
-0.566147
-0.563941
-0.56152
-0.558892
-0.55611
-0.553252
-0.550423
-0.547771
-0.54543
-0.543522
-0.542097
-0.541176
-0.540699
-0.540607
-0.540832
-0.541297
-0.541951
-0.542783
-0.543728
-0.544772
-0.545865
-0.546972
-0.548032
-0.548988
-0.549785
-0.550402
-0.550762
-0.550888
-0.550751
-0.550363
-0.549732
-0.548898
-0.547898
-0.5468
-0.545669
-0.544577
-0.543634
-0.54287
-0.542376
-0.542181
-0.542292
-0.54265
-0.543161
-0.543634
-0.543809
-0.54332
-0.541724
-0.538534
-0.533332
-0.525977
-0.516982
-0.507811
-0.500701
-0.49784
-0.500189
-0.506939
-0.516135
-0.525906
-0.535129
-0.543488
-0.551134
-0.558325
-0.565234
-0.571919
-0.578307
-0.584275
-0.589741
-0.594671
-0.599087
-0.60307
-0.606676
-0.609997
-0.613066
-0.615869
-0.61833
-0.620248
-0.62142
-0.621564
-0.620435
-0.617884
-0.613895
-0.608688
-0.602745
-0.596745
-0.591435
-0.587495
-0.585423
-0.585466
-0.587573
-0.591502
-0.59674
-0.602621
-0.608386
-0.613357
-0.617031
-0.619109
-0.619495
-0.618298
-0.615786
-0.612303
-0.608239
-0.603941
-0.599717
-0.595867
-0.59274
-0.590782
-0.590575
-0.592641
-0.597296
-0.604542
-0.614009
-0.625066
-0.636931
-0.648848
-0.660167
-0.670389
-0.679156
-0.717417
-0.737228
-0.74452
-0.745125
-0.741975
-0.736388
-0.728822
-0.719283
-0.707655
-0.693957
-0.678531
-0.662002
-0.64508
-0.628177
-0.611281
-0.594331
-0.577891
-0.56362
-0.553683
-0.549346
-0.549632
-0.551476
-0.551288
-0.54645
-0.536102
-0.521523
-0.50647
-0.496733
-0.497608
-0.510217
-0.530622
-0.553001
-0.573109
-0.589185
-0.601158
-0.609624
-0.615341
-0.618916
-0.620798
-0.621304
-0.62064
-0.619007
-0.616594
-0.613643
-0.610413
-0.60717
-0.604076
-0.601166
-0.598235
-0.59495
-0.590919
-0.585884
-0.580045
-0.574138
-0.569341
-0.566845
-0.567313
-0.570633
-0.57605
-0.582599
-0.589422
-0.595842
-0.601388
-0.605713
-0.608606
-0.609958
-0.609778
-0.608184
-0.605284
-0.601255
-0.596281
-0.590583
-0.584425
-0.578145
-0.57215
-0.566874
-0.562668
-0.559731
-0.557946
-0.556929
-0.556098
-0.554872
-0.552853
-0.549908
-0.546253
-0.542384
-0.538935
-0.536434
-0.535194
-0.535167
-0.536024
-0.537302
-0.538547
-0.53941
-0.539671
-0.539211
-0.537971
-0.535908
-0.533017
-0.529259
-0.524613
-0.519114
-0.512875
-0.506168
-0.499423
-0.493252
-0.488291
-0.484993
-0.483405
-0.483156
-0.48351
-0.483683
-0.483045
-0.481342
-0.478702
-0.475589
-0.472556
-0.470099
-0.468431
-0.467526
-0.467167
-0.467156
-0.467397
-0.46793
-0.46884
-0.470167
-0.471839
-0.473666
-0.475428
-0.4769
-0.477921
-0.478424
-0.478413
-0.477948
-0.477164
-0.476176
-0.475113
-0.47411
-0.47323
-0.472541
-0.472057
-0.471737
-0.471556
-0.471457
-0.471392
-0.47135
-0.471349
-0.471416
-0.471603
-0.471962
-0.472537
-0.473313
-0.474294
-0.475392
-0.476526
-0.477577
-0.478403
-0.478885
-0.47889
-0.478324
-0.477127
-0.475318
-0.47295
-0.470147
-0.46708
-0.463984
-0.461064
-0.458515
-0.456522
-0.45519
-0.454561
-0.454608
-0.455209
-0.456173
-0.457244
-0.458132
-0.458558
-0.458333
-0.4574
-0.455928
-0.454321
-0.453081
-0.452657
-0.45326
-0.454772
-0.456773
-0.458762
-0.460288
-0.4611
-0.461113
-0.460391
-0.459117
-0.457494
-0.45571
-0.453943
-0.452371
-0.451094
-0.450205
-0.449785
-0.449832
-0.450367
-0.451374
-0.452793
-0.454558
-0.456562
-0.458724
-0.460942
-0.463138
-0.465235
-0.46719
-0.468984
-0.470608
-0.47206
-0.473357
-0.474494
-0.475471
-0.476277
-0.476898
-0.477313
-0.477486
-0.477386
-0.47697
-0.476193
-0.475004
-0.473371
-0.471272
-0.468681
-0.465596
-0.462065
-0.458176
-0.454058
-0.449894
-0.445876
-0.442163
-0.438853
-0.435968
-0.433492
-0.431362
-0.42964
-0.42849
-0.42824
-0.429249
-0.431787
-0.435894
-0.441327
-0.447591
-0.454141
-0.460465
-0.466179
-0.471085
-0.475124
-0.478349
-0.480858
-0.482778
-0.4842
-0.485258
-0.486
-0.486459
-0.486636
-0.486492
-0.485965
-0.484954
-0.483425
-0.481372
-0.478892
-0.476204
-0.473665
-0.471684
-0.470685
-0.470947
-0.472496
-0.47515
-0.478527
-0.482194
-0.485737
-0.488839
-0.491272
-0.492901
-0.493685
-0.493665
-0.492902
-0.491493
-0.489608
-0.487403
-0.485061
-0.482789
-0.480744
-0.479015
-0.477628
-0.476538
-0.475667
-0.474924
-0.474253
-0.473657
-0.473173
-0.472912
-0.472997
-0.473534
-0.474612
-0.47626
-0.478461
-0.481142
-0.484181
-0.487448
-0.49081
-0.494141
-0.497333
-0.500317
-0.503026
-0.505441
-0.507536
-0.509265
-0.510604
-0.511477
-0.511807
-0.511448
-0.510223
-0.507881
-0.504175
-0.498911
-0.4921
-0.48418
-0.476145
-0.469538
-0.465968
-0.466388
-0.470555
-0.4772
-0.484718
-0.491816
-0.497775
-0.502363
-0.50569
-0.507955
-0.509391
-0.510155
-0.510367
-0.510095
-0.509385
-0.508235
-0.506619
-0.504466
-0.501673
-0.498079
-0.493416
-0.487436
-0.479948
-0.471017
-0.461241
-0.451949
-0.44506
-0.442365
-0.444639
-0.451253
-0.460549
-0.470733
-0.480413
-0.488573
-0.494178
-0.495844
-0.491452
-0.478519
-0.455799
-0.427334
-0.405954
-0.406783
-0.431411
-0.466025
-0.49671
-0.518167
-0.53112
-0.538003
-0.54096
-0.541442
-0.540322
-0.538131
-0.53518
-0.53169
-0.527856
-0.523882
-0.519996
-0.516468
-0.513549
-0.511451
-0.510273
-0.510026
-0.510598
-0.511759
-0.513257
-0.514821
-0.516238
-0.517367
-0.51819
-0.518749
-0.519176
-0.519593
-0.52003
-0.520401
-0.520467
-0.519835
-0.518097
-0.514908
-0.510135
-0.503943
-0.496821
-0.489631
-0.483388
-0.479114
-0.477534
-0.478941
-0.483093
-0.489299
-0.496662
-0.504279
-0.511394
-0.517524
-0.522436
-0.526121
-0.528693
-0.530347
-0.531271
-0.531651
-0.531633
-0.531329
-0.530844
-0.530231
-0.529572
-0.528926
-0.528358
-0.527915
-0.527616
-0.527499
-0.527526
-0.527698
-0.52794
-0.528172
-0.528307
-0.528226
-0.527822
-0.527014
-0.525698
-0.523797
-0.521297
-0.518205
-0.514595
-0.510603
-0.506459
-0.502427
-0.498861
-0.496094
-0.494417
-0.494031
-0.495012
-0.497281
-0.500627
-0.504752
-0.509328
-0.514005
-0.518502
-0.522563
-0.526018
-0.528715
-0.530536
-0.531385
-0.531134
-0.529653
-0.526819
-0.522484
-0.516554
-0.509056
-0.500229
-0.490607
-0.481135
-0.473088
-0.467862
-0.466496
-0.469296
-0.475665
-0.484366
-0.493999
-0.50337
-0.511723
-0.518719
-0.52428
-0.528501
-0.531529
-0.53357
-0.534788
-0.535359
-0.535421
-0.535068
-0.534401
-0.533508
-0.532432
-0.531227
-0.529903
-0.528469
-0.526955
-0.52537
-0.523764
-0.52217
-0.520673
-0.519345
-0.518289
-0.517555
-0.517192
-0.517209
-0.517573
-0.518232
-0.519076
-0.520029
-0.520979
-0.52183
-0.522544
-0.523079
-0.523443
-0.523663
-0.52381
-0.52399
-0.524294
-0.524852
-0.525775
-0.52714
-0.529005
-0.531364
-0.534175
-0.537369
-0.540844
-0.544485
-0.548173
-0.551796
-0.555288
-0.558567
-0.561578
-0.564281
-0.566655
-0.568681
-0.570331
-0.571617
-0.572553
-0.573152
-0.573414
-0.573376
-0.573081
-0.572551
-0.571817
-0.570917
-0.5699
-0.568778
-0.567588
-0.566374
-0.565174
-0.564012
-0.562883
-0.561749
-0.560524
-0.559048
-0.55715
-0.554603
-0.551288
-0.547197
-0.542565
-0.537906
-0.533914
-0.531217
-0.530077
-0.530198
-0.530753
-0.530767
-0.52951
-0.526967
-0.524078
-0.522589
-0.524289
-0.529995
-0.538999
-0.549457
-0.559441
-0.567607
-0.573424
-0.576972
-0.578655
-0.578973
-0.578412
-0.577376
-0.576184
-0.575094
-0.574285
-0.573951
-0.574181
-0.575091
-0.576698
-0.578934
-0.581682
-0.584771
-0.58802
-0.591202
-0.594086
-0.596482
-0.598176
-0.598978
-0.598705
-0.597216
-0.594458
-0.590445
-0.585358
-0.579554
-0.573582
-0.568091
-0.563692
-0.560782
-0.559409
-0.559275
-0.559868
-0.560669
-0.561272
-0.561471
-0.561214
-0.56056
-0.559653
-0.558622
-0.557604
-0.556662
-0.555835
-0.555114
-0.554487
-0.553917
-0.553384
-0.552849
-0.552303
-0.551733
-0.551126
-0.550455
-0.549709
-0.548876
-0.547935
-0.546864
-0.545647
-0.544245
-0.542642
-0.540821
-0.538788
-0.536543
-0.534113
-0.531545
-0.528926
-0.526353
-0.523929
-0.521778
-0.519997
-0.518616
-0.5176
-0.516804
-0.515953
-0.514686
-0.512486
-0.50877
-0.502994
-0.494903
-0.484877
-0.474279
-0.4654
-0.46058
-0.460779
-0.464973
-0.470907
-0.476512
-0.48084
-0.483977
-0.486651
-0.489619
-0.493316
-0.497728
-0.502341
-0.506332
-0.508716
-0.508586
-0.505453
-0.499597
-0.492449
-0.48654
-0.484579
-0.487923
-0.495744
-0.505658
-0.515202
-0.522826
-0.528
-0.530867
-0.53182
-0.531351
-0.529904
-0.527845
-0.525536
-0.523274
-0.521364
-0.520016
-0.519406
-0.519637
-0.520692
-0.522465
-0.524778
-0.527443
-0.530244
-0.533017
-0.535625
-0.537976
-0.540015
-0.541717
-0.543064
-0.544063
-0.544706
-0.544999
-0.544931
-0.54446
-0.543558
-0.542193
-0.540333
-0.53795
-0.535037
-0.531683
-0.527988
-0.524173
-0.52049
-0.517253
-0.514721
-0.513072
-0.512344
-0.512353
-0.512765
-0.513137
-0.513054
-0.512254
-0.510744
-0.508936
-0.507603
-0.507682
-0.509874
-0.514284
-0.520323
-0.526989
-0.533283
-0.53847
-0.542206
-0.544461
-0.545414
-0.545332
-0.544533
-0.543312
-0.541935
-0.540589
-0.539398
-0.538423
-0.537684
-0.537164
-0.536826
-0.536692
-0.536773
-0.537136
-0.537824
-0.538844
-0.540095
-0.541402
-0.542434
-0.542777
-0.542006
-0.539629
-0.535201
-0.52839
-0.519045
-0.507445
-0.494705
-0.48295
-0.475018
-0.473271
-0.478129
-0.487748
-0.499185
-0.509989
-0.518899
-0.525677
-0.53059
-0.53399
-0.536144
-0.53721
-0.537304
-0.53658
-0.535242
-0.533574
-0.531862
-0.530302
-0.52897
-0.527783
-0.526591
-0.52523
-0.523652
-0.521973
-0.520464
-0.519448
-0.519204
-0.519838
-0.521262
-0.523211
-0.52531
-0.527208
-0.528657
-0.529534
-0.529833
-0.529637
-0.529088
-0.528375
-0.527685
-0.527188
-0.52703
-0.527283
-0.527945
-0.528969
-0.530214
-0.531466
-0.532482
-0.533006
-0.532798
-0.531684
-0.529576
-0.526486
-0.522626
-0.518371
-0.51416
-0.510454
-0.507567
-0.50559
-0.504352
-0.503516
-0.502757
-0.501846
-0.500702
-0.499393
-0.498118
-0.497103
-0.496579
-0.496727
-0.49766
-0.499415
-0.501952
-0.505112
-0.508673
-0.512394
-0.516018
-0.5193
-0.522034
-0.524073
-0.525293
-0.525667
-0.525241
-0.524136
-0.522568
-0.52081
-0.519215
-0.518075
-0.517599
-0.517839
-0.518681
-0.519888
-0.521136
-0.522142
-0.522641
-0.522439
-0.521391
-0.519392
-0.516385
-0.512311
-0.507148
-0.500921
-0.493736
-0.485806
-0.477477
-0.469257
-0.461787
-0.455728
-0.451661
-0.450017
-0.450887
-0.454049
-0.458985
-0.464978
-0.471194
-0.476859
-0.481324
-0.484209
-0.48545
-0.485395
-0.484756
-0.484526
-0.485647
-0.488623
-0.49335
-0.49919
-0.50525
-0.51076
-0.51521
-0.518401
-0.520366
-0.521244
-0.521236
-0.520543
-0.519341
-0.517782
-0.515994
-0.514089
-0.51215
-0.510233
-0.508389
-0.506676
-0.505111
-0.503718
-0.502521
-0.501514
-0.500695
-0.500066
-0.499584
-0.499252
-0.499061
-0.498967
-0.49898
-0.499084
-0.499295
-0.499619
-0.50007
-0.500711
-0.501581
-0.502753
-0.504283
-0.506209
-0.508545
-0.51127
-0.514301
-0.517531
-0.520848
-0.524093
-0.527123
-0.529795
-0.531992
-0.533612
-0.534553
-0.534745
-0.534137
-0.532734
-0.530527
-0.527611
-0.524101
-0.520215
-0.516205
-0.512344
-0.508914
-0.50619
-0.504405
-0.503757
-0.504377
-0.506337
-0.509609
-0.514033
-0.519362
-0.525214
-0.53123
-0.537035
-0.54235
-0.546964
-0.550782
-0.553766
-0.555929
-0.557274
-0.557881
-0.557774
-0.556978
-0.555516
-0.553387
-0.550576
-0.54704
-0.542769
-0.537747
-0.531992
-0.525545
-0.518503
-0.510979
-0.503101
-0.494994
-0.486842
-0.47892
-0.471734
-0.46595
-0.462391
-0.46172
-0.464218
-0.469616
-0.477195
-0.48606
-0.495366
-0.504524
-0.513175
-0.521196
-0.563497
-0.581899
-0.587106
-0.58645
-0.583167
-0.578723
-0.573808
-0.568851
-0.564147
-0.559955
-0.556472
-0.553798
-0.55186
-0.550403
-0.549007
-0.547108
-0.544108
-0.539441
-0.53263
-0.523473
-0.51222
-0.499697
-0.487347
-0.477015
-0.470359
-0.468238
-0.470421
-0.475756
-0.482776
-0.490206
-0.497156
-0.503177
-0.508105
-0.511958
-0.514809
-0.516727
-0.517778
-0.517989
-0.5174
-0.516085
-0.514115
-0.511648
-0.508868
-0.505989
-0.503224
-0.500782
-0.498809
-0.497439
-0.496727
-0.496675
-0.497239
-0.498338
-0.499865
-0.501709
-0.5038
-0.506048
-0.508406
-0.510843
-0.513324
-0.515856
-0.518396
-0.52088
-0.523223
-0.525335
-0.527074
-0.528296
-0.528853
-0.528582
-0.527318
-0.524925
-0.521332
-0.516549
-0.510842
-0.504721
-0.498889
-0.494053
-0.49063
-0.488716
-0.488314
-0.489632
-0.493115
-0.499001
-0.506895
-0.515671
-0.523934
-0.530507
-0.534667
-0.536194
-0.535223
-0.532203
-0.527821
-0.522994
-0.518716
-0.515838
-0.514818
-0.515567
-0.51752
-0.519878
-0.521913
-0.523099
-0.523158
-0.522019
-0.51971
-0.516353
-0.512099
-0.507112
-0.501585
-0.495756
-0.489909
-0.484395
-0.479579
-0.475779
-0.473209
-0.47193
-0.471865
-0.472761
-0.474352
-0.476323
-0.478441
-0.480527
-0.482471
-0.484226
-0.485765
-0.487118
-0.488301
-0.48936
-0.49032
-0.491204
-0.492017
-0.49277
-0.493438
-0.494003
-0.494432
-0.494682
-0.494718
-0.494492
-0.493998
-0.493217
-0.492214
-0.491035
-0.489742
-0.488408
-0.487107
-0.485889
-0.484766
-0.483792
-0.483002
-0.482421
-0.482068
-0.48194
-0.482018
-0.48225
-0.482561
-0.482877
-0.483109
-0.4832
-0.483114
-0.482829
-0.482336
-0.481639
-0.480737
-0.479624
-0.478289
-0.476743
-0.47496
-0.472938
-0.470682
-0.468216
-0.465585
-0.462874
-0.460194
-0.457649
-0.455351
-0.453392
-0.451813
-0.450606
-0.449713
-0.449064
-0.448553
-0.448094
-0.447605
-0.447026
-0.446356
-0.445596
-0.444773
-0.44394
-0.443162
-0.44249
-0.442015
-0.441784
-0.441849
-0.442239
-0.442991
-0.444079
-0.445499
-0.447214
-0.449186
-0.451343
-0.453612
-0.455903
-0.458096
-0.460019
-0.461437
-0.462029
-0.461403
-0.459113
-0.454766
-0.448219
-0.439988
-0.431506
-0.425106
-0.423138
-0.426587
-0.43438
-0.443944
-0.452585
-0.45835
-0.460133
-0.457443
-0.450332
-0.439685
-0.427783
-0.418448
-0.41576
-0.421564
-0.43411
-0.449399
-0.463714
-0.474962
-0.482486
-0.486467
-0.487387
-0.485803
-0.482364
-0.477824
-0.473128
-0.469282
-0.467139
-0.467123
-0.469107
-0.472549
-0.476746
-0.481117
-0.48532
-0.48927
-0.493024
-0.496717
-0.500479
-0.504402
-0.508503
-0.512759
-0.517083
-0.5214
-0.525595
-0.52959
-0.533307
-0.536718
-0.539773
-0.542465
-0.544779
-0.546749
-0.548368
-0.549654
-0.55064
-0.551372
-0.551912
-0.552342
-0.552765
-0.553274
-0.553917
-0.554636
-0.555269
-0.555513
-0.554953
-0.553147
-0.549741
-0.544622
-0.538079
-0.530824
-0.523885
-0.518222
-0.514446
-0.512577
-0.512322
-0.513343
-0.51557
-0.519216
-0.524582
-0.531789
-0.540616
-0.550377
-0.559953
-0.567916
-0.572578
-0.572189
-0.56528
-0.551489
-0.5331
-0.51602
-0.507766
-0.512078
-0.525765
-0.542205
-0.556475
-0.566895
-0.573802
-0.578057
-0.580292
-0.58083
-0.579751
-0.577036
-0.572732
-0.567025
-0.560369
-0.553498
-0.547422
-0.54325
-0.541911
-0.543837
-0.548835
-0.55619
-0.564944
-0.574167
-0.583094
-0.591194
-0.598074
-0.603442
-0.606999
-0.608392
-0.607217
-0.603028
-0.595596
-0.585235
-0.573332
-0.56251
-0.555928
-0.555568
-0.560895
-0.569247
-0.577621
-0.584037
-0.587753
-0.588919
-0.58809
-0.585942
-0.583083
-0.580083
-0.577372
-0.575284
-0.574027
-0.573688
-0.574206
-0.575424
-0.577121
-0.579019
-0.580907
-0.582549
-0.583777
-0.584458
-0.58448
-0.583797
-0.582372
-0.580195
-0.57731
-0.573777
-0.569716
-0.56529
-0.560683
-0.556128
-0.551876
-0.548136
-0.545089
-0.542824
-0.541355
-0.540562
-0.540259
-0.540228
-0.540236
-0.540104
-0.53975
-0.539141
-0.538343
-0.537492
-0.536753
-0.536296
-0.536266
-0.536772
-0.537882
-0.539576
-0.541801
-0.544464
-0.547419
-0.550511
-0.55357
-0.556442
-0.558968
-0.561049
-0.562575
-0.563505
-0.563795
-0.563489
-0.562628
-0.561325
-0.55975
-0.55812
-0.556704
-0.555765
-0.555584
-0.556346
-0.558137
-0.560839
-0.564106
-0.567281
-0.569254
-0.568239
-0.56135
-0.544182
-0.511937
-0.465148
-0.420771
-0.409497
-0.440615
-0.488357
-0.526993
-0.549712
-0.559875
-0.562173
-0.559863
-0.55488
-0.548298
-0.540816
-0.532974
-0.525279
-0.518239
-0.512369
-0.50807
-0.505516
-0.504519
-0.50448
-0.504365
-0.50273
-0.497645
-0.486583
-0.466808
-0.437869
-0.407474
-0.394165
-0.412186
-0.452769
-0.494967
-0.526606
-0.54657
-0.558038
-0.56424
-0.567367
-0.568713
-0.568971
-0.568541
-0.567666
-0.566511
-0.565215
-0.56388
-0.562606
-0.56147
-0.560499
-0.559698
-0.559076
-0.558566
-0.558117
-0.557665
-0.55713
-0.556494
-0.555753
-0.554935
-0.554112
-0.553405
-0.552946
-0.552871
-0.553298
-0.554308
-0.555977
-0.558303
-0.561273
-0.564853
-0.568957
-0.573488
-0.578345
-0.583407
-0.588524
-0.593577
-0.598435
-0.602984
-0.607106
-0.610703
-0.613663
-0.615863
-0.617185
-0.617471
-0.616548
-0.614268
-0.610539
-0.605416
-0.599189
-0.592445
-0.586031
-0.580826
-0.577426
-0.575913
-0.575795
-0.576299
-0.576748
-0.576803
-0.576485
-0.576147
-0.576184
-0.576876
-0.578266
-0.580099
-0.581914
-0.583199
-0.583528
-0.582645
-0.580547
-0.577457
-0.573829
-0.570212
-0.567128
-0.564909
-0.563697
-0.563428
-0.563938
-0.565046
-0.566615
-0.568499
-0.570524
-0.572492
-0.574208
-0.575504
-0.576338
-0.57676
-0.576929
-0.577056
-0.577339
-0.577902
-0.578773
-0.579946
-0.581401
-0.583152
-0.585256
-0.587774
-0.590712
-0.593993
-0.597422
-0.600783
-0.603818
-0.606341
-0.608204
-0.609345
-0.609761
-0.609476
-0.608576
-0.60716
-0.605337
-0.60323
-0.600945
-0.598568
-0.596162
-0.593755
-0.591317
-0.588792
-0.586058
-0.58298
-0.579386
-0.57515
-0.570181
-0.564448
-0.558054
-0.55122
-0.544304
-0.537787
-0.532176
-0.52789
-0.525167
-0.523979
-0.524023
-0.524811
-0.525823
-0.526616
-0.526958
-0.526826
-0.526409
-0.526035
-0.526082
-0.52693
-0.528886
-0.532135
-0.536662
-0.54223
-0.548424
-0.55473
-0.560657
-0.565809
-0.569949
-0.572982
-0.574913
-0.575825
-0.575846
-0.575129
-0.5738
-0.571988
-0.569769
-0.567158
-0.564148
-0.560692
-0.556715
-0.552141
-0.547
-0.54145
-0.535861
-0.530836
-0.527089
-0.525223
-0.525493
-0.527688
-0.531224
-0.535336
-0.539315
-0.542708
-0.545237
-0.546856
-0.54762
-0.547616
-0.547008
-0.545924
-0.544526
-0.542948
-0.541353
-0.539886
-0.538685
-0.537885
-0.537585
-0.537865
-0.538719
-0.540102
-0.541918
-0.544038
-0.546309
-0.548559
-0.550717
-0.552691
-0.554436
-0.555974
-0.557344
-0.558616
-0.559841
-0.561056
-0.562288
-0.563538
-0.564779
-0.565947
-0.56701
-0.567913
-0.568654
-0.569189
-0.569578
-0.569837
-0.570051
-0.570276
-0.570586
-0.571051
-0.57173
-0.572641
-0.573828
-0.575242
-0.576836
-0.578506
-0.580122
-0.581549
-0.582639
-0.583272
-0.583378
-0.582937
-0.581989
-0.580603
-0.578894
-0.577002
-0.57501
-0.573033
-0.571088
-0.569205
-0.56739
-0.565651
-0.563986
-0.562451
-0.561062
-0.559926
-0.559171
-0.558961
-0.559465
-0.560799
-0.562983
-0.565864
-0.569157
-0.572389
-0.575021
-0.576493
-0.576252
-0.573934
-0.569449
-0.563203
-0.556245
-0.550128
-0.546335
-0.545543
-0.547205
-0.549924
-0.552251
-0.553376
-0.55332
-0.552704
-0.552362
-0.552901
-0.554473
-0.556724
-0.559048
-0.560756
-0.561346
-0.560519
-0.558309
-0.554977
-0.551014
-0.547031
-0.543644
-0.541253
-0.539942
-0.53952
-0.539678
-0.540188
-0.541026
-0.542301
-0.544137
-0.546562
-0.549433
-0.552444
-0.555214
-0.557411
-0.558765
-0.559104
-0.558349
-0.55641
-0.553278
-0.548959
-0.543504
-0.537082
-0.52999
-0.522669
-0.515666
-0.509533
-0.504698
-0.501315
-0.499318
-0.498542
-0.498774
-0.499876
-0.501702
-0.504112
-0.506862
-0.509682
-0.512324
-0.514576
-0.516318
-0.517495
-0.51814
-0.518294
-0.518035
-0.517439
-0.516579
-0.51551
-0.51431
-0.513036
-0.511769
-0.510567
-0.509536
-0.508737
-0.508241
-0.508088
-0.508264
-0.50872
-0.50937
-0.510114
-0.510802
-0.511293
-0.511506
-0.5114
-0.510978
-0.510329
-0.509605
-0.50899
-0.508692
-0.508875
-0.509632
-0.510982
-0.512843
-0.515067
-0.517483
-0.519945
-0.522301
-0.524445
-0.526291
-0.527802
-0.528947
-0.52975
-0.53026
-0.530597
-0.530941
-0.531435
-0.532267
-0.533567
-0.535396
-0.537698
-0.540366
-0.543215
-0.546071
-0.548781
-0.55124
-0.553436
-0.555389
-0.557194
-0.558914
-0.560639
-0.562427
-0.564302
-0.566284
-0.568367
-0.570542
-0.572783
-0.575056
-0.577334
-0.579559
-0.581669
-0.583567
-0.585143
-0.586323
-0.587008
-0.587141
-0.58669
-0.585625
-0.583975
-0.581786
-0.579116
-0.576079
-0.572825
-0.569501
-0.566254
-0.56321
-0.560477
-0.558105
-0.556133
-0.55458
-0.553515
-0.553032
-0.553226
-0.554229
-0.556112
-0.558877
-0.56245
-0.566696
-0.571433
-0.576437
-0.581459
-0.586202
-0.590268
-0.593094
-0.593832
-0.591249
-0.583683
-0.569346
-0.547706
-0.522107
-0.50173
-0.4975
-0.51214
-0.537289
-0.562228
-0.581337
-0.593968
-0.60159
-0.605908
-0.608242
-0.60945
-0.610093
-0.610555
-0.611052
-0.611747
-0.612679
-0.613842
-0.615127
-0.616351
-0.61735
-0.617917
-0.617879
-0.61713
-0.615594
-0.613292
-0.610295
-0.606716
-0.602765
-0.59863
-0.594488
-0.590518
-0.586829
-0.583491
-0.5805
-0.577875
-0.575611
-0.573689
-0.572107
-0.570914
-0.570095
-0.569665
-0.569615
-0.569949
-0.570661
-0.571758
-0.573257
-0.575204
-0.577639
-0.580583
-0.583992
-0.587778
-0.591778
-0.595818
-0.599684
-0.603166
-0.606036
-0.608077
-0.609
-0.608434
-0.605842
-0.600553
-0.59186
-0.579365
-0.563813
-0.548007
-0.536856
-0.535172
-0.54416
-0.560373
-0.578431
-0.594251
-0.60597
-0.613365
-0.616946
-0.617537
-0.616063
-0.613643
-0.611482
-0.610626
-0.611702
-0.61475
-0.619215
-0.624264
-0.629095
-0.633166
-0.636195
-0.638138
-0.639099
-0.63922
-0.638629
-0.637388
-0.635518
-0.632966
-0.629664
-0.62555
-0.620636
-0.615079
-0.609246
-0.603671
-0.59895
-0.595567
-0.593811
-0.593678
-0.59499
-0.597481
-0.600907
-0.605005
-0.609492
-0.614068
-0.618407
-0.622251
-0.625436
-0.627902
-0.629687
-0.630867
-0.631515
-0.631725
-0.63163
-0.631391
-0.631207
-0.631317
-0.680286
-0.699055
-0.704414
-0.705249
-0.704752
-0.703975
-0.703006
-0.701317
-0.697654
-0.689703
-0.673492
-0.643402
-0.595684
-0.539583
-0.50605
-0.520344
-0.564961
-0.606173
-0.630249
-0.639998
-0.642244
-0.642498
-0.643876
-0.64721
-0.651739
-0.656026
-0.658847
-0.659516
-0.657922
-0.654335
-0.649236
-0.643155
-0.63668
-0.630326
-0.624542
-0.619657
-0.615894
-0.613364
-0.61208
-0.611982
-0.612975
-0.614957
-0.617815
-0.621418
-0.625621
-0.63026
-0.635125
-0.639995
-0.644648
-0.648877
-0.652509
-0.65541
-0.657514
-0.658814
-0.659347
-0.659248
-0.658666
-0.657768
-0.656712
-0.655613
-0.654526
-0.653425
-0.652244
-0.650908
-0.649338
-0.647486
-0.645327
-0.642899
-0.64022
-0.637364
-0.634381
-0.631324
-0.628265
-0.625285
-0.622503
-0.620018
-0.617928
-0.616298
-0.615099
-0.614217
-0.613475
-0.612682
-0.611651
-0.61028
-0.608519
-0.606343
-0.603802
-0.600987
-0.597976
-0.59484
-0.591668
-0.588507
-0.585391
-0.582351
-0.579401
-0.576552
-0.573824
-0.571232
-0.568802
-0.566556
-0.564526
-0.562721
-0.561156
-0.559816
-0.558701
-0.557804
-0.557125
-0.556674
-0.556451
-0.556468
-0.556752
-0.557289
-0.558061
-0.559017
-0.560098
-0.561255
-0.562423
-0.563555
-0.564644
-0.56568
-0.566658
-0.567606
-0.568547
-0.569507
-0.570511
-0.571586
-0.572731
-0.573943
-0.575214
-0.5765
-0.577763
-0.578941
-0.579942
-0.580718
-0.581175
-0.581245
-0.58086
-0.579963
-0.578483
-0.576365
-0.573601
-0.570268
-0.566626
-0.563194
-0.560786
-0.560349
-0.562615
-0.567789
-0.575417
-0.584504
-0.593975
-0.602925
-0.610757
-0.617128
-0.621855
-0.6248
-0.625828
-0.624804
-0.621724
-0.616915
-0.611226
-0.606087
-0.603144
-0.603503
-0.607072
-0.612528
-0.617973
-0.621801
-0.623157
-0.622017
-0.619037
-0.615239
-0.611699
-0.609067
-0.607215
-0.605138
-0.601204
-0.593561
-0.580775
-0.562648
-0.54143
-0.522639
-0.513634
-0.519375
-0.538715
-0.565645
-0.593427
-0.617404
-0.635256
-0.646241
-0.650437
-0.648347
-0.641078
-0.63083
-0.621136
-0.615972
-0.617727
-0.625658
-0.636621
-0.64724
-0.655368
-0.660316
-0.662279
-0.661825
-0.659597
-0.656152
-0.651988
-0.64749
-0.642897
-0.638319
-0.633741
-0.629072
-0.624222
-0.619149
-0.613912
-0.608709
-0.603883
-0.599946
-0.597498
-0.597074
-0.598888
-0.602682
-0.60778
-0.613326
-0.618518
-0.622772
-0.625769
-0.627409
-0.627779
-0.62703
-0.625379
-0.623047
-0.620252
-0.617231
-0.614187
-0.611321
-0.608805
-0.606814
-0.605488
-0.604911
-0.605147
-0.60619
-0.607974
-0.610356
-0.613168
-0.616218
-0.6193
-0.622238
-0.624859
-0.627027
-0.628592
-0.629436
-0.629437
-0.628501
-0.6266
-0.623835
-0.62045
-0.616875
-0.613668
-0.611388
-0.610356
-0.610443
-0.610909
-0.610335
-0.606671
-0.597393
-0.580404
-0.556422
-0.532538
-0.521504
-0.531469
-0.556817
-0.584688
-0.60656
-0.620586
-0.628298
-0.631808
-0.632748
-0.632177
-0.630714
-0.628696
-0.626299
-0.623587
-0.6206
-0.617335
-0.613823
-0.610105
-0.606283
-0.602539
-0.599132
-0.596332
-0.594319
-0.593043
-0.592061
-0.590468
-0.586998
-0.580332
-0.569855
-0.556864
-0.54546
-0.541377
-0.548075
-0.563651
-0.582538
-0.599683
-0.612714
-0.62146
-0.626759
-0.629606
-0.630836
-0.631097
-0.630771
-0.630121
-0.629285
-0.628334
-0.62728
-0.626069
-0.624598
-0.622673
-0.620079
-0.616521
-0.611771
-0.60569
-0.598473
-0.590864
-0.584122
-0.579813
-0.579196
-0.582575
-0.589182
-0.597586
-0.606388
-0.614561
-0.621545
-0.627146
-0.631344
-0.634199
-0.635805
-0.636281
-0.635736
-0.634312
-0.632097
-0.629223
-0.625815
-0.621995
-0.61791
-0.613739
-0.609622
-0.60575
-0.60229
-0.599396
-0.597233
-0.595907
-0.595522
-0.596106
-0.597635
-0.600032
-0.603142
-0.606741
-0.610572
-0.614376
-0.617912
-0.621005
-0.623552
-0.625479
-0.62677
-0.627402
-0.627356
-0.626562
-0.624867
-0.622055
-0.617804
-0.611722
-0.60357
-0.593433
-0.582187
-0.571721
-0.564688
-0.563303
-0.568003
-0.577072
-0.58767
-0.597275
-0.60436
-0.608388
-0.609408
-0.607826
-0.604207
-0.599266
-0.593857
-0.588945
-0.585459
-0.584112
-0.585181
-0.588437
-0.593252
-0.598845
-0.604519
-0.609747
-0.614312
-0.618152
-0.621378
-0.624159
-0.626653
-0.628972
-0.6312
-0.633351
-0.635391
-0.637283
-0.638991
-0.640524
-0.641892
-0.643153
-0.644358
-0.645586
-0.646874
-0.648257
-0.649733
-0.651266
-0.652824
-0.654315
-0.655703
-0.656929
-0.657954
-0.658758
-0.659365
-0.659804
-0.660107
-0.660312
-0.660435
-0.660401
-0.660085
-0.6593
-0.657814
-0.655556
-0.652821
-0.650488
-0.649912
-0.652427
-0.658555
-0.667619
-0.678042
-0.688108
-0.696596
-0.702916
-0.70691
-0.708606
-0.708064
-0.705257
-0.700044
-0.692254
-0.681806
-0.669006
-0.654835
-0.641203
-0.630694
-0.625607
-0.626779
-0.633069
-0.641997
-0.651172
-0.659018
-0.66493
-0.668959
-0.671499
-0.673038
-0.674034
-0.674895
-0.675908
-0.677294
-0.67914
-0.681459
-0.684175
-0.687162
-0.690261
-0.693324
-0.696228
-0.698875
-0.701227
-0.703246
-0.70491
-0.706195
-0.707085
-0.70754
-0.707486
-0.706857
-0.705555
-0.703489
-0.70056
-0.696695
-0.691912
-0.686292
-0.680112
-0.673762
-0.66768
-0.662265
-0.657742
-0.654205
-0.651709
-0.650377
-0.65047
-0.652219
-0.655724
-0.66083
-0.667138
-0.674064
-0.681027
-0.687514
-0.693177
-0.697848
-0.701483
-0.704153
-0.705978
-0.707109
-0.707704
-0.707917
-0.707873
-0.707679
-0.707426
-0.707137
-0.706862
-0.706568
-0.706253
-0.705875
-0.705389
-0.704778
-0.70402
-0.703148
-0.702194
-0.701234
-0.700336
-0.699593
-0.699045
-0.698677
-0.698418
-0.698091
-0.697473
-0.696321
-0.694417
-0.691538
-0.687578
-0.682543
-0.676588
-0.67009
-0.663622
-0.657903
-0.653702
-0.651672
-0.652167
-0.655184
-0.660323
-0.666938
-0.674277
-0.681634
-0.688426
-0.694247
-0.698801
-0.701975
-0.703754
-0.704207
-0.703497
-0.701798
-0.699242
-0.69589
-0.691775
-0.687015
-0.681967
-0.67732
-0.673907
-0.672404
-0.672922
-0.67494
-0.677589
-0.680007
-0.681583
-0.68201
-0.681224
-0.679319
-0.676399
-0.672504
-0.667566
-0.661366
-0.65361
-0.644183
-0.633482
-0.622713
-0.613951
-0.609598
-0.611352
-0.619215
-0.63142
-0.645225
-0.658035
-0.66809
-0.674633
-0.677603
-0.677394
-0.674652
-0.670131
-0.664643
-0.658965
-0.653808
-0.649667
-0.646813
-0.645314
-0.645053
-0.645833
-0.647441
-0.649617
-0.652119
-0.654692
-0.657089
-0.659049
-0.660408
-0.660994
-0.660746
-0.659648
-0.657756
-0.655211
-0.652194
-0.64893
-0.645688
-0.642699
-0.640174
-0.638214
-0.636804
-0.635901
-0.635351
-0.63504
-0.634861
-0.634729
-0.634627
-0.634586
-0.634699
-0.635208
-0.636405
-0.638515
-0.641626
-0.645551
-0.649905
-0.654186
-0.657935
-0.660845
-0.662812
-0.663849
-0.664106
-0.66376
-0.663055
-0.66219
-0.661333
-0.66062
-0.660149
-0.659995
-0.660144
-0.660555
-0.661127
-0.661724
-0.662178
-0.662334
-0.662033
-0.661187
-0.659704
-0.657501
-0.654522
-0.650727
-0.646097
-0.640736
-0.634876
-0.628978
-0.623679
-0.619698
-0.61758
-0.617596
-0.619645
-0.623301
-0.628007
-0.633165
-0.638268
-0.642956
-0.646995
-0.650252
-0.652715
-0.654413
-0.655406
-0.655737
-0.655416
-0.654445
-0.652793
-0.650474
-0.647548
-0.644198
-0.640796
-0.637746
-0.63553
-0.634492
-0.63475
-0.636119
-0.63819
-0.640387
-0.642128
-0.64294
-0.642493
-0.640608
-0.637334
-0.63294
-0.627914
-0.62293
-0.618734
-0.615917
-0.614799
-0.61533
-0.617213
-0.61998
-0.623249
-0.626684
-0.630089
-0.633349
-0.636346
-0.639038
-0.641359
-0.643279
-0.644731
-0.645674
-0.646096
-0.645981
-0.645326
-0.644178
-0.642628
-0.640804
-0.638848
-0.636946
-0.635281
-0.634023
-0.633269
-0.633036
-0.633261
-0.633806
-0.634467
-0.635031
-0.635323
-0.635174
-0.634519
-0.633389
-0.631833
-0.629978
-0.627922
-0.625746
-0.623406
-0.62079
-0.617734
-0.614054
-0.609672
-0.604749
-0.599707
-0.5953
-0.592356
-0.591511
-0.592909
-0.596147
-0.60044
-0.604959
-0.60905
-0.612332
-0.614662
-0.616048
-0.616656
-0.616681
-0.616356
-0.615866
-0.615394
-0.615068
-0.614975
-0.615214
-0.615865
-0.617013
-0.618693
-0.62094
-0.623682
-0.626802
-0.630087
-0.633359
-0.636446
-0.639175
-0.641449
-0.643171
-0.64425
-0.644585
-0.644039
-0.642482
-0.639756
-0.635803
-0.630738
-0.624955
-0.6192
-0.614442
-0.611552
-0.610968
-0.612469
-0.615284
-0.61851
-0.621452
-0.623766
-0.625446
-0.626683
-0.627677
-0.628618
-0.6296
-0.630633
-0.631699
-0.63278
-0.63384
-0.634875
-0.635827
-0.636658
-0.637226
-0.637393
-0.636961
-0.635633
-0.633054
-0.628846
-0.622616
-0.614197
-0.603899
-0.592814
-0.58288
-0.576338
-0.574633
-0.577634
-0.58381
-0.591238
-0.598516
-0.604995
-0.610567
-0.615367
-0.61954
-0.62318
-0.626318
-0.628956
-0.63113
-0.632887
-0.634343
-0.635617
-0.636852
-0.638148
-0.639578
-0.641103
-0.64263
-0.643958
-0.644838
-0.644973
-0.644069
-0.641835
-0.638002
-0.632365
-0.624802
-0.615377
-0.604498
-0.5932
-0.583326
-0.57728
-0.577086
-0.583093
-0.593615
-0.605719
-0.616707
-0.624883
-0.62968
-0.631436
-0.631096
-0.629937
-0.629201
-0.629688
-0.631537
-0.634269
-0.637067
-0.639205
-0.640221
-0.639954
-0.6385
-0.63608
-0.632976
-0.6295
-0.625948
-0.622614
-0.6197
-0.617341
-0.615571
-0.614276
-0.61328
-0.612352
-0.611321
-0.610068
-0.608539
-0.606771
-0.604863
-0.602966
-0.601215
-0.599762
-0.598706
-0.598139
-0.598121
-0.598669
-0.599811
-0.60153
-0.603781
-0.606488
-0.609537
-0.61278
-0.616035
-0.61905
-0.621586
-0.623374
-0.624169
-0.623751
-0.621972
-0.618661
-0.613816
-0.607602
-0.600583
-0.593821
-0.588777
-0.58678
-0.588435
-0.593303
-0.60018
-0.607685
-0.614763
-0.620791
-0.625475
-0.628726
-0.630513
-0.630832
-0.62977
-0.627488
-0.624259
-0.620498
-0.616777
-0.61366
-0.611645
-0.610887
-0.611219
-0.612147
-0.612994
-0.613129
-0.612094
-0.609699
-0.606044
-0.601574
-0.596931
-0.592919
-0.59022
-0.589242
-0.589971
-0.592014
-0.594725
-0.597401
-0.599506
-0.600634
-0.600626
-0.599497
-0.597338
-0.594318
-0.59062
-0.586488
-0.582226
-0.578214
-0.574813
-0.572298
-0.570752
-0.570035
-0.569847
-0.569734
-0.569288
-0.568251
-0.566723
-0.565195
-0.564452
-0.565188
-0.567544
-0.570922
-0.574286
-0.577007
-0.579436
-0.582889
-0.588717
-0.597207
-0.607267
-0.617126
-0.625194
-0.63058
-0.633031
-0.632704
-0.629887
-0.624925
-0.618208
-0.61021
-0.601465
-0.592584
-0.584046
-0.576063
-0.626626
-0.643856
-0.650209
-0.653011
-0.65425
-0.654694
-0.654721
-0.654555
-0.654328
-0.654082
-0.653792
-0.65342
-0.652877
-0.652086
-0.650969
-0.649451
-0.64747
-0.644955
-0.641869
-0.638208
-0.634002
-0.629378
-0.624533
-0.619761
-0.615408
-0.611806
-0.609223
-0.60775
-0.607301
-0.607658
-0.608531
-0.60961
-0.610657
-0.611521
-0.612141
-0.612529
-0.612765
-0.612944
-0.613204
-0.613664
-0.614426
-0.615553
-0.617062
-0.618919
-0.621083
-0.623454
-0.62598
-0.628568
-0.631152
-0.633684
-0.636128
-0.638428
-0.640556
-0.642478
-0.644169
-0.645598
-0.646743
-0.647589
-0.648131
-0.648352
-0.648257
-0.647855
-0.64717
-0.646275
-0.645271
-0.644308
-0.643606
-0.643382
-0.643831
-0.645092
-0.647192
-0.650071
-0.653579
-0.657509
-0.66165
-0.665786
-0.669739
-0.673365
-0.676559
-0.679247
-0.681379
-0.682939
-0.683921
-0.684317
-0.684128
-0.683343
-0.681931
-0.679838
-0.676992
-0.67332
-0.668766
-0.663338
-0.657159
-0.650546
-0.644019
-0.638255
-0.633921
-0.631442
-0.630861
-0.631845
-0.633876
-0.636428
-0.639151
-0.641873
-0.644533
-0.647101
-0.649553
-0.651845
-0.653939
-0.655814
-0.657472
-0.658959
-0.660304
-0.661532
-0.662684
-0.6638
-0.664922
-0.666105
-0.667414
-0.668881
-0.670525
-0.672336
-0.674263
-0.676197
-0.678029
-0.67965
-0.680954
-0.681852
-0.682277
-0.68219
-0.681573
-0.680445
-0.678863
-0.676904
-0.674701
-0.672429
-0.670287
-0.668514
-0.667366
-0.667051
-0.667747
-0.669573
-0.672573
-0.676673
-0.681652
-0.687082
-0.692099
-0.694925
-0.691964
-0.676434
-0.638425
-0.574418
-0.514394
-0.518379
-0.588742
-0.665799
-0.71693
-0.744507
-0.758349
-0.76526
-0.768673
-0.769918
-0.769031
-0.765107
-0.756417
-0.740969
-0.718227
-0.692286
-0.673617
-0.672777
-0.689422
-0.71258
-0.731815
-0.743255
-0.747795
-0.747913
-0.746031
-0.743908
-0.742671
-0.742773
-0.744137
-0.746339
-0.748756
-0.750768
-0.751811
-0.751461
-0.749441
-0.745668
-0.740279
-0.733701
-0.726691
-0.720266
-0.715478
-0.713085
-0.713294
-0.715751
-0.719712
-0.724392
-0.729183
-0.733684
-0.737701
-0.741142
-0.743984
-0.746232
-0.747879
-0.748915
-0.749342
-0.749169
-0.748438
-0.747199
-0.745517
-0.743493
-0.741213
-0.738789
-0.736338
-0.733958
-0.731739
-0.729784
-0.728193
-0.727037
-0.72642
-0.726434
-0.727199
-0.728788
-0.731262
-0.734576
-0.738498
-0.742438
-0.745039
-0.743419
-0.731819
-0.700623
-0.641274
-0.569537
-0.544555
-0.597962
-0.677465
-0.734742
-0.764879
-0.778009
-0.782517
-0.783062
-0.781954
-0.780237
-0.778423
-0.776687
-0.775115
-0.773678
-0.772312
-0.770951
-0.7695
-0.767941
-0.766245
-0.764448
-0.762615
-0.760839
-0.759219
-0.757867
-0.75688
-0.756296
-0.756098
-0.756141
-0.756136
-0.755688
-0.754246
-0.751268
-0.746382
-0.739661
-0.731918
-0.724693
-0.719849
-0.718743
-0.721732
-0.728116
-0.736637
-0.745862
-0.754482
-0.76152
-0.766562
-0.769731
-0.771626
-0.773027
-0.774571
-0.776572
-0.778978
-0.781463
-0.783662
-0.785263
-0.786091
-0.786102
-0.785344
-0.78387
-0.781757
-0.779019
-0.77568
-0.771703
-0.767043
-0.761679
-0.755654
-0.749137
-0.74244
-0.736042
-0.730544
-0.726521
-0.72437
-0.72419
-0.725757
-0.728623
-0.732302
-0.736327
-0.740362
-0.744218
-0.747788
-0.751015
-0.753903
-0.756446
-0.758645
-0.760489
-0.761956
-0.763018
-0.763649
-0.763847
-0.763593
-0.762911
-0.76185
-0.76046
-0.758832
-0.757051
-0.755262
-0.753597
-0.752177
-0.751128
-0.750523
-0.750403
-0.750777
-0.751595
-0.752802
-0.754325
-0.756122
-0.758157
-0.760387
-0.762787
-0.76524
-0.767495
-0.768991
-0.76862
-0.764376
-0.753036
-0.730353
-0.693694
-0.648493
-0.611935
-0.597925
-0.598252
-0.599465
-0.608284
-0.637885
-0.681683
-0.720786
-0.743761
-0.748684
-0.737649
-0.715174
-0.690332
-0.67607
-0.68058
-0.699407
-0.721108
-0.737625
-0.747083
-0.751056
-0.751915
-0.751533
-0.751017
-0.750791
-0.75079
-0.750664
-0.749942
-0.748055
-0.744309
-0.737897
-0.728018
-0.714371
-0.697936
-0.681749
-0.670493
-0.667896
-0.673976
-0.685278
-0.697742
-0.708895
-0.718007
-0.725173
-0.730634
-0.734508
-0.73683
-0.737651
-0.73705
-0.735192
-0.732285
-0.728582
-0.724374
-0.719961
-0.715667
-0.711834
-0.708783
-0.706718
-0.705746
-0.705805
-0.706662
-0.707992
-0.709415
-0.710599
-0.711274
-0.711308
-0.71065
-0.709378
-0.707649
-0.705695
-0.703781
-0.70218
-0.701144
-0.700846
-0.701379
-0.702737
-0.704872
-0.707635
-0.710889
-0.714484
-0.718267
-0.722116
-0.725946
-0.729689
-0.733318
-0.736813
-0.740182
-0.743422
-0.74656
-0.749596
-0.752552
-0.755437
-0.758242
-0.760965
-0.76359
-0.766106
-0.76851
-0.770797
-0.772971
-0.775038
-0.777018
-0.778909
-0.780727
-0.782432
-0.783985
-0.785313
-0.786339
-0.786894
-0.786795
-0.785769
-0.783354
-0.778758
-0.770601
-0.756613
-0.733772
-0.70006
-0.65977
-0.62911
-0.627785
-0.65631
-0.69511
-0.72714
-0.747502
-0.758221
-0.762708
-0.763768
-0.763339
-0.762662
-0.762386
-0.762681
-0.763435
-0.764401
-0.765352
-0.766223
-0.767053
-0.76796
-0.769001
-0.770134
-0.7712
-0.772003
-0.772341
-0.772094
-0.771256
-0.769905
-0.768244
-0.766503
-0.764944
-0.763821
-0.763324
-0.763583
-0.764624
-0.766367
-0.768639
-0.771153
-0.773587
-0.775512
-0.776517
-0.776203
-0.774259
-0.770537
-0.76512
-0.758495
-0.751498
-0.745255
-0.740863
-0.738957
-0.739511
-0.741931
-0.745362
-0.749045
-0.752508
-0.755561
-0.758213
-0.760552
-0.762692
-0.764716
-0.766651
-0.768493
-0.770202
-0.771716
-0.772976
-0.773915
-0.774508
-0.774717
-0.774543
-0.774003
-0.773101
-0.771861
-0.770331
-0.768537
-0.766529
-0.764353
-0.762064
-0.759693
-0.757296
-0.754918
-0.752579
-0.750315
-0.748139
-0.746063
-0.744081
-0.742202
-0.740418
-0.738699
-0.737025
-0.735363
-0.733691
-0.731974
-0.730183
-0.728319
-0.726375
-0.724387
-0.722412
-0.720523
-0.71884
-0.717449
-0.716442
-0.715856
-0.715691
-0.715885
-0.71634
-0.716943
-0.717626
-0.71831
-0.719001
-0.719729
-0.720562
-0.721555
-0.722727
-0.724067
-0.725497
-0.726945
-0.728298
-0.729462
-0.73035
-0.730922
-0.731142
-0.731008
-0.730564
-0.729872
-0.729034
-0.728183
-0.727447
-0.726935
-0.726675
-0.726568
-0.726337
-0.725446
-0.723098
-0.718303
-0.710166
-0.698528
-0.685047
-0.673825
-0.670156
-0.676959
-0.69229
-0.711045
-0.728623
-0.742794
-0.753281
-0.760762
-0.766072
-0.769933
-0.772856
-0.775167
-0.777023
-0.778483
-0.779521
-0.780044
-0.779929
-0.779067
-0.77739
-0.774958
-0.771987
-0.768873
-0.766095
-0.764113
-0.763179
-0.763238
-0.763962
-0.764949
-0.765888
-0.766692
-0.767457
-0.768456
-0.769929
-0.772042
-0.774834
-0.778192
-0.781956
-0.785953
-0.790002
-0.79397
-0.797746
-0.801269
-0.804521
-0.807544
-0.81042
-0.81326
-0.816172
-0.81919
-0.822324
-0.825455
-0.828412
-0.831
-0.832963
-0.834018
-0.833833
-0.831922
-0.827666
-0.820263
-0.808837
-0.79294
-0.773549
-0.754155
-0.740589
-0.737981
-0.746868
-0.762988
-0.780951
-0.797297
-0.810857
-0.821724
-0.8303
-0.836888
-0.841626
-0.844571
-0.845776
-0.845332
-0.843447
-0.840417
-0.836661
-0.832622
-0.82868
-0.825133
-0.822043
-0.819252
-0.816296
-0.812547
-0.807293
-0.799991
-0.790613
-0.779999
-0.76989
-0.762508
-0.759717
-0.762279
-0.76978
-0.78091
-0.793822
-0.806483
-0.817032
-0.824084
-0.826861
-0.825272
-0.819929
-0.812275
-0.804501
-0.798889
-0.796838
-0.798245
-0.801724
-0.805704
-0.809178
-0.812002
-0.814515
-0.817105
-0.819983
-0.823046
-0.826026
-0.828644
-0.83072
-0.832172
-0.833059
-0.833491
-0.833594
-0.833478
-0.833211
-0.832809
-0.832226
-0.831398
-0.830227
-0.828574
-0.826345
-0.823431
-0.819761
-0.815343
-0.810227
-0.804571
-0.798603
-0.792661
-0.787125
-0.782447
-0.778999
-0.777094
-0.776857
-0.778255
-0.781058
-0.784923
-0.789413
-0.794094
-0.798542
-0.802443
-0.80563
-0.808062
-0.809875
-0.811281
-0.812563
-0.814035
-0.815929
-0.818353
-0.821342
-0.824747
-0.828291
-0.831509
-0.833687
-0.833776
-0.83023
-0.820934
-0.803576
-0.77744
-0.747064
-0.72462
-0.723043
-0.742712
-0.771292
-0.796919
-0.815189
-0.826824
-0.833991
-0.838551
-0.841686
-0.844053
-0.84596
-0.847533
-0.848768
-0.849558
-0.84976
-0.849161
-0.847541
-0.844705
-0.840577
-0.8352
-0.828842
-0.822006
-0.815387
-0.809788
-0.805955
-0.804402
-0.805339
-0.808606
-0.813654
-0.819714
-0.8259
-0.831367
-0.835444
-0.837676
-0.837865
-0.836043
-0.83248
-0.827627
-0.822049
-0.81636
-0.811126
-0.806808
-0.803717
-0.802019
-0.801691
-0.802558
-0.80432
-0.806586
-0.809056
-0.811613
-0.814404
-0.817803
-0.822154
-0.827651
-0.834106
-0.84101
-0.847693
-0.853538
-0.858116
-0.861229
-0.862872
-0.863136
-0.862184
-0.860186
-0.857256
-0.853516
-0.849035
-0.843897
-0.838166
-0.831919
-0.82519
-0.817933
-0.80997
-0.800936
-0.790343
-0.777814
-0.763664
-0.749632
-0.739193
-0.736269
-0.742614
-0.756223
-0.772747
-0.788211
-0.800503
-0.809171
-0.814703
-0.817883
-0.819471
-0.820062
-0.820054
-0.819631
-0.818816
-0.817533
-0.815636
-0.813046
-0.809745
-0.805884
-0.801753
-0.797702
-0.794019
-0.790843
-0.78811
-0.785617
-0.783165
-0.780645
-0.778089
-0.775674
-0.7736
-0.772069
-0.771198
-0.771021
-0.771505
-0.77244
-0.773553
-0.774516
-0.775022
-0.774855
-0.77392
-0.772276
-0.770114
-0.767714
-0.765367
-0.763438
-0.762239
-0.762071
-0.763081
-0.765267
-0.768434
-0.77225
-0.776308
-0.780231
-0.783707
-0.786533
-0.788571
-0.789804
-0.790212
-0.789867
-0.788837
-0.787249
-0.785189
-0.782768
-0.780109
-0.777321
-0.774517
-0.771776
-0.76918
-0.766814
-0.764714
-0.762941
-0.761519
-0.760441
-0.759714
-0.759293
-0.7591
-0.759048
-0.758982
-0.758777
-0.758252
-0.757263
-0.755688
-0.753499
-0.750822
-0.74792
-0.745208
-0.743191
-0.74233
-0.742897
-0.744884
-0.748029
-0.751949
-0.756203
-0.760409
-0.764287
-0.767627
-0.770279
-0.772176
-0.773236
-0.773447
-0.772816
-0.771359
-0.769171
-0.766342
-0.763012
-0.759346
-0.755559
-0.751884
-0.748574
-0.745898
-0.74409
-0.743341
-0.743735
-0.745248
-0.747691
-0.75081
-0.754271
-0.757778
-0.761067
-0.763967
-0.766372
-0.768234
-0.769524
-0.770234
-0.770324
-0.769795
-0.76865
-0.766964
-0.764857
-0.762534
-0.760223
-0.758221
-0.756851
-0.756399
-0.757062
-0.758837
-0.761504
-0.764698
-0.76801
-0.771156
-0.774092
-0.777089
-0.780549
-0.784814
-0.789905
-0.795424
-0.800658
-0.8048
-0.849239
-0.869646
-0.876956
-0.878105
-0.875797
-0.870962
-0.863684
-0.853652
-0.840354
-0.823418
-0.802917
-0.779775
-0.755979
-0.734416
-0.718035
-0.708641
-0.705802
-0.707141
-0.709801
-0.711996
-0.713376
-0.714414
-0.715303
-0.715086
-0.711103
-0.699078
-0.674919
-0.640897
-0.613825
-0.617616
-0.654486
-0.701126
-0.737448
-0.758708
-0.768324
-0.770927
-0.769963
-0.767411
-0.764116
-0.760203
-0.755596
-0.750335
-0.744667
-0.738893
-0.733173
-0.727625
-0.722546
-0.718677
-0.716997
-0.718128
-0.7217
-0.726355
-0.73043
-0.732783
-0.733288
-0.732755
-0.732472
-0.733513
-0.736196
-0.739972
-0.743737
-0.746342
-0.746953
-0.74517
-0.74096
-0.734607
-0.726596
-0.717551
-0.70825
-0.699513
-0.692121
-0.686697
-0.683619
-0.682889
-0.68423
-0.687122
-0.690968
-0.695204
-0.699408
-0.703261
-0.706594
-0.709319
-0.71143
-0.712919
-0.713829
-0.714166
-0.713935
-0.713146
-0.711816
-0.709977
-0.707669
-0.704926
-0.701796
-0.698346
-0.694631
-0.690723
-0.686673
-0.682552
-0.678428
-0.674374
-0.670465
-0.666799
-0.66346
-0.660548
-0.658136
-0.656238
-0.654823
-0.653768
-0.652911
-0.652025
-0.650951
-0.649643
-0.648244
-0.647149
-0.646897
-0.647982
-0.650662
-0.654767
-0.659753
-0.664922
-0.669567
-0.67317
-0.67545
-0.676316
-0.67582
-0.674127
-0.671464
-0.668142
-0.664497
-0.660883
-0.657689
-0.655225
-0.653763
-0.65348
-0.654431
-0.6566
-0.659843
-0.66393
-0.668601
-0.673526
-0.678412
-0.68294
-0.686769
-0.689518
-0.690698
-0.689738
-0.686075
-0.679364
-0.670001
-0.659497
-0.650174
-0.643577
-0.638322
-0.629609
-0.611912
-0.584792
-0.558944
-0.552329
-0.571623
-0.60391
-0.632802
-0.651415
-0.66055
-0.663329
-0.662532
-0.660034
-0.656948
-0.653858
-0.651038
-0.648591
-0.646539
-0.64486
-0.643534
-0.642501
-0.641649
-0.640811
-0.639662
-0.637773
-0.63464
-0.629833
-0.623335
-0.61585
-0.609054
-0.605167
-0.605979
-0.611647
-0.620637
-0.630651
-0.63974
-0.646857
-0.651738
-0.654574
-0.655747
-0.655595
-0.654405
-0.652285
-0.649232
-0.645112
-0.639689
-0.632872
-0.624879
-0.616538
-0.609385
-0.6053
-0.605668
-0.610502
-0.618449
-0.627567
-0.636228
-0.643528
-0.649211
-0.653473
-0.656625
-0.659031
-0.661
-0.662768
-0.6645
-0.666318
-0.668316
-0.670513
-0.672918
-0.675535
-0.67835
-0.681323
-0.684403
-0.687563
-0.690743
-0.693871
-0.696877
-0.699668
-0.702143
-0.704159
-0.705593
-0.706279
-0.706101
-0.704978
-0.702919
-0.700095
-0.696867
-0.693754
-0.691406
-0.69048
-0.691431
-0.694428
-0.699362
-0.705818
-0.71322
-0.720885
-0.728106
-0.734218
-0.738699
-0.741249
-0.741859
-0.74079
-0.738428
-0.735146
-0.731104
-0.726313
-0.720728
-0.714247
-0.706513
-0.696619
-0.683544
-0.667666
-0.652907
-0.646628
-0.654621
-0.67522
-0.700495
-0.722745
-0.738283
-0.746859
-0.7499
-0.749295
-0.746768
-0.74368
-0.740957
-0.739212
-0.738814
-0.739951
-0.742693
-0.746942
-0.752548
-0.759328
-0.767042
-0.77528
-0.783547
-0.791287
-0.79802
-0.803426
-0.807346
-0.809745
-0.810682
-0.810283
-0.808761
-0.806355
-0.803375
-0.800076
-0.796643
-0.793099
-0.789296
-0.784846
-0.779191
-0.771554
-0.760917
-0.746068
-0.725981
-0.700906
-0.67418
-0.653186
-0.646014
-0.654701
-0.673129
-0.692818
-0.70854
-0.719116
-0.725555
-0.729518
-0.732492
-0.735498
-0.739068
-0.743294
-0.747972
-0.752782
-0.757394
-0.761551
-0.765082
-0.767896
-0.769956
-0.77126
-0.771839
-0.771722
-0.770943
-0.769532
-0.767509
-0.764875
-0.761646
-0.757811
-0.753344
-0.748239
-0.742529
-0.736282
-0.729661
-0.722942
-0.716537
-0.710897
-0.706463
-0.703543
-0.702226
-0.70236
-0.703622
-0.705564
-0.707728
-0.709665
-0.710964
-0.711249
-0.710246
-0.707885
-0.704413
-0.700616
-0.697725
-0.697168
-0.69992
-0.705964
-0.714253
-0.723242
-0.731535
-0.73824
-0.742963
-0.745685
-0.746511
-0.745489
-0.742436
-0.736749
-0.727252
-0.712105
-0.689367
-0.659126
-0.627056
-0.605497
-0.604618
-0.620656
-0.63933
-0.649145
-0.647333
-0.638659
-0.632279
-0.636364
-0.652173
-0.674042
-0.695079
-0.71147
-0.722567
-0.729296
-0.732887
-0.734379
-0.734502
-0.733747
-0.732404
-0.730657
-0.72859
-0.72626
-0.723672
-0.720824
-0.717699
-0.71426
-0.710486
-0.706356
-0.701853
-0.696991
-0.69181
-0.686387
-0.680823
-0.675286
-0.669939
-0.664935
-0.660376
-0.656284
-0.652574
-0.649121
-0.645769
-0.642398
-0.638972
-0.635534
-0.632236
-0.629364
-0.627273
-0.626384
-0.627019
-0.629254
-0.632816
-0.637135
-0.641574
-0.645555
-0.648803
-0.651311
-0.65329
-0.655045
-0.656846
-0.658842
-0.661013
-0.66323
-0.665274
-0.666932
-0.66801
-0.668358
-0.667853
-0.666417
-0.664001
-0.66062
-0.656337
-0.651339
-0.645953
-0.64065
-0.635929
-0.632274
-0.629932
-0.628889
-0.62888
-0.629467
-0.630213
-0.630759
-0.630922
-0.630602
-0.629772
-0.628481
-0.626735
-0.624555
-0.62192
-0.6188
-0.615127
-0.610822
-0.605845
-0.600224
-0.594105
-0.587776
-0.581698
-0.576429
-0.572525
-0.570369
-0.570112
-0.57159
-0.574425
-0.578101
-0.582067
-0.585845
-0.589033
-0.591313
-0.592482
-0.592393
-0.590993
-0.588289
-0.584388
-0.579511
-0.574028
-0.568422
-0.563281
-0.559117
-0.556224
-0.554608
-0.553999
-0.554004
-0.554228
-0.554408
-0.554461
-0.554419
-0.554398
-0.554502
-0.55482
-0.555346
-0.556037
-0.556797
-0.557525
-0.558131
-0.558568
-0.558838
-0.558997
-0.559064
-0.559111
-0.559194
-0.559346
-0.559593
-0.559927
-0.560283
-0.560618
-0.560799
-0.560669
-0.560019
-0.558607
-0.556219
-0.552711
-0.5482
-0.543162
-0.538548
-0.535622
-0.535595
-0.539043
-0.54562
-0.554248
-0.563622
-0.572647
-0.580643
-0.587328
-0.592645
-0.596617
-0.599304
-0.600731
-0.600876
-0.599673
-0.597033
-0.592912
-0.587353
-0.580588
-0.573135
-0.565748
-0.559396
-0.555027
-0.553229
-0.554146
-0.557431
-0.562414
-0.568301
-0.574404
-0.580205
-0.585394
-0.589789
-0.593311
-0.595971
-0.597802
-0.598916
-0.599489
-0.599778
-0.600092
-0.600731
-0.601916
-0.603728
-0.606105
-0.608822
-0.611608
-0.614176
-0.616285
-0.617769
-0.618495
-0.618348
-0.617295
-0.61524
-0.612121
-0.607891
-0.602547
-0.596203
-0.589166
-0.581987
-0.575423
-0.570396
-0.567705
-0.567777
-0.570496
-0.575245
-0.58113
-0.587291
-0.59307
-0.598102
-0.60225
-0.605585
-0.608217
-0.610323
-0.612026
-0.613398
-0.614448
-0.61515
-0.615459
-0.61537
-0.614885
-0.614082
-0.613066
-0.611967
-0.610847
-0.609689
-0.608378
-0.606742
-0.604594
-0.601812
-0.598394
-0.594535
-0.590539
-0.586813
-0.583731
-0.5815
-0.580152
-0.579534
-0.579446
-0.579708
-0.580244
-0.581098
-0.582367
-0.584175
-0.586586
-0.589578
-0.593053
-0.596821
-0.60066
-0.604354
-0.607691
-0.610511
-0.612709
-0.614224
-0.615059
-0.615243
-0.614802
-0.613833
-0.612416
-0.610597
-0.608469
-0.606114
-0.603618
-0.601099
-0.598665
-0.596437
-0.59453
-0.593045
-0.592052
-0.591588
-0.591665
-0.592234
-0.593232
-0.594561
-0.596091
-0.597688
-0.599204
-0.600493
-0.601458
-0.602011
-0.60211
-0.601765
-0.601014
-0.599924
-0.59859
-0.597105
-0.595554
-0.594013
-0.592504
-0.591009
-0.589481
-0.587785
-0.585709
-0.583
-0.579342
-0.574431
-0.568058
-0.56018
-0.551051
-0.541261
-0.531808
-0.523922
-0.518784
-0.517153
-0.519059
-0.523815
-0.530274
-0.537207
-0.543679
-0.549137
-0.553436
-0.556702
-0.55919
-0.561211
-0.562982
-0.564649
-0.566216
-0.567651
-0.568896
-0.569868
-0.570547
-0.57091
-0.570943
-0.570636
-0.569975
-0.568882
-0.567314
-0.565171
-0.562397
-0.558997
-0.555069
-0.550906
-0.546956
-0.543801
-0.541992
-0.541895
-0.543515
-0.546517
-0.550376
-0.554498
-0.558427
-0.561862
-0.564657
-0.56678
-0.568234
-0.569068
-0.569345
-0.569098
-0.568404
-0.567343
-0.56602
-0.56456
-0.563141
-0.56194
-0.561114
-0.560749
-0.560851
-0.561335
-0.562033
-0.562745
-0.563254
-0.563372
-0.562987
-0.562025
-0.560505
-0.55849
-0.556099
-0.553485
-0.550864
-0.548439
-0.546436
-0.545031
-0.544346
-0.544412
-0.545181
-0.546546
-0.54838
-0.550513
-0.552796
-0.555096
-0.557289
-0.559274
-0.561037
-0.562599
-0.564028
-0.565423
-0.56687
-0.568415
-0.570042
-0.571676
-0.573159
-0.574319
-0.574994
-0.575141
-0.574821
-0.574219
-0.573596
-0.573174
-0.57307
-0.573177
-0.573269
-0.573034
-0.572208
-0.570654
-0.56839
-0.565572
-0.562509
-0.559577
-0.557147
-0.555542
-0.55494
-0.555356
-0.556582
-0.558355
-0.560378
-0.562366
-0.564141
-0.5656
-0.566691
-0.567454
-0.567922
-0.568146
-0.56819
-0.568101
-0.567938
-0.567749
-0.567567
-0.567419
-0.567337
-0.567353
-0.567493
-0.567786
-0.568257
-0.568895
-0.56968
-0.57054
-0.571387
-0.572127
-0.572626
-0.572771
-0.572499
-0.57177
-0.570627
-0.569192
-0.567626
-0.566178
-0.565078
-0.564546
-0.564695
-0.565563
-0.567066
-0.569024
-0.571208
-0.573356
-0.575241
-0.57666
-0.577477
-0.577603
-0.577007
-0.575746
-0.573959
-0.571855
-0.569692
-0.567717
-0.566132
-0.565022
-0.564339
-0.563948
-0.563662
-0.563319
-0.562763
-0.561918
-0.560756
-0.5593
-0.557631
-0.555888
-0.554285
-0.553108
-0.552658
-0.553201
-0.554899
-0.557737
-0.561522
-0.565916
-0.570527
-0.574989
-0.578989
-0.582342
-0.584942
-0.586755
-0.587827
-0.588204
-0.58797
-0.587211
-0.585997
-0.584415
-0.582533
-0.58041
-0.578122
-0.575716
-0.573292
-0.570946
-0.568744
-0.566817
-0.565256
-0.564188
-0.563694
-0.56385
-0.564699
-0.566246
-0.568468
-0.571294
-0.574607
-0.57831
-0.582275
-0.586376
-0.590487
-0.5945
-0.598333
-0.601912
-0.605186
-0.608125
-0.610753
-0.61309
-0.615221
-0.617251
-0.619296
-0.621467
-0.623856
-0.626496
-0.629347
-0.632288
-0.635147
-0.637691
-0.639681
-0.640858
-0.640974
-0.63982
-0.637224
-0.633107
-0.627525
-0.620785
-0.613459
-0.606397
-0.600587
-0.59685
-0.595544
-0.596361
-0.598421
-0.600603
-0.60202
-0.602423
-0.602332
-0.602798
-0.604848
-0.608894
-0.614412
-0.620227
-0.625074
-0.628131
-0.629302
-0.629283
-0.629438
-0.631435
-0.636561
-0.645083
-0.65605
-0.667742
-0.678437
-0.686923
-0.692644
-0.695632
-0.696336
-0.69543
-0.693672
-0.691708
-0.689897
-0.688263
-0.686513
-0.684208
-0.680939
-0.676428
-0.670627
-0.663685
-0.655956
-0.64797
-0.64038
-0.63393
-0.629337
-0.627182
-0.627725
-0.630824
-0.635917
-0.642141
-0.648534
-0.65418
-0.658415
-0.660813
-0.661302
-0.660099
-0.657681
-0.654686
-0.651778
-0.649419
-0.6478
-0.646767
-0.645962
-0.64497
