0  1.05248  0
1  1.0581  0.00397089
2  1.0562  0.00306587
3  1.05522  0.00245318
4  1.05316  0.00268875
5  1.05141  0.00275145
6  1.05266  0.00262649
7  1.0532  0.00235279
8  1.05212  0.00232457
9  1.05343  0.0024293
10  1.05409  0.00229762
11  1.0529  0.00239639
12  1.05345  0.00227539
13  1.05368  0.00212442
14  1.05337  0.00200493
15  1.05268  0.0019975
16  1.05219  0.00193906
17  1.05216  0.00183152
18  1.05197  0.0017453
19  1.05224  0.00167954
20  1.05257  0.00163153
21  1.05336  0.0017391
22  1.05418  0.00184761
23  1.05457  0.00181076
24  1.05563  0.00202472
25  1.05493  0.0020648
26  1.05533  0.00202744
27  1.0555  0.00196153
28  1.05521  0.00191445
29  1.05536  0.00185619
30  1.05552  0.00180372
31  1.05529  0.0017625
32  1.05425  0.00199294
33  1.05404  0.00194546
34  1.05319  0.00206727
35  1.05269  0.00206917
36  1.05383  0.00230872
37  1.05453  0.00234923
38  1.05468  0.00229431
39  1.0547  0.00223702
40  1.05526  0.00225094
41  1.0561  0.00234853
42  1.05584  0.00230824
43  1.05551  0.00227857
44  1.05541  0.00223006
45  1.05589  0.00223083
46  1.05569  0.00219193
47  1.05527  0.00218689
48  1.05518  0.00214383
49  1.05537  0.00210931
50  1.05582  0.00211432
51  1.05616  0.00210075
52  1.05637  0.00207196
53  1.05629  0.00203509
54  1.05648  0.00200657
55  1.05602  0.00202245
56  1.05633  0.00201012
57  1.05637  0.00197594
58  1.05668  0.00196601
59  1.05652  0.00193908
60  1.05647  0.0019082
61  1.05646  0.00187742
62  1.05638  0.00184936
63  1.05624  0.00182622
64  1.05609  0.00180404
65  1.05607  0.0017768
66  1.0559  0.00175825
67  1.05578  0.00173671
68  1.05622  0.00176756
69  1.05626  0.00174267
70  1.05632  0.00171923
71  1.05639  0.00169666
72  1.05633  0.00167439
73  1.05646  0.00165696
74  1.05627  0.00164608
75  1.05652  0.00164335
76  1.05649  0.00162226
77  1.05633  0.00160976
78  1.05637  0.00159006
79  1.05647  0.00157298
80  1.05656  0.00155651
81  1.05672  0.00154527
82  1.05656  0.00153532
83  1.05679  0.00153419
84  1.05691  0.00152115
85  1.05677  0.00150951
86  1.05664  0.00149805
87  1.0569  0.001503
88  1.05686  0.00148659
89  1.05647  0.00152075
90  1.05646  0.00150408
91  1.05668  0.00150384
92  1.05682  0.00149411
93  1.05683  0.00147831
94  1.05666  0.00147255
95  1.05684  0.00146764
96  1.05683  0.00145255
97  1.05674  0.00144056
98  1.05669  0.00142669
99  1.05682  0.00141834
