-6.36346
-6.35902
-6.35129
-6.33996
-6.32371
-6.30168
-6.27409
-6.23853
-6.19793
-6.14991
-6.09477
-6.03058
-5.96181
-5.88663
-5.809
-5.7308
-5.65859
-5.59496
-5.54257
-5.50387
-5.47821
-5.46648
-5.46623
-5.47219
-5.48615
-5.50339
-5.52109
-5.53929
-5.55489
-5.56874
-5.5796
-5.58818
-5.5947
-5.59897
-5.60122
-5.60293
-5.60348
-5.60221
-5.60074
-5.5989
-5.59364
-5.58729
-5.57675
-5.56476
-5.55112
-5.53638
-5.52183
-5.50784
-5.495
-5.48581
-5.48062
-5.47785
-5.47842
-5.4825
-5.48917
-5.49789
-5.50758
-5.51725
-5.52638
-5.53422
-5.53931
-5.54284
-5.54497
-5.54491
-5.54282
-5.5402
-5.5369
-5.53392
-5.5317
-5.53047
-5.53102
-5.53312
-5.53784
-5.54402
-5.55084
-5.55827
-5.56553
-5.57078
-5.57637
-5.57956
-5.58283
-5.58513
-5.58756
-5.58919
-5.592
-5.59391
-5.59648
-5.59996
-5.60272
-5.6049
-5.60549
-5.6059
-5.60466
-5.60194
-5.59926
-5.59774
-5.59405
-5.59048
-5.58773
-5.58544
-5.58437
-5.58415
-5.5847
-5.58419
-5.58369
-5.58217
-5.58046
-5.57627
-5.57185
-5.56624
-5.56067
-5.55438
-5.54598
-5.53631
-5.52421
-5.51229
-5.49935
-5.48727
-5.47494
-5.4662
-5.45999
-5.45604
-5.45555
-5.45706
-5.46083
-5.46488
-5.46959
-5.47347
-5.4774
-5.48205
-5.48688
-5.49158
-5.497
-5.50298
-5.50954
-5.51725
-5.52469
-5.53209
-5.53816
-5.54317
-5.54807
-5.55247
-5.55627
-5.56075
-5.56437
-5.56724
-5.56839
-5.56925
-5.5681
-5.56628
-5.56421
-5.56023
-5.5557
-5.55379
-5.55204
-5.55353
-5.55762
-5.56524
-5.57655
-5.58931
-5.60337
-5.61878
-5.6329
-5.64381
-5.652
-5.65661
-5.65778
-5.65573
-5.65165
-5.64547
-5.63701
-5.62847
-5.62021
-5.61306
-5.60699
-5.60268
-5.6011
-5.60018
-5.59906
-5.59976
-5.60061
-5.60133
-5.60173
-5.60131
-5.60064
-5.59935
-5.59749
-5.5953
-5.59316
-5.59148
-5.58994
-5.59194
-5.59453
-5.59842
-5.60369
-5.60942
-5.61577
-5.62137
-5.62574
-5.62885
-5.63014
-5.63073
-5.63064
-5.63024
-5.62793
-5.62642
-5.62594
-5.62676
-5.62724
-5.62801
-5.62917
-5.62968
-5.63048
-5.63086
-5.62915
-5.62783
-5.62497
-5.62203
-5.61815
-5.61429
-5.6108
-5.60702
-5.60277
-5.59949
-5.59578
-5.59083
-5.58362
-5.57588
-5.56813
-5.56027
-5.55413
-5.5504
-5.54911
-5.54882
-5.55032
-5.55147
-5.55425
-5.55867
-5.56266
-5.56854
-5.57698
-5.58897
-5.60286
-5.61681
-5.63174
-5.64499
-5.65637
-5.66478
-5.66893
-5.67017
-5.66693
-5.66002
-5.65141
-5.64005
-5.62842
-5.61725
-5.60691
-5.59871
-5.59197
-5.58571
-5.58115
-5.57748
-5.57556
-5.57508
-5.57599
-5.57794
-5.58082
-5.58388
-5.58801
-5.59033
-5.5921
-5.5927
-5.59468
-5.59562
-5.59768
-5.60319
-5.61023
-5.6175
-5.62554
-5.63264
-5.63955
-5.64422
-5.64751
-5.64833
-5.64912
-5.64854
-5.64573
-5.63996
-5.63281
-5.62528
-5.61575
-5.60586
-5.59556
-5.58443
-5.57421
-5.56459
-5.55758
-5.55122
-5.54564
-5.54237
-5.54006
-5.53818
-5.5371
-5.53732
-5.53967
-5.54333
-5.54828
-5.55476
-5.56185
-5.56755
-5.57148
-5.57459
-5.57786
-5.58181
-5.58658
-5.59284
-5.60188
-5.60937
-5.61409
-5.61415
-5.61083
-5.60614
-5.59995
-5.59376
-5.59072
-5.58951
-5.59082
-5.5937
-5.59879
-5.60406
-5.60941
-5.61289
-5.61416
-5.61293
-5.60927
-5.60352
-5.59626
-5.58908
-5.58272
-5.57514
-5.57087
-5.56652
-5.5656
-5.56557
-5.56766
-5.57163
-5.57722
-5.58232
-5.58901
-5.59647
-5.60274
-5.60859
-5.61391
-5.61809
-5.62026
-5.62214
-5.6227
-5.62301
-5.62215
-5.6206
-5.61864
-5.61754
-5.6164
-5.61539
-5.61419
-5.61207
-5.61014
-5.60646
-5.60134
-5.59488
-5.5867
-5.57744
-5.56763
-5.55823
-5.5481
-5.53828
-5.52835
-5.51682
-5.50506
-5.4916
-5.4777
-5.4626
-5.44693
-5.43412
-5.42624
-5.42414
-5.4281
-5.43735
-5.45138
-5.46728
-5.48441
-5.50239
-5.51916
-5.53452
-5.54694
-5.55628
-5.5628
-5.56677
-5.56832
-5.5678
-5.56603
-5.56484
-5.56194
-5.56069
-5.5584
-5.55577
-5.55205
-5.54734
-5.54299
-5.53784
-5.53406
-5.52997
-5.52696
-5.52646
-5.52756
-5.52897
-5.53082
-5.53213
-5.53309
-5.5323
-5.53123
-5.53025
-5.52968
-5.5309
-5.53401
-5.53788
-5.54328
-5.54913
-5.55317
-5.55596
-5.55647
-5.5545
-5.55028
-5.54341
-5.53523
-5.5255
-5.51613
-5.50696
-5.49941
-5.49415
-5.49299
-5.4965
-5.5039
-5.51479
-5.52868
-5.54309
-5.55662
-5.56883
-5.57878
-5.58638
-5.59102
-5.59314
-5.59201
-5.58815
-5.58236
-5.57195
-5.55958
-5.54641
-5.53265
-5.52081
-5.51146
-5.50402
-5.5011
-5.50175
-5.50453
-5.50867
-5.51483
-5.52093
-5.52738
-5.53398
-5.53972
-5.54536
-5.55047
-5.55561
-5.55953
-5.56362
-5.56728
-5.56993
-5.57295
-5.574
-5.5743
-5.57362
-5.57324
-5.57125
-5.56843
-5.56473
-5.56098
-5.55594
-5.54979
-5.54332
-5.53628
-5.52934
-5.5243
-5.51988
-5.51799
-5.51693
-5.51805
-5.51972
-5.52275
-5.52632
-5.52916
-5.53076
-5.52982
-5.5268
-5.52237
-5.51627
-5.50996
-5.50369
-5.50032
-5.49959
-5.50321
-5.50861
-5.51687
-5.52691
-5.53876
-5.54999
-5.55967
-5.56773
-5.57493
-5.57979
-5.58055
-5.57912
-5.57484
-5.56719
-5.55689
-5.54425
-5.52813
-5.51071
-5.49303
-5.47459
-5.45805
-5.44395
-5.43357
-5.42702
-5.42643
-5.43006
-5.438
-5.44873
-5.46283
-5.47791
-5.49395
-5.51001
-5.52673
-5.54111
-5.55257
-5.56188
-5.5682
-5.57305
-5.57347
-5.57191
-5.56721
-5.56128
-5.55443
-5.54754
-5.54105
-5.53552
-5.53364
-5.53374
-5.53592
-5.54098
-5.54799
-5.55702
-5.56597
-5.57447
-5.58086
-5.58593
-5.58874
-5.59074
-5.59064
-5.58996
-5.58832
-5.58689
-5.58576
-5.58558
-5.58639
-5.58884
-5.59205
-5.59492
-5.59746
-5.5992
-5.59983
-5.59883
-5.5946
-5.58692
-5.5767
-5.56458
-5.5496
-5.5339
-5.51753
-5.50205
-5.48754
-5.47487
-5.46504
-5.45822
-5.45406
-5.4515
-5.4512
-5.45124
-5.45204
-5.45389
-5.45613
-5.45701
-5.45788
-5.46124
-5.4634
-5.46517
-5.46801
-5.47046
-5.47232
-5.47445
-5.47576
-5.47708
-5.47691
-5.4773
-5.47598
-5.4752
-5.47418
-5.4729
-5.47279
-5.47358
-5.47453
-5.47662
-5.48149
-5.48885
-5.49852
-5.50817
-5.51946
-5.53101
-5.54176
-5.55089
-5.55922
-5.56678
-5.57337
-5.57975
-5.5861
-5.5928
-5.5984
-5.60282
-5.60685
-5.60998
-5.61275
-5.61537
-5.61735
-5.61665
-5.61532
-5.61284
-5.60968
-5.60502
-5.59758
-5.58954
-5.5802
-5.57211
-5.56416
-5.5575
-5.55279
-5.55026
-5.54797
-5.54814
-5.54826
-5.55087
-5.55417
-5.55822
-5.5634
-5.56735
-5.57029
-5.57034
-5.57009
-5.56916
-5.56644
-5.5647
-5.56374
-5.56431
-5.56578
-5.5696
-5.57325
-5.57709
-5.57989
-5.58014
-5.57877
-5.57604
-5.57109
-5.5631
-5.55449
-5.54677
-5.54046
-5.53593
-5.53589
-5.53727
-5.54126
-5.54455
-5.54376
-5.53855
-5.52847
-5.51341
-5.49587
-5.47798
-5.46263
-5.45421
-5.44969
-5.44936
-5.45506
-5.46249
-5.47353
-5.48561
-5.49765
-5.50994
-5.51998
-5.52927
-5.53391
-5.53614
-5.53416
-5.52914
-5.5232
-5.51807
-5.51443
-5.51268
-5.51083
-5.50909
-5.50826
-5.50742
-5.50737
-5.5061
-5.50539
-5.50397
-5.50342
-5.50092
-5.49733
-5.49223
-5.48579
-5.47985
-5.47287
-5.46723
-5.46374
-5.46288
-5.46432
-5.46798
-5.47385
-5.48172
-5.48943
-5.49798
-5.50503
-5.51325
-5.52274
-5.5327
-5.54246
-5.55226
-5.56166
-5.57175
-5.58024
-5.58805
-5.59233
-5.59442
-5.59385
-5.59013
-5.58405
-5.57655
-5.56718
-5.55597
-5.54547
-5.53554
-5.52839
-5.52321
-5.52248
-5.52447
-5.52982
-5.53789
-5.54704
-5.55798
-5.56957
-5.57874
-5.5871
-5.59326
-5.59668
-5.59689
-5.595
-5.58976
-5.58301
-5.57441
-5.56494
-5.55626
-5.54926
-5.54518
-5.54364
-5.54464
-5.5478
-5.55069
-5.55182
-5.55182
-5.54727
-5.53994
-5.53015
-5.51776
-5.50629
-5.49677
-5.48878
-5.48414
-5.48112
-5.47944
-5.47759
-5.47794
-5.47894
-5.47959
-5.47941
-5.47701
-5.47306
-5.46548
-5.45784
-5.45163
-5.44736
-5.44603
-5.44746
-5.45114
-5.45764
-5.46394
-5.46808
-5.47039
-5.47082
-5.46901
-5.46554
-5.46403
-5.46372
-5.46528
-5.4705
-5.47942
-5.49081
-5.50569
-5.52132
-5.53994
-5.55949
-5.57778
-5.59585
-5.61278
-5.62524
-5.63547
-5.64125
-5.64292
-5.64036
-5.63394
-5.62571
-5.61361
-5.6018
-5.59026
-5.57894
-5.56915
-5.56219
-5.55754
-5.55271
-5.54909
-5.54488
-5.54044
-5.53594
-5.52989
-5.52248
-5.5156
-5.50945
-5.50416
-5.50003
-5.49746
-5.49784
-5.49965
-5.50294
-5.50742
-5.51255
-5.51846
-5.52556
-5.53358
-5.54187
-5.55036
-5.56141
-5.57309
-5.58544
-5.59551
-5.60459
-5.61112
-5.6146
-5.61439
-5.61199
-5.60704
-5.60086
-5.5919
-5.58416
-5.57604
-5.56793
-5.56061
-5.55459
-5.55039
-5.54813
-5.54635
-5.54503
-5.54437
-5.54329
-5.54097
-5.53781
-5.53268
-5.52903
-5.52674
-5.52803
-5.53351
-5.54166
-5.55255
-5.56268
-5.57127
-5.57731
-5.58082
-5.58313
-5.58371
-5.58273
-5.58184
-5.58027
-5.58095
-5.58224
-5.58385
-5.58499
-5.58634
-5.5866
-5.58583
-5.58296
-5.57815
-5.57016
-5.55904
-5.5454
-5.53066
-5.51325
-5.49518
-5.4796
-5.4678
-5.46009
-5.45801
-5.46253
-5.47062
-5.48123
-5.49368
-5.50557
-5.51603
-5.52491
-5.53203
-5.53789
-5.54261
-5.54764
-5.55453
-5.56071
-5.56712
-5.57332
-5.578
-5.58154
-5.58257
-5.5825
-5.58085
-5.57722
-5.57305
-5.56789
-5.5618
-5.55503
-5.54634
-5.53656
-5.52751
-5.51899
-5.5121
-5.50932
-5.50912
-5.51294
-5.52003
-5.52876
-5.53933
-5.55033
-5.55958
-5.56689
-5.57246
-5.5751
-5.57357
-5.57049
-5.56513
-5.55933
-5.55266
-5.54758
-5.54277
-5.53762
-5.53402
-5.52938
-5.52422
-5.51762
-5.5088
-5.49883
-5.48747
-5.47637
-5.46504
-5.45664
-5.45008
-5.44611
-5.44489
-5.4455
-5.44872
-5.45565
-5.46515
-5.47702
-5.49207
-5.51019
-5.52842
-5.54763
-5.5641
-5.69041
-5.78623
-5.84613
-5.8781
-5.8864
-5.87318
-5.84101
-5.79022
-5.72226
-5.63991
-5.54728
-5.45023
-5.35899
-5.28451
-5.23051
-5.2017
-5.19306
-5.19851
-5.21291
-5.23209
-5.25215
-5.2717
-5.29074
-5.30656
-5.31872
-5.32534
-5.33024
-5.33396
-5.33903
-5.34566
-5.35332
-5.35635
-5.3507
-5.3359
-5.31244
-5.28516
-5.25769
-5.23472
-5.21896
-5.21127
-5.20805
-5.20712
-5.20724
-5.20763
-5.20953
-5.2154
-5.22124
-5.22776
-5.23091
-5.22955
-5.22404
-5.21222
-5.19904
-5.18617
-5.17473
-5.16558
-5.15918
-5.15664
-5.15599
-5.15935
-5.16446
-5.17277
-5.18123
-5.19306
-5.20687
-5.22425
-5.2456
-5.27189
-5.30146
-5.33134
-5.35804
-5.38106
-5.39843
-5.40961
-5.41706
-5.41836
-5.41384
-5.4034
-5.38795
-5.36589
-5.34083
-5.31078
-5.27701
-5.24117
-5.20816
-5.17843
-5.15593
-5.14391
-5.14081
-5.1433
-5.14846
-5.15142
-5.15397
-5.1551
-5.15723
-5.16142
-5.16785
-5.17854
-5.18984
-5.20039
-5.20996
-5.21861
-5.22623
-5.23581
-5.2451
-5.25475
-5.26249
-5.26842
-5.27115
-5.26881
-5.26112
-5.25144
-5.23864
-5.22407
-5.20815
-5.19451
-5.18375
-5.17407
-5.16786
-5.16559
-5.16665
-5.17276
-5.18414
-5.19816
-5.2135
-5.23069
-5.24639
-5.25774
-5.26588
-5.26969
-5.26942
-5.26751
-5.26364
-5.26003
-5.25853
-5.26083
-5.26387
-5.26771
-5.27376
-5.27984
-5.28888
-5.29725
-5.30369
-5.30795
-5.30727
-5.30173
-5.29254
-5.28023
-5.2686
-5.2577
-5.249
-5.24518
-5.2464
-5.25099
-5.25747
-5.26759
-5.27799
-5.28868
-5.29895
-5.30722
-5.31551
-5.32222
-5.32703
-5.33041
-5.33124
-5.32822
-5.32249
-5.31226
-5.30056
-5.28515
-5.26896
-5.25232
-5.23535
-5.21883
-5.20506
-5.1956
-5.19356
-5.19904
-5.21141
-5.22935
-5.24846
-5.26692
-5.28335
-5.29539
-5.30211
-5.30117
-5.2927
-5.27905
-5.26201
-5.24416
-5.22754
-5.21411
-5.20722
-5.2071
-5.2147
-5.22743
-5.24261
-5.25696
-5.26725
-5.27312
-5.27216
-5.26462
-5.25268
-5.23777
-5.22122
-5.20602
-5.19517
-5.19068
-5.19323
-5.20297
-5.21888
-5.23852
-5.25911
-5.28204
-5.30589
-5.32609
-5.3444
-5.35797
-5.36577
-5.36767
-5.36144
-5.34867
-5.32802
-5.30568
-5.28138
-5.2585
-5.23974
-5.22558
-5.21771
-5.21243
-5.2097
-5.2073
-5.20261
-5.19341
-5.18102
-5.16696
-5.15187
-5.13827
-5.12671
-5.11974
-5.11834
-5.12338
-5.13451
-5.15366
-5.17643
-5.20114
-5.22568
-5.24602
-5.26295
-5.27507
-5.28069
-5.28297
-5.28365
-5.28291
-5.28347
-5.28818
-5.29476
-5.30474
-5.31454
-5.32356
-5.33151
-5.33458
-5.33566
-5.33413
-5.3292
-5.32113
-5.31182
-5.29905
-5.28539
-5.2722
-5.2603
-5.25151
-5.24425
-5.2372
-5.23174
-5.22846
-5.22478
-5.22165
-5.21865
-5.21522
-5.21227
-5.21169
-5.21603
-5.22436
-5.23607
-5.25093
-5.26628
-5.28143
-5.29456
-5.30617
-5.31347
-5.31783
-5.31803
-5.31508
-5.30952
-5.29949
-5.28486
-5.26537
-5.24113
-5.21327
-5.18467
-5.15854
-5.13984
-5.1323
-5.13596
-5.14717
-5.16033
-5.17054
-5.17626
-5.17604
-5.17282
-5.16813
-5.16501
-5.16864
-5.17796
-5.19017
-5.20596
-5.2226
-5.2346
-5.24271
-5.24868
-5.25021
-5.24972
-5.24761
-5.24359
-5.23947
-5.23394
-5.22819
-5.22295
-5.21673
-5.2133
-5.21197
-5.21457
-5.22086
-5.23059
-5.2414
-5.25137
-5.25977
-5.26634
-5.26737
-5.26756
-5.2653
-5.26354
-5.2615
-5.26237
-5.2631
-5.26496
-5.26521
-5.26597
-5.26611
-5.26529
-5.26537
-5.26541
-5.2651
-5.26278
-5.26062
-5.25766
-5.25293
-5.25026
-5.24814
-5.2493
-5.25455
-5.26525
-5.28053
-5.29854
-5.31665
-5.33051
-5.33983
-5.34313
-5.33903
-5.32726
-5.31204
-5.29413
-5.27576
-5.25798
-5.24236
-5.2294
-5.21682
-5.20556
-5.19549
-5.18823
-5.18511
-5.18471
-5.18742
-5.1922
-5.19866
-5.20446
-5.20792
-5.21033
-5.21301
-5.21649
-5.22202
-5.22902
-5.23932
-5.25071
-5.26246
-5.27301
-5.28096
-5.28511
-5.28481
-5.28035
-5.27362
-5.26395
-5.25394
-5.24447
-5.23744
-5.23214
-5.22731
-5.22525
-5.22328
-5.22072
-5.21747
-5.21654
-5.21579
-5.21537
-5.21578
-5.21522
-5.21282
-5.20736
-5.1976
-5.18212
-5.16337
-5.14152
-5.11897
-5.09919
-5.08764
-5.08698
-5.09561
-5.10701
-5.12031
-5.13362
-5.14532
-5.15621
-5.16623
-5.17533
-5.18254
-5.18924
-5.19373
-5.19735
-5.20094
-5.20459
-5.2101
-5.21718
-5.22409
-5.23048
-5.23671
-5.24126
-5.24245
-5.24065
-5.23722
-5.22925
-5.22086
-5.21376
-5.21026
-5.2159
-5.2312
-5.25472
-5.28503
-5.3162
-5.34391
-5.36514
-5.37766
-5.38285
-5.37912
-5.36932
-5.35522
-5.33945
-5.32712
-5.31952
-5.31572
-5.31576
-5.31702
-5.31654
-5.31141
-5.30237
-5.29118
-5.27797
-5.2671
-5.26165
-5.26229
-5.26988
-5.28001
-5.29221
-5.30301
-5.31025
-5.31237
-5.31054
-5.30687
-5.30306
-5.29763
-5.29232
-5.28614
-5.27813
-5.26963
-5.25942
-5.24857
-5.2394
-5.22969
-5.22112
-5.21276
-5.20561
-5.19972
-5.1967
-5.19492
-5.19499
-5.19547
-5.19514
-5.19393
-5.19126
-5.18548
-5.17687
-5.16439
-5.14802
-5.12943
-5.10927
-5.09129
-5.07742
-5.06894
-5.06731
-5.07311
-5.08789
-5.10623
-5.12976
-5.15456
-5.1799
-5.20352
-5.22318
-5.23623
-5.2439
-5.24286
-5.23573
-5.22369
-5.20852
-5.19337
-5.17956
-5.16859
-5.16097
-5.1578
-5.15747
-5.15934
-5.16245
-5.16511
-5.16772
-5.17056
-5.17415
-5.18142
-5.1909
-5.2057
-5.22441
-5.24378
-5.26388
-5.28416
-5.30453
-5.32107
-5.33278
-5.33931
-5.34154
-5.33679
-5.32716
-5.3156
-5.30126
-5.2839
-5.26585
-5.24801
-5.23081
-5.21736
-5.21152
-5.2119
-5.21852
-5.22928
-5.23917
-5.2452
-5.24688
-5.24299
-5.23609
-5.22772
-5.22029
-5.21811
-5.2185
-5.2229
-5.2291
-5.23416
-5.23596
-5.23338
-5.22503
-5.21329
-5.19921
-5.18608
-5.177
-5.17346
-5.17291
-5.1751
-5.17668
-5.17612
-5.17264
-5.16594
-5.15546
-5.14291
-5.13087
-5.11874
-5.11158
-5.11094
-5.11559
-5.12767
-5.1464
-5.17099
-5.19829
-5.22555
-5.24912
-5.26655
-5.2761
-5.27754
-5.27095
-5.26045
-5.24535
-5.22861
-5.21245
-5.19966
-5.19258
-5.19057
-5.19798
-5.21309
-5.2351
-5.26293
-5.29313
-5.32192
-5.34715
-5.36694
-5.38013
-5.38704
-5.38835
-5.38439
-5.37327
-5.3576
-5.33442
-5.30635
-5.27356
-5.23876
-5.20702
-5.18257
-5.16979
-5.16759
-5.17281
-5.18018
-5.18598
-5.18747
-5.18815
-5.19051
-5.19617
-5.20828
-5.22501
-5.24384
-5.2615
-5.27516
-5.28378
-5.28556
-5.28166
-5.27071
-5.25492
-5.23665
-5.21732
-5.19962
-5.18781
-5.18009
-5.1775
-5.18124
-5.1879
-5.19558
-5.20565
-5.21746
-5.22935
-5.23793
-5.24625
-5.2519
-5.25277
-5.24974
-5.24238
-5.23148
-5.21802
-5.20361
-5.18872
-5.17332
-5.16055
-5.14864
-5.13967
-5.13592
-5.13524
-5.1402
-5.15048
-5.16416
-5.17772
-5.19199
-5.20639
-5.21872
-5.22848
-5.23459
-5.23851
-5.23912
-5.23743
-5.23724
-5.23648
-5.23908
-5.24603
-5.25472
-5.26391
-5.27198
-5.27761
-5.27719
-5.2708
-5.26174
-5.25006
-5.23802
-5.22878
-5.22271
-5.21901
-5.21849
-5.21802
-5.21853
-5.21975
-5.22259
-5.22756
-5.23412
-5.24042
-5.24565
-5.24939
-5.2529
-5.25768
-5.26339
-5.27113
-5.28091
-5.28875
-5.29427
-5.29435
-5.29011
-5.2815
-5.26959
-5.25622
-5.24252
-5.23144
-5.22475
-5.22064
-5.22195
-5.22401
-5.22731
-5.23034
-5.23251
-5.23465
-5.23551
-5.23499
-5.23345
-5.23012
-5.22768
-5.22238
-5.21861
-5.21567
-5.21192
-5.20887
-5.20586
-5.20058
-5.19445
-5.18595
-5.17617
-5.16837
-5.16262
-5.15961
-5.16348
-5.17275
-5.18648
-5.20473
-5.22386
-5.24309
-5.25979
-5.27319
-5.28243
-5.28666
-5.28569
-5.28186
-5.27434
-5.26573
-5.2559
-5.24733
-5.24008
-5.23274
-5.22823
-5.22502
-5.22443
-5.22539
-5.22737
-5.22895
-5.23013
-5.23082
-5.23199
-5.23379
-5.23523
-5.23676
-5.23704
-5.23718
-5.23858
-5.24017
-5.24434
-5.25016
-5.25744
-5.26577
-5.27431
-5.28167
-5.28731
-5.29331
-5.29585
-5.29709
-5.29537
-5.29187
-5.28656
-5.28192
-5.27497
-5.26906
-5.26382
-5.25739
-5.24896
-5.23709
-5.22118
-5.20218
-5.18149
-5.16012
-5.1397
-5.12173
-5.10716
-5.09672
-5.08964
-5.08675
-5.08583
-5.08803
-5.09239
-5.0989
-5.10569
-5.114
-5.12251
-5.12985
-5.13629
-5.14351
-5.14926
-5.15739
-5.1674
-5.18026
-5.1967
-5.21498
-5.23328
-5.24876
-5.25971
-5.26432
-5.2619
-5.25578
-5.24888
-5.24234
-5.23917
-5.24298
-5.2539
-5.26965
-5.28789
-5.30337
-5.31307
-5.31105
-5.3014
-5.28153
-5.25273
-5.21791
-5.18292
-5.14989
-5.12589
-5.1137
-5.11411
-5.12695
-5.14874
-5.17344
-5.19721
-5.21634
-5.22691
-5.2328
-5.23442
-5.23359
-5.23281
-5.22981
-5.22628
-5.22193
-5.2155
-5.20667
-5.19482
-5.18059
-5.16562
-5.15131
-5.14277
-5.14079
-5.14699
-5.15962
-5.17527
-5.19024
-5.20034
-5.20584
-5.2056
-5.20376
-5.20235
-5.20539
-5.21876
-5.23925
-5.26554
-5.29075
-5.30953
-5.32137
-5.32599
-5.32662
-5.32612
-5.32607
-5.32781
-5.32817
-5.32771
-5.32465
-5.31643
-5.30436
-5.28777
-5.26545
-5.24052
-5.21337
-5.18527
-5.15807
-5.13439
-5.11774
-5.10713
-5.10157
-5.10009
-5.10219
-5.10596
-5.10807
-5.10838
-5.10607
-5.10133
-5.09456
-5.08961
-5.08976
-5.09857
-5.11521
-5.13672
-5.15782
-5.17646
-5.19195
-5.20363
-5.21132
-5.21596
-5.21701
-5.21835
-5.21879
-5.21819
-5.21876
-5.22025
-5.22217
-5.22571
-5.23163
-5.23772
-5.24313
-5.24802
-5.2492
-5.2469
-5.24011
-5.23052
-5.21646
-5.20218
-5.18915
-5.17972
-5.17409
-5.17389
-5.17651
-5.18147
-5.18543
-5.18927
-5.1902
-5.19005
-5.18745
-5.18257
-5.17692
-5.16962
-5.16319
-5.15673
-5.15117
-5.14581
-5.13926
-5.13238
-5.12461
-5.11773
-5.11233
-5.10947
-5.10766
-5.10931
-5.11458
-5.12256
-5.13424
-5.14853
-5.16551
-5.18385
-5.20028
-5.21708
-5.23084
-5.24189
-5.41165
-5.53505
-5.60503
-5.63188
-5.62442
-5.58768
-5.52844
-5.44904
-5.36097
-5.27352
-5.19571
-5.13512
-5.09352
-5.07211
-5.0647
-5.06579
-5.0684
-5.06992
-5.06956
-5.06583
-5.05955
-5.05205
-5.04676
-5.04296
-5.04156
-5.04134
-5.04129
-5.0399
-5.03456
-5.02927
-5.02612
-5.02805
-5.03409
-5.04382
-5.05065
-5.05322
-5.05012
-5.04433
-5.03641
-5.03011
-5.02584
-5.02369
-5.02717
-5.03506
-5.04844
-5.06712
-5.08938
-5.11276
-5.13692
-5.16239
-5.18499
-5.20606
-5.22242
-5.23389
-5.23985
-5.24283
-5.23978
-5.23348
-5.22579
-5.2168
-5.20804
-5.1994
-5.19259
-5.1864
-5.1823
-5.17912
-5.17316
-5.16533
-5.15576
-5.14012
-5.11958
-5.09701
-5.07813
-5.06527
-5.06096
-5.06254
-5.0678
-5.07081
-5.07028
-5.06572
-5.05797
-5.04857
-5.03866
-5.03065
-5.02331
-5.02084
-5.02177
-5.0238
-5.02817
-5.03209
-5.0342
-5.03272
-5.02665
-5.01665
-5.0021
-4.98868
-4.97752
-4.9717
-4.97183
-4.9793
-4.99255
-5.00781
-5.02529
-5.04127
-5.05734
-5.06988
-5.07935
-5.08494
-5.08609
-5.08566
-5.08517
-5.08377
-5.08322
-5.08388
-5.08363
-5.08452
-5.08545
-5.08497
-5.08502
-5.08642
-5.08677
-5.09038
-5.09479
-5.09932
-5.10267
-5.10825
-5.11338
-5.1202
-5.1292
-5.14001
-5.14839
-5.15135
-5.14769
-5.13677
-5.12055
-5.10207
-5.08295
-5.06598
-5.0503
-5.03662
-5.02508
-5.01703
-5.01394
-5.0152
-5.02185
-5.03411
-5.05318
-5.07739
-5.10782
-5.14143
-5.1748
-5.2055
-5.22928
-5.24618
-5.25455
-5.25272
-5.24285
-5.22455
-5.19907
-5.17036
-5.13876
-5.10635
-5.07633
-5.05054
-5.03027
-5.01796
-5.01613
-5.02428
-5.04174
-5.0677
-5.10104
-5.13734
-5.1739
-5.20669
-5.23183
-5.2477
-5.25527
-5.25242
-5.2412
-5.22367
-5.20075
-5.17578
-5.15075
-5.12855
-5.11312
-5.10553
-5.10774
-5.11575
-5.12797
-5.13902
-5.14722
-5.15182
-5.15313
-5.15172
-5.14907
-5.14653
-5.14392
-5.1431
-5.14183
-5.14171
-5.1404
-5.14053
-5.14255
-5.14415
-5.14727
-5.15214
-5.15372
-5.15419
-5.14934
-5.14025
-5.13039
-5.11938
-5.10832
-5.10138
-5.09842
-5.09916
-5.10493
-5.11294
-5.12194
-5.13047
-5.13608
-5.1382
-5.13639
-5.13253
-5.12735
-5.12418
-5.12589
-5.12921
-5.13325
-5.13839
-5.13885
-5.13572
-5.12724
-5.11473
-5.0972
-5.07791
-5.05527
-5.03378
-5.01608
-5.00258
-4.99674
-4.99577
-5.00068
-5.00861
-5.02186
-5.03464
-5.04853
-5.06126
-5.07284
-5.08337
-5.09204
-5.09982
-5.10474
-5.10855
-5.10792
-5.1056
-5.09912
-5.08874
-5.07577
-5.06026
-5.04725
-5.03649
-5.03033
-5.02853
-5.02936
-5.03371
-5.0381
-5.04255
-5.04478
-5.04269
-5.03859
-5.02988
-5.01597
-5.00161
-4.98672
-4.97384
-4.96317
-4.95599
-4.95161
-4.95117
-4.95502
-4.96295
-4.97541
-4.99254
-5.01247
-5.03316
-5.05482
-5.0756
-5.09234
-5.10369
-5.10762
-5.10539
-5.09684
-5.08266
-5.06447
-5.04703
-5.03288
-5.0226
-5.01834
-5.01809
-5.0219
-5.02737
-5.0292
-5.03029
-5.03026
-5.03049
-5.03719
-5.05072
-5.07194
-5.09885
-5.12438
-5.14537
-5.15691
-5.15573
-5.14274
-5.11914
-5.08956
-5.05713
-5.02289
-4.99105
-4.96147
-4.93893
-4.92678
-4.92805
-4.94266
-4.96733
-4.9995
-5.03479
-5.07017
-5.10103
-5.12705
-5.1481
-5.16135
-5.17063
-5.17538
-5.1796
-5.18612
-5.19426
-5.20276
-5.20918
-5.21001
-5.20264
-5.18485
-5.15966
-5.13107
-5.10138
-5.07504
-5.05348
-5.03661
-5.0269
-5.02175
-5.02082
-5.0251
-5.03482
-5.04993
-5.06816
-5.08888
-5.10923
-5.12612
-5.13729
-5.14323
-5.14226
-5.13465
-5.12102
-5.10655
-5.09063
-5.07808
-5.07232
-5.07077
-5.0721
-5.07562
-5.07967
-5.0818
-5.08082
-5.07711
-5.06846
-5.05325
-5.03403
-5.01143
-4.98682
-4.96265
-4.94095
-4.92434
-4.91239
-4.90912
-4.91522
-4.93317
-4.96002
-4.99274
-5.0228
-5.04857
-5.06595
-5.07616
-5.07932
-5.07706
-5.06845
-5.05717
-5.04052
-5.01991
-4.9996
-4.98012
-4.96458
-4.95579
-4.9563
-4.96447
-4.97858
-4.99846
-5.02257
-5.0494
-5.07689
-5.10562
-5.13021
-5.14945
-5.16089
-5.16433
-5.15961
-5.1486
-5.13492
-5.11901
-5.10457
-5.09008
-5.07816
-5.06794
-5.0612
-5.05703
-5.05566
-5.05536
-5.05566
-5.05882
-5.06282
-5.06946
-5.07834
-5.09302
-5.10942
-5.12614
-5.14114
-5.15314
-5.16309
-5.17069
-5.17427
-5.17623
-5.17648
-5.17637
-5.17672
-5.18039
-5.18828
-5.19844
-5.21271
-5.22832
-5.24476
-5.25821
-5.26847
-5.27563
-5.27852
-5.27658
-5.26992
-5.25728
-5.23965
-5.2161
-5.18572
-5.15107
-5.11165
-5.07045
-5.03039
-4.99591
-4.97225
-4.96027
-4.96096
-4.97379
-4.99615
-5.02559
-5.05919
-5.0927
-5.12263
-5.14755
-5.16601
-5.17768
-5.18262
-5.18139
-5.1747
-5.16284
-5.15054
-5.1383
-5.13026
-5.12808
-5.13223
-5.14081
-5.15126
-5.15986
-5.16456
-5.16298
-5.15797
-5.14816
-5.13698
-5.12382
-5.11221
-5.10301
-5.09426
-5.08636
-5.07747
-5.06596
-5.05177
-5.03912
-5.02897
-5.0255
-5.02984
-5.04063
-5.05491
-5.07163
-5.0896
-5.10627
-5.12216
-5.13757
-5.1546
-5.17116
-5.18554
-5.19917
-5.20965
-5.21585
-5.21677
-5.21208
-5.20485
-5.19407
-5.18255
-5.17025
-5.16145
-5.15646
-5.15773
-5.16405
-5.17308
-5.18036
-5.18306
-5.17551
-5.15728
-5.12924
-5.09858
-5.0669
-5.04026
-5.02348
-5.01713
-5.02137
-5.03246
-5.04664
-5.06112
-5.07169
-5.07858
-5.08025
-5.0794
-5.07757
-5.0787
-5.08354
-5.08952
-5.09497
-5.09538
-5.09011
-5.07842
-5.06259
-5.04354
-5.02254
-5.0008
-4.98047
-4.96448
-4.9522
-4.94556
-4.94363
-4.94674
-4.95591
-4.97127
-4.99353
-5.02096
-5.05024
-5.07902
-5.10217
-5.1184
-5.12597
-5.12423
-5.11788
-5.10928
-5.09899
-5.08912
-5.07884
-5.06864
-5.06094
-5.05579
-5.05455
-5.05407
-5.05226
-5.04591
-5.03299
-5.0153
-4.99706
-4.98418
-4.97836
-4.98195
-4.99349
-5.00786
-5.02283
-5.03383
-5.0409
-5.04103
-5.03727
-5.028
-5.01827
-5.00753
-4.99852
-4.9924
-4.98783
-4.98453
-4.9827
-4.98169
-4.98365
-4.98693
-4.99497
-5.00831
-5.02491
-5.04675
-5.07095
-5.09695
-5.12188
-5.14594
-5.16793
-5.18591
-5.19844
-5.20491
-5.20458
-5.19617
-5.18179
-5.16306
-5.14299
-5.12414
-5.10946
-5.10029
-5.09793
-5.10107
-5.10937
-5.12071
-5.13387
-5.14923
-5.16734
-5.18517
-5.2027
-5.21585
-5.22249
-5.22285
-5.22025
-5.21295
-5.20301
-5.18907
-5.16994
-5.14583
-5.11825
-5.09299
-5.07237
-5.06114
-5.06037
-5.06531
-5.073
-5.07734
-5.07525
-5.06465
-5.04621
-5.02162
-4.99593
-4.97195
-4.95294
-4.94213
-4.94197
-4.95152
-4.96784
-4.98802
-5.00691
-5.02349
-5.03379
-5.0347
-5.02791
-5.01432
-4.99543
-4.97736
-4.9641
-4.95669
-4.95531
-4.95771
-4.96507
-4.97472
-4.98803
-5.00442
-5.02084
-5.03957
-5.05676
-5.0696
-5.08039
-5.0882
-5.09252
-5.09784
-5.10409
-5.10905
-5.11403
-5.11848
-5.12089
-5.12334
-5.1243
-5.12512
-5.12346
-5.11844
-5.11108
-5.10205
-5.0922
-5.08304
-5.0755
-5.06992
-5.06737
-5.06647
-5.06828
-5.07168
-5.07714
-5.08396
-5.08904
-5.0926
-5.09196
-5.08647
-5.07558
-5.06143
-5.04674
-5.0351
-5.02673
-5.02205
-5.02229
-5.02765
-5.03962
-5.05459
-5.0748
-5.09502
-5.11312
-5.12492
-5.13088
-5.13235
-5.13082
-5.12896
-5.12705
-5.12784
-5.13052
-5.13443
-5.1387
-5.14137
-5.14135
-5.14164
-5.1409
-5.13999
-5.1405
-5.14303
-5.14649
-5.14937
-5.15124
-5.14821
-5.13989
-5.12815
-5.11467
-5.10074
-5.08863
-5.0807
-5.07795
-5.08249
-5.09142
-5.10164
-5.1128
-5.12189
-5.12757
-5.13136
-5.13086
-5.12736
-5.12263
-5.1163
-5.10785
-5.09903
-5.08846
-5.07989
-5.07202
-5.06952
-5.07223
-5.07944
-5.08905
-5.09984
-5.11061
-5.11915
-5.12277
-5.12361
-5.12149
-5.11423
-5.10515
-5.09749
-5.09332
-5.09309
-5.09724
-5.1022
-5.10425
-5.10402
-5.09609
-5.08105
-5.05696
-5.02765
-4.99476
-4.96322
-4.93846
-4.92585
-4.92344
-4.93109
-4.94698
-4.96826
-4.99241
-5.01487
-5.03632
-5.05225
-5.06595
-5.0751
-5.08067
-5.08546
-5.08941
-5.0932
-5.09781
-5.10025
-5.10083
-5.09938
-5.09552
-5.09259
-5.09195
-5.09628
-5.10403
-5.11302
-5.1232
-5.13163
-5.13402
-5.13226
-5.1258
-5.1164
-5.10466
-5.09345
-5.08455
-5.07819
-5.07787
-5.08144
-5.08955
-5.09714
-5.10105
-5.10088
-5.0945
-5.08391
-5.07048
-5.05583
-5.04436
-5.03762
-5.03528
-5.03841
-5.04648
-5.05801
-5.07241
-5.08708
-5.09958
-5.10802
-5.11287
-5.1129
-5.10802
-5.10027
-5.09116
-5.08074
-5.0697
-5.06036
-5.05513
-5.05275
-5.0544
-5.05634
-5.05715
-5.05485
-5.04869
-5.03787
-5.02184
-5.00097
-4.97997
-4.95855
-4.94125
-4.9304
-4.92724
-4.93213
-4.94162
-4.95339
-4.96643
-4.9789
-4.99049
-4.99959
-5.00868
-5.0175
-5.02786
-5.03973
-5.05593
-5.07547
-5.09748
-5.12296
-5.14807
-5.17209
-5.19177
-5.20692
-5.21766
-5.2232
-5.22415
-5.21995
-5.21036
-5.19606
-5.17603
-5.15301
-5.12714
-5.09994
-5.07561
-5.05719
-5.04585
-5.04206
-5.04615
-5.05666
-5.07264
-5.09116
-5.11108
-5.13163
-5.15128
-5.16646
-5.17622
-5.17714
-5.1679
-5.15067
-5.12542
-5.09507
-5.06291
-5.03307
-5.0091
-4.99149
-4.98051
-4.97977
-4.98765
-5.00071
-5.01665
-5.0304
-5.03839
-5.04087
-5.03513
-5.02322
-5.0089
-4.99282
-4.9792
-4.97002
-4.96452
-4.96128
-4.95611
-4.94912
-4.93973
-4.92935
-4.92041
-4.91654
-4.91554
-4.9186
-4.92239
-4.92719
-4.92926
-4.9319
-4.937
-4.94405
-4.95521
-4.97245
-4.99175
-5.01545
-5.04028
-5.06423
-5.08553
-5.10076
-5.11112
-5.11442
-5.11385
-5.10776
-5.09783
-5.08542
-5.06939
-5.04931
-5.02445
-4.99651
-4.966
-4.9389
-4.91798
-4.90833
-4.90736
-4.91544
-4.92893
-4.94486
-4.95735
-4.96722
-4.97293
-4.97685
-4.98166
-4.98687
-4.99431
-5.00202
-5.00945
-5.01335
-5.01626
-5.0182
-5.22403
-5.37904
-5.47096
-5.51425
-5.51626
-5.483
-5.41924
-5.33375
-5.23488
-5.13586
-5.05027
-4.99172
-4.96577
-4.96805
-4.986
-5.0037
-5.0129
-5.01307
-5.00794
-5.00515
-5.01013
-5.02861
-5.05659
-5.08974
-5.12207
-5.1514
-5.17151
-5.18396
-5.18884
-5.18751
-5.18384
-5.17909
-5.17269
-5.16405
-5.14987
-5.1292
-5.10323
-5.07508
-5.04737
-5.02759
-5.01676
-5.01681
-5.02382
-5.0339
-5.04355
-5.05102
-5.05659
-5.06067
-5.06284
-5.06318
-5.05907
-5.05011
-5.03628
-5.01823
-5.00017
-4.98525
-4.97803
-4.98278
-4.99823
-5.02398
-5.0533
-5.08508
-5.11053
-5.12981
-5.14223
-5.14926
-5.15219
-5.15081
-5.14737
-5.14356
-5.1396
-5.1336
-5.1285
-5.12022
-5.10539
-5.08543
-5.05941
-5.03163
-5.00555
-4.9869
-4.97819
-4.9794
-4.98816
-5.00456
-5.0221
-5.0387
-5.05093
-5.05698
-5.0554
-5.04611
-5.03326
-5.01769
-5.00622
-5.00061
-5.00292
-5.00945
-5.01773
-5.02642
-5.03204
-5.03447
-5.03543
-5.03355
-5.02828
-5.01952
-5.00522
-4.9836
-4.95772
-4.93028
-4.90856
-4.89705
-4.89783
-4.90952
-4.92826
-4.94458
-4.95897
-4.97289
-4.99111
-5.01487
-5.04102
-5.06667
-5.08739
-5.10234
-5.10978
-5.11343
-5.11359
-5.11328
-5.11219
-5.1142
-5.1138
-5.11468
-5.11482
-5.111
-5.10248
-5.08906
-5.07015
-5.04971
-5.03058
-5.0159
-5.01034
-5.01577
-5.03063
-5.0513
-5.07699
-5.10328
-5.12915
-5.1524
-5.17001
-5.18235
-5.18628
-5.18224
-5.16993
-5.14664
-5.11629
-5.08123
-5.04682
-5.01832
-5.00118
-4.99774
-5.00257
-5.01252
-5.02211
-5.02677
-5.02496
-5.01547
-4.99843
-4.97543
-4.94873
-4.92009
-4.89158
-4.86832
-4.84936
-4.83796
-4.83405
-4.83499
-4.84064
-4.85089
-4.86363
-4.87548
-4.8878
-4.90057
-4.91377
-4.92847
-4.94385
-4.95786
-4.97127
-4.98611
-5.00238
-5.01635
-5.02517
-5.02676
-5.02045
-5.00706
-4.99051
-4.9723
-4.95722
-4.94869
-4.9461
-4.94877
-4.95422
-4.96218
-4.97339
-4.98802
-5.00409
-5.02055
-5.03862
-5.05684
-5.07396
-5.08888
-5.09956
-5.10356
-5.10231
-5.0959
-5.0868
-5.077
-5.06969
-5.06618
-5.06651
-5.06566
-5.06515
-5.0639
-5.05905
-5.05279
-5.04293
-5.03035
-5.01725
-5.00236
-4.9888
-4.97835
-4.97417
-4.97438
-4.9814
-4.99491
-5.01337
-5.03492
-5.05814
-5.08087
-5.0995
-5.1118
-5.11624
-5.11173
-5.09855
-5.08194
-5.06394
-5.04695
-5.03388
-5.02648
-5.02256
-5.01955
-5.015
-5.0108
-5.00569
-5.00095
-4.99747
-4.99686
-4.99501
-4.98931
-4.9786
-4.95962
-4.93576
-4.91048
-4.88667
-4.86866
-4.86353
-4.87176
-4.89301
-4.9247
-4.96411
-5.00405
-5.03829
-5.06533
-5.08429
-5.09613
-5.10234
-5.10418
-5.10714
-5.11151
-5.11577
-5.1177
-5.11813
-5.11599
-5.10908
-5.10246
-5.09336
-5.0858
-5.0802
-5.07643
-5.07246
-5.06868
-5.06245
-5.05081
-5.03502
-5.01415
-4.99059
-4.9646
-4.94185
-4.92167
-4.9087
-4.90364
-4.9043
-4.90998
-4.91788
-4.9264
-4.93708
-4.94945
-4.96579
-4.98649
-5.01091
-5.03727
-5.06145
-5.07861
-5.08934
-5.09429
-5.09402
-5.09109
-5.08446
-5.07616
-5.0663
-5.05637
-5.04691
-5.03844
-5.03224
-5.02742
-5.02323
-5.02112
-5.02135
-5.02396
-5.02789
-5.03057
-5.02877
-5.02374
-5.01458
-5.0049
-4.9941
-4.98313
-4.97336
-4.96471
-4.95719
-4.95149
-4.94858
-4.94877
-4.95188
-4.95781
-4.96776
-4.98031
-4.99644
-5.01364
-5.03029
-5.04704
-5.06178
-5.07306
-5.08013
-5.08099
-5.07222
-5.05673
-5.03134
-4.99738
-4.95945
-4.92189
-4.89132
-4.87298
-4.86628
-4.87019
-4.88006
-4.88904
-4.89515
-4.89746
-4.89729
-4.89778
-4.90395
-4.91613
-4.93532
-4.95828
-4.98171
-5.00199
-5.01914
-5.02921
-5.03597
-5.03857
-5.03546
-5.02721
-5.01536
-5.00234
-4.99096
-4.98312
-4.9839
-4.98862
-4.99774
-5.00584
-5.01018
-5.01314
-5.01282
-5.0145
-5.01587
-5.0132
-5.00813
-4.9999
-4.99044
-4.98625
-4.98663
-4.98953
-4.99353
-4.99286
-4.98971
-4.98304
-4.97662
-4.97213
-4.97126
-4.97188
-4.97289
-4.97561
-4.9802
-4.98849
-5.0055
-5.02765
-5.05394
-5.08007
-5.10323
-5.11952
-5.12802
-5.12913
-5.12596
-5.11894
-5.1096
-5.09872
-5.08827
-5.07691
-5.06574
-5.05243
-5.0353
-5.01452
-4.99039
-4.96557
-4.94238
-4.92463
-4.91298
-4.9091
-4.91446
-4.93048
-4.95329
-4.97846
-5.00162
-5.02302
-5.03911
-5.05216
-5.06261
-5.07011
-5.07148
-5.06707
-5.05614
-5.03932
-5.02042
-4.99938
-4.9779
-4.95857
-4.94195
-4.92749
-4.91421
-4.90426
-4.8973
-4.89273
-4.89279
-4.89556
-4.8999
-4.90574
-4.91341
-4.92616
-4.94499
-4.97119
-5.00436
-5.03974
-5.0749
-5.10654
-5.12869
-5.1417
-5.14654
-5.14512
-5.13815
-5.1302
-5.12046
-5.11221
-5.10328
-5.09697
-5.09399
-5.09162
-5.08836
-5.08351
-5.0716
-5.05065
-5.02271
-4.99
-4.95908
-4.93341
-4.91761
-4.91387
-4.91997
-4.9331
-4.9507
-4.96991
-4.98853
-5.00504
-5.01881
-5.02783
-5.03225
-5.03135
-5.02479
-5.01288
-4.99783
-4.97896
-4.95966
-4.94139
-4.92647
-4.91524
-4.90967
-4.9068
-4.90942
-4.9173
-4.92924
-4.94437
-4.96104
-4.98053
-5.00015
-5.02094
-5.03995
-5.05864
-5.07408
-5.08725
-5.09619
-5.10118
-5.09849
-5.08869
-5.07157
-5.04568
-5.01223
-4.97493
-4.93922
-4.90899
-4.88998
-4.88421
-4.89235
-4.90854
-4.92895
-4.95038
-4.96699
-4.97869
-4.98344
-4.98145
-4.97363
-4.96093
-4.94258
-4.92092
-4.8995
-4.87937
-4.86358
-4.85671
-4.86363
-4.88634
-4.92055
-4.9614
-5.0034
-5.03942
-5.06592
-5.08282
-5.09015
-5.09014
-5.08436
-5.07438
-5.0636
-5.0547
-5.05141
-5.05355
-5.06209
-5.07559
-5.09409
-5.11387
-5.13233
-5.1457
-5.15438
-5.15702
-5.15658
-5.15648
-5.15637
-5.15896
-5.15873
-5.15712
-5.15015
-5.13501
-5.11169
-5.07881
-5.04166
-5.00084
-4.96642
-4.94194
-4.93255
-4.93502
-4.94829
-4.96321
-4.97489
-4.97875
-4.97364
-4.95938
-4.93588
-4.90631
-4.87102
-4.83539
-4.8045
-4.78396
-4.77967
-4.7914
-4.8175
-4.85425
-4.89761
-4.94399
-4.99007
-5.03322
-5.06975
-5.09843
-5.1179
-5.12641
-5.12778
-5.12552
-5.12095
-5.11631
-5.11107
-5.10449
-5.09538
-5.08414
-5.07399
-5.06706
-5.06608
-5.07202
-5.08363
-5.0931
-5.09853
-5.09785
-5.08706
-5.06738
-5.04117
-5.0122
-4.98826
-4.97197
-4.96649
-4.97149
-4.98053
-4.99482
-5.01053
-5.027
-5.04096
-5.05291
-5.06207
-5.06769
-5.06678
-5.06213
-5.05239
-5.03851
-5.02289
-5.01146
-5.00719
-5.01176
-5.0246
-5.04228
-5.06506
-5.08901
-5.10848
-5.12167
-5.12821
-5.12999
-5.12682
-5.12289
-5.11748
-5.11322
-5.10841
-5.10034
-5.08746
-5.07305
-5.05721
-5.04314
-5.02776
-5.00921
-4.98611
-4.96097
-4.93657
-4.91595
-4.89888
-4.88882
-4.88577
-4.89117
-4.90474
-4.92361
-4.94457
-4.96513
-4.98197
-4.9932
-4.99986
-5.00429
-5.00552
-5.00423
-5.00434
-5.00884
-5.01978
-5.03529
-5.05269
-5.06864
-5.08403
-5.096
-5.10523
-5.11004
-5.11192
-5.10708
-5.09795
-5.08416
-5.068
-5.04701
-5.02335
-4.99923
-4.97668
-4.95914
-4.94788
-4.94519
-4.94842
-4.95636
-4.96506
-4.97398
-4.98389
-4.99744
-5.01479
-5.0374
-5.06333
-5.0881
-5.10784
-5.12274
-5.12999
-5.13162
-5.12741
-5.12024
-5.11069
-5.0981
-5.0833
-5.06699
-5.05144
-5.03831
-5.02997
-5.02417
-5.02414
-5.02428
-5.02393
-5.02094
-5.01316
-4.99963
-4.98214
-4.96435
-4.94611
-4.93283
-4.92476
-4.92388
-4.92928
-4.94157
-4.95905
-4.98003
-4.99985
-5.0201
-5.04055
-5.06004
-5.07761
-5.09218
-5.10154
-5.10657
-5.11026
-5.1123
-5.11577
-5.11846
-5.11924
-5.1176
-5.11303
-5.10531
-5.09344
-5.07918
-5.06299
-5.04585
-5.02837
-5.01101
-4.99598
-4.98378
-4.97661
-4.97547
-4.97994
-4.98848
-4.99879
-5.00653
-5.01051
-5.00925
-5.00043
-4.98607
-4.96819
-4.95094
-4.93641
-4.9281
-4.92897
-4.93926
-4.95967
-4.98845
-5.02101
-5.05041
-5.07155
-5.08096
-5.07872
-5.06519
-5.04393
-5.01836
-4.9899
-4.96444
-4.94339
-4.93336
-4.93738
-4.95354
-4.9781
-5.00654
-5.03299
-5.05276
-5.06363
-5.06623
-5.06245
-5.05344
-5.04105
-5.02637
-5.01276
-5.00137
-4.9923
-4.98435
-4.97856
-4.97479
-4.97201
-4.97253
-4.97409
-4.98027
-4.98561
-4.98978
-4.99265
-4.99317
-4.99185
-4.99024
-4.98964
-4.99004
-4.99168
-4.99416
-4.99724
-4.99984
-5.00014
-4.99627
-4.98789
-4.9746
-4.95605
-4.93342
-4.91163
-4.89452
-4.88374
-4.87943
-4.87746
-4.87455
-4.86907
-4.86298
-4.85816
-4.85701
-4.85921
-4.86496
-4.87184
-4.87948
-4.88769
-4.89619
-4.90805
-4.92301
-4.94119
-4.96467
-4.98766
-5.01066
-5.03297
-5.0522
-5.06715
-5.07603
-5.07978
-5.07293
-5.05895
-5.03633
-5.00564
-4.96784
-4.92813
-4.88925
-4.85712
-4.83343
-4.8218
-4.82217
-4.83633
-4.86198
-4.894
-4.92703
-4.95446
-4.97177
-4.98146
-4.9854
-4.98844
-4.993
-4.99974
-5.00623
-5.01494
-5.027
-5.04118
-5.05933
-5.07939
-5.10072
-5.11858
-5.12685
-5.12441
-5.10769
-5.0778
-5.03774
-4.99057
-4.94053
-4.89308
-4.85014
-4.81729
-4.79504
-4.78943
-4.80022
-4.82659
-4.86604
-4.91323
-4.96327
-5.00867
-5.04589
-5.07167
-5.08434
-5.08694
-5.08175
-5.06857
-5.05317
-5.03403
-5.01235
-4.98947
-4.96722
-4.94822
-4.93705
-4.93665
-4.94848
-4.97066
-5.00101
-5.03359
-5.06374
-5.08651
-5.09849
-5.10111
-5.09391
-5.07941
-5.06249
-5.04438
-5.02657
-5.0099
-4.99427
-4.98087
-4.97019
-4.96614
-4.96829
-4.97778
-4.99248
-5.00843
-5.02309
-5.03561
-5.04377
-5.05254
-5.06334
-5.07927
-5.0985
-5.1151
-5.12247
-5.11656
-5.09629
-5.06412
-5.02294
-4.97611
-4.93016
-4.88832
-4.85642
-4.83616
-4.83148
-4.84186
-4.8675
-4.90317
-4.943
-4.97894
-5.00889
-5.02872
-5.03626
-5.03412
-5.02308
-5.00786
-4.99311
-4.97987
-4.97111
-4.96745
-4.97181
-4.98403
-5.00564
-5.24062
-5.4037
-5.4969
-5.53824
-5.53709
-5.50161
-5.44102
-5.36615
-5.28256
-5.19682
-5.11403
-5.0379
-4.98081
-4.94833
-4.94471
-4.96238
-4.99302
-5.0253
-5.05051
-5.06489
-5.06904
-5.06235
-5.0475
-5.02911
-5.01021
-4.99093
-4.97065
-4.94954
-4.93247
-4.92713
-4.93785
-4.96231
-4.98885
-5.01178
-5.0247
-5.02682
-5.01853
-5.00474
-4.99088
-4.98612
-4.98948
-4.99947
-5.01208
-5.01949
-5.02303
-5.02275
-5.02101
-5.02068
-5.02077
-5.02398
-5.02924
-5.03389
-5.04067
-5.04326
-5.04073
-5.03343
-5.02155
-5.00675
-4.99343
-4.97867
-4.96507
-4.95194
-4.94061
-4.93628
-4.94165
-4.96005
-4.99103
-5.03185
-5.07422
-5.11482
-5.14962
-5.1737
-5.18851
-5.19169
-5.183
-5.16215
-5.1297
-5.09106
-5.0531
-5.02229
-5.00519
-5.0049
-5.01766
-5.03899
-5.06463
-5.09047
-5.11574
-5.1389
-5.15902
-5.17376
-5.1813
-5.17982
-5.16711
-5.14432
-5.11964
-5.09828
-5.08167
-5.07034
-5.06305
-5.06128
-5.06394
-5.07188
-5.08253
-5.09503
-5.10701
-5.11565
-5.11756
-5.11385
-5.10302
-5.08433
-5.05653
-5.02275
-4.98304
-4.94031
-4.89738
-4.85852
-4.8315
-4.81653
-4.81619
-4.82402
-4.83714
-4.85232
-4.86719
-4.88139
-4.89516
-4.90845
-4.92114
-4.93279
-4.94395
-4.95639
-4.96881
-4.98273
-4.99699
-5.01097
-5.02072
-5.02578
-5.02429
-5.01545
-4.99825
-4.97522
-4.94757
-4.92125
-4.90252
-4.89676
-4.90835
-4.93122
-4.96178
-4.99106
-5.01376
-5.0276
-5.03292
-5.0316
-5.02789
-5.02186
-5.0173
-5.01188
-5.00527
-5.00155
-5.00075
-5.00225
-5.00763
-5.01646
-5.02734
-5.03897
-5.0481
-5.05408
-5.05568
-5.05315
-5.0459
-5.03516
-5.02085
-5.00668
-4.99495
-4.98821
-4.98635
-4.98961
-4.99662
-5.01057
-5.03002
-5.05085
-5.07307
-5.09244
-5.10677
-5.11345
-5.11267
-5.10278
-5.08602
-5.06417
-5.03977
-5.01389
-4.98983
-4.96718
-4.95217
-4.94952
-4.96294
-4.98889
-5.01957
-5.04695
-5.06757
-5.08164
-5.09097
-5.09437
-5.09343
-5.09169
-5.08964
-5.08629
-5.07874
-5.06564
-5.04398
-5.01468
-4.9822
-4.94792
-4.91803
-4.89412
-4.87826
-4.87146
-4.87494
-4.8895
-4.91222
-4.93884
-4.96739
-4.99226
-5.00938
-5.01662
-5.01459
-5.00326
-4.98694
-4.9678
-4.94742
-4.92981
-4.91466
-4.90401
-4.89997
-4.90102
-4.90809
-4.92007
-4.93461
-4.95211
-4.97012
-4.98539
-4.99759
-5.00435
-5.00653
-5.00216
-4.99456
-4.98742
-4.97951
-4.97493
-4.97375
-4.97435
-4.97543
-4.97532
-4.96996
-4.95981
-4.94424
-4.92645
-4.91259
-4.90727
-4.91079
-4.92094
-4.9364
-4.95065
-4.96215
-4.96943
-4.96868
-4.96279
-4.95102
-4.93673
-4.92096
-4.90542
-4.89045
-4.8816
-4.8792
-4.88514
-4.89741
-4.91284
-4.92714
-4.93552
-4.93686
-4.9299
-4.91555
-4.90236
-4.89269
-4.89227
-4.90579
-4.93258
-4.96637
-5.0001
-5.02713
-5.0419
-5.04121
-5.03107
-5.01703
-5.00169
-4.98695
-4.97391
-4.96096
-4.9478
-4.93692
-4.92961
-4.93035
-4.9378
-4.9548
-4.9767
-4.99865
-5.01947
-5.03495
-5.0457
-5.05073
-5.04958
-5.04334
-5.0326
-5.01959
-5.00481
-4.99382
-4.98889
-4.99384
-5.00939
-5.02973
-5.05223
-5.07441
-5.09423
-5.11125
-5.12726
-5.13846
-5.14309
-5.13741
-5.11948
-5.08715
-5.04363
-4.99701
-4.95485
-4.92663
-4.91486
-4.91935
-4.93406
-4.9534
-4.97381
-4.99448
-5.01371
-5.03014
-5.04335
-5.05441
-5.06238
-5.06922
-5.07683
-5.0865
-5.09616
-5.10521
-5.11171
-5.11464
-5.1111
-5.10381
-5.09147
-5.07637
-5.06392
-5.05636
-5.04781
-5.03815
-5.0286
-5.01951
-5.01313
-5.01057
-5.01247
-5.02375
-5.04382
-5.07334
-5.10694
-5.13882
-5.16143
-5.17052
-5.1642
-5.14326
-5.11268
-5.07915
-5.04727
-5.02109
-5.00257
-4.99278
-4.99184
-4.99809
-5.01115
-5.02963
-5.05123
-5.07404
-5.09599
-5.1109
-5.11486
-5.10607
-5.08314
-5.05169
-5.01404
-4.98085
-4.95558
-4.94013
-4.93134
-4.92637
-4.9216
-4.91626
-4.91206
-4.90781
-4.90788
-4.9096
-4.91265
-4.92017
-4.92921
-4.9405
-4.95418
-4.96756
-4.98141
-4.99249
-5.00073
-5.00461
-5.00479
-5.00372
-5.00166
-5.00073
-4.99942
-4.9985
-4.99808
-4.99829
-4.99942
-5.00152
-5.00272
-5.00323
-5.00145
-4.99656
-4.99083
-4.98135
-4.9737
-4.96631
-4.96415
-4.96756
-4.97498
-4.98673
-5.00042
-5.01658
-5.03677
-5.05956
-5.0852
-5.11552
-5.14739
-5.17722
-5.20203
-5.2178
-5.22701
-5.22763
-5.22324
-5.21436
-5.20285
-5.18995
-5.17684
-5.16359
-5.15121
-5.13905
-5.12921
-5.1196
-5.11092
-5.10215
-5.09
-5.0753
-5.05927
-5.04041
-5.02136
-5.00249
-4.9907
-4.98417
-4.98381
-4.98667
-4.99259
-5.00062
-5.00873
-5.02011
-5.03481
-5.05455
-5.0784
-5.10568
-5.13736
-5.16986
-5.20154
-5.22876
-5.25165
-5.26562
-5.26931
-5.26462
-5.25245
-5.23693
-5.22298
-5.21248
-5.20437
-5.19617
-5.18834
-5.17946
-5.16498
-5.14687
-5.12306
-5.09463
-5.06527
-5.03779
-5.01435
-4.99642
-4.9831
-4.9751
-4.97098
-4.97008
-4.97187
-4.97669
-4.98399
-4.99492
-5.01008
-5.02658
-5.04497
-5.06261
-5.07769
-5.08759
-5.09016
-5.08735
-5.0801
-5.06865
-5.05274
-5.0358
-5.0186
-5.00356
-4.99287
-4.98982
-4.99249
-4.99787
-5.00671
-5.01435
-5.02154
-5.02874
-5.0348
-5.03729
-5.03653
-5.03286
-5.02224
-5.00593
-4.98603
-4.96045
-4.93591
-4.91468
-4.9016
-4.89688
-4.90139
-4.91381
-4.93088
-4.95196
-4.97397
-4.99596
-5.01638
-5.03398
-5.0514
-5.06615
-5.08216
-5.0966
-5.10948
-5.11943
-5.12469
-5.12429
-5.11846
-5.10678
-5.09211
-5.07447
-5.0546
-5.03141
-5.00827
-4.98626
-4.96638
-4.95105
-4.94002
-4.93432
-4.93437
-4.94074
-4.95279
-4.96966
-4.98931
-5.00835
-5.0254
-5.03605
-5.03952
-5.03598
-5.02612
-5.01277
-4.99861
-4.98671
-4.97752
-4.97221
-4.97125
-4.97347
-4.97832
-4.98613
-4.99981
-5.01855
-5.04121
-5.05999
-5.07545
-5.08111
-5.07931
-5.06672
-5.04604
-5.01843
-4.9873
-4.95718
-4.93384
-4.92256
-4.92422
-4.9381
-4.96147
-4.99029
-5.01944
-5.04687
-5.06967
-5.08664
-5.09577
-5.09791
-5.09147
-5.07785
-5.06271
-5.05069
-5.0457
-5.04536
-5.04744
-5.04904
-5.04939
-5.04727
-5.04264
-5.0351
-5.02252
-5.00581
-4.98944
-4.97656
-4.96974
-4.96919
-4.97782
-4.99181
-5.0115
-5.03167
-5.05374
-5.07575
-5.09524
-5.11235
-5.12506
-5.13323
-5.13614
-5.13303
-5.12247
-5.10429
-5.07846
-5.04579
-5.01061
-4.97332
-4.94146
-4.9179
-4.90308
-4.89612
-4.89481
-4.89511
-4.8964
-4.89648
-4.89895
-4.9048
-4.91596
-4.93061
-4.94707
-4.96081
-4.96978
-4.9753
-4.97925
-4.98572
-4.99301
-4.99945
-5.00114
-4.99565
-4.98637
-4.97452
-4.96466
-4.95947
-4.96002
-4.96404
-4.97282
-4.98323
-4.99481
-5.00606
-5.01746
-5.02669
-5.03474
-5.04071
-5.04565
-5.04977
-5.05404
-5.06032
-5.06983
-5.08139
-5.09398
-5.10126
-5.10373
-5.09992
-5.09034
-5.07603
-5.06016
-5.04477
-5.03208
-5.02601
-5.0257
-5.02897
-5.03455
-5.03962
-5.04216
-5.04153
-5.03742
-5.03179
-5.02539
-5.01768
-5.00981
-5.00442
-5.00141
-5.0035
-5.01112
-5.02248
-5.03343
-5.04163
-5.04585
-5.04035
-5.02806
-5.00759
-4.98579
-4.96595
-4.95239
-4.94669
-4.94855
-4.95735
-4.97054
-4.98614
-5.00259
-5.01872
-5.03465
-5.04753
-5.05656
-5.06207
-5.06355
-5.06153
-5.0558
-5.04808
-5.04126
-5.03674
-5.03289
-5.03156
-5.02984
-5.02693
-5.02037
-5.01005
-4.99852
-4.98638
-4.98005
-4.97774
-4.98396
-4.99373
-5.00693
-5.01933
-5.03097
-5.03921
-5.04645
-5.05825
-5.07397
-5.09772
-5.1236
-5.1473
-5.16656
-5.17897
-5.18425
-5.18402
-5.18226
-5.18078
-5.18091
-5.18532
-5.19023
-5.19604
-5.20029
-5.20179
-5.19854
-5.18697
-5.16387
-5.12922
-5.08724
-5.04401
-5.00455
-4.97372
-4.95488
-4.94733
-4.95119
-4.96161
-4.9734
-4.98389
-4.99424
-5.00434
-5.01115
-5.00796
-4.99332
-4.97186
-4.95337
-4.94518
-4.95223
-4.96989
-4.99593
-5.02606
-5.05864
-5.09269
-5.12542
-5.15695
-5.18632
-5.21214
-5.23532
-5.25361
-5.26621
-5.27482
-5.27624
-5.26967
-5.25653
-5.23602
-5.20756
-5.17183
-5.12875
-5.08188
-5.03125
-4.98052
-4.93518
-4.89784
-4.87037
-4.85192
-4.84336
-4.84499
-4.8515
-4.86219
-4.87622
-4.89514
-4.92179
-4.95428
-4.98922
-5.02103
-5.04504
-5.05977
-5.06654
-5.06897
-5.07043
-5.07286
-5.07738
-5.08262
-5.08616
-5.08639
-5.08572
-5.08449
-5.08575
-5.09255
-5.10397
-5.12129
-5.14215
-5.16343
-5.18332
-5.20119
-5.21294
-5.22115
-5.22226
-5.21509
-5.1993
-5.175
-5.14448
-5.10928
-5.07453
-5.04252
-5.01504
-4.99301
-4.97658
-4.96819
-4.96584
-4.96781
-4.97371
-4.97879
-4.9813
-4.97767
-4.96903
-4.95616
-4.94148
-4.92811
-4.91531
-4.90397
-4.89551
-4.88906
-4.88404
-4.88086
-4.87714
-4.87226
-4.86753
-4.86575
-4.86898
-4.88573
-4.91125
-4.94386
-4.97602
-5.00573
-5.02879
-5.04479
-5.05498
-5.05677
-5.04918
-5.03265
-5.01463
-5.00129
-4.9969
-5.00014
-5.00474
-5.00606
-5.00162
-4.99286
-4.98352
-4.97562
-4.97158
-4.97091
-4.97009
-4.97004
-4.96983
-4.96891
-4.97032
-4.97334
-4.97937
-4.99142
-5.00722
-5.024
-5.0367
-5.04201
-5.0415
-5.03899
-5.0391
-5.03974
-5.04027
-5.04415
-5.05299
-5.06843
-5.08762
-5.10739
-5.12003
-5.12236
-5.11308
-5.09396
-5.06434
-5.03034
-4.99391
-4.95897
-4.93246
-4.92018
-4.92692
-4.95417
-4.99521
-5.04182
-5.08663
-5.12486
-5.15182
-5.16643
-5.16695
-5.15309
-5.12573
-5.09042
-5.05114
-5.01461
-4.98755
-4.97197
-4.9686
-4.97175
-4.97885
-4.98238
-4.98265
-4.9796
-4.98095
-4.98635
-5.00018
-5.02346
-5.05507
-5.08949
-5.12253
-5.14992
-5.16575
-5.16725
-5.1591
-5.14232
-5.12384
-5.10946
-5.10571
-5.11134
-5.1255
-5.14257
-5.15721
-5.16277
-5.16041
-5.14769
-5.12701
-5.10324
-5.08002
-5.06417
-5.0596
-5.06705
-5.07992
-5.29476
-5.44471
-5.52756
-5.5566
-5.54366
-5.49916
-5.43823
-5.37556
-5.3202
-5.27874
-5.26153
-5.26565
-5.27435
-5.27458
-5.25989
-5.22981
-5.18662
-5.1369
-5.08768
-5.04848
-5.02307
-5.01391
-5.01686
-5.02432
-5.02771
-5.02349
-5.01404
-5.00162
-4.98891
-4.97815
-4.96984
-4.96519
-4.96194
-4.96034
-4.95902
-4.95745
-4.95357
-4.94951
-4.94607
-4.94853
-4.96039
-4.97849
-5.00107
-5.02142
-5.03664
-5.04197
-5.03682
-5.02323
-5.0051
-4.98564
-4.97223
-4.96536
-4.96683
-4.97703
-4.99433
-5.01426
-5.03616
-5.0598
-5.08231
-5.10408
-5.12451
-5.13888
-5.1448
-5.1424
-5.13043
-5.11104
-5.08587
-5.05924
-5.03426
-5.01222
-4.99572
-4.98345
-4.97467
-4.96967
-4.96995
-4.97455
-4.98242
-4.99244
-5.00402
-5.01882
-5.03586
-5.05595
-5.07922
-5.1047
-5.12709
-5.14448
-5.15712
-5.15903
-5.15067
-5.13354
-5.10917
-5.08092
-5.05105
-5.02321
-5.00061
-4.98561
-4.97826
-4.97536
-4.97812
-4.97954
-4.97941
-4.97461
-4.9666
-4.95642
-4.94657
-4.93936
-4.93785
-4.94184
-4.9496
-4.95981
-4.97253
-4.98339
-4.99161
-4.99951
-5.0083
-5.01777
-5.03249
-5.04903
-5.063
-5.07278
-5.0761
-5.07356
-5.06647
-5.05786
-5.04951
-5.04234
-5.03579
-5.02711
-5.02016
-5.01208
-5.00542
-4.99898
-4.99457
-4.9908
-4.98711
-4.98547
-4.98647
-4.99188
-5.00273
-5.01399
-5.02662
-5.04123
-5.05617
-5.06975
-5.07975
-5.08364
-5.07687
-5.0617
-5.04109
-5.01679
-4.99343
-4.97316
-4.9551
-4.93852
-4.9243
-4.91566
-4.91297
-4.91483
-4.92103
-4.92856
-4.93822
-4.94814
-4.95822
-4.96659
-4.97238
-4.97035
-4.96383
-4.95255
-4.93907
-4.93
-4.92839
-4.9388
-4.95913
-4.98503
-5.01485
-5.04353
-5.06991
-5.0903
-5.10547
-5.11326
-5.11401
-5.10791
-5.09892
-5.08646
-5.07345
-5.06084
-5.04782
-5.0362
-5.02862
-5.02495
-5.02455
-5.02887
-5.0337
-5.03743
-5.03694
-5.03179
-5.02315
-5.01034
-4.99771
-4.9877
-4.98323
-4.98818
-4.99901
-5.01435
-5.02953
-5.03984
-5.04259
-5.04038
-5.03259
-5.02413
-5.01806
-5.01634
-5.01986
-5.02555
-5.03442
-5.04395
-5.05084
-5.0573
-5.06264
-5.07088
-5.08509
-5.10659
-5.1306
-5.15146
-5.16443
-5.16375
-5.15204
-5.13313
-5.112
-5.09727
-5.08964
-5.08776
-5.09276
-5.0989
-5.10713
-5.11559
-5.12539
-5.13629
-5.14753
-5.1564
-5.16006
-5.15646
-5.14427
-5.12389
-5.09575
-5.06022
-5.0236
-4.98944
-4.96099
-4.94111
-4.93285
-4.93727
-4.95145
-4.97007
-4.98885
-5.00295
-5.01166
-5.01548
-5.0155
-5.01384
-5.01327
-5.01343
-5.01597
-5.02155
-5.02872
-5.03896
-5.05134
-5.06374
-5.07634
-5.08569
-5.09357
-5.09746
-5.10093
-5.10436
-5.1068
-5.10965
-5.11158
-5.11185
-5.11036
-5.10713
-5.10396
-5.09999
-5.09352
-5.08628
-5.07467
-5.05962
-5.03812
-5.0135
-4.98748
-4.96134
-4.93955
-4.92191
-4.91014
-4.90757
-4.91325
-4.92425
-4.93744
-4.95135
-4.96388
-4.97606
-4.9875
-4.99919
-5.01105
-5.02203
-5.03202
-5.03852
-5.03945
-5.03264
-5.01717
-4.99698
-4.97562
-4.95914
-4.9503
-4.95001
-4.95644
-4.96197
-4.96618
-4.96585
-4.95881
-4.94693
-4.93197
-4.9163
-4.90178
-4.89267
-4.89092
-4.89806
-4.91049
-4.92931
-4.95338
-4.98234
-5.01529
-5.0492
-5.078
-5.10078
-5.11281
-5.11481
-5.10966
-5.10105
-5.08771
-5.07216
-5.05424
-5.03358
-5.01182
-4.99256
-4.97398
-4.95795
-4.94268
-4.93317
-4.92615
-4.92331
-4.9237
-4.92671
-4.93445
-4.94492
-4.96
-4.97826
-4.99103
-4.99873
-5.00031
-4.99772
-4.99368
-4.99089
-4.98998
-4.99097
-4.99505
-5.00027
-5.00721
-5.01694
-5.02528
-5.03059
-5.03345
-5.03306
-5.03217
-5.03226
-5.03509
-5.04363
-5.05695
-5.0735
-5.09296
-5.11537
-5.13803
-5.16356
-5.19024
-5.21545
-5.23682
-5.25442
-5.26497
-5.2674
-5.26003
-5.24442
-5.22279
-5.20021
-5.17726
-5.15677
-5.13743
-5.1202
-5.10428
-5.09019
-5.07411
-5.05717
-5.04036
-5.02102
-5.00422
-4.9926
-4.98669
-4.99072
-5.00266
-5.019
-5.03663
-5.05516
-5.07447
-5.09554
-5.11383
-5.13191
-5.14591
-5.1569
-5.16382
-5.16545
-5.16216
-5.15038
-5.13193
-5.10901
-5.08417
-5.06055
-5.04189
-5.0266
-5.01298
-4.99847
-4.98412
-4.96867
-4.95558
-4.94399
-4.93658
-4.92813
-4.91963
-4.91209
-4.90431
-4.89963
-4.897
-4.89595
-4.89599
-4.89486
-4.89499
-4.8988
-4.90807
-4.92304
-4.93967
-4.95505
-4.96355
-4.96242
-4.95403
-4.93964
-4.92373
-4.90827
-4.8955
-4.88902
-4.88968
-4.89663
-4.91251
-4.93514
-4.96445
-4.99544
-5.02879
-5.06284
-5.09454
-5.12419
-5.14911
-5.16772
-5.17878
-5.18292
-5.18217
-5.1774
-5.17042
-5.16097
-5.15087
-5.13968
-5.12799
-5.11809
-5.11153
-5.10968
-5.11247
-5.11868
-5.1259
-5.13226
-5.13649
-5.13855
-5.13903
-5.13829
-5.13408
-5.1268
-5.11818
-5.1112
-5.10719
-5.11051
-5.1175
-5.12331
-5.12435
-5.12222
-5.11676
-5.11001
-5.1036
-5.09747
-5.09087
-5.08158
-5.069
-5.05617
-5.0408
-5.02761
-5.01605
-5.00436
-4.98826
-4.96528
-4.93577
-4.8976
-4.8579
-4.82098
-4.79264
-4.77903
-4.78897
-4.82235
-4.87671
-4.94158
-5.00681
-5.06365
-5.10635
-5.13661
-5.15428
-5.16145
-5.16366
-5.16245
-5.16135
-5.15918
-5.15891
-5.15556
-5.14737
-5.13165
-5.10858
-5.08051
-5.05535
-5.03767
-5.03376
-5.04033
-5.04895
-5.05564
-5.05843
-5.05834
-5.05969
-5.0642
-5.0725
-5.08383
-5.09253
-5.09514
-5.08964
-5.07608
-5.05601
-5.03249
-5.00902
-4.98948
-4.97498
-4.96617
-4.96202
-4.96146
-4.96382
-4.9674
-4.97053
-4.9731
-4.97534
-4.97735
-4.97611
-4.97235
-4.96329
-4.94942
-4.93045
-4.90887
-4.88554
-4.86607
-4.85221
-4.846
-4.84855
-4.85795
-4.87201
-4.88768
-4.90162
-4.91156
-4.91636
-4.91406
-4.90407
-4.88975
-4.86965
-4.84931
-4.83302
-4.82701
-4.83443
-4.85146
-4.87421
-4.89758
-4.91894
-4.93588
-4.9479
-4.9568
-4.96369
-4.96859
-4.97237
-4.97442
-4.97621
-4.97431
-4.97349
-4.97296
-4.976
-4.98182
-4.99008
-4.9974
-5.00239
-5.00647
-5.00962
-5.0112
-5.01216
-5.01432
-5.01712
-5.02246
-5.03013
-5.03947
-5.0494
-5.0556
-5.05515
-5.04613
-5.0297
-5.00744
-4.98347
-4.96221
-4.94586
-4.93275
-4.92467
-4.92016
-4.91669
-4.91463
-4.91556
-4.92228
-4.93835
-4.96086
-4.98839
-5.01806
-5.04323
-5.06262
-5.07426
-5.07799
-5.07476
-5.0656
-5.05279
-5.03631
-5.01785
-4.99849
-4.97804
-4.95786
-4.94045
-4.92512
-4.91487
-4.90967
-4.9076
-4.90979
-4.9162
-4.92849
-4.94565
-4.9672
-4.99144
-5.01351
-5.02878
-5.04074
-5.04807
-5.05238
-5.05616
-5.06111
-5.06573
-5.07052
-5.07187
-5.07165
-5.06753
-5.05837
-5.04323
-5.02155
-4.99984
-4.98246
-4.9746
-4.97534
-4.98223
-4.9898
-4.99696
-5.00325
-5.01124
-5.02324
-5.03842
-5.05713
-5.0736
-5.08742
-5.09613
-5.09907
-5.09774
-5.09418
-5.09036
-5.08941
-5.09257
-5.10054
-5.11171
-5.1242
-5.13656
-5.1451
-5.14713
-5.14501
-5.13677
-5.12374
-5.10521
-5.08381
-5.06268
-5.04534
-5.03441
-5.03085
-5.03386
-5.04603
-5.06548
-5.09214
-5.11846
-5.14143
-5.15491
-5.1599
-5.1533
-5.13722
-5.11417
-5.0928
-5.07782
-5.07084
-5.07283
-5.07887
-5.0838
-5.08559
-5.08264
-5.07599
-5.06655
-5.05819
-5.05812
-5.06752
-5.08802
-5.11387
-5.13907
-5.15814
-5.16903
-5.17547
-5.1782
-5.18122
-5.18424
-5.18629
-5.18419
-5.17529
-5.1596
-5.1385
-5.11294
-5.08446
-5.05379
-5.02352
-4.9984
-4.9827
-4.97813
-4.98433
-5.00018
-5.02353
-5.05336
-5.08484
-5.11714
-5.14702
-5.17289
-5.1952
-5.21003
-5.21692
-5.21519
-5.20335
-5.18297
-5.1554
-5.12236
-5.08677
-5.04897
-5.01164
-4.97652
-4.94273
-4.91375
-4.88898
-4.8713
-4.86118
-4.86404
-4.87703
-4.90023
-4.93249
-4.96791
-5.00227
-5.03448
-5.05732
-5.07213
-5.07739
-5.07316
-5.06134
-5.04343
-5.02577
-5.01091
-5.00226
-5.00353
-5.01536
-5.03476
-5.05916
-5.08422
-5.1086
-5.1296
-5.14565
-5.15556
-5.16034
-5.15711
-5.14755
-5.13223
-5.11371
-5.09694
-5.08536
-5.07867
-5.07743
-5.08316
-5.0928
-5.10632
-5.12293
-5.14189
-5.16096
-5.1791
-5.19205
-5.20179
-5.20605
-5.20698
-5.20357
-5.19586
-5.18396
-5.16909
-5.15133
-5.13266
-5.11209
-5.09145
-5.07208
-5.05523
-5.04194
-5.03106
-5.02208
-5.01551
-5.00777
-4.99992
-4.99208
-4.98721
-4.98767
-4.99291
-5.00358
-5.0182
-5.03819
-5.06182
-5.08535
-5.10663
-5.12246
-5.13047
-5.12973
-5.12073
-5.10749
-5.09329
-5.07854
-5.06507
-5.05353
-5.04038
-5.02684
-5.01494
-5.00358
-4.995
-4.99053
-4.9893
-4.99247
-4.99615
-4.99975
-5.00189
-5.0009
-4.99382
-4.98275
-4.96583
-4.94594
-4.92306
-4.89962
-4.8783
-4.8659
-4.87177
-4.88837
-4.91151
-4.93213
-4.94681
-4.95566
-4.95708
-4.95305
-4.94494
-4.93743
-4.93457
-4.93845
-4.95383
-4.98013
-5.01341
-5.04805
-5.07818
-5.10199
-5.11589
-5.12029
-5.11738
-5.10847
-5.09627
-5.08491
-5.0765
-5.0714
-5.06698
-5.06084
-5.0501
-5.03491
-5.0196
-5.00598
-4.99728
-4.99443
-4.99872
-5.01071
-5.03003
-5.05576
-5.0842
-5.11417
-5.14119
-5.16518
-5.182
-5.19165
-5.19425
-5.18909
-5.17757
-5.1595
-5.13718
-5.11061
-5.08498
-5.06503
-5.05426
-5.05396
-5.06153
-5.07604
-5.09265
-5.10867
-5.12219
-5.13273
-5.13876
-5.14209
-5.14185
-5.13819
-5.13331
-5.12646
-5.11763
-5.10657
-5.09243
-5.07129
-5.04913
-5.02693
-5.00595
-4.98996
-4.97959
-4.97715
-4.97855
-4.98187
-4.98399
-4.98112
-4.97513
-4.96425
-4.95288
-4.94279
-4.93719
-4.93735
-4.94239
-4.95015
-4.95747
-4.96484
-4.96942
-4.97278
-4.97451
-4.9735
-4.97312
-4.97221
-4.97395
-4.97399
-4.97452
-4.97333
-4.97184
-4.97293
-4.97484
-4.97561
-4.97653
-4.97505
-4.96923
-4.95991
-4.94842
-4.93635
-4.92589
-4.91873
-4.91622
-4.92222
-5.15272
-5.31702
-5.40781
-5.44285
-5.43405
-5.39268
-5.33313
-5.26585
-5.20039
-5.13746
-5.07241
-5.0073
-4.94519
-4.895
-4.86647
-4.8636
-4.88289
-4.91965
-4.96298
-5.00551
-5.03872
-5.05968
-5.06466
-5.05528
-5.0367
-5.01401
-4.99383
-4.98332
-4.98092
-4.98636
-4.99392
-5.0001
-5.0043
-5.00519
-5.00508
-5.00772
-5.01255
-5.02244
-5.03482
-5.05053
-5.06306
-5.0726
-5.07824
-5.07936
-5.07714
-5.07226
-5.06345
-5.05178
-5.03746
-5.02154
-5.00632
-4.99156
-4.98151
-4.97606
-4.97226
-4.97038
-4.96612
-4.95944
-4.95075
-4.93995
-4.92624
-4.91578
-4.90936
-4.90673
-4.91005
-4.91855
-4.93016
-4.9416
-4.95163
-4.9585
-4.96194
-4.96248
-4.95814
-4.95052
-4.93955
-4.92913
-4.92122
-4.91976
-4.92194
-4.9258
-4.93372
-4.93971
-4.94667
-4.95307
-4.95857
-4.96496
-4.97152
-4.9788
-4.99129
-5.009
-5.03149
-5.05485
-5.07596
-5.09204
-5.10307
-5.10812
-5.10856
-5.10083
-5.08297
-5.05671
-5.0258
-4.99848
-4.9781
-4.96888
-4.96784
-4.97071
-4.97096
-4.96488
-4.9519
-4.93503
-4.91807
-4.90295
-4.89508
-4.89626
-4.90423
-4.9174
-4.93464
-4.9534
-4.97465
-4.99647
-5.01784
-5.03688
-5.05024
-5.05413
-5.04831
-5.03245
-5.00888
-4.98275
-4.95814
-4.94027
-4.92878
-4.92026
-4.91069
-4.89845
-4.88162
-4.8611
-4.8412
-4.82264
-4.81015
-4.8055
-4.80662
-4.81597
-4.83192
-4.85244
-4.87488
-4.89682
-4.9182
-4.93295
-4.94166
-4.94471
-4.94288
-4.93579
-4.92644
-4.91534
-4.90673
-4.904
-4.90308
-4.90529
-4.91034
-4.91765
-4.92782
-4.9418
-4.96149
-4.98518
-5.01076
-5.03355
-5.04831
-5.053
-5.04707
-5.03297
-5.01525
-4.99978
-4.9894
-4.98535
-4.9871
-4.99088
-4.99406
-4.99464
-4.99384
-4.99169
-4.98761
-4.98394
-4.98125
-4.97885
-4.98139
-4.98555
-4.99393
-5.00604
-5.01829
-5.02807
-5.03547
-5.03816
-5.03796
-5.03562
-5.0356
-5.03748
-5.0438
-5.05355
-5.06231
-5.06676
-5.0656
-5.05746
-5.04264
-5.0226
-4.99934
-4.97479
-4.95364
-4.9345
-4.91902
-4.90991
-4.90666
-4.90833
-4.91467
-4.92305
-4.93321
-4.94116
-4.94658
-4.94829
-4.94446
-4.93938
-4.93549
-4.93304
-4.93417
-4.93805
-4.94533
-4.95674
-4.97288
-4.99064
-5.00801
-5.0237
-5.03393
-5.03938
-5.04274
-5.04568
-5.05075
-5.05781
-5.06418
-5.06839
-5.07006
-5.06821
-5.06149
-5.05256
-5.04232
-5.03113
-5.02047
-5.01007
-5.00048
-4.99467
-4.99389
-4.99769
-5.00527
-5.01411
-5.02261
-5.02815
-5.0326
-5.0303
-5.02128
-5.00628
-4.98761
-4.96388
-4.93794
-4.91225
-4.89061
-4.87627
-4.86821
-4.87057
-4.88034
-4.89723
-4.91535
-4.93065
-4.94045
-4.94191
-4.93379
-4.92026
-4.90618
-4.89592
-4.89299
-4.89758
-4.90986
-4.92265
-4.93764
-4.95154
-4.96898
-4.98788
-5.00747
-5.0271
-5.0453
-5.05667
-5.06027
-5.05297
-5.03454
-5.00516
-4.97011
-4.93485
-4.90512
-4.88339
-4.87354
-4.87556
-4.88856
-4.90847
-4.93309
-4.95877
-4.98542
-5.01098
-5.03322
-5.05204
-5.06742
-5.0808
-5.09112
-5.09927
-5.10356
-5.10437
-5.10357
-5.10142
-5.1003
-5.09918
-5.09953
-5.09688
-5.09038
-5.07686
-5.06051
-5.04215
-5.02309
-5.00688
-4.99561
-4.98873
-4.98604
-4.98511
-4.98347
-4.97982
-4.97195
-4.96065
-4.94741
-4.93522
-4.92454
-4.91908
-4.91903
-4.92309
-4.93086
-4.94045
-4.95192
-4.96572
-4.98156
-4.99979
-5.01956
-5.04061
-5.05968
-5.07334
-5.0804
-5.08183
-5.08082
-5.08019
-5.08114
-5.08236
-5.08413
-5.08394
-5.08166
-5.07972
-5.07707
-5.07551
-5.07017
-5.06432
-5.05949
-5.05648
-5.05688
-5.06026
-5.06329
-5.06555
-5.06682
-5.07231
-5.07901
-5.08257
-5.07839
-5.06284
-5.03671
-5.00348
-4.96771
-4.93632
-4.913
-4.89949
-4.89704
-4.89977
-4.90784
-4.91882
-4.93224
-4.9491
-4.96947
-4.99188
-5.01444
-5.03515
-5.04857
-5.05537
-5.05641
-5.05244
-5.04774
-5.04233
-5.0407
-5.04323
-5.05069
-5.06058
-5.06668
-5.06564
-5.05508
-5.0346
-5.0064
-4.9771
-4.95248
-4.93807
-4.93467
-4.93931
-4.94888
-4.96115
-4.97424
-4.98699
-4.99872
-5.0112
-5.02531
-5.04208
-5.05885
-5.07634
-5.09264
-5.10493
-5.11179
-5.11605
-5.11929
-5.11992
-5.11879
-5.11445
-5.10759
-5.09721
-5.08178
-5.06132
-5.03786
-5.01492
-4.99363
-4.97467
-4.95596
-4.93576
-4.9161
-4.89922
-4.88432
-4.87444
-4.86751
-4.85871
-4.85097
-4.84068
-4.83089
-4.82535
-4.82895
-4.84341
-4.86611
-4.89801
-4.934
-4.97133
-5.00628
-5.04064
-5.06901
-5.09325
-5.11556
-5.13837
-5.16062
-5.18362
-5.20355
-5.21813
-5.2265
-5.2292
-5.22608
-5.21807
-5.205
-5.18679
-5.16578
-5.14227
-5.11801
-5.0981
-5.08281
-5.07536
-5.07547
-5.08008
-5.08855
-5.09538
-5.09906
-5.09698
-5.08713
-5.07014
-5.04783
-5.02584
-5.00601
-4.9919
-4.98426
-4.98233
-4.98526
-4.9923
-5.00197
-5.01348
-5.0259
-5.03767
-5.04773
-5.05591
-5.05999
-5.0589
-5.0512
-5.04087
-5.02457
-5.00595
-4.98633
-4.96955
-4.95446
-4.94321
-4.93381
-4.92731
-4.92104
-4.91403
-4.90331
-4.88804
-4.87113
-4.85393
-4.84609
-4.85068
-4.86722
-4.89369
-4.92514
-4.95913
-4.99309
-5.02586
-5.05283
-5.07421
-5.08862
-5.09642
-5.09504
-5.08879
-5.07644
-5.05888
-5.03706
-5.0114
-4.98586
-4.96142
-4.9398
-4.9228
-4.91007
-4.90065
-4.89349
-4.8878
-4.88393
-4.88219
-4.88229
-4.88552
-4.89054
-4.89558
-4.90147
-4.90821
-4.91771
-4.93268
-4.95475
-4.98457
-5.01665
-5.04696
-5.06837
-5.0805
-5.08258
-5.07846
-5.06748
-5.0534
-5.03885
-5.02129
-5.00242
-4.98412
-4.96781
-4.95326
-4.94286
-4.93347
-4.92672
-4.92089
-4.91715
-4.91442
-4.91182
-4.9093
-4.90658
-4.90382
-4.90139
-4.89928
-4.89796
-4.90083
-4.90352
-4.90897
-4.9169
-4.9243
-4.93222
-4.93985
-4.94483
-4.94684
-4.94577
-4.94204
-4.93929
-4.94053
-4.9436
-4.94968
-4.95341
-4.95292
-4.94738
-4.93907
-4.93101
-4.92654
-4.9263
-4.93637
-4.9537
-4.97682
-5.00311
-5.0275
-5.04808
-5.06117
-5.06563
-5.0616
-5.05349
-5.04021
-5.02654
-5.00842
-4.98608
-4.95781
-4.92508
-4.88863
-4.85642
-4.83205
-4.81672
-4.81413
-4.8244
-4.84487
-4.8734
-4.90188
-4.92618
-4.94382
-4.95723
-4.97033
-4.98466
-5.00052
-5.01554
-5.02463
-5.02612
-5.02024
-5.00963
-4.99575
-4.98101
-4.96976
-4.96482
-4.96927
-4.98395
-5.00929
-5.04665
-5.08857
-5.13266
-5.17019
-5.19926
-5.21607
-5.22039
-5.21667
-5.2045
-5.18634
-5.16113
-5.13278
-5.09949
-5.06319
-5.02494
-4.98729
-4.95679
-4.93424
-4.92361
-4.92475
-4.93292
-4.94632
-4.96461
-4.98333
-4.99945
-5.01313
-5.02385
-5.0342
-5.0422
-5.048
-5.05194
-5.05065
-5.04398
-5.032
-5.01514
-4.99612
-4.97555
-4.95506
-4.93497
-4.91763
-4.90371
-4.89332
-4.88411
-4.87556
-4.86453
-4.85422
-4.84546
-4.84019
-4.84248
-4.85344
-4.87146
-4.89652
-4.92674
-4.95698
-4.98687
-5.01591
-5.04289
-5.06747
-5.08726
-5.10417
-5.11511
-5.1244
-5.13298
-5.13969
-5.14646
-5.15232
-5.15683
-5.15696
-5.1518
-5.13969
-5.11859
-5.08834
-5.04864
-4.99948
-4.94371
-4.88474
-4.8284
-4.77973
-4.74441
-4.72857
-4.7317
-4.74893
-4.77782
-4.81072
-4.84448
-4.87682
-4.90344
-4.92438
-4.93911
-4.94519
-4.9445
-4.93932
-4.93152
-4.92201
-4.91259
-4.90351
-4.89494
-4.88674
-4.88029
-4.87472
-4.87162
-4.8717
-4.87868
-4.89067
-4.90973
-4.92993
-4.94793
-4.96431
-4.97594
-4.98394
-4.99041
-4.9938
-4.99464
-4.99315
-4.98844
-4.98166
-4.97496
-4.96642
-4.95998
-4.95165
-4.94493
-4.93868
-4.93286
-4.92761
-4.92425
-4.92021
-4.91692
-4.91471
-4.91305
-4.91091
-4.91025
-4.90958
-4.909
-4.91096
-4.9168
-4.92586
-4.9379
-4.95019
-4.96199
-4.97005
-4.97325
-4.96915
-4.95918
-4.94198
-4.92199
-4.90092
-4.88212
-4.87059
-4.86962
-4.87962
-4.90225
-4.93216
-4.96209
-4.9872
-5.00169
-5.0012
-4.99023
-4.97158
-4.95063
-4.92989
-4.91519
-4.90811
-4.90845
-4.91709
-4.93028
-4.9467
-4.96211
-4.97363
-4.98221
-4.98729
-4.98737
-4.98391
-4.97994
-4.97693
-4.97228
-4.96568
-4.95461
-4.94032
-4.92469
-4.91286
-4.91026
-4.91999
-4.93802
-4.9583
-4.97449
-4.98362
-4.98695
-4.98868
-4.99431
-5.00867
-5.03344
-5.0663
-5.10338
-5.13874
-5.16439
-5.17962
-5.17937
-5.16483
-5.13864
-5.10728
-5.07804
-5.05538
-5.0402
-5.02857
-5.01902
-5.01039
-5.00119
-4.99412
-4.98789
-4.981
-4.97604
-4.97503
-4.98065
-4.99247
-5.00998
-5.03072
-5.05531
-5.07594
-5.08984
-5.09574
-5.09242
-5.0819
-5.06202
-5.03635
-5.00507
-4.97111
-4.93699
-4.90416
-4.8755
-4.85698
-4.85139
-4.86064
-4.88114
-4.90845
-4.9386
-4.96995
-4.99815
-5.02397
-5.04451
-5.05939
-5.06712
-5.06764
-5.0614
-5.04989
-5.0345
-5.01775
-5.00169
-4.98694
-4.97442
-4.96516
-4.95915
-4.95687
-4.95166
-4.93812
-4.91788
-4.89163
-4.86659
-4.85076
-4.84985
-4.86477
-4.89672
-4.94204
-4.99812
-5.05811
-5.11587
-5.16502
-5.20217
-5.22546
-5.23481
-5.23273
-5.22349
-5.20824
-5.19184
-5.17458
-5.15983
-5.1481
-5.13955
-5.13183
-5.12336
-5.11272
-5.09887
-5.08307
-5.06585
-5.04698
-5.02711
-5.00636
-4.98539
-4.96482
-4.9459
-4.92858
-4.91327
-4.90292
-4.9005
-4.90388
-4.91372
-4.92998
-4.9495
-4.97026
-4.9935
-5.01696
-5.04143
-5.06597
-5.08797
-5.10312
-5.11067
-5.10857
-5.09632
-5.07608
-5.04992
-5.02219
-4.99741
-4.98034
-4.97544
-4.98204
-4.99853
-5.02105
-5.04287
-5.06249
-5.07368
-5.07819
-5.07539
-5.07045
-5.06392
-5.06143
-5.06362
-5.07061
-5.08142
-5.09205
-5.10093
-5.10521
-5.10452
-5.10005
-5.09576
-5.0922
-5.09124
-5.09447
-5.09996
-5.10585
-5.11158
-5.11605
-5.12113
-5.12573
-5.13003
-5.13482
-5.13497
-5.12997
-5.11903
-5.10371
-5.08758
-5.07035
-5.05289
-5.03503
-5.01564
-4.99629
-5.21636
-5.38068
-5.47652
-5.51822
-5.51791
-5.48293
-5.4246
-5.34762
-5.26149
-5.17356
-5.09606
-5.03997
-5.0066
-4.98943
-4.98318
-4.97932
-4.97649
-4.97179
-4.96374
-4.9519
-4.94048
-4.938
-4.95026
-4.97298
-5.00269
-5.02893
-5.04465
-5.05129
-5.04804
-5.03655
-5.01954
-4.99997
-4.98076
-4.96494
-4.95325
-4.94669
-4.94348
-4.94348
-4.94572
-4.95291
-4.96104
-4.96963
-4.97512
-4.97589
-4.97225
-4.9663
-4.96102
-4.95638
-4.95738
-4.96224
-4.97175
-4.98279
-4.99484
-5.00148
-5.00025
-4.98691
-4.95929
-4.92085
-4.87781
-4.83818
-4.81056
-4.79957
-4.80117
-4.80722
-4.81286
-4.81671
-4.81781
-4.81486
-4.81173
-4.8072
-4.80722
-4.8162
-4.83713
-4.86726
-4.90242
-4.93876
-4.97143
-4.99904
-5.02506
-5.04759
-5.06989
-5.08967
-5.10851
-5.12366
-5.13413
-5.13848
-5.13702
-5.1307
-5.11963
-5.1012
-5.07774
-5.04593
-5.01268
-4.98944
-4.98478
-4.99943
-5.02587
-5.05281
-5.07358
-5.08782
-5.09206
-5.08643
-5.07548
-5.06395
-5.05706
-5.05858
-5.06537
-5.07253
-5.07736
-5.08193
-5.08378
-5.08164
-5.07715
-5.06664
-5.0501
-5.02835
-5.00308
-4.9768
-4.95307
-4.93275
-4.91932
-4.91099
-4.90777
-4.90845
-4.91313
-4.92093
-4.93211
-4.9455
-4.95767
-4.969
-4.98122
-4.99173
-5.00186
-5.01246
-5.02289
-5.03418
-5.04568
-5.05798
-5.06988
-5.08022
-5.09039
-5.09762
-5.10039
-5.1021
-5.10138
-5.09935
-5.09794
-5.097
-5.09609
-5.09514
-5.0923
-5.0871
-5.07943
-5.06839
-5.05523
-5.04544
-5.03931
-5.03945
-5.04459
-5.05366
-5.06533
-5.07759
-5.08768
-5.09211
-5.09312
-5.09053
-5.08314
-5.07366
-5.06064
-5.04551
-5.03212
-5.01776
-5.00537
-4.99752
-4.99341
-4.99241
-4.99665
-5.00325
-5.01413
-5.02753
-5.04376
-5.06083
-5.07844
-5.09512
-5.10992
-5.12148
-5.12807
-5.12989
-5.12709
-5.11755
-5.10078
-5.08306
-5.06555
-5.05224
-5.03991
-5.02892
-5.01895
-5.00743
-4.99454
-4.98175
-4.97047
-4.96171
-4.96015
-4.97033
-4.99192
-5.02426
-5.063
-5.10532
-5.14688
-5.18617
-5.21713
-5.23701
-5.24225
-5.23305
-5.20827
-5.16872
-5.11942
-5.06625
-5.01331
-4.96928
-4.94163
-4.9323
-4.93828
-4.95193
-4.96846
-4.9848
-5.00039
-5.0132
-5.02491
-5.03678
-5.04534
-5.05432
-5.06323
-5.07396
-5.08284
-5.09104
-5.09481
-5.09662
-5.09507
-5.09226
-5.08902
-5.08489
-5.08234
-5.08239
-5.08795
-5.09975
-5.11921
-5.14258
-5.16811
-5.18736
-5.19829
-5.19916
-5.18975
-5.17234
-5.15143
-5.12825
-5.10614
-5.08246
-5.06015
-5.04101
-5.02554
-5.01495
-5.01081
-5.01363
-5.02312
-5.03779
-5.05657
-5.07726
-5.09737
-5.11642
-5.13141
-5.14251
-5.14707
-5.14497
-5.13355
-5.11186
-5.08097
-5.04374
-5.00326
-4.96465
-4.93114
-4.90746
-4.89477
-4.89645
-4.90938
-4.93159
-4.95439
-4.97387
-4.98543
-4.99027
-4.98664
-4.97633
-4.96292
-4.9523
-4.94563
-4.94678
-4.95298
-4.96275
-4.97588
-4.99037
-5.00421
-5.01888
-5.03325
-5.04892
-5.06815
-5.08663
-5.10083
-5.10749
-5.09903
-5.07894
-5.04754
-5.00683
-4.96317
-4.91858
-4.87635
-4.84078
-4.81428
-4.80437
-4.81454
-4.8462
-4.89074
-4.93957
-4.98457
-5.02405
-5.05343
-5.06718
-5.06556
-5.05127
-5.02629
-4.99653
-4.96917
-4.94652
-4.9322
-4.92552
-4.92388
-4.92259
-4.92294
-4.9238
-4.93062
-4.94454
-4.96153
-4.97604
-4.98413
-4.98513
-4.98382
-4.98408
-4.99285
-5.00898
-5.02262
-5.0315
-5.03196
-5.02345
-5.0094
-4.99618
-4.98578
-4.97936
-4.97662
-4.9804
-4.9869
-4.99641
-5.00518
-5.01351
-5.01942
-5.02375
-5.02497
-5.02349
-5.01643
-5.00321
-4.98357
-4.96144
-4.94383
-4.93498
-4.94039
-4.95663
-4.98213
-5.01142
-5.03987
-5.06538
-5.0869
-5.09794
-5.09939
-5.09214
-5.0773
-5.0582
-5.03603
-5.0149
-4.99568
-4.97712
-4.95808
-4.9417
-4.92839
-4.92288
-4.92673
-4.9386
-4.95362
-4.96814
-4.98075
-4.99147
-5.00042
-5.00653
-5.01235
-5.01563
-5.01624
-5.01407
-5.0106
-5.00516
-4.99911
-4.99225
-4.98479
-4.98038
-4.98018
-4.98661
-4.99686
-5.00952
-5.02114
-5.02797
-5.029
-5.02345
-5.01135
-4.99292
-4.97131
-4.94818
-4.9248
-4.90402
-4.88743
-4.88046
-4.8808
-4.89216
-4.90945
-4.92948
-4.95032
-4.97354
-4.997
-5.02357
-5.04952
-5.07495
-5.094
-5.10358
-5.09927
-5.07958
-5.04606
-5.00778
-4.97747
-4.96344
-4.96582
-4.97912
-4.99698
-5.01368
-5.02342
-5.02551
-5.02073
-5.0127
-5.00072
-4.98978
-4.97982
-4.97161
-4.9646
-4.96424
-4.9723
-4.9886
-5.01286
-5.0387
-5.06213
-5.07972
-5.09003
-5.09219
-5.08781
-5.0773
-5.06148
-5.04133
-5.02017
-5.00213
-4.98773
-4.97918
-4.9753
-4.9768
-4.98228
-4.99044
-5.00013
-5.01138
-5.02526
-5.03881
-5.04912
-5.05367
-5.05216
-5.04467
-5.03084
-5.01128
-4.98695
-4.96369
-4.94321
-4.93046
-4.92692
-4.92902
-4.93443
-4.93813
-4.941
-4.94203
-4.94365
-4.94666
-4.95378
-4.96089
-4.96865
-4.97453
-4.97863
-4.98022
-4.9798
-4.97968
-4.97945
-4.97987
-4.98092
-4.98463
-4.99279
-5.00739
-5.02542
-5.04756
-5.06878
-5.08557
-5.09911
-5.10473
-5.10533
-5.10049
-5.09215
-5.08231
-5.07036
-5.05714
-5.04522
-5.03242
-5.01983
-5.00591
-4.99314
-4.97845
-4.96324
-4.94534
-4.92302
-4.89635
-4.86909
-4.84282
-4.81846
-4.80133
-4.78995
-4.78071
-4.77453
-4.76862
-4.7674
-4.77594
-4.7978
-4.83093
-4.87074
-4.91125
-4.94745
-4.97561
-4.99308
-5.00044
-4.99888
-4.9886
-4.97242
-4.95037
-4.92073
-4.88898
-4.85555
-4.82472
-4.79855
-4.78051
-4.76966
-4.76592
-4.7703
-4.78528
-4.81156
-4.84729
-4.88742
-4.93078
-4.97225
-5.01115
-5.04535
-5.07177
-5.08874
-5.09702
-5.09416
-5.08425
-5.07093
-5.05449
-5.03818
-5.02018
-5.0014
-4.98328
-4.96768
-4.95714
-4.95277
-4.95284
-4.95686
-4.95618
-4.9521
-4.94283
-4.93119
-4.92106
-4.9153
-4.91685
-4.9264
-4.94636
-4.97529
-5.00914
-5.04514
-5.07669
-5.10375
-5.1205
-5.12882
-5.12822
-5.11966
-5.10581
-5.08871
-5.07298
-5.05937
-5.04909
-5.04397
-5.04274
-5.04455
-5.04544
-5.04444
-5.03909
-5.0258
-5.00363
-4.97384
-4.93983
-4.90621
-4.87671
-4.85464
-4.84385
-4.84647
-4.86321
-4.89106
-4.92731
-4.96416
-4.99983
-5.02913
-5.05075
-5.06382
-5.06846
-5.06385
-5.05287
-5.03776
-5.01844
-5.0009
-4.98977
-4.98841
-4.99599
-5.0101
-5.02721
-5.04443
-5.0604
-5.07205
-5.08074
-5.08283
-5.08224
-5.07787
-5.07359
-5.06922
-5.06361
-5.05773
-5.04775
-5.03528
-5.01757
-4.99917
-4.98188
-4.97026
-4.96659
-4.97141
-4.97903
-4.98469
-4.98498
-4.9791
-4.96856
-4.95921
-4.95136
-4.94914
-4.95293
-4.96219
-4.976
-4.99231
-5.00498
-5.01173
-5.00901
-4.99705
-4.9766
-4.9505
-4.92299
-4.89791
-4.87685
-4.86074
-4.85208
-4.84991
-4.85379
-4.86341
-4.87722
-4.89272
-4.90576
-4.91381
-4.91265
-4.9043
-4.88867
-4.86866
-4.85038
-4.83748
-4.83103
-4.83413
-4.84328
-4.85508
-4.86729
-4.88063
-4.89236
-4.90224
-4.91038
-4.91652
-4.91811
-4.91742
-4.91483
-4.91089
-4.90938
-4.91115
-4.91671
-4.9234
-4.92993
-4.93393
-4.93413
-4.93338
-4.9341
-4.9381
-4.94745
-4.96202
-4.97925
-4.99662
-5.01352
-5.02917
-5.04384
-5.0558
-5.06465
-5.0684
-5.06485
-5.05689
-5.04188
-5.02198
-4.99879
-4.97441
-4.95528
-4.94482
-4.94538
-4.95605
-4.97368
-4.99384
-5.01364
-5.03046
-5.04403
-5.05418
-5.06165
-5.06549
-5.06622
-5.06444
-5.05833
-5.04938
-5.03939
-5.02882
-5.02126
-5.01601
-5.01367
-5.01076
-5.00822
-5.00344
-4.9961
-4.98904
-4.98506
-4.98574
-4.99068
-4.99797
-5.00508
-5.01182
-5.01772
-5.02322
-5.03081
-5.04111
-5.05599
-5.0751
-5.09712
-5.1181
-5.13877
-5.15398
-5.16161
-5.16199
-5.1563
-5.14442
-5.12883
-5.10954
-5.08848
-5.06561
-5.0408
-5.01593
-4.98987
-4.96548
-4.93778
-4.91143
-4.88956
-4.87493
-4.87246
-4.88161
-4.90286
-4.93582
-4.97461
-5.01641
-5.05866
-5.09532
-5.12599
-5.14723
-5.1618
-5.17095
-5.17287
-5.17158
-5.16614
-5.15595
-5.14251
-5.12489
-5.10318
-5.07745
-5.05249
-5.02873
-5.00839
-4.99375
-4.98305
-4.97839
-4.97801
-4.98014
-4.98447
-4.9895
-4.99738
-5.00611
-5.01654
-5.02464
-5.03097
-5.03117
-5.02515
-5.01376
-5.00144
-4.99643
-5.00134
-5.01862
-5.04911
-5.08761
-5.12724
-5.15888
-5.18183
-5.19457
-5.19767
-5.19256
-5.18007
-5.16378
-5.14366
-5.12334
-5.10352
-5.08491
-5.07016
-5.05826
-5.05261
-5.04868
-5.04618
-5.04308
-5.03811
-5.0303
-5.02015
-5.00879
-4.99956
-4.9965
-5.00037
-5.01187
-5.02662
-5.03994
-5.04753
-5.04903
-5.04384
-5.0321
-5.01617
-4.99782
-4.97836
-4.9584
-4.93908
-4.92243
-4.90579
-4.88787
-4.87357
-4.86118
-4.85173
-4.84472
-4.84354
-4.84789
-4.86251
-4.88755
-4.9175
-4.94594
-4.96599
-4.97606
-4.97248
-4.95411
-4.92344
-4.88667
-4.85024
-4.81944
-4.79817
-4.79044
-4.79671
-4.81711
-4.849
-4.88904
-4.9315
-4.97188
-5.00734
-5.0357
-5.05527
-5.06493
-5.06566
-5.06144
-5.0546
-5.04992
-5.04802
-5.04758
-5.04915
-5.04825
-5.04404
-5.03444
-5.01951
-5.00288
-4.98544
-4.97184
-4.96464
-4.96614
-4.97282
-4.98278
-4.99326
-4.99996
-5.00278
-5.00264
-5.00386
-5.00834
-5.01971
-5.03766
-5.05785
-5.07674
-5.09021
-5.09002
-5.07777
-5.05281
-5.01558
-4.97101
-4.92757
-4.89311
-4.875
-4.87537
-4.88775
-4.91099
-4.93719
-4.96052
-4.9777
-4.98883
-4.99393
-4.99678
-4.99993
-5.00472
-5.0108
-5.01746
-5.02355
-5.02481
-5.02051
-5.00905
-4.99185
-4.97053
-4.94825
-4.92732
-4.91064
-4.90059
-4.89874
-4.90461
-4.91321
-4.92225
-4.92682
-4.92241
-4.90864
-4.88796
-4.86388
-4.8419
-4.82898
-4.82892
-4.83884
-4.85357
-4.86971
-4.88591
-4.90062
-4.91448
-4.92565
-4.93565
-4.94083
-4.94379
-4.94412
-4.94516
-4.95015
-5.16339
-5.30763
-5.38722
-5.41689
-5.40613
-5.36367
-5.30082
-5.23216
-5.16774
-5.11637
-5.07758
-5.05055
-5.02914
-5.00542
-4.97357
-4.93516
-4.89795
-4.87542
-4.87522
-4.89584
-4.92751
-4.95905
-4.98606
-5.00537
-5.0191
-5.02878
-5.03587
-5.04068
-5.04139
-5.03657
-5.02566
-5.01292
-4.99959
-4.99104
-4.98588
-4.97982
-4.97294
-4.96031
-4.94115
-4.91554
-4.88755
-4.8591
-4.8356
-4.82149
-4.81968
-4.82934
-4.84855
-4.87293
-4.89835
-4.91971
-4.93273
-4.93661
-4.93252
-4.92252
-4.91133
-4.90583
-4.91055
-4.92535
-4.94547
-4.96676
-4.98611
-5.00074
-5.00972
-5.01512
-5.01611
-5.01205
-5.00292
-4.98995
-4.97501
-4.95891
-4.94198
-4.92649
-4.91648
-4.91497
-4.92754
-4.9526
-4.98438
-5.01384
-5.03851
-5.05716
-5.06829
-5.0742
-5.07846
-5.08222
-5.08338
-5.08494
-5.08752
-5.08604
-5.08353
-5.07567
-5.0601
-5.0403
-5.01404
-4.98702
-4.964
-4.95198
-4.94683
-4.95076
-4.95531
-4.95811
-4.95532
-4.94991
-4.94328
-4.94292
-4.95552
-4.98342
-5.02574
-5.07737
-5.12746
-5.16563
-5.18522
-5.18413
-5.16562
-5.13496
-5.09905
-5.06603
-5.04251
-5.03059
-5.03002
-5.0385
-5.04679
-5.04796
-5.04128
-5.02443
-5.00021
-4.97318
-4.94505
-4.9236
-4.91349
-4.91764
-4.93563
-4.96502
-4.99966
-5.03211
-5.05643
-5.06688
-5.0633
-5.04704
-5.02385
-5.0012
-4.98377
-4.97633
-4.97811
-4.98482
-4.99552
-5.00484
-5.01212
-5.01594
-5.01301
-5.00213
-4.98531
-4.96624
-4.95026
-4.94447
-4.95124
-4.96643
-4.98573
-5.00355
-5.01605
-5.02276
-5.02411
-5.02072
-5.01591
-5.01043
-5.00656
-5.00549
-5.00704
-5.01097
-5.01692
-5.02285
-5.02603
-5.02541
-5.02008
-5.00973
-4.99673
-4.98468
-4.97614
-4.97084
-4.96901
-4.97081
-4.97526
-4.98177
-4.98938
-4.99574
-5.00023
-5.00412
-5.00606
-5.00792
-5.00747
-5.00761
-5.00885
-5.00809
-5.00717
-5.00698
-5.00738
-5.00914
-5.01086
-5.01286
-5.01406
-5.01584
-5.01731
-5.01576
-5.00901
-4.99977
-4.98942
-4.98048
-4.97283
-4.96423
-4.95408
-4.9402
-4.92419
-4.9099
-4.90299
-4.90444
-4.91446
-4.93321
-4.95746
-4.98184
-5.00395
-5.02362
-5.03784
-5.04444
-5.04775
-5.04947
-5.05341
-5.05917
-5.06991
-5.0851
-5.10313
-5.12324
-5.14082
-5.1531
-5.15632
-5.14906
-5.13228
-5.10713
-5.07615
-5.04125
-5.00505
-4.96795
-4.9323
-4.90061
-4.87483
-4.85861
-4.85164
-4.85243
-4.85756
-4.86477
-4.87053
-4.87543
-4.88066
-4.88815
-4.89667
-4.90599
-4.91856
-4.93464
-4.95475
-4.97785
-4.99834
-5.01421
-5.02548
-5.03262
-5.03306
-5.03124
-5.02583
-5.02027
-5.01421
-5.00743
-4.99757
-4.98436
-4.96626
-4.94319
-4.91651
-4.8901
-4.866
-4.84948
-4.84259
-4.84771
-4.86206
-4.88444
-4.90834
-4.92848
-4.93911
-4.94193
-4.93931
-4.93997
-4.94888
-4.96923
-4.99906
-5.03364
-5.06907
-5.10217
-5.12985
-5.15182
-5.16704
-5.17739
-5.18609
-5.1931
-5.19813
-5.19852
-5.19044
-5.17086
-5.13938
-5.09947
-5.05295
-5.00686
-4.96941
-4.94282
-4.93169
-4.9408
-4.9653
-5.00214
-5.04352
-5.08396
-5.11888
-5.14417
-5.15837
-5.16121
-5.15338
-5.13715
-5.11416
-5.08652
-5.05842
-5.03117
-5.01058
-4.99513
-4.9891
-4.9914
-5.00136
-5.01709
-5.03274
-5.04386
-5.04548
-5.03325
-5.00585
-4.96603
-4.92055
-4.87844
-4.84321
-4.82201
-4.81688
-4.82866
-4.85437
-4.88794
-4.92449
-4.95553
-4.97774
-4.98589
-4.98176
-4.96828
-4.95019
-4.93677
-4.93394
-4.94536
-4.97058
-5.00542
-5.0417
-5.07507
-5.10398
-5.12854
-5.1464
-5.15756
-5.16037
-5.15965
-5.15693
-5.15081
-5.14119
-5.12703
-5.10825
-5.08615
-5.066
-5.05133
-5.04503
-5.04595
-5.04925
-5.05033
-5.04571
-5.03621
-5.02307
-5.01206
-5.00669
-5.00519
-5.0055
-5.00345
-4.99669
-4.98679
-4.97372
-4.95526
-4.93215
-4.90456
-4.87536
-4.85218
-4.84161
-4.84172
-4.85311
-4.87302
-4.8974
-4.92238
-4.94843
-4.97448
-5.00082
-5.02827
-5.0546
-5.07823
-5.10004
-5.11964
-5.13841
-5.15716
-5.17491
-5.18828
-5.19571
-5.19519
-5.1861
-5.16769
-5.13952
-5.10605
-5.06904
-5.03115
-4.99695
-4.96731
-4.9403
-4.91708
-4.89328
-4.86776
-4.84146
-4.81877
-4.80461
-4.80375
-4.8184
-4.84436
-4.87986
-4.91771
-4.95331
-4.98319
-5.00551
-5.0184
-5.02632
-5.02958
-5.03098
-5.0318
-5.03489
-5.03984
-5.0495
-5.06539
-5.08611
-5.1096
-5.13432
-5.15578
-5.17068
-5.17769
-5.17721
-5.16685
-5.14651
-5.11838
-5.08526
-5.05272
-5.02462
-5.00607
-4.99793
-5.00123
-5.01796
-5.04358
-5.07393
-5.10638
-5.13591
-5.15854
-5.17301
-5.1802
-5.17829
-5.17021
-5.15757
-5.14301
-5.13047
-5.11936
-5.11124
-5.1044
-5.09892
-5.09405
-5.08905
-5.08245
-5.0739
-5.06371
-5.05009
-5.03267
-5.01167
-4.98834
-4.96494
-4.94149
-4.92072
-4.90322
-4.88782
-4.87659
-4.87005
-4.86687
-4.86689
-4.86915
-4.87405
-4.87983
-4.88714
-4.8947
-4.90535
-4.91698
-4.93262
-4.95152
-4.97358
-4.99549
-5.01457
-5.03004
-5.0425
-5.05422
-5.06241
-5.06926
-5.07415
-5.07439
-5.07267
-5.06838
-5.06299
-5.0575
-5.05411
-5.05008
-5.04517
-5.03691
-5.02829
-5.01764
-5.0103
-5.00419
-4.99702
-4.98623
-4.96934
-4.94606
-4.91774
-4.88826
-4.86185
-4.84602
-4.84523
-4.85992
-4.88713
-4.9191
-4.95067
-4.9776
-4.99797
-5.0129
-5.0264
-5.04252
-5.06087
-5.079
-5.09229
-5.0999
-5.09815
-5.08816
-5.06866
-5.04418
-5.01687
-4.99289
-4.97669
-4.97035
-4.97429
-4.98701
-5.0041
-5.02285
-5.04036
-5.05776
-5.07335
-5.08571
-5.09681
-5.10516
-5.11058
-5.11102
-5.10546
-5.09714
-5.08668
-5.07333
-5.05927
-5.04261
-5.02348
-5.00287
-4.98041
-4.9613
-4.94781
-4.93862
-4.93289
-4.92725
-4.92051
-4.90974
-4.89729
-4.88103
-4.86376
-4.84952
-4.83972
-4.83551
-4.83634
-4.8444
-4.85762
-4.87615
-4.89928
-4.92512
-4.95287
-4.98233
-5.01362
-5.04441
-5.07434
-5.10336
-5.12651
-5.1453
-5.15704
-5.16122
-5.15571
-5.14153
-5.11915
-5.09016
-5.06053
-5.03393
-5.01329
-4.99948
-4.9873
-4.97311
-4.95306
-4.92915
-4.90482
-4.88035
-4.85987
-4.8426
-4.83183
-4.82803
-4.82893
-4.83691
-4.85197
-4.87344
-4.90049
-4.92586
-4.94443
-4.95293
-4.95035
-4.9379
-4.91983
-4.90047
-4.88294
-4.87207
-4.87038
-4.8779
-4.89259
-4.91061
-4.93255
-4.95872
-4.98497
-5.01408
-5.04119
-5.06301
-5.07699
-5.08088
-5.07773
-5.06588
-5.04843
-5.02934
-5.0083
-4.98857
-4.97274
-4.96056
-4.95633
-4.95921
-4.96664
-4.97346
-4.97944
-4.98347
-4.98594
-4.98943
-4.99373
-4.99914
-5.00671
-5.01587
-5.0269
-5.03696
-5.04473
-5.05164
-5.05395
-5.05195
-5.04558
-5.03891
-5.03032
-5.0226
-5.01582
-5.01084
-5.00835
-5.00786
-5.00738
-5.00442
-4.9963
-4.98175
-4.96206
-4.94345
-4.9297
-4.92437
-4.93205
-4.95075
-4.98091
-5.01709
-5.05408
-5.08708
-5.11107
-5.12447
-5.1239
-5.10921
-5.08462
-5.05501
-5.02495
-4.99746
-4.97691
-4.96413
-4.95869
-4.95853
-4.96396
-4.97302
-4.98215
-4.98994
-4.99182
-4.98612
-4.97191
-4.94931
-4.9216
-4.89173
-4.86319
-4.84262
-4.83236
-4.83286
-4.84751
-4.87149
-4.90334
-4.94341
-4.98846
-5.03213
-5.07032
-5.09927
-5.11423
-5.11558
-5.1049
-5.0885
-5.07103
-5.05759
-5.04979
-5.04721
-5.04373
-5.03607
-5.02379
-5.00789
-4.99106
-4.97396
-4.95833
-4.9447
-4.93141
-4.92111
-4.9162
-4.91669
-4.92559
-4.93828
-4.95123
-4.9614
-4.96743
-4.96852
-4.96563
-4.96066
-4.95708
-4.9559
-4.95759
-4.96263
-4.96916
-4.97824
-4.99015
-5.00391
-5.01658
-5.02629
-5.03051
-5.03107
-5.02741
-5.02184
-5.01319
-5.00418
-4.9969
-4.99079
-4.98881
-4.99184
-5.00092
-5.01507
-5.02739
-5.03675
-5.03876
-5.03342
-5.02532
-5.01334
-5.0016
-4.99284
-4.99029
-4.99507
-5.00656
-5.024
-5.04126
-5.058
-5.07327
-5.08414
-5.08856
-5.08409
-5.07475
-5.06287
-5.05138
-5.04456
-5.03931
-5.03378
-5.02661
-5.01985
-5.01141
-5.00071
-4.9907
-4.97896
-4.96773
-4.95826
-4.95199
-4.94965
-4.94895
-4.94849
-4.94591
-4.94056
-4.93274
-4.92146
-4.90723
-4.89216
-4.87266
-4.85069
-4.83131
-4.82068
-4.82369
-4.84121
-4.86968
-4.90343
-4.93477
-4.9618
-4.97972
-4.98807
-4.98785
-4.98034
-4.96683
-4.95439
-4.94484
-4.94081
-4.94526
-4.9564
-4.97616
-5.00223
-5.03123
-5.05768
-5.08171
-5.10122
-5.11713
-5.1328
-5.14376
-5.14693
-5.13957
-5.11674
-5.07916
-5.03228
-4.97905
-4.92657
-4.87803
-4.84024
-4.81737
-4.80786
-4.8126
-4.82819
-4.85174
-4.87875
-4.90649
-4.93239
-4.95261
-4.96867
-4.97935
-4.98806
-4.99697
-5.00965
-5.02382
-5.03784
-5.04709
-5.04973
-5.04338
-5.02541
-4.99635
-4.96246
-4.93025
-4.90757
-4.89674
-4.89552
-4.90191
-4.91015
-4.91769
-4.92618
-4.93781
-4.95153
-4.96772
-4.98472
-5.00032
-5.01398
-5.02571
-5.036
-5.04455
-5.04992
-5.05145
-5.04682
-5.03999
-5.02909
-5.0158
-5.00112
-4.98539
-4.97335
-4.96225
-4.95508
-4.95171
-4.95054
-4.95296
-4.95882
-4.96737
-4.97826
-4.99178
-5.00655
-5.02198
-5.03758
-5.0505
-5.06195
-5.07144
-5.07457
-5.0718
-5.06354
-5.04618
-5.02086
-4.98939
-4.95646
-4.93007
-4.92151
-4.93063
-4.95547
-4.98632
-5.01908
-5.04837
-5.07636
-5.0997
-5.11608
-5.12039
-5.11368
-5.09256
-5.06325
-5.03233
-5.00492
-4.98023
-4.95808
-4.93838
-4.92279
-4.91343
-4.9128
-4.92122
-4.93479
-4.94943
-4.96275
-4.97384
-4.98068
-4.98494
-4.989
-4.99185
-4.99697
-5.00431
-5.01469
-5.02911
-5.04923
-5.07344
-5.10147
-5.1331
-5.16309
-5.18906
-5.20931
-5.21846
-5.21485
-5.20194
-5.18204
-5.15508
-5.12594
-5.0973
-5.07003
-5.04513
-5.02498
-5.00722
-4.98944
-4.97023
-4.94799
-4.92098
-4.8918
-4.8643
-4.84205
-4.83004
-4.83268
-4.84989
-4.88047
-4.91994
-4.96104
-4.99861
-5.0298
-5.24687
-5.41695
-5.52991
-5.596
-5.62568
-5.62149
-5.5892
-5.53479
-5.46393
-5.38545
-5.30948
-5.24421
-5.19195
-5.1525
-5.12105
-5.09696
-5.08343
-5.08042
-5.08029
-5.07814
-5.06987
-5.05571
-5.03979
-5.02743
-5.01857
-5.00949
-4.9942
-4.97421
-4.94947
-4.92517
-4.90674
-4.90298
-4.9178
-4.94915
-4.98982
-5.03071
-5.0645
-5.08656
-5.09257
-5.08868
-5.08024
-5.07564
-5.07998
-5.09215
-5.10922
-5.1305
-5.15144
-5.17205
-5.1916
-5.20854
-5.22121
-5.22922
-5.22843
-5.2186
-5.2006
-5.17747
-5.15113
-5.12491
-5.10459
-5.09221
-5.09039
-5.09628
-5.1093
-5.12373
-5.13541
-5.14181
-5.14096
-5.13369
-5.11615
-5.09243
-5.06575
-5.0401
-5.01907
-4.99921
-4.98073
-4.96118
-4.94226
-4.92782
-4.92114
-4.92303
-4.93238
-4.94546
-4.95925
-4.97261
-4.98515
-4.99732
-5.00745
-5.01719
-5.02723
-5.03842
-5.05118
-5.06438
-5.07867
-5.09101
-5.10281
-5.11405
-5.12152
-5.12797
-5.1329
-5.13506
-5.13465
-5.12896
-5.12113
-5.11173
-5.10048
-5.0914
-5.08619
-5.08438
-5.08984
-5.10126
-5.11732
-5.13222
-5.14318
-5.14578
-5.13767
-5.12196
-5.10017
-5.07704
-5.05772
-5.04289
-5.03274
-5.02548
-5.01841
-5.0093
-4.99974
-4.99008
-4.9815
-4.97796
-4.97996
-4.98592
-4.99514
-5.00505
-5.01223
-5.01412
-5.01064
-5.0029
-4.99444
-4.98532
-4.97734
-4.97102
-4.96513
-4.96073
-4.96102
-4.96649
-4.97859
-4.99474
-5.01291
-5.02971
-5.04173
-5.04781
-5.04742
-5.03996
-5.02657
-5.0085
-4.98958
-4.96926
-4.94756
-4.92567
-4.90676
-4.89544
-4.89686
-4.91388
-4.94316
-4.97397
-4.99733
-5.0068
-4.99988
-4.97494
-4.93648
-4.89181
-4.85218
-4.82968
-4.83199
-4.85643
-4.89279
-4.93199
-4.97122
-5.00798
-5.04433
-5.07899
-5.1089
-5.13245
-5.14581
-5.14942
-5.14459
-5.13257
-5.11689
-5.09981
-5.08228
-5.06497
-5.05406
-5.0501
-5.05054
-5.05368
-5.05928
-5.06249
-5.0602
-5.05728
-5.05254
-5.05031
-5.05217
-5.05908
-5.06843
-5.07889
-5.08656
-5.09135
-5.09239
-5.09044
-5.08703
-5.08127
-5.07364
-5.06847
-5.06479
-5.06511
-5.06697
-5.0675
-5.06667
-5.06585
-5.06574
-5.06475
-5.06474
-5.06519
-5.06507
-5.06316
-5.05759
-5.04687
-5.03111
-5.00916
-4.97996
-4.94736
-4.91325
-4.88478
-4.86805
-4.86439
-4.87272
-4.89289
-4.91989
-4.94979
-4.97744
-4.99943
-5.01341
-5.02018
-5.02019
-5.02259
-5.02662
-5.03517
-5.04756
-5.05829
-5.06727
-5.07041
-5.06687
-5.05628
-5.04523
-5.03906
-5.04343
-5.05958
-5.08783
-5.12275
-5.15975
-5.19192
-5.2156
-5.23028
-5.23409
-5.2294
-5.2172
-5.19958
-5.17872
-5.1554
-5.1283
-5.1014
-5.07373
-5.05102
-5.03202
-5.0197
-5.011
-5.00444
-4.99927
-4.9951
-4.9949
-5.00283
-5.01675
-5.03645
-5.05489
-5.06467
-5.06137
-5.0431
-5.0102
-4.96925
-4.92724
-4.88995
-4.86571
-4.85659
-4.86379
-4.88541
-4.91676
-4.95207
-4.98493
-5.00928
-5.02075
-5.01774
-5.00109
-4.97333
-4.94005
-4.90982
-4.8859
-4.87398
-4.87658
-4.89062
-4.91681
-4.94856
-4.98422
-5.01858
-5.04667
-5.06944
-5.08354
-5.0896
-5.08864
-5.08084
-5.07005
-5.06025
-5.05049
-5.0414
-5.03213
-5.01993
-5.00362
-4.98447
-4.96134
-4.93727
-4.9162
-4.90009
-4.8917
-4.89345
-4.90598
-4.92819
-4.9573
-4.98501
-5.00664
-5.01718
-5.01612
-5.00773
-4.99406
-4.98199
-4.97441
-4.97342
-4.97892
-4.9911
-5.00474
-5.0178
-5.03018
-5.03916
-5.04593
-5.05244
-5.05816
-5.06528
-5.07046
-5.0779
-5.08568
-5.09199
-5.09641
-5.09642
-5.08963
-5.07659
-5.05582
-5.03144
-5.00756
-4.98642
-4.97259
-4.96615
-4.9653
-4.9706
-4.97786
-4.986
-4.99492
-5.00246
-5.00995
-5.01643
-5.02145
-5.0236
-5.01902
-5.01156
-5.00352
-4.99686
-4.99458
-4.99736
-5.00476
-5.01733
-5.03518
-5.05646
-5.07745
-5.09546
-5.10834
-5.11494
-5.11652
-5.11637
-5.11328
-5.10978
-5.10654
-5.10187
-5.0959
-5.08998
-5.08528
-5.08119
-5.07844
-5.07648
-5.07574
-5.07754
-5.07934
-5.0824
-5.08517
-5.08752
-5.08987
-5.08967
-5.08537
-5.07929
-5.07077
-5.06054
-5.05141
-5.04537
-5.04176
-5.03778
-5.03004
-5.01741
-4.99916
-4.97614
-4.94874
-4.92053
-4.8989
-4.88472
-4.87906
-4.87876
-4.88278
-4.8897
-4.90116
-4.91802
-4.94056
-4.96566
-4.99272
-5.01566
-5.03294
-5.04144
-5.04402
-5.03899
-5.02853
-5.01296
-4.99535
-4.98024
-4.96979
-4.96991
-4.98209
-5.00028
-5.01677
-5.02747
-5.03135
-5.02933
-5.02422
-5.01855
-5.0147
-5.0141
-5.01794
-5.02665
-5.04004
-5.06027
-5.085
-5.11146
-5.14007
-5.16842
-5.19368
-5.21276
-5.22357
-5.22553
-5.21637
-5.20237
-5.18133
-5.1558
-5.12757
-5.0999
-5.07377
-5.05358
-5.03945
-5.03218
-5.03006
-5.03161
-5.03336
-5.03326
-5.02994
-5.02445
-5.01807
-5.01392
-5.01557
-5.02429
-5.03396
-5.04431
-5.05269
-5.05873
-5.0611
-5.06193
-5.06339
-5.06708
-5.07467
-5.08312
-5.09281
-5.09926
-5.10209
-5.10004
-5.09308
-5.08164
-5.06736
-5.05753
-5.05815
-5.07356
-5.10207
-5.13619
-5.16711
-5.18955
-5.20201
-5.20616
-5.20378
-5.20064
-5.19624
-5.1915
-5.18475
-5.17425
-5.16279
-5.14876
-5.13548
-5.12625
-5.12105
-5.12214
-5.12411
-5.12169
-5.11365
-5.09354
-5.06334
-5.02431
-4.98177
-4.94729
-4.92972
-4.93216
-4.94523
-4.95925
-4.97127
-4.97939
-4.98471
-4.98956
-4.99438
-5.00037
-5.00584
-5.0077
-5.00258
-4.98776
-4.97294
-4.96425
-4.9707
-4.99148
-5.0172
-5.0393
-5.05422
-5.06173
-5.06557
-5.06803
-5.07076
-5.07771
-5.09034
-5.10458
-5.12256
-5.13881
-5.14866
-5.1521
-5.14714
-5.13414
-5.11398
-5.09077
-5.06696
-5.0456
-5.02755
-5.01036
-4.99262
-4.97331
-4.95776
-4.94833
-4.94998
-4.96111
-4.97872
-4.99962
-5.02117
-5.041
-5.05995
-5.07365
-5.08488
-5.08921
-5.0876
-5.07913
-5.06721
-5.05254
-5.03834
-5.02532
-5.01581
-5.00847
-5.00309
-4.99551
-4.98907
-4.98374
-4.98126
-4.98388
-4.99284
-5.00933
-5.03122
-5.05674
-5.08332
-5.10791
-5.12889
-5.14602
-5.15618
-5.1614
-5.162
-5.15985
-5.15489
-5.14891
-5.14218
-5.13513
-5.12651
-5.11734
-5.10798
-5.09702
-5.08553
-5.07589
-5.06755
-5.06122
-5.05953
-5.0602
-5.0644
-5.07143
-5.07815
-5.08597
-5.08809
-5.08562
-5.07589
-5.06038
-5.04037
-5.02316
-5.01136
-5.00509
-5.00911
-5.02153
-5.03947
-5.06069
-5.08114
-5.09394
-5.09941
-5.09732
-5.08936
-5.07687
-5.0632
-5.05249
-5.04494
-5.04273
-5.04427
-5.04773
-5.05081
-5.05374
-5.05499
-5.05673
-5.05829
-5.06237
-5.06937
-5.07437
-5.07842
-5.08197
-5.08575
-5.0904
-5.09498
-5.09886
-5.10078
-5.10149
-5.1024
-5.10301
-5.10497
-5.10411
-5.10013
-5.09208
-5.07975
-5.06301
-5.04388
-5.02477
-5.00757
-4.99371
-4.98434
-4.98203
-4.98928
-5.00268
-5.01999
-5.03864
-5.05713
-5.07391
-5.09085
-5.10859
-5.12493
-5.13862
-5.14517
-5.14238
-5.13207
-5.11311
-5.09014
-5.06543
-5.04588
-5.03464
-5.03092
-5.03438
-5.0439
-5.0574
-5.07193
-5.08467
-5.09465
-5.0997
-5.1004
-5.10159
-5.10391
-5.10624
-5.10636
-5.10374
-5.09812
-5.08981
-5.08134
-5.07139
-5.06387
-5.06016
-5.05999
-5.06128
-5.06428
-5.06619
-5.06234
-5.05199
-5.03554
-5.01496
-4.99585
-4.98405
-4.98077
-4.98599
-4.99533
-5.00324
-5.00694
-5.00393
-4.99478
-4.97987
-4.96603
-4.95593
-4.95352
-4.95883
-4.96912
-4.9818
-4.99115
-4.9955
-4.99388
-4.98555
-4.97803
-4.97706
-4.98675
-5.00849
-5.03311
-5.05615
-5.07338
-5.08599
-5.09337
-5.0961
-5.09334
-5.0877
-5.0771
-5.05926
-5.03698
-5.01095
-4.98402
-4.95668
-4.93426
-4.91644
-4.90542
-4.90398
-4.91333
-4.93446
-4.96427
-4.99821
-5.03159
-5.05931
-5.07711
-5.08436
-5.08055
-5.06992
-5.05725
-5.04389
-5.03022
-5.01571
-5.00089
-4.98573
-4.97304
-4.962
-4.95521
-4.95165
-4.95094
-4.95484
-4.96333
-4.97504
-4.98874
-5.00483
-5.02259
-5.04098
-5.05661
-5.0706
-5.08416
-5.09365
-5.10067
-5.10489
-5.10705
-5.10653
-5.10353
-5.0985
-5.09242
-5.0846
-5.07804
-5.07359
-5.07001
-5.06736
-5.06527
-5.06362
-5.06155
-5.06245
-5.06631
-5.07442
-5.08603
-5.09776
-5.112
-5.12522
-5.13894
-5.15472
-5.17253
-5.19276
-5.21406
-5.23302
-5.24888
-5.25658
-5.25827
-5.25245
-5.23998
-5.21978
-5.19387
-5.16025
-5.12152
-5.07933
-5.03623
-4.9987
-4.97074
-4.9571
-4.96085
-4.97944
-5.00835
-5.04127
-5.07107
-5.09538
-5.11131
-5.11978
-5.11976
-5.11249
-5.09965
-5.08052
-5.05904
-5.03649
-5.01618
-5.0017
-4.99513
-4.99422
-4.99879
-5.00622
-5.01316
-5.01832
-5.01884
-5.01536
-5.00727
-4.99355
-4.9802
-4.96781
-4.95832
-4.95323
-4.9558
-4.96576
-4.98413
-5.00519
-5.0271
-5.04423
-5.05266
-5.05348
-5.04351
-5.02899
-5.00992
-4.99055
-4.97356
-4.96018
-4.95079
-4.94687
-4.94922
-4.95513
-4.9622
-4.97068
-4.98325
-4.99925
-5.02248
-5.04825
-5.07439
-5.09708
-5.11275
-5.1195
-5.12048
-5.11159
-5.09658
-5.07479
-5.05004
-5.02869
-5.01682
-5.0184
-5.03055
-5.05175
-5.07197
-5.08677
-5.09544
-5.09848
-5.09901
-5.10092
-5.10704
-5.11384
-5.12251
-5.13173
-5.14013
-5.14696
-5.15186
-5.15483
-5.15556
-5.15246
-5.14615
-5.1367
-5.1229
-5.10697
-5.0911
-5.07415
-5.0589
-5.0443
-5.02574
-5.00546
-4.98066
-4.9554
-4.92993
-4.90658
-4.88731
-4.87515
-4.87088
-4.8751
-4.88888
-4.91123
-4.93802
-4.96339
-4.9849
-5.00056
-5.01219
-5.01961
-5.0247
-5.03002
-5.03361
-5.03822
-5.04097
-5.04184
-5.04063
-5.03398
-5.02194
-5.00596
-4.98655
-4.96541
-4.94876
-4.93512
-4.9252
-4.91689
-4.90908
-4.90256
-4.89901
-4.89915
-4.90194
-4.90762
-4.91281
-4.91601
-4.9163
-4.9146
-4.91023
-4.90474
-4.89968
-4.89782
-4.90353
-4.9189
-4.94509
-4.98181
-5.02241
-5.06362
-5.09756
-5.12129
-5.13333
-5.13466
