-4.71475
-4.71475
-4.71475
-4.71475
-4.71384
-4.71173
-4.70931
-4.70493
-4.70236
-4.69994
-4.69843
-4.69587
-4.69602
-4.69541
-4.69541
-4.69435
-4.6948
-4.6954
-4.6957
-4.69631
-4.69616
-4.69706
-4.69843
-4.69737
-4.69828
-4.69888
-4.69858
-4.69919
-4.69888
-4.69934
-4.69964
-4.70039
-4.70145
-4.70206
-4.7019
-4.70206
-4.70175
-4.70039
-4.69994
-4.7007
-4.70009
-4.70085
-4.69994
-4.69994
-4.70009
-4.70009
-4.70024
-4.69994
-4.69888
-4.69888
-4.69979
-4.69979
-4.69979
-4.70024
-4.7007
-4.7013
-4.70175
-4.70191
-4.70206
-4.70221
-4.70145
-4.7013
-4.70191
-4.70221
-4.70191
-4.70191
-4.70145
-4.701
-4.70055
-4.69994
-4.69964
-4.69919
-4.69964
-4.70009
-4.70024
-4.7007
-4.7013
-4.7007
-4.70145
-4.70085
-4.70115
-4.701
-4.70115
-4.7004
-4.70055
-4.69949
-4.69888
-4.69919
-4.69904
-4.69889
-4.69798
-4.69798
-4.69753
-4.69677
-4.69707
-4.69919
-4.69934
-4.69934
-4.69949
-4.69919
-4.69919
-4.69934
-4.69994
-4.69964
-4.69995
-4.7001
-4.701
-4.70025
-4.69995
-4.69904
-4.69889
-4.69904
-4.69844
-4.69813
-4.69693
-4.69708
-4.69677
-4.69707
-4.69602
-4.69662
-4.69722
-4.69723
-4.69783
-4.69798
-4.69859
-4.69844
-4.69859
-4.69798
-4.69768
-4.69828
-4.69904
-4.69934
-4.69979
-4.7001
-4.70025
-4.701
-4.70131
-4.70176
-4.70146
-4.70085
-4.70085
-4.70085
-4.70055
-4.70116
-4.70131
-4.70146
-4.70101
-4.70161
-4.70161
-4.70221
-4.70357
-4.70357
-4.70297
-4.70418
-4.70387
-4.70433
-4.70417
-4.70402
-4.70418
-4.70312
-4.70191
-4.70206
-4.70237
-4.70206
-4.70237
-4.70267
-4.70297
-4.70312
-4.70372
-4.70402
-4.70312
-4.70251
-4.70191
-4.70161
-4.70115
-4.701
-4.70206
-4.70236
-4.70131
-4.70131
-4.70116
-4.701
-4.701
-4.70085
-4.70116
-4.70146
-4.70161
-4.70161
-4.70146
-4.70116
-4.69995
-4.70085
-4.7007
-4.70025
-4.69995
-4.69949
-4.6998
-4.7001
-4.7004
-4.70085
-4.70085
-4.70131
-4.70191
-4.70267
-4.70161
-4.70116
-4.70131
-4.70221
-4.70221
-4.70206
-4.70206
-4.70146
-4.70146
-4.70161
-4.7004
-4.7004
-4.69964
-4.69949
-4.69889
-4.69859
-4.69874
-4.69859
-4.69798
-4.69859
-4.69934
-4.6998
-4.69919
-4.69919
-4.6998
-4.69995
-4.7004
-4.701
-4.70161
-4.70116
-4.70116
-4.7001
-4.70025
-4.70146
-4.70116
-4.701
-4.70116
-4.70236
-4.70327
-4.70282
-4.70312
-4.70282
-4.70297
-4.70343
-4.70343
-4.70448
-4.70478
-4.70463
-4.70524
-4.70463
-4.70433
-4.70418
-4.70387
-4.70433
-4.70478
-4.70433
-4.70433
-4.70403
-4.70418
-4.70433
-4.70433
-4.70403
-4.70372
-4.70327
-4.70418
-4.70403
-4.70418
-4.70372
-4.70463
-4.70372
-4.70251
-4.70297
-4.70327
-4.70267
-4.70251
-4.70191
-4.70221
-4.70176
-4.70161
-4.7007
-4.70146
-4.70252
-4.70297
-4.70206
-4.70131
-4.70161
-4.70116
-4.70131
-4.70161
-4.70115
-4.70115
-4.70085
-4.70191
-4.70221
-4.70191
-4.70267
-4.70327
-4.70327
-4.70297
-4.70266
-4.70297
-4.70297
-4.70282
-4.70327
-4.70418
-4.70433
-4.70388
-4.70372
-4.70418
-4.70463
-4.70418
-4.70327
-4.70418
-4.70448
-4.70479
-4.70418
-4.70373
-4.70433
-4.70433
-4.70372
-4.70448
-4.70463
-4.70478
-4.70433
-4.70463
-4.70463
-4.70524
-4.70539
-4.70539
-4.70524
-4.70493
-4.70448
-4.70388
-4.70403
-4.70493
-4.70388
-4.70478
-4.70387
-4.70448
-4.70403
-4.70388
-4.70403
-4.70448
-4.70342
-4.70327
-4.70357
-4.70282
-4.70221
-4.70206
-4.70206
-4.70146
-4.70191
-4.70221
-4.70312
-4.70342
-4.70327
-4.70267
-4.70267
-4.70236
-4.70206
-4.70176
-4.70116
-4.70176
-4.70191
-4.70206
-4.70222
-4.70176
-4.70101
-4.70025
-4.70025
-4.6998
-4.69995
-4.7004
-4.69995
-4.70025
-4.7001
-4.70071
-4.70071
-4.6995
-4.69874
-4.69874
-4.69904
-4.69949
-4.6998
-4.70055
-4.70025
-4.69965
-4.69965
-4.69935
-4.6995
-4.69935
-4.6992
-4.69935
-4.6998
-4.7001
-4.69995
-4.6995
-4.7001
-4.69919
-4.7001
-4.70025
-4.70055
-4.7004
-4.69995
-4.7004
-4.70025
-4.70116
-4.70086
-4.70025
-4.70055
-4.70101
-4.70086
-4.70101
-4.70116
-4.70191
-4.70191
-4.70222
-4.70252
-4.70237
-4.70252
-4.70282
-4.70237
-4.70252
-4.70297
-4.70237
-4.70206
-4.70161
-4.70116
-4.70101
-4.70055
-4.7007
-4.70055
-4.70116
-4.70131
-4.70131
-4.7007
-4.7004
-4.70055
-4.70055
-4.7007
-4.70161
-4.70206
-4.70191
-4.70176
-4.70146
-4.70146
-4.70146
-4.70206
-4.70252
-4.70327
-4.70493
-4.70448
-4.70403
-4.70388
-4.70312
-4.70297
-4.70281
-4.7013
-4.70085
-4.70085
-4.70055
-4.69995
-4.7004
-4.7004
-4.7007
-4.70131
-4.70131
-4.70146
-4.70131
-4.70146
-4.7007
-4.70055
-4.70055
-4.70025
-4.70116
-4.70101
-4.70101
-4.70085
-4.70176
-4.70176
-4.70161
-4.70131
-4.70176
-4.70176
-4.70146
-4.70146
-4.70116
-4.7007
-4.70131
-4.70116
-4.70176
-4.70131
-4.70131
-4.70055
-4.7004
-4.7007
-4.70086
-4.70101
-4.7004
-4.6998
-4.6998
-4.69965
-4.6998
-4.69919
-4.69934
-4.69904
-4.69964
-4.69889
-4.69859
-4.69859
-4.6998
-4.70055
-4.70055
-4.70025
-4.70085
-4.70131
-4.70025
-4.69995
-4.69995
-4.6998
-4.7001
-4.70085
-4.7004
-4.70025
-4.70055
-4.69979
-4.69949
-4.69904
-4.69873
-4.69798
-4.69858
-4.69889
-4.69934
-4.69904
-4.69934
-4.69874
-4.69813
-4.69753
-4.69844
-4.69859
-4.69798
-4.69783
-4.69753
-4.69874
-4.69844
-4.69889
-4.69859
-4.69889
-4.69934
-4.69994
-4.70025
-4.69994
-4.701
-4.7013
-4.70085
-4.7007
-4.70055
-4.7013
-4.70176
-4.70236
-4.70206
-4.70206
-4.70161
-4.70206
-4.70191
-4.70221
-4.70206
-4.70206
-4.70176
-4.70145
-4.701
-4.70115
-4.7013
-4.70085
-4.7004
-4.7001
-4.70025
-4.70085
-4.7007
-4.6998
-4.69904
-4.69889
-4.69798
-4.69783
-4.69768
-4.69813
-4.69828
-4.69813
-4.69813
-4.69828
-4.69843
-4.69798
-4.69813
-4.69753
-4.69707
-4.69738
-4.69798
-4.69723
-4.69647
-4.69813
-4.69843
-4.69813
-4.69874
-4.69889
-4.69859
-4.69889
-4.69889
-4.69949
-4.69919
-4.69995
-4.69934
-4.69949
-4.69949
-4.69919
-4.69979
-4.7007
-4.7007
-4.70025
-4.70055
-4.70115
-4.70206
-4.70146
-4.70176
-4.70236
-4.70282
-4.70267
-4.70282
-4.70312
-4.70312
-4.70327
-4.70357
-4.70433
-4.70418
-4.70327
-4.70267
-4.70206
-4.70206
-4.70282
-4.70372
-4.70282
-4.70236
-4.70221
-4.70312
-4.70433
-4.70433
-4.70478
-4.70433
-4.70478
-4.70448
-4.70417
-4.70433
-4.70508
-4.70448
-4.70478
-4.70357
-4.70357
-4.70327
-4.70312
-4.70402
-4.70417
-4.70433
-4.70297
-4.70282
-4.70327
-4.70266
-4.70297
-4.70312
-4.70327
-4.70266
-4.70312
-4.70281
-4.70297
-4.70312
-4.70236
-4.70206
-4.70267
-4.70327
-4.70267
-4.70251
-4.70312
-4.70357
-4.70297
-4.70342
-4.70236
-4.70252
-4.70282
-4.70222
-4.70207
-4.70252
-4.70267
-4.70297
-4.70266
-4.70191
-4.70327
-4.70312
-4.70221
-4.70327
-4.70297
-4.70402
-4.70463
-4.70448
-4.70478
-4.70403
-4.70478
-4.70403
-4.70448
-4.70418
-4.70342
-4.70297
-4.70312
-4.70357
-4.70448
-4.70417
-4.70342
-4.70342
-4.70342
-4.70417
-4.70357
-4.70342
-4.70266
-4.70327
-4.70281
-4.70251
-4.70206
-4.70145
-4.70206
-4.7016
-4.7016
-4.70206
-4.70281
-4.70326
-4.70342
-4.70372
-4.70463
-4.70463
-4.70523
-4.70432
-4.70447
-4.70553
-4.70644
-4.70644
-4.70599
-4.70508
-4.70538
-4.70523
-4.70614
-4.70568
-4.70553
-4.70538
-4.70478
-4.70432
-4.70463
-4.70463
-4.70357
-4.70311
-4.70221
-4.70221
-4.7016
-4.70236
-4.70251
-4.70281
-4.70311
-4.70251
-4.70266
-4.70342
-4.70266
-4.70281
-4.70312
-4.70342
-4.70342
-4.70417
-4.70417
-4.70478
-4.70493
-4.70463
-4.70448
-4.70432
-4.70463
-4.70463
-4.70447
-4.70463
-4.70402
-4.70282
-4.70312
-4.70236
-4.70236
-4.70266
-4.70176
-4.70161
-4.70191
-4.70145
-4.70191
-4.70191
-4.70176
-4.7004
-4.70055
-4.701
-4.70131
-4.70176
-4.70176
-4.70236
-4.70115
-4.7007
-4.701
-4.70115
-4.70115
-4.7007
-4.69994
-4.7007
-4.70131
-4.701
-4.70085
-4.701
-4.7007
-4.69964
-4.70025
-4.70055
-4.70024
-4.70055
-4.7013
-4.70145
-4.70236
-4.70176
-4.70251
-4.70327
-4.70266
-4.70266
-4.70327
-4.70206
-4.70206
-4.70161
-4.7013
-4.701
-4.7007
-4.70176
-4.70115
-4.70191
-4.70281
-4.70281
-4.70251
-4.70296
-4.70387
-4.70327
-4.70327
-4.70281
-4.70281
-4.70372
-4.70402
-4.70357
-4.70372
-4.70402
-4.70402
-4.70357
-4.70281
-4.70311
-4.70311
-4.70311
-4.70311
-4.70281
-4.70251
-4.70266
-4.70296
-4.70266
-4.7016
-4.70221
-4.70281
-4.70402
-4.70372
-4.70417
-4.70463
-4.70508
-4.70493
-4.70538
-4.70553
-4.70614
-4.70508
-4.70583
-4.70629
-4.70629
-4.70614
-4.70598
-4.70613
-4.70674
-4.70659
-4.70614
-4.70614
-4.70614
-4.70583
-4.70583
-4.70462
-4.70462
-4.70417
-4.70402
-4.70417
-4.70372
-4.70432
-4.70432
-4.70432
-4.70402
-4.70357
-4.70402
-4.70432
-4.70402
-4.70417
-4.70341
-4.70432
-4.70507
-4.70553
-4.70523
-4.70538
-4.70523
-4.70538
-4.70523
-4.70538
-4.70492
-4.70417
-4.70372
-4.70462
-4.70447
-4.70387
-4.70417
-4.70477
-4.70447
-4.70401
-4.70462
-4.70432
-4.70372
-4.70387
-4.70387
-4.70387
-4.70417
-4.70447
-4.70477
-4.70447
-4.70432
-4.70553
-4.70553
-4.70568
-4.70613
-4.70613
-4.70644
-4.70583
-4.70568
-4.70538
-4.70432
-4.70387
-4.70357
-4.70357
-4.70417
-4.70402
-4.70357
-4.70387
-4.70372
-4.70311
-4.70356
-4.70296
-4.70266
-4.70236
-4.7013
-4.70085
-4.70085
-4.70024
-4.69979
-4.70024
-4.7007
-4.69979
-4.69979
-4.69934
-4.69949
-4.69903
-4.69979
-4.70009
-4.69933
-4.69979
-4.69949
-4.69964
-4.69994
-4.69994
-4.70055
-4.70085
-4.70145
-4.70069
-4.70084
-4.70039
-4.70009
-4.70024
-4.69994
-4.69979
-4.70054
-4.70069
-4.69994
-4.69933
-4.69949
-4.69858
-4.69888
-4.69798
-3.90869
-3.90868
-3.90807
-3.90822
-3.90882
-3.90912
-3.90988
-3.91018
-3.91018
-3.91048
-3.91108
-3.91108
-3.91137
-3.91288
-3.91212
-3.91228
-3.91213
-3.91183
-3.91198
-3.91259
-3.91244
-3.91199
-3.91259
-3.91274
-3.91304
-3.91199
-3.91244
-3.91259
-3.91244
-3.91153
-3.91168
-3.91154
-3.91078
-3.91048
-3.90987
-3.91017
-3.91017
-3.91002
-3.90987
-3.91062
-3.91078
-3.91078
-3.91108
-3.91093
-3.91047
-3.91138
-3.91032
-3.91017
-3.90957
-3.90927
-3.91002
-3.90866
-3.90821
-3.90821
-3.90806
-3.9076
-3.907
-3.9073
-3.90654
-3.907
-3.9067
-3.9076
-3.907
-3.9079
-3.90805
-3.9079
-3.90715
-3.90715
-3.9079
-3.90881
-3.90881
-3.90927
-3.90927
-3.90866
-3.90987
-3.91032
-3.91032
-3.90987
-3.91002
-3.90912
-3.91048
-3.91138
-3.91183
-3.91153
-3.91259
-3.91213
-3.91107
-3.91107
-3.91138
-3.91153
-3.91214
-3.91108
-3.91138
-3.91153
-3.91229
-3.91274
-3.91198
-3.91244
-3.91214
-3.91153
-3.91138
-3.91153
-3.91092
-3.91168
-3.91138
-3.91138
-3.91062
-3.91062
-3.91108
-3.91077
-3.90956
-3.91032
-3.91092
-3.91138
-3.91062
-3.91107
-3.91243
-3.91228
-3.91243
-3.91273
-3.91198
-3.91152
-3.91183
-3.91122
-3.90987
-3.91017
-3.91062
-3.90987
-3.91002
-3.91017
-3.91017
-3.91123
-3.91122
-3.91062
-3.91017
-3.91137
-3.91168
-3.91153
-3.91228
-3.91153
-3.91243
-3.91243
-3.91198
-3.91259
-3.91259
-3.91228
-3.91213
-3.91122
-3.91152
-3.91122
-3.91016
-3.91001
-3.91062
-3.91077
-3.90986
-3.91077
-3.91107
-3.91152
-3.91198
-3.91122
-3.91152
-3.91152
-3.91122
-3.91152
-3.91183
-3.91137
-3.91168
-3.91092
-3.91168
-3.91092
-3.91077
-3.91092
-3.91092
-3.91062
-3.91061
-3.91016
-3.91031
-3.91031
-3.91031
-3.91107
-3.91077
-3.91017
-3.91017
-3.91032
-3.91123
-3.91138
-3.91092
-3.91107
-3.91153
-3.91213
-3.91228
-3.91167
-3.91182
-3.91167
-3.91198
-3.91168
-3.91122
-3.91092
-3.91047
-3.91123
-3.91138
-3.91092
-3.91107
-3.91168
-3.91183
-3.91182
-3.91197
-3.91212
-3.91197
-3.91197
-3.91243
-3.91258
-3.91122
-3.91107
-3.91198
-3.91077
-3.91062
-3.91016
-3.90971
-3.91017
-3.90986
-3.91017
-3.90865
-3.90941
-3.9094
-3.90925
-3.90955
-3.90971
-3.91122
-3.91122
-3.91152
-3.91228
-3.91303
-3.91273
-3.91258
-3.91303
-3.91303
-3.91333
-3.91288
-3.91273
-3.91257
-3.91227
-3.91106
-3.91152
-3.91107
-3.91061
-3.91077
-3.90971
-3.90971
-3.91001
-3.9088
-3.90835
-3.9088
-3.90835
-3.90774
-3.9085
-3.90804
-3.90865
-3.9082
-3.90774
-3.90835
-3.90699
-3.90684
-3.90729
-3.90744
-3.90729
-3.90835
-3.90774
-3.90714
-3.90684
-3.90668
-3.90789
-3.90865
-3.90774
-3.90699
-3.90744
-3.90699
-3.90699
-3.90729
-3.90714
-3.90668
-3.90638
-3.90729
-3.90759
-3.90698
-3.90668
-3.90593
-3.90578
-3.90563
-3.90668
-3.90653
-3.90668
-3.90593
-3.90533
-3.90563
-3.90548
-3.90533
-3.90533
-3.90533
-3.90518
-3.90517
-3.90472
-3.90442
-3.90472
-3.90532
-3.90593
-3.90639
-3.90669
-3.9079
-3.9085
-3.90941
-3.90911
-3.90759
-3.90789
-3.90835
-3.90714
-3.90714
-3.9082
-3.90699
-3.90563
-3.90624
-3.90609
-3.90669
-3.90745
-3.90729
-3.90775
-3.90744
-3.9076
-3.90865
-3.90835
-3.90926
-3.90941
-3.90971
-3.90971
-3.91001
-3.90986
-3.90926
-3.90911
-3.91017
-3.90896
-3.90971
-3.90971
-3.91047
-3.91002
-3.91107
-3.91092
-3.91153
-3.91077
-3.91107
-3.91122
-3.91062
-3.91092
-3.91122
-3.91153
-3.91062
-3.91092
-3.91123
-3.90987
-3.90986
-3.90881
-3.90835
-3.90805
-3.90835
-3.90865
-3.90881
-3.90896
-3.90775
-3.9073
-3.9076
-3.9076
-3.90639
-3.90669
-3.90715
-3.90775
-3.90775
-3.9079
-3.90896
-3.90926
-3.90986
-3.91002
-3.91032
-3.91122
-3.91107
-3.91077
-3.91047
-3.91122
-3.91198
-3.91168
-3.91137
-3.91152
-3.91152
-3.91167
-3.91092
-3.91122
-3.91107
-3.91092
-3.91062
-3.91017
-3.90957
-3.90881
-3.90821
-3.90896
-3.90911
-3.90972
-3.91017
-3.91123
-3.91168
-3.91047
-3.91062
-3.91032
-3.90942
-3.9079
-3.90851
-3.90866
-3.90836
-3.90851
-3.90836
-3.90836
-3.90851
-3.90851
-3.90745
-3.90776
-3.90851
-3.90926
-3.90896
-3.9085
-3.90866
-3.90956
-3.90851
-3.90806
-3.90821
-3.9079
-3.9079
-3.90806
-3.90836
-3.90805
-3.90866
-3.90836
-3.90805
-3.9079
-3.9073
-3.9076
-3.90851
-3.90866
-3.90836
-3.90866
-3.90881
-3.9079
-3.907
-3.90775
-3.90685
-3.907
-3.9073
-3.90654
-3.90684
-3.90684
-3.90593
-3.90609
-3.90609
-3.90609
-3.90624
-3.90594
-3.90685
-3.90669
-3.90685
-3.90684
-3.90639
-3.90744
-3.9088
-3.9088
-3.90881
-3.90896
-3.90926
-3.90881
-3.90881
-3.90986
-3.90971
-3.90971
-3.91016
-3.91016
-3.91077
-3.90956
-3.90911
-3.90896
-3.90911
-3.90866
-3.90805
-3.9079
-3.9085
-3.90775
-3.9076
-3.90775
-3.90775
-3.90881
-3.90896
-3.90835
-3.90881
-3.9082
-3.9085
-3.90865
-3.90896
-3.90865
-3.90896
-3.9085
-3.90865
-3.90881
-3.9085
-3.90835
-3.9085
-3.9082
-3.90851
-3.90881
-3.90881
-3.90911
-3.9085
-3.90835
-3.9082
-3.90744
-3.90653
-3.90593
-3.90759
-3.90699
-3.90714
-3.90608
-3.90548
-3.90548
-3.90594
-3.90579
-3.90715
-3.90684
-3.90684
-3.90684
-3.90654
-3.90684
-3.90699
-3.90699
-3.90654
-3.90669
-3.90654
-3.90669
-3.90745
-3.9079
-3.9085
-3.9088
-3.9082
-3.9085
-3.90759
-3.9085
-3.91031
-3.91062
-3.91046
-3.91046
-3.91182
-3.91213
-3.91183
-3.91167
-3.91303
-3.91288
-3.91228
-3.91288
-3.91288
-3.91167
-3.91137
-3.91197
-3.91182
-3.91106
-3.91106
-3.9097
-3.9085
-3.9085
-3.9082
-3.90744
-3.90729
-3.90654
-3.90638
-3.90608
-3.90548
-3.90684
-3.90653
-3.90653
-3.90654
-3.90624
-3.90593
-3.90608
-3.90563
-3.90593
-3.90578
-3.90547
-3.90547
-3.90608
-3.90547
-3.90548
-3.90518
-3.90503
-3.90548
-3.90654
-3.90714
-3.90774
-3.9091
-3.9085
-3.90895
-3.91031
-3.91016
-3.91016
-3.91001
-3.91046
-3.91092
-3.91167
-3.91213
-3.91228
-3.91198
-3.91152
-3.91046
-3.91137
-3.91137
-3.91107
-3.91046
-3.91031
-3.91106
-3.91031
-3.91106
-3.91121
-3.91091
-3.91122
-3.91167
-3.91167
-3.91183
-3.91213
-3.91228
-3.91258
-3.91319
-3.91394
-3.91289
-3.91304
-3.91198
-3.91228
-3.91273
-3.91288
-3.91303
-3.91227
-3.91182
-3.91107
-3.91077
-3.91077
-3.91122
-3.91062
-3.91092
-3.91137
-3.91046
-3.91016
-3.90986
-3.90986
-3.91001
-3.91001
-3.91047
-3.91047
-3.91137
-3.91137
-3.91152
-3.91228
-3.91243
-3.91182
-3.91242
-3.91137
-3.90986
-3.91016
-3.91016
-3.90895
-3.9085
-3.9088
-3.90926
-3.90775
-3.90835
-3.90941
-3.90941
-3.90971
-3.90986
-3.91001
-3.91001
-3.91031
-3.91046
-3.90971
-3.91046
-3.91001
-3.90925
-3.9094
-3.90774
-3.90699
-3.90759
-3.90865
-3.90774
-3.90684
-3.90669
-3.90639
-3.90654
-3.90654
-3.9076
-3.90775
-3.90684
-3.90744
-3.90623
-3.90593
-3.90684
-3.90669
-3.90593
-3.90548
-3.90639
-3.90639
-3.90563
-3.90624
-3.90623
-3.90563
-3.90578
-3.90623
-3.90638
-3.90774
-3.9079
-3.90805
-3.90774
-3.90759
-3.90805
-3.90895
-3.90926
-3.90895
-3.90805
-3.90744
-3.90774
-3.90759
-3.90774
-3.90895
-3.90895
-3.90941
-3.9088
-3.90896
-3.90941
-3.90986
-3.91031
-3.90986
-3.90971
-3.91046
-3.91001
-3.91167
-3.91182
-3.91213
-3.91198
-3.91137
-3.91152
-3.91152
-3.91152
-3.91198
-3.91198
-3.91379
-3.91303
-3.91349
-3.91409
-3.91319
-3.91273
-3.91289
-3.91213
-3.91243
-3.91213
-3.91137
-3.91183
-3.91167
-3.91001
-3.91001
-3.91001
-3.90971
-3.91047
-3.91047
-3.91092
-3.91107
-3.91153
-3.91228
-3.91274
-3.91243
-3.91304
-3.91273
-3.91304
-3.91273
-3.91334
-3.91409
-3.91303
-3.91273
-3.91167
-3.91152
-3.91183
-3.91273
-3.91334
-3.91379
-3.91379
-3.91394
-3.91424
-3.91394
-3.91394
-3.91319
-3.91258
-3.91288
-3.91228
-3.91258
-3.91273
-3.91288
-3.91319
-3.91349
-3.91304
-3.91183
-3.91243
-3.91153
-3.91168
-3.91138
-3.91153
-3.91138
-3.91243
-3.91092
-3.91002
-3.90987
-3.90972
-3.91002
-3.91032
-3.91032
-3.91047
-3.91092
-3.91107
-3.91092
-3.91062
-3.91032
-3.91047
-3.91032
-3.91092
-3.91032
-3.91001
-3.90956
-3.90956
-3.90881
-3.90911
-3.90956
-3.90911
-3.9082
-3.9085
-3.90745
-3.90805
-3.9085
-3.9085
-3.9085
-3.90805
-3.9079
-3.90805
-3.90896
-3.90972
-3.90926
-3.90941
-3.91062
-3.91092
-3.91016
-3.90971
-3.90926
-3.90835
-3.90836
-3.90836
-3.90927
-3.90776
-3.90896
-3.90987
-3.91002
-3.90941
-3.91001
-3.90941
-3.91001
-3.91076
-3.91061
-3.91046
-3.91077
-3.91092
-3.91213
-3.91395
-3.91349
-3.91394
-3.91409
-3.91409
-3.9153
-3.915
-3.915
-3.91545
-3.9156
-3.9156
-3.915
-3.91409
-3.91334
-3.91198
-3.91213
-3.91182
-3.91167
-3.91152
-3.91153
-3.91183
-3.91107
-3.91092
-3.91002
-3.91062
-3.91107
-3.91061
-3.91152
-3.91077
-3.91122
-3.91168
-3.91123
-3.91137
-3.91137
-3.91197
-3.91273
-3.91273
-3.91288
-3.91152
-3.91137
-3.91228
-3.91243
-3.91318
-3.91364
-3.91228
-3.91182
-3.91182
-3.91197
-3.91182
-3.91152
-3.91258
-3.91318
-3.91288
-3.91213
-3.91228
-3.91319
-3.91304
-3.91288
-3.91273
-3.91288
-3.91243
-3.91228
-3.91182
-3.91182
-3.91167
-3.91167
-3.91077
-3.91001
-3.91001
-3.91016
-3.90986
-3.90956
-3.90805
-3.9085
-3.90895
-3.90865
-3.90925
-3.90986
-3.9094
-3.9088
-3.9091
-3.90895
-3.90865
-3.90956
-3.90956
-3.90971
-3.90941
-3.91016
-3.90926
-3.9091
-3.9088
-3.9085
-3.90729
-3.90714
-3.90684
-3.90744
-3.90684
-3.90684
-3.90548
-3.90533
-3.90533
-3.90533
-3.90608
-3.90578
-3.90623
-3.90623
-3.90684
-3.90774
-3.9079
-3.9082
-3.90774
-3.90759
-3.90759
-3.90804
-3.90699
-3.90653
-3.90668
-3.90638
-3.90653
-3.90623
-3.90623
-3.90638
-3.90487
-3.90533
-3.90548
-3.90654
-3.58114
-3.58203
-3.58308
-3.58307
-3.58307
-3.58261
-3.58367
-3.58276
-3.58305
-3.58335
-3.58289
-3.58289
-3.58259
-3.58395
-3.58486
-3.58592
-3.58577
-3.58547
-3.58593
-3.58593
-3.58562
-3.58502
-3.58592
-3.58638
-3.58698
-3.58728
-3.58774
-3.58834
-3.58698
-3.58653
-3.58638
-3.58668
-3.58592
-3.58638
-3.58578
-3.58593
-3.58578
-3.58638
-3.58592
-3.58638
-3.58683
-3.58607
-3.58637
-3.58577
-3.58547
-3.58607
-3.58698
-3.58683
-3.58638
-3.58728
-3.58668
-3.58728
-3.58714
-3.58683
-3.58608
-3.58713
-3.58638
-3.58577
-3.58607
-3.58607
-3.58607
-3.58517
-3.58486
-3.58411
-3.58456
-3.58547
-3.58411
-3.58305
-3.58426
-3.58457
-3.58441
-3.58381
-3.5841
-3.58365
-3.5835
-3.5829
-3.58366
-3.58366
-3.58381
-3.58396
-3.58411
-3.58441
-3.58441
-3.58501
-3.5838
-3.58441
-3.58546
-3.58531
-3.58622
-3.58668
-3.58683
-3.58653
-3.58607
-3.58637
-3.58547
-3.58622
-3.58637
-3.58622
-3.58516
-3.58501
-3.58561
-3.58501
-3.58516
-3.58396
-3.58441
-3.58411
-3.58426
-3.58426
-3.58305
-3.58244
-3.58275
-3.58229
-3.58244
-3.5835
-3.58335
-3.58411
-3.58486
-3.58441
-3.58471
-3.58607
-3.58516
-3.58577
-3.58577
-3.58547
-3.58426
-3.58532
-3.58486
-3.58411
-3.58365
-3.58471
-3.58562
-3.58592
-3.58592
-3.58502
-3.58381
-3.5832
-3.5826
-3.5832
-3.58335
-3.58335
-3.5829
-3.58259
-3.58305
-3.58289
-3.58274
-3.58259
-3.58335
-3.5832
-3.5838
-3.5841
-3.5838
-3.58396
-3.5832
-3.5835
-3.58411
-3.5835
-3.5835
-3.5829
-3.58169
-3.58214
-3.58244
-3.58229
-3.58244
-3.58259
-3.58214
-3.58183
-3.58274
-3.58349
-3.5835
-3.58304
-3.5832
-3.58259
-3.58229
-3.58214
-3.58154
-3.58094
-3.58199
-3.58215
-3.5823
-3.5829
-3.58305
-3.5838
-3.58425
-3.58395
-3.58365
-3.58244
-3.58229
-3.58139
-3.58169
-3.58139
-3.58124
-3.58139
-3.58169
-3.58154
-3.58108
-3.58078
-3.58003
-3.58063
-3.58048
-3.58124
-3.58048
-3.58048
-3.58124
-3.58018
-3.57957
-3.58078
-3.58033
-3.58184
-3.58184
-3.58124
-3.58245
-3.58335
-3.58305
-3.5838
-3.5841
-3.5832
-3.58305
-3.58229
-3.58154
-3.58124
-3.58063
-3.58033
-3.58003
-3.58048
-3.58003
-3.57942
-3.58017
-3.57957
-3.57867
-3.58018
-3.58018
-3.58079
-3.58048
-3.58048
-3.57958
-3.58048
-3.58018
-3.58048
-3.58093
-3.57987
-3.58033
-3.57987
-3.57987
-3.57806
-3.57806
-3.5761
-3.57565
-3.5755
-3.5758
-3.5764
-3.5764
-3.57701
-3.57671
-3.57776
-3.57731
-3.57852
-3.57912
-3.57927
-3.57957
-3.57867
-3.57957
-3.58002
-3.58093
-3.58154
-3.58063
-3.58048
-3.57943
-3.57927
-3.57928
-3.57837
-3.57943
-3.57988
-3.57852
-3.57882
-3.57897
-3.57958
-3.57942
-3.57927
-3.57852
-3.57837
-3.57882
-3.57912
-3.57942
-3.58018
-3.58048
-3.57973
-3.57988
-3.58094
-3.58155
-3.582
-3.58155
-3.582
-3.58291
-3.58351
-3.58305
-3.58335
-3.58411
-3.5838
-3.5838
-3.58275
-3.5826
-3.58351
-3.5823
-3.5826
-3.5829
-3.58184
-3.58229
-3.58214
-3.58199
-3.58245
-3.5814
-3.5814
-3.58216
-3.58246
-3.58261
-3.5814
-3.58049
-3.58033
-3.57973
-3.58063
-3.58018
-3.57972
-3.57912
-3.57912
-3.57957
-3.57942
-3.57973
-3.58003
-3.58079
-3.58018
-3.57988
-3.58094
-3.58064
-3.58169
-3.58139
-3.58109
-3.58154
-3.58154
-3.58124
-3.58109
-3.58094
-3.58079
-3.57928
-3.57807
-3.57807
-3.57761
-3.57761
-3.57731
-3.57595
-3.5764
-3.57671
-3.57671
-3.57701
-3.57746
-3.57822
-3.57822
-3.57882
-3.57958
-3.57973
-3.57898
-3.57928
-3.57958
-3.57973
-3.57883
-3.57958
-3.57837
-3.57731
-3.57822
-3.57852
-3.57822
-3.57852
-3.57943
-3.57973
-3.57928
-3.57958
-3.57958
-3.57838
-3.57838
-3.57898
-3.57943
-3.57973
-3.57973
-3.58034
-3.57958
-3.57958
-3.57882
-3.57867
-3.57792
-3.57838
-3.57732
-3.57747
-3.57672
-3.57642
-3.57596
-3.57611
-3.57521
-3.57641
-3.57656
-3.57611
-3.57747
-3.57837
-3.57867
-3.57852
-3.57928
-3.57973
-3.57943
-3.57958
-3.57973
-3.57958
-3.57868
-3.57974
-3.57989
-3.58034
-3.58034
-3.58034
-3.57959
-3.57838
-3.57822
-3.57747
-3.57807
-3.57732
-3.57716
-3.57641
-3.57671
-3.57716
-3.57822
-3.57852
-3.57807
-3.57928
-3.57973
-3.58019
-3.57913
-3.58004
-3.58019
-3.58034
-3.58034
-3.57989
-3.58019
-3.58094
-3.58034
-3.58049
-3.58064
-3.58094
-3.58064
-3.58109
-3.58215
-3.5817
-3.5823
-3.58261
-3.58382
-3.58366
-3.58321
-3.58336
-3.58351
-3.58351
-3.58397
-3.58397
-3.58472
-3.58533
-3.58472
-3.58502
-3.58472
-3.58472
-3.58442
-3.58366
-3.58351
-3.5826
-3.58184
-3.58185
-3.5817
-3.5814
-3.5814
-3.58125
-3.5808
-3.5808
-3.5808
-3.5808
-3.5808
-3.5811
-3.5817
-3.5814
-3.58245
-3.5823
-3.58215
-3.58185
-3.58185
-3.582
-3.58261
-3.58291
-3.58321
-3.58231
-3.58306
-3.58306
-3.58397
-3.58321
-3.58276
-3.58276
-3.5817
-3.5814
-3.5817
-3.58185
-3.5811
-3.5814
-3.58064
-3.58049
-3.58109
-3.58185
-3.5817
-3.58185
-3.58276
-3.58276
-3.58245
-3.58185
-3.58275
-3.58321
-3.58215
-3.58215
-3.58215
-3.58215
-3.58185
-3.58095
-3.58185
-3.5823
-3.58336
-3.58291
-3.58305
-3.5823
-3.5823
-3.5826
-3.58336
-3.58397
-3.58563
-3.58579
-3.58518
-3.58352
-3.58442
-3.58427
-3.58366
-3.58351
-3.58305
-3.58366
-3.58442
-3.58502
-3.58593
-3.58548
-3.58548
-3.58457
-3.58412
-3.58306
-3.58276
-3.58306
-3.58291
-3.58367
-3.58367
-3.58382
-3.58352
-3.58397
-3.58457
-3.58487
-3.58442
-3.58381
-3.58457
-3.58487
-3.58578
-3.58593
-3.58532
-3.58472
-3.58396
-3.58396
-3.58427
-3.58412
-3.58472
-3.58458
-3.58503
-3.58533
-3.58397
-3.58352
-3.58382
-3.58351
-3.58367
-3.58306
-3.58185
-3.5817
-3.58155
-3.58231
-3.58216
-3.58201
-3.58186
-3.58125
-3.5808
-3.58079
-3.582
-3.582
-3.582
-3.58246
-3.582
-3.58246
-3.58231
-3.58337
-3.58306
-3.58382
-3.58261
-3.58276
-3.582
-3.5817
-3.58215
-3.58185
-3.58094
-3.58034
-3.57973
-3.58079
-3.58064
-3.58124
-3.58215
-3.58124
-3.5814
-3.58125
-3.58185
-3.5817
-3.58215
-3.58306
-3.58367
-3.58382
-3.58412
-3.58457
-3.58397
-3.58352
-3.58306
-3.58306
-3.58306
-3.58321
-3.5829
-3.5829
-3.5826
-3.58306
-3.58351
-3.58351
-3.58366
-3.58472
-3.58472
-3.58578
-3.58623
-3.58548
-3.58397
-3.58427
-3.58382
-3.58442
-3.58518
-3.58548
-3.58533
-3.58442
-3.58502
-3.58487
-3.58486
-3.58517
-3.58396
-3.58366
-3.58336
-3.58337
-3.58291
-3.58231
-3.5814
-3.582
-3.58275
-3.58275
-3.58215
-3.58215
-3.58245
-3.5823
-3.58215
-3.58079
-3.58095
-3.58155
-3.5811
-3.5814
-3.58185
-3.58079
-3.58018
-3.58033
-3.58049
-3.58109
-3.58109
-3.58245
-3.5826
-3.5829
-3.58321
-3.58155
-3.58185
-3.582
-3.58064
-3.58079
-3.58124
-3.58034
-3.58109
-3.58245
-3.58215
-3.58215
-3.5826
-3.58215
-3.5826
-3.5823
-3.58306
-3.58336
-3.58306
-3.58321
-3.58366
-3.58396
-3.58427
-3.58442
-3.58411
-3.58426
-3.58366
-3.58366
-3.58336
-3.58336
-3.58366
-3.58261
-3.58246
-3.58246
-3.58291
-3.58276
-3.5823
-3.5817
-3.58215
-3.5823
-3.58169
-3.58109
-3.58033
-3.58079
-3.57943
-3.58019
-3.58049
-3.58125
-3.58064
-3.58004
-3.58004
-3.58019
-3.58079
-3.58018
-3.58018
-3.58019
-3.58049
-3.5814
-3.58185
-3.58109
-3.58185
-3.582
-3.5814
-3.58079
-3.58064
-3.58064
-3.58079
-3.58246
-3.58306
-3.58261
-3.58231
-3.58246
-3.58245
-3.58245
-3.58275
-3.58275
-3.58412
-3.58487
-3.58412
-3.58412
-3.58397
-3.58351
-3.58457
-3.58442
-3.58382
-3.58397
-3.58412
-3.58351
-3.58382
-3.58306
-3.58366
-3.58245
-3.58245
-3.58291
-3.58366
-3.58397
-3.58427
-3.58502
-3.58548
-3.58412
-3.58382
-3.58457
-3.58351
-3.5823
-3.58185
-3.582
-3.582
-3.58276
-3.58276
-3.58125
-3.58186
-3.58156
-3.58216
-3.58171
-3.58246
-3.58276
-3.58276
-3.58275
-3.58442
-3.58472
-3.58472
-3.58502
-3.58548
-3.58623
-3.58533
-3.58563
-3.58412
-3.58473
-3.58488
-3.58457
-3.58518
-3.58518
-3.58457
-3.58472
-3.58382
-3.58337
-3.58352
-3.58291
-3.58291
-3.58261
-3.58321
-3.58321
-3.582
-3.58201
-3.58276
-3.5817
-3.5814
-3.58095
-3.58095
-3.58034
-3.58019
-3.58049
-3.57974
-3.58019
-3.57959
-3.58019
-3.57989
-3.57883
-3.57899
-3.57898
-3.57989
-3.58079
-3.58049
-3.58079
-3.58155
-3.5817
-3.5823
-3.58321
-3.58366
-3.58442
-3.58488
-3.58488
-3.58442
-3.58488
-3.58503
-3.58412
-3.58336
-3.58336
-3.58321
-3.58246
-3.582
-3.58276
-3.58276
-3.58382
-3.58397
-3.58382
-3.58321
-3.58276
-3.58246
-3.58185
-3.58049
-3.58125
-3.58094
-3.58079
-3.58049
-3.58019
-3.58095
-3.58125
-3.5811
-3.58155
-3.58216
-3.58322
-3.58306
-3.58367
-3.58382
-3.58412
-3.58336
-3.58351
-3.58336
-3.58261
-3.58352
-3.58397
-3.58503
-3.58488
-3.58427
-3.58397
-3.58352
-3.58382
-3.58442
-3.58503
-3.58608
-3.58608
-3.58684
-3.58699
-3.58578
-3.58472
-3.58427
-3.58381
-3.58321
-3.58321
-3.58351
-3.58457
-3.58487
-3.58472
-3.58488
-3.58563
-3.58548
-3.58579
-3.58533
-3.58428
-3.58488
-3.58548
-3.58578
-3.58518
-3.58442
-3.58472
-3.58487
-3.58366
-3.58366
-3.58366
-3.58276
-3.58261
-3.58231
-3.58141
-3.58186
-3.58125
-3.58065
-3.58155
-3.5814
-3.58125
-3.58125
-3.5811
-3.58171
-3.58156
-3.58231
-3.58306
-3.58321
-3.58261
-3.58306
-3.58216
-3.58231
-3.58201
-3.58291
-3.5817
-3.5811
-3.5817
-3.5814
-3.58094
-3.5817
-3.58019
-3.58019
-3.58035
-3.58065
-3.58125
-3.5805
-3.5808
-3.58035
-3.58171
-3.58201
-3.58186
-3.58231
-3.58276
-3.58352
-3.58397
-3.58473
-3.58382
-3.58367
-3.58321
-3.58457
-3.58412
-3.58367
-3.58306
-3.58352
-3.58261
-3.58292
-3.58261
-3.58246
-3.58307
-3.58261
-3.58291
-3.58292
-3.58337
-3.58201
-3.58171
-3.58216
-3.35426
-3.3547
-3.35408
-3.35438
-3.35468
-3.35513
-3.35497
-3.35588
-3.35632
-3.35677
-3.35661
-3.35691
-3.35706
-3.35707
-3.35768
-3.35754
-3.35724
-3.35753
-3.35768
-3.35798
-3.35722
-3.35828
-3.35873
-3.35874
-3.35768
-3.35814
-3.35708
-3.35723
-3.35783
-3.35798
-3.35874
-3.35934
-3.35904
-3.35904
-3.35844
-3.35783
-3.35783
-3.35858
-3.35798
-3.35843
-3.35767
-3.35768
-3.35753
-3.35753
-3.35753
-3.35723
-3.35692
-3.35662
-3.35602
-3.35617
-3.35587
-3.35587
-3.35617
-3.35587
-3.35602
-3.35556
-3.3548
-3.3551
-3.35465
-3.35526
-3.35451
-3.35617
-3.35542
-3.35466
-3.3539
-3.35405
-3.35511
-3.35526
-3.35526
-3.35571
-3.35631
-3.35541
-3.35677
-3.35783
-3.35707
-3.35723
-3.35692
-3.35722
-3.35646
-3.35586
-3.35586
-3.35631
-3.35601
-3.35737
-3.35722
-3.35707
-3.35662
-3.35632
-3.35587
-3.35481
-3.35511
-3.3539
-3.35374
-3.35329
-3.35389
-3.35359
-3.35299
-3.3536
-3.3536
-3.35329
-3.3542
-3.3548
-3.35496
-3.35571
-3.35632
-3.35556
-3.35526
-3.3545
-3.35495
-3.35525
-3.3545
-3.35359
-3.35496
-3.35481
-3.35511
-3.3548
-3.3551
-3.35586
-3.35586
-3.35617
-3.35602
-3.35647
-3.35571
-3.35616
-3.35631
-3.35737
-3.35752
-3.35964
-3.35797
-3.35707
-3.35662
-3.35556
-3.35496
-3.35526
-3.35496
-3.35541
-3.35556
-3.35435
-3.35329
-3.35314
-3.35344
-3.35299
-3.35374
-3.35375
-3.35405
-3.35435
-3.35345
-3.35345
-3.35269
-3.35269
-3.35375
-3.353
-3.35299
-3.35284
-3.35268
-3.35178
-3.35102
-3.35178
-3.35133
-3.35133
-3.35133
-3.35073
-3.35043
-3.35028
-3.35028
-3.35073
-3.35163
-3.35193
-3.35087
-3.35133
-3.35087
-3.35193
-3.35405
-3.35465
-3.35435
-3.3545
-3.3548
-3.3536
-3.35314
-3.35329
-3.35314
-3.3533
-3.35375
-3.35375
-3.3539
-3.35466
-3.35541
-3.35466
-3.35345
-3.35285
-3.353
-3.35315
-3.35405
-3.35344
-3.35284
-3.35359
-3.35465
-3.35601
-3.35616
-3.35556
-3.35541
-3.35646
-3.35752
-3.35813
-3.35949
-3.36024
-3.36009
-3.35994
-3.35994
-3.35904
-3.35889
-3.35858
-3.35858
-3.35828
-3.35843
-3.35903
-3.36039
-3.35903
-3.35843
-3.35904
-3.35873
-3.35979
-3.35979
-3.35919
-3.35949
-3.35843
-3.35782
-3.35782
-3.35979
-3.36024
-3.36069
-3.36084
-3.36039
-3.35948
-3.35903
-3.35934
-3.35934
-3.35934
-3.35964
-3.35964
-3.35843
-3.35858
-3.35873
-3.35812
-3.35752
-3.35812
-3.35873
-3.35873
-3.35752
-3.35783
-3.35783
-3.35737
-3.35631
-3.35677
-3.35677
-3.35662
-3.35753
-3.35708
-3.35753
-3.35919
-3.36009
-3.35918
-3.35933
-3.35903
-3.35827
-3.35707
-3.35737
-3.35768
-3.35677
-3.35632
-3.35647
-3.35722
-3.35783
-3.35677
-3.35722
-3.35828
-3.35873
-3.35768
-3.35738
-3.35768
-3.35632
-3.35738
-3.35662
-3.35662
-3.35692
-3.35737
-3.35677
-3.35708
-3.35753
-3.35678
-3.35693
-3.35678
-3.35738
-3.35677
-3.35783
-3.35707
-3.35692
-3.35722
-3.35662
-3.35647
-3.35617
-3.35542
-3.35572
-3.35541
-3.35526
-3.35496
-3.35481
-3.35572
-3.35708
-3.35693
-3.35708
-3.35768
-3.35783
-3.35859
-3.35798
-3.35768
-3.35738
-3.35768
-3.35798
-3.35783
-3.35828
-3.35874
-3.35843
-3.35828
-3.35798
-3.35783
-3.35828
-3.35889
-3.35813
-3.35783
-3.35647
-3.35647
-3.35617
-3.35571
-3.35586
-3.35601
-3.35571
-3.35526
-3.35526
-3.35556
-3.35556
-3.35496
-3.35496
-3.3545
-3.35526
-3.35571
-3.35541
-3.35617
-3.35693
-3.35723
-3.35753
-3.35738
-3.35512
-3.35512
-3.35467
-3.35376
-3.35345
-3.35284
-3.35284
-3.3542
-3.35466
-3.35511
-3.35572
-3.35512
-3.35512
-3.35557
-3.35587
-3.35557
-3.35617
-3.35602
-3.35647
-3.35678
-3.35708
-3.35678
-3.35769
-3.35633
-3.35648
-3.35724
-3.35724
-3.35693
-3.35678
-3.35678
-3.35647
-3.35481
-3.35542
-3.35451
-3.35527
-3.35557
-3.35497
-3.35618
-3.35587
-3.35754
-3.3586
-3.35724
-3.35724
-3.35754
-3.35678
-3.35753
-3.35753
-3.35663
-3.35709
-3.35618
-3.35693
-3.35693
-3.35738
-3.35768
-3.35859
-3.35859
-3.35784
-3.35814
-3.35844
-3.35798
-3.35949
-3.35934
-3.3592
-3.3589
-3.3595
-3.35965
-3.35935
-3.3586
-3.3592
-3.3598
-3.3601
-3.35935
-3.35874
-3.35723
-3.35708
-3.35739
-3.35739
-3.35724
-3.35618
-3.35512
-3.35421
-3.35481
-3.35512
-3.35466
-3.35375
-3.35436
-3.35512
-3.35557
-3.35512
-3.35633
-3.35618
-3.35648
-3.35739
-3.3589
-3.3589
-3.3589
-3.3586
-3.35784
-3.3586
-3.35859
-3.35769
-3.35739
-3.35784
-3.35844
-3.35814
-3.35875
-3.35935
-3.3589
-3.3595
-3.35981
-3.3595
-3.35905
-3.35829
-3.35875
-3.3592
-3.3595
-3.3598
-3.35845
-3.35769
-3.3589
-3.35906
-3.35936
-3.35996
-3.36086
-3.36041
-3.36086
-3.3598
-3.35996
-3.3589
-3.3592
-3.36071
-3.36086
-3.36011
-3.36102
-3.36132
-3.36072
-3.36056
-3.35996
-3.36056
-3.36056
-3.36041
-3.36071
-3.36056
-3.36026
-3.36041
-3.36056
-3.36041
-3.36011
-3.36041
-3.36026
-3.36041
-3.36041
-3.35996
-3.35905
-3.3592
-3.35844
-3.35829
-3.35814
-3.35859
-3.35874
-3.3598
-3.35844
-3.35753
-3.35738
-3.35754
-3.35784
-3.35723
-3.35753
-3.35678
-3.35693
-3.35602
-3.35648
-3.35617
-3.35678
-3.35708
-3.35829
-3.35784
-3.35754
-3.35814
-3.35829
-3.35784
-3.35738
-3.35768
-3.35723
-3.35707
-3.35677
-3.35753
-3.35678
-3.35557
-3.35573
-3.35527
-3.35618
-3.35679
-3.35679
-3.35663
-3.35694
-3.35618
-3.35527
-3.35558
-3.35557
-3.35527
-3.35511
-3.35557
-3.35647
-3.35587
-3.35497
-3.35528
-3.35528
-3.35482
-3.35497
-3.35512
-3.35573
-3.35603
-3.35527
-3.35451
-3.35406
-3.35526
-3.35602
-3.35632
-3.35526
-3.35496
-3.35482
-3.35542
-3.35542
-3.35618
-3.35572
-3.35512
-3.35557
-3.35527
-3.35693
-3.35633
-3.35709
-3.35769
-3.35754
-3.358
-3.35754
-3.35905
-3.35814
-3.35844
-3.35768
-3.35798
-3.35693
-3.35769
-3.35724
-3.35664
-3.35558
-3.35513
-3.35558
-3.35603
-3.35769
-3.35784
-3.35769
-3.35723
-3.35662
-3.35738
-3.35753
-3.35723
-3.35693
-3.35708
-3.35754
-3.35769
-3.35769
-3.35694
-3.35694
-3.35769
-3.35694
-3.35633
-3.35648
-3.35618
-3.35633
-3.35648
-3.35693
-3.35738
-3.35768
-3.35859
-3.35874
-3.35828
-3.35813
-3.35965
-3.35905
-3.3586
-3.3595
-3.35966
-3.36011
-3.36056
-3.3598
-3.35995
-3.35934
-3.35949
-3.36101
-3.3598
-3.3598
-3.3595
-3.35995
-3.3592
-3.3589
-3.3592
-3.36011
-3.3592
-3.35965
-3.35995
-3.3598
-3.35874
-3.35874
-3.35889
-3.35874
-3.35798
-3.35542
-3.35466
-3.35542
-3.35527
-3.35467
-3.35421
-3.35527
-3.35572
-3.35708
-3.35647
-3.35617
-3.35618
-3.35618
-3.35572
-3.35663
-3.35632
-3.35693
-3.35708
-3.35738
-3.35708
-3.35693
-3.35678
-3.35708
-3.35602
-3.35602
-3.35587
-3.35586
-3.35587
-3.35526
-3.35466
-3.35527
-3.35602
-3.35572
-3.35511
-3.35602
-3.35677
-3.35677
-3.35737
-3.35813
-3.35888
-3.35873
-3.35828
-3.35723
-3.35783
-3.35753
-3.35723
-3.35602
-3.35647
-3.35557
-3.35572
-3.35587
-3.35738
-3.35707
-3.35632
-3.35602
-3.35586
-3.35616
-3.35556
-3.35556
-3.35496
-3.35526
-3.35496
-3.35451
-3.3539
-3.3539
-3.35299
-3.35254
-3.35269
-3.35239
-3.35118
-3.35149
-3.35118
-3.35164
-3.35118
-3.35133
-3.35178
-3.35163
-3.35163
-3.35178
-3.35254
-3.35314
-3.3542
-3.35314
-3.3542
-3.35375
-3.3536
-3.35405
-3.35466
-3.35466
-3.3545
-3.35541
-3.3545
-3.3548
-3.3548
-3.3554
-3.35525
-3.35541
-3.35571
-3.35677
-3.35601
-3.35586
-3.35586
-3.35511
-3.35435
-3.35466
-3.35465
-3.35435
-3.35495
-3.3545
-3.35525
-3.3551
-3.3539
-3.35254
-3.35178
-3.35193
-3.35163
-3.35163
-3.35133
-3.35103
-3.35088
-3.35057
-3.35087
-3.35042
-3.34981
-3.34936
-3.34921
-3.34952
-3.35042
-3.35043
-3.35088
-3.35209
-3.35224
-3.35239
-3.35224
-3.35269
-3.35254
-3.35238
-3.35299
-3.35299
-3.35284
-3.35299
-3.35375
-3.35436
-3.35496
-3.35512
-3.35542
-3.35481
-3.35436
-3.35466
-3.3542
-3.35526
-3.35465
-3.3545
-3.3551
-3.35511
-3.35466
-3.35496
-3.35557
-3.35572
-3.35511
-3.35451
-3.35466
-3.35481
-3.35466
-3.3533
-3.35254
-3.35254
-3.35299
-3.35269
-3.35284
-3.3533
-3.35269
-3.35284
-3.35133
-3.35239
-3.35209
-3.35179
-3.35239
-3.35285
-3.3527
-3.35239
-3.35254
-3.35285
-3.3533
-3.35345
-3.3536
-3.35391
-3.35406
-3.35361
-3.3533
-3.35345
-3.35345
-3.3527
-3.35269
-3.3533
-3.3536
-3.35421
-3.35421
-3.35391
-3.3533
-3.3533
-3.3533
-3.3536
-3.3533
-3.35345
-3.35315
-3.35315
-3.3533
-3.35239
-3.35224
-3.35179
-3.35118
-3.3533
-3.3536
-3.35405
-3.35526
-3.35602
-3.35632
-3.35572
-3.35663
-3.35497
-3.35512
-3.35572
-3.35648
-3.35617
-3.35662
-3.35632
-3.35692
-3.35677
-3.35722
-3.35677
-3.35662
-3.35617
-3.35526
-3.35572
-3.35693
-3.35693
-3.35708
-3.35602
-3.35526
-3.35511
-3.35556
-3.35436
-3.35405
-3.35526
-3.35571
-3.35647
-3.35601
-3.35632
-3.35693
-3.35633
-3.35693
-3.35678
-3.35648
-3.35663
-3.35647
-3.35586
-3.35601
-3.35511
-3.3554
-3.35419
-3.35465
-3.3548
-3.35435
-3.3539
-3.3533
-3.35375
-3.3536
-3.35391
-3.35421
-3.35361
-3.35406
-3.35557
-3.35526
-3.35662
-3.35677
-3.35632
-3.35586
-3.35556
-3.35495
-3.3548
-3.3548
-3.35495
-3.3545
-3.35465
-3.35435
-3.35421
-3.35375
-3.35255
-3.35285
-3.353
-3.35269
-3.35345
-3.35375
-3.3536
-3.35344
-3.35314
-3.35329
-3.35284
-3.35359
-3.35359
-3.35405
-3.35481
-3.35496
-3.35496
-3.35572
-3.35481
-3.35496
-3.35435
-3.35435
-3.35511
-3.35602
-3.35647
-3.35648
-3.35602
-3.35602
-3.35602
-3.35511
-3.35526
-3.3551
-3.35601
-3.3557
-3.3554
-3.35404
-3.35404
-3.35465
-3.35571
-3.35496
-3.35527
-3.35572
-3.35526
-3.35556
-3.35481
-3.3542
-3.35495
-3.35526
-3.35601
-3.35616
-3.35691
-3.35646
-3.35555
-3.34243
-3.34104
-3.34057
-3.34132
-3.34192
-3.34206
-3.34191
-3.34281
-3.34266
-3.34281
-3.34356
-3.34204
-3.34234
-3.34219
-3.34295
-3.34205
-3.34205
-3.34281
-3.34327
-3.34342
-3.34463
-3.34478
-3.34372
-3.34296
-3.34326
-3.34402
-3.34477
-3.34477
-3.34462
-3.34476
-3.34477
-3.34553
-3.34463
-3.34508
-3.34538
-3.34614
-3.34644
-3.34704
-3.34658
-3.34749
-3.34658
-3.34598
-3.34749
-3.34719
-3.34734
-3.34704
-3.34689
-3.34794
-3.34779
-3.3484
-3.34885
-3.34764
-3.34931
-3.34961
-3.34931
-3.34931
-3.34901
-3.34825
-3.34961
-3.34931
-3.34976
-3.34976
-3.34885
-3.34885
-3.34824
-3.34734
-3.34598
-3.34568
-3.34448
-3.34463
-3.34554
-3.34418
-3.34357
-3.34312
-3.34373
-3.34478
-3.34448
-3.34372
-3.34296
-3.3416
-3.34039
-3.34024
-3.33948
-3.33858
-3.33828
-3.33783
-3.33798
-3.33798
-3.33798
-3.33753
-3.33738
-3.33798
-3.33798
-3.33662
-3.33722
-3.33918
-3.34024
-3.34054
-3.33994
-3.34039
-3.34054
-3.3413
-3.34115
-3.3413
-3.34191
-3.34251
-3.34161
-3.34161
-3.34176
-3.34176
-3.3404
-3.3404
-3.34055
-3.3413
-3.3416
-3.34084
-3.34205
-3.34235
-3.34416
-3.34387
-3.34296
-3.34221
-3.34175
-3.34206
-3.34311
-3.34447
-3.34568
-3.34598
-3.34553
-3.34568
-3.34492
-3.34492
-3.34508
-3.34598
-3.34538
-3.34478
-3.34418
-3.34402
-3.34372
-3.34478
-3.34538
-3.34613
-3.34658
-3.34612
-3.34688
-3.34583
-3.34629
-3.34674
-3.34704
-3.34689
-3.34614
-3.34477
-3.34477
-3.34417
-3.34538
-3.34538
-3.34356
-3.34356
-3.34447
-3.34447
-3.34447
-3.34447
-3.34462
-3.34553
-3.34568
-3.34568
-3.34523
-3.34523
-3.34538
-3.34628
-3.34613
-3.34598
-3.34552
-3.34567
-3.34582
-3.34613
-3.34492
-3.34507
-3.34567
-3.34462
-3.34492
-3.34538
-3.34613
-3.34613
-3.34643
-3.34553
-3.34492
-3.34477
-3.34537
-3.34552
-3.34658
-3.34597
-3.34597
-3.34552
-3.34491
-3.34431
-3.34447
-3.34462
-3.34447
-3.34447
-3.34552
-3.34522
-3.34371
-3.34311
-3.34311
-3.34326
-3.34281
-3.34311
-3.34281
-3.3422
-3.34295
-3.3425
-3.3431
-3.3434
-3.34355
-3.3434
-3.3434
-3.34431
-3.34461
-3.34341
-3.34341
-3.34371
-3.34371
-3.34311
-3.34265
-3.34114
-3.34084
-3.34129
-3.34129
-3.34235
-3.34219
-3.34159
-3.34204
-3.34189
-3.34234
-3.34295
-3.34234
-3.34234
-3.34235
-3.34129
-3.34099
-3.34069
-3.34174
-3.34144
-3.34129
-3.34265
-3.34204
-3.34204
-3.34219
-3.34159
-3.34084
-3.34099
-3.34054
-3.34114
-3.34114
-3.34023
-3.33977
-3.34038
-3.34098
-3.34083
-3.34189
-3.34144
-3.34129
-3.34235
-3.3419
-3.34265
-3.34265
-3.3434
-3.34401
-3.34431
-3.3428
-3.34295
-3.34294
-3.3434
-3.3431
-3.34235
-3.3419
-3.34145
-3.34235
-3.34311
-3.3419
-3.34265
-3.34219
-3.34113
-3.34098
-3.34159
-3.34159
-3.34175
-3.34296
-3.34417
-3.34266
-3.3416
-3.34205
-3.3425
-3.3425
-3.3428
-3.3425
-3.34159
-3.34144
-3.34083
-3.34144
-3.34038
-3.34114
-3.34174
-3.34099
-3.34114
-3.34054
-3.34114
-3.3422
-3.3428
-3.34326
-3.34325
-3.34371
-3.34295
-3.34325
-3.34295
-3.34295
-3.344
-3.34355
-3.34325
-3.34371
-3.34401
-3.34371
-3.34477
-3.34477
-3.34477
-3.34462
-3.34538
-3.34553
-3.34537
-3.34612
-3.34597
-3.34612
-3.34551
-3.34597
-3.34658
-3.34688
-3.34673
-3.34703
-3.34703
-3.34628
-3.34522
-3.34522
-3.34476
-3.34446
-3.34461
-3.34552
-3.34537
-3.34507
-3.34477
-3.34522
-3.34462
-3.34582
-3.34628
-3.34537
-3.34522
-3.34688
-3.34613
-3.34492
-3.34461
-3.34386
-3.3431
-3.34235
-3.34098
-3.34159
-3.34128
-3.34129
-3.34084
-3.34114
-3.3413
-3.3416
-3.3419
-3.3416
-3.34144
-3.34204
-3.34219
-3.34204
-3.34174
-3.34174
-3.34219
-3.34204
-3.34204
-3.34219
-3.34189
-3.34159
-3.34265
-3.34311
-3.34311
-3.34356
-3.34326
-3.34492
-3.34476
-3.34582
-3.34582
-3.34582
-3.34582
-3.34673
-3.34718
-3.34703
-3.34763
-3.34688
-3.34809
-3.34794
-3.34612
-3.34627
-3.34597
-3.34612
-3.34688
-3.34613
-3.34613
-3.34567
-3.34628
-3.34673
-3.34673
-3.34718
-3.34703
-3.34764
-3.34733
-3.34688
-3.34628
-3.34552
-3.34492
-3.34492
-3.34447
-3.34477
-3.34507
-3.34492
-3.34628
-3.34522
-3.34567
-3.34416
-3.34401
-3.34476
-3.34492
-3.34552
-3.34507
-3.34461
-3.34567
-3.34627
-3.34612
-3.34718
-3.34794
-3.34809
-3.34855
-3.3481
-3.34976
-3.35006
-3.35036
-3.34945
-3.34824
-3.34749
-3.34779
-3.34839
-3.3493
-3.349
-3.3493
-3.34854
-3.34839
-3.349
-3.34809
-3.34719
-3.34779
-3.34794
-3.34869
-3.34763
-3.34869
-3.34854
-3.34884
-3.34869
-3.3496
-3.35111
-3.35066
-3.3505
-3.3499
-3.35005
-3.3499
-3.34914
-3.34975
-3.34975
-3.34975
-3.3487
-3.34946
-3.34976
-3.34961
-3.35036
-3.35021
-3.34915
-3.34855
-3.34885
-3.34945
-3.349
-3.349
-3.34946
-3.34779
-3.3478
-3.34779
-3.34734
-3.34719
-3.34703
-3.34673
-3.34673
-3.34613
-3.34613
-3.34598
-3.34568
-3.34522
-3.34522
-3.34507
-3.34552
-3.34673
-3.34613
-3.34568
-3.34507
-3.34508
-3.34508
-3.34387
-3.34326
-3.34341
-3.34356
-3.34251
-3.34251
-3.34235
-3.34175
-3.34038
-3.34054
-3.34114
-3.34114
-3.34311
-3.34341
-3.34326
-3.34371
-3.34447
-3.34417
-3.34417
-3.34583
-3.34598
-3.34628
-3.34825
-3.34779
-3.3484
-3.34855
-3.34975
-3.35036
-3.35111
-3.35202
-3.35187
-3.35217
-3.35187
-3.35172
-3.35142
-3.35021
-3.35051
-3.34915
-3.34945
-3.3487
-3.34794
-3.34749
-3.34719
-3.34689
-3.34673
-3.34553
-3.34538
-3.34583
-3.34704
-3.34688
-3.34719
-3.34734
-3.34688
-3.34718
-3.34718
-3.34718
-3.34703
-3.34703
-3.34688
-3.34688
-3.34704
-3.34658
-3.34704
-3.34644
-3.34553
-3.34477
-3.34371
-3.34296
-3.3425
-3.34296
-3.34295
-3.3428
-3.34311
-3.34341
-3.34356
-3.34295
-3.34295
-3.34265
-3.34356
-3.34221
-3.34312
-3.34236
-3.34357
-3.34357
-3.34417
-3.34447
-3.34447
-3.34401
-3.34371
-3.34431
-3.34446
-3.34416
-3.34401
-3.34447
-3.34447
-3.34492
-3.34492
-3.34477
-3.34372
-3.34357
-3.34281
-3.3413
-3.34084
-3.34069
-3.34114
-3.34054
-3.34039
-3.34084
-3.3419
-3.3422
-3.34235
-3.34326
-3.34341
-3.34265
-3.34265
-3.3431
-3.34355
-3.34265
-3.34325
-3.3428
-3.34356
-3.34235
-3.34235
-3.34295
-3.3428
-3.34296
-3.34235
-3.3419
-3.3419
-3.3425
-3.34296
-3.34341
-3.34356
-3.34311
-3.34401
-3.34295
-3.34295
-3.3431
-3.3425
-3.34174
-3.34175
-3.34144
-3.3419
-3.34069
-3.33978
-3.33827
-3.33736
-3.33646
-3.33677
-3.33692
-3.33646
-3.33586
-3.3345
-3.33465
-3.3351
-3.33677
-3.33843
-3.33873
-3.33994
-3.34039
-3.34114
-3.34205
-3.34296
-3.34205
-3.34205
-3.34145
-3.34115
-3.34069
-3.3413
-3.34099
-3.34099
-3.34054
-3.34069
-3.34114
-3.34144
-3.34159
-3.34159
-3.34099
-3.34145
-3.33994
-3.33948
-3.33948
-3.33979
-3.33963
-3.33978
-3.33963
-3.33887
-3.33963
-3.34054
-3.34054
-3.34069
-3.34069
-3.34039
-3.33994
-3.33888
-3.33857
-3.33903
-3.33888
-3.33827
-3.33857
-3.33812
-3.33827
-3.33902
-3.33978
-3.33918
-3.33858
-3.34009
-3.33994
-3.34099
-3.33978
-3.33948
-3.33902
-3.33902
-3.33902
-3.33872
-3.33902
-3.33948
-3.33993
-3.34023
-3.34039
-3.3416
-3.34205
-3.34175
-3.3416
-3.34145
-3.34175
-3.3416
-3.34129
-3.3419
-3.3431
-3.3425
-3.3425
-3.3419
-3.34205
-3.34205
-3.3419
-3.3425
-3.34159
-3.3425
-3.34129
-3.3422
-3.34175
-3.3425
-3.34296
-3.34477
-3.34507
-3.34416
-3.34461
-3.34355
-3.34507
-3.34567
-3.34492
-3.34432
-3.34387
-3.34356
-3.34311
-3.34326
-3.3428
-3.34159
-3.3425
-3.34265
-3.34341
-3.34341
-3.34326
-3.34372
-3.34432
-3.34417
-3.34327
-3.34266
-3.34281
-3.34265
-3.3425
-3.34295
-3.3422
-3.3419
-3.34175
-3.3416
-3.34085
-3.33994
-3.33934
-3.3401
-3.3404
-3.34025
-3.34024
-3.34129
-3.34144
-3.34205
-3.3416
-3.34251
-3.34296
-3.34266
-3.34236
-3.34115
-3.34054
-3.34039
-3.33979
-3.34009
-3.33964
-3.33843
-3.33903
-3.33903
-3.33813
-3.33798
-3.33798
-3.33767
-3.33767
-3.33737
-3.33888
-3.33948
-3.33903
-3.33903
-3.33903
-3.33933
-3.33872
-3.33842
-3.33993
-3.34009
-3.34024
-3.33993
-3.33918
-3.33918
-3.33888
-3.33888
-3.33904
-3.33904
-3.33904
-3.33903
-3.33918
-3.33903
-3.33812
-3.33752
-3.33737
-3.33707
-3.33601
-3.33631
-3.33661
-3.33721
-3.33842
-3.33797
-3.33782
-3.33782
-3.33752
-3.33737
-3.33828
-3.33722
-3.33782
-3.33782
-3.33752
-3.33752
-3.33767
-3.33828
-3.33767
-3.33752
-3.33736
-3.33721
-3.33691
-3.336
-3.33676
-3.33751
-3.33752
-3.33827
-3.33797
-3.33813
-3.33737
-3.33722
-3.33707
-3.33722
-3.33857
-3.33888
-3.33827
-3.33827
-3.33842
-3.33858
-3.33963
-3.34009
-3.34009
-3.34054
-3.34159
-3.34069
-3.34235
-3.3419
-3.3422
-3.34175
-3.34281
-3.34296
-3.34236
-3.34311
-3.34402
-3.34478
-3.34402
-3.34401
-3.34401
-3.34401
-3.34447
-3.34493
-3.34568
-3.34583
-3.34553
-3.34583
-3.34598
-3.34673
-3.34764
-3.34659
-3.34598
-3.34553
-3.34447
-3.34492
-3.34477
-3.34371
-3.34371
-3.34341
-3.34342
-3.34342
-3.34327
-3.34327
-3.34251
-3.34251
-3.34206
-3.3416
-3.34251
-3.34281
-3.34281
-3.34221
-3.34297
-3.34282
-3.34236
-3.34176
-3.34221
-3.341
-3.3413
-3.3416
-3.3416
-3.34265
-3.34355
-3.34325
-3.34295
-3.3422
-3.34176
-3.34176
-3.34236
-3.34206
-3.34206
-3.34222
-3.34252
-3.34221
-3.34296
-3.34311
-3.34311
-3.34416
-3.34492
-3.34613
-3.34568
-3.34659
-3.34599
-3.34583
-3.34447
-3.34598
-3.34613
-3.34643
-3.34703
-3.34824
-3.34825
-3.3481
-3.34901
-3.34916
-3.3475
-3.34765
-3.34704
-3.34689
-3.34643
-3.34703
-3.34613
-3.34583
-3.34598
-3.34674
-3.34553
-3.34568
-3.34508
-3.34447
-3.34492
-3.34447
-3.34401
-3.34371
-3.34462
-3.34432
-3.41828
-3.41841
-3.4193
-3.4193
-3.41974
-3.41943
-3.41867
-3.41882
-3.42002
-3.41956
-3.41956
-3.42048
-3.42018
-3.41973
-3.41958
-3.41988
-3.41973
-3.41972
-3.41896
-3.41911
-3.41836
-3.41745
-3.4164
-3.41625
-3.4161
-3.41535
-3.41519
-3.41504
-3.41474
-3.41459
-3.41413
-3.41444
-3.41368
-3.41308
-3.41263
-3.41323
-3.41353
-3.41459
-3.41413
-3.41352
-3.41383
-3.41262
-3.41217
-3.41142
-3.41248
-3.41353
-3.41429
-3.41474
-3.41504
-3.41398
-3.41473
-3.41473
-3.41443
-3.41473
-3.41579
-3.41534
-3.41458
-3.41458
-3.41353
-3.41307
-3.41443
-3.41504
-3.41459
-3.41459
-3.41413
-3.41428
-3.41413
-3.41443
-3.41473
-3.41397
-3.41413
-3.41428
-3.41413
-3.41397
-3.41503
-3.41609
-3.41639
-3.41564
-3.41413
-3.41398
-3.41398
-3.41443
-3.41549
-3.41745
-3.41761
-3.41715
-3.41912
-3.41927
-3.41867
-3.41821
-3.41776
-3.41806
-3.41805
-3.4179
-3.41775
-3.41805
-3.41866
-3.41775
-3.41911
-3.41866
-3.41881
-3.41806
-3.41791
-3.4179
-3.4179
-3.41745
-3.41775
-3.4182
-3.41805
-3.41775
-3.41926
-3.41972
-3.41896
-3.41881
-3.41896
-3.41745
-3.4182
-3.41911
-3.41881
-3.41897
-3.41912
-3.41942
-3.41896
-3.41836
-3.41775
-3.4176
-3.41775
-3.41609
-3.41685
-3.41685
-3.41775
-3.4176
-3.41806
-3.41821
-3.41775
-3.4179
-3.4176
-3.4173
-3.41821
-3.41685
-3.41564
-3.41579
-3.41609
-3.41625
-3.41655
-3.41731
-3.41595
-3.41489
-3.41504
-3.41443
-3.41413
-3.41458
-3.41519
-3.41549
-3.41519
-3.41534
-3.41519
-3.41428
-3.41443
-3.41413
-3.41458
-3.41413
-3.41353
-3.41277
-3.41338
-3.41202
-3.41247
-3.41292
-3.41231
-3.41246
-3.41201
-3.41306
-3.41412
-3.41382
-3.41443
-3.41428
-3.41473
-3.41398
-3.41428
-3.41428
-3.41428
-3.41353
-3.41443
-3.41458
-3.41518
-3.41594
-3.41518
-3.41398
-3.41413
-3.41458
-3.41428
-3.41534
-3.41549
-3.41579
-3.41549
-3.41534
-3.41625
-3.41594
-3.41609
-3.41594
-3.41533
-3.41624
-3.41549
-3.41489
-3.41459
-3.41429
-3.41353
-3.41459
-3.41443
-3.41458
-3.41488
-3.41518
-3.41594
-3.41504
-3.41519
-3.41579
-3.41504
-3.41549
-3.41519
-3.41518
-3.41533
-3.41609
-3.4161
-3.41595
-3.41686
-3.4161
-3.41565
-3.41534
-3.41413
-3.41488
-3.41519
-3.41398
-3.41474
-3.41413
-3.41443
-3.41398
-3.41368
-3.41353
-3.41398
-3.41444
-3.41459
-3.41459
-3.41459
-3.41535
-3.41625
-3.41534
-3.41549
-3.41624
-3.41685
-3.41654
-3.41594
-3.41579
-3.41579
-3.41549
-3.4158
-3.4155
-3.4152
-3.41489
-3.41413
-3.41323
-3.41323
-3.41247
-3.41187
-3.41187
-3.41111
-3.41126
-3.41187
-3.41187
-3.41293
-3.41293
-3.41413
-3.41353
-3.41368
-3.41413
-3.41368
-3.41398
-3.41428
-3.41429
-3.41398
-3.41323
-3.41353
-3.41398
-3.41323
-3.41383
-3.41338
-3.41383
-3.41247
-3.41187
-3.41202
-3.41187
-3.41337
-3.41398
-3.41337
-3.41367
-3.41428
-3.41428
-3.41353
-3.41323
-3.41277
-3.41338
-3.41398
-3.41474
-3.41519
-3.41474
-3.41459
-3.41429
-3.41414
-3.41399
-3.41338
-3.41414
-3.41489
-3.41564
-3.41519
-3.41459
-3.4155
-3.41459
-3.4149
-3.41535
-3.41474
-3.41459
-3.41504
-3.4158
-3.41549
-3.41534
-3.41519
-3.41595
-3.41489
-3.41444
-3.41413
-3.41368
-3.41323
-3.41308
-3.41203
-3.41339
-3.4143
-3.4146
-3.41475
-3.41595
-3.4155
-3.4155
-3.41565
-3.41504
-3.41414
-3.41504
-3.41489
-3.41519
-3.41398
-3.41564
-3.4161
-3.41655
-3.4164
-3.41564
-3.41625
-3.41534
-3.41504
-3.41671
-3.41595
-3.41625
-3.41671
-3.41701
-3.41685
-3.41685
-3.41685
-3.41685
-3.41791
-3.41776
-3.417
-3.41761
-3.41716
-3.41595
-3.4158
-3.41565
-3.4164
-3.4167
-3.41579
-3.41534
-3.41474
-3.41368
-3.41323
-3.41413
-3.41383
-3.41489
-3.4161
-3.41625
-3.41519
-3.41549
-3.4161
-3.41731
-3.41761
-3.41731
-3.41625
-3.4167
-3.41685
-3.4179
-3.41775
-3.4173
-3.4164
-3.4167
-3.41564
-3.41519
-3.4164
-3.41564
-3.41579
-3.41639
-3.41518
-3.41533
-3.41609
-3.41655
-3.41594
-3.41519
-3.41458
-3.41549
-3.41413
-3.41428
-3.41323
-3.41293
-3.41308
-3.41338
-3.41519
-3.4155
-3.41565
-3.41595
-3.41594
-3.41564
-3.4167
-3.4173
-3.41731
-3.4164
-3.417
-3.4173
-3.41866
-3.41851
-3.41972
-3.41882
-3.41821
-3.41881
-3.41806
-3.41791
-3.41715
-3.41655
-3.41716
-3.41715
-3.41746
-3.41761
-3.4173
-3.41731
-3.41686
-3.41761
-3.41792
-3.41701
-3.41686
-3.4164
-3.41685
-3.417
-3.41655
-3.41715
-3.41806
-3.4173
-3.4173
-3.41685
-3.41776
-3.41715
-3.41746
-3.41836
-3.41806
-3.41837
-3.41852
-3.41867
-3.41852
-3.41837
-3.41882
-3.41897
-3.41927
-3.41882
-3.41912
-3.41927
-3.41882
-3.41851
-3.41836
-3.41866
-3.41927
-3.42003
-3.42033
-3.42018
-3.41957
-3.41897
-3.41897
-3.41988
-3.41973
-3.41912
-3.41897
-3.41972
-3.41927
-3.42018
-3.42063
-3.42003
-3.41837
-3.41822
-3.41821
-3.41836
-3.41882
-3.41927
-3.41988
-3.41973
-3.41897
-3.42018
-3.41942
-3.41972
-3.42018
-3.42079
-3.42064
-3.42034
-3.42139
-3.42018
-3.42018
-3.42063
-3.42108
-3.42047
-3.42107
-3.42032
-3.41987
-3.41897
-3.41868
-3.41883
-3.41807
-3.41883
-3.41928
-3.41867
-3.41927
-3.41942
-3.42018
-3.41912
-3.41973
-3.41928
-3.41913
-3.41913
-3.41958
-3.41942
-3.42002
-3.41912
-3.41987
-3.42154
-3.42169
-3.42169
-3.42154
-3.42078
-3.42063
-3.42018
-3.41957
-3.42003
-3.41958
-3.41867
-3.41792
-3.41777
-3.41791
-3.41806
-3.41791
-3.41821
-3.41821
-3.41806
-3.41746
-3.4167
-3.41671
-3.41701
-3.41671
-3.4161
-3.4158
-3.4164
-3.4158
-3.41595
-3.41535
-3.4152
-3.41489
-3.41535
-3.41459
-3.41489
-3.41489
-3.41458
-3.41474
-3.41474
-3.41489
-3.4152
-3.4152
-3.41505
-3.41535
-3.4152
-3.41429
-3.41535
-3.41504
-3.41534
-3.41519
-3.41534
-3.41625
-3.41595
-3.4155
-3.4149
-3.41505
-3.41505
-3.41444
-3.41414
-3.41414
-3.41369
-3.41353
-3.41338
-3.41489
-3.41414
-3.41459
-3.41368
-3.41353
-3.41338
-3.41414
-3.41414
-3.41323
-3.41323
-3.41384
-3.41383
-3.41353
-3.41398
-3.41368
-3.41353
-3.41293
-3.41217
-3.41263
-3.41324
-3.41399
-3.41445
-3.4152
-3.41535
-3.41535
-3.41595
-3.41686
-3.41565
-3.41504
-3.41535
-3.41535
-3.4152
-3.41459
-3.41368
-3.41429
-3.41383
-3.41353
-3.41444
-3.41399
-3.41399
-3.41414
-3.41445
-3.4149
-3.41505
-3.41565
-3.4155
-3.4155
-3.4161
-3.41626
-3.41595
-3.4161
-3.41474
-3.41429
-3.41474
-3.41444
-3.41444
-3.41414
-3.41444
-3.41414
-3.41399
-3.41505
-3.41596
-3.4149
-3.41626
-3.41747
-3.41777
-3.41762
-3.41792
-3.41762
-3.41822
-3.41717
-3.41732
-3.41747
-3.41777
-3.41823
-3.41747
-3.41807
-3.41792
-3.41731
-3.41565
-3.4152
-3.4152
-3.41626
-3.41671
-3.41671
-3.41671
-3.41596
-3.41687
-3.41657
-3.41717
-3.41762
-3.41747
-3.41732
-3.41732
-3.41701
-3.41716
-3.41731
-3.41762
-3.41732
-3.41672
-3.41717
-3.41747
-3.41642
-3.41687
-3.41687
-3.41747
-3.41732
-3.41717
-3.41687
-3.41626
-3.41566
-3.41535
-3.4143
-3.41445
-3.41399
-3.41505
-3.4146
-3.41491
-3.414
-3.41506
-3.41536
-3.41566
-3.41475
-3.41535
-3.4161
-3.41565
-3.41626
-3.41702
-3.41702
-3.41717
-3.41717
-3.41777
-3.41777
-3.41701
-3.41776
-3.41761
-3.41837
-3.41868
-3.41898
-3.41898
-3.41838
-3.41913
-3.41852
-3.41807
-3.41762
-3.41838
-3.41959
-3.42004
-3.41989
-3.41989
-3.42004
-3.42049
-3.42004
-3.41852
-3.41731
-3.41731
-3.41792
-3.41822
-3.41822
-3.41777
-3.41822
-3.41732
-3.41686
-3.41596
-3.4149
-3.41566
-3.41566
-3.41566
-3.41596
-3.41551
-3.41551
-3.41596
-3.41641
-3.41732
-3.41686
-3.41626
-3.41641
-3.41566
-3.41626
-3.41596
-3.41581
-3.41444
-3.41565
-3.41565
-3.4152
-3.41581
-3.41566
-3.41491
-3.41642
-3.41597
-3.41672
-3.41778
-3.41853
-3.41914
-3.41823
-3.41838
-3.41807
-3.41716
-3.41716
-3.41822
-3.41868
-3.41868
-3.41732
-3.41657
-3.41627
-3.41642
-3.41642
-3.41748
-3.41702
-3.41687
-3.41657
-3.41581
-3.41566
-3.41641
-3.41641
-3.41611
-3.41732
-3.41732
-3.41671
-3.41581
-3.41551
-3.41551
-3.41672
-3.41642
-3.41732
-3.41717
-3.41778
-3.41793
-3.41762
-3.41687
-3.41657
-3.41626
-3.41717
-3.41732
-3.41732
-3.41717
-3.41702
-3.41732
-3.41702
-3.41641
-3.41732
-3.41732
-3.41762
-3.41717
-3.41701
-3.41777
-3.41792
-3.41792
-3.41671
-3.41656
-3.41717
-3.41702
-3.41687
-3.41657
-3.41611
-3.41551
-3.4143
-3.414
-3.4149
-3.41505
-3.41536
-3.41671
-3.41626
-3.41551
-3.41596
-3.4155
-3.4152
-3.4155
-3.41535
-3.41641
-3.41611
-3.41566
-3.41566
-3.41627
-3.41566
-3.41612
-3.41521
-3.41506
-3.4149
-3.41551
-3.41505
-3.41323
-3.41444
-3.41354
-3.41415
-3.4143
-3.41415
-3.41491
-3.41491
-3.41506
-3.41445
-3.4143
-3.4146
-3.41354
-3.41323
-3.41324
-3.41324
-3.4134
-3.41325
-3.41446
-3.41476
-3.41446
-3.41476
-3.41521
-3.41551
-3.41596
-3.41581
-3.41551
-3.41536
-3.41627
-3.41687
-3.41642
-3.41672
-3.41657
-3.41672
-3.41656
-3.41656
-3.41687
-3.41717
-3.41762
-3.41687
-3.41687
-3.41627
-3.41733
-3.41733
-3.41703
-3.41687
-3.41627
-3.41642
-3.41657
-3.41778
-3.41763
-3.41762
-3.41807
-3.41868
-3.41913
-3.41807
-3.41793
-3.41763
-3.41748
-3.41732
-3.41748
-3.41672
-3.41687
-3.41672
-3.41581
-3.41566
-3.41521
-3.41475
-3.41491
-3.41566
-3.41339
-3.41324
-3.41415
-3.41445
-3.41505
-3.41475
-3.41581
-3.41596
-3.41626
-3.41672
-3.41581
-3.41626
-3.41551
-3.41565
-3.41535
-3.41505
-3.4149
-3.4149
-3.41505
-3.41445
-3.41505
-3.4146
-3.41475
-3.4149
-3.41354
-3.41339
-3.41263
-3.41414
-3.41384
-3.41445
-3.41384
-3.41293
-3.41384
-3.4146
-3.41399
-3.41475
-3.41581
-3.41596
-3.41596
-3.41626
-3.41686
-3.41777
-3.41807
-3.41671
-3.41625
-3.25841
-3.25809
-3.25792
-3.25836
-3.25836
-3.25759
-3.25834
-3.25894
-3.26045
-3.26181
-3.26121
-3.26181
-3.26196
-3.26135
-3.26089
-3.26059
-3.25939
-3.2597
-3.2594
-3.2597
-3.25925
-3.26001
-3.26016
-3.26001
-3.26046
-3.2603
-3.25939
-3.26
-3.25939
-3.25985
-3.2597
-3.25879
-3.25834
-3.25728
-3.25668
-3.25788
-3.25788
-3.25833
-3.25758
-3.25894
-3.25864
-3.25879
-3.25909
-3.25864
-3.25818
-3.25833
-3.25803
-3.25833
-3.25879
-3.25909
-3.25969
-3.25848
-3.25833
-3.25878
-3.25788
-3.25788
-3.25667
-3.25577
-3.25607
-3.25682
-3.25561
-3.25637
-3.25758
-3.25727
-3.25712
-3.25728
-3.25758
-3.25713
-3.25683
-3.25637
-3.25622
-3.25713
-3.25713
-3.25743
-3.25668
-3.25637
-3.25577
-3.25698
-3.25713
-3.25562
-3.25668
-3.25577
-3.25637
-3.25683
-3.25653
-3.25713
-3.25758
-3.25698
-3.25728
-3.25683
-3.25653
-3.25623
-3.25638
-3.25608
-3.25593
-3.25547
-3.25699
-3.2582
-3.25819
-3.25804
-3.25774
-3.25894
-3.25864
-3.25864
-3.25849
-3.2591
-3.2591
-3.25835
-3.25729
-3.25728
-3.25834
-3.25788
-3.25788
-3.25879
-3.25909
-3.2591
-3.25955
-3.2591
-3.25925
-3.25864
-3.25774
-3.25729
-3.25729
-3.25684
-3.25714
-3.25729
-3.25699
-3.25698
-3.25638
-3.25668
-3.25713
-3.25714
-3.25669
-3.25714
-3.25729
-3.25668
-3.25698
-3.25593
-3.25577
-3.25668
-3.25577
-3.25547
-3.25502
-3.25427
-3.25321
-3.25231
-3.25397
-3.25397
-3.25397
-3.25457
-3.25593
-3.25623
-3.25653
-3.25517
-3.25427
-3.25578
-3.25547
-3.25547
-3.25608
-3.25653
-3.25653
-3.25593
-3.25593
-3.25548
-3.25533
-3.25548
-3.25533
-3.25563
-3.25578
-3.25548
-3.25472
-3.25457
-3.25426
-3.25381
-3.25396
-3.25382
-3.25352
-3.25261
-3.25261
-3.25306
-3.25276
-3.25336
-3.25457
-3.25442
-3.25623
-3.25578
-3.25578
-3.25699
-3.25775
-3.2576
-3.25835
-3.2585
-3.25926
-3.25926
-3.26016
-3.25925
-3.25865
-3.25895
-3.25881
-3.25805
-3.25775
-3.2576
-3.2576
-3.25775
-3.25775
-3.25699
-3.2579
-3.25744
-3.25623
-3.25639
-3.25714
-3.25759
-3.2582
-3.25775
-3.25805
-3.25745
-3.2576
-3.2582
-3.25699
-3.25669
-3.2576
-3.25805
-3.25896
-3.25896
-3.2585
-3.25835
-3.25941
-3.25971
-3.25941
-3.25987
-3.25941
-3.25911
-3.25971
-3.25971
-3.25956
-3.25956
-3.25926
-3.25926
-3.26017
-3.26107
-3.26032
-3.26002
-3.26017
-3.26017
-3.26077
-3.26107
-3.26062
-3.26077
-3.26138
-3.26183
-3.26259
-3.26304
-3.26335
-3.26244
-3.2638
-3.26335
-3.26229
-3.26169
-3.2632
-3.2638
-3.26395
-3.26334
-3.26304
-3.26379
-3.26259
-3.26259
-3.26153
-3.26183
-3.26169
-3.26139
-3.26184
-3.26229
-3.26154
-3.26138
-3.26213
-3.26258
-3.26213
-3.26062
-3.26123
-3.26032
-3.26108
-3.25972
-3.26002
-3.25987
-3.25927
-3.25896
-3.25972
-3.25912
-3.25927
-3.25927
-3.25942
-3.25836
-3.25776
-3.2579
-3.25896
-3.25865
-3.2582
-3.25745
-3.25745
-3.25715
-3.2573
-3.2567
-3.25715
-3.25806
-3.25821
-3.25806
-3.2576
-3.25806
-3.25821
-3.25912
-3.25942
-3.25942
-3.26002
-3.25972
-3.25942
-3.25806
-3.25881
-3.25942
-3.26048
-3.25912
-3.25881
-3.25881
-3.25821
-3.25821
-3.25911
-3.25972
-3.26047
-3.26078
-3.26048
-3.26048
-3.25987
-3.25942
-3.25926
-3.26017
-3.26002
-3.26047
-3.26092
-3.26077
-3.26108
-3.26108
-3.26108
-3.26123
-3.26092
-3.26062
-3.26017
-3.26078
-3.26153
-3.26168
-3.26153
-3.26123
-3.26123
-3.26138
-3.26153
-3.26093
-3.26138
-3.26168
-3.26153
-3.26213
-3.26168
-3.26274
-3.26168
-3.26168
-3.26228
-3.26198
-3.26168
-3.26229
-3.26259
-3.26289
-3.26138
-3.26123
-3.26047
-3.25957
-3.25927
-3.25882
-3.25851
-3.25851
-3.25805
-3.25805
-3.25744
-3.25624
-3.25684
-3.25609
-3.25654
-3.257
-3.25715
-3.2576
-3.25836
-3.25881
-3.25927
-3.26063
-3.26002
-3.25927
-3.25881
-3.25775
-3.25805
-3.25714
-3.25699
-3.25639
-3.25639
-3.25715
-3.25685
-3.2567
-3.25715
-3.25776
-3.25745
-3.25714
-3.25639
-3.25638
-3.25699
-3.25699
-3.25624
-3.25548
-3.25518
-3.25533
-3.25518
-3.25548
-3.25594
-3.25699
-3.25654
-3.25684
-3.2579
-3.25836
-3.2573
-3.25714
-3.2585
-3.25896
-3.25911
-3.25805
-3.25775
-3.25851
-3.25941
-3.25971
-3.25941
-3.25956
-3.25971
-3.26046
-3.26077
-3.25986
-3.25956
-3.26061
-3.26031
-3.26092
-3.26152
-3.25986
-3.26092
-3.26107
-3.26092
-3.26031
-3.26046
-3.26107
-3.25986
-3.26016
-3.26017
-3.26032
-3.25941
-3.26092
-3.26032
-3.25926
-3.25865
-3.25911
-3.25866
-3.25956
-3.26032
-3.26077
-3.26108
-3.26168
-3.26183
-3.26198
-3.26168
-3.26062
-3.26062
-3.26062
-3.26002
-3.26092
-3.26077
-3.26107
-3.26152
-3.26077
-3.26107
-3.26032
-3.26017
-3.26047
-3.26047
-3.26032
-3.25956
-3.26017
-3.26016
-3.26046
-3.26077
-3.26062
-3.26016
-3.26001
-3.26001
-3.26032
-3.26077
-3.26062
-3.25986
-3.25956
-3.25881
-3.25775
-3.25579
-3.25699
-3.25699
-3.25744
-3.25729
-3.25835
-3.2582
-3.25865
-3.25805
-3.2582
-3.2579
-3.2582
-3.2582
-3.2579
-3.2585
-3.25683
-3.25683
-3.25744
-3.25759
-3.25804
-3.25774
-3.25774
-3.25805
-3.25956
-3.25956
-3.25986
-3.26016
-3.26122
-3.26016
-3.26061
-3.26061
-3.26046
-3.26046
-3.25986
-3.26061
-3.26121
-3.26121
-3.26137
-3.26152
-3.26167
-3.26182
-3.26182
-3.26212
-3.26273
-3.26288
-3.26364
-3.26394
-3.26288
-3.26213
-3.26167
-3.26182
-3.26212
-3.26152
-3.26122
-3.26032
-3.26093
-3.26063
-3.26093
-3.26047
-3.26108
-3.25972
-3.25835
-3.25881
-3.2582
-3.25775
-3.25805
-3.25881
-3.2585
-3.25926
-3.25851
-3.25851
-3.2579
-3.2582
-3.25881
-3.25926
-3.25972
-3.25987
-3.25987
-3.26002
-3.26002
-3.25972
-3.26168
-3.26108
-3.26092
-3.26153
-3.26062
-3.26017
-3.26047
-3.26047
-3.26078
-3.26123
-3.26077
-3.26047
-3.26107
-3.26017
-3.26108
-3.26168
-3.26244
-3.26274
-3.26304
-3.26334
-3.26379
-3.26243
-3.26364
-3.26409
-3.26379
-3.26334
-3.26198
-3.26183
-3.26199
-3.26214
-3.26153
-3.26259
-3.26213
-3.2638
-3.2638
-3.2638
-3.26335
-3.2635
-3.26198
-3.26198
-3.26243
-3.26167
-3.26213
-3.26334
-3.26319
-3.26334
-3.26244
-3.26229
-3.26213
-3.26198
-3.26198
-3.26137
-3.26107
-3.26168
-3.26153
-3.26108
-3.26062
-3.26122
-3.26168
-3.26122
-3.26092
-3.26061
-3.26091
-3.26076
-3.25971
-3.26031
-3.25911
-3.25957
-3.25881
-3.25912
-3.25866
-3.25715
-3.2576
-3.2576
-3.2579
-3.25639
-3.2567
-3.25685
-3.2579
-3.25866
-3.25805
-3.25865
-3.25805
-3.25865
-3.26062
-3.26092
-3.26032
-3.26122
-3.26183
-3.26107
-3.26017
-3.25866
-3.25866
-3.2579
-3.25699
-3.25745
-3.2573
-3.2573
-3.25745
-3.25715
-3.2576
-3.2579
-3.25835
-3.2579
-3.2576
-3.25745
-3.25805
-3.25851
-3.25972
-3.25911
-3.25926
-3.25926
-3.2585
-3.2585
-3.2588
-3.2579
-3.25745
-3.25805
-3.25715
-3.25639
-3.25654
-3.257
-3.2579
-3.25745
-3.25805
-3.25654
-3.25639
-3.25714
-3.25639
-3.25563
-3.25458
-3.25427
-3.25352
-3.25322
-3.25337
-3.25337
-3.25398
-3.25503
-3.25564
-3.25639
-3.25684
-3.25759
-3.25759
-3.25668
-3.25713
-3.25789
-3.25714
-3.25759
-3.25699
-3.25654
-3.25715
-3.25684
-3.2573
-3.25881
-3.25881
-3.2582
-3.25775
-3.25775
-3.25775
-3.25835
-3.25896
-3.25926
-3.25911
-3.25987
-3.26017
-3.26032
-3.25941
-3.25971
-3.25881
-3.26002
-3.26032
-3.25956
-3.26032
-3.25987
-3.25881
-3.25866
-3.25775
-3.25699
-3.25699
-3.25669
-3.25654
-3.2576
-3.25699
-3.2582
-3.25714
-3.25729
-3.25744
-3.25744
-3.25729
-3.25835
-3.25805
-3.25775
-3.25775
-3.25759
-3.25654
-3.25684
-3.25699
-3.25639
-3.25623
-3.25669
-3.25669
-3.25684
-3.25624
-3.25639
-3.25624
-3.25639
-3.25548
-3.25533
-3.25397
-3.25412
-3.25457
-3.25472
-3.25532
-3.25608
-3.25547
-3.25608
-3.25669
-3.25654
-3.2576
-3.25896
-3.2579
-3.25745
-3.25684
-3.25714
-3.25653
-3.25714
-3.25789
-3.25759
-3.25789
-3.25729
-3.25744
-3.25714
-3.25593
-3.25624
-3.25775
-3.25805
-3.25699
-3.25608
-3.25623
-3.25563
-3.25563
-3.25518
-3.25533
-3.25533
-3.25532
-3.25532
-3.25593
-3.25608
-3.25639
-3.25669
-3.25669
-3.25639
-3.25593
-3.25563
-3.25578
-3.25608
-3.25578
-3.25563
-3.25579
-3.25413
-3.25443
-3.25413
-3.25443
-3.25473
-3.25503
-3.25518
-3.25502
-3.25563
-3.25563
-3.25578
-3.25593
-3.25488
-3.25548
-3.25654
-3.25624
-3.25608
-3.25623
-3.25729
-3.25759
-3.25714
-3.25578
-3.2576
-3.25836
-3.25836
-3.25836
-3.25806
-3.25941
-3.25941
-3.26017
-3.26001
-3.25986
-3.26016
-3.25986
-3.25835
-3.25744
-3.25653
-3.25669
-3.25654
-3.25594
-3.25518
-3.25579
-3.25518
-3.25549
-3.25518
-3.25533
-3.25549
-3.25579
-3.25594
-3.25594
-3.25533
-3.25503
-3.25578
-3.25699
-3.2579
-3.2579
-3.25669
-3.2573
-3.25775
-3.257
-3.25791
-3.2582
-3.2585
-3.25895
-3.2594
-3.2588
-3.2594
-3.25986
-3.26107
-3.26168
-3.26228
-3.26244
-3.26259
-3.26243
-3.26153
-3.26047
-3.26062
-3.25986
-3.26016
-3.25955
-3.25955
-3.25955
-3.25986
-3.25971
-3.25971
-3.26001
-3.25986
-3.26001
-3.26031
-3.26016
-3.26001
-3.25971
-3.2594
-3.2591
-3.2594
-3.25955
-3.2588
-3.25849
-3.25985
-3.2597
-3.25895
-3.25925
-3.25971
-3.25986
-3.26122
-3.26106
-3.26031
-3.25971
-3.25956
-3.25865
-3.2585
-3.2582
-3.25729
-3.25684
-3.25638
-3.25638
-3.25653
-3.25667
-3.25758
-3.25743
-3.25683
-3.25668
-3.25578
-3.25714
-3.25714
-3.25804
-3.25789
-3.2591
-3.25879
-3.25939
-3.25954
-3.25924
-3.25925
-3.25849
-3.25849
-3.25849
-3.25834
-3.25773
-3.25819
-3.25788
-3.25728
-3.25788
-3.25864
-3.25894
-3.25909
-3.25834
-3.25849
-3.25819
-3.25758
-3.25849
-3.25819
-3.2585
-3.2588
-3.25864
-3.25925
-3.25925
-3.25955
-3.26015
-3.26
-3.26045
-3.32957
-3.32955
-3.33014
-3.32998
-3.32952
-3.32725
-3.3271
-3.32664
-3.32754
-3.32769
-3.32783
-3.32889
-3.32949
-3.32905
-3.33041
-3.33026
-3.32996
-3.3292
-3.3289
-3.32844
-3.32753
-3.32723
-3.32798
-3.32693
-3.32799
-3.32905
-3.3283
-3.32875
-3.3289
-3.32859
-3.32829
-3.32829
-3.32859
-3.32934
-3.32949
-3.3298
-3.32934
-3.32874
-3.32708
-3.32723
-3.32632
-3.32633
-3.32633
-3.32617
-3.32572
-3.32526
-3.32557
-3.32436
-3.32481
-3.32436
-3.32451
-3.32391
-3.32466
-3.32406
-3.32406
-3.32422
-3.32376
-3.32391
-3.32466
-3.32496
-3.32496
-3.32587
-3.32678
-3.32633
-3.32558
-3.32588
-3.32648
-3.32542
-3.32587
-3.32482
-3.32451
-3.32481
-3.32587
-3.32602
-3.32557
-3.32587
-3.32557
-3.32436
-3.32512
-3.32466
-3.32527
-3.32451
-3.32481
-3.32497
-3.32542
-3.32557
-3.32572
-3.32633
-3.32723
-3.32648
-3.32769
-3.32723
-3.32678
-3.32707
-3.32692
-3.32662
-3.32723
-3.32723
-3.32633
-3.32724
-3.32769
-3.32738
-3.32799
-3.32874
-3.32904
-3.33025
-3.33146
-3.33161
-3.33055
-3.33116
-3.33131
-3.3304
-3.33116
-3.33101
-3.33056
-3.33025
-3.33025
-3.3304
-3.33116
-3.3307
-3.33116
-3.33085
-3.3307
-3.3304
-3.3304
-3.32995
-3.3298
-3.3301
-3.32904
-3.32798
-3.32874
-3.32828
-3.32753
-3.32707
-3.32617
-3.32572
-3.32511
-3.32526
-3.32556
-3.32541
-3.32677
-3.32738
-3.32617
-3.32662
-3.32692
-3.32707
-3.32768
-3.32783
-3.32738
-3.32738
-3.32738
-3.32783
-3.32889
-3.32889
-3.32737
-3.32737
-3.32677
-3.32677
-3.32632
-3.32587
-3.32617
-3.32738
-3.32874
-3.32829
-3.32889
-3.3301
-3.3301
-3.331
-3.33085
-3.33025
-3.33176
-3.33115
-3.33009
-3.33024
-3.33039
-3.32979
-3.33055
-3.32979
-3.32964
-3.32888
-3.32873
-3.32828
-3.32843
-3.32889
-3.32964
-3.3301
-3.32934
-3.32874
-3.32965
-3.3304
-3.32934
-3.32994
-3.32994
-3.331
-3.32979
-3.32828
-3.32813
-3.32783
-3.32753
-3.32798
-3.32919
-3.32934
-3.32903
-3.32949
-3.32964
-3.33039
-3.33009
-3.32934
-3.32783
-3.32829
-3.32844
-3.32874
-3.32814
-3.32844
-3.32874
-3.32829
-3.32844
-3.32964
-3.32934
-3.32873
-3.32843
-3.32782
-3.32783
-3.32798
-3.32889
-3.3298
-3.33085
-3.33055
-3.33085
-3.33281
-3.33221
-3.33191
-3.331
-3.33161
-3.331
-3.33161
-3.3307
-3.331
-3.33055
-3.33055
-3.331
-3.3307
-3.331
-3.331
-3.33115
-3.33039
-3.33024
-3.32949
-3.3307
-3.33025
-3.32995
-3.32995
-3.32949
-3.32843
-3.32813
-3.32753
-3.32873
-3.32828
-3.32797
-3.32828
-3.32827
-3.32782
-3.32737
-3.32691
-3.32646
-3.32571
-3.32541
-3.32541
-3.3251
-3.32556
-3.32511
-3.32526
-3.32496
-3.32571
-3.32617
-3.32587
-3.32511
-3.32466
-3.3242
-3.32465
-3.3248
-3.3254
-3.3248
-3.32556
-3.32616
-3.32843
-3.32874
-3.32828
-3.32647
-3.32663
-3.32693
-3.32692
-3.32647
-3.32722
-3.32692
-3.32783
-3.32768
-3.32677
-3.32692
-3.32753
-3.32723
-3.32753
-3.32677
-3.32571
-3.32647
-3.32662
-3.32663
-3.32784
-3.32602
-3.32572
-3.32587
-3.32511
-3.32556
-3.32526
-3.32435
-3.32435
-3.32359
-3.32344
-3.32223
-3.32238
-3.32284
-3.3239
-3.32391
-3.32557
-3.32784
-3.32799
-3.32753
-3.32814
-3.32828
-3.32843
-3.32964
-3.32933
-3.32888
-3.32843
-3.32843
-3.32753
-3.32843
-3.32828
-3.32888
-3.32979
-3.3301
-3.3301
-3.3304
-3.33085
-3.33221
-3.3316
-3.33145
-3.33236
-3.331
-3.33131
-3.33221
-3.33221
-3.33145
-3.33221
-3.33296
-3.33281
-3.33085
-3.33054
-3.32949
-3.32979
-3.32949
-3.33009
-3.33009
-3.3304
-3.32979
-3.32979
-3.32934
-3.32934
-3.32904
-3.32873
-3.32918
-3.32842
-3.32888
-3.32827
-3.32888
-3.32949
-3.32904
-3.32858
-3.3301
-3.32965
-3.32934
-3.32949
-3.32904
-3.32873
-3.32752
-3.32767
-3.32888
-3.32979
-3.32949
-3.33009
-3.32933
-3.32888
-3.32888
-3.32933
-3.32888
-3.32768
-3.32677
-3.32692
-3.32783
-3.32783
-3.32919
-3.32979
-3.32979
-3.32918
-3.32933
-3.32918
-3.32964
-3.32979
-3.32873
-3.32842
-3.32827
-3.32963
-3.33024
-3.33084
-3.33115
-3.33054
-3.33024
-3.33039
-3.33069
-3.33009
-3.32994
-3.33009
-3.32994
-3.33024
-3.32994
-3.33144
-3.33054
-3.3316
-3.33235
-3.33266
-3.3322
-3.33281
-3.33205
-3.33281
-3.3322
-3.33251
-3.33145
-3.33055
-3.3298
-3.32995
-3.32994
-3.32993
-3.33023
-3.33038
-3.33008
-3.32933
-3.32873
-3.32873
-3.32798
-3.32767
-3.32782
-3.32948
-3.32903
-3.32948
-3.32993
-3.33069
-3.32993
-3.33038
-3.33083
-3.33023
-3.33084
-3.33099
-3.3313
-3.3313
-3.331
-3.32994
-3.32964
-3.32994
-3.33039
-3.32994
-3.32933
-3.33009
-3.33054
-3.33144
-3.33099
-3.33039
-3.32979
-3.32963
-3.32963
-3.32948
-3.33024
-3.33069
-3.33084
-3.33054
-3.33054
-3.331
-3.33115
-3.33084
-3.32948
-3.32993
-3.32963
-3.32948
-3.32963
-3.32888
-3.32903
-3.32827
-3.32858
-3.32827
-3.32827
-3.32797
-3.32948
-3.32918
-3.32918
-3.32873
-3.32903
-3.32933
-3.32918
-3.32978
-3.32993
-3.32993
-3.32903
-3.32797
-3.32706
-3.32736
-3.32631
-3.32661
-3.32631
-3.32495
-3.32586
-3.32525
-3.3257
-3.32555
-3.32525
-3.3254
-3.32449
-3.32298
-3.32343
-3.32358
-3.32419
-3.32328
-3.32328
-3.32192
-3.32208
-3.32298
-3.32359
-3.32328
-3.32389
-3.32434
-3.32298
-3.32358
-3.32479
-3.32465
-3.32585
-3.3257
-3.3257
-3.326
-3.3266
-3.32645
-3.326
-3.32555
-3.32525
-3.32495
-3.32405
-3.32359
-3.32389
-3.32359
-3.32435
-3.32556
-3.32465
-3.32525
-3.3248
-3.32419
-3.32283
-3.32283
-3.32313
-3.32344
-3.32328
-3.32298
-3.32268
-3.32283
-3.32238
-3.32359
-3.32359
-3.32359
-3.32375
-3.3236
-3.3236
-3.32526
-3.32525
-3.3254
-3.32646
-3.32631
-3.32721
-3.32736
-3.32767
-3.32842
-3.32917
-3.32993
-3.33053
-3.33038
-3.3322
-3.33114
-3.33114
-3.33069
-3.33054
-3.33099
-3.33114
-3.33098
-3.32962
-3.32932
-3.32993
-3.33008
-3.33084
-3.32979
-3.33054
-3.32964
-3.32979
-3.32994
-3.32948
-3.32888
-3.32767
-3.32797
-3.32827
-3.32812
-3.32857
-3.32872
-3.32918
-3.32827
-3.32797
-3.32873
-3.32918
-3.32918
-3.32873
-3.32812
-3.32782
-3.32736
-3.32645
-3.326
-3.326
-3.32645
-3.326
-3.32616
-3.32465
-3.3248
-3.32495
-3.32556
-3.32631
-3.32707
-3.32631
-3.32586
-3.32646
-3.3254
-3.32464
-3.32419
-3.32434
-3.32434
-3.32449
-3.32464
-3.32465
-3.3251
-3.3245
-3.3254
-3.32465
-3.3254
-3.32479
-3.32495
-3.32495
-3.32434
-3.32555
-3.32601
-3.32767
-3.32721
-3.32751
-3.32751
-3.32796
-3.32812
-3.32887
-3.32888
-3.32903
-3.32964
-3.33024
-3.33009
-3.33144
-3.33114
-3.33084
-3.32993
-3.32842
-3.32737
-3.32782
-3.32737
-3.32737
-3.32692
-3.32707
-3.32722
-3.32706
-3.32691
-3.32706
-3.32676
-3.3257
-3.32585
-3.326
-3.3257
-3.32525
-3.3248
-3.32465
-3.3242
-3.32435
-3.3233
-3.3236
-3.32359
-3.32284
-3.32314
-3.32389
-3.32329
-3.32389
-3.3242
-3.32389
-3.32329
-3.32435
-3.32465
-3.3242
-3.32375
-3.32405
-3.32329
-3.32375
-3.32465
-3.3245
-3.3248
-3.32495
-3.32556
-3.32556
-3.32601
-3.32632
-3.32556
-3.32526
-3.32541
-3.32525
-3.3254
-3.32601
-3.32631
-3.32601
-3.32601
-3.32601
-3.32647
-3.32632
-3.32662
-3.32692
-3.32602
-3.32692
-3.32662
-3.32647
-3.32647
-3.32571
-3.32616
-3.32661
-3.32691
-3.32707
-3.32737
-3.32737
-3.32737
-3.32677
-3.32631
-3.32601
-3.32631
-3.32601
-3.32571
-3.32632
-3.32616
-3.32616
-3.32677
-3.32646
-3.32707
-3.32707
-3.32767
-3.32707
-3.32798
-3.32858
-3.32798
-3.32722
-3.32707
-3.32782
-3.32918
-3.33054
-3.331
-3.3313
-3.331
-3.32979
-3.32903
-3.32812
-3.32797
-3.32812
-3.32842
-3.32737
-3.32858
-3.32933
-3.32903
-3.32843
-3.32843
-3.32812
-3.32888
-3.32948
-3.33069
-3.33144
-3.33099
-3.33099
-3.33054
-3.33266
-3.33205
-3.33175
-3.33174
-3.33084
-3.33068
-3.32948
-3.32857
-3.32963
-3.32948
-3.32888
-3.32949
-3.32918
-3.33009
-3.32949
-3.32948
-3.33024
-3.32888
-3.32873
-3.32858
-3.32782
-3.32813
-3.32858
-3.32888
-3.32797
-3.32873
-3.32918
-3.32933
-3.32993
-3.32872
-3.32827
-3.32797
-3.32752
-3.32767
-3.32737
-3.32858
-3.32918
-3.33054
-3.33009
-3.33069
-3.33039
-3.33024
-3.32963
-3.32872
-3.32993
-3.33053
-3.32993
-3.32963
-3.32948
-3.33009
-3.32888
-3.32873
-3.32888
-3.32903
-3.32918
-3.32858
-3.32903
-3.32857
-3.32903
-3.32948
-3.32918
-3.32948
-3.32842
-3.32933
-3.32872
-3.32827
-3.32797
-3.32797
-3.32782
-3.32752
-3.32676
-3.3263
-3.32675
-3.32615
-3.3257
-3.3251
-3.32495
-3.32465
-3.32525
-3.32601
-3.32601
-3.326
-3.326
-3.3257
-3.32464
-3.32359
-3.32464
-3.32525
-3.32374
-3.32434
-3.32464
-3.3251
-3.32449
-3.32479
-3.32358
-3.32373
-3.3254
-3.32616
-3.32541
-3.32299
-3.32284
-3.32405
-3.32496
-3.32465
-3.32419
-3.32434
-3.32495
-3.32525
-3.32585
-3.3257
-3.3257
-3.32585
-3.32676
-3.32722
-3.32707
-3.32707
-3.32768
-3.32873
-3.32934
-3.32919
-3.32964
-3.32948
-3.33024
-3.33069
-3.32979
-3.33009
-3.32979
-3.33024
-3.33039
-3.32994
-3.33054
-3.32994
-3.32918
-3.32812
-3.32827
-3.32752
-3.32707
-3.32767
-3.32767
-3.32767
-3.32692
-3.32646
-3.32495
-3.32434
-3.32495
-3.32525
-3.32601
-3.32783
-3.32647
-3.32602
-3.32632
-3.32601
-3.3254
-3.3254
-3.32509
-3.32524
-3.3263
-3.32479
-3.32525
-3.32601
-3.32646
-3.32662
-3.32737
-3.32737
-3.32767
-3.32797
-3.32782
-3.32676
-3.32571
-3.32601
-3.32586
-3.32616
-3.32571
-3.32526
-3.3248
-3.3251
-3.3254
-3.3254
-3.32495
-3.32465
-3.3251
-3.32435
-3.32435
-3.32466
-3.3242
-3.3239
-3.32465
-3.32541
-3.3251
-3.32449
-3.32465
-3.32465
-3.32405
-3.3236
-3.3239
-3.32375
-3.32375
-3.32254
-3.32269
-3.32163
-3.32209
-3.32209
-3.32193
-3.32223
-3.28731
-3.28728
-3.28712
-3.28666
-3.28635
-3.28604
-3.28574
-3.28664
-3.28693
-3.28829
-3.28829
-3.2886
-3.28921
-3.28982
-3.28982
-3.28996
-3.28965
-3.2898
-3.28965
-3.2898
-3.29042
-3.29042
-3.29117
-3.29087
-3.29057
-3.29011
-3.28996
-3.29057
-3.29117
-3.29148
-3.29087
-3.29147
-3.29072
-3.29087
-3.29072
-3.28921
-3.29027
-3.29132
-3.29208
-3.29162
-3.29177
-3.29102
-3.29056
-3.29071
-3.29146
-3.29147
-3.29117
-3.29072
-3.29102
-3.29132
-3.29042
-3.28921
-3.28891
-3.28906
-3.28905
-3.2892
-3.28965
-3.29056
-3.29117
-3.29192
-3.29298
-3.29328
-3.29253
-3.29283
-3.29328
-3.29313
-3.29222
-3.29132
-3.29132
-3.29177
-3.29162
-3.29131
-3.29176
-3.29131
-3.29161
-3.29176
-3.29207
-3.29102
-3.29102
-3.29222
-3.29222
-3.29162
-3.29222
-3.29373
-3.29313
-3.29297
-3.29418
-3.29268
-3.29313
-3.29313
-3.29177
-3.29268
-3.29192
-3.29131
-3.29055
-3.29236
-3.29146
-3.29252
-3.29192
-3.29192
-3.29101
-3.29131
-3.29055
-3.29055
-3.29175
-3.29221
-3.29161
-3.29161
-3.29192
-3.29223
-3.29238
-3.29223
-3.29268
-3.29328
-3.29327
-3.29312
-3.29342
-3.29311
-3.29251
-3.29373
-3.29418
-3.29298
-3.29283
-3.29207
-3.29177
-3.29297
-3.29252
-3.29266
-3.29296
-3.29311
-3.29266
-3.29267
-3.29313
-3.29373
-3.29495
-3.29525
-3.2957
-3.29555
-3.29539
-3.29584
-3.29523
-3.29508
-3.29524
-3.29448
-3.29524
-3.29448
-3.29343
-3.29282
-3.29177
-3.29056
-3.29025
-3.2904
-3.28979
-3.28949
-3.28979
-3.28934
-3.28934
-3.28935
-3.28874
-3.28829
-3.28814
-3.28753
-3.28783
-3.28783
-3.28828
-3.28934
-3.29025
-3.2907
-3.291
-3.29085
-3.28995
-3.28965
-3.29025
-3.2907
-3.29085
-3.29115
-3.29191
-3.29206
-3.29206
-3.29251
-3.29297
-3.29357
-3.29448
-3.29463
-3.29433
-3.29509
-3.29524
-3.29599
-3.29463
-3.29403
-3.29508
-3.29493
-3.29493
-3.29508
-3.29463
-3.29448
-3.29387
-3.29372
-3.29312
-3.29357
-3.29493
-3.29584
-3.29508
-3.29493
-3.29493
-3.29569
-3.29659
-3.29675
-3.29735
-3.2969
-3.29554
-3.29387
-3.29387
-3.29402
-3.29387
-3.29463
-3.29538
-3.29418
-3.29237
-3.29282
-3.29403
-3.29342
-3.29342
-3.29311
-3.29387
-3.29342
-3.29372
-3.29387
-3.29312
-3.29297
-3.29237
-3.29237
-3.29222
-3.29191
-3.29207
-3.29221
-3.29267
-3.29312
-3.29418
-3.29448
-3.29463
-3.29508
-3.29508
-3.29553
-3.29508
-3.29433
-3.29388
-3.29478
-3.29478
-3.29418
-3.29342
-3.29403
-3.29463
-3.29448
-3.29463
-3.29402
-3.29342
-3.29418
-3.29388
-3.29297
-3.29267
-3.29357
-3.29251
-3.29281
-3.29191
-3.29221
-3.29297
-3.29433
-3.29493
-3.29569
-3.29599
-3.29584
-3.29539
-3.29584
-3.29553
-3.29583
-3.29583
-3.29659
-3.29599
-3.29599
-3.29554
-3.29554
-3.29448
-3.29433
-3.29327
-3.29311
-3.29266
-3.29266
-3.29281
-3.29236
-3.29191
-3.29206
-3.29222
-3.29297
-3.29267
-3.29161
-3.2913
-3.29085
-3.29085
-3.29131
-3.29176
-3.29176
-3.29146
-3.29236
-3.29206
-3.29175
-3.29341
-3.29356
-3.2928
-3.29446
-3.29522
-3.29644
-3.29659
-3.2966
-3.29705
-3.2972
-3.2972
-3.29705
-3.2966
-3.2966
-3.29659
-3.29614
-3.29644
-3.29568
-3.29674
-3.29583
-3.29598
-3.29598
-3.29629
-3.2975
-3.2978
-3.29796
-3.29841
-3.29887
-3.29901
-3.29871
-3.2984
-3.29945
-3.2987
-3.29854
-3.29839
-3.29885
-3.29946
-3.29931
-3.30007
-3.29977
-3.30023
-3.29902
-3.29796
-3.29705
-3.29538
-3.29492
-3.29462
-3.29417
-3.29402
-3.29493
-3.29493
-3.29433
-3.29388
-3.29478
-3.29554
-3.2966
-3.29569
-3.29599
-3.29735
-3.2978
-3.29811
-3.29841
-3.29871
-3.2981
-3.29765
-3.29659
-3.29568
-3.29508
-3.29418
-3.29358
-3.29343
-3.29463
-3.29478
-3.29463
-3.29478
-3.29448
-3.29509
-3.29569
-3.29539
-3.29554
-3.29584
-3.29509
-3.29554
-3.29645
-3.29599
-3.29538
-3.29628
-3.29523
-3.29447
-3.29463
-3.29508
-3.29448
-3.29448
-3.29417
-3.29372
-3.29448
-3.29538
-3.29599
-3.2972
-3.2975
-3.29704
-3.29659
-3.29659
-3.29599
-3.29553
-3.29508
-3.29523
-3.29553
-3.29463
-3.29478
-3.29447
-3.29296
-3.2922
-3.29205
-3.29115
-3.29236
-3.29326
-3.29372
-3.29356
-3.29356
-3.29341
-3.29341
-3.29416
-3.29341
-3.29387
-3.29387
-3.29387
-3.29402
-3.29433
-3.29296
-3.29311
-3.29296
-3.29311
-3.29296
-3.29371
-3.29326
-3.29281
-3.29296
-3.29296
-3.29281
-3.29387
-3.29462
-3.29447
-3.29417
-3.29538
-3.29614
-3.29584
-3.29508
-3.29387
-3.29371
-3.29371
-3.29477
-3.29492
-3.29416
-3.29522
-3.29598
-3.29598
-3.29674
-3.2972
-3.29659
-3.29584
-3.29659
-3.29644
-3.29659
-3.29628
-3.29568
-3.29658
-3.29704
-3.2981
-3.29825
-3.29825
-3.29825
-3.2984
-3.29795
-3.29719
-3.29719
-3.29689
-3.29644
-3.29599
-3.29583
-3.29659
-3.29644
-3.29659
-3.29674
-3.29538
-3.29463
-3.29523
-3.29614
-3.29719
-3.29735
-3.29735
-3.29629
-3.29569
-3.29448
-3.29508
-3.29448
-3.29463
-3.29447
-3.29508
-3.29538
-3.29493
-3.29417
-3.29372
-3.29523
-3.29523
-3.29568
-3.29629
-3.29493
-3.29463
-3.29432
-3.29417
-3.29357
-3.29402
-3.29372
-3.29417
-3.29387
-3.29493
-3.29357
-3.29357
-3.29327
-3.29267
-3.29222
-3.29176
-3.29161
-3.29161
-3.29206
-3.29175
-3.29205
-3.29281
-3.29372
-3.29523
-3.29554
-3.29569
-3.29615
-3.29675
-3.2969
-3.29659
-3.29644
-3.29569
-3.29478
-3.29312
-3.29312
-3.29282
-3.29358
-3.29297
-3.29297
-3.29191
-3.2913
-3.2913
-3.29115
-3.291
-3.29145
-3.29145
-3.29145
-3.2907
-3.2913
-3.29176
-3.2907
-3.2904
-3.2901
-3.29055
-3.2904
-3.28874
-3.28828
-3.28874
-3.28843
-3.28904
-3.28874
-3.28798
-3.28768
-3.28617
-3.28616
-3.28737
-3.28752
-3.28722
-3.28617
-3.28617
-3.28602
-3.28798
-3.28843
-3.28783
-3.28782
-3.28797
-3.28828
-3.28752
-3.28767
-3.28707
-3.28677
-3.28722
-3.28752
-3.28752
-3.28752
-3.28828
-3.28843
-3.28873
-3.2904
-3.28979
-3.28979
-3.28919
-3.28889
-3.28783
-3.28753
-3.28783
-3.28783
-3.28888
-3.28918
-3.28843
-3.28858
-3.28874
-3.28949
-3.28889
-3.28843
-3.28949
-3.28979
-3.291
-3.29039
-3.29024
-3.29085
-3.29009
-3.29009
-3.29024
-3.29009
-3.2913
-3.29161
-3.29146
-3.29146
-3.29161
-3.29146
-3.29176
-3.29236
-3.29175
-3.29099
-3.29054
-3.29054
-3.29084
-3.28994
-3.28994
-3.29145
-3.29039
-3.291
-3.29145
-3.29191
-3.29236
-3.29176
-3.29296
-3.29296
-3.29266
-3.29356
-3.29326
-3.29326
-3.29416
-3.29341
-3.29356
-3.29401
-3.29462
-3.29357
-3.29311
-3.29281
-3.2922
-3.29251
-3.29251
-3.2922
-3.29266
-3.29326
-3.29447
-3.29432
-3.29311
-3.29402
-3.29432
-3.29417
-3.29266
-3.29281
-3.29206
-3.29221
-3.29221
-3.2919
-3.2916
-3.2916
-3.29191
-3.29266
-3.29342
-3.29357
-3.29281
-3.29341
-3.29401
-3.29356
-3.29401
-3.29326
-3.29386
-3.29417
-3.29387
-3.29342
-3.29267
-3.29357
-3.29433
-3.29402
-3.29387
-3.29417
-3.29447
-3.29356
-3.29311
-3.29311
-3.29356
-3.29341
-3.29402
-3.29477
-3.29432
-3.29448
-3.29418
-3.29433
-3.29478
-3.29463
-3.29462
-3.29432
-3.29326
-3.29386
-3.29462
-3.29371
-3.29462
-3.29432
-3.29341
-3.29402
-3.29523
-3.29463
-3.29342
-3.29312
-3.29252
-3.29267
-3.29266
-3.29357
-3.29371
-3.29326
-3.29236
-3.29281
-3.29266
-3.29221
-3.29236
-3.29296
-3.29417
-3.29432
-3.29417
-3.29462
-3.29447
-3.29523
-3.29643
-3.29568
-3.29643
-3.29689
-3.29674
-3.29583
-3.29508
-3.29462
-3.29447
-3.29402
-3.29402
-3.29387
-3.29371
-3.29432
-3.29386
-3.29326
-3.29296
-3.29311
-3.29281
-3.29251
-3.2913
-3.2913
-3.291
-3.2913
-3.28994
-3.28903
-3.28994
-3.29039
-3.29084
-3.29024
-3.28979
-3.291
-3.29069
-3.2913
-3.2907
-3.28934
-3.29054
-3.29069
-3.29069
-3.28993
-3.28903
-3.28812
-3.28752
-3.28873
-3.28812
-3.28752
-3.28798
-3.28873
-3.28964
-3.28888
-3.28903
-3.28918
-3.28873
-3.29009
-3.29054
-3.28994
-3.28843
-3.28858
-3.28812
-3.28631
-3.28616
-3.2851
-3.2845
-3.28404
-3.28374
-3.28404
-3.28389
-3.28404
-3.28405
-3.2842
-3.2848
-3.2845
-3.28374
-3.2851
-3.28526
-3.2848
-3.2848
-3.2854
-3.2863
-3.28706
-3.28752
-3.28813
-3.28737
-3.28798
-3.28783
-3.28752
-3.28783
-3.28843
-3.28767
-3.28858
-3.28888
-3.28842
-3.28903
-3.28873
-3.28948
-3.29009
-3.29039
-3.28918
-3.28949
-3.28948
-3.28873
-3.28979
-3.28979
-3.28949
-3.2904
-3.29009
-3.28904
-3.28964
-3.28978
-3.29069
-3.28978
-3.28917
-3.28993
-3.28932
-3.28917
-3.28872
-3.28872
-3.28842
-3.28858
-3.28948
-3.28933
-3.29024
-3.28993
-3.28963
-3.28917
-3.29068
-3.29189
-3.2928
-3.2919
-3.29115
-3.2916
-3.29221
-3.2919
-3.2919
-3.29159
-3.29234
-3.29325
-3.2931
-3.29401
-3.29462
-3.29447
-3.29461
-3.29552
-3.29537
-3.29552
-3.29613
-3.29643
-3.29658
-3.29658
-3.29673
-3.29688
-3.29643
-3.29598
-3.29417
-3.29492
-3.29538
-3.29583
-3.29598
-3.29492
-3.29613
-3.29567
-3.29582
-3.29628
-3.29567
-3.29567
-3.29628
-3.29673
-3.29673
-3.29703
-3.29719
-3.29764
-3.2987
-3.29809
-3.29779
-3.29855
-3.29749
-3.29659
-3.29734
-3.29689
-3.29644
-3.29628
-3.29643
-3.29627
-3.29763
-3.29673
-3.29643
-3.29538
-3.29553
-3.29402
-3.29372
-3.29266
-3.29191
-3.29055
-3.29206
-3.29176
-3.29115
-3.29099
-3.2922
-3.29266
-3.29281
-3.29296
-3.29341
-3.29356
-3.29386
-3.29492
-3.29538
-3.29477
-3.29402
-3.29432
-3.29417
-3.29432
-3.29553
-3.29507
-3.29522
-3.29507
-3.29477
-3.29447
-3.29507
-3.29462
-3.29356
-3.29372
-3.29296
-3.29251
-3.29402
-3.29448
-3.29312
-3.29281
-3.29387
-3.29342
-3.29341
-3.29402
-3.29417
-3.29356
-3.29402
-3.29387
-3.29281
-3.29221
-3.29251
-3.29221
-3.29206
-3.29236
-3.29205
-3.29145
-3.29129
-3.29039
-3.28979
-3.29024
-3.29085
-3.29161
-3.29221
-3.36892
-3.36815
-3.36799
-3.36737
-3.36858
-3.36842
-3.36812
-3.36872
-3.36917
-3.36931
-3.36931
-3.36961
-3.36976
-3.37127
-3.37188
-3.37112
-3.37082
-3.37173
-3.37113
-3.37083
-3.37113
-3.37174
-3.37158
-3.37098
-3.37022
-3.37053
-3.36992
-3.37053
-3.37037
-3.37098
-3.37127
-3.37157
-3.37067
-3.36961
-3.36962
-3.36977
-3.36947
-3.36963
-3.36811
-3.36796
-3.3672
-3.36659
-3.36689
-3.36705
-3.3669
-3.36871
-3.36962
-3.37022
-3.37037
-3.36992
-3.36932
-3.37038
-3.37053
-3.37007
-3.36932
-3.36962
-3.37007
-3.37007
-3.37097
-3.37112
-3.37157
-3.37082
-3.37173
-3.37264
-3.37294
-3.37279
-3.37219
-3.3734
-3.37295
-3.3734
-3.374
-3.374
-3.37476
-3.37431
-3.37536
-3.37597
-3.37566
-3.3749
-3.37415
-3.37354
-3.37355
-3.37325
-3.37234
-3.37143
-3.37083
-3.37113
-3.37068
-3.37068
-3.37068
-3.37053
-3.37068
-3.37083
-3.37234
-3.37249
-3.37279
-3.37354
-3.37203
-3.37143
-3.37158
-3.37173
-3.37264
-3.37188
-3.37203
-3.37233
-3.37097
-3.37067
-3.37173
-3.37172
-3.37263
-3.37278
-3.37324
-3.37264
-3.37294
-3.3731
-3.37189
-3.37143
-3.37052
-3.36991
-3.37067
-3.37082
-3.37052
-3.37022
-3.37007
-3.36947
-3.36977
-3.36961
-3.3681
-3.3675
-3.3675
-3.36689
-3.36674
-3.3672
-3.36765
-3.3675
-3.3672
-3.36674
-3.3675
-3.3675
-3.36765
-3.36856
-3.36886
-3.3684
-3.3684
-3.3678
-3.36795
-3.36795
-3.36856
-3.36931
-3.36931
-3.36916
-3.36931
-3.36931
-3.36946
-3.36931
-3.37067
-3.37142
-3.37097
-3.37007
-3.36991
-3.37021
-3.36975
-3.36855
-3.3678
-3.36675
-3.3663
-3.36645
-3.36736
-3.3669
-3.3663
-3.36614
-3.36673
-3.36703
-3.36673
-3.36659
-3.36689
-3.3672
-3.3681
-3.3675
-3.3675
-3.36795
-3.36811
-3.36901
-3.36886
-3.36871
-3.36886
-3.36856
-3.36901
-3.37022
-3.37082
-3.36901
-3.36885
-3.36976
-3.36961
-3.36871
-3.36961
-3.37007
-3.36841
-3.36916
-3.36901
-3.36931
-3.36931
-3.36961
-3.36931
-3.36961
-3.36886
-3.36826
-3.36735
-3.36674
-3.36765
-3.36856
-3.3687
-3.37021
-3.36991
-3.36991
-3.36961
-3.36871
-3.36825
-3.36886
-3.36976
-3.36856
-3.36735
-3.36659
-3.36644
-3.36675
-3.36675
-3.36615
-3.3663
-3.3669
-3.3666
-3.36705
-3.36599
-3.36523
-3.36598
-3.36674
-3.36629
-3.36674
-3.3669
-3.36735
-3.36751
-3.36766
-3.36751
-3.36766
-3.36614
-3.36826
-3.36931
-3.37007
-3.37052
-3.36841
-3.36781
-3.36781
-3.36856
-3.36796
-3.36825
-3.36885
-3.36991
-3.36991
-3.37037
-3.37037
-3.37128
-3.37158
-3.37143
-3.37219
-3.37204
-3.37204
-3.37128
-3.37022
-3.36992
-3.37052
-3.36992
-3.37067
-3.36961
-3.37007
-3.36916
-3.36977
-3.37007
-3.37022
-3.37022
-3.36901
-3.36765
-3.36825
-3.36795
-3.36871
-3.36887
-3.36796
-3.36736
-3.36766
-3.36751
-3.36811
-3.36901
-3.36855
-3.36915
-3.3693
-3.36931
-3.36931
-3.36916
-3.36916
-3.36932
-3.36932
-3.36902
-3.36887
-3.36917
-3.36917
-3.36886
-3.37007
-3.36991
-3.36991
-3.37082
-3.37007
-3.37067
-3.36977
-3.37007
-3.37053
-3.36947
-3.36993
-3.36962
-3.36947
-3.36992
-3.36947
-3.36917
-3.37007
-3.36962
-3.36886
-3.36887
-3.36887
-3.36887
-3.37008
-3.37007
-3.36962
-3.36977
-3.36961
-3.36946
-3.36976
-3.36991
-3.36946
-3.36962
-3.36872
-3.36872
-3.36857
-3.36811
-3.36902
-3.36886
-3.36961
-3.37007
-3.37007
-3.36946
-3.37022
-3.36992
-3.36932
-3.37007
-3.36992
-3.36947
-3.36977
-3.36961
-3.37067
-3.36916
-3.36916
-3.36931
-3.36901
-3.36947
-3.37007
-3.37007
-3.37068
-3.36962
-3.36871
-3.36871
-3.36825
-3.36901
-3.36961
-3.36856
-3.36825
-3.36705
-3.36599
-3.36599
-3.36493
-3.36418
-3.36357
-3.36418
-3.36599
-3.36554
-3.36554
-3.36599
-3.36614
-3.36674
-3.3672
-3.36659
-3.36569
-3.36538
-3.36569
-3.36569
-3.36569
-3.36569
-3.36508
-3.36418
-3.36463
-3.36387
-3.36387
-3.36523
-3.36614
-3.36629
-3.36644
-3.36735
-3.3681
-3.36916
-3.36961
-3.36961
-3.37052
-3.37006
-3.37007
-3.36961
-3.36931
-3.37037
-3.37112
-3.37067
-3.37143
-3.37188
-3.37112
-3.37022
-3.37022
-3.37097
-3.37143
-3.37068
-3.36992
-3.36977
-3.37068
-3.37052
-3.36886
-3.36901
-3.36931
-3.37067
-3.37143
-3.37218
-3.37203
-3.37188
-3.37173
-3.37203
-3.37143
-3.37234
-3.37219
-3.37234
-3.37128
-3.37204
-3.37204
-3.37219
-3.37143
-3.37098
-3.37203
-3.37173
-3.37127
-3.37158
-3.37159
-3.37083
-3.37038
-3.37053
-3.37068
-3.37083
-3.37068
-3.37037
-3.36992
-3.36962
-3.36916
-3.36796
-3.36826
-3.36856
-3.36735
-3.36675
-3.3666
-3.36691
-3.36736
-3.36781
-3.36842
-3.3666
-3.36766
-3.36796
-3.36826
-3.36826
-3.36871
-3.36796
-3.36796
-3.3672
-3.36629
-3.36494
-3.36433
-3.36403
-3.36434
-3.36479
-3.36554
-3.36539
-3.36448
-3.36433
-3.36615
-3.3657
-3.36555
-3.36555
-3.36661
-3.36706
-3.36736
-3.36736
-3.36675
-3.36675
-3.3657
-3.36645
-3.36676
-3.36736
-3.36751
-3.36751
-3.36766
-3.36751
-3.36901
-3.37067
-3.37143
-3.37113
-3.37053
-3.37023
-3.37053
-3.37099
-3.37129
-3.37008
-3.37038
-3.37023
-3.37053
-3.37053
-3.36947
-3.37023
-3.36992
-3.36947
-3.36947
-3.36841
-3.36932
-3.36993
-3.36933
-3.37039
-3.36963
-3.37009
-3.37099
-3.37098
-3.37083
-3.37007
-3.37098
-3.37144
-3.37038
-3.36993
-3.36948
-3.36932
-3.37008
-3.37038
-3.37084
-3.37129
-3.37205
-3.37296
-3.37144
-3.37189
-3.37083
-3.37007
-3.37038
-3.37084
-3.37099
-3.37099
-3.37038
-3.37053
-3.37068
-3.36962
-3.36932
-3.37038
-3.36932
-3.37023
-3.37083
-3.36993
-3.37008
-3.37038
-3.37084
-3.37068
-3.37128
-3.37159
-3.37174
-3.37189
-3.37144
-3.37129
-3.37038
-3.37068
-3.36977
-3.36962
-3.36917
-3.36856
-3.36826
-3.36827
-3.36766
-3.36827
-3.36691
-3.36781
-3.36781
-3.36842
-3.36812
-3.36872
-3.36872
-3.36902
-3.36856
-3.36902
-3.36947
-3.37083
-3.36993
-3.37023
-3.37068
-3.37098
-3.37113
-3.37083
-3.37113
-3.37113
-3.37113
-3.37113
-3.37068
-3.37038
-3.37144
-3.37129
-3.37174
-3.37219
-3.37325
-3.37355
-3.37385
-3.37385
-3.37385
-3.37279
-3.37189
-3.37174
-3.37098
-3.37038
-3.37143
-3.37234
-3.37264
-3.37415
-3.3743
-3.3746
-3.37521
-3.37445
-3.37582
-3.37491
-3.37506
-3.37476
-3.37476
-3.37355
-3.37415
-3.37491
-3.37309
-3.37264
-3.37249
-3.37174
-3.37144
-3.37189
-3.37053
-3.37023
-3.37068
-3.37144
-3.37098
-3.37007
-3.37053
-3.37053
-3.37128
-3.37174
-3.37174
-3.37098
-3.37113
-3.37098
-3.37189
-3.37174
-3.37219
-3.37385
-3.3731
-3.37219
-3.37174
-3.37174
-3.37219
-3.3725
-3.37295
-3.37295
-3.37295
-3.3734
-3.3731
-3.37401
-3.3734
-3.3728
-3.3725
-3.3725
-3.37189
-3.37129
-3.37144
-3.37234
-3.3734
-3.37355
-3.37339
-3.3746
-3.37476
-3.3743
-3.3737
-3.3734
-3.37234
-3.37189
-3.37234
-3.37234
-3.37295
-3.37265
-3.37174
-3.3728
-3.37295
-3.3731
-3.37128
-3.37083
-3.37219
-3.37294
-3.37294
-3.3728
-3.3728
-3.3725
-3.37174
-3.37189
-3.37159
-3.37023
-3.37023
-3.37053
-3.37038
-3.36948
-3.36887
-3.36857
-3.36796
-3.36826
-3.3669
-3.3666
-3.36751
-3.36857
-3.36796
-3.36766
-3.36782
-3.36706
-3.36691
-3.36767
-3.36812
-3.36842
-3.36902
-3.36872
-3.36902
-3.36978
-3.37009
-3.37084
-3.3716
-3.37281
-3.3722
-3.37219
-3.37113
-3.37053
-3.37053
-3.37053
-3.37114
-3.37024
-3.36948
-3.36979
-3.36903
-3.36932
-3.36902
-3.36766
-3.36827
-3.36767
-3.36737
-3.36646
-3.36676
-3.36691
-3.36676
-3.3654
-3.366
-3.36706
-3.36646
-3.36646
-3.36646
-3.36721
-3.36661
-3.36751
-3.36766
-3.36751
-3.36781
-3.36796
-3.36872
-3.36917
-3.36917
-3.36933
-3.36948
-3.36903
-3.36903
-3.36827
-3.36812
-3.36948
-3.37069
-3.37114
-3.37084
-3.37084
-3.37054
-3.37129
-3.37099
-3.37159
-3.37189
-3.37129
-3.37129
-3.37189
-3.3722
-3.37174
-3.37174
-3.37235
-3.37341
-3.37235
-3.37099
-3.37129
-3.37039
-3.37039
-3.37084
-3.37175
-3.3719
-3.37145
-3.37099
-3.37114
-3.37008
-3.36948
-3.36948
-3.36903
-3.36888
-3.36918
-3.36963
-3.36857
-3.36827
-3.36782
-3.36812
-3.36888
-3.36782
-3.36873
-3.36888
-3.36933
-3.37024
-3.37039
-3.37039
-3.37069
-3.37054
-3.3716
-3.37054
-3.37039
-3.36994
-3.36994
-3.36918
-3.36964
-3.36903
-3.36903
-3.36918
-3.36857
-3.36902
-3.36917
-3.36902
-3.36947
-3.36963
-3.37008
-3.37099
-3.37085
-3.371
-3.37039
-3.37054
-3.37024
-3.37009
-3.37084
-3.37054
-3.37129
-3.37159
-3.37129
-3.37083
-3.37083
-3.36963
-3.36902
-3.36902
-3.36887
-3.36948
-3.36948
-3.37008
-3.37054
-3.36887
-3.36933
-3.37008
-3.37053
-3.36993
-3.36978
-3.36887
-3.36902
-3.36767
-3.36767
-3.36797
-3.36767
-3.36888
-3.36767
-3.36827
-3.36797
-3.36812
-3.36887
-3.36948
-3.36902
-3.36842
-3.36887
-3.36902
-3.36812
-3.36721
-3.36797
-3.36736
-3.36797
-3.36706
-3.36692
-3.36782
-3.36858
-3.36813
-3.36979
-3.36949
-3.37054
-3.37069
-3.37024
-3.37008
-3.37023
-3.37068
-3.36933
-3.37009
-3.36994
-3.36949
-3.36949
-3.36888
-3.36767
-3.36691
-3.36797
-3.36752
-3.36782
-3.36858
-3.36903
-3.36888
-3.36843
-3.36828
-3.36858
-3.36812
-3.36797
-3.36843
-3.36782
-3.36722
-3.36737
-3.36616
-3.36631
-3.36767
-3.36707
-3.36783
-3.36707
-3.36752
-3.36737
-3.36691
-3.36646
-3.36736
-3.36842
-3.36842
-3.36812
-3.36858
-3.36964
-3.36979
-3.36994
-3.36964
-3.37039
-3.37054
-3.37024
-3.37084
-3.36994
-3.37039
-3.36979
-3.36903
-3.36934
-3.36873
-3.36798
-3.36813
-3.36797
-3.36646
-3.36706
-3.36691
-3.36722
-3.36737
-3.36722
-3.36721
-3.36767
-3.36812
-3.36752
-3.36752
-3.36692
-3.36616
-3.36541
-3.36571
-3.36571
-3.3657
-3.3654
-3.36479
-3.36479
-3.36434
-3.36343
-3.36374
-3.36329
-3.36465
-3.36525
-3.36571
-3.36586
-3.36571
