0  -6.62901  0
1  -6.63664  0.0053992
2  -6.63703  0.00361383
3  -6.63759  0.00275203
4  -6.63645  0.00242322
5  -6.63744  0.00221153
6  -6.63771  0.0019124
7  -6.63779  0.00167476
8  -6.63797  0.00149801
9  -6.638  0.00134858
10  -6.63781  0.00123876
11  -6.63784  0.00113578
12  -6.63766  0.00106283
13  -6.63779  0.000995666
14  -6.63788  0.000933548
15  -6.63795  0.00087767
16  -6.63763  0.000881721
17  -6.63786  0.000860088
18  -6.63822  0.000886619
19  -6.63811  0.000848934
20  -6.63807  0.000809087
21  -6.63802  0.000773885
22  -6.63757  0.000865138
23  -6.63761  0.000830208
24  -6.63736  0.000835389
25  -6.63742  0.000805719
26  -6.63772  0.000828592
27  -6.63768  0.000799802
28  -6.63759  0.000777384
29  -6.63759  0.000751474
30  -6.63781  0.000759682
31  -6.63793  0.000744574
32  -6.63792  0.0007221
33  -6.63789  0.000701331
34  -6.63784  0.000683351
35  -6.63796  0.000675349
36  -6.63792  0.000658417
37  -6.63797  0.000643056
38  -6.63788  0.000633285
39  -6.63804  0.00063941
40  -6.63809  0.000625362
41  -6.63807  0.000610704
42  -6.63819  0.000607973
43  -6.638  0.000623063
44  -6.63811  0.000618398
45  -6.63802  0.000611835
46  -6.63801  0.000598837
47  -6.63809  0.000591903
48  -6.63817  0.000584746
49  -6.63827  0.000581314
50  -6.63808  0.00059866
51  -6.63801  0.000591364
52  -6.63818  0.000605043
53  -6.63822  0.0005948
54  -6.63819  0.000584741
55  -6.63823  0.00057588
56  -6.63828  0.000568029
57  -6.63829  0.000558331
58  -6.63824  0.000551153
59  -6.63835  0.000551748
60  -6.63831  0.000544015
61  -6.63831  0.000535241
62  -6.63834  0.000527779
63  -6.63837  0.00052029
64  -6.63838  0.000512317
65  -6.63834  0.000506099
66  -6.63835  0.000498826
67  -6.63838  0.000492358
68  -6.63839  0.000485242
69  -6.63839  0.00047831
70  -6.63846  0.000477968
71  -6.63838  0.000479073
72  -6.63846  0.000479543
73  -6.63846  0.000473063
74  -6.63853  0.000472492
75  -6.63841  0.000482923
76  -6.63844  0.000477795
77  -6.6385  0.000475041
78  -6.63856  0.000472495
79  -6.63851  0.000468516
80  -6.63856  0.000464978
81  -6.63859  0.000460193
82  -6.63857  0.000454945
83  -6.63861  0.000451502
84  -6.63855  0.000450694
85  -6.63859  0.000447655
86  -6.63854  0.000445859
87  -6.63851  0.000441565
88  -6.63856  0.000438651
89  -6.63856  0.00043378
90  -6.63853  0.000430093
91  -6.63851  0.000425881
92  -6.63847  0.00042305
93  -6.6384  0.000423809
94  -6.63851  0.000433766
95  -6.63855  0.000430758
96  -6.63853  0.000426618
97  -6.63861  0.000428346
98  -6.63863  0.000424573
99  -6.63863  0.000420367
