0  0.825464  0
1  0.822792  0.00188969
2  0.820513  0.00224726
3  0.819512  0.00189512
4  0.817945  0.00206478
5  0.818022  0.00172207
6  0.817859  0.00148371
7  0.81763  0.00131587
8  0.817513  0.00117486
9  0.81737  0.00106601
10  0.817119  0.000998053
11  0.817036  0.000918368
12  0.81686  0.000864386
13  0.81688  0.000802868
14  0.81683  0.000750863
15  0.816827  0.000703943
16  0.816587  0.000702252
17  0.81665  0.000666111
18  0.816874  0.000667461
19  0.816756  0.000644362
20  0.816716  0.000614902
21  0.816659  0.000589605
22  0.816315  0.000656901
23  0.816301  0.000629668
24  0.816107  0.000633855
25  0.816127  0.000609794
26  0.81628  0.000606201
27  0.816243  0.000585685
28  0.816153  0.000572431
29  0.81613  0.000553817
30  0.816265  0.000552325
31  0.816305  0.000536483
32  0.816289  0.000520469
33  0.816257  0.000506136
34  0.816223  0.000492796
35  0.816287  0.000483282
36  0.816232  0.000473379
37  0.816257  0.000461585
38  0.816197  0.000453679
39  0.816295  0.00045294
40  0.816311  0.000442162
41  0.816285  0.000432392
42  0.816352  0.000427491
43  0.816222  0.00043703
44  0.816288  0.000432206
45  0.816224  0.00042745
46  0.816203  0.0004189
47  0.816249  0.000412714
48  0.816286  0.000405913
49  0.816346  0.000402288
50  0.816217  0.000414639
51  0.816158  0.000410788
52  0.816258  0.000414894
53  0.81627  0.000407384
54  0.816257  0.00040018
55  0.816293  0.000394639
56  0.816306  0.000387924
57  0.816299  0.000381296
58  0.816256  0.000377228
59  0.816308  0.000374519
60  0.816273  0.000370041
61  0.816256  0.000364441
62  0.81628  0.000359457
63  0.816285  0.000353873
64  0.816282  0.000348442
65  0.816248  0.000344808
66  0.816254  0.000339707
67  0.81627  0.000335085
68  0.816271  0.00033023
69  0.816256  0.000325837
70  0.816302  0.000324432
71  0.81625  0.000324073
72  0.81629  0.000322119
73  0.816285  0.000317809
74  0.816323  0.000315903
75  0.816233  0.00032442
76  0.816247  0.000320526
77  0.816283  0.000318412
78  0.816317  0.000316135
79  0.816289  0.000313362
80  0.816316  0.000310628
81  0.81634  0.000307793
82  0.816327  0.000304383
83  0.816359  0.000302431
84  0.816312  0.000302507
85  0.816334  0.000299839
86  0.816295  0.000298974
87  0.816277  0.000296088
88  0.816303  0.000293856
89  0.816299  0.000290616
90  0.816286  0.000287735
91  0.816276  0.000284762
92  0.816246  0.000283334
93  0.816205  0.000283197
94  0.81627  0.000287524
95  0.816284  0.000284851
96  0.816271  0.000282203
97  0.816313  0.000282543
98  0.816325  0.000279907
99  0.816329  0.000277146
