1.18991
1.15567
1.09903
1.02249
0.929279
0.824046
0.712812
0.602676
0.50124
0.415659
0.351524
0.311852
0.296674
0.303209
0.326623
0.361077
0.400677
0.440224
0.475645
0.504127
0.524135
0.535284
0.538117
0.533887
0.524387
0.511706
0.498078
0.485708
0.47664
0.472664
0.475153
0.485023
0.502525
0.527206
0.557842
0.592487
0.628766
0.66402
0.695761
0.721875
0.740866
0.751884
0.75486
0.750344
0.73949
0.723878
0.705222
0.685242
0.665475
0.647021
0.630581
0.616473
0.604739
0.595249
0.587851
0.582491
0.579193
0.578109
0.579424
0.583235
0.589454
0.597792
0.607679
0.618342
0.628872
0.638432
0.646401
0.652425
0.656384
0.658375
0.658609
0.657288
0.654668
0.650971
0.646438
0.641289
0.635833
0.630356
0.625098
0.620375
0.616466
0.613539
0.611802
0.611359
0.612277
0.614384
0.617234
0.620055
0.621911
0.621824
0.619003
0.612997
0.603905
0.592369
0.579449
0.566584
0.555196
0.54647
0.541168
0.53947
0.541089
0.545355
0.551336
0.557993
0.564326
0.569423
0.572547
0.57317
0.571179
0.566856
0.560927
0.5545
0.548965
0.545793
0.546317
0.55153
0.561829
0.577033
0.596353
0.618563
0.642147
0.665483
0.687055
0.70546
0.719658
0.728911
0.732774
0.731219
0.724571
0.713427
0.698727
0.68162
0.663471
0.645714
0.629771
0.616933
0.608139
0.603852
0.603757
0.606754
0.611308
0.615826
0.619166
0.620627
0.619973
0.617339
0.612946
0.607088
0.6001
0.592336
0.584243
0.576349
0.569244
0.563531
0.559771
0.55846
0.559993
0.564635
0.572391
0.582832
0.594972
0.607328
0.618208
0.626113
0.630051
0.629732
0.625633
0.618796
0.610491
0.601915
0.593906
0.586888
0.581077
0.576613
0.573836
0.573306
0.575639
0.58124
0.590078
0.601741
0.615503
0.630384
0.645389
0.6595
0.671718
0.681261
0.687426
0.68975
0.688074
0.682539
0.673605
0.662059
0.648928
0.635357
0.622596
0.611828
0.60396
0.599536
0.598616
0.600831
0.60545
0.611501
0.617996
0.624126
0.629247
0.632965
0.635089
0.63566
0.63485
0.632908
0.630224
0.627115
0.623736
0.620135
0.616184
0.611804
0.606981
0.601805
0.596498
0.59135
0.586601
0.582456
0.579081
0.576599
0.575085
0.57464
0.575381
0.577393
0.580748
0.585451
0.591276
0.59781
0.604465
0.61045
0.614969
0.617395
0.61734
0.614803
0.610177
0.60411
0.597403
0.590731
0.584627
0.579384
0.575028
0.571452
0.568563
0.566372
0.564985
0.564593
0.565357
0.567355
0.570491
0.574507
0.579119
0.584052
0.589137
0.594419
0.600102
0.606368
0.613332
0.621005
0.629312
0.638154
0.647502
0.657266
0.66726
0.677161
0.686459
0.694516
0.700731
0.704574
0.705678
0.703948
0.699454
0.692453
0.683325
0.672464
0.660219
0.646925
0.633008
0.618921
0.605193
0.592431
0.581352
0.572689
0.567126
0.565113
0.566732
0.571567
0.57869
0.586722
0.594118
0.599384
0.601405
0.599654
0.594325
0.586339
0.577217
0.568842
0.563084
0.561475
0.564925
0.573571
0.586862
0.603648
0.622351
0.641224
0.658537
0.672795
0.682814
0.687835
0.687477
0.681756
0.67098
0.655786
0.637134
0.616342
0.594987
0.574852
0.557669
0.544935
0.537698
0.536287
0.540334
0.549022
0.56119
0.575585
0.591006
0.606363
0.620657
0.632959
0.642475
0.64873
0.651615
0.651383
0.648622
0.644096
0.6386
0.632894
0.627631
0.623263
0.620066
0.61816
0.617535
0.618079
0.619681
0.622187
0.62543
0.629194
0.633168
0.63695
0.640077
0.642036
0.642483
0.641275
0.638498
0.634332
0.629009
0.622597
0.615067
0.606367
0.596558
0.58594
0.575068
0.56484
0.556337
0.550615
0.54849
0.550352
0.556058
0.565058
0.576473
0.589309
0.602599
0.615485
0.627247
0.637289
0.645099
0.650317
0.652715
0.65221
0.64889
0.64299
0.635014
0.625679
0.615877
0.606682
0.599233
0.59449
0.593065
0.595107
0.600125
0.60714
0.614942
0.622362
0.628507
0.63283
0.635264
0.636033
0.635565
0.634349
0.632791
0.631159
0.629624
0.628099
0.626295
0.623851
0.620373
0.615469
0.608958
0.601026
0.59235
0.584024
0.577532
0.574511
0.576188
0.583078
0.594747
0.609862
0.626555
0.642891
0.657289
0.66864
0.676336
0.680237
0.680438
0.677228
0.671002
0.662185
0.651172
0.638408
0.624279
0.609281
0.593986
0.579088
0.565484
0.554168
0.546187
0.542529
0.543887
0.550431
0.561659
0.576386
0.592868
0.60912
0.623289
0.63388
0.640049
0.641671
0.639276
0.633909
0.627013
0.620004
0.614043
0.609817
0.607611
0.607434
0.609243
0.612955
0.618322
0.624632
0.630616
0.634647
0.635298
0.631695
0.623723
0.612018
0.597931
0.583209
0.569808
0.559535
0.553653
0.552744
0.556712
0.564912
0.576346
0.589818
0.604191
0.618322
0.631223
0.642113
0.650504
0.656243
0.659502
0.660693
0.660415
0.659238
0.65766
0.656015
0.654562
0.653436
0.652615
0.652013
0.651399
0.650432
0.648842
0.646381
0.642969
0.638718
0.63376
0.628299
0.622641
0.617139
0.612282
0.608533
0.606312
0.605829
0.606861
0.608863
0.611007
0.612478
0.61265
0.611163
0.607894
0.602956
0.596532
0.588883
0.580398
0.571529
0.562818
0.554935
0.548585
0.544438
0.542952
0.544321
0.548391
0.554709
0.56257
0.571201
0.579817
0.587768
0.594537
0.59983
0.603616
0.606091
0.607665
0.608814
0.610006
0.61146
0.613108
0.614711
0.615964
0.616605
0.616571
0.615909
0.614768
0.613322
0.611808
0.610551
0.610001
0.61063
0.612801
0.616673
0.622007
0.628158
0.634273
0.639546
0.643558
0.646412
0.648719
0.651165
0.654185
0.657802
0.661649
0.66512
0.667497
0.668105
0.666465
0.66221
0.655387
0.646445
0.636382
0.626631
0.618732
0.613797
0.612203
0.613519
0.61668
0.620347
0.623184
0.624197
0.622808
0.618841
0.612482
0.604208
0.594793
0.585174
0.576454
0.569697
0.565774
0.565117
0.567587
0.572544
0.579108
0.586396
0.593597
0.600171
0.605769
0.610299
0.61386
0.616674
0.619068
0.621309
0.623516
0.625599
0.627352
0.628581
0.629067
0.628757
0.627751
0.626133
0.624033
0.621433
0.61831
0.614693
0.610713
0.606744
0.603241
0.600767
0.599821
0.600777
0.603641
0.608217
0.613974
0.620352
0.626786
0.632773
0.637898
0.641778
0.644134
0.644635
0.643124
0.639568
0.634195
0.627463
0.620081
0.612854
0.606523
0.601589
0.598251
0.596445
0.595888
0.596185
0.597041
0.598315
0.600113
0.60269
0.606363
0.611288
0.617368
0.624202
0.631296
0.638228
0.644683
0.650421
0.655252
0.658961
0.661371
0.662226
0.661316
0.65834
0.652984
0.644999
0.634287
0.620974
0.605547
0.588833
0.572051
0.556541
0.543707
0.534634
0.529891
0.529356
0.532284
0.537592
0.544068
0.550748
0.557064
0.562782
0.567887
0.572257
0.575573
0.577436
0.577618
0.576347
0.574363
0.572824
0.573048
0.576177
0.582952
0.593547
0.607565
0.624195
0.642304
0.660655
0.67809
0.693604
0.706394
0.715827
0.721473
0.723037
0.720302
0.713174
0.701756
0.686473
0.668094
0.647741
0.626897
0.607241
0.59044
0.577921
0.570538
0.568557
0.571695
0.579127
0.58965
0.601875
0.614266
0.625352
0.633842
0.638866
0.640035
0.637519
0.631922
0.624155
0.615242
0.60614
0.597778
0.590979
0.586469
0.584804
0.586192
0.590374
0.596457
0.603106
0.608935
0.612867
0.61432
0.613403
0.610755
0.607285
0.603907
0.601275
0.59968
0.598957
0.59863
0.598115
0.596985
0.595155
0.592962
0.591101
0.590364
0.591511
0.594963
0.600676
0.608093
0.616225
0.623829
0.629686
0.632807
0.632636
0.629113
0.622751
0.614501
0.60553
0.597002
0.589886
0.584816
0.582099
0.581854
0.584078
0.588744
0.595867
0.605333
0.616816
0.629674
0.642888
0.655264
0.66558
0.672814
0.67626
0.67558
0.670819
0.662331
0.65074
0.636956
0.622138
0.607563
0.594624
0.584578
0.578344
0.576271
0.578074
0.582878
0.589429
0.596243
0.60192
0.605267
0.605565
0.602687
0.597077
0.589651
0.58158
0.574127
0.568432
0.565406
0.565618
0.569376
0.576604
0.58683
0.599293
0.613009
0.626891
0.639839
0.650895
0.659318
0.664644
0.666739
0.665742
0.662058
0.656337
0.6493
0.641619
0.633759
0.625931
0.618108
0.610056
0.60155
0.592622
0.583497
0.574688
0.566899
0.560874
0.55732
0.556704
0.559183
0.564574
0.572436
0.58207
0.592694
0.603687
0.614636
0.625338
0.635769
0.645937
0.655659
0.664397
0.671317
0.675499
0.676194
0.67305
0.666226
0.656328
0.64417
0.630721
0.616958
0.603784
0.591862
0.581658
0.573521
0.567645
0.56409
0.562878
0.563873
0.566896
0.571661
0.577735
0.584553
0.591465
0.597755
0.602826
0.606149
0.607541
0.607233
0.605864
0.604292
0.603513
0.604458
0.607818
0.613922
0.622657
0.633356
0.645005
0.656524
0.666903
0.675476
0.681827
0.685805
0.687318
0.686345
0.682849
0.676878
0.668537
0.658157
0.646261
0.633562
0.620857
0.608723
0.597566
0.587474
0.578304
0.569794
0.561676
0.553864
0.54646
0.539738
0.534088
0.529931
0.527657
0.527572
0.529775
0.534313
0.541085
0.549921
0.560571
0.572684
0.585764
0.599231
0.612443
0.624716
0.635515
0.644495
0.651524
0.656577
0.659766
0.661227
0.661151
0.6598
0.657658
0.655531
0.65435
0.655073
0.658223
0.663719
0.670783
0.678071
0.684036
0.687329
0.686964
0.682616
0.674647
0.663988
0.651878
0.639685
0.628658
0.619696
0.613138
0.608722
0.605677
0.602955
0.599474
0.594463
0.587768
0.58001
0.572389
0.566337
0.563105
0.563352
0.566991
0.573336
0.58137
0.590077
0.598551
0.60621
0.612717
0.6179
0.62171
0.624079
0.624863
0.623907
0.621151
0.616748
0.611156
0.605034
0.599155
0.594266
0.590905
0.589253
0.589147
0.59019
0.591907
0.593923
0.596047
0.598339
0.600996
0.604251
0.6083
0.613148
0.618589
0.624235
0.629647
0.634379
0.638103
0.640621
0.641906
0.641994
0.641029
0.639239
0.636948
1.3602
1.48593
1.56798
1.60826
1.60936
1.57405
1.50578
1.40919
1.2909
1.16007
1.02815
0.907322
0.80811
0.73702
0.69564
0.681244
0.68845
0.711037
0.743171
0.779919
0.817074
0.850871
0.877886
0.895399
0.902062
0.898235
0.885953
0.868542
0.849893
0.833748
0.823056
0.819612
0.824026
0.835814
0.853517
0.875191
0.898906
0.923175
0.947271
0.971088
0.994604
1.01735
1.03812
1.05504
1.06598
1.06899
1.06267
1.04652
1.02107
0.987983
0.949981
0.910543
0.873367
0.841552
0.817121
0.800905
0.792872
0.792398
0.798474
0.80999
0.825948
0.84561
0.868256
0.892859
0.917946
0.941575
0.961615
0.976104
0.983585
0.983335
0.9756
0.961628
0.943602
0.924511
0.907512
0.895233
0.889047
0.888819
0.893211
0.900257
0.908229
0.915988
0.922874
0.928628
0.93321
0.936707
0.939307
0.94123
0.942842
0.944476
0.946391
0.948669
0.951236
0.953668
0.955197
0.954705
0.951013
0.943277
0.931096
0.914556
0.894202
0.870908
0.845946
0.82108
0.798673
0.781608
0.772776
0.77425
0.786571
0.80841
0.837084
0.869566
0.903176
0.935917
0.966227
0.992839
1.01455
1.03026
1.0392
1.04113
1.03661
1.02665
1.01267
0.996198
0.978516
0.960433
0.942408
0.924662
0.907381
0.890894
0.875687
0.862333
0.851528
0.844071
0.840741
0.84229
0.849194
0.86132
0.8778
0.897123
0.917392
0.936795
0.95386
0.967577
0.977505
0.983568
0.985943
0.984861
0.980403
0.97236
0.96042
0.944502
0.925193
0.903866
0.882853
0.864943
0.852707
0.847514
0.848982
0.855142
0.86337
0.871446
0.878291
0.884155
0.890043
0.897056
0.905798
0.916185
0.927613
0.939299
0.950426
0.96006
0.967327
0.971406
0.971812
0.968668
0.962829
0.955677
0.948711
0.943017
0.939097
0.936879
0.935873
0.935395
0.934747
0.933215
0.930259
0.925653
0.919753
0.91355
0.908665
0.906883
0.909637
0.917219
0.928383
0.94047
0.950371
0.95538
0.953971
0.945753
0.93127
0.91167
0.888576
0.863977
0.840302
0.820193
0.806121
0.799944
0.802604
0.81394
0.83277
0.857248
0.885074
0.913804
0.941057
0.964737
0.983303
0.995726
1.00157
1.00076
0.993663
0.980861
0.963259
0.942016
0.9187
0.895289
0.874103
0.857438
0.847092
0.843924
0.847582
0.856607
0.869019
0.882921
0.897031
0.910673
0.923744
0.936309
0.948346
0.959517
0.969161
0.976435
0.980375
0.980186
0.975394
0.966091
0.95298
0.937278
0.920593
0.904596
0.890623
0.879496
0.871555
0.866784
0.865045
0.866167
0.870044
0.876478
0.88518
0.89583
0.907742
0.919717
0.930196
0.937588
0.940914
0.940012
0.935532
0.928669
0.920883
0.913464
0.907286
0.902788
0.900034
0.898825
0.898987
0.900513
0.903692
0.908993
0.916795
0.926929
0.938549
0.950089
0.959529
0.964829
0.964581
0.958496
0.947732
0.934569
0.921767
0.911668
0.905689
0.904099
0.906415
0.911665
0.918739
0.926351
0.933096
0.937585
0.938709
0.935727
0.928456
0.917368
0.903358
0.887416
0.870548
0.853692
0.837884
0.824473
0.815213
0.812074
0.816638
0.829457
0.849608
0.874827
0.90218
0.928934
0.95314
0.973601
0.989664
1.00104
1.00766
1.0097
1.00749
1.00181
0.993619
0.983999
0.973831
0.96363
0.953404
0.942713
0.931055
0.918419
0.905939
0.895748
0.890202
0.890742
0.896909
0.906282
0.915667
0.9223
0.92454
0.922093
0.915908
0.907846
0.90016
0.895192
0.89476
0.899729
0.909911
0.924053
0.940214
0.956192
0.969877
0.979715
0.985007
0.985904
0.983044
0.977087
0.968484
0.957425
0.944099
0.928687
0.911553
0.893081
0.873688
0.853876
0.834338
0.816092
0.800566
0.789442
0.784324
0.786297
0.795481
0.810822
0.830301
0.851411
0.871804
0.889639
0.903771
0.913916
0.920598
0.924867
0.92797
0.931069
0.934907
0.939652
0.944884
0.94993
0.954209
0.957391
0.959567
0.961075
0.96237
0.963836
0.965753
0.968264
0.971525
0.975667
0.980647
0.985782
0.98951
0.989753
0.984581
0.972983
0.955476
0.9341
0.911951
0.892251
0.877383
0.868334
0.864887
0.865998
0.870352
0.87666
0.88378
0.890793
0.89687
0.901383
0.903856
0.903998
0.901765
0.897497
0.891876
0.885923
0.88077
0.877588
0.877194
0.879897
0.885469
0.893281
0.902481
0.912233
0.921957
0.931194
0.939506
0.946444
0.951373
0.953865
0.95372
0.951141
0.946633
0.941045
0.935406
0.93066
0.927096
0.924281
0.921514
0.918553
0.915748
0.913853
0.913602
0.915354
0.919164
0.924796
0.931719
0.939107
0.945772
0.950278
0.95129
0.947907
0.939929
0.927956
0.913308
0.897932
0.884234
0.874635
0.871117
0.874602
0.884792
0.90019
0.918647
0.937812
0.955362
0.969222
0.977671
0.979442
0.973987
0.961699
0.943899
0.922657
0.900211
0.878508
0.859074
0.843116
0.831575
0.825114
0.823927
0.827559
0.834928
0.844497
0.854637
0.863984
0.871705
0.87761
0.882233
0.886658
0.892354
0.90076
0.912935
0.929266
0.949244
0.97138
0.993483
1.01304
1.02752
1.03514
1.03507
1.02751
1.01347
0.994597
0.972593
0.948984
0.925121
0.902184
0.881094
0.862525
0.846943
0.834716
0.826342
0.822375
0.823351
0.829361
0.839955
0.854025
0.870128
0.886876
0.903364
0.919361
0.93499
0.950452
0.965529
0.979505
0.991218
0.999414
1.00306
1.0017
0.995497
0.985346
0.972639
0.958912
0.945561
0.933712
0.924232
0.917564
0.913808
0.912732
0.913634
0.91575
0.918307
0.920772
0.922929
0.924781
0.92647
0.928058
0.929443
0.930243
0.929889
0.927796
0.923437
0.916617
0.907535
0.896947
0.886057
0.876568
0.870181
0.867926
0.869581
0.873792
0.878532
0.882084
0.883719
0.883809
0.883359
0.883509
0.884876
0.887319
0.890226
0.892752
0.894123
0.893821
0.891642
0.887773
0.882847
0.877851
0.873867
0.871824
0.872243
0.875146
0.880175
0.886851
0.894751
0.903755
0.913956
0.925422
0.938007
0.951135
0.963765
0.974605
0.982348
0.98586
0.984381
0.977632
0.965907
0.949998
0.931202
0.911057
0.89128
0.873644
0.859756
0.850799
0.847275
0.849074
0.855775
0.866657
0.881058
0.898259
0.917429
0.937407
0.956652
0.973423
0.985937
0.992781
0.993233
0.987311
0.975942
0.960776
0.944051
0.92825
0.915612
0.907842
0.905848
0.909624
0.918374
0.930577
0.944168
0.956815
0.966348
0.97108
0.970154
0.963503
0.951839
0.93662
0.919836
0.903548
0.889509
0.878865
0.872056
0.868817
0.86843
0.869966
0.872309
0.87437
0.875331
0.874764
0.872801
0.870094
0.867743
0.866959
0.868734
0.873563
0.881401
0.891593
0.90303
0.914258
0.92377
0.930196
0.932657
0.931026
0.926061
0.919311
0.912702
0.908143
0.906944
0.909578
0.915592
0.923855
0.93283
0.940855
0.946416
0.948062
0.944718
0.935809
0.921581
0.903284
0.883108
0.8637
0.847635
0.8368
0.832145
0.83367
0.840796
0.852664
0.868426
0.887219
0.908023
0.92961
0.950465
0.96904
0.984003
0.994553
1.00065
1.0029
1.00235
0.99994
0.996213
0.991235
0.984686
0.976118
0.965078
0.951226
0.934437
0.914821
0.892888
0.869488
0.845946
0.824058
0.805963
0.793958
0.79013
0.795818
0.811224
0.835176
0.865271
0.898157
0.930216
0.95815
0.979192
0.991625
0.994747
0.988856
0.975252
0.955776
0.932683
0.908431
0.88542
0.865568
0.850217
0.840112
0.835699
0.837099
0.843981
0.855308
0.869342
0.883893
0.896738
0.90614
0.911111
0.911448
0.907598
0.900469
0.891511
0.882464
0.875263
0.871848
0.87387
0.882309
0.897033
0.916604
0.938452
0.959435
0.976589
0.98774
0.991737
0.988394
0.978319
0.962729
0.943243
0.921918
0.901098
0.883142
0.870146
0.863621
0.864155
0.87138
0.884043
0.900347
0.918295
0.935837
0.951185
0.96297
0.97017
0.972215
0.96912
0.96133
0.949746
0.935679
0.920532
0.90561
0.891981
0.880455
0.871666
0.866306
0.865022
0.86804
0.874778
0.883802
0.893128
0.901164
0.907422
0.912601
0.917968
0.92448
0.932062
0.939704
0.946021
0.949814
0.950396
0.94758
0.941594
0.933158
0.923289
0.913338
0.904636
0.898068
0.893733
0.89085
0.88831
0.885097
0.880695
0.875055
0.868473
0.861436
0.854531
0.848391
0.843541
0.840493
0.839727
0.841854
0.847461
0.856959
0.870443
0.887537
0.907418
0.928954
0.950698
0.971176
0.98898
1.00303
1.01273
1.01788
1.01847
1.01455
1.00623
0.993716
0.977602
0.959043
0.939807
0.922217
0.908626
0.900691
0.898817
0.901927
0.907671
0.913236
0.916216
0.915176
0.909827
0.900825
0.889682
0.878305
0.868684
0.862545
0.860874
0.863773
0.870493
0.879672
0.889849
0.899867
0.909089
0.91747
0.925418
0.9334
0.94157
0.949702
0.957108
0.962981
0.966636
0.967694
0.966017
0.961637
0.954609
0.945012
0.933101
0.919343
0.904544
0.889755
0.876282
0.865594
0.859196
0.858174
0.862931
0.872939
0.886554
0.901496
0.915442
0.926677
0.934287
0.938233
0.939199
0.938206
0.936212
0.933752
0.930926
0.927405
0.922811
0.917014
0.910413
0.903853
0.898451
0.895386
0.895526
0.899457
0.907266
0.918515
0.932051
0.946086
0.958418
0.966819
0.96957
0.965982
0.9565
0.942739
0.927298
0.91321
0.903228
0.899296
0.90198
0.910371
0.922361
0.935243
0.946448
0.954149
0.957414
0.956123
0.950702
0.941729
0.929916
0.915991
0.900781
0.885191
0.870347
0.857536
0.848093
0.843119
0.843202
0.848289
0.857752
0.870636
0.885797
0.902048
0.918186
0.933003
0.945187
0.953439
0.956841
0.955029
0.948451
0.938193
0.925667
0.912262
0.899007
0.886625
0.875626
0.866495
0.859714
0.855585
0.854021
0.854764
0.857758
0.8635
0.873122
0.887791
0.90769
0.931424
0.956222
0.978941
0.99702
1.00891
1.01416
1.01324
1.00708
0.996863
0.983721
0.968571
0.952149
0.935146
0.91852
0.903442
0.89124
0.883039
0.879349
0.879684
0.882681
0.886582
0.890016
0.892449
0.894333
0.896736
0.90069
0.906673
1.41595
1.59011
1.71067
1.78221
1.81019
1.79999
1.75696
1.68638
1.59416
1.48709
1.37304
1.26056
1.15809
1.07288
1.00973
0.970016
0.951437
0.948784
0.955368
0.964734
0.971861
0.97377
0.969557
0.960011
0.94712
0.933283
0.92067
0.910858
0.904602
0.902058
0.903085
0.907562
0.915378
0.926386
0.940173
0.956275
0.974391
0.994294
1.01564
1.03754
1.05871
1.07756
1.09267
1.10325
1.10931
1.11169
1.11194
1.11172
1.11233
1.1142
1.11679
1.11902
1.11945
1.117
1.11108
1.10165
1.08918
1.07462
1.05937
1.04518
1.03376
1.02652
1.02409
1.02634
1.0324
1.041
1.05072
1.06012
1.06782
1.07263
1.0736
1.07023
1.06276
1.05251
1.04149
1.03182
1.02491
1.02139
1.02141
1.02504
1.03233
1.04326
1.05775
1.07567
1.09664
1.12
1.14461
1.16874
1.19054
1.20836
1.22127
1.22918
1.23261
1.23213
1.22789
1.21952
1.20638
1.18769
1.16287
1.13169
1.09461
1.05314
1.00987
0.968367
0.932317
0.9049
0.888311
0.883376
0.889591
0.905125
0.927323
0.953258
0.980327
1.0068
1.03197
1.05583
1.07846
1.09971
1.11902
1.13559
1.14858
1.15698
1.16001
1.15731
1.14888
1.13531
1.11773
1.09773
1.07718
1.05799
1.04189
1.03013
1.02338
1.02162
1.02442
1.03096
1.04016
1.05066
1.06076
1.06864
1.07292
1.07304
1.0694
1.06327
1.05647
1.05073
1.04711
1.04579
1.04598
1.04623
1.04514
1.04182
1.03634
1.02992
1.02477
1.02358
1.0286
1.04069
1.05889
1.08067
1.10268
1.12173
1.13557
1.14328
1.14498
1.14153
1.13418
1.12441
1.11379
1.1039
1.0961
1.09113
1.08893
1.08877
1.08983
1.0917
1.09465
1.09949
1.10703
1.11732
1.12934
1.14096
1.14965
1.15329
1.15081
1.14229
1.12858
1.11122
1.09171
1.07144
1.05153
1.03283
1.01604
1.00179
0.990715
0.983228
0.979432
0.979059
0.98174
0.986978
0.994256
1.00312
1.01327
1.02453
1.03678
1.04948
1.06147
1.07104
1.07646
1.07656
1.07121
1.06132
1.04862
1.03558
1.02501
1.01976
1.02181
1.03164
1.04831
1.0698
1.09341
1.11627
1.13572
1.14944
1.15579
1.15394
1.14392
1.12672
1.10422
1.07895
1.05385
1.03197
1.0161
1.00821
1.00897
1.01781
1.03329
1.0536
1.07679
1.10076
1.12315
1.1415
1.15358
1.15779
1.15319
1.13969
1.11799
1.08964
1.05713
1.02373
0.993304
0.969796
0.956475
0.955113
0.965499
0.985443
1.01158
1.04032
1.06853
1.09393
1.11522
1.13192
1.14405
1.15207
1.15665
1.15839
1.15755
1.15405
1.14737
1.13704
1.12282
1.10518
1.08558
1.06638
1.05025
1.03974
1.03646
1.04089
1.05235
1.06908
1.08853
1.10771
1.12343
1.13267
1.13314
1.12367
1.10453
1.07775
1.04695
1.01687
0.992418
0.97748
0.973759
0.98039
0.994374
1.01178
1.02899
1.04382
1.05577
1.06574
1.07522
1.08549
1.09682
1.10841
1.1187
1.12611
1.1295
1.12842
1.12298
1.11362
1.1008
1.08514
1.06746
1.04893
1.03114
1.01595
1.00538
1.00129
1.00507
1.01682
1.03495
1.05631
1.07702
1.09376
1.10471
1.10979
1.11029
1.10803
1.10465
1.10126
1.09855
1.097
1.09693
1.09848
1.10151
1.10557
1.10999
1.11404
1.11706
1.11874
1.11909
1.11867
1.11831
1.11869
1.11997
1.12144
1.1216
1.11867
1.11129
1.09907
1.08253
1.06301
1.04202
1.02112
1.00197
0.986399
0.9765
0.974179
0.980738
0.996456
1.02001
1.04833
1.07711
1.1018
1.11904
1.1272
1.12653
1.11854
1.10537
1.08912
1.07137
1.05312
1.03495
1.01728
1.00079
0.986623
0.976851
0.974799
0.984163
1.00629
1.03825
1.07388
1.10719
1.13459
1.15493
1.16843
1.17603
1.17859
1.17677
1.17099
1.16162
1.14911
1.13448
1.1193
1.1053
1.09389
1.08558
1.07949
1.07392
1.06742
1.05964
1.05186
1.04635
1.04533
1.04985
1.05924
1.07157
1.08451
1.09635
1.10615
1.11327
1.1169
1.11589
1.10912
1.09611
1.0775
1.05505
1.03146
1.00983
0.993173
0.983758
0.982662
0.989507
1.00267
1.01964
1.03772
1.05464
1.06902
1.08027
1.08843
1.09381
1.0969
1.0984
1.09924
1.1004
1.10258
1.10598
1.11049
1.11583
1.1214
1.12601
1.12802
1.126
1.11992
1.1117
1.10435
1.10058
1.1014
1.10606
1.1125
1.11814
1.12039
1.11706
1.107
1.09073
1.07046
1.04965
1.03198
1.02032
1.01613
1.01928
1.0282
1.04016
1.05209
1.06155
1.06742
1.07001
1.07047
1.06999
1.06942
1.06932
1.07036
1.07328
1.07869
1.0867
1.09684
1.10796
1.11868
1.12761
1.13367
1.13614
1.13458
1.12868
1.1183
1.10359
1.08527
1.06498
1.04537
1.0297
1.02048
1.01833
1.02169
1.02768
1.03371
1.0383
1.04122
1.04292
1.04389
1.04434
1.04433
1.04373
1.04252
1.04089
1.03916
1.03789
1.03792
1.04017
1.04536
1.05362
1.06417
1.07533
1.08513
1.09195
1.095
1.09437
1.0909
1.08582
1.0806
1.07676
1.07543
1.0769
1.08075
1.08638
1.09343
1.10181
1.11162
1.12299
1.13597
1.15007
1.16408
1.17602
1.18381
1.18585
1.18138
1.17034
1.15344
1.13208
1.10831
1.08447
1.06269
1.04431
1.02963
1.01821
1.00917
1.00207
0.99727
0.995908
0.999064
1.00671
1.01709
1.02757
1.03627
1.04285
1.04837
1.05423
1.06099
1.06799
1.07381
1.07689
1.07624
1.07176
1.06424
1.05512
1.04629
1.04019
1.03997
1.04858
1.06638
1.08971
1.11282
1.13125
1.14375
1.15183
1.15814
1.16498
1.17366
1.18407
1.19492
1.20424
1.20994
1.21011
1.20354
1.18985
1.16955
1.14385
1.11457
1.08401
1.0548
1.02963
1.01056
0.998648
0.993693
0.994256
0.998147
1.0028
1.00581
1.00558
1.00174
0.995283
0.988451
0.984332
0.986006
0.995607
1.01375
1.03941
1.07023
1.10301
1.13416
1.16003
1.17738
1.18366
1.17733
1.15832
1.12806
1.0894
1.04655
1.00424
0.967194
0.939416
0.92372
0.921408
0.932283
0.954785
0.986308
1.02354
1.06289
1.10109
1.13545
1.16417
1.18621
1.20118
1.20905
1.20983
1.20345
1.19006
1.17057
1.14704
1.12236
1.09908
1.07855
1.06112
1.04715
1.03737
1.03285
1.03431
1.04137
1.05218
1.06404
1.0746
1.08258
1.08783
1.09099
1.09307
1.09513
1.09797
1.10173
1.10565
1.10837
1.10846
1.10521
1.09885
1.09033
1.08089
1.07174
1.06408
1.059
1.0572
1.05864
1.06201
1.06502
1.0649
1.05984
1.04999
1.03746
1.0255
1.01721
1.01466
1.01822
1.02702
1.03944
1.05369
1.06804
1.08095
1.0911
1.09772
1.10075
1.10111
1.1005
1.10092
1.10402
1.1103
1.11913
1.12885
1.13752
1.1434
1.1453
1.1426
1.13522
1.12339
1.10773
1.08935
1.06981
1.05083
1.03417
1.0212
1.01298
1.01037
1.01446
1.02628
1.04625
1.0734
1.10499
1.13714
1.16587
1.1882
1.20259
1.20873
1.20702
1.19818
1.18304
1.1625
1.13765
1.11002
1.08161
1.05456
1.03064
1.01096
0.995922
0.985265
0.978247
0.973868
0.97104
0.968761
0.966438
0.963956
0.961823
0.961073
0.962946
0.96863
0.978964
0.993969
1.01254
1.03246
1.05071
1.06428
1.07092
1.06983
1.06193
1.05002
1.03813
1.03075
1.03148
1.04199
1.06144
1.08669
1.1131
1.13582
1.15107
1.15682
1.15315
1.14198
1.12643
1.11005
1.09626
1.08773
1.08573
1.08977
1.09759
1.10596
1.11164
1.11229
1.10704
1.0965
1.08231
1.06669
1.05191
1.04004
1.03292
1.03202
1.03818
1.05135
1.07041
1.09327
1.1172
1.13939
1.15752
1.17013
1.17657
1.17671
1.17072
1.15874
1.14102
1.11819
1.09136
1.06202
1.032
1.00338
0.978171
0.958245
0.945247
0.940491
0.944782
0.958392
0.981017
1.01135
1.04639
1.08161
1.11223
1.13467
1.14755
1.15148
1.14831
1.14011
1.12859
1.11468
1.09855
1.07974
1.05753
1.03162
1.00258
0.972389
0.944747
0.925024
0.91919
0.931723
0.963299
1.00983
1.06413
1.11879
1.16804
1.20825
1.23757
1.25556
1.26269
1.26032
1.25032
1.23497
1.21675
1.19802
1.18042
1.16472
1.1507
1.13748
1.12381
1.10841
1.09038
1.06945
1.04587
1.0204
0.994067
0.968244
0.944578
0.924824
0.910576
0.902718
0.901033
0.904236
0.910566
0.918672
0.928062
0.939355
0.953934
0.973184
0.997784
1.02708
1.05926
1.09195
1.12299
1.15077
1.17417
1.19264
1.20608
1.21481
1.21953
1.22099
1.21991
1.21646
1.21018
1.20011
1.18511
1.16442
1.13834
1.10856
1.07796
1.05001
1.02769
1.01234
1.00335
0.998529
0.995184
0.991571
0.98764
0.985175
0.987081
0.995892
1.01261
1.03638
1.06471
1.09397
1.12025
1.14038
1.15246
1.15596
1.15151
1.14066
1.12548
1.10822
1.09055
1.07355
1.05778
1.04351
1.03111
1.02128
1.01491
1.01303
1.0165
1.02575
1.04035
1.05902
1.07983
1.10073
1.11983
1.13551
1.14638
1.15106
1.14836
1.13741
1.11816
1.09158
1.0599
1.02626
0.994218
0.967038
0.947039
0.935241
0.931471
0.935109
0.945441
0.962004
0.984296
1.01116
1.04056
1.06989
1.0968
1.11989
1.13867
1.15312
1.16307
1.16813
1.16796
1.16256
1.15242
1.13875
1.12337
1.10851
1.09623
1.08816
1.0849
1.08589
1.08966
1.09422
1.0977
1.09876
1.09706
1.09315
1.08782
1.08142
1.07376
1.06468
1.0545
1.04399
1.03395
1.02488
1.01671
1.00906
1.00139
0.993412
0.985462
0.978802
0.97572
0.979118
0.991712
1.01477
1.04747
1.08684
1.12848
1.16747
1.19946
1.22147
1.23232
1.2326
1.22413
1.20908
1.18942
1.16654
1.14162
1.11576
1.09014
1.06605
1.0448
1.44553
1.64846
1.79389
1.88605
1.9304
1.93208
1.89548
1.82488
1.72522
1.604
1.47267
1.34625
1.23874
1.15718
1.10095
1.06626
1.04934
1.04637
1.05257
1.06261
1.07193
1.0778
1.07946
1.07755
1.07319
1.06719
1.05967
1.0503
1.03855
1.0245
1.00924
0.995152
0.985602
0.984139
0.99347
1.01459
1.04647
1.0865
1.13137
1.17781
1.22259
1.26259
1.295
1.31774
1.32986
1.33167
1.32425
1.30919
1.28803
1.26208
1.23236
1.19979
1.16536
1.13025
1.09579
1.06339
1.03428
1.00974
0.991309
0.98099
0.981
0.992987
1.01723
1.05201
1.09391
1.1383
1.18026
1.21548
1.24095
1.25523
1.25848
1.25213
1.23876
1.22184
1.20542
1.19314
1.18707
1.18719
1.19159
1.1975
1.20235
1.20441
1.20301
1.19858
1.19251
1.18692
1.18421
1.1865
1.19521
1.21042
1.23083
1.25391
1.27623
1.294
1.30358
1.30214
1.28824
1.26251
1.22771
1.18844
1.15017
1.11782
1.09457
1.08142
1.07765
1.08131
1.08975
1.1003
1.11107
1.12185
1.13442
1.15109
1.17273
1.19742
1.22145
1.24113
1.2547
1.26234
1.26502
1.26354
1.25789
1.24793
1.23389
1.21657
1.19711
1.1764
1.15462
1.13134
1.10595
1.07825
1.04894
1.01956
0.992622
0.97154
0.960106
0.961319
0.976034
1.00233
1.03621
1.07327
1.10987
1.14344
1.17236
1.19598
1.21447
1.22857
1.23913
1.24656
1.25056
1.25026
1.24481
1.23419
1.21959
1.20356
1.1895
1.18072
1.1793
1.18578
1.19963
1.21953
1.24338
1.26831
1.29056
1.30631
1.31255
1.30776
1.29222
1.26803
1.23863
1.20802
1.17982
1.15644
1.13896
1.12749
1.12175
1.12139
1.12605
1.13534
1.14874
1.16547
1.18429
1.20309
1.21917
1.22981
1.23323
1.22885
1.21733
1.20005
1.17859
1.15429
1.12806
1.10035
1.07142
1.04173
1.01231
0.985208
0.963628
0.951702
0.953443
0.971305
1.00492
1.05066
1.10224
1.15242
1.19472
1.22446
1.2392
1.23878
1.22536
1.20338
1.17917
1.15975
1.15086
1.15496
1.17072
1.19378
1.21856
1.23996
1.25408
1.2585
1.25229
1.23607
1.21213
1.18414
1.15615
1.13164
1.11271
1.09994
1.09273
1.09017
1.09175
1.09762
1.1084
1.12451
1.14562
1.17051
1.1975
1.22478
1.25078
1.27407
1.29319
1.30668
1.31322
1.31189
1.30203
1.2835
1.25681
1.2232
1.18499
1.14563
1.10921
1.07983
1.06044
1.05184
1.05222
1.05798
1.06522
1.0715
1.07631
1.08055
1.08582
1.09358
1.10462
1.11903
1.13637
1.15589
1.17657
1.19712
1.21592
1.23097
1.24027
1.24214
1.23594
1.22237
1.20373
1.18351
1.16559
1.15325
1.14834
1.15113
1.16059
1.17465
1.19032
1.20399
1.21224
1.2126
1.20411
1.18789
1.16677
1.14487
1.12645
1.11464
1.11069
1.11393
1.12244
1.13408
1.14713
1.16047
1.17311
1.18399
1.19246
1.19868
1.20367
1.20908
1.21634
1.22555
1.23534
1.24342
1.24759
1.24647
1.24006
1.22955
1.21701
1.20488
1.19544
1.19031
1.19023
1.19489
1.20315
1.21297
1.22153
1.22579
1.22332
1.21316
1.1963
1.17539
1.15426
1.13657
1.12462
1.1184
1.11584
1.11391
1.10995
1.10269
1.09242
1.08096
1.0714
1.06707
1.07024
1.08105
1.0977
1.11755
1.13802
1.15713
1.17348
1.18617
1.19485
1.19989
1.20236
1.20399
1.20644
1.211
1.21813
1.22732
1.2371
1.24565
1.25153
1.25389
1.25207
1.2455
1.23383
1.21743
1.19766
1.17669
1.1569
1.1403
1.12808
1.12073
1.11806
1.11975
1.12549
1.13502
1.14798
1.1634
1.17966
1.19454
1.20562
1.21114
1.21058
1.20495
1.19644
1.18727
1.17881
1.17152
1.16556
1.16146
1.16
1.16136
1.16458
1.16746
1.16729
1.16192
1.1505
1.13412
1.11572
1.0995
1.08977
1.08925
1.09808
1.11385
1.13253
1.14991
1.16266
1.16896
1.16852
1.16233
1.15208
1.13957
1.1266
1.11463
1.10473
1.09723
1.09153
1.08628
1.08009
1.07238
1.06446
1.05948
1.06123
1.07206
1.09176
1.118
1.14772
1.17808
1.20679
1.23195
1.25215
1.26668
1.27565
1.27983
1.28029
1.27805
1.27377
1.26774
1.26016
1.25141
1.24235
1.23408
1.22766
1.22341
1.22057
1.2177
1.2134
1.20696
1.19846
1.18862
1.17866
1.17
1.16403
1.16174
1.16328
1.16765
1.17304
1.17749
1.17953
1.17842
1.17399
1.16692
1.15846
1.15001
1.14286
1.13757
1.13376
1.13029
1.12615
1.12125
1.11685
1.11487
1.11671
1.12219
1.1298
1.13738
1.14291
1.14493
1.14267
1.13617
1.12651
1.11574
1.1068
1.10286
1.10624
1.11722
1.13364
1.15139
1.16573
1.17274
1.17025
1.15824
1.13883
1.11587
1.09376
1.07625
1.06584
1.06364
1.06978
1.08362
1.10389
1.12875
1.15598
1.1836
1.21036
1.23565
1.25879
1.27838
1.29233
1.2986
1.29602
1.28461
1.26537
1.24018
1.21174
1.18344
1.15884
1.1407
1.13032
1.12728
1.12986
1.13585
1.14358
1.15194
1.1605
1.16925
1.17806
1.18606
1.19159
1.19249
1.18671
1.17288
1.15091
1.12225
1.08992
1.0582
1.03214
1.01649
1.01435
1.02607
1.04927
1.08006
1.11465
1.15002
1.18396
1.21462
1.24013
1.25862
1.26884
1.27064
1.26515
1.25412
1.23922
1.22163
1.20234
1.18252
1.1638
1.14819
1.1379
1.13479
1.13936
1.15028
1.1643
1.17733
1.18579
1.18788
1.18391
1.17554
1.16502
1.15446
1.14549
1.13911
1.13592
1.13617
1.13961
1.14555
1.15256
1.15873
1.1619
1.16028
1.1532
1.14157
1.1275
1.11397
1.10391
1.09958
1.10225
1.11226
1.12934
1.15268
1.18071
1.21128
1.24159
1.26883
1.29041
1.3043
1.30921
1.30466
1.29107
1.26975
1.24265
1.21225
1.18094
1.15079
1.12355
1.10128
1.08683
1.08352
1.09342
1.11547
1.14528
1.17726
1.20651
1.22948
1.24379
1.2482
1.24255
1.22798
1.20682
1.18174
1.15469
1.12679
1.09941
1.07551
1.05973
1.05651
1.06778
1.09172
1.1237
1.15815
1.18998
1.21553
1.23271
1.24094
1.24076
1.23345
1.22081
1.20488
1.18762
1.17071
1.15532
1.14213
1.13176
1.12493
1.12247
1.12466
1.13061
1.13808
1.14394
1.14507
1.13929
1.12612
1.10693
1.08472
1.06344
1.0472
1.03935
1.04162
1.05384
1.07403
1.09919
1.12645
1.15383
1.18043
1.20592
1.22994
1.25147
1.26855
1.27874
1.27997
1.27139
1.25376
1.22988
1.20405
1.18127
1.16605
1.16107
1.16671
1.18115
1.20113
1.22294
1.24299
1.25843
1.26694
1.26676
1.25679
1.23693
1.20856
1.17458
1.13873
1.10499
1.07684
1.05651
1.04485
1.04155
1.04567
1.05602
1.07114
1.08926
1.1085
1.12744
1.14546
1.16266
1.1795
1.19615
1.21205
1.22598
1.23646
1.24243
1.24381
1.2413
1.23505
1.22399
1.20682
1.18427
1.15967
1.13744
1.12102
1.112
1.11034
1.11501
1.12452
1.13696
1.14986
1.16059
1.16733
1.17007
1.171
1.1734
1.17964
1.18985
1.20182
1.21235
1.21873
1.2199
1.21659
1.21063
1.20423
1.19937
1.19745
1.1992
1.20418
1.21104
1.21794
1.223
1.22473
1.22217
1.21525
1.20503
1.19353
1.18304
1.17534
1.17094
1.16918
1.16873
1.16816
1.16649
1.16344
1.15949
1.15553
1.15248
1.15087
1.15067
1.15136
1.15219
1.15233
1.15095
1.14715
1.14008
1.12943
1.11576
1.10087
1.08729
1.0776
1.07338
1.07494
1.08184
1.09352
1.10943
1.12864
1.14963
1.17045
1.18872
1.20223
1.2096
1.21055
1.20631
1.19943
1.19298
1.18926
1.18906
1.19144
1.19425
1.19526
1.19273
1.18577
1.17455
1.16023
1.14475
1.13068
1.12083
1.11794
1.1238
1.13875
1.16124
1.18799
1.21488
1.23809
1.2551
1.26485
1.26783
1.26535
1.25896
1.24967
1.23785
1.22359
1.20675
1.1872
1.16497
1.14041
1.11468
1.08991
1.06921
1.056
1.05273
1.05984
1.07537
1.09569
1.11666
1.13474
1.14799
1.15629
1.16113
1.16469
1.16874
1.17358
1.17811
1.18047
1.1792
1.17393
1.16525
1.15435
1.14242
1.13034
1.11884
1.1088
1.10151
1.09833
1.10029
1.1075
1.11912
1.13352
1.14848
1.16142
1.1697
1.17131
1.16549
1.15309
1.13641
1.11859
1.1027
1.09092
1.0843
1.083
1.08686
1.09577
1.1096
1.12766
1.14829
1.16925
1.18841
1.20423
1.21595
1.22374
1.22849
1.23151
1.23429
1.23802
1.24341
1.25036
1.25779
1.26367
1.26581
1.26308
1.25608
1.2469
1.23796
1.23078
1.2253
1.22008
1.21293
1.20179
1.18568
1.16552
1.1441
1.12529
1.11228
1.1064
1.10698
1.11266
1.12258
1.13651
1.15408
1.17377
1.19281
1.20821
1.21782
1.22102
1.21866
1.2124
1.20411
1.19524
1.18668
1.17886
1.17205
1.16637
1.16157
1.15703
1.15176
1.14462
1.13482
1.12231
1.10816
1.09466
1.08464
1.08084
1.08483
1.09674
1.11539
1.13857
1.16353
1.1873
1.20703
1.22051
1.22655
1.22519
1.21768
1.20592
1.19187
1.17708
1.16285
1.1504
1.14117
1.13638
1.13641
1.14043
1.14651
1.15238
1.15627
1.15745
1.15628
1.1538
1.15118
1.14912
1.14759
1.14579
1.14279
1.13889
1.13675
1.14126
1.15705
1.18523
1.22188
1.25996
1.29264
1.31532
1.32605
1.32499
1.31385
1.29504
1.2713
1.24523
1.219
1.19408
1.17124
1.1505
1.13109
1.11187
1.0917
1.07011
1.04787
1.02706
1.01036
0.999961
0.996674
1.00021
1.01001
1.02597
1.04827
1.07674
1.1101
1.14587
1.18069
1.21096
1.23378
1.24748
1.25199
1.24857
1.23926
1.22637
1.21229
1.19913
1.18853
1.18121
1.46035
1.67578
1.8297
1.92579
1.96905
1.9642
1.91565
1.82802
1.70742
1.56266
1.40609
1.25267
1.11716
1.01115
0.941533
0.91035
0.915087
0.949182
1.00328
1.0674
1.13256
1.1919
1.24085
1.277
1.29945
1.30836
1.3046
1.28976
1.26626
1.23741
1.20684
1.17766
1.15133
1.12745
1.10503
1.08404
1.06611
1.05417
1.05116
1.05885
1.07711
1.10394
1.1361
1.16999
1.20229
1.23027
1.25153
1.26399
1.26613
1.25738
1.23868
1.21268
1.18372
1.15705
1.13741
1.12782
1.12875
1.13833
1.15331
1.16989
1.18455
1.19444
1.19788
1.19457
1.18528
1.17166
1.15598
1.14114
1.13049
1.12701
1.13221
1.14483
1.16095
1.17556
1.18471
1.18693
1.18338
1.17682
1.17056
1.16733
1.16935
1.17831
1.19485
1.21805
1.24566
1.275
1.30374
1.33007
1.35236
1.36908
1.37877
1.38008
1.37185
1.35348
1.32516
1.28846
1.2462
1.20192
1.15916
1.12076
1.08852
1.06333
1.04555
1.0356
1.03394
1.04073
1.05514
1.07514
1.09774
1.12
1.13975
1.15593
1.16859
1.17828
1.18563
1.19106
1.1946
1.1961
1.19546
1.19303
1.1899
1.18772
1.18804
1.19113
1.19537
1.19815
1.19761
1.19354
1.18718
1.18014
1.17368
1.16831
1.16386
1.16005
1.157
1.1556
1.15721
1.16313
1.17391
1.18875
1.20551
1.22138
1.23352
1.23957
1.23791
1.2279
1.21003
1.18571
1.1573
1.12803
1.10198
1.08364
1.07653
1.08184
1.09783
1.12014
1.14348
1.16344
1.17769
1.18612
1.19057
1.19386
1.19847
1.20582
1.21578
1.22688
1.23706
1.24453
1.24837
1.24879
1.24679
1.24384
1.24124
1.23962
1.239
1.23872
1.23786
1.23555
1.2312
1.22464
1.21617
1.20646
1.19652
1.1872
1.1789
1.17144
1.16385
1.1547
1.1425
1.1263
1.10586
1.08195
1.05617
1.03084
1.0087
0.992238
0.983261
0.982582
0.989915
1.00433
1.02448
1.04903
1.07659
1.10542
1.13366
1.15989
1.18343
1.20429
1.22281
1.23919
1.25335
1.26518
1.27479
1.28233
1.28777
1.29073
1.2905
1.28636
1.27807
1.26612
1.25155
1.23579
1.22007
1.20516
1.19128
1.17846
1.16682
1.15646
1.14727
1.13873
1.13019
1.12165
1.11443
1.11096
1.11337
1.12142
1.13219
1.14158
1.14655
1.14635
1.14247
1.13822
1.13792
1.14578
1.16437
1.19343
1.22958
1.26719
1.30024
1.32399
1.33627
1.33725
1.32917
1.31513
1.29814
1.28028
1.26255
1.24507
1.22771
1.21039
1.19354
1.17819
1.16562
1.15691
1.1527
1.15256
1.15486
1.15717
1.15687
1.15211
1.14252
1.12934
1.11478
1.1012
1.09043
1.0833
1.07996
1.08025
1.08397
1.09096
1.10091
1.11344
1.12806
1.14436
1.16183
1.17996
1.19817
1.2155
1.23077
1.24253
1.24919
1.24963
1.24351
1.23158
1.2153
1.19623
1.17576
1.15529
1.13632
1.1206
1.11004
1.10618
1.10981
1.12083
1.13824
1.16046
1.18558
1.21147
1.23577
1.2561
1.27023
1.27668
1.27494
1.26555
1.25014
1.23097
1.21049
1.19079
1.17359
1.16014
1.15163
1.14933
1.15446
1.16735
1.18673
1.20954
1.23175
1.24974
1.26146
1.26671
1.26656
1.26235
1.25493
1.24427
1.2299
1.21156
1.18966
1.16557
1.14125
1.11898
1.10082
1.088
1.08103
1.07983
1.08433
1.09449
1.1101
1.13007
1.15206
1.1728
1.18932
1.19976
1.20372
1.20201
1.1961
1.18754
1.17757
1.16684
1.15562
1.14397
1.13223
1.12145
1.11356
1.11074
1.11436
1.12423
1.13852
1.15453
1.16955
1.18198
1.19163
1.19964
1.20792
1.21827
1.23154
1.24744
1.26459
1.28094
1.29407
1.3015
1.30091
1.29095
1.27216
1.24801
1.22457
1.20747
1.1986
1.19577
1.19572
1.19658
1.19776
1.19885
1.19927
1.19823
1.19511
1.18952
1.18145
1.17115
1.15931
1.14737
1.13723
1.13087
1.1295
1.13323
1.14116
1.1514
1.16172
1.16999
1.17474
1.17537
1.17241
1.16718
1.16146
1.157
1.15506
1.15636
1.16091
1.16812
1.17684
1.18552
1.19238
1.19591
1.19519
1.19023
1.18181
1.17129
1.16037
1.15114
1.14598
1.14695
1.15514
1.16993
1.18892
1.20871
1.22614
1.23918
1.24764
1.2526
1.25564
1.25826
1.2617
1.26699
1.27471
1.2844
1.29448
1.3025
1.30609
1.3037
1.29515
1.28128
1.26337
1.24265
1.22016
1.19683
1.1736
1.15136
1.13082
1.11228
1.09568
1.08089
1.06814
1.0583
1.05247
1.05128
1.0541
1.05925
1.06538
1.07257
1.08297
1.09985
1.1256
1.15965
1.19836
1.23667
1.27011
1.2958
1.31255
1.32067
1.32128
1.31594
1.30615
1.29299
1.2769
1.25816
1.23724
1.21559
1.19576
1.18094
1.17375
1.17471
1.18144
1.1897
1.19533
1.19575
1.1905
1.18084
1.16882
1.15648
1.14537
1.13652
1.1306
1.12797
1.12894
1.13381
1.1426
1.15494
1.16989
1.18592
1.20117
1.21368
1.22179
1.22441
1.22112
1.21226
1.19874
1.18203
1.16414
1.1475
1.1346
1.12765
1.12781
1.13462
1.14569
1.15721
1.16522
1.16704
1.16212
1.15215
1.14024
1.12965
1.12284
1.12133
1.12573
1.13602
1.15193
1.17302
1.19872
1.22831
1.26049
1.29326
1.32384
1.34892
1.36531
1.37075
1.36432
1.34662
1.3196
1.2859
1.24837
1.20986
1.17327
1.14137
1.11643
1.09959
1.09073
1.08869
1.09179
1.09838
1.10719
1.11744
1.1287
1.14083
1.1536
1.16655
1.17879
1.18917
1.19653
1.20002
1.19931
1.19476
1.18734
1.17838
1.16913
1.16046
1.15308
1.14776
1.14531
1.14649
1.15152
1.15999
1.17096
1.1831
1.19496
1.20486
1.21094
1.21168
1.20611
1.19414
1.17658
1.15501
1.13171
1.10977
1.0929
1.08503
1.08949
1.10755
1.13731
1.17368
1.20983
1.23954
1.25877
1.26644
1.26407
1.25505
1.24345
1.23295
1.22588
1.22298
1.22384
1.22748
1.23291
1.23959
1.24743
1.25612
1.26449
1.27032
1.27091
1.26439
1.25079
1.23242
1.21321
1.19758
1.18906
1.18936
1.19774
1.21146
1.22669
1.23985
1.24826
1.25042
1.24563
1.23337
1.21342
1.18617
1.15316
1.11726
1.08263
1.05389
1.03511
1.02885
1.03542
1.05284
1.07739
1.10453
1.13007
1.15088
1.16534
1.17325
1.17573
1.17479
1.1726
1.17067
1.16951
1.16861
1.16685
1.16321
1.15714
1.14921
1.14095
1.13475
1.13311
1.13775
1.14895
1.16546
1.18489
1.20439
1.22138
1.23425
1.2429
1.24858
1.25316
1.25806
1.26344
1.26798
1.26942
1.26562
1.2553
1.23847
1.21651
1.19201
1.16822
1.1483
1.1346
1.12799
1.12784
1.13242
1.1398
1.14879
1.15946
1.17294
1.19026
1.21101
1.23316
1.2535
1.26899
1.27793
1.28005
1.27601
1.26654
1.25208
1.23296
1.20999
1.18518
1.16171
1.14279
1.1305
1.12512
1.12531
1.12921
1.13521
1.14253
1.15081
1.15966
1.16836
1.17584
1.18096
1.18273
1.18052
1.17437
1.16484
1.15291
1.13982
1.12699
1.11597
1.10825
1.10476
1.10575
1.11105
1.12037
1.13348
1.14982
1.16838
1.18756
1.20563
1.22123
1.23374
1.24315
1.24953
1.25267
1.2517
1.2452
1.23177
1.211
1.18439
1.15559
1.13028
1.11494
1.11515
1.13375
1.16962
1.21767
1.27051
1.32041
1.36093
1.38776
1.39895
1.39437
1.37526
1.3441
1.30428
1.26008
1.21605
1.17622
1.14354
1.11927
1.10359
1.0961
1.09597
1.10201
1.11246
1.12533
1.13873
1.15135
1.16238
1.17143
1.17871
1.18505
1.19161
1.1994
1.20863
1.21825
1.22557
1.22721
1.22002
1.20217
1.17396
1.13807
1.09914
1.06313
1.03621
1.02339
1.02715
1.04659
1.07801
1.11637
1.15694
1.19599
1.23092
1.25973
1.28109
1.29423
1.2992
1.29692
1.28898
1.27742
1.26466
1.25302
1.24472
1.24176
1.24542
1.2556
1.27028
1.28551
1.29638
1.29855
1.28945
1.26895
1.23952
1.2058
1.17349
1.1478
1.13227
1.12795
1.13329
1.14456
1.15695
1.16594
1.16872
1.16488
1.15627
1.14611
1.1381
1.13551
1.14054
1.15384
1.17425
1.19894
1.22384
1.24438
1.25657
1.25765
1.24667
1.22477
1.19513
1.16272
1.13326
1.11225
1.10341
1.10774
1.12319
1.14553
1.16977
1.19153
1.20782
1.21704
1.2188
1.21351
1.20225
1.1866
1.16868
1.151
1.13636
1.12738
1.12587
1.13229
1.14563
1.16395
1.18488
1.20619
1.22579
1.24179
1.25258
1.25704
1.25477
1.24629
1.2333
1.21858
1.20542
1.19692
1.19496
1.19952
1.20869
1.21946
1.22861
1.23364
1.23325
1.22717
1.21613
1.20129
1.18398
1.16592
1.14898
1.13482
1.12439
1.11795
1.11511
1.11519
1.11731
1.12037
1.12326
1.12535
1.12671
1.12808
1.13051
1.13481
1.14094
1.14794
1.15427
1.15862
1.16052
1.16061
1.16017
1.16055
1.16266
1.16708
1.17431
1.18489
1.19934
1.2178
1.23958
1.26292
1.28546
1.30456
1.3176
1.32212
1.31622
1.29909
1.27121
1.23473
1.19345
1.15247
1.1173
1.09265
1.08106
1.08221
1.09361
1.1117
1.13322
1.15561
1.17711
1.1966
1.21361
1.22834
1.24083
1.24986
1.25271
1.24678
1.23159
1.20961
1.18543
1.16411
1.14968
1.14407
1.14701
1.15661
1.17037
1.18595
1.20159
1.21626
1.2294
1.24094
1.25103
1.25997
1.26759
1.2728
1.27365
1.26807
1.25466
1.23325
1.2047
1.17051
1.13266
1.09359
1.05653
1.0257
1.00591
1.00167
1.01558
1.0471
1.09216
1.14442
1.19713
1.24472
1.28357
1.31183
1.32894
1.33532
1.33222
1.32165
1.30612
1.28845
1.27127
1.25666
1.24578
1.2388
1.235
1.23311
1.23175
1.22938
1.22438
1.4423
1.6439
1.78999
1.88417
1.93142
1.93711
1.90639
1.84444
1.75669
1.64917
1.52884
1.40362
1.28272
1.17603
1.09267
1.0387
1.01499
1.01663
1.0349
1.06057
1.0864
1.10792
1.12285
1.13031
1.13002
1.12206
1.10696
1.08604
1.06167
1.0373
1.01687
1.004
1.00095
1.00804
1.02383
1.04596
1.07223
1.10095
1.13073
1.15987
1.18637
1.20826
1.22415
1.23369
1.23746
1.23681
1.23322
1.22807
1.22242
1.2168
1.21124
1.20562
1.20044
1.19692
1.19667
1.20035
1.20709
1.21475
1.22088
1.2236
1.22218
1.21711
1.20995
1.20266
1.19702
1.19404
1.19361
1.19459
1.19516
1.19329
1.18721
1.17596
1.15952
1.13902
1.1167
1.09555
1.07875
1.06906
1.06818
1.07638
1.09249
1.11434
1.13963
1.16642
1.19366
1.22099
1.24851
1.27613
1.30313
1.32768
1.34688
1.3572
1.35574
1.34112
1.31404
1.27724
1.23481
1.19143
1.15156
1.11872
1.09499
1.08081
1.07527
1.0767
1.08354
1.09477
1.10956
1.12657
1.14338
1.15679
1.1643
1.16597
1.16523
1.1674
1.17647
1.19266
1.21269
1.23224
1.24765
1.25653
1.25731
1.24941
1.23346
1.21134
1.18592
1.16061
1.1389
1.12376
1.11697
1.11852
1.12659
1.13813
1.14962
1.15806
1.1616
1.16
1.15468
1.14844
1.14486
1.14735
1.15798
1.17676
1.20175
1.22975
1.25733
1.28168
1.30073
1.31307
1.3177
1.3142
1.303
1.28551
1.26383
1.2401
1.21588
1.1919
1.16803
1.14354
1.11796
1.09165
1.06623
1.04444
1.02937
1.02348
1.02771
1.04155
1.06331
1.09078
1.12167
1.15367
1.18472
1.21309
1.23744
1.25714
1.27234
1.28372
1.29232
1.29891
1.30371
1.30619
1.30516
1.29918
1.28681
1.26734
1.24113
1.20998
1.17686
1.14541
1.1188
1.09901
1.08622
1.07912
1.07565
1.07428
1.07459
1.07713
1.08284
1.09224
1.10472
1.11872
1.1321
1.14283
1.14969
1.15257
1.15262
1.15166
1.15153
1.15374
1.15904
1.16754
1.17874
1.19166
1.20501
1.21746
1.22774
1.23476
1.23778
1.23661
1.23167
1.22409
1.21574
1.20877
1.20481
1.2043
1.20657
1.21053
1.21512
1.21937
1.22231
1.22305
1.22098
1.21588
1.20801
1.19831
1.18829
1.17943
1.17214
1.16559
1.1583
1.14897
1.13738
1.12445
1.1121
1.1025
1.09756
1.09839
1.10529
1.11772
1.13449
1.15361
1.17262
1.18913
1.20141
1.20902
1.21253
1.2129
1.21075
1.20611
1.19871
1.18849
1.17585
1.16189
1.1484
1.13758
1.13204
1.13435
1.14632
1.16834
1.19884
1.23434
1.27011
1.30092
1.32188
1.32921
1.32102
1.29756
1.26141
1.21698
1.16975
1.12521
1.088
1.06099
1.0452
1.03985
1.043
1.05249
1.06646
1.0835
1.10247
1.12238
1.14212
1.16068
1.17727
1.19135
1.20253
1.21043
1.21432
1.21298
1.20505
1.18986
1.16823
1.14267
1.117
1.09563
1.08242
1.08005
1.08944
1.10929
1.13633
1.16621
1.19468
1.21864
1.23675
1.24937
1.25823
1.26553
1.27284
1.28043
1.28729
1.29173
1.29217
1.28759
1.27766
1.2627
1.24331
1.22035
1.195
1.16906
1.14524
1.1267
1.11607
1.11433
1.12046
1.13221
1.1467
1.16116
1.17335
1.18237
1.18872
1.19327
1.19576
1.19445
1.18725
1.1733
1.15343
1.13037
1.10868
1.09406
1.09157
1.10311
1.1262
1.15528
1.18433
1.20892
1.2271
1.23876
1.24466
1.24577
1.24303
1.2373
1.22971
1.22173
1.21449
1.20852
1.2035
1.19837
1.19168
1.18218
1.16955
1.15493
1.1409
1.13077
1.12766
1.13359
1.14884
1.17194
1.19999
1.22924
1.25583
1.27636
1.2882
1.28946
1.27916
1.25734
1.22562
1.18755
1.14855
1.11475
1.09135
1.08096
1.08316
1.09536
1.11387
1.13508
1.15597
1.17451
1.18933
1.19963
1.20499
1.20532
1.2009
1.19234
1.18044
1.16642
1.15224
1.14061
1.13424
1.13475
1.14171
1.15288
1.1654
1.17686
1.18587
1.19227
1.19698
1.20157
1.2076
1.21582
1.22548
1.23434
1.23932
1.23778
1.22841
1.21193
1.19103
1.16978
1.15246
1.14216
1.14003
1.14532
1.15601
1.1693
1.18215
1.1916
1.19542
1.19311
1.18617
1.17775
1.17151
1.17017
1.17444
1.18302
1.19351
1.20359
1.21216
1.21942
1.22649
1.23431
1.24295
1.25137
1.25754
1.25898
1.25336
1.23896
1.21521
1.18316
1.14558
1.10674
1.07183
1.04584
1.03268
1.0342
1.04968
1.07624
1.1097
1.1455
1.1794
1.20787
1.22842
1.23982
1.24219
1.23679
1.22565
1.21134
1.19642
1.18305
1.17285
1.16714
1.16665
1.17122
1.17978
1.19075
1.20266
1.2148
1.22703
1.23935
1.25141
1.26238
1.2708
1.27483
1.27269
1.26314
1.24609
1.22276
1.1954
1.16685
1.1397
1.11591
1.09653
1.08163
1.0705
1.06216
1.05578
1.05117
1.04892
1.05033
1.05715
1.07096
1.09266
1.12178
1.15637
1.19314
1.22818
1.25774
1.27899
1.29025
1.29102
1.28181
1.26377
1.23832
1.20716
1.17217
1.13573
1.10085
1.07131
1.05128
1.04457
1.05362
1.0788
1.11787
1.16633
1.21801
1.26619
1.30462
1.32843
1.33497
1.32406
1.29799
1.26122
1.21969
1.17973
1.14679
1.12447
1.11416
1.11536
1.12602
1.14341
1.16446
1.18625
1.20616
1.22214
1.23287
1.2378
1.23691
1.23063
1.21978
1.20544
1.18875
1.1705
1.1514
1.13261
1.11599
1.10378
1.09748
1.09683
1.09961
1.10268
1.10374
1.10267
1.10176
1.10501
1.11619
1.13717
1.16683
1.20153
1.23647
1.26707
1.28981
1.30265
1.30507
1.29783
1.28271
1.2621
1.23865
1.21525
1.19514
1.18111
1.17407
1.1731
1.17682
1.18453
1.19604
1.21086
1.22793
1.24585
1.26285
1.27696
1.28634
1.28973
1.28682
1.2781
1.26482
1.2484
1.23015
1.21096
1.19123
1.17099
1.15032
1.12961
1.10967
1.09145
1.07603
1.06455
1.05801
1.05701
1.06133
1.06988
1.08105
1.09334
1.10589
1.11851
1.13134
1.14453
1.15738
1.16807
1.17439
1.17493
1.1701
1.16219
1.15443
1.1496
1.1489
1.15171
1.15606
1.15989
1.16197
1.16241
1.1624
1.1637
1.16777
1.17543
1.18685
1.20167
1.21892
1.23702
1.25386
1.26737
1.27649
1.28201
1.2861
1.29111
1.29752
1.30303
1.30353
1.29529
1.27668
1.24918
1.21693
1.18516
1.15821
1.13869
1.12792
1.12658
1.13442
1.1496
1.16819
1.1849
1.1945
1.19351
1.18122
1.15985
1.13393
1.10872
1.08885
1.07719
1.07435
1.07895
1.08846
1.10011
1.11162
1.12152
1.12915
1.13446
1.13775
1.13958
1.14086
1.14283
1.14682
1.15403
1.16487
1.17859
1.19306
1.20532
1.21241
1.21262
1.20644
1.19653
1.18705
1.18245
1.18581
1.19769
1.21618
1.23784
1.25872
1.27535
1.28493
1.2854
1.27527
1.25373
1.22117
1.17978
1.13418
1.09111
1.05834
1.04253
1.04707
1.07121
1.11033
1.1574
1.20497
1.24668
1.27823
1.29762
1.30495
1.30199
1.29162
1.27745
1.26271
1.24947
1.23804
1.22772
1.21765
1.20747
1.19718
1.18662
1.1753
1.16261
1.14842
1.13323
1.11808
1.1041
1.09249
1.08448
1.08117
1.08272
1.08776
1.09373
1.09804
1.09913
1.09689
1.09231
1.08719
1.08341
1.08247
1.08513
1.09144
1.10105
1.11328
1.12746
1.14302
1.15949
1.17648
1.1935
1.21007
1.22546
1.23867
1.24868
1.25465
1.25601
1.25256
1.24449
1.23224
1.21654
1.19858
1.18018
1.16368
1.15171
1.14666
1.15001
1.16146
1.17863
1.19759
1.21419
1.22534
1.22953
1.22703
1.21945
1.20925
1.19898
1.19073
1.18553
1.18341
1.18341
1.18414
1.18427
1.18305
1.1807
1.17878
1.17963
1.18513
1.19488
1.20563
1.21241
1.21085
1.1987
1.17657
1.14743
1.11551
1.08504
1.05956
1.0415
1.03189
1.03084
1.03827
1.05413
1.07815
1.10908
1.14443
1.1808
1.21465
1.24296
1.26379
1.27611
1.27966
1.2748
1.26233
1.24371
1.22106
1.19731
1.17599
1.16016
1.15149
1.14966
1.1531
1.15997
1.16895
1.17935
1.19069
1.20232
1.21304
1.22113
1.22499
1.22379
1.21785
1.20859
1.19798
1.18795
1.17986
1.17435
1.17146
1.17067
1.17128
1.17276
1.17493
1.17787
1.18125
1.18431
1.18587
1.18509
1.18188
1.17672
1.17024
1.16293
1.15505
1.14665
1.13792
1.1293
1.1217
1.11663
1.11573
1.12049
1.13181
1.14955
1.17232
1.19784
1.22372
1.24804
1.26945
1.2872
1.30064
1.30912
1.31204
1.30921
1.30063
1.28638
1.26652
1.24123
1.21127
1.17836
1.14493
1.1137
1.08696
1.06613
1.05157
1.04294
1.04001
1.0432
1.05341
1.07126
1.09596
1.12498
1.15443
1.18004
1.19813
1.20627
1.20385
1.19233
1.17512
1.15678
1.14179
1.13321
1.13207
1.13742
1.14706
1.15844
1.16973
1.18026
1.19067
1.2024
1.21685
1.23443
1.25422
1.27417
1.29183
1.30522
1.31335
1.31621
1.31419
1.30741
1.29546
1.27766
1.25359
1.22369
1.18924
1.15227
1.11514
1.0804
1.05105
1.03036
1.02114
1.02495
1.04162
1.06931
1.10496
1.14474
1.18482
1.22176
1.25266
1.27528
1.28791
1.28969
1.28103
1.26426
1.24353
1.22398
1.21014
1.20437
1.2064
1.21407
1.22444
1.2349
1.24373
1.2503
1.25488
1.258
1.25986
1.26016
1.25806
1.25209
1.24035
1.22086
1.19266
1.15669
1.11603
1.07503
1.03797
1.00835
0.989094
0.983014
0.991926
1.01575
1.05193
1.09595
1.14246
1.18656
1.22466
1.25459
1.2756
1.28791
1.29238
1.29016
1.28235
1.27003
1.25417
1.23556
1.21477
1.19228
1.16913
1.14701
1.12813
1.47145
1.69024
1.8457
1.94526
1.9953
2.00141
1.96872
1.9027
1.80973
1.69715
1.57305
1.44601
1.32466
1.21751
1.13216
1.07388
1.04442
1.04176
1.06135
1.09786
1.14592
1.19952
1.25137
1.29366
1.31972
1.32577
1.31131
1.2786
1.23176
1.17587
1.1163
1.05822
1.0065
0.96561
0.939406
0.930842
0.941703
0.972367
1.02141
1.08539
1.15915
1.23648
1.31101
1.37707
1.43045
1.46832
1.48902
1.4916
1.47546
1.44092
1.39006
1.32773
1.26128
1.19939
1.1497
1.11686
1.1017
1.10205
1.11422
1.13386
1.15688
1.18004
1.20122
1.21927
1.23393
1.24602
1.25765
1.27149
1.28873
1.30731
1.32288
1.33122
1.32995
1.31854
1.29793
1.27009
1.2377
1.20359
1.17058
1.14103
1.11694
1.10032
1.09341
1.09838
1.11676
1.14865
1.19226
1.2436
1.29708
1.34658
1.38661
1.41334
1.42493
1.42121
1.40321
1.37273
1.33196
1.28374
1.23189
1.18146
1.13812
1.10681
1.09029
1.08859
1.09977
1.12081
1.14811
1.17739
1.20443
1.2262
1.24141
1.25
1.25238
1.24955
1.24308
1.23455
1.22505
1.21482
1.20379
1.19234
1.18189
1.17475
1.17256
1.17488
1.17932
1.18309
1.18452
1.18365
1.18183
1.1809
1.18277
1.18947
1.20277
1.22305
1.24806
1.2738
1.29665
1.31473
1.32767
1.33553
1.33787
1.33397
1.32372
1.30827
1.28981
1.27115
1.25533
1.24501
1.24211
1.24724
1.25953
1.27672
1.29548
1.31193
1.32233
1.32394
1.3154
1.29699
1.27049
1.23881
1.20548
1.17374
1.14553
1.1215
1.10165
1.08611
1.07533
1.06982
1.06975
1.07512
1.08606
1.10269
1.125
1.15258
1.18455
1.21967
1.25656
1.29359
1.3287
1.35961
1.38403
1.3997
1.40493
1.39894
1.38215
1.35599
1.32283
1.28553
1.24686
1.20934
1.17516
1.14625
1.12447
1.1112
1.10717
1.11231
1.12584
1.14638
1.17189
1.19965
1.22656
1.24963
1.26663
1.27657
1.27981
1.27783
1.27287
1.2673
1.2632
1.26175
1.2628
1.26511
1.26695
1.26697
1.26478
1.26108
1.25718
1.25451
1.25419
1.25651
1.26082
1.26528
1.2673
1.26456
1.25564
1.24039
1.22008
1.19695
1.1739
1.15403
1.14026
1.13498
1.1395
1.15369
1.17573
1.20204
1.22801
1.2492
1.26239
1.26674
1.26402
1.25813
1.25375
1.25455
1.26156
1.27315
1.28622
1.29789
1.30648
1.31138
1.31285
1.31166
1.30855
1.30431
1.2996
1.29487
1.29038
1.2859
1.28082
1.2743
1.2657
1.25459
1.24086
1.22446
1.20548
1.18422
1.1614
1.13855
1.11784
1.10179
1.09258
1.09143
1.09822
1.11149
1.12917
1.14913
1.1695
1.1886
1.2046
1.21537
1.21917
1.21545
1.20543
1.19219
1.18012
1.17391
1.17758
1.19348
1.22171
1.25951
1.30147
1.34105
1.37236
1.39128
1.396
1.38697
1.3664
1.3379
1.3059
1.27493
1.24882
1.22991
1.21873
1.21402
1.21315
1.21305
1.2111
1.20578
1.19724
1.18702
1.17716
1.16896
1.16243
1.15694
1.15216
1.14879
1.14858
1.15345
1.16477
1.18268
1.20625
1.23352
1.26176
1.28798
1.30932
1.32371
1.33048
1.33051
1.32589
1.31901
1.31159
1.30393
1.29496
1.28292
1.26652
1.2458
1.22239
1.19896
1.17836
1.16276
1.15316
1.14959
1.1514
1.1577
1.16761
1.18006
1.19356
1.20631
1.21643
1.2224
1.22353
1.22011
1.21347
1.20549
1.19835
1.19388
1.19324
1.19675
1.20381
1.21318
1.22334
1.23276
1.23996
1.24375
1.24345
1.23902
1.23109
1.22085
1.20994
1.20028
1.19381
1.19186
1.19466
1.20088
1.20787
1.2125
1.2122
1.20596
1.19508
1.18303
1.17462
1.17464
1.18605
1.20882
1.23959
1.27275
1.30225
1.3233
1.33318
1.33149
1.3196
1.29995
1.27518
1.24762
1.21926
1.19218
1.16866
1.15069
1.13932
1.13445
1.13518
1.14026
1.14821
1.15746
1.1666
1.1748
1.18199
1.18877
1.19623
1.20528
1.21639
1.2293
1.24306
1.25651
1.26846
1.27811
1.28503
1.28917
1.29058
1.28931
1.28517
1.2779
1.26742
1.25427
1.23952
1.22476
1.21181
1.20237
1.19786
1.19945
1.20788
1.22328
1.24487
1.27095
1.29874
1.32443
1.34392
1.3535
1.35079
1.33528
1.30836
1.27339
1.23511
1.1986
1.16805
1.14571
1.13175
1.12494
1.12366
1.12661
1.13308
1.14267
1.15501
1.1697
1.18611
1.20358
1.22139
1.23871
1.25456
1.2678
1.27774
1.28439
1.28873
1.29228
1.29587
1.29892
1.29965
1.29644
1.28899
1.27854
1.2674
1.25778
1.25072
1.24557
1.2406
1.23418
1.22573
1.21608
1.20707
1.20056
1.19744
1.19692
1.19692
1.1949
1.18898
1.17863
1.16543
1.15276
1.14421
1.14177
1.14529
1.15367
1.16578
1.18084
1.198
1.21596
1.23304
1.24749
1.25778
1.26319
1.26424
1.26275
1.26124
1.26231
1.26763
1.27739
1.29034
1.30415
1.31584
1.32261
1.32217
1.3129
1.29392
1.26519
1.22796
1.18532
1.14247
1.10605
1.08247
1.07569
1.08611
1.11116
1.14662
1.18775
1.22964
1.26748
1.29724
1.31649
1.32503
1.32455
1.31794
1.30815
1.29755
1.28774
1.27934
1.27216
1.26541
1.25794
1.24833
1.23532
1.21803
1.19627
1.17062
1.14275
1.11524
1.09128
1.07411
1.06637
1.06998
1.08591
1.11387
1.15212
1.1972
1.24449
1.28924
1.32745
1.35627
1.37444
1.38226
1.38128
1.37367
1.36145
1.34594
1.32786
1.30792
1.28722
1.26745
1.25047
1.23749
1.22872
1.2235
1.22096
1.22069
1.22296
1.22803
1.23543
1.24398
1.25235
1.25964
1.26539
1.26915
1.27003
1.26657
1.25694
1.23967
1.21459
1.18343
1.14994
1.11905
1.09574
1.08367
1.0842
1.09581
1.1144
1.1344
1.15047
1.15909
1.15937
1.15299
1.14341
1.13472
1.13049
1.1328
1.14188
1.15623
1.17351
1.1913
1.20778
1.22193
1.23328
1.24154
1.24629
1.24724
1.24421
1.23767
1.22861
1.21834
1.2079
1.19795
1.18892
1.18117
1.17528
1.17231
1.1737
1.18066
1.1934
1.2105
1.22863
1.24357
1.2517
1.25157
1.24444
1.2339
1.22443
1.22011
1.22311
1.23318
1.24809
1.26471
1.28018
1.29258
1.30102
1.30524
1.30511
1.30061
1.29183
1.27949
1.26533
1.25209
1.24274
1.23919
1.24122
1.24672
1.2526
1.25573
1.2538
1.24534
1.22978
1.20744
1.1798
1.14956
1.12052
1.0969
1.08247
1.0796
1.08853
1.10738
1.13279
1.16102
1.18904
1.2153
1.23956
1.26219
1.28325
1.3019
1.31627
1.32437
1.32485
1.31798
1.30576
1.2914
1.27796
1.26712
1.25833
1.24938
1.23761
1.22147
1.2012
1.17881
1.15745
1.14079
1.1324
1.13469
1.1483
1.17165
1.20125
1.23266
1.2618
1.28582
1.30316
1.31314
1.31558
1.31043
1.29789
1.27872
1.25488
1.22964
1.20693
1.19001
1.18011
1.17634
1.17636
1.17761
1.17809
1.17679
1.17383
1.17047
1.16891
1.17139
1.17913
1.19115
1.2044
1.21516
1.22076
1.2204
1.21529
1.20808
1.20192
1.19948
1.20226
1.21018
1.22199
1.23581
1.24974
1.26204
1.27143
1.27711
1.27885
1.27697
1.27209
1.2648
1.25538
1.24409
1.23161
1.2192
1.20835
1.19996
1.19375
1.18846
1.18258
1.17554
1.16834
1.1634
1.16364
1.17092
1.1852
1.20448
1.22566
1.24566
1.26224
1.27401
1.28025
1.2807
1.27536
1.2644
1.24801
1.22631
1.19951
1.16835
1.13484
1.10274
1.0777
1.06596
1.07185
1.09587
1.13436
1.18123
1.23011
1.27579
1.31458
1.34432
1.36413
1.37428
1.37609
1.37139
1.36225
1.35061
1.33813
1.32597
1.31473
1.30434
1.29402
1.28248
1.26833
1.25081
1.23054
1.20971
1.19097
1.176
1.1648
1.15626
1.14957
1.14458
1.14161
1.14116
1.14377
1.15033
1.16159
1.17728
1.19547
1.21281
1.22608
1.23349
1.23495
1.23165
1.2252
1.21717
1.20894
1.20203
1.1983
1.19994
1.20869
1.22468
1.2458
1.2681
1.28705
1.29883
1.30118
1.29334
1.27587
1.25049
1.22011
1.18887
1.1617
1.14322
1.13627
1.14093
1.15472
1.17409
1.19569
1.21686
1.23564
1.25046
1.26043
1.26556
1.26665
1.26513
1.26263
1.26071
1.26067
1.26308
1.26757
1.27278
1.27685
1.27824
1.27588
1.26866
1.25516
1.2342
1.20589
1.17267
1.13933
1.11191
1.09585
1.09417
1.1064
1.12899
1.15647
1.1832
1.20495
1.21981
1.22823
1.2327
1.23652
1.24271
1.25304
1.26766
1.28492
1.30204
1.31585
1.32369
1.32406
1.31699
1.3041
1.28807
1.27185
1.25775
1.24705
1.23988
1.23554
1.23288
1.23087
1.22909
1.22785
1.22782
1.22966
1.23331
1.23763
1.24065
1.24005
1.23421
1.22282
1.20745
1.19107
1.17711
1.16815
1.16512
1.16746
1.17397
1.18346
1.19522
1.20884
1.22379
1.23919
1.25398
1.26697
1.27734
1.28484
1.28996
1.29361
1.29695
1.30071
1.30474
1.30795
1.30871
1.30561
1.29821
1.28697
1.27317
1.25825
1.24327
1.22868
1.21465
1.2013
1.18869
1.17655
1.16433
1.15165
1.13873
1.12674
1.11778
1.1142
1.11764
1.12807
1.14351
1.16073
1.17623
1.18749
1.19353
1.19504
1.19403
1.19296
1.19388
1.19769
1.20411
1.21201
1.22012
1.2275
1.2339
1.23975
1.24578
1.25244
1.25963
1.26675
1.27279
1.27674
1.27777
1.27547
1.26976
1.26092
1.24954
1.23677
1.2242
1.21364
1.20662
1.20369
1.20435
1.20734
1.21144
1.21604
1.22113
1.22706
1.23411
1.24223
1.25081
1.25898
1.2657
1.26995
1.27097
1.26842
1.26254
1.25403
1.24398
1.23354
1.22306
1.21185
1.19835
1.18139
1.16117
1.13933
1.46497
1.68596
1.84429
1.94332
1.98924
1.98936
1.95164
1.88463
1.79769
1.70025
1.60084
1.50642
1.42253
1.35352
1.30261
1.2713
1.25878
1.26176
1.27503
1.29261
1.30868
1.31848
1.31894
1.30846
1.28706
1.25595
1.21717
1.17347
1.12796
1.08416
1.04567
1.01563
0.996207
0.988268
0.991744
1.00627
1.03141
1.06628
1.10875
1.15524
1.20141
1.24332
1.27826
1.30517
1.32442
1.3375
1.34627
1.35236
1.35667
1.35922
1.35952
1.35713
1.35205
1.34466
1.33525
1.3238
1.30972
1.29217
1.2704
1.24415
1.21427
1.183
1.15386
1.13097
1.11769
1.11538
1.12308
1.13805
1.15685
1.17642
1.195
1.21248
1.23004
1.24861
1.26744
1.28415
1.29641
1.30307
1.30433
1.30091
1.29359
1.28301
1.27009
1.25642
1.24445
1.23722
1.23754
1.24717
1.26617
1.29299
1.32508
1.35933
1.39251
1.42148
1.44311
1.45464
1.45428
1.44145
1.41684
1.38231
1.34045
1.29439
1.24774
1.20466
1.16973
1.14725
1.13982
1.14654
1.1628
1.18201
1.19813
1.20754
1.20957
1.20637
1.20161
1.19922
1.20221
1.21193
1.22808
1.24906
1.27268
1.29673
1.31938
1.33938
1.3557
1.36755
1.37423
1.37538
1.3711
1.36211
1.34978
1.33595
1.32266
1.31191
1.30536
1.30389
1.30696
1.31249
1.31731
1.31827
1.31342
1.30248
1.2869
1.26919
1.25229
1.23872
1.22987
1.2257
1.22507
1.22627
1.22767
1.22808
1.2268
1.22383
1.21983
1.21559
1.21158
1.2076
1.20281
1.19619
1.1871
1.17579
1.16348
1.15218
1.14444
1.14277
1.14914
1.16459
1.18875
1.21968
1.25396
1.28725
1.3151
1.33381
1.34118
1.33727
1.32438
1.30706
1.29129
1.28314
1.2868
1.30311
1.32922
1.35963
1.38783
1.40807
1.41663
1.41266
1.3984
1.37858
1.35886
1.34321
1.33216
1.32309
1.3122
1.29691
1.27709
1.25485
1.23342
1.2159
1.20457
1.20131
1.20757
1.22311
1.24472
1.26677
1.2834
1.29071
1.28766
1.27586
1.25886
1.24113
1.22679
1.21836
1.21637
1.22
1.22785
1.23845
1.25022
1.26147
1.27068
1.27683
1.27957
1.27909
1.27563
1.26922
1.25984
1.24758
1.23304
1.21746
1.2027
1.19099
1.18459
1.18558
1.19526
1.2135
1.23832
1.26608
1.29247
1.31372
1.32756
1.33381
1.33422
1.3318
1.32987
1.33072
1.33475
1.34051
1.34557
1.34788
1.34676
1.34287
1.33765
1.33262
1.3287
1.32586
1.32331
1.32003
1.31516
1.30826
1.29915
1.28752
1.27306
1.25579
1.23647
1.2164
1.19693
1.17936
1.16535
1.15683
1.15549
1.16194
1.1751
1.192
1.20871
1.22151
1.22845
1.23042
1.23123
1.23611
1.2486
1.26878
1.29356
1.31874
1.34077
1.35754
1.36816
1.37219
1.36943
1.3601
1.34518
1.32653
1.3066
1.28766
1.27118
1.25749
1.24588
1.23537
1.22527
1.21522
1.20482
1.19352
1.18095
1.16734
1.15387
1.1426
1.13609
1.13671
1.14601
1.16401
1.18925
1.21901
1.25017
1.27972
1.30519
1.32463
1.33668
1.34066
1.33667
1.326
1.31116
1.29557
1.28289
1.27598
1.27595
1.28182
1.29109
1.30079
1.30871
1.31352
1.31466
1.31194
1.30579
1.29738
1.28859
1.28133
1.27689
1.27543
1.27579
1.27605
1.27408
1.26811
1.25729
1.24181
1.22292
1.20256
1.18284
1.16565
1.15254
1.14485
1.14357
1.14875
1.15889
1.17125
1.18317
1.19312
1.20105
1.20804
1.21583
1.22661
1.24243
1.26451
1.29267
1.32513
1.35907
1.39133
1.41914
1.44056
1.45427
1.45949
1.45586
1.44326
1.422
1.3931
1.35849
1.32141
1.2863
1.25801
1.24041
1.23537
1.24213
1.25751
1.27644
1.29276
1.30027
1.29439
1.27322
1.23844
1.19506
1.15035
1.11193
1.08592
1.07553
1.08082
1.09947
1.12793
1.16257
1.20008
1.23754
1.27227
1.30201
1.32506
1.34056
1.34837
1.34919
1.34446
1.33613
1.32641
1.31716
1.30932
1.30268
1.29578
1.2863
1.27144
1.24909
1.21955
1.18654
1.15625
1.13463
1.12534
1.12937
1.146
1.17298
1.20686
1.24328
1.27775
1.30632
1.32635
1.33683
1.33866
1.33422
1.32692
1.32051
1.3179
1.32032
1.32707
1.33611
1.34501
1.35156
1.35413
1.35225
1.3469
1.34026
1.33541
1.3353
1.34137
1.35274
1.36623
1.37708
1.38032
1.37189
1.3501
1.31625
1.27453
1.23086
1.19108
1.15923
1.13738
1.12637
1.12612
1.13532
1.15087
1.16827
1.18324
1.19315
1.19752
1.19748
1.19484
1.19119
1.1874
1.18369
1.18008
1.17733
1.17753
1.1837
1.19842
1.22223
1.25307
1.28725
1.32058
1.34912
1.36969
1.38019
1.37982
1.36939
1.35146
1.33006
1.30983
1.29487
1.28771
1.28869
1.29612
1.30703
1.31842
1.32834
1.33597
1.34123
1.34361
1.34165
1.33344
1.31758
1.29377
1.26322
1.22829
1.192
1.15763
1.12837
1.10706
1.096
1.0968
1.11016
1.13554
1.17056
1.21108
1.25202
1.28866
1.31786
1.33861
1.35201
1.3605
1.36699
1.37406
1.38331
1.39508
1.40844
1.4214
1.43126
1.43508
1.43017
1.41477
1.38877
1.35408
1.31488
1.27679
1.2453
1.22331
1.21004
1.20201
1.19541
1.18779
1.17865
1.16909
1.16095
1.15642
1.15739
1.16493
1.17909
1.19859
1.22077
1.2423
1.26013
1.27221
1.27774
1.27698
1.27111
1.26195
1.25191
1.24408
1.24211
1.24951
1.26798
1.29569
1.32686
1.35377
1.36968
1.37097
1.35789
1.33388
1.3046
1.27617
1.25349
1.2388
1.23137
1.22825
1.2258
1.22133
1.21384
1.20384
1.19291
1.18355
1.17914
1.18313
1.1978
1.22321
1.25725
1.29647
1.33727
1.37632
1.4108
1.43815
1.45587
1.46162
1.45386
1.4326
1.39989
1.35974
1.31726
1.27735
1.24368
1.21839
1.20236
1.19571
1.1981
1.20904
1.22796
1.25408
1.28574
1.31975
1.35107
1.37411
1.38414
1.37848
1.35717
1.32316
1.28193
1.24017
1.204
1.17741
1.16147
1.15489
1.15529
1.16013
1.16743
1.17593
1.185
1.19469
1.20517
1.21634
1.22746
1.23735
1.24463
1.24828
1.24828
1.24583
1.2429
1.24159
1.2432
1.24756
1.25328
1.25836
1.26104
1.2605
1.25721
1.25275
1.24948
1.24962
1.25434
1.26342
1.27584
1.29039
1.30653
1.32424
1.34326
1.36237
1.37932
1.39162
1.39756
1.39656
1.38925
1.37718
1.36244
1.34714
1.33315
1.32182
1.31364
1.30802
1.30345
1.29814
1.29048
1.27943
1.26472
1.24698
1.22779
1.20951
1.19502
1.18693
1.18649
1.19334
1.20634
1.22425
1.24591
1.26945
1.29198
1.30995
1.32025
1.32115
1.3129
1.29783
1.27975
1.26298
1.25136
1.24709
1.25009
1.25842
1.26904
1.27876
1.28494
1.28567
1.28007
1.26828
1.25152
1.23179
1.21146
1.19303
1.17875
1.17045
1.16915
1.17485
1.18673
1.20385
1.22528
1.25003
1.27667
1.30319
1.32727
1.34632
1.35795
1.36027
1.35244
1.33476
1.30861
1.27657
1.24265
1.21207
1.1896
1.17736
1.17478
1.18054
1.19384
1.2143
1.24088
1.2711
1.3011
1.32675
1.34455
1.35221
1.34846
1.33327
1.3083
1.27753
1.24618
1.21932
1.2
1.18882
1.18464
1.18582
1.19102
1.19913
1.20895
1.21921
1.22939
1.2402
1.25298
1.26788
1.28304
1.29508
1.30082
1.29849
1.28804
1.2711
1.25075
1.23082
1.21495
1.20514
1.20127
1.20198
1.20588
1.21211
1.22044
1.23099
1.24412
1.26047
1.28073
1.30462
1.32999
1.35284
1.36888
1.37559
1.37321
1.36429
1.35262
1.34189
1.3346
1.33131
1.33077
1.33058
1.32841
1.32309
1.3148
1.30486
1.29495
1.28653
1.28038
1.27686
1.27614
1.27844
1.28376
1.29102
1.29737
1.29918
1.29407
1.28222
1.2661
1.24891
1.23337
1.22119
1.21336
1.21074
1.21397
1.2229
1.23635
1.2521
1.26781
1.28146
1.29164
1.29767
1.29941
1.2971
1.2913
1.28257
1.27139
1.25777
1.24125
1.2212
1.19763
1.17166
1.14601
1.12432
1.11014
1.10577
1.11154
1.12599
1.1463
1.1691
1.19098
1.20893
1.22084
1.22574
1.22413
1.21768
1.20883
1.20024
1.19437
1.19297
1.19688
1.20599
1.2192
1.23462
1.25019
1.26418
1.27571
1.2849
1.2928
1.30082
1.31009
1.32079
1.3323
1.34365
1.35399
1.36307
1.37107
1.37822
1.38422
1.3879
1.38749
1.38123
1.36795
1.3476
1.3213
1.29104
1.25946
1.22967
1.20529
1.18999
1.18626
1.19434
1.21208
1.23586
1.26206
1.28795
1.31165
1.33157
1.34612
1.35385
1.35368
1.34488
1.32718
1.30078
1.26702
1.22882
1.19067
1.15811
1.13639
1.12911
1.13732
1.15953
1.19234
1.23156
1.27278
1.31178
1.34469
1.368
1.37879
1.37557
1.35853
1.33
1.29384
1.25464
1.21674
1.18373
1.15829
1.14238
1.13739
1.14395
1.16162
1.18883
1.22273
1.25943
1.29469
1.32458
1.3461
1.35751
1.35864
1.35083
1.33669
1.31927
1.30133
1.28493
1.27125
1.26148
1.25722
1.26024
1.27119
1.28827
1.30762
1.32509
1.33733
1.34222
1.33875
1.3273
1.30985
1.2896
1.26969
1.25184
1.2356
1.21929
1.20161
1.18293
1.16531
1.15151
1.14408
1.14534
1.15719
1.18035
1.21329
1.25206
1.29165
1.3276
1.35655
1.37625
1.3852
1.38278
1.36952
1.34712
1.3184
1.28686
1.25607
1.22881
1.20662
1.18954
1.17672
1.1675
1.16231
1.1627
1.17061
1.18711
1.21189
1.24329
1.27887
1.31574
1.35069
1.38023
1.40092
1.40988
1.40556
1.38836
1.36079
1.32714
1.29258
1.2621
1.23937
1.22611
1.22194
1.22488
1.23243
1.2426
1.25435
1.26739
1.28136
1.2952
1.45024
1.65874
1.81202
1.91461
1.9715
1.9875
1.96719
1.91517
1.8367
1.73776
1.62535
1.50789
1.39455
1.29376
1.21186
1.15207
1.11479
1.09855
1.10027
1.11542
1.13809
1.162
1.18188
1.19463
1.1998
1.19913
1.19522
1.18981
1.18268
1.17189
1.15547
1.13321
1.10797
1.08494
1.06936
1.06406
1.06874
1.08164
1.10158
1.1283
1.16193
1.20202
1.24697
1.29382
1.3385
1.37655
1.4039
1.41761
1.41635
1.40028
1.37078
1.33017
1.28121
1.22717
1.17196
1.1204
1.07744
1.04646
1.02809
1.02088
1.02263
1.0316
1.04685
1.06809
1.09499
1.12649
1.16047
1.19388
1.22346
1.24647
1.26131
1.26787
1.26741
1.26231
1.25549
1.2497
1.24701
1.24864
1.25515
1.26654
1.28192
1.29939
1.31618
1.32934
1.33664
1.33712
1.33122
1.32057
1.30746
1.29438
1.28372
1.27723
1.27564
1.27831
1.28311
1.28695
1.28649
1.27921
1.26392
1.24072
1.21088
1.17669
1.14131
1.1083
1.0812
1.06269
1.05425
1.05597
1.06698
1.08617
1.11253
1.14507
1.1823
1.22196
1.26126
1.29723
1.32714
1.3485
1.35908
1.35749
1.34384
1.32
1.28922
1.25517
1.2211
1.18991
1.1643
1.14656
1.13799
1.13839
1.14614
1.15883
1.17372
1.18827
1.20037
1.20853
1.21186
1.21024
1.20454
1.19655
1.18871
1.18336
1.18195
1.18442
1.18951
1.19565
1.20236
1.21063
1.222
1.23686
1.2539
1.27103
1.28642
1.29843
1.30538
1.306
1.29999
1.28866
1.27468
1.26108
1.2499
1.24142
1.23459
1.22799
1.22089
1.21352
1.20688
1.20232
1.20102
1.20343
1.20937
1.21802
1.22804
1.23762
1.24468
1.24746
1.24509
1.23816
1.22896
1.22106
1.21822
1.22278
1.23466
1.25162
1.2702
1.28695
1.29925
1.30572
1.30593
1.29997
1.28804
1.27025
1.24665
1.21765
1.18442
1.14924
1.11534
1.08614
1.06431
1.05086
1.04527
1.04646
1.05395
1.06848
1.09139
1.12298
1.1617
1.20392
1.24452
1.27806
1.30016
1.30858
1.30439
1.29216
1.2793
1.27279
1.27507
1.28299
1.29122
1.29573
1.29525
1.29091
1.28546
1.28232
1.28464
1.29365
1.30788
1.32374
1.33724
1.34543
1.34682
1.34107
1.32845
1.30996
1.2871
1.26209
1.23758
1.21645
1.2015
1.1949
1.1974
1.20785
1.22314
1.23851
1.24869
1.24903
1.23649
1.21058
1.17375
1.13121
1.08968
1.05523
1.03167
1.02043
1.02172
1.03497
1.05878
1.09069
1.12743
1.16547
1.20143
1.23265
1.25775
1.27708
1.29217
1.30481
1.31589
1.32478
1.33005
1.33017
1.32432
1.31269
1.2963
1.27664
1.25527
1.23377
1.21365
1.19628
1.18271
1.17301
1.16649
1.16216
1.15943
1.15844
1.16002
1.16518
1.17441
1.18747
1.20358
1.22186
1.24167
1.2623
1.28265
1.30106
1.31545
1.32377
1.3246
1.31759
1.30366
1.2851
1.26508
1.24707
1.23379
1.22666
1.2255
1.22854
1.23295
1.23556
1.23344
1.22462
1.2086
1.18661
1.16165
1.13787
1.11987
1.11149
1.11471
1.12878
1.15055
1.17524
1.19774
1.21393
1.22172
1.2214
1.21527
1.20625
1.19623
1.18558
1.17387
1.16118
1.14895
1.14001
1.13776
1.14499
1.16285
1.18995
1.22261
1.25586
1.28462
1.30453
1.31265
1.30794
1.29168
1.2676
1.24114
1.21805
1.20234
1.19514
1.19492
1.19892
1.20453
1.21006
1.21477
1.21855
1.22161
1.22436
1.22741
1.23151
1.23714
1.24415
1.25123
1.256
1.25569
1.24809
1.23242
1.20962
1.18224
1.15405
1.12933
1.11213
1.10536
1.11012
1.12521
1.14764
1.17336
1.19846
1.21986
1.23567
1.24506
1.24815
1.24605
1.24122
1.23752
1.23906
1.2483
1.26485
1.28591
1.30763
1.32665
1.34083
1.34955
1.3534
1.3531
1.34888
1.34022
1.32619
1.30621
1.2803
1.24929
1.21456
1.17827
1.14327
1.1127
1.08925
1.07448
1.06828
1.06911
1.07489
1.0841
1.09666
1.11387
1.13738
1.16744
1.20205
1.23739
1.26948
1.29558
1.31468
1.32703
1.33335
1.33413
1.3295
1.3197
1.30541
1.28825
1.27061
1.25505
1.24356
1.23685
1.23427
1.23414
1.23471
1.23498
1.23482
1.23451
1.2342
1.23361
1.23211
1.22921
1.22494
1.21999
1.21565
1.21339
1.21459
1.22006
1.2294
1.24102
1.25252
1.26138
1.26582
1.26521
1.26006
1.25152
1.2411
1.23025
1.22025
1.212
1.20614
1.20305
1.20273
1.20475
1.20781
1.21014
1.20995
1.20593
1.19771
1.18614
1.17348
1.16349
1.16047
1.16657
1.17988
1.1954
1.20821
1.21572
1.21741
1.21418
1.20774
1.20029
1.19399
1.18997
1.18822
1.18777
1.1876
1.18749
1.18819
1.19095
1.19672
1.20563
1.21709
1.23022
1.24448
1.25971
1.27597
1.29303
1.31007
1.32587
1.33913
1.34875
1.35396
1.3543
1.34961
1.34031
1.32703
1.31033
1.2905
1.26778
1.24288
1.21753
1.19422
1.17549
1.16291
1.15684
1.15647
1.16026
1.16631
1.17277
1.17786
1.17994
1.17788
1.17112
1.15992
1.14556
1.13008
1.116
1.10566
1.10078
1.10224
1.11035
1.12498
1.14559
1.17102
1.19921
1.2273
1.25225
1.27157
1.28392
1.2893
1.28891
1.2848
1.27936
1.27483
1.27266
1.27336
1.27663
1.28139
1.28626
1.28985
1.29109
1.28946
1.28535
1.28043
1.27749
1.27876
1.28343
1.28747
1.28607
1.27628
1.25797
1.23351
1.20683
1.18225
1.16362
1.15312
1.15105
1.15586
1.16516
1.17664
1.18874
1.20067
1.21171
1.22087
1.22671
1.22791
1.22396
1.21534
1.20364
1.19118
1.18055
1.17369
1.17132
1.17283
1.17672
1.18151
1.18655
1.19248
1.20059
1.21178
1.22563
1.24003
1.25206
1.25907
1.25961
1.25356
1.24175
1.22563
1.2073
1.18967
1.17605
1.16932
1.17076
1.17976
1.19422
1.21114
1.22736
1.24027
1.24822
1.25053
1.24743
1.23999
1.23028
1.22129
1.21629
1.21725
1.22346
1.23178
1.23818
1.23968
1.23554
1.22742
1.21869
1.21294
1.21263
1.21833
1.22906
1.24282
1.25712
1.26915
1.27618
1.27602
1.26764
1.25143
1.22929
1.20428
1.18024
1.16088
1.14893
1.14545
1.15
1.16112
1.17722
1.19728
1.22075
1.24659
1.27237
1.29442
1.30907
1.31425
1.31009
1.29836
1.28152
1.26186
1.24113
1.22055
1.20104
1.18333
1.16793
1.15506
1.14452
1.1359
1.1286
1.12201
1.11584
1.11036
1.10642
1.1055
1.1094
1.11976
1.1373
1.16119
1.18896
1.21696
1.24158
1.26022
1.27194
1.27744
1.27851
1.27738
1.27595
1.2751
1.27457
1.27323
1.26962
1.26261
1.25192
1.23809
1.22215
1.20533
1.18919
1.17542
1.16586
1.16216
1.16534
1.17528
1.19053
1.20842
1.22577
1.23964
1.24842
1.25231
1.25303
1.25304
1.25459
1.25898
1.26644
1.27628
1.28704
1.29683
1.30399
1.30744
1.3068
1.30239
1.29513
1.2863
1.2772
1.26877
1.26131
1.25434
1.24683
1.23773
1.226
1.21114
1.19333
1.17359
1.15375
1.13625
1.12381
1.11888
1.12309
1.13711
1.16023
1.19024
1.22325
1.25405
1.27764
1.29079
1.29267
1.2846
1.26917
1.24936
1.22785
1.20671
1.18743
1.17122
1.15935
1.15294
1.15261
1.15815
1.16858
1.18224
1.19735
1.21258
1.22725
1.24141
1.2555
1.26986
1.28442
1.2986
1.31163
1.32284
1.33161
1.33726
1.33905
1.33641
1.32905
1.31726
1.30208
1.2851
1.26795
1.25166
1.2364
1.22189
1.20792
1.19486
1.1835
1.17452
1.16805
1.16334
1.15872
1.15198
1.14116
1.12523
1.10477
1.08223
1.06119
1.04527
1.03711
1.03786
1.04752
1.06529
1.0899
1.11968
1.15286
1.18785
1.22364
1.25976
1.29598
1.33158
1.36516
1.39494
1.41929
1.43714
1.44811
1.45235
1.45037
1.44249
1.42848
1.40757
1.37884
1.34158
1.29578
1.24251
1.18414
1.12455
1.06903
1.02364
0.994305
0.985107
0.996558
1.02499
1.06346
1.10379
1.13883
1.164
1.17749
1.18008
1.1743
1.1637
1.15234
1.1444
1.14372
1.15302
1.173
1.20166
1.23465
1.26646
1.29212
1.30846
1.31463
1.31187
1.30301
1.2915
1.2803
1.27089
1.26303
1.2554
1.24677
1.23697
1.22704
1.21863
1.21303
1.21085
1.21251
1.21867
1.23012
1.24723
1.26917
1.29358
1.31672
1.33434
1.34314
1.34182
1.33125
1.31402
1.29353
1.27303
1.25535
1.24263
1.23651
1.23761
1.24511
1.25662
1.26863
1.27744
1.28018
1.27569
1.26484
1.25015
1.23466
1.22102
1.21084
1.2045
1.20128
1.19973
1.19809
1.19497
1.18981
1.18268
1.17355
1.16205
1.14745
1.1294
1.10883
1.08841
1.07211
1.06387
1.06616
1.0792
1.10108
1.12892
1.15983
1.19151
1.22266
1.25287
1.28242
1.31149
1.33941
1.36447
1.38447
1.39762
1.40304
1.40059
1.39049
1.37309
1.34882
1.31839
1.28328
1.24612
1.21041
1.17978
1.15735
1.14553
1.14531
1.15491
1.16931
1.18259
1.19118
1.1955
1.19892
1.20516
1.21579
1.22909
1.24103
1.24765
1.24696
1.23972
1.22945
1.22106
1.2187
1.22381
1.23498
1.24909
1.26286
1.27392
1.28112
1.28429
1.2838
1.28021
1.2741
1.26578
1.25552
1.24358
1.23056
1.21737
1.20541
1.1962
1.19108
1.19098
1.1962
1.20602
1.21869
1.23205
1.24401
1.25306
1.2582
1.25878
1.25452
1.24577
1.23379
1.22068
1.20895
1.20083
1.19755
1.1989
1.20341
1.20926
1.21539
1.22213
1.23075
1.2423
1.25647
1.27112
1.28293
1.28828
1.28427
1.26971
1.24551
1.21498
1.18324
1.15627
1.13951
1.13645
1.14782
1.17165
1.2037
1.23826
1.26957
1.29298
1.30592
1.30796
1.42632
1.61531
1.7524
1.84065
1.88504
1.89128
1.86516
1.81248
1.73923
1.6514
1.55524
1.45706
1.36318
1.27912
1.20895
1.15487
1.11722
1.09478
1.0851
1.08475
1.08955
1.09502
1.09702
1.09268
1.08094
1.06279
1.04084
1.01831
0.997964
0.981581
0.970181
0.964721
0.966427
0.976075
0.993262
1.01629
1.04349
1.07465
1.11094
1.15225
1.19467
1.23144
1.25687
1.26895
1.2694
1.26249
1.25349
1.24708
1.24621
1.25122
1.26014
1.26978
1.27674
1.27823
1.2722
1.25734
1.2331
1.19983
1.1591
1.11389
1.06852
1.0286
1.00022
0.988178
0.993905
1.01447
1.04386
1.07563
1.10485
1.12864
1.14589
1.15697
1.16345
1.16795
1.17369
1.18367
1.19962
1.22149
1.24738
1.27409
1.29802
1.31622
1.32719
1.33122
1.33028
1.32719
1.3247
1.32432
1.32603
1.32832
1.32866
1.32422
1.3125
1.29177
1.26126
1.22126
1.17335
1.12057
1.06739
1.01908
0.980362
0.953897
0.939664
0.935556
0.938937
0.94806
0.962597
0.983379
1.01162
1.04781
1.09114
1.13923
1.18857
1.23529
1.27587
1.30783
1.33008
1.34279
1.34716
1.34492
1.33779
1.32676
1.31161
1.29112
1.26385
1.22915
1.18811
1.14372
1.10053
1.06369
1.03791
1.02653
1.031
1.05053
1.08176
1.11897
1.15553
1.18599
1.20764
1.22056
1.22674
1.22898
1.22987
1.23078
1.23148
1.23053
1.22609
1.2171
1.20404
1.18864
1.17323
1.15977
1.14932
1.14165
1.13565
1.12972
1.12233
1.11265
1.1009
1.08849
1.07782
1.07172
1.07269
1.08213
1.09972
1.12349
1.15025
1.17651
1.19934
1.21681
1.22835
1.23449
1.2367
1.23705
1.23765
1.24014
1.24481
1.25058
1.25554
1.25779
1.25627
1.25069
1.2416
1.23002
1.21706
1.2038
1.19107
1.17925
1.16828
1.1578
1.14724
1.13613
1.12449
1.11299
1.10305
1.09657
1.09534
1.10044
1.11198
1.12895
1.14929
1.17019
1.18847
1.20131
1.20691
1.205
1.19688
1.18491
1.17176
1.15974
1.15015
1.14298
1.13739
1.13216
1.12621
1.11922
1.11181
1.1053
1.10139
1.10152
1.10652
1.11636
1.12998
1.14546
1.16053
1.17316
1.18205
1.18696
1.18856
1.18818
1.18762
1.18876
1.19277
1.19932
1.2068
1.21335
1.21808
1.22132
1.22424
1.22805
1.23325
1.23952
1.24584
1.2509
1.25359
1.25345
1.25065
1.24596
1.24045
1.2355
1.2323
1.23146
1.23214
1.23222
1.22896
1.22004
1.20445
1.1832
1.15936
1.13736
1.12132
1.11354
1.11361
1.11907
1.12669
1.13358
1.13777
1.13805
1.13411
1.12637
1.11619
1.10576
1.09774
1.09467
1.09815
1.10843
1.12426
1.14308
1.16187
1.17821
1.19095
1.20015
1.20671
1.21171
1.21631
1.22152
1.22806
1.23601
1.24447
1.25148
1.25442
1.25089
1.23959
1.22077
1.19635
1.16927
1.14255
1.11853
1.09844
1.08232
1.06965
1.06022
1.05474
1.0547
1.06139
1.07519
1.09551
1.12131
1.15133
1.18368
1.21572
1.24425
1.26612
1.27888
1.28141
1.27397
1.25824
1.23728
1.21512
1.19553
1.18086
1.17135
1.16557
1.16148
1.15761
1.15373
1.15078
1.15038
1.15381
1.16123
1.17141
1.18229
1.1919
1.19912
1.20394
1.20715
1.20986
1.21319
1.21781
1.22388
1.23115
1.2389
1.24625
1.25233
1.25655
1.25881
1.25915
1.25752
1.25323
1.24477
1.23012
1.20751
1.17689
1.14114
1.10617
1.07903
1.0649
1.06456
1.07444
1.0891
1.10388
1.11613
1.12524
1.13178
1.13652
1.13994
1.14209
1.14267
1.14137
1.13819
1.13351
1.12817
1.12348
1.12088
1.12159
1.1261
1.13413
1.14463
1.15636
1.16836
1.18034
1.19274
1.2064
1.22175
1.23824
1.25426
1.26741
1.2753
1.27623
1.2696
1.25604
1.23723
1.21536
1.19235
1.16961
1.14823
1.12928
1.11425
1.1047
1.10157
1.10467
1.11275
1.12417
1.13762
1.1525
1.16858
1.18586
1.20407
1.22228
1.2388
1.25144
1.25803
1.25707
1.24816
1.23229
1.21159
1.18878
1.16663
1.14731
1.13223
1.12175
1.11531
1.1117
1.10959
1.10801
1.10671
1.10605
1.10671
1.10929
1.11385
1.12
1.127
1.13429
1.14184
1.15008
1.15931
1.16961
1.18099
1.19369
1.20804
1.224
1.24072
1.25666
1.26996
1.27895
1.28279
1.28163
1.27654
1.26914
1.26065
1.25152
1.24108
1.22804
1.21123
1.19049
1.16672
1.14197
1.11885
1.09989
1.08707
1.08134
1.08216
1.08771
1.09571
1.10454
1.11404
1.12495
1.13721
1.14896
1.15734
1.15986
1.15543
1.14462
1.12926
1.11225
1.097
1.0872
1.08622
1.09638
1.11831
1.15016
1.18777
1.22574
1.25893
1.28362
1.298
1.30194
1.29651
1.28351
1.26496
1.24292
1.21925
1.1953
1.17203
1.15001
1.1297
1.11166
1.09668
1.08564
1.07939
1.07865
1.08395
1.09535
1.11233
1.13347
1.1566
1.17898
1.19819
1.21287
1.22322
1.23081
1.23763
1.24448
1.25029
1.2528
1.25024
1.24255
1.23115
1.21824
1.20587
1.19524
1.1865
1.17887
1.17108
1.16209
1.15168
1.14082
1.13156
1.12655
1.12816
1.13759
1.15436
1.1762
1.19969
1.22119
1.23769
1.24721
1.24863
1.24169
1.22696
1.2057
1.17999
1.15259
1.12653
1.10453
1.08833
1.07835
1.07366
1.0727
1.07378
1.07566
1.07775
1.07995
1.08246
1.08528
1.08797
1.09024
1.09287
1.09875
1.11238
1.13623
1.16724
1.19808
1.22189
1.23518
1.23776
1.23166
1.22004
1.20636
1.19368
1.18403
1.1783
1.17677
1.17989
1.18809
1.20086
1.21644
1.23248
1.24728
1.25992
1.26972
1.27591
1.278
1.27606
1.27075
1.26308
1.25364
1.24237
1.22879
1.21248
1.19352
1.17288
1.15258
1.13537
1.12388
1.11964
1.1222
1.12931
1.13786
1.1454
1.15063
1.15328
1.1535
1.15143
1.14737
1.14231
1.13826
1.13763
1.1421
1.15192
1.1658
1.18151
1.19635
1.20732
1.21183
1.20846
1.19767
1.18207
1.16587
1.15377
1.14988
1.15644
1.17313
1.19702
1.22357
1.24809
1.26689
1.27797
1.28097
1.27649
1.26554
1.24924
1.22871
1.20556
1.18206
1.16092
1.14457
1.13433
1.12998
1.12979
1.13144
1.13314
1.13431
1.13528
1.13678
1.13936
1.14331
1.14872
1.15575
1.16453
1.17465
1.1848
1.19291
1.19676
1.19498
1.18782
1.17705
1.1657
1.1572
1.1545
1.15906
1.17017
1.18531
1.20122
1.2149
1.22416
1.22757
1.22419
1.2137
1.19636
1.17323
1.14658
1.1201
1.09866
1.08727
1.08926
1.10475
1.1307
1.16237
1.19475
1.22358
1.24571
1.2592
1.26326
1.25824
1.24506
1.22508
1.19996
1.17188
1.14372
1.11867
1.09932
1.08709
1.08226
1.08444
1.09312
1.10786
1.12788
1.15172
1.177
1.20077
1.21989
1.23164
1.23395
1.2261
1.20891
1.18507
1.15886
1.13521
1.1184
1.11104
1.11344
1.12385
1.1391
1.15564
1.17041
1.18139
1.1877
1.18915
1.18598
1.17906
1.16985
1.16018
1.15169
1.14561
1.14233
1.14136
1.14139
1.14081
1.13827
1.13346
1.12716
1.12123
1.11791
1.11924
1.12661
1.14086
1.16217
1.18969
1.22132
1.2536
1.28258
1.30491
1.31849
1.3227
1.31824
1.30682
1.29062
1.2716
1.25108
1.22961
1.2074
1.18506
1.16357
1.14389
1.1263
1.11069
1.09682
1.08483
1.07551
1.07017
1.07002
1.0757
1.08676
1.10149
1.11747
1.13246
1.14519
1.15571
1.16504
1.17463
1.1857
1.19896
1.21454
1.23212
1.25092
1.26976
1.28688
1.30009
1.30708
1.30591
1.29553
1.27639
1.25064
1.22158
1.19273
1.16691
1.14582
1.13035
1.121
1.11799
1.12126
1.13043
1.14453
1.16178
1.17932
1.19349
1.20055
1.1978
1.18457
1.16293
1.13728
1.11326
1.09566
1.08694
1.08679
1.09308
1.10325
1.11523
1.1276
1.13934
1.14945
1.15716
1.16214
1.16478
1.1662
1.16806
1.17188
1.17842
1.18744
1.19784
1.20823
1.21752
1.22538
1.23238
1.23943
1.24713
1.25518
1.26223
1.26644
1.26612
1.26049
1.2499
1.23575
1.2198
1.2037
1.18824
1.17404
1.16168
1.15223
1.14681
1.14602
1.14922
1.1547
1.16019
1.16348
1.16281
1.15702
1.14559
1.12884
1.10837
1.08682
1.06697
1.05079
1.03921
1.03327
1.03459
1.04457
1.06301
1.08798
1.11667
1.14655
1.17581
1.20334
1.22823
1.2495
1.26597
1.27653
1.28067
1.27851
1.27125
1.26096
1.25017
1.24085
1.2334
1.22633
1.21719
1.20405
1.1869
1.16787
1.15028
1.13754
1.13191
1.13403
1.14292
1.15641
1.17166
1.18563
1.19569
1.20015
1.19867
1.19221
1.18258
1.17179
1.16173
1.15362
1.14782
1.14388
1.14106
1.13886
1.13715
1.13622
1.13638
1.13769
1.14008
1.14336
1.14729
1.15166
1.15629
1.16093
1.1653
1.16946
1.17383
1.17904
1.18563
1.19343
1.20141
1.20834
1.21347
1.21703
1.21995
1.22283
1.22491
1.22437
1.21959
1.21021
1.19741
1.18334
1.17028
1.16008
1.1539
1.15224
1.15489
1.16094
1.16886
1.17681
1.18311
1.1864
1.18573
1.18051
1.17031
1.15499
1.13489
1.1112
1.08619
1.06339
1.0475
1.04352
1.05483
1.08132
1.119
1.16147
1.2023
1.23676
1.26223
1.27792
1.2844
1.28317
1.27649
1.26688
1.25662
1.24718
1.23912
1.23211
1.22515
1.21749
1.20918
1.20133
1.19563
1.19338
1.19446
1.19716
1.19866
1.19616
1.18779
1.17289
1.15251
1.12924
1.10696
1.09031
1.08371
1.08966
1.10704
1.13123
1.15618
1.17686
1.19049
1.19636
1.195
1.18763
1.17579
1.16132
1.14633
1.13314
1.12356
1.11825
1.11641
1.11638
1.11645
1.11577
