-6.65046
-6.64819
-6.62941
-6.61548
-6.60641
-6.59929
-6.59248
-6.58762
-6.5847
-6.58179
-6.57952
-6.5779
-6.57596
-6.57499
-6.57532
-6.575
-6.57435
-6.57436
-6.57306
-6.57274
-6.57242
-6.57339
-6.57371
-6.57306
-6.57241
-6.57306
-6.57371
-6.57532
-6.57403
-6.57338
-6.57241
-6.57402
-6.57435
-6.57565
-6.57629
-6.57824
-6.57921
-6.57824
-6.57954
-6.58148
-6.58148
-6.58019
-6.58148
-6.58213
-6.58504
-6.58472
-6.58666
-6.58536
-6.58439
-6.58309
-6.5805
-6.58018
-6.57824
-6.58018
-6.5805
-6.57986
-6.5805
-6.58018
-6.57824
-6.57888
-6.57629
-6.57726
-6.57726
-6.57726
-6.57759
-6.57856
-6.58018
-6.57986
-6.58212
-6.58309
-6.58374
-6.58471
-6.58569
-6.58374
-6.58277
-6.58342
-6.58406
-6.58406
-6.58374
-6.58406
-6.58244
-6.5818
-6.58147
-6.58147
-6.58115
-6.58115
-6.5805
-6.57953
-6.57953
-6.58083
-6.5805
-6.57921
-6.57953
-6.57953
-6.57921
-6.58179
-6.58082
-6.57985
-6.5792
-6.57791
-6.57693
-6.57596
-6.57694
-6.57499
-6.57564
-6.57597
-6.57661
-6.57597
-6.57629
-6.57435
-6.57564
-6.57693
-6.57693
-6.57596
-6.57596
-6.57564
-6.57596
-6.57661
-6.57855
-6.58244
-6.58373
-6.58406
-6.58568
-6.58665
-6.58697
-6.58536
-6.58892
-6.58924
-6.5873
-6.586
-6.58568
-6.586
-6.58535
-6.58665
-6.5847
-6.58341
-6.58503
-6.58535
-6.58438
-6.58179
-6.58309
-6.58568
-6.586
-6.58374
-6.58309
-6.58115
-6.5805
-6.58082
-6.58147
-6.58147
-6.58082
-6.58114
-6.57985
-6.57823
-6.57953
-6.57888
-6.58147
-6.58114
-6.58114
-6.58114
-6.5805
-6.58082
-6.57953
-6.5818
-6.58147
-6.58179
-6.58179
-6.58212
-6.58212
-6.5805
-6.57985
-6.57726
-6.57855
-6.58114
-6.58179
-6.58082
-6.58276
-6.58147
-6.58308
-6.58308
-6.58406
-6.58503
-6.58794
-6.58859
-6.58438
-6.58406
-6.58406
-6.58341
-6.58212
-6.58244
-6.58179
-6.58341
-6.58308
-6.58438
-6.58567
-6.58729
-6.58632
-6.58794
-6.58697
-6.58697
-6.586
-6.58438
-6.58406
-6.58341
-6.58341
-6.58503
-6.58535
-6.58341
-6.58309
-6.58503
-6.58632
-6.58665
-6.58729
-6.58438
-6.58535
-6.58276
-6.58244
-6.58341
-6.58147
-6.58114
-6.58341
-6.5847
-6.58535
-6.58503
-6.58373
-6.58405
-6.58373
-6.58438
-6.58017
-6.57855
-6.57952
-6.58114
-6.58147
-6.58049
-6.58114
-6.58179
-6.58147
-6.58211
-6.58082
-6.58114
-6.58114
-6.58147
-6.58309
-6.58503
-6.58568
-6.58438
-6.58438
-6.58373
-6.58535
-6.586
-6.58406
-6.58406
-6.58341
-6.58471
-6.58341
-6.58244
-6.58212
-6.58179
-6.58374
-6.58309
-6.58277
-6.58147
-6.58342
-6.58406
-6.58374
-6.58601
-6.58439
-6.58471
-6.58601
-6.58536
-6.58925
-6.58892
-6.59248
-6.59054
-6.58763
-6.58763
-6.58666
-6.58698
-6.58407
-6.58504
-6.58471
-6.58504
-6.58309
-6.58406
-6.58115
-6.58115
-6.58018
-6.58018
-6.58147
-6.58083
-6.58212
-6.58115
-6.58051
-6.57921
-6.57759
-6.57889
-6.57824
-6.57856
-6.5805
-6.5818
-6.58147
-6.57953
-6.58083
-6.57985
-6.58083
-6.5818
-6.58471
-6.58407
-6.58375
-6.58213
-6.58148
-6.58083
-6.58116
-6.58083
-6.58148
-6.58213
-6.57986
-6.57824
-6.57856
-6.57662
-6.57856
-6.57921
-6.57694
-6.57532
-6.57565
-6.57532
-6.57467
-6.57727
-6.57694
-6.57759
-6.57597
-6.57792
-6.57856
-6.57889
-6.5805
-6.58083
-6.58147
-6.57985
-6.58115
-6.57985
-6.57888
-6.5792
-6.58147
-6.58083
-6.58115
-6.58342
-6.58277
-6.58212
-6.58277
-6.58439
-6.58342
-6.58342
-6.58407
-6.5818
-6.58212
-6.58018
-6.57986
-6.58083
-6.5805
-6.57824
-6.57759
-6.57597
-6.57532
-6.57758
-6.57856
-6.57888
-6.57661
-6.57791
-6.57596
-6.57661
-6.57855
-6.5792
-6.57855
-6.57856
-6.57888
-6.57758
-6.58082
-6.58082
-6.58115
-6.58309
-6.58147
-6.58212
-6.58018
-6.5805
-6.58147
-6.58082
-6.58212
-6.58341
-6.58309
-6.5847
-6.58438
-6.58503
-6.58568
-6.58438
-6.58147
-6.58276
-6.58244
-6.58244
-6.58406
-6.58341
-6.58438
-6.58503
-6.58405
-6.58276
-6.58276
-6.58114
-6.58147
-6.58082
-6.58244
-6.58341
-6.58341
-6.58179
-6.58406
-6.58406
-6.58308
-6.58049
-6.58114
-6.58049
-6.58179
-6.5847
-6.58438
-6.58341
-6.58503
-6.58341
-6.58438
-6.58536
-6.58633
-6.58535
-6.58471
-6.58341
-6.58211
-6.58244
-6.58309
-6.58244
-6.58244
-6.58373
-6.58211
-6.58049
-6.57823
-6.57952
-6.58017
-6.58146
-6.57985
-6.57952
-6.57823
-6.5792
-6.57952
-6.5792
-6.57952
-6.58211
-6.58276
-6.58049
-6.57888
-6.57855
-6.57758
-6.57887
-6.5792
-6.57823
-6.5792
-6.57888
-6.58114
-6.58309
-6.58179
-6.58309
-6.58471
-6.58438
-6.58244
-6.58114
-6.58179
-6.57985
-6.57985
-6.58049
-6.57985
-6.58179
-6.58276
-6.58438
-6.58503
-6.58309
-6.58373
-6.58179
-6.58276
-6.58244
-6.58114
-6.58179
-6.58276
-6.58179
-6.5805
-6.58147
-6.58212
-6.58309
-6.58147
-6.58147
-6.58179
-6.58147
-6.58438
-6.58438
-6.58438
-6.58567
-6.586
-6.58308
-6.58276
-6.58406
-6.58405
-6.586
-6.58761
-6.58794
-6.586
-6.5847
-6.5847
-6.58373
-6.58405
-6.58503
-6.58438
-6.58438
-6.58406
-6.58082
-6.58211
-6.58179
-6.58082
-6.58017
-6.57952
-6.58049
-6.57888
-6.57823
-6.57693
-6.57596
-6.5779
-6.57888
-6.58017
-6.58147
-6.58309
-6.58406
-6.58114
-6.57985
-6.57985
-6.57985
-6.58017
-6.57888
-6.57726
-6.57823
-6.58049
-6.57952
-6.5792
-6.5792
-6.5779
-6.57726
-6.57855
-6.58114
-6.58146
-6.58179
-6.58405
-6.58502
-6.58632
-6.58567
-6.58535
-6.5847
-6.58502
-6.58438
-6.58308
-6.58438
-6.58405
-6.58405
-6.5847
-6.58632
-6.58632
-6.58632
-6.58632
-6.58405
-6.58502
-6.58308
-6.5834
-6.58146
-6.58243
-6.58178
-6.58275
-6.58534
-6.58307
-6.58405
-6.58567
-6.58599
-6.58826
-6.58599
-6.58632
-6.58567
-6.58437
-6.58275
-6.58243
-6.58243
-6.5834
-6.58405
-6.5834
-6.58308
-6.5847
-6.5847
-6.58275
-6.58211
-6.58308
-6.58275
-6.58211
-6.58081
-6.58178
-6.58178
-6.58211
-6.58308
-6.58146
-6.58146
-6.58178
-6.58275
-6.58308
-6.58437
-6.58437
-6.58405
-6.5834
-6.58275
-6.5821
-6.58243
-6.58146
-6.58081
-6.58049
-6.58081
-6.58113
-6.58178
-6.58146
-6.58146
-6.58146
-6.58275
-6.58372
-6.58178
-6.58081
-6.58049
-6.58211
-6.58211
-6.58275
-6.58405
-6.5834
-6.58373
-6.58275
-6.58243
-6.58049
-6.58049
-6.58113
-6.58211
-6.58276
-6.58179
-6.58243
-6.58179
-6.58017
-6.58049
-6.58146
-6.58049
-6.58211
-6.58276
-6.58405
-6.58373
-6.58308
-6.58114
-6.58146
-6.58081
-6.58211
-6.58114
-6.58308
-6.58114
-6.58114
-6.57952
-6.57952
-6.57984
-6.57984
-6.57952
-6.57822
-6.57693
-6.57757
-6.5779
-6.57855
-6.57952
-6.57855
-6.58017
-6.58114
-6.58082
-6.58082
-6.58114
-6.58049
-6.58017
-6.57953
-6.5792
-6.57661
-6.57888
-6.57855
-6.5792
-6.58049
-6.58179
-6.58211
-6.58147
-6.58082
-6.5805
-6.58082
-6.58244
-6.58276
-6.58341
-6.58633
-6.58536
-6.58633
-6.58859
-6.58795
-6.58827
-6.58697
-6.58697
-6.58568
-6.58697
-6.58406
-6.58406
-6.58276
-6.58308
-6.58114
-6.58179
-6.58146
-6.58373
-6.58373
-6.58503
-6.58568
-6.58503
-6.58568
-6.58471
-6.58406
-6.58341
-6.58179
-6.58082
-6.57953
-6.5805
-6.5805
-6.57952
-6.57888
-6.57888
-6.57855
-6.57953
-6.58017
-6.58147
-6.58277
-6.5818
-6.58406
-6.58536
-6.58406
-6.58471
-6.58309
-6.58406
-6.58244
-6.58179
-6.58212
-6.58179
-6.58115
-6.58179
-6.58309
-6.58406
-6.58276
-6.58276
-6.58276
-6.58147
-6.5805
-6.58017
-6.57985
-6.58017
-6.58082
-6.58017
-6.58179
-6.58373
-6.58244
-6.58308
-6.58146
-6.58081
-6.58081
-6.58243
-6.58276
-6.58276
-6.58243
-6.58211
-6.58405
-6.58373
-6.58211
-6.58308
-6.58244
-6.58438
-6.58341
-6.58568
-6.586
-6.58567
-6.58535
-6.58535
-6.5847
-6.58664
-6.58502
-6.5847
-6.58373
-6.58373
-6.58502
-6.5834
-6.58373
-6.58081
-6.58081
-6.58114
-6.57984
-6.58049
-6.57887
-6.57984
-6.58081
-6.57951
-6.58113
-6.58016
-6.57919
-6.57854
-6.57951
-6.57951
-6.58048
-6.57887
-6.57757
-6.57627
-6.57692
-6.57757
-6.57984
-6.58146
-6.58178
-6.58372
-6.5847
-6.5847
-6.58599
-6.5834
-6.58308
-6.58469
-6.58275
-6.58372
-6.5834
-6.58437
-6.58566
-6.58469
-6.58404
-6.58242
-6.58307
-6.58372
-6.58404
-6.58178
-6.5821
-6.58372
-6.58405
-6.58437
-6.58728
-6.58696
-6.58534
-6.58502
-6.58599
-6.58469
-6.58534
-6.58405
-6.58599
-6.58826
-6.5889
-6.58728
-6.58663
-6.58599
-6.58437
-6.58339
-6.5821
-6.5821
-6.58242
-6.58178
-6.58145
-6.58081
-6.58081
-6.58048
-6.58145
-6.58113
-6.58178
-6.58243
-6.58243
-6.58308
-6.5834
-6.5834
-6.5834
-6.58405
-6.58372
-6.58146
-6.5821
-6.58243
-6.58405
-6.58372
-6.58405
-6.58405
-6.5847
-6.58437
-6.58373
-6.58373
-6.58275
-6.58178
-6.58178
-6.58211
-6.58178
-6.58081
-6.58146
-6.58146
-6.58146
-6.58178
-6.5834
-6.58243
-6.58081
-6.58016
-6.57887
-6.57725
-6.57887
-6.57757
-6.57563
-6.57693
-6.57822
-6.57919
-6.5779
-6.57919
-6.58081
-6.58114
-6.58178
-6.58146
-6.58081
-6.58405
-6.586
-6.58503
-6.58567
-6.58503
-6.58503
-6.58503
-6.58697
-6.58827
-6.58989
-6.59151
-6.59086
-6.58956
-6.58924
-6.58762
-6.58859
-6.58762
-6.58794
-6.586
-6.58665
-6.58535
-6.58568
-6.58503
-6.58568
-6.5847
-6.586
-6.586
-6.58405
-6.58373
-6.58243
-6.58082
-6.58114
-6.58049
-6.57952
-6.57855
-6.57855
-6.57758
-6.58017
-6.58146
-6.58114
-6.5834
-6.58405
-6.58211
-6.58308
-6.58373
-6.5847
-6.58697
-6.58503
-6.58762
-6.58535
-6.58665
-6.58632
-6.58567
-6.58567
-6.58664
-6.58762
-6.58826
-6.58924
-6.58956
-6.58697
-6.58438
-6.58438
-6.58211
-6.58179
-6.58438
-6.5847
-6.58762
-6.58665
-6.58632
-6.58665
-6.58568
-6.586
-6.58535
-6.58697
-6.58665
-6.58762
-6.58762
-6.58859
-6.58795
-6.58827
-6.58892
-6.586
-6.58568
-6.01644
-6.02259
-6.02874
-6.03295
-6.03813
-6.04266
-6.0391
-6.03585
-6.03035
-6.02775
-6.02288
-6.01834
-6.01413
-6.01121
-6.00798
-6.00636
-6.00378
-6.00346
-6.00346
-6.00314
-6.00281
-6.00087
-6.00023
-6.0012
-6.00152
-6.00088
-6.00152
-6.00508
-6.00605
-6.0041
-6.0054
-6.00378
-6.00508
-6.00605
-6.00637
-6.0054
-6.0067
-6.00637
-6.00767
-6.00832
-6.00896
-6.01058
-6.00961
-6.00864
-6.00864
-6.008
-6.00832
-6.00832
-6.00702
-6.00541
-6.00443
-6.00605
-6.0054
-6.0041
-6.0041
-6.00281
-6.00086
-6.00248
-6.00249
-6.00281
-6.00411
-6.00249
-6.00346
-6.00443
-6.00734
-6.00767
-6.00961
-6.01058
-6.0135
-6.0122
-6.01188
-6.01091
-6.01058
-6.00896
-6.00799
-6.00637
-6.00572
-6.00799
-6.0067
-6.00637
-6.00573
-6.00605
-6.00605
-6.00476
-6.00605
-6.00573
-6.0067
-6.00734
-6.00799
-6.00961
-6.00896
-6.00896
-6.00994
-6.00929
-6.00411
-6.00541
-6.00541
-6.00509
-6.00573
-6.00476
-6.00217
-6.00249
-6.00314
-6.00249
-6.00022
-5.9999
-6.00022
-6.00055
-5.9999
-5.99796
-5.99828
-6.00023
-6.0025
-6.00379
-6.00476
-6.00541
-6.00477
-6.00574
-6.00347
-6.00347
-6.00444
-6.00509
-6.00412
-6.00282
-6.0025
-6.00411
-6.00314
-6.00509
-6.00573
-6.00606
-6.00606
-6.00606
-6.00444
-6.00671
-6.00606
-6.00541
-6.00509
-6.00638
-6.00541
-6.00282
-6.00347
-6.00282
-6.00574
-6.00639
-6.00865
-6.00768
-6.008
-6.00898
-6.01092
-6.01189
-6.01222
-6.01027
-6.00606
-6.00541
-6.00444
-6.00541
-6.00509
-6.00412
-6.00541
-6.00444
-6.00121
-6.00218
-6.00185
-6.00347
-6.00315
-6.00315
-6.0038
-6.00477
-6.00606
-6.00703
-6.00736
-6.00671
-6.00704
-6.00768
-6.00606
-6.00606
-6.00703
-6.008
-6.00574
-6.00347
-6.00347
-6.00541
-6.00671
-6.00606
-6.00476
-6.00444
-6.00412
-6.0025
-6.00671
-6.00994
-6.0093
-6.00606
-6.00606
-6.00088
-6.00023
-6.00444
-6.00444
-6.00671
-6.00509
-6.00574
-6.00315
-6.00315
-6.00282
-6.00347
-6.00347
-6.00249
-6.00249
-6.00217
-6.00314
-6.00314
-6.00476
-6.00508
-6.00379
-6.00055
-6.00088
-6.00347
-6.00509
-6.00606
-6.00573
-6.00379
-6.00703
-6.00735
-6.00832
-6.00735
-6.00703
-6.00605
-6.0067
-6.0067
-6.00605
-6.0054
-6.00573
-6.00443
-6.00346
-6.00444
-6.00444
-6.00541
-6.00541
-6.00411
-6.00476
-6.00444
-6.00605
-6.00573
-6.0067
-6.0067
-6.00573
-6.00541
-6.00346
-6.00314
-6.00184
-6.00184
-6.00249
-6.00411
-6.00638
-6.00573
-6.00444
-6.00411
-6.00476
-6.00379
-6.00185
-6.00152
-6.00185
-6.00282
-6.00217
-6.00185
-6.00509
-6.00735
-6.00768
-6.00735
-6.00962
-6.00864
-6.00638
-6.00476
-6.00443
-6.00702
-6.00864
-6.00962
-6.00832
-6.008
-6.00897
-6.00962
-6.01091
-6.01124
-6.01124
-6.01027
-6.00897
-6.00994
-6.01124
-6.01026
-6.00638
-6.00638
-6.00702
-6.00378
-6.00249
-6.00378
-6.00346
-6.00411
-6.00443
-6.00476
-6.00411
-6.00476
-6.00411
-6.00314
-6.00055
-6.0012
-6.00217
-6.00022
-6.00216
-6.00378
-6.00281
-6.00216
-6.00313
-6.00151
-6.00249
-6.00346
-6.00508
-6.00638
-6.0067
-6.00314
-6.00249
-6.00314
-6.00055
-6.00152
-6.00249
-6.00378
-6.00475
-6.00508
-6.00637
-6.00475
-6.00767
-6.00702
-6.00605
-6.00281
-6.00346
-6.00443
-6.0041
-6.00605
-6.00572
-6.00475
-6.00346
-6.00379
-6.00184
-6.00119
-6.00087
-6.00054
-5.99957
-6.00151
-6.00248
-6.00345
-6.00378
-6.00508
-6.00605
-6.00605
-6.00476
-6.00411
-6.00379
-6.00346
-6.00411
-6.00443
-6.0054
-6.00411
-6.00281
-6.00281
-6.00508
-6.00443
-6.00152
-6.00119
-6.00346
-6.0041
-6.00313
-6.00248
-6.00248
-6.00151
-6.00183
-5.99989
-6.00054
-6.00216
-6.00184
-6.00249
-6.00216
-6.00087
-6.00313
-6.00216
-6.0028
-6.00377
-6.00669
-6.00539
-6.00863
-6.00831
-6.00701
-6.00734
-6.00604
-6.00604
-6.00507
-6.00442
-6.00539
-6.00442
-6.00442
-6.00442
-6.00313
-6.00248
-6.00183
-6.00281
-6.00184
-6.00313
-6.00378
-6.00313
-6.00345
-6.0041
-6.00798
-6.00798
-6.00669
-6.00636
-6.00475
-6.00442
-6.00572
-6.00475
-6.00572
-6.00734
-6.00896
-6.00734
-6.00702
-6.00475
-6.00313
-6.00475
-6.00507
-6.00507
-6.00345
-6.0041
-6.00572
-6.0054
-6.00507
-6.00313
-6.00313
-6.00216
-6.00313
-6.00184
-6.00443
-6.00475
-6.00314
-6.00508
-6.00378
-6.00346
-6.00217
-6.00152
-6.0067
-6.00605
-6.00444
-6.00606
-6.00606
-6.00638
-6.00573
-6.008
-6.00606
-6.00314
-6.00347
-6.00767
-6.00606
-6.00573
-6.00541
-6.00347
-6.00282
-6.00185
-6.00152
-6.00087
-6.00346
-6.00216
-6.00346
-6.00378
-6.00475
-6.00508
-6.00767
-6.00702
-6.0067
-6.00702
-6.00605
-6.00702
-6.00572
-6.0041
-6.00378
-6.00184
-6.00216
-6.00119
-6.00054
-6.00054
-6.00054
-6.00086
-6.00054
-6.00086
-6.00216
-6.00281
-6.00151
-6.00184
-6.00216
-6.00313
-6.00183
-6.00151
-6.00151
-6.00119
-6.00313
-6.00345
-6.00637
-6.00799
-6.00961
-6.01155
-6.01252
-6.01188
-6.00994
-6.00864
-6.01091
-6.00928
-6.00637
-6.0041
-6.00248
-6.00183
-6.00151
-6.00345
-6.00442
-6.00313
-6.00475
-6.00572
-6.00766
-6.00669
-6.00604
-6.00507
-6.00572
-6.00605
-6.00799
-6.00929
-6.00831
-6.00637
-6.00443
-6.0054
-6.00637
-6.00831
-6.00767
-6.00637
-6.00896
-6.01058
-6.01058
-6.01155
-6.0109
-6.0096
-6.00701
-6.00572
-6.00539
-6.00507
-6.0041
-6.00539
-6.00507
-6.00378
-6.00378
-6.00248
-6.00345
-6.0041
-6.00248
-6.00151
-6.00183
-6.00151
-6.00118
-6.0041
-6.00442
-6.0041
-6.00377
-6.00248
-6.00345
-6.0028
-6.00312
-6.00442
-6.0041
-6.00313
-6.00313
-6.00345
-6.00345
-6.00442
-6.00312
-6.00345
-6.00151
-6.00151
-6.00248
-6.00313
-6.00377
-6.00118
-6.00248
-6.00216
-6.00313
-6.0028
-6.00054
-6.00086
-6.00313
-6.00539
-6.00507
-6.00539
-6.00312
-6.00409
-6.00474
-6.00571
-6.00442
-6.00539
-6.00669
-6.00669
-6.00669
-6.00734
-6.0054
-6.00378
-6.00442
-6.00507
-6.00474
-6.00442
-6.00312
-6.00021
-6.00118
-6.0028
-6.00474
-6.00571
-6.00442
-6.00604
-6.00636
-6.00539
-6.00637
-6.00669
-6.00604
-6.00702
-6.00507
-6.0054
-6.00604
-6.00669
-6.00313
-6.0015
-6.00053
-5.99988
-6.00215
-5.99988
-6.00086
-6.00118
-6.00216
-6.00248
-6.00054
-5.99989
-6.00119
-6.00118
-6.00215
-6.0028
-6.00345
-6.00312
-6.00442
-6.00151
-6.00118
-6.00345
-6.00377
-6.00442
-6.00313
-6.0028
-6.00151
-6.0028
-6.00377
-6.00636
-6.00539
-6.00604
-6.00474
-6.00571
-6.00506
-6.00409
-6.00377
-6.00442
-6.00539
-6.00474
-6.00442
-6.00442
-6.00345
-6.00215
-6.00377
-6.00441
-6.00538
-6.00506
-6.00409
-6.00377
-6.00377
-6.00344
-6.00215
-6.00215
-6.00312
-6.00344
-6.00377
-6.00279
-6.00409
-6.00312
-6.00312
-6.00441
-6.00506
-6.00376
-6.00312
-6.00473
-6.00182
-6.00085
-6.00117
-6.00085
-5.99956
-5.99923
-6.0002
-5.99988
-6.00118
-6.00118
-6.00182
-6.00473
-6.00182
-6.00182
-6.00117
-5.99987
-6.00214
-6.00247
-6.00117
-6.00053
-5.99988
-5.99794
-5.99858
-5.99955
-5.9989
-5.99858
-5.99987
-6.00052
-6.00279
-6.00344
-6.00214
-6.0015
-6.00118
-6.00183
-6.0028
-6.00312
-6.00344
-6.00377
-6.00376
-6.00312
-6.00247
-6.00214
-6.00247
-6.00149
-5.99923
-5.99696
-5.9989
-5.99955
-6.00182
-6.00149
-6.00182
-6.00053
-5.99923
-5.99664
-5.99632
-5.99729
-5.99632
-5.99632
-5.99794
-5.99988
-5.99891
-6.00052
-6.00214
-6.00441
-6.00409
-6.00441
-6.00344
-6.00442
-6.00377
-6.00506
-6.00474
-6.00409
-6.00409
-6.00506
-6.00603
-6.00571
-6.00441
-6.00473
-6.00344
-6.00473
-6.00538
-6.00667
-6.0057
-6.0057
-6.00538
-6.00603
-6.007
-6.00571
-6.00506
-6.00538
-6.00636
-6.00603
-6.00506
-6.00441
-6.00311
-6.00214
-6.00279
-6.00052
-6.00117
-6.0002
-6.00344
-6.00279
-6.00441
-6.00506
-6.00344
-6.00409
-6.00442
-6.00312
-6.00183
-6.0028
-6.00474
-6.00603
-6.00474
-6.00506
-6.00474
-6.00474
-6.00668
-6.00506
-6.00441
-6.00377
-6.00474
-6.00506
-6.00409
-6.00442
-6.00344
-6.0028
-6.00053
-6.00053
-6.00118
-5.99988
-6.00053
-5.99988
-6.00215
-6.00377
-6.00312
-6.00085
-5.99988
-6.00215
-6.00053
-6.00247
-6.00312
-6.00344
-6.00539
-6.00668
-6.00733
-6.00636
-6.00603
-6.00798
-6.01024
-6.00797
-6.00635
-6.00603
-6.00506
-6.00603
-6.00506
-6.00279
-6.00182
-6.00214
-6.00182
-6.00214
-6.00247
-6.00442
-6.00571
-6.00442
-6.00312
-6.00409
-6.00247
-6.0002
-6.00085
-6.00085
-6.00052
-6.00117
-6.00344
-6.00571
-6.00539
-6.00733
-6.00701
-6.00895
-6.01121
-6.00798
-6.00895
-6.00636
-6.00571
-6.00377
-6.00506
-6.00441
-6.00506
-6.00733
-6.00603
-6.00506
-6.00474
-6.00441
-6.00538
-6.00474
-6.00603
-6.00667
-6.00894
-6.01024
-6.00862
-6.00732
-6.00571
-6.00312
-6.00182
-6.00118
-6.00021
-6.00118
-6.0028
-6.00409
-6.00247
-6.00442
-6.00474
-6.00539
-6.00604
-6.00604
-6.00409
-6.00636
-6.00701
-6.00668
-6.00604
-6.00668
-6.00733
-6.00701
-6.00572
-6.00475
-6.00507
-6.00702
-6.00378
-6.00313
-6.00345
-6.0041
-6.00345
-6.00312
-6.0028
-6.00118
-6.00118
-6.0028
-6.00313
-6.00443
-6.00475
-6.00734
-6.00831
-6.00993
-6.0096
-6.00766
-6.0054
-6.0054
-6.00572
-6.00604
-6.00539
-6.00637
-6.00733
-6.00572
-6.00215
-6.00086
-6.00053
-5.99956
-6.00086
-6.00021
-6.00183
-6.00054
-6.00151
-6.00183
-6.00183
-6.00216
-6.00054
-6.00054
-6.00248
-6.00248
-6.00281
-6.00475
-6.00766
-6.0096
-6.0096
-6.00831
-6.0054
-6.00637
-6.00442
-6.00216
-6.00377
-6.00474
-6.00377
-6.00442
-6.00604
-6.00669
-6.00766
-6.00896
-6.00669
-6.00701
-6.00636
-6.00539
-6.00572
-6.00539
-6.00669
-6.00507
-6.00539
-6.00539
-6.00701
-6.00863
-6.00895
-6.0096
-6.0096
-6.00765
-6.00604
-6.00604
-6.00701
-6.00636
-6.00474
-6.00506
-5.70219
-5.70672
-5.70768
-5.71221
-5.7148
-5.71771
-5.72029
-5.72158
-5.72061
-5.71542
-5.71445
-5.70991
-5.70602
-5.70343
-5.70213
-5.69987
-5.69857
-5.69728
-5.69729
-5.69794
-5.69859
-5.69632
-5.696
-5.69438
-5.69438
-5.69373
-5.6934
-5.69405
-5.69567
-5.69599
-5.69502
-5.6934
-5.69405
-5.69632
-5.69632
-5.69826
-5.69697
-5.696
-5.69697
-5.69891
-5.69924
-5.70085
-5.70053
-5.70247
-5.69988
-5.69826
-5.69955
-5.69826
-5.69761
-5.69632
-5.69599
-5.69697
-5.69535
-5.69826
-5.7002
-5.69859
-5.69923
-5.69794
-5.69729
-5.69599
-5.69567
-5.69696
-5.69631
-5.6947
-5.69599
-5.69729
-5.69859
-5.69762
-5.696
-5.69729
-5.69729
-5.69794
-5.69826
-5.69859
-5.69567
-5.69696
-5.69858
-5.69825
-5.69663
-5.69566
-5.6976
-5.6976
-5.69696
-5.69793
-5.69663
-5.69631
-5.69631
-5.69793
-5.69534
-5.69858
-5.6989
-5.69761
-5.69534
-5.69663
-5.69728
-5.69631
-5.69825
-5.69922
-5.69696
-5.69534
-5.69631
-5.69825
-5.69696
-5.69566
-5.69663
-5.69501
-5.69565
-5.6963
-5.69663
-5.69792
-5.6976
-5.69825
-5.69695
-5.69695
-5.69922
-5.69857
-5.6976
-5.69922
-5.69825
-5.70084
-5.70116
-5.69922
-5.70052
-5.70019
-5.70019
-5.70116
-5.70181
-5.69954
-5.69889
-5.69889
-5.69889
-5.69598
-5.69663
-5.69792
-5.6976
-5.69663
-5.69728
-5.6976
-5.69728
-5.69955
-5.69922
-5.69825
-5.69825
-5.6976
-5.69727
-5.69663
-5.69695
-5.69598
-5.69566
-5.69371
-5.69501
-5.69566
-5.69598
-5.69857
-5.69824
-5.69824
-5.69759
-5.69759
-5.69921
-5.69824
-5.69663
-5.69793
-5.69954
-5.69954
-5.70116
-5.69825
-5.69825
-5.69857
-5.70181
-5.70019
-5.69922
-5.69889
-5.69987
-5.69857
-5.69695
-5.69566
-5.69857
-5.69792
-5.69857
-5.69598
-5.69695
-5.69792
-5.69922
-5.69695
-5.69792
-5.69695
-5.6976
-5.69533
-5.69468
-5.69241
-5.69209
-5.69144
-5.69338
-5.69403
-5.69565
-5.6963
-5.69533
-5.69694
-5.69856
-5.69662
-5.69532
-5.695
-5.6963
-5.69856
-5.69824
-5.69953
-5.69986
-5.69824
-5.69824
-5.69954
-5.69954
-5.69986
-5.69921
-5.69759
-5.69727
-5.69662
-5.69759
-5.69662
-5.69597
-5.69565
-5.69565
-5.69468
-5.69468
-5.695
-5.69598
-5.69695
-5.69824
-5.69921
-5.69662
-5.69727
-5.69565
-5.69305
-5.69338
-5.69565
-5.69565
-5.69532
-5.69597
-5.69468
-5.69403
-5.69274
-5.69209
-5.69436
-5.69468
-5.6963
-5.69533
-5.69533
-5.69533
-5.69662
-5.69727
-5.69694
-5.69597
-5.69597
-5.69499
-5.69273
-5.69305
-5.69241
-5.69371
-5.69306
-5.69241
-5.69338
-5.69857
-5.69857
-5.69695
-5.69792
-5.69727
-5.69565
-5.69597
-5.695
-5.69241
-5.69144
-5.69209
-5.69306
-5.6937
-5.69629
-5.69532
-5.69467
-5.69532
-5.69402
-5.69403
-5.69306
-5.69273
-5.69403
-5.69468
-5.69404
-5.69598
-5.69468
-5.69306
-5.695
-5.69468
-5.695
-5.69435
-5.69434
-5.69305
-5.69046
-5.69143
-5.69111
-5.68852
-5.6882
-5.6869
-5.68982
-5.69079
-5.69046
-5.69111
-5.69371
-5.69371
-5.69371
-5.69565
-5.69403
-5.69436
-5.69306
-5.695
-5.69403
-5.69338
-5.69533
-5.69533
-5.69209
-5.69176
-5.69338
-5.69435
-5.69597
-5.69824
-5.69792
-5.69727
-5.69987
-5.70051
-5.69857
-5.69857
-5.69889
-5.69662
-5.6963
-5.6963
-5.69597
-5.69533
-5.69435
-5.69274
-5.69306
-5.69338
-5.69533
-5.69695
-5.69759
-5.69565
-5.69694
-5.69953
-5.7005
-5.70018
-5.69953
-5.69953
-5.69954
-5.69986
-5.69986
-5.69792
-5.69565
-5.69468
-5.69273
-5.695
-5.69532
-5.69467
-5.69564
-5.69694
-5.69662
-5.69727
-5.69856
-5.69727
-5.69792
-5.69889
-5.69695
-5.69759
-5.69597
-5.69597
-5.69435
-5.69435
-5.69467
-5.69208
-5.69338
-5.69532
-5.69565
-5.69597
-5.69467
-5.6924
-5.69305
-5.6937
-5.69727
-5.69792
-5.69986
-5.70083
-5.70181
-5.7031
-5.70245
-5.7018
-5.70018
-5.70083
-5.70051
-5.70083
-5.7018
-5.69921
-5.69694
-5.69889
-5.70083
-5.69954
-5.69921
-5.70051
-5.70083
-5.69792
-5.69953
-5.69727
-5.69662
-5.69695
-5.69695
-5.69792
-5.69695
-5.69565
-5.69598
-5.69889
-5.69986
-5.69954
-5.69792
-5.6963
-5.69403
-5.69597
-5.69565
-5.695
-5.69371
-5.69403
-5.695
-5.69501
-5.69533
-5.69566
-5.69436
-5.69533
-5.69468
-5.6963
-5.69274
-5.69306
-5.69435
-5.6963
-5.69662
-5.69791
-5.69662
-5.69435
-5.69694
-5.70115
-5.70212
-5.70277
-5.70407
-5.70309
-5.70018
-5.6992
-5.69953
-5.7005
-5.69986
-5.69662
-5.69695
-5.69759
-5.69759
-5.6963
-5.69629
-5.69629
-5.69435
-5.69499
-5.69402
-5.6937
-5.69013
-5.6937
-5.69467
-5.69467
-5.69499
-5.69435
-5.69435
-5.69531
-5.69402
-5.6937
-5.69531
-5.69661
-5.69629
-5.69888
-5.70017
-5.69953
-5.69888
-5.69629
-5.69759
-5.69759
-5.69629
-5.69726
-5.69532
-5.6937
-5.69499
-5.69532
-5.69272
-5.6924
-5.69402
-5.6937
-5.69208
-5.69435
-5.695
-5.69305
-5.69241
-5.69499
-5.69532
-5.69402
-5.69596
-5.69629
-5.69596
-5.69499
-5.69694
-5.69823
-5.69856
-5.69888
-5.69791
-5.69758
-5.70018
-5.7018
-5.7018
-5.70018
-5.69953
-5.69953
-5.7005
-5.70244
-5.70179
-5.70147
-5.7005
-5.69855
-5.69726
-5.69791
-5.69597
-5.69532
-5.69499
-5.69661
-5.69629
-5.69791
-5.69758
-5.6992
-5.69953
-5.69856
-5.69823
-5.69661
-5.69597
-5.69532
-5.69532
-5.69337
-5.69272
-5.69661
-5.69629
-5.69629
-5.69694
-5.69791
-5.69694
-5.69596
-5.69596
-5.69629
-5.69564
-5.69532
-5.69467
-5.69661
-5.69596
-5.69499
-5.69597
-5.69759
-5.70018
-5.69888
-5.69856
-5.69888
-5.69694
-5.69823
-5.69629
-5.69758
-5.69726
-5.69693
-5.69596
-5.69726
-5.69791
-5.69532
-5.69694
-5.69726
-5.69791
-5.69758
-5.6992
-5.69953
-5.69823
-5.69856
-5.69985
-5.69921
-5.7005
-5.70018
-5.70179
-5.7005
-5.69952
-5.69887
-5.69984
-5.69822
-5.69693
-5.69466
-5.69369
-5.69498
-5.69596
-5.69402
-5.69402
-5.69499
-5.69596
-5.69563
-5.69563
-5.69563
-5.69466
-5.69401
-5.6966
-5.6979
-5.69919
-5.70114
-5.70082
-5.70017
-5.69953
-5.7005
-5.70147
-5.70309
-5.6992
-5.6979
-5.69499
-5.69337
-5.69369
-5.69757
-5.69789
-5.69725
-5.69563
-5.6966
-5.69855
-5.69855
-5.69823
-5.69888
-5.69693
-5.69887
-5.70049
-5.69952
-5.69952
-5.69952
-5.70212
-5.69888
-5.6992
-5.6992
-5.70017
-5.70082
-5.6992
-5.69822
-5.69499
-5.69628
-5.69758
-5.69693
-5.69499
-5.69531
-5.69887
-5.69887
-5.69758
-5.70017
-5.69822
-5.69855
-5.69822
-5.6979
-5.69822
-5.69725
-5.69822
-5.69855
-5.70017
-5.69822
-5.6979
-5.69531
-5.69336
-5.69595
-5.69466
-5.69466
-5.69336
-5.69531
-5.69401
-5.69337
-5.69499
-5.69596
-5.6966
-5.69725
-5.69854
-5.69692
-5.69563
-5.69725
-5.69628
-5.69628
-5.69563
-5.69498
-5.69596
-5.69596
-5.69628
-5.69433
-5.6953
-5.69822
-5.69789
-5.69854
-5.69724
-5.69757
-5.6966
-5.69595
-5.69725
-5.6979
-5.69725
-5.69563
-5.6966
-5.69627
-5.69692
-5.69692
-5.69822
-5.69692
-5.69757
-5.69789
-5.69984
-5.70113
-5.70048
-5.70113
-5.70243
-5.70308
-5.70211
-5.70244
-5.70017
-5.6992
-5.69725
-5.69628
-5.69563
-5.69855
-5.69693
-5.69855
-5.70049
-5.70049
-5.70146
-5.69984
-5.69725
-5.69627
-5.69466
-5.69401
-5.69336
-5.69401
-5.69466
-5.69433
-5.69466
-5.69304
-5.69401
-5.69401
-5.69401
-5.69466
-5.69304
-5.69498
-5.69628
-5.69628
-5.69563
-5.69563
-5.69757
-5.69498
-5.69368
-5.69498
-5.69368
-5.69627
-5.69886
-5.69822
-5.69822
-5.69661
-5.69726
-5.69661
-5.69693
-5.6979
-5.6979
-5.69692
-5.70016
-5.69983
-5.69918
-5.6966
-5.6966
-5.69757
-5.69725
-5.69725
-5.6979
-5.6979
-5.69854
-5.69822
-5.69789
-5.69757
-5.69886
-5.69854
-5.69821
-5.69692
-5.69724
-5.69886
-5.70016
-5.69887
-5.6979
-5.69822
-5.69693
-5.69272
-5.6911
-5.68916
-5.6924
-5.69272
-5.69143
-5.6911
-5.69013
-5.69174
-5.69369
-5.69239
-5.69433
-5.69401
-5.69595
-5.69531
-5.69563
-5.6979
-5.6979
-5.69791
-5.69597
-5.695
-5.695
-5.69532
-5.69305
-5.69176
-5.69176
-5.69337
-5.69273
-5.69338
-5.6937
-5.69532
-5.6937
-5.69434
-5.69564
-5.69498
-5.6953
-5.69401
-5.69563
-5.69596
-5.69596
-5.69532
-5.69532
-5.69532
-5.69888
-5.69856
-5.69985
-5.70212
-5.70179
-5.70147
-5.70179
-5.70114
-5.70114
-5.69855
-5.69855
-5.69855
-5.69985
-5.69758
-5.69661
-5.69661
-5.69499
-5.69435
-5.69337
-5.69305
-5.6937
-5.6924
-5.69305
-5.69369
-5.69467
-5.69402
-5.69402
-5.69564
-5.69597
-5.69953
-5.69953
-5.69855
-5.69694
-5.69596
-5.69564
-5.69629
-5.69564
-5.69403
-5.69532
-5.69694
-5.69759
-5.69791
-5.69532
-5.69662
-5.69661
-5.69629
-5.69564
-5.69402
-5.69791
-5.69791
-5.69759
-5.69629
-5.69791
-5.69629
-5.69661
-5.69629
-5.69662
-5.6963
-5.69695
-5.69436
-5.69403
-5.69403
-5.69468
-5.69435
-5.69565
-5.69694
-5.69662
-5.69597
-5.69598
-5.69598
-5.69371
-5.69403
-5.69468
-5.69565
-5.69306
-5.69533
-5.69694
-5.69662
-5.69597
-5.69565
-5.69403
-5.69468
-5.69597
-5.69565
-5.69727
-5.69694
-5.69662
-5.69662
-5.69857
-5.6976
-5.69727
-5.69695
-5.6963
-5.69857
-5.69857
-5.69954
-5.69727
-5.69824
-5.69792
-5.69857
-5.69921
-5.69889
-5.69759
-5.6963
-5.695
-5.69338
-5.69177
-5.69274
-5.69144
-5.69209
-5.69533
-5.69728
-5.69857
-5.6989
-5.69922
-5.69922
-5.69889
-5.69825
-5.69825
-5.69954
-5.69954
-5.69727
-5.69468
-5.69371
-5.69468
-5.695
-5.69565
-5.69241
-5.69209
-5.69306
-5.69371
-5.69533
-5.69436
-5.69274
-5.68918
-5.68983
-5.69112
-5.69112
-5.69209
-5.69177
-5.6895
-5.68723
-5.68821
-5.68853
-5.68918
-5.69112
-5.6908
-5.69144
-5.69144
-5.69338
-5.69435
-5.69629
-5.69629
-5.69759
-5.69824
-5.69889
-5.70084
-5.70019
-5.69792
-5.69954
-5.70083
-5.69889
-5.69986
-5.70018
-5.70115
-5.70212
-5.70115
-5.69888
-5.69758
-5.53098
-5.53324
-5.53486
-5.53842
-5.54424
-5.54391
-5.54618
-5.54585
-5.54423
-5.54358
-5.53903
-5.53676
-5.5374
-5.53287
-5.53028
-5.52899
-5.52802
-5.5264
-5.52673
-5.52544
-5.52447
-5.52382
-5.52512
-5.52576
-5.52382
-5.52447
-5.5235
-5.5235
-5.52415
-5.52382
-5.52382
-5.52414
-5.52576
-5.52576
-5.52641
-5.52544
-5.52382
-5.52544
-5.52641
-5.52577
-5.52545
-5.5261
-5.5261
-5.52739
-5.52901
-5.52771
-5.52674
-5.52739
-5.52512
-5.52512
-5.5235
-5.52285
-5.52156
-5.52091
-5.52382
-5.52544
-5.52318
-5.52512
-5.52512
-5.52512
-5.52544
-5.52447
-5.52641
-5.52674
-5.52544
-5.52448
-5.52415
-5.52189
-5.52189
-5.52221
-5.52318
-5.52157
-5.52286
-5.52545
-5.52286
-5.52188
-5.52221
-5.52447
-5.52448
-5.52513
-5.52545
-5.52545
-5.52351
-5.5248
-5.52577
-5.52286
-5.52447
-5.52609
-5.52544
-5.52771
-5.52642
-5.52512
-5.52674
-5.52577
-5.52513
-5.52513
-5.5261
-5.5248
-5.5248
-5.52318
-5.52253
-5.52545
-5.5248
-5.52609
-5.52447
-5.52383
-5.52448
-5.52415
-5.52416
-5.52577
-5.52545
-5.52544
-5.52447
-5.52415
-5.52448
-5.52383
-5.52578
-5.52416
-5.52545
-5.52254
-5.52319
-5.52319
-5.52254
-5.52254
-5.52254
-5.52157
-5.52254
-5.52319
-5.52416
-5.52481
-5.52383
-5.52286
-5.52124
-5.52188
-5.51994
-5.52058
-5.51961
-5.52091
-5.52124
-5.5193
-5.52027
-5.52059
-5.52059
-5.52286
-5.52351
-5.52512
-5.5261
-5.52383
-5.52383
-5.52286
-5.52447
-5.52447
-5.52544
-5.52285
-5.52156
-5.52252
-5.52188
-5.52253
-5.52188
-5.52285
-5.52285
-5.52739
-5.52609
-5.52739
-5.52674
-5.52836
-5.52772
-5.52706
-5.52447
-5.52414
-5.52382
-5.52317
-5.52187
-5.52447
-5.52576
-5.52576
-5.52414
-5.52576
-5.52447
-5.52512
-5.52382
-5.52382
-5.52156
-5.51961
-5.52091
-5.5235
-5.52156
-5.52253
-5.52253
-5.52091
-5.51994
-5.52058
-5.5222
-5.52317
-5.52317
-5.52091
-5.52058
-5.51993
-5.51993
-5.52025
-5.52123
-5.52058
-5.52123
-5.52059
-5.52124
-5.52254
-5.52157
-5.52157
-5.52253
-5.52318
-5.52317
-5.52317
-5.52284
-5.52381
-5.52382
-5.52414
-5.52544
-5.52415
-5.52447
-5.52577
-5.52512
-5.52415
-5.52447
-5.52544
-5.52544
-5.52641
-5.52641
-5.52803
-5.52835
-5.52867
-5.52835
-5.52544
-5.52673
-5.52641
-5.52609
-5.52577
-5.52609
-5.52803
-5.52803
-5.52771
-5.52609
-5.52479
-5.52641
-5.52674
-5.52836
-5.52965
-5.52739
-5.52739
-5.52836
-5.52674
-5.52706
-5.52738
-5.52867
-5.529
-5.52868
-5.52771
-5.52706
-5.52836
-5.52868
-5.52803
-5.52641
-5.52577
-5.5248
-5.52383
-5.52447
-5.52512
-5.52544
-5.52512
-5.52577
-5.52771
-5.52868
-5.52804
-5.52771
-5.52933
-5.52544
-5.52576
-5.52738
-5.52479
-5.52511
-5.52609
-5.52738
-5.52447
-5.52577
-5.52642
-5.52577
-5.52545
-5.52383
-5.52544
-5.52577
-5.52544
-5.52479
-5.52447
-5.52285
-5.5235
-5.52415
-5.5235
-5.52318
-5.52447
-5.52512
-5.52415
-5.52447
-5.52512
-5.52479
-5.5235
-5.52706
-5.52835
-5.52803
-5.52868
-5.52739
-5.52512
-5.52609
-5.52447
-5.52479
-5.52641
-5.52608
-5.5277
-5.52673
-5.52511
-5.52673
-5.52706
-5.52609
-5.52609
-5.52674
-5.52609
-5.52576
-5.52835
-5.52738
-5.52608
-5.52511
-5.52543
-5.52316
-5.52381
-5.52187
-5.52284
-5.52252
-5.52381
-5.52446
-5.52445
-5.52607
-5.52543
-5.52446
-5.52608
-5.52608
-5.52738
-5.5277
-5.52641
-5.52512
-5.52511
-5.52382
-5.52349
-5.52414
-5.52543
-5.52511
-5.52673
-5.52705
-5.52705
-5.52705
-5.52738
-5.52738
-5.52641
-5.52543
-5.52511
-5.52478
-5.52576
-5.52478
-5.52543
-5.52511
-5.52478
-5.52284
-5.52381
-5.52349
-5.52252
-5.52317
-5.52349
-5.52382
-5.52317
-5.52382
-5.52414
-5.52544
-5.52706
-5.52673
-5.52673
-5.52738
-5.52479
-5.52317
-5.52446
-5.52543
-5.52511
-5.52511
-5.52511
-5.52414
-5.52414
-5.52738
-5.52543
-5.52576
-5.52575
-5.52413
-5.52252
-5.52187
-5.5209
-5.52252
-5.52447
-5.5235
-5.5222
-5.52382
-5.52479
-5.52317
-5.52317
-5.52252
-5.5222
-5.51993
-5.52219
-5.52058
-5.52252
-5.52446
-5.52349
-5.52382
-5.52349
-5.52219
-5.52187
-5.52414
-5.52544
-5.52576
-5.52576
-5.52479
-5.52609
-5.52641
-5.52641
-5.52415
-5.52479
-5.52511
-5.52576
-5.52511
-5.52738
-5.52673
-5.52576
-5.52738
-5.52932
-5.52997
-5.52932
-5.52835
-5.52738
-5.52738
-5.52544
-5.52479
-5.52447
-5.52414
-5.52349
-5.52285
-5.52382
-5.52479
-5.5222
-5.52512
-5.52576
-5.52544
-5.52512
-5.52447
-5.52447
-5.52479
-5.52447
-5.52673
-5.52576
-5.52414
-5.52382
-5.52285
-5.52382
-5.52285
-5.52511
-5.52479
-5.52673
-5.52544
-5.52738
-5.52836
-5.52642
-5.5248
-5.5248
-5.52544
-5.52479
-5.52414
-5.52317
-5.52317
-5.52285
-5.52252
-5.52414
-5.52512
-5.52123
-5.52188
-5.5235
-5.52123
-5.5222
-5.52122
-5.52219
-5.52414
-5.52284
-5.52317
-5.52284
-5.52414
-5.52317
-5.52317
-5.52382
-5.52317
-5.52544
-5.52512
-5.52576
-5.52835
-5.52771
-5.52836
-5.52738
-5.52641
-5.52803
-5.52835
-5.53029
-5.53029
-5.52834
-5.52802
-5.5264
-5.52705
-5.52673
-5.52381
-5.52219
-5.52284
-5.52317
-5.52446
-5.52641
-5.52447
-5.52252
-5.52188
-5.52156
-5.52091
-5.52317
-5.52252
-5.52414
-5.52414
-5.52381
-5.52025
-5.52122
-5.5209
-5.5209
-5.52414
-5.52317
-5.52317
-5.52318
-5.52447
-5.52447
-5.5248
-5.52544
-5.52544
-5.52641
-5.52738
-5.52609
-5.52641
-5.52835
-5.5277
-5.52641
-5.52835
-5.52867
-5.5277
-5.52706
-5.52512
-5.52447
-5.52285
-5.52415
-5.52383
-5.52415
-5.52544
-5.52382
-5.52317
-5.52414
-5.52641
-5.52641
-5.52706
-5.52771
-5.52641
-5.52706
-5.52739
-5.52545
-5.52642
-5.52901
-5.52803
-5.52641
-5.52608
-5.52802
-5.52705
-5.52608
-5.52738
-5.52803
-5.52868
-5.52933
-5.5303
-5.53095
-5.53192
-5.52901
-5.52836
-5.5303
-5.52901
-5.52803
-5.52641
-5.52609
-5.52706
-5.52673
-5.52673
-5.52705
-5.52705
-5.52737
-5.52575
-5.52673
-5.52706
-5.52447
-5.52447
-5.52545
-5.52577
-5.52448
-5.52609
-5.52447
-5.52512
-5.52577
-5.52706
-5.52868
-5.52997
-5.5277
-5.52576
-5.52575
-5.52511
-5.52414
-5.52673
-5.52706
-5.52868
-5.52641
-5.52771
-5.52738
-5.52544
-5.52576
-5.52382
-5.52382
-5.52317
-5.52155
-5.5209
-5.51961
-5.51896
-5.5209
-5.52349
-5.52479
-5.52609
-5.52738
-5.52576
-5.52641
-5.52544
-5.52447
-5.52318
-5.52414
-5.52511
-5.5277
-5.52738
-5.52543
-5.52511
-5.52544
-5.52544
-5.52706
-5.52706
-5.52479
-5.52447
-5.5235
-5.52415
-5.52512
-5.5235
-5.52253
-5.52058
-5.52285
-5.5235
-5.52382
-5.52608
-5.52867
-5.52899
-5.52867
-5.53159
-5.53256
-5.53386
-5.53354
-5.53095
-5.52965
-5.52642
-5.52383
-5.52253
-5.52253
-5.5222
-5.52253
-5.52155
-5.52058
-5.52123
-5.51929
-5.51832
-5.51896
-5.51961
-5.52156
-5.51962
-5.52124
-5.52156
-5.52156
-5.52188
-5.52156
-5.52221
-5.52512
-5.52836
-5.52869
-5.53063
-5.53095
-5.52868
-5.52771
-5.52772
-5.52674
-5.52641
-5.52674
-5.52576
-5.52576
-5.52511
-5.52544
-5.52511
-5.52544
-5.52447
-5.52642
-5.52577
-5.52739
-5.52544
-5.52706
-5.52868
-5.52803
-5.529
-5.52771
-5.52642
-5.52577
-5.52447
-5.52318
-5.52447
-5.52674
-5.52576
-5.52544
-5.52738
-5.52868
-5.52901
-5.52933
-5.53063
-5.5316
-5.53289
-5.53257
-5.53127
-5.52965
-5.529
-5.529
-5.52933
-5.52706
-5.52804
-5.52836
-5.52739
-5.52771
-5.52771
-5.52803
-5.52836
-5.52803
-5.52739
-5.52577
-5.52447
-5.5235
-5.52253
-5.52285
-5.52318
-5.52447
-5.52382
-5.52317
-5.52317
-5.52285
-5.52317
-5.52382
-5.52382
-5.52576
-5.52447
-5.52609
-5.52706
-5.52868
-5.52803
-5.52641
-5.52771
-5.52771
-5.52836
-5.52641
-5.52544
-5.52706
-5.5277
-5.52738
-5.52673
-5.52706
-5.52609
-5.52447
-5.52414
-5.52446
-5.5222
-5.52187
-5.5209
-5.52057
-5.5209
-5.52252
-5.52446
-5.52641
-5.52673
-5.52706
-5.52609
-5.52738
-5.52867
-5.52997
-5.52835
-5.52835
-5.52802
-5.5277
-5.52608
-5.52673
-5.5277
-5.5277
-5.52673
-5.52705
-5.52673
-5.5251
-5.5264
-5.52575
-5.5264
-5.52705
-5.52511
-5.52543
-5.5222
-5.52252
-5.52543
-5.52543
-5.52543
-5.52478
-5.52511
-5.52414
-5.52349
-5.52252
-5.52575
-5.52575
-5.52543
-5.52543
-5.52672
-5.52607
-5.5264
-5.52705
-5.52348
-5.52251
-5.52284
-5.52187
-5.52316
-5.52155
-5.52284
-5.52252
-5.52123
-5.52025
-5.5196
-5.51863
-5.51928
-5.51992
-5.52025
-5.52057
-5.5209
-5.52025
-5.52219
-5.52349
-5.52349
-5.52349
-5.52446
-5.52511
-5.52446
-5.52414
-5.52284
-5.52284
-5.5251
-5.52801
-5.53158
-5.53158
-5.52899
-5.52705
-5.52511
-5.52413
-5.52737
-5.5277
-5.52866
-5.52802
-5.52866
-5.52867
-5.52705
-5.52446
-5.52252
-5.52349
-5.52316
-5.52381
-5.52154
-5.52284
-5.52251
-5.52316
-5.52413
-5.52445
-5.5264
-5.5251
-5.52154
-5.5209
-5.52057
-5.52025
-5.5209
-5.51992
-5.51992
-5.5196
-5.52251
-5.52574
-5.5251
-5.52639
-5.52639
-5.52801
-5.52866
-5.52899
-5.52802
-5.52607
-5.5251
-5.52575
-5.52574
-5.52477
-5.52574
-5.52671
-5.52672
-5.52575
-5.52575
-5.5264
-5.5277
-5.52737
-5.52478
-5.52737
-5.5264
-5.52478
-5.52348
-5.52251
-5.5251
-5.52445
-5.52218
-5.52413
-5.52575
-5.52413
-5.52542
-5.52446
-5.52316
-5.52219
-5.52543
-5.5264
-5.52802
-5.52802
-5.52608
-5.52705
-5.52802
-5.5277
-5.52769
-5.52607
-5.52639
-5.5251
-5.52446
-5.52673
-5.52544
-5.52576
-5.52479
-5.52382
-5.52446
-5.52446
-5.52381
-5.52608
-5.5264
-5.52543
-5.52543
-5.5251
-5.52251
-5.52284
-5.52219
-5.52284
-5.52349
-5.52284
-5.52316
-5.52348
-5.5251
-5.5264
-5.52704
-5.52737
-5.52704
-5.52737
-5.52899
-5.52834
-5.52672
-5.52575
-5.52737
-5.52349
-5.52414
-5.52543
-5.52446
-5.52381
-5.52283
-5.52413
-5.52445
-5.5251
-5.49292
-5.49583
-5.50036
-5.50424
-5.50618
-5.50941
-5.51071
-5.51071
-5.50682
-5.5039
-5.50324
-5.5
-5.4974
-5.4974
-5.49675
-5.49578
-5.49578
-5.49579
-5.49385
-5.49126
-5.49353
-5.49192
-5.49257
-5.49354
-5.49451
-5.49321
-5.49515
-5.4945
-5.49385
-5.49191
-5.4932
-5.49158
-5.49255
-5.49094
-5.48964
-5.49061
-5.48802
-5.48899
-5.48834
-5.48769
-5.48867
-5.48899
-5.48964
-5.48867
-5.48997
-5.49353
-5.49515
-5.49418
-5.49418
-5.49515
-5.49386
-5.49321
-5.49289
-5.49288
-5.49353
-5.49061
-5.49029
-5.489
-5.49029
-5.48997
-5.48997
-5.49062
-5.48738
-5.48609
-5.48641
-5.48836
-5.48771
-5.48705
-5.48705
-5.48673
-5.48673
-5.48609
-5.4848
-5.4848
-5.48609
-5.48707
-5.48803
-5.48641
-5.48771
-5.48868
-5.49094
-5.49548
-5.49645
-5.49839
-5.49839
-5.49807
-5.49677
-5.4971
-5.4984
-5.49807
-5.49613
-5.4958
-5.49418
-5.49191
-5.49191
-5.49159
-5.49288
-5.49385
-5.49158
-5.49255
-5.49352
-5.4919
-5.49222
-5.49287
-5.49125
-5.49319
-5.49416
-5.49611
-5.49546
-5.49579
-5.49384
-5.49287
-5.49222
-5.49255
-5.4919
-5.4919
-5.49255
-5.49255
-5.49352
-5.48963
-5.49093
-5.49093
-5.49222
-5.49158
-5.49125
-5.49028
-5.49125
-5.48899
-5.4864
-5.4864
-5.48866
-5.48899
-5.48898
-5.48996
-5.48801
-5.48801
-5.48769
-5.48671
-5.48639
-5.48898
-5.48802
-5.48705
-5.4864
-5.49029
-5.49093
-5.49093
-5.49061
-5.48963
-5.48996
-5.4906
-5.48963
-5.48962
-5.48897
-5.48768
-5.49027
-5.48995
-5.48866
-5.48704
-5.48542
-5.48672
-5.4838
-5.48315
-5.48412
-5.48736
-5.48898
-5.48866
-5.48995
-5.48931
-5.48931
-5.48769
-5.4893
-5.49189
-5.49351
-5.49254
-5.49124
-5.49222
-5.49157
-5.49125
-5.49027
-5.49092
-5.49222
-5.49254
-5.49319
-5.49416
-5.49416
-5.49319
-5.49027
-5.4893
-5.48898
-5.48801
-5.48801
-5.48898
-5.48898
-5.48768
-5.48768
-5.48735
-5.48703
-5.48476
-5.48606
-5.48735
-5.48897
-5.48833
-5.488
-5.48833
-5.48833
-5.48963
-5.48963
-5.48833
-5.48995
-5.48963
-5.49028
-5.48931
-5.49222
-5.49287
-5.49351
-5.49481
-5.49514
-5.49449
-5.49255
-5.49255
-5.49157
-5.49254
-5.49222
-5.49254
-5.49092
-5.48995
-5.48963
-5.48898
-5.48931
-5.48834
-5.48736
-5.48801
-5.48931
-5.4906
-5.4919
-5.49093
-5.48996
-5.49028
-5.49028
-5.49255
-5.49287
-5.49319
-5.4906
-5.49189
-5.49221
-5.49222
-5.49222
-5.4919
-5.49061
-5.49093
-5.48964
-5.49028
-5.4919
-5.49384
-5.49416
-5.49254
-5.49287
-5.49287
-5.49416
-5.49157
-5.49157
-5.49449
-5.49546
-5.49448
-5.49383
-5.49448
-5.49416
-5.49125
-5.48963
-5.48898
-5.48931
-5.48866
-5.48866
-5.48865
-5.48639
-5.48574
-5.48639
-5.48671
-5.48801
-5.48736
-5.488
-5.488
-5.48801
-5.48833
-5.4893
-5.4893
-5.49027
-5.4893
-5.4906
-5.4906
-5.49027
-5.48898
-5.48963
-5.48995
-5.48833
-5.48735
-5.488
-5.48768
-5.48897
-5.48832
-5.48702
-5.48896
-5.48994
-5.48832
-5.48864
-5.48864
-5.488
-5.49188
-5.49156
-5.4893
-5.48962
-5.4893
-5.49027
-5.4893
-5.48865
-5.48767
-5.49026
-5.49091
-5.49091
-5.49156
-5.49156
-5.49155
-5.49058
-5.49123
-5.49123
-5.49156
-5.48994
-5.49091
-5.49156
-5.49124
-5.49318
-5.49221
-5.49221
-5.49188
-5.49351
-5.49124
-5.49059
-5.48962
-5.48897
-5.48962
-5.48994
-5.49059
-5.48929
-5.48994
-5.48961
-5.48897
-5.48832
-5.48865
-5.48703
-5.48833
-5.48897
-5.49124
-5.49027
-5.49059
-5.48995
-5.49059
-5.49027
-5.49092
-5.49156
-5.49059
-5.49092
-5.48994
-5.49091
-5.49027
-5.49059
-5.49091
-5.4893
-5.48897
-5.49027
-5.49221
-5.49027
-5.48994
-5.48994
-5.48832
-5.48962
-5.49156
-5.48929
-5.49059
-5.4893
-5.4893
-5.48963
-5.48963
-5.49319
-5.49351
-5.49415
-5.49253
-5.49027
-5.49092
-5.49157
-5.49286
-5.49189
-5.48962
-5.49156
-5.49189
-5.4893
-5.48995
-5.48994
-5.4893
-5.48833
-5.48832
-5.48638
-5.48897
-5.488
-5.48767
-5.48865
-5.48865
-5.49059
-5.49156
-5.49189
-5.49318
-5.49383
-5.49674
-5.49706
-5.49642
-5.49707
-5.49804
-5.49674
-5.49609
-5.49642
-5.49675
-5.4961
-5.49707
-5.49416
-5.49286
-5.49156
-5.49124
-5.49092
-5.48962
-5.48962
-5.488
-5.488
-5.4893
-5.4906
-5.48865
-5.48866
-5.48963
-5.48866
-5.48736
-5.48801
-5.48833
-5.48768
-5.48801
-5.48995
-5.48671
-5.48801
-5.48898
-5.48931
-5.4906
-5.48801
-5.48769
-5.48672
-5.48801
-5.48769
-5.48736
-5.48671
-5.48704
-5.48769
-5.48704
-5.48931
-5.48866
-5.48704
-5.48639
-5.48671
-5.48574
-5.48736
-5.48574
-5.48672
-5.48607
-5.48671
-5.48606
-5.48898
-5.48736
-5.48931
-5.49093
-5.4919
-5.49158
-5.49093
-5.48995
-5.48995
-5.49287
-5.49319
-5.49513
-5.49384
-5.49093
-5.48931
-5.48963
-5.4893
-5.48801
-5.48768
-5.48963
-5.48963
-5.48769
-5.48834
-5.48996
-5.4919
-5.4919
-5.49254
-5.4906
-5.48866
-5.48768
-5.48865
-5.4893
-5.48833
-5.48768
-5.48574
-5.48639
-5.48639
-5.48736
-5.48704
-5.48801
-5.48704
-5.48639
-5.48768
-5.48801
-5.48736
-5.48703
-5.48865
-5.48897
-5.48832
-5.48638
-5.48541
-5.4867
-5.48768
-5.488
-5.4906
-5.4906
-5.49092
-5.49351
-5.4948
-5.49544
-5.49544
-5.49447
-5.49447
-5.49479
-5.49414
-5.49447
-5.49447
-5.49318
-5.49447
-5.49577
-5.49739
-5.49707
-5.49804
-5.4948
-5.49448
-5.49286
-5.48703
-5.48605
-5.48864
-5.48929
-5.48702
-5.48831
-5.48863
-5.49122
-5.49123
-5.48993
-5.49091
-5.4935
-5.4922
-5.49285
-5.4935
-5.49059
-5.48864
-5.48929
-5.48994
-5.48962
-5.48929
-5.48767
-5.48832
-5.48897
-5.49221
-5.49026
-5.48897
-5.48832
-5.48929
-5.48896
-5.48929
-5.49026
-5.49252
-5.49317
-5.49382
-5.49285
-5.49382
-5.49415
-5.4948
-5.49156
-5.49091
-5.49253
-5.49188
-5.49188
-5.49252
-5.4922
-5.49252
-5.49025
-5.48928
-5.48928
-5.48993
-5.48961
-5.48962
-5.48962
-5.48897
-5.48994
-5.48994
-5.48994
-5.49188
-5.4922
-5.49188
-5.4922
-5.49188
-5.49026
-5.49123
-5.48961
-5.49058
-5.49188
-5.49123
-5.49026
-5.48994
-5.49124
-5.48832
-5.49123
-5.49091
-5.49252
-5.49285
-5.48896
-5.4909
-5.49188
-5.49156
-5.49123
-5.49318
-5.49253
-5.49058
-5.48993
-5.49026
-5.49026
-5.49123
-5.49284
-5.49284
-5.49089
-5.49089
-5.48992
-5.48798
-5.48798
-5.48766
-5.48701
-5.48799
-5.48669
-5.48507
-5.48475
-5.48572
-5.48701
-5.48895
-5.48895
-5.4896
-5.48895
-5.48992
-5.48992
-5.49154
-5.49445
-5.49445
-5.49348
-5.49477
-5.4938
-5.49057
-5.49121
-5.49121
-5.49089
-5.49122
-5.49154
-5.49284
-5.49121
-5.49186
-5.49219
-5.49283
-5.49284
-5.49316
-5.49187
-5.49413
-5.49381
-5.49348
-5.49283
-5.49315
-5.48992
-5.49315
-5.49445
-5.49218
-5.49251
-5.49186
-5.49348
-5.49348
-5.4938
-5.49186
-5.49186
-5.49218
-5.4938
-5.49251
-5.49186
-5.49283
-5.49056
-5.49218
-5.49218
-5.48895
-5.49056
-5.48862
-5.48959
-5.48635
-5.4857
-5.48797
-5.48797
-5.48603
-5.48603
-5.48797
-5.48732
-5.48862
-5.48991
-5.49089
-5.49056
-5.49218
-5.49348
-5.4938
-5.49477
-5.49251
-5.49024
-5.49056
-5.49186
-5.49315
-5.4938
-5.49283
-5.49186
-5.49283
-5.49283
-5.49218
-5.49251
-5.49186
-5.49251
-5.49348
-5.49316
-5.49413
-5.49218
-5.49154
-5.49186
-5.49381
-5.4951
-5.49413
-5.4938
-5.49412
-5.49541
-5.49606
-5.49476
-5.49703
-5.49736
-5.49704
-5.49704
-5.49543
-5.49575
-5.49543
-5.4964
-5.49316
-5.49316
-5.49251
-5.49154
-5.48992
-5.48991
-5.48959
-5.48862
-5.48732
-5.48829
-5.48894
-5.48991
-5.48991
-5.48959
-5.49088
-5.49088
-5.49023
-5.49121
-5.49088
-5.49023
-5.49023
-5.49153
-5.49315
-5.49379
-5.49347
-5.4925
-5.49315
-5.49056
-5.48927
-5.48959
-5.48829
-5.48861
-5.48861
-5.48957
-5.48893
-5.48763
-5.4899
-5.48893
-5.49087
-5.49088
-5.49153
-5.49153
-5.48958
-5.48926
-5.48959
-5.49056
-5.49186
-5.49153
-5.49088
-5.48861
-5.48958
-5.48958
-5.49315
-5.49412
-5.49509
-5.49542
-5.49704
-5.49607
-5.49413
-5.49219
-5.48928
-5.49089
-5.49154
-5.49348
-5.49347
-5.49185
-5.49056
-5.48992
-5.48927
-5.49187
-5.49122
-5.49025
-5.48831
-5.48928
-5.4883
-5.48927
-5.48927
-5.48862
-5.48765
-5.4883
-5.48927
-5.48863
-5.48863
-5.48895
-5.48863
-5.48766
-5.48895
-5.49089
-5.49153
-5.48991
-5.49153
-5.48991
-5.49055
-5.49185
-5.49185
-5.48959
-5.4883
-5.48862
-5.48992
-5.49186
-5.49315
-5.49218
-5.49186
-5.48991
-5.48991
-5.48797
-5.48699
-5.49088
-5.49056
-5.48894
-5.48959
-5.48927
-5.48959
-5.49089
-5.49024
-5.49154
-5.49348
-5.49445
-5.49542
-5.49348
-5.49283
-5.49282
-5.49185
-5.49283
-5.4938
-5.49412
-5.49477
-5.49542
-5.49478
-5.49316
-5.49186
-5.49154
-5.48992
-5.49251
-5.4938
-5.49412
-5.49218
-5.49186
-5.49348
-5.49445
-5.49283
-5.49186
-5.48927
-5.48894
-5.48927
-5.487
-5.48571
-5.48765
-5.48797
-5.49089
-5.49057
-5.48862
-5.48895
-5.48733
-5.4883
-5.48991
-5.48991
-5.49153
-5.49186
-5.49121
-5.49089
-5.49056
-5.49024
-5.49348
-5.49283
-5.49316
-5.49445
-5.49348
-5.49413
-5.49219
-5.49089
-5.49121
-5.49089
-5.49024
-5.48991
-5.49055
-5.48861
-5.4899
-5.48861
-5.48635
-5.48602
-5.48829
-5.48991
-5.48959
-5.48959
-5.48959
-5.48862
-5.49121
-5.4938
-5.49316
-5.49154
-5.49154
-5.48992
-5.4883
-5.48959
-5.48894
-5.48894
-5.48959
-5.48959
-5.48991
-5.49121
-5.4938
-5.49251
-5.49186
-5.49283
-5.49412
-5.49186
-5.49186
-5.49024
-5.48992
-5.49089
-5.48992
-5.48927
-5.48927
-5.49121
-5.49121
-5.49315
-5.49153
-5.49088
-5.49088
-5.4912
-5.48959
-5.49024
-5.48927
-5.49121
-5.49219
-5.49057
-5.49284
-5.49349
-5.49316
-5.49413
-5.49381
-5.49348
-5.49251
-5.49186
-5.49218
-5.49121
-5.49251
-5.49316
-5.49186
-5.49218
-5.49057
-5.49089
-5.48992
-5.50173
-5.50367
-5.50787
-5.51175
-5.51402
-5.51984
-5.51983
-5.52242
-5.52145
-5.5195
-5.51853
-5.5169
-5.51398
-5.51236
-5.51235
-5.51009
-5.50815
-5.50621
-5.50524
-5.5046
-5.50266
-5.50266
-5.50137
-5.50007
-5.50039
-5.4978
-5.49715
-5.49748
-5.49845
-5.49974
-5.50006
-5.50233
-5.50006
-5.50039
-5.50006
-5.49909
-5.50007
-5.50136
-5.49974
-5.49942
-5.49748
-5.49813
-5.49651
-5.4991
-5.50039
-5.50104
-5.50136
-5.50233
-5.50493
-5.50395
-5.50266
-5.50201
-5.49942
-5.49715
-5.50039
-5.49877
-5.49845
-5.50201
-5.50104
-5.50104
-5.50169
-5.50169
-5.50169
-5.50136
-5.50331
-5.49974
-5.50104
-5.50072
-5.50007
-5.50137
-5.50007
-5.49942
-5.49716
-5.4978
-5.49813
-5.49748
-5.49909
-5.4978
-5.49747
-5.49877
-5.50104
-5.50168
-5.50104
-5.49974
-5.50169
-5.50363
-5.50266
-5.50395
-5.50428
-5.50299
-5.49975
-5.50105
-5.5004
-5.5004
-5.50008
-5.49878
-5.49975
-5.50169
-5.50234
-5.50104
-5.50104
-5.50072
-5.49942
-5.50169
-5.49975
-5.4991
-5.50072
-5.50105
-5.49976
-5.49976
-5.49943
-5.49879
-5.49878
-5.49684
-5.49943
-5.49943
-5.50073
-5.49944
-5.49912
-5.50203
-5.50009
-5.50138
-5.50106
-5.49976
-5.50073
-5.50138
-5.5004
-5.49911
-5.49814
-5.49911
-5.49878
-5.49814
-5.49944
-5.49911
-5.50009
-5.50203
-5.50138
-5.5017
-5.49975
-5.50072
-5.5004
-5.49975
-5.50008
-5.50105
-5.5017
-5.50591
-5.50786
-5.50915
-5.50753
-5.5085
-5.50721
-5.50462
-5.50462
-5.50268
-5.50073
-5.50138
-5.50397
-5.50365
-5.50397
-5.50397
-5.50106
-5.50073
-5.50041
-5.5017
-5.50105
-5.50203
-5.50008
-5.50138
-5.503
-5.50138
-5.50171
-5.50138
-5.50106
-5.49944
-5.49976
-5.50203
-5.50397
-5.50591
-5.50624
-5.50203
-5.50171
-5.50139
-5.50333
-5.50366
-5.50365
-5.50527
-5.50365
-5.50171
-5.50171
-5.50333
-5.50462
-5.503
-5.50106
-5.50203
-5.50365
-5.50462
-5.50495
-5.50268
-5.50139
-5.50074
-5.50204
-5.50171
-5.50172
-5.50139
-5.50236
-5.50171
-5.50041
-5.50074
-5.50074
-5.50171
-5.50462
-5.50624
-5.50657
-5.50592
-5.5043
-5.50463
-5.50463
-5.50495
-5.50528
-5.50463
-5.50365
-5.50268
-5.50171
-5.50074
-5.50009
-5.50139
-5.50107
-5.5001
-5.49945
-5.4988
-5.49718
-5.49913
-5.49912
-5.49783
-5.4975
-5.49815
-5.50074
-5.50171
-5.50106
-5.50268
-5.50171
-5.50106
-5.50203
-5.50074
-5.50073
-5.50138
-5.50138
-5.50041
-5.50139
-5.50042
-5.49945
-5.49783
-5.49848
-5.49783
-5.4988
-5.49783
-5.49977
-5.49945
-5.50172
-5.50172
-5.50074
-5.50139
-5.50106
-5.50301
-5.50236
-5.50397
-5.50365
-5.50268
-5.50042
-5.5001
-5.49816
-5.49881
-5.49848
-5.49654
-5.50107
-5.49913
-5.49978
-5.50074
-5.49944
-5.50041
-5.49976
-5.49944
-5.50009
-5.49944
-5.49847
-5.4975
-5.49718
-5.49751
-5.49913
-5.4988
-5.50075
-5.50366
-5.50626
-5.50528
-5.50561
-5.50464
-5.50269
-5.50205
-5.50173
-5.50237
-5.50108
-5.50237
-5.49913
-5.49783
-5.4988
-5.49912
-5.49945
-5.49978
-5.49978
-5.5014
-5.50108
-5.50237
-5.50237
-5.50237
-5.50399
-5.50496
-5.50431
-5.50269
-5.50205
-5.50043
-5.50205
-5.50431
-5.50399
-5.50204
-5.50075
-5.49945
-5.50107
-5.50043
-5.50107
-5.50075
-5.50042
-5.5001
-5.49978
-5.5001
-5.49881
-5.49946
-5.50043
-5.49881
-5.50108
-5.50302
-5.50205
-5.50043
-5.50076
-5.50238
-5.50205
-5.50205
-5.5014
-5.50042
-5.49751
-5.49686
-5.49719
-5.49849
-5.50011
-5.49946
-5.50011
-5.50237
-5.50367
-5.50399
-5.49946
-5.50011
-5.50205
-5.50237
-5.50431
-5.50561
-5.5027
-5.50205
-5.5027
-5.50075
-5.50043
-5.5014
-5.50237
-5.50204
-5.50431
-5.50334
-5.50463
-5.50399
-5.50366
-5.50334
-5.50302
-5.50529
-5.50238
-5.50043
-5.50238
-5.50238
-5.50076
-5.5001
-5.49881
-5.49848
-5.49978
-5.50107
-5.50107
-5.50237
-5.49978
-5.50076
-5.49979
-5.50173
-5.50109
-5.50044
-5.50109
-5.49979
-5.49882
-5.49882
-5.50076
-5.50141
-5.50173
-5.49946
-5.49784
-5.49946
-5.49817
-5.50011
-5.50011
-5.50141
-5.50077
-5.50012
-5.49947
-5.49979
-5.50173
-5.5027
-5.50271
-5.50141
-5.50206
-5.50077
-5.50077
-5.50044
-5.50076
-5.50076
-5.50108
-5.49881
-5.49816
-5.49687
-5.49784
-5.49817
-5.49785
-5.49526
-5.49623
-5.49688
-5.49688
-5.49785
-5.49882
-5.49914
-5.50141
-5.50303
-5.50206
-5.49914
-5.49753
-5.49753
-5.49817
-5.4972
-5.49785
-5.4985
-5.49882
-5.49818
-5.50012
-5.50077
-5.50012
-5.4985
-5.49753
-5.49979
-5.49914
-5.49881
-5.49881
-5.49914
-5.50108
-5.49979
-5.50076
-5.50174
-5.504
-5.50595
-5.50401
-5.50401
-5.50595
-5.50627
-5.50692
-5.50659
-5.50627
-5.50627
-5.50562
-5.50497
-5.50529
-5.50303
-5.50303
-5.50174
-5.50109
-5.50303
-5.5066
-5.50627
-5.50498
-5.50627
-5.50401
-5.50401
-5.50304
-5.50174
-5.50369
-5.50206
-5.50141
-5.49947
-5.50077
-5.50012
-5.49817
-5.4972
-5.49688
-5.49818
-5.49656
-5.49623
-5.49494
-5.49817
-5.49882
-5.50011
-5.49882
-5.50141
-5.50335
-5.50627
-5.50562
-5.50433
-5.50466
-5.50207
-5.50272
-5.50498
-5.50757
-5.5053
-5.50401
-5.50077
-5.50077
-5.49914
-5.50011
-5.50011
-5.50173
-5.50302
-5.50011
-5.49947
-5.50044
-5.4985
-5.49785
-5.49753
-5.49851
-5.49754
-5.4985
-5.49947
-5.50141
-5.49979
-5.50076
-5.50173
-5.50335
-5.50335
-5.50335
-5.50335
-5.50627
-5.50821
-5.51015
-5.50724
-5.50562
-5.5053
-5.50335
-5.49947
-5.49946
-5.50044
-5.50043
-5.50043
-5.50205
-5.50367
-5.50334
-5.50108
-5.50237
-5.50269
-5.50205
-5.50334
-5.5014
-5.50108
-5.50334
-5.50172
-5.50172
-5.49945
-5.50043
-5.50431
-5.50593
-5.50691
-5.50659
-5.504
-5.50367
-5.50205
-5.50302
-5.50237
-5.50529
-5.50367
-5.50593
-5.5069
-5.50302
-5.50302
-5.50075
-5.49978
-5.49719
-5.49654
-5.49881
-5.49816
-5.49784
-5.49946
-5.49913
-5.50172
-5.50173
-5.50011
-5.50302
-5.50399
-5.50302
-5.5001
-5.50075
-5.5001
-5.50075
-5.5014
-5.5014
-5.50075
-5.50042
-5.49978
-5.49783
-5.49589
-5.49459
-5.49557
-5.49751
-5.49913
-5.49557
-5.4946
-5.49492
-5.49492
-5.4988
-5.49783
-5.49945
-5.49978
-5.50237
-5.5014
-5.49978
-5.49977
-5.49912
-5.50171
-5.50333
-5.50431
-5.50398
-5.50042
-5.49977
-5.50204
-5.50074
-5.4988
-5.49912
-5.49977
-5.50009
-5.50107
-5.50042
-5.50075
-5.5001
-5.50334
-5.5056
-5.50592
-5.50754
-5.5056
-5.50366
-5.50236
-5.50237
-5.50074
-5.49977
-5.50009
-5.50074
-5.50009
-5.50009
-5.50106
-5.49944
-5.49976
-5.49912
-5.49847
-5.49589
-5.49621
-5.49427
-5.49459
-5.49588
-5.49426
-5.49491
-5.49685
-5.49879
-5.49976
-5.50105
-5.50073
-5.49879
-5.49879
-5.50009
-5.4975
-5.49847
-5.49912
-5.50138
-5.50138
-5.503
-5.50203
-5.50138
-5.50138
-5.50236
-5.50301
-5.50301
-5.50171
-5.50074
-5.50236
-5.50139
-5.50171
-5.50171
-5.50333
-5.50365
-5.50301
-5.50171
-5.5043
-5.50398
-5.50269
-5.50237
-5.50237
-5.50334
-5.50269
-5.50269
-5.50139
-5.50138
-5.5017
-5.503
-5.50526
-5.50397
-5.5043
-5.5043
-5.50301
-5.50366
-5.50334
-5.50399
-5.50528
-5.50398
-5.50301
-5.50171
-5.50106
-5.50074
-5.50365
-5.50463
-5.50365
-5.50268
-5.50236
-5.49944
-5.50009
-5.49718
-5.49815
-5.49847
-5.49879
-5.49847
-5.49782
-5.49814
-5.49847
-5.49944
-5.50042
-5.50009
-5.50139
-5.50009
-5.50074
-5.50268
-5.50365
-5.50203
-5.50171
-5.50106
-5.50074
-5.50203
-5.50009
-5.49847
-5.4975
-5.49945
-5.50074
-5.50074
-5.49945
-5.50204
-5.50398
-5.50236
-5.50042
-5.49977
-5.5001
-5.5014
-5.5014
-5.5014
-5.50075
-5.50107
-5.50204
-5.50042
-5.50107
-5.50301
-5.50236
-5.50269
-5.50107
-5.50204
-5.50172
-5.50204
-5.50172
-5.50172
-5.50009
-5.49912
-5.49653
-5.4975
-5.4975
-5.49653
-5.4988
-5.49816
-5.4988
-5.49913
-5.49816
-5.50075
-5.50236
-5.50204
-5.50237
-5.50172
-5.5014
-5.5014
-5.50237
-5.50043
-5.50204
-5.50463
-5.50139
-5.50074
-5.50106
-5.50171
-5.50074
-5.50042
-5.49977
-5.5001
-5.5001
-5.50107
-5.50107
-5.50205
-5.5014
-5.50107
-5.50269
-5.5014
-5.50042
-5.50236
-5.50366
-5.50236
-5.50074
-5.50074
-5.50009
-5.49847
-5.4988
-5.49686
-5.49653
-5.49912
-5.49977
-5.4988
-5.49977
-5.49977
-5.50204
-5.50333
-5.50495
-5.50268
-5.50495
-5.50495
-5.50397
-5.50494
-5.50592
-5.50462
-5.50463
-5.50398
-5.50203
-5.50268
-5.50139
-5.49977
-5.49815
-5.49783
-5.49621
-5.49718
-5.49783
-5.4988
-5.4975
-5.49686
-5.4975
-5.49912
-5.49685
-5.49912
-5.50041
-5.50041
-5.49976
-5.49912
-5.50268
-5.50074
-5.50009
-5.49977
-5.50009
-5.50171
-5.50107
-5.50042
-5.50204
-5.49945
-5.50107
-5.50301
-5.50236
-5.50171
-5.50107
-5.50074
-5.50042
-5.50042
-5.49815
-5.50074
-5.5001
-5.49945
-5.49945
-5.50107
-5.50236
-5.50139
-5.50463
-5.50592
-5.50463
-5.50334
-5.50464
-5.50528
-5.50399
-5.50366
-5.50204
-5.50236
-5.50204
-5.50203
-5.50171
-5.50106
-5.50236
-5.50398
-5.5043
-5.50366
-5.50333
-5.50333
-5.5056
-5.5043
-5.50463
-5.50301
-5.50657
-5.5069
-5.50625
-5.50592
-5.50592
-5.50495
-5.50398
-5.50236
-5.50236
-5.50301
-5.50365
-5.50333
-5.50009
-5.49944
-5.49912
-5.4975
-5.49782
-5.49847
-5.49847
-5.50106
-5.50203
-5.50236
-5.50269
-5.50107
-5.50172
-5.50269
-5.50205
-5.50205
-5.50204
-5.50301
-5.50333
-5.50236
-5.50365
-5.5043
-5.50463
-5.50333
-5.50398
-5.50398
-5.50237
-5.50204
-5.50237
-5.50042
-5.49913
-5.4988
-5.49945
-5.49881
-5.49848
-5.49913
-5.49816
-5.49783
-5.49751
-5.49686
-5.49686
-5.49718
-5.4962
-5.49717
-5.4975
-5.49653
-5.49685
-5.49653
-5.49783
-5.49978
-5.50237
-5.50172
-5.50139
-5.50301
-5.50269
-5.50236
-5.50204
-5.50301
-5.50301
-5.50431
-5.50398
-5.50204
-5.50366
-5.50269
-5.50269
-5.41648
-5.41938
-5.42358
-5.42714
-5.42843
-5.42972
-5.43004
-5.43296
-5.43425
-5.431
-5.43003
-5.42841
-5.42678
-5.42484
-5.42354
-5.42224
-5.42062
-5.42063
-5.41933
-5.41837
-5.4161
-5.41319
-5.41481
-5.41579
-5.41676
-5.41515
-5.41353
-5.41417
-5.41514
-5.41417
-5.41449
-5.41513
-5.4148
-5.4148
-5.41448
-5.41448
-5.41448
-5.41351
-5.41577
-5.4161
-5.41449
-5.41222
-5.4132
-5.41158
-5.41255
-5.41385
-5.4132
-5.41353
-5.41255
-5.41288
-5.41288
-5.41158
-5.4119
-5.41221
-5.41221
-5.40865
-5.408
-5.40768
-5.40671
-5.40963
-5.40801
-5.40866
-5.40704
-5.40833
-5.4106
-5.40963
-5.40995
-5.41318
-5.41221
-5.41319
-5.41125
-5.4119
-5.41222
-5.41157
-5.41125
-5.41254
-5.41254
-5.41157
-5.41027
-5.40995
-5.41124
-5.41221
-5.41189
-5.41285
-5.41156
-5.41188
-5.41447
-5.41351
-5.41416
-5.41642
-5.41772
-5.41837
-5.41934
-5.42064
-5.41934
-5.41805
-5.41578
-5.4148
-5.41253
-5.41059
-5.41156
-5.41188
-5.41285
-5.41124
-5.41383
-5.41221
-5.41092
-5.41092
-5.40995
-5.41092
-5.41254
-5.41222
-5.4106
-5.41222
-5.41222
-5.41189
-5.41222
-5.41286
-5.41481
-5.41416
-5.41416
-5.41286
-5.41092
-5.41124
-5.4093
-5.40995
-5.40963
-5.41028
-5.4106
-5.4093
-5.40833
-5.40801
-5.40865
-5.41027
-5.41125
-5.41319
-5.41352
-5.4119
-5.41319
-5.41287
-5.4119
-5.41384
-5.41578
-5.41675
-5.41643
-5.41351
-5.41416
-5.41189
-5.41092
-5.41189
-5.41286
-5.41481
-5.41222
-5.41287
-5.41319
-5.4119
-5.41287
-5.41514
-5.41351
-5.41287
-5.41222
-5.41448
-5.41448
-5.41383
-5.41318
-5.41448
-5.41416
-5.41221
-5.41189
-5.40962
-5.40865
-5.40994
-5.40962
-5.41221
-5.41318
-5.41318
-5.41578
-5.41578
-5.41383
-5.41416
-5.41416
-5.41449
-5.41611
-5.41449
-5.41384
-5.41416
-5.41416
-5.41481
-5.41448
-5.41221
-5.41254
-5.41545
-5.41512
-5.41189
-5.40962
-5.40897
-5.40995
-5.4093
-5.41059
-5.4093
-5.4106
-5.40962
-5.40801
-5.4093
-5.41124
-5.41124
-5.41027
-5.41318
-5.41577
-5.41544
-5.41512
-5.4148
-5.41674
-5.4161
-5.41577
-5.41448
-5.41318
-5.41124
-5.41059
-5.41318
-5.41221
-5.41221
-5.41351
-5.41156
-5.4093
-5.41027
-5.41124
-5.41027
-5.41318
-5.41123
-5.40929
-5.41091
-5.40994
-5.40929
-5.41156
-5.41221
-5.41383
-5.41415
-5.41512
-5.41642
-5.41447
-5.41414
-5.41414
-5.41317
-5.41382
-5.41382
-5.41512
-5.41512
-5.41577
-5.41382
-5.41415
-5.41479
-5.41479
-5.41253
-5.41511
-5.41479
-5.41673
-5.41447
-5.41285
-5.41317
-5.41576
-5.41252
-5.41317
-5.41252
-5.4135
-5.4135
-5.41285
-5.41382
-5.41253
-5.41317
-5.41447
-5.41317
-5.41058
-5.40994
-5.40832
-5.40864
-5.41026
-5.41026
-5.40962
-5.41059
-5.40865
-5.41091
-5.41156
-5.40994
-5.41091
-5.41123
-5.40993
-5.40928
-5.40832
-5.40994
-5.40929
-5.41157
-5.41448
-5.41351
-5.41286
-5.41512
-5.41221
-5.41188
-5.41252
-5.41058
-5.4122
-5.41122
-5.41155
-5.4122
-5.41123
-5.40864
-5.40799
-5.40832
-5.40767
-5.40864
-5.40766
-5.4054
-5.40637
-5.40734
-5.40766
-5.4096
-5.40863
-5.40895
-5.41187
-5.41058
-5.41317
-5.41252
-5.41382
-5.41253
-5.41188
-5.41253
-5.41091
-5.41317
-5.41414
-5.41479
-5.41479
-5.41608
-5.41479
-5.41317
-5.41188
-5.40961
-5.41155
-5.40993
-5.41317
-5.41382
-5.41252
-5.41187
-5.41187
-5.41187
-5.4122
-5.41155
-5.41252
-5.4122
-5.41285
-5.41188
-5.41317
-5.40993
-5.40929
-5.40864
-5.40864
-5.40928
-5.4122
-5.41187
-5.40961
-5.40929
-5.40896
-5.41123
-5.41123
-5.40994
-5.40994
-5.41026
-5.41091
-5.4135
-5.41285
-5.41382
-5.41285
-5.41511
-5.41382
-5.41155
-5.41058
-5.41091
-5.41091
-5.41252
-5.41317
-5.41479
-5.41446
-5.41381
-5.41122
-5.40896
-5.41026
-5.40897
-5.41156
-5.41221
-5.41124
-5.41091
-5.40864
-5.41058
-5.41091
-5.40961
-5.40961
-5.41123
-5.4122
-5.4109
-5.41058
-5.40993
-5.4109
-5.41317
-5.41285
-5.41123
-5.41155
-5.4122
-5.40832
-5.40767
-5.4067
-5.40864
-5.4109
-5.40929
-5.41091
-5.41026
-5.41156
-5.41382
-5.41544
-5.41382
-5.41447
-5.41447
-5.41576
-5.41512
-5.41576
-5.41479
-5.41544
-5.41512
-5.41609
-5.41609
-5.41576
-5.41479
-5.4122
-5.41058
-5.4122
-5.41382
-5.4135
-5.41544
-5.41318
-5.41286
-5.41447
-5.41383
-5.41382
-5.4122
-5.4109
-5.40928
-5.41122
-5.4122
-5.41155
-5.41187
-5.41155
-5.41187
-5.4109
-5.41123
-5.40896
-5.40993
-5.40929
-5.40994
-5.40929
-5.41059
-5.41059
-5.41188
-5.41285
-5.41188
-5.41221
-5.41221
-5.41188
-5.41091
-5.41091
-5.41124
-5.41188
-5.41123
-5.41156
-5.41123
-5.40864
-5.40994
-5.40994
-5.41318
-5.41285
-5.41123
-5.40994
-5.40864
-5.41026
-5.40897
-5.40994
-5.41027
-5.4093
-5.40995
-5.41059
-5.41156
-5.41123
-5.41156
-5.41156
-5.40961
-5.40864
-5.41059
-5.41253
-5.41285
-5.4135
-5.41253
-5.41188
-5.41253
-5.41317
-5.41155
-5.41155
-5.41155
-5.41123
-5.41187
-5.41026
-5.41123
-5.41253
-5.41091
-5.41156
-5.41026
-5.41026
-5.41026
-5.40994
-5.41123
-5.41026
-5.40864
-5.40863
-5.40896
-5.40993
-5.40605
-5.40735
-5.40865
-5.40897
-5.41124
-5.41221
-5.41318
-5.41156
-5.41253
-5.41318
-5.4135
-5.41544
-5.41641
-5.41447
-5.4135
-5.41285
-5.41253
-5.41091
-5.40994
-5.41027
-5.41091
-5.40962
-5.408
-5.40897
-5.4067
-5.4067
-5.40767
-5.40735
-5.40832
-5.40994
-5.40865
-5.40897
-5.41189
-5.41546
-5.41254
-5.41222
-5.41254
-5.41222
-5.41189
-5.41286
-5.41286
-5.41286
-5.41383
-5.41318
-5.41383
-5.41253
-5.41318
-5.41221
-5.41059
-5.40832
-5.40897
-5.40768
-5.40865
-5.41027
-5.41124
-5.41221
-5.41254
-5.40962
-5.41059
-5.41059
-5.41157
-5.41157
-5.41092
-5.41254
-5.41124
-5.40962
-5.40865
-5.408
-5.40994
-5.40961
-5.40994
-5.41221
-5.41221
-5.41157
-5.41157
-5.41157
-5.41189
-5.41286
-5.41027
-5.41156
-5.41415
-5.41188
-5.41188
-5.41189
-5.41221
-5.41092
-5.41092
-5.41027
-5.4106
-5.41092
-5.40898
-5.40865
-5.40962
-5.40962
-5.40736
-5.40606
-5.40574
-5.40638
-5.40865
-5.41124
-5.41059
-5.41059
-5.41156
-5.41188
-5.41156
-5.41156
-5.41124
-5.40963
-5.40995
-5.41125
-5.41092
-5.41189
-5.41188
-5.41221
-5.41221
-5.41091
-5.41091
-5.41124
-5.41027
-5.40962
-5.40767
-5.4067
-5.40735
-5.40734
-5.40929
-5.40896
-5.40637
-5.40539
-5.40539
-5.40442
-5.40248
-5.40507
-5.40669
-5.40637
-5.40702
-5.40702
-5.40669
-5.40766
-5.40701
-5.40701
-5.4083
-5.4096
-5.4096
-5.41024
-5.40927
-5.40992
-5.41122
-5.41187
-5.41252
-5.41219
-5.41349
-5.41349
-5.41511
-5.41511
-5.4164
-5.41381
-5.41544
-5.41414
-5.41284
-5.41057
-5.41284
-5.41122
-5.41155
-5.41025
-5.40928
-5.41058
-5.40928
-5.41057
-5.41057
-5.41057
-5.41024
-5.41121
-5.41122
-5.41251
-5.41349
-5.41122
-5.41122
-5.40928
-5.40831
-5.40993
-5.40896
-5.40896
-5.4109
-5.41025
-5.41057
-5.41024
-5.40992
-5.40959
-5.40895
-5.4096
-5.40895
-5.40863
-5.40766
-5.40896
-5.40863
-5.40992
-5.40992
-5.40992
-5.40927
-5.41187
-5.41284
-5.41155
-5.41155
-5.41381
-5.41155
-5.41057
-5.41219
-5.41445
-5.41348
-5.41316
-5.41349
-5.41381
-5.41478
-5.41511
-5.41575
-5.41349
-5.41122
-5.41251
-5.41187
-5.41025
-5.41122
-5.41122
-5.40927
-5.40895
-5.40798
-5.40895
-5.41089
-5.41219
-5.41025
-5.41057
-5.41219
-5.41251
-5.41251
-5.41412
-5.41445
-5.41348
-5.40927
-5.40927
-5.4096
-5.40895
-5.40927
-5.40895
-5.40798
-5.40992
-5.40992
-5.40798
-5.40895
-5.40798
-5.41025
-5.40992
-5.41056
-5.41024
-5.41023
-5.41186
-5.41089
-5.40992
-5.41025
-5.40928
-5.41122
-5.41252
-5.41219
-5.4109
-5.40895
-5.41057
-5.41219
-5.4151
-5.41348
-5.41348
-5.41478
-5.4164
-5.41478
-5.41381
-5.41446
-5.41187
-5.41122
-5.40992
-5.41089
-5.41154
-5.41251
-5.41283
-5.41348
-5.41121
-5.41315
-5.41315
-5.41509
-5.4125
-5.41251
-5.41283
-5.41186
-5.41284
-5.41251
-5.41089
-5.41121
-5.41219
-5.41316
-5.4151
-5.41542
-5.41315
-5.41185
-5.41444
-5.41606
-5.41412
-5.41444
-5.41283
-5.4138
-5.4138
-5.41283
-5.41056
-5.40927
-5.40894
-5.41056
-5.40991
-5.41023
-5.40861
-5.40829
-5.40991
-5.41088
-5.4125
-5.41315
-5.41412
-5.4151
-5.41704
-5.41607
-5.41445
-5.41477
-5.41509
-5.41412
-5.41186
-5.41186
-5.41315
-5.41348
-5.41478
-5.4151
-5.41705
-5.41446
-5.41187
-5.41058
-5.41122
-5.41187
-5.41187
-5.41025
-5.40895
-5.40992
-5.41057
-5.40863
-5.41252
-5.41252
-5.41187
-5.41447
-5.41414
-5.41479
-5.41219
-5.41154
-5.40928
-5.41025
-5.40863
-5.40928
-5.40896
-5.40928
-5.40993
-5.40928
-5.4096
-5.4109
-5.40993
-5.4083
-5.41025
-5.41122
-5.41381
-5.41511
-5.41316
-5.41478
-5.4151
-5.41251
-5.41252
-5.41316
-5.41543
-5.41349
-5.41026
-5.40993
-5.40896
-5.40799
-5.40864
-5.40734
-5.40637
-5.40734
-5.40701
-5.40701
-5.40863
-5.40863
-5.41025
-5.4109
-5.4122
-5.4122
-5.41317
-5.41349
-5.41382
-5.41155
-5.4109
-5.41284
-5.41155
-5.41252
-5.41349
-5.41382
-5.41381
-5.41382
-5.41349
-5.4122
-5.4122
-5.41349
-5.41284
-5.41381
-5.41284
-5.41284
-5.41122
-5.41252
-5.41446
-5.41479
-5.41446
-5.41349
-5.41219
-5.41219
-5.41316
-5.41317
-5.41382
-5.41285
-5.4122
-5.40961
-5.40929
-5.40767
-5.40767
-5.40605
-5.40637
-5.40799
-5.40864
-5.40799
-5.40961
-5.40961
-5.41091
-5.41253
-5.41123
-5.40961
-5.41123
-5.41253
-5.41285
-5.41059
-5.41188
-5.41091
-5.41124
-5.40962
-5.41026
-5.41123
-5.41253
-5.41155
-5.40994
-5.41091
-5.40961
-5.40994
-5.40994
-5.40929
-5.41091
-5.41058
-5.40896
-5.41026
-5.41091
-5.40994
-5.41318
-5.41188
-5.41285
-5.4135
-5.4135
-5.41091
-5.41317
-5.41253
-5.41253
-5.41447
-5.41415
-5.41448
-5.41642
-5.4148
-5.3386
-5.33892
-5.33989
-5.34312
-5.34246
-5.34634
-5.34699
-5.3486
-5.346
-5.3447
-5.34664
-5.34405
-5.34307
-5.34081
-5.33919
-5.33692
-5.33854
-5.33692
-5.33434
-5.33402
-5.33111
-5.33176
-5.33079
-5.33079
-5.32885
-5.32755
-5.32917
-5.33046
-5.33369
-5.33402
-5.33466
-5.33305
-5.33207
-5.33434
-5.33499
-5.33693
-5.33693
-5.33629
-5.33758
-5.33662
-5.33791
-5.33533
-5.335
-5.33597
-5.33694
-5.33759
-5.33694
-5.33467
-5.33403
-5.335
-5.33824
-5.3405
-5.33953
-5.33856
-5.33629
-5.33629
-5.3363
-5.33597
-5.3363
-5.33468
-5.33371
-5.33305
-5.33273
-5.33111
-5.33046
-5.33046
-5.33046
-5.32982
-5.32949
-5.32949
-5.32982
-5.32982
-5.33014
-5.33176
-5.33208
-5.33046
-5.33046
-5.33111
-5.33079
-5.33143
-5.33208
-5.33208
-5.33046
-5.32819
-5.32722
-5.33045
-5.33142
-5.33401
-5.33693
-5.33661
-5.33823
-5.34017
-5.34179
-5.34082
-5.34374
-5.34212
-5.3405
-5.3405
-5.34147
-5.34017
-5.34082
-5.34017
-5.33758
-5.33725
-5.33822
-5.33757
-5.33628
-5.33596
-5.33337
-5.33369
-5.3324
-5.33402
-5.33175
-5.33305
-5.33369
-5.33628
-5.3366
-5.33563
-5.33596
-5.33693
-5.33823
-5.33855
-5.33661
-5.33629
-5.33629
-5.33629
-5.33208
-5.33078
-5.32981
-5.33013
-5.32916
-5.33078
-5.33045
-5.33142
-5.33336
-5.33369
-5.33563
-5.33822
-5.33952
-5.34147
-5.33952
-5.34049
-5.33952
-5.34211
-5.33887
-5.33854
-5.3379
-5.33628
-5.33693
-5.33757
-5.33337
-5.33304
-5.33078
-5.33078
-5.33013
-5.33078
-5.33143
-5.33369
-5.33272
-5.33305
-5.33532
-5.33564
-5.33629
-5.3379
-5.3392
-5.33919
-5.33855
-5.3379
-5.33693
-5.33725
-5.33564
-5.33402
-5.33402
-5.335
-5.33888
-5.33726
-5.3379
-5.33855
-5.33692
-5.33692
-5.3353
-5.33336
-5.33499
-5.33305
-5.33532
-5.33629
-5.33823
-5.33726
-5.33985
-5.34049
-5.34016
-5.34081
-5.34114
-5.34017
-5.33952
-5.3392
-5.3379
-5.33564
-5.33402
-5.33272
-5.33175
-5.33239
-5.33142
-5.33239
-5.33304
-5.33175
-5.33078
-5.33208
-5.3324
-5.33208
-5.33304
-5.33304
-5.33304
-5.33239
-5.3311
-5.33013
-5.32948
-5.33272
-5.33401
-5.33499
-5.33531
-5.33596
-5.33434
-5.33628
-5.33531
-5.33531
-5.33596
-5.33661
-5.33628
-5.33693
-5.33693
-5.33628
-5.33595
-5.33498
-5.33563
-5.33336
-5.33369
-5.33207
-5.3324
-5.33175
-5.3311
-5.33045
-5.33142
-5.33336
-5.33401
-5.33336
-5.33628
-5.33434
-5.33693
-5.33628
-5.33563
-5.33466
-5.33531
-5.33369
-5.33531
-5.33499
-5.33531
-5.33564
-5.33661
-5.33855
-5.33693
-5.3379
-5.33628
-5.33499
-5.33563
-5.33433
-5.33498
-5.33368
-5.33401
-5.33271
-5.32915
-5.32883
-5.32916
-5.33207
-5.33175
-5.33014
-5.32917
-5.33013
-5.32948
-5.32883
-5.32916
-5.32948
-5.33208
-5.33176
-5.3324
-5.33208
-5.33175
-5.33402
-5.33305
-5.33305
-5.33305
-5.33272
-5.33175
-5.33272
-5.33337
-5.33305
-5.33402
-5.33402
-5.33304
-5.33337
-5.33466
-5.33401
-5.33304
-5.33272
-5.33142
-5.3311
-5.33239
-5.33304
-5.33174
-5.33271
-5.33304
-5.33271
-5.33239
-5.33239
-5.33272
-5.33239
-5.33498
-5.33401
-5.33337
-5.33175
-5.33077
-5.3298
-5.33045
-5.33336
-5.33401
-5.33304
-5.33434
-5.33434
-5.33726
-5.33726
-5.33661
-5.33661
-5.33596
-5.33758
-5.33725
-5.33564
-5.33531
-5.33596
-5.33726
-5.33791
-5.33888
-5.33661
-5.33629
-5.33726
-5.33694
-5.33597
-5.33564
-5.33564
-5.33467
-5.33467
-5.33531
-5.33758
-5.3337
-5.33467
-5.33305
-5.33499
-5.33435
-5.33337
-5.33337
-5.33402
-5.3324
-5.33337
-5.3311
-5.33046
-5.33111
-5.32917
-5.33111
-5.3337
-5.33338
-5.33597
-5.33694
-5.33598
-5.33598
-5.33727
-5.3376
-5.33856
-5.33889
-5.33726
-5.33564
-5.33564
-5.33564
-5.33597
-5.33436
-5.33403
-5.33274
-5.33274
-5.33339
-5.33209
-5.33112
-5.33046
-5.33111
-5.3324
-5.33337
-5.33305
-5.33176
-5.33403
-5.33338
-5.33435
-5.33403
-5.33435
-5.33371
-5.33403
-5.335
-5.335
-5.33435
-5.33468
-5.3337
-5.3337
-5.3337
-5.33403
-5.33468
-5.33371
-5.33306
-5.33339
-5.33436
-5.33566
-5.33695
-5.33662
-5.33824
-5.33985
-5.33953
-5.33888
-5.33727
-5.33662
-5.33533
-5.3363
-5.33663
-5.33566
-5.33695
-5.33468
-5.33824
-5.33597
-5.33565
-5.33662
-5.33726
-5.33662
-5.33759
-5.33792
-5.33824
-5.33889
-5.33921
-5.33824
-5.33856
-5.33856
-5.33888
-5.33758
-5.33758
-5.33694
-5.33532
-5.33371
-5.33241
-5.33306
-5.33273
-5.33305
-5.33208
-5.33272
-5.33175
-5.33045
-5.33045
-5.33272
-5.33369
-5.33564
-5.3337
-5.33403
-5.33338
-5.33273
-5.33273
-5.33143
-5.33175
-5.3324
-5.33467
-5.33532
-5.33467
-5.33466
-5.33531
-5.33563
-5.33823
-5.33758
-5.33531
-5.33532
-5.33402
-5.33176
-5.33338
-5.33273
-5.33208
-5.33596
-5.33337
-5.33498
-5.33531
-5.33498
-5.33563
-5.33596
-5.33564
-5.33402
-5.33402
-5.33402
-5.33208
-5.33305
-5.33532
-5.33597
-5.33694
-5.33564
-5.33499
-5.33434
-5.33531
-5.33498
-5.33531
-5.33498
-5.33401
-5.3353
-5.33369
-5.33077
-5.33045
-5.33272
-5.33402
-5.33402
-5.33369
-5.33369
-5.33531
-5.33725
-5.33757
-5.33725
-5.33757
-5.33757
-5.33563
-5.3379
-5.33952
-5.34017
-5.33758
-5.33661
-5.33532
-5.33564
-5.33531
-5.33596
-5.33693
-5.33531
-5.33693
-5.33661
-5.33596
-5.33758
-5.33596
-5.33693
-5.33531
-5.33757
-5.3366
-5.33531
-5.33563
-5.33466
-5.33402
-5.33564
-5.33337
-5.33272
-5.33305
-5.33208
-5.33046
-5.33337
-5.33272
-5.33402
-5.33304
-5.33175
-5.33078
-5.33208
-5.33305
-5.33306
-5.33306
-5.33338
-5.3324
-5.33337
-5.33466
-5.33401
-5.33272
-5.33336
-5.33499
-5.33434
-5.33337
-5.33402
-5.3324
-5.33273
-5.3337
-5.33111
-5.3311
-5.33207
-5.33564
-5.33596
-5.33661
-5.33694
-5.33759
-5.335
-5.33467
-5.33694
-5.33662
-5.33695
-5.33662
-5.3363
-5.33532
-5.33403
-5.33305
-5.33272
-5.33208
-5.3324
-5.33305
-5.33499
-5.33499
-5.3337
-5.33435
-5.33467
-5.33564
-5.335
-5.33532
-5.33727
-5.33468
-5.33403
-5.33209
-5.33047
-5.32981
-5.33143
-5.33142
-5.33175
-5.33304
-5.33337
-5.33369
-5.3324
-5.33272
-5.33208
-5.33175
-5.3324
-5.33207
-5.33175
-5.33208
-5.33176
-5.33111
-5.33014
-5.32917
-5.33014
-5.33337
-5.33402
-5.33402
-5.33402
-5.33337
-5.33338
-5.33402
-5.33694
-5.33564
-5.33629
-5.33628
-5.33628
-5.33596
-5.33466
-5.33531
-5.33596
-5.33499
-5.33401
-5.33531
-5.33434
-5.33499
-5.33596
-5.33693
-5.33499
-5.33628
-5.33531
-5.33466
-5.33272
-5.33369
-5.33531
-5.33369
-5.3337
-5.33532
-5.33435
-5.33078
-5.33175
-5.33273
-5.33337
-5.3337
-5.33337
-5.33466
-5.33369
-5.33531
-5.33434
-5.33402
-5.33564
-5.33499
-5.33467
-5.33402
-5.33532
-5.335
-5.3337
-5.33175
-5.3324
-5.33337
-5.33434
-5.33433
-5.33368
-5.33336
-5.33369
-5.33337
-5.3311
-5.33143
-5.3311
-5.33305
-5.33337
-5.33563
-5.33434
-5.33142
-5.33304
-5.33239
-5.3311
-5.33045
-5.32851
-5.33077
-5.33045
-5.3311
-5.33369
-5.33402
-5.33272
-5.33272
-5.33305
-5.33337
-5.3324
-5.33143
-5.33176
-5.33046
-5.32981
-5.33078
-5.33013
-5.33012
-5.32786
-5.32851
-5.32753
-5.3298
-5.33207
-5.33369
-5.33628
-5.33628
-5.33466
-5.33661
-5.33661
-5.33499
-5.33531
-5.33531
-5.33369
-5.33401
-5.33271
-5.33174
-5.33271
-5.33174
-5.33044
-5.32947
-5.33206
-5.33368
-5.33368
-5.33303
-5.33174
-5.33368
-5.33336
-5.33271
-5.33401
-5.33272
-5.33207
-5.33434
-5.33466
-5.33239
-5.33174
-5.33271
-5.33271
-5.33368
-5.33433
-5.33206
-5.33336
-5.33433
-5.33562
-5.33659
-5.334
-5.33044
-5.33206
-5.33109
-5.33141
-5.33271
-5.33368
-5.33433
-5.33497
-5.33594
-5.33626
-5.33432
-5.33529
-5.33529
-5.33627
-5.33497
-5.33368
-5.33465
-5.33562
-5.33497
-5.33432
-5.33497
-5.334
-5.33497
-5.33659
-5.33659
-5.33562
-5.33465
-5.33433
-5.33271
-5.33109
-5.32979
-5.33044
-5.33141
-5.3327
-5.33173
-5.33205
-5.33173
-5.33302
-5.33432
-5.33432
-5.33497
-5.33562
-5.33562
-5.33497
-5.33562
-5.33335
-5.33303
-5.3327
-5.33206
-5.3327
-5.33303
-5.3327
-5.33076
-5.33076
-5.3327
-5.33205
-5.33075
-5.32978
-5.32946
-5.32913
-5.32913
-5.33108
-5.33173
-5.33205
-5.33011
-5.32881
-5.32881
-5.32687
-5.32978
-5.32978
-5.32848
-5.32977
-5.33075
-5.33399
-5.33205
-5.3314
-5.32946
-5.33237
-5.33529
-5.33529
-5.33626
-5.33431
-5.33431
-5.33529
-5.33593
-5.33723
-5.33723
-5.3382
-5.33788
-5.33852
-5.33723
-5.33529
-5.33399
-5.33237
-5.33237
-5.33367
-5.33302
-5.33237
-5.3301
-5.33042
-5.33075
-5.3301
-5.33042
-5.33366
-5.33463
-5.33496
-5.33464
-5.33626
-5.33529
-5.33335
-5.33496
-5.33464
-5.3327
-5.33496
-5.33561
-5.33043
-5.33172
-5.3301
-5.3288
-5.33269
-5.33301
-5.33398
-5.33301
-5.3288
-5.33042
-5.33139
-5.33399
-5.33431
-5.33367
-5.3314
-5.33302
-5.33302
-5.33496
-5.33529
-5.33528
-5.33301
-5.33366
-5.33171
-5.32977
-5.33139
-5.3301
-5.33172
-5.33204
-5.33334
-5.33431
-5.33593
-5.33431
-5.33593
-5.33691
-5.33658
-5.33529
-5.33399
-5.33464
-5.33399
-5.33561
-5.33561
-5.33496
-5.33561
-5.33593
-5.33496
-5.33464
-5.33367
-5.3327
-5.33174
-5.33109
-5.33174
-5.33206
-5.33368
-5.33367
-5.33529
-5.33464
-5.33335
-5.33368
-5.33335
-5.33335
-5.33206
-5.33271
-5.334
-5.33465
-5.33432
-5.33432
-5.33367
-5.33173
-5.33368
-5.33303
-5.33238
-5.33174
-5.33109
-5.33206
-5.33142
-5.33304
-5.33174
-5.33368
-5.33464
-5.33691
-5.33691
-5.33658
-5.33756
-5.33723
-5.33594
-5.33432
-5.33399
-5.33367
-5.33237
-5.3314
-5.33302
-5.33658
-5.33626
-5.33497
-5.33303
-5.33109
-5.33206
-5.33335
-5.33497
-5.334
-5.33173
-5.3327
-5.3314
-5.33302
-5.33496
-5.33367
-5.33302
-5.33237
-5.33075
-5.3314
-5.3327
-5.3327
-5.33173
-5.41785
-5.42141
-5.42399
-5.4269
-5.43208
-5.43402
-5.43596
-5.43499
-5.43434
-5.43271
-5.43077
-5.4272
-5.42946
-5.42719
-5.42363
-5.42233
-5.42136
-5.42072
-5.42072
-5.41975
-5.41943
-5.42073
-5.41879
-5.41912
-5.41653
-5.41555
-5.41361
-5.41102
-5.41102
-5.41134
-5.41199
-5.41361
-5.41393
-5.41425
-5.41554
-5.41619
-5.41684
-5.41263
-5.41328
-5.41231
-5.41328
-5.41457
-5.4149
-5.41587
-5.41879
-5.41911
-5.41879
-5.41814
-5.41847
-5.41685
-5.41717
-5.41684
-5.41522
-5.41684
-5.41587
-5.41489
-5.41651
-5.41748
-5.41748
-5.41749
-5.4191
-5.41716
-5.41554
-5.4149
-5.41457
-5.41651
-5.41651
-5.41619
-5.41425
-5.41425
-5.41328
-5.41328
-5.41069
-5.4136
-5.41263
-5.41425
-5.41424
-5.41748
-5.41586
-5.41716
-5.4191
-5.41749
-5.4204
-5.42105
-5.41911
-5.41911
-5.41846
-5.4204
-5.41846
-5.41943
-5.42169
-5.42072
-5.42169
-5.42234
-5.42363
-5.42137
-5.42105
-5.41846
-5.41749
-5.41813
-5.42169
-5.42072
-5.41877
-5.41812
-5.41877
-5.41877
-5.41812
-5.41715
-5.41585
-5.41359
-5.41165
-5.411
-5.41262
-5.41489
-5.41618
-5.41716
-5.41716
-5.41716
-5.41846
-5.42105
-5.4204
-5.42008
-5.42234
-5.42072
-5.42007
-5.41975
-5.41877
-5.4178
-5.42039
-5.4191
-5.41942
-5.41878
-5.41716
-5.41619
-5.41587
-5.41619
-5.41813
-5.41684
-5.41781
-5.41813
-5.4191
-5.42072
-5.42169
-5.42201
-5.42298
-5.42137
-5.41942
-5.42104
-5.42007
-5.4191
-5.41877
-5.41813
-5.41684
-5.41619
-5.41716
-5.41619
-5.41813
-5.41845
-5.41651
-5.41456
-5.41359
-5.41327
-5.41521
-5.4136
-5.4136
-5.41619
-5.41424
-5.41457
-5.41586
-5.41748
-5.41878
-5.41878
-5.41813
-5.41587
-5.41555
-5.4149
-5.41425
-5.41652
-5.41749
-5.41749
-5.41749
-5.41554
-5.41684
-5.41976
-5.41846
-5.4162
-5.41782
-5.41717
-5.41976
-5.4162
-5.41879
-5.41847
-5.41652
-5.4162
-5.4162
-5.41684
-5.41717
-5.41717
-5.41522
-5.41555
-5.4149
-5.41457
-5.41166
-5.41198
-5.41392
-5.41651
-5.41587
-5.41587
-5.41717
-5.41847
-5.41847
-5.41944
-5.41944
-5.41911
-5.4204
-5.42137
-5.41975
-5.42008
-5.41879
-5.42073
-5.42203
-5.42008
-5.42073
-5.4204
-5.42105
-5.41781
-5.41652
-5.41619
-5.41522
-5.41555
-5.41425
-5.41425
-5.4162
-5.4149
-5.41522
-5.41457
-5.41522
-5.41424
-5.41845
-5.41845
-5.41845
-5.41781
-5.41878
-5.41878
-5.42106
-5.41944
-5.41718
-5.41523
-5.41328
-5.41555
-5.41587
-5.41586
-5.41425
-5.41327
-5.41425
-5.41587
-5.41392
-5.41393
-5.41328
-5.41263
-5.41263
-5.41264
-5.41199
-5.41296
-5.41522
-5.41781
-5.41814
-5.41717
-5.41749
-5.41782
-5.41522
-5.41587
-5.4149
-5.41458
-5.41393
-5.4149
-5.41328
-5.41036
-5.41133
-5.41133
-5.41262
-5.41198
-5.41327
-5.41425
-5.41263
-5.41262
-5.41165
-5.41101
-5.41165
-5.41262
-5.41295
-5.41392
-5.41327
-5.41425
-5.4136
-5.41619
-5.41554
-5.4149
-5.41457
-5.41554
-5.41489
-5.41392
-5.41521
-5.41554
-5.41521
-5.41424
-5.41586
-5.41554
-5.41522
-5.41619
-5.41651
-5.41845
-5.4178
-5.41553
-5.41521
-5.4165
-5.41715
-5.41748
-5.41813
-5.41522
-5.41457
-5.41684
-5.41814
-5.41813
-5.41716
-5.41554
-5.41554
-5.41651
-5.41651
-5.41619
-5.41392
-5.41294
-5.4123
-5.41132
-5.41197
-5.41327
-5.41586
-5.41684
-5.41716
-5.41684
-5.41684
-5.41814
-5.41846
-5.41813
-5.41651
-5.41586
-5.41456
-5.41295
-5.41424
-5.41489
-5.41425
-5.41425
-5.41295
-5.4136
-5.41425
-5.41878
-5.4204
-5.42007
-5.4178
-5.41813
-5.41683
-5.41521
-5.41683
-5.41651
-5.41716
-5.41845
-5.41942
-5.42039
-5.42039
-5.42006
-5.42006
-5.41812
-5.41812
-5.41812
-5.41586
-5.41618
-5.41521
-5.41554
-5.41748
-5.41845
-5.42039
-5.42136
-5.41909
-5.41844
-5.41941
-5.41618
-5.41715
-5.41845
-5.41878
-5.41975
-5.42007
-5.42136
-5.41813
-5.4178
-5.41683
-5.41618
-5.41327
-5.41295
-5.41359
-5.41391
-5.41391
-5.41326
-5.41197
-5.41261
-5.41391
-5.41229
-5.41262
-5.41132
-5.411
-5.4097
-5.41229
-5.41229
-5.41294
-5.41618
-5.41586
-5.4165
-5.41456
-5.41424
-5.4165
-5.41845
-5.41974
-5.42006
-5.42039
-5.41877
-5.41715
-5.41456
-5.41618
-5.41618
-5.41521
-5.4165
-5.42136
-5.42136
-5.41974
-5.4178
-5.4178
-5.41748
-5.41554
-5.41521
-5.41521
-5.41359
-5.4136
-5.41327
-5.41327
-5.41521
-5.41554
-5.41521
-5.41619
-5.41813
-5.41748
-5.41748
-5.41845
-5.41684
-5.41684
-5.41748
-5.41813
-5.41586
-5.41716
-5.41651
-5.42039
-5.42137
-5.42072
-5.42105
-5.41716
-5.41522
-5.41522
-5.41781
-5.41813
-5.41684
-5.41392
-5.41424
-5.41521
-5.41554
-5.41586
-5.41651
-5.41489
-5.41554
-5.41683
-5.41716
-5.41748
-5.41748
-5.41618
-5.41521
-5.41424
-5.41262
-5.41392
-5.41392
-5.41359
-5.41295
-5.41295
-5.41424
-5.41457
-5.41424
-5.41424
-5.41327
-5.4123
-5.41359
-5.41327
-5.41521
-5.41715
-5.41748
-5.41392
-5.41489
-5.4178
-5.41618
-5.4178
-5.4165
-5.41391
-5.41359
-5.41359
-5.41132
-5.41132
-5.411
-5.41068
-5.41003
-5.41068
-5.41165
-5.4123
-5.41328
-5.41328
-5.41392
-5.41424
-5.41489
-5.41683
-5.41683
-5.41618
-5.41586
-5.41715
-5.41456
-5.41554
-5.41327
-5.41392
-5.41457
-5.41392
-5.41457
-5.41457
-5.41425
-5.4136
-5.4136
-5.4123
-5.41263
-5.41327
-5.41392
-5.41683
-5.4178
-5.41942
-5.4191
-5.41845
-5.41748
-5.41781
-5.41554
-5.41489
-5.41619
-5.41845
-5.4191
-5.4204
-5.4204
-5.42137
-5.41975
-5.41813
-5.41781
-5.41715
-5.41682
-5.41585
-5.41715
-5.4165
-5.41779
-5.41877
-5.41812
-5.41877
-5.42006
-5.42039
-5.41877
-5.41909
-5.41974
-5.42136
-5.42136
-5.42071
-5.41909
-5.42006
-5.41714
-5.41714
-5.41973
-5.42135
-5.42103
-5.41973
-5.41909
-5.41844
-5.41585
-5.41876
-5.41909
-5.4178
-5.41715
-5.41553
-5.41618
-5.41715
-5.41909
-5.41812
-5.4152
-5.4152
-5.41682
-5.4152
-5.41649
-5.4165
-5.41747
-5.41618
-5.41585
-5.41618
-5.41682
-5.41553
-5.41585
-5.42006
-5.42167
-5.4194
-5.41714
-5.41649
-5.41649
-5.41585
-5.41423
-5.41358
-5.41422
-5.41163
-5.4126
-5.41454
-5.41454
-5.41422
-5.41714
-5.41714
-5.41811
-5.41682
-5.41585
-5.41714
-5.41488
-5.4165
-5.41488
-5.41552
-5.41552
-5.41746
-5.41681
-5.41811
-5.41811
-5.41811
-5.41908
-5.41973
-5.41941
-5.41876
-5.4178
-5.41618
-5.41586
-5.4165
-5.41488
-5.41553
-5.41618
-5.4165
-5.4165
-5.41423
-5.41553
-5.41423
-5.4152
-5.41585
-5.41455
-5.41423
-5.41552
-5.41488
-5.41423
-5.41455
-5.41552
-5.41293
-5.41325
-5.41261
-5.41455
-5.41552
-5.4152
-5.4178
-5.4165
-5.41618
-5.41844
-5.41844
-5.41779
-5.41876
-5.41779
-5.41617
-5.41553
-5.41455
-5.41423
-5.41326
-5.41293
-5.4152
-5.41585
-5.41649
-5.41617
-5.41617
-5.4152
-5.41519
-5.41584
-5.41552
-5.41617
-5.4165
-5.41682
-5.41488
-5.41552
-5.41326
-5.4152
-5.41487
-5.41455
-5.41261
-5.41164
-5.41228
-5.41131
-5.41423
-5.41552
-5.41649
-5.41746
-5.41616
-5.41616
-5.41778
-5.41778
-5.41811
-5.41649
-5.41681
-5.41357
-5.41292
-5.41357
-5.4126
-5.41389
-5.41357
-5.41292
-5.41195
-5.41357
-5.41389
-5.41454
-5.41584
-5.41649
-5.41585
-5.41423
-5.41617
-5.41747
-5.41585
-5.41682
-5.41552
-5.41487
-5.41487
-5.4152
-5.41423
-5.4139
-5.41196
-5.4139
-5.41358
-5.41584
-5.41617
-5.41552
-5.41779
-5.42006
-5.42006
-5.42071
-5.42006
-5.41779
-5.41682
-5.41682
-5.41455
-5.41617
-5.41617
-5.41779
-5.41552
-5.41779
-5.41617
-5.41617
-5.41616
-5.41519
-5.41422
-5.41454
-5.4126
-5.41228
-5.41065
-5.41066
-5.4126
-5.41098
-5.40968
-5.41325
-5.41357
-5.41422
-5.41358
-5.41228
-5.41325
-5.4126
-5.41325
-5.41227
-5.41292
-5.41162
-5.41454
-5.41616
-5.41681
-5.41583
-5.41486
-5.41584
-5.41745
-5.41842
-5.41875
-5.4194
-5.4194
-5.4194
-5.42199
-5.42167
-5.4194
-5.42167
-5.42037
-5.41973
-5.41713
-5.41713
-5.41616
-5.41649
-5.41811
-5.41616
-5.41486
-5.41518
-5.41356
-5.41259
-5.41226
-5.41388
-5.41226
-5.41292
-5.4126
-5.41163
-5.41293
-5.41455
-5.4152
-5.41876
-5.41779
-5.41584
-5.41519
-5.41713
-5.41648
-5.41518
-5.41486
-5.41325
-5.41357
-5.41455
-5.41649
-5.41649
-5.41455
-5.41584
-5.41519
-5.41584
-5.41843
-5.4181
-5.4181
-5.41616
-5.41972
-5.41908
-5.42102
-5.42232
-5.42199
-5.42264
-5.42328
-5.42005
-5.41907
-5.4194
-5.41875
-5.41875
-5.41811
-5.41876
-5.41876
-5.41843
-5.41907
-5.41972
-5.41939
-5.42004
-5.41874
-5.42068
-5.42263
-5.42101
-5.42004
-5.41972
-5.42004
-5.42069
-5.41972
-5.41972
-5.4194
-5.41616
-5.41745
-5.4181
-5.42036
-5.41939
-5.41648
-5.41713
-5.41713
-5.41616
-5.41454
-5.41389
-5.41292
-5.4126
-5.41357
-5.41357
-5.41551
-5.41324
-5.41421
-5.41324
-5.41356
-5.41324
-5.41453
-5.41453
-5.41648
-5.41648
-5.41713
-5.41842
-5.41971
-5.41874
-5.41939
-5.41939
-5.42036
-5.42198
-5.42263
-5.42263
-5.42328
-5.42231
-5.42231
-5.42231
-5.42036
-5.41874
-5.41777
-5.41745
-5.41712
-5.41842
-5.41777
-5.41745
-5.4181
-5.41778
-5.4194
-5.41972
-5.42133
-5.42133
-5.41972
-5.41907
-5.41778
-5.41811
-5.41584
-5.41616
-5.41842
-5.41939
-5.41907
-5.42004
-5.42069
-5.41939
-5.42004
-5.42102
-5.42328
-5.41972
-5.41972
-5.42263
-5.42134
-5.42101
-5.41777
-5.41907
-5.4168
-5.4168
-5.41712
-5.41679
-5.41679
-5.41874
-5.41453
-5.41615
-5.41551
-5.41616
-5.41681
-5.41422
-5.41519
-5.41454
-5.41519
-5.4181
-5.41842
-5.41648
-5.41745
-5.41713
-5.4181
-5.41777
-5.4181
-5.41939
-5.42004
-5.41939
-5.41777
-5.41907
-5.42133
-5.42166
-5.41972
-5.4194
-5.42069
-5.42134
-5.42037
-5.41907
-5.41842
-5.41971
-5.421
-5.42003
-5.41906
-5.41809
-5.41939
-5.4194
-5.4194
-5.4194
-5.41875
-5.41907
-5.51473
-5.51635
-5.51796
-5.52217
-5.52508
-5.52605
-5.52831
-5.52831
-5.5296
-5.53025
-5.52604
-5.52765
-5.52506
-5.52214
-5.52247
-5.52085
-5.5202
-5.51826
-5.51632
-5.51309
-5.51309
-5.51341
-5.51147
-5.51115
-5.51083
-5.51309
-5.51276
-5.51309
-5.51341
-5.51147
-5.50985
-5.51017
-5.51211
-5.50855
-5.50888
-5.51179
-5.51276
-5.51179
-5.51146
-5.51373
-5.51244
-5.51147
-5.51212
-5.51115
-5.51147
-5.51244
-5.51244
-5.51114
-5.50823
-5.51082
-5.51244
-5.5105
-5.51115
-5.51374
-5.51439
-5.5131
-5.51245
-5.5131
-5.51536
-5.51342
-5.51439
-5.51212
-5.51179
-5.51179
-5.51212
-5.51212
-5.51148
-5.5118
-5.5131
-5.51181
-5.5118
-5.51213
-5.51245
-5.5118
-5.51083
-5.51115
-5.50953
-5.5105
-5.5105
-5.50889
-5.51116
-5.51472
-5.51472
-5.51666
-5.51731
-5.51633
-5.51698
-5.51859
-5.5173
-5.51406
-5.51407
-5.51472
-5.51537
-5.51537
-5.51374
-5.5118
-5.51148
-5.51115
-5.51179
-5.51082
-5.50985
-5.50823
-5.50952
-5.51017
-5.51179
-5.51179
-5.51341
-5.51147
-5.50952
-5.50887
-5.51114
-5.51114
-5.51374
-5.51374
-5.51471
-5.51504
-5.51374
-5.51374
-5.51536
-5.51406
-5.51374
-5.51212
-5.51147
-5.51245
-5.51277
-5.51407
-5.51439
-5.51245
-5.51374
-5.51406
-5.51341
-5.51373
-5.51341
-5.51179
-5.51277
-5.51342
-5.51537
-5.51407
-5.51504
-5.51471
-5.51601
-5.51697
-5.51697
-5.51633
-5.516
-5.51698
-5.51828
-5.5186
-5.51568
-5.5186
-5.51795
-5.51471
-5.51471
-5.51342
-5.5118
-5.51051
-5.50727
-5.50695
-5.50727
-5.50921
-5.50986
-5.51115
-5.51115
-5.51083
-5.51115
-5.51051
-5.5118
-5.51116
-5.51343
-5.5131
-5.51343
-5.51731
-5.51828
-5.51861
-5.51925
-5.51634
-5.51731
-5.51537
-5.5131
-5.51343
-5.51407
-5.51375
-5.51343
-5.51245
-5.51375
-5.51537
-5.51602
-5.51472
-5.51407
-5.51602
-5.51666
-5.51537
-5.5144
-5.51343
-5.51375
-5.51343
-5.51407
-5.51213
-5.51051
-5.51181
-5.51246
-5.51278
-5.51473
-5.51797
-5.51797
-5.51829
-5.52023
-5.51926
-5.51634
-5.51472
-5.51472
-5.51569
-5.5157
-5.5144
-5.51376
-5.51279
-5.51279
-5.51149
-5.51278
-5.51052
-5.51149
-5.51375
-5.51375
-5.5144
-5.51311
-5.51343
-5.51278
-5.51246
-5.50922
-5.5089
-5.50793
-5.50922
-5.51019
-5.51019
-5.50987
-5.51084
-5.51182
-5.51311
-5.51473
-5.51344
-5.51214
-5.51312
-5.51247
-5.51409
-5.51409
-5.51312
-5.5115
-5.51053
-5.51247
-5.51571
-5.51603
-5.51571
-5.51117
-5.51052
-5.51182
-5.51344
-5.51312
-5.51117
-5.51085
-5.50955
-5.51084
-5.51116
-5.51149
-5.51376
-5.51279
-5.51344
-5.51376
-5.51182
-5.51409
-5.51603
-5.51635
-5.51538
-5.51473
-5.51117
-5.51214
-5.51344
-5.51732
-5.517
-5.51635
-5.51506
-5.51603
-5.51409
-5.51247
-5.5115
-5.51344
-5.51344
-5.51473
-5.51409
-5.51474
-5.51506
-5.51571
-5.51572
-5.51572
-5.5141
-5.51474
-5.51539
-5.51539
-5.51668
-5.51603
-5.51571
-5.51312
-5.51377
-5.51118
-5.5115
-5.51312
-5.51182
-5.51312
-5.51409
-5.51377
-5.51442
-5.51701
-5.51701
-5.51734
-5.51572
-5.5154
-5.51216
-5.51248
-5.51216
-5.51053
-5.50989
-5.51053
-5.50892
-5.51053
-5.50989
-5.51086
-5.51118
-5.51312
-5.51215
-5.51247
-5.51247
-5.51085
-5.50956
-5.50923
-5.50956
-5.51053
-5.5102
-5.50891
-5.50988
-5.50956
-5.5115
-5.51312
-5.51376
-5.51409
-5.51215
-5.51247
-5.5115
-5.51215
-5.51377
-5.51441
-5.51345
-5.51215
-5.51215
-5.51085
-5.51117
-5.51214
-5.51019
-5.51019
-5.51181
-5.51117
-5.50955
-5.5115
-5.51473
-5.51214
-5.51376
-5.51441
-5.51117
-5.51149
-5.51247
-5.51085
-5.51311
-5.51408
-5.51279
-5.51117
-5.51149
-5.50858
-5.50825
-5.50923
-5.50988
-5.5102
-5.51247
-5.5115
-5.51182
-5.51247
-5.51376
-5.51538
-5.51539
-5.51506
-5.51409
-5.51345
-5.51377
-5.5128
-5.51442
-5.5141
-5.51507
-5.51377
-5.51345
-5.51312
-5.51215
-5.50923
-5.5115
-5.51085
-5.51085
-5.51086
-5.50891
-5.50924
-5.51086
-5.51345
-5.51215
-5.51118
-5.51118
-5.51183
-5.51183
-5.51442
-5.51539
-5.51474
-5.51571
-5.51474
-5.51247
-5.51344
-5.5128
-5.51183
-5.51021
-5.51086
-5.51021
-5.50924
-5.5086
-5.51086
-5.51086
-5.51086
-5.51151
-5.51151
-5.51119
-5.51119
-5.51054
-5.51248
-5.51475
-5.51345
-5.5128
-5.51183
-5.51345
-5.51216
-5.51119
-5.51216
-5.51345
-5.51507
-5.51507
-5.51475
-5.51345
-5.51313
-5.51442
-5.5128
-5.51248
-5.51248
-5.51184
-5.51119
-5.50957
-5.5073
-5.50859
-5.51021
-5.51215
-5.5128
-5.5128
-5.51183
-5.51313
-5.51184
-5.51119
-5.51151
-5.51248
-5.51152
-5.51119
-5.51184
-5.51249
-5.51152
-5.51249
-5.51281
-5.5128
-5.51313
-5.51312
-5.51474
-5.51474
-5.51539
-5.51443
-5.51184
-5.51346
-5.51379
-5.51476
-5.5167
-5.51767
-5.51507
-5.51377
-5.51345
-5.5128
-5.51345
-5.51118
-5.51312
-5.51539
-5.51733
-5.51474
-5.51377
-5.51345
-5.51539
-5.51377
-5.51409
-5.5128
-5.5128
-5.51345
-5.51345
-5.51346
-5.51248
-5.51216
-5.51345
-5.51248
-5.5128
-5.5141
-5.51539
-5.51572
-5.51377
-5.51442
-5.51442
-5.51312
-5.5128
-5.51377
-5.51182
-5.51118
-5.51344
-5.51377
-5.51344
-5.51279
-5.51279
-5.51214
-5.5102
-5.50826
-5.50859
-5.50632
-5.50729
-5.50697
-5.50795
-5.50859
-5.50795
-5.50568
-5.50697
-5.51021
-5.50923
-5.51182
-5.51279
-5.51182
-5.51247
-5.51215
-5.5128
-5.5115
-5.51118
-5.51086
-5.51086
-5.51053
-5.50988
-5.50827
-5.51086
-5.51086
-5.51021
-5.50956
-5.50859
-5.51151
-5.51313
-5.51507
-5.51151
-5.51183
-5.51183
-5.51248
-5.51345
-5.51474
-5.51539
-5.51571
-5.51636
-5.51863
-5.51701
-5.51636
-5.51766
-5.51571
-5.51701
-5.51766
-5.51798
-5.51798
-5.51863
-5.51604
-5.51636
-5.51603
-5.51603
-5.51571
-5.51409
-5.51506
-5.51506
-5.51539
-5.51474
-5.51344
-5.51344
-5.51409
-5.51441
-5.51441
-5.51571
-5.5128
-5.5128
-5.51474
-5.51474
-5.51603
-5.51506
-5.51441
-5.51312
-5.51376
-5.51311
-5.51182
-5.51117
-5.51247
-5.51053
-5.51085
-5.51053
-5.5115
-5.51312
-5.51473
-5.51538
-5.51344
-5.51214
-5.51376
-5.51408
-5.51344
-5.51376
-5.51312
-5.5128
-5.51215
-5.51248
-5.5128
-5.51377
-5.51183
-5.51183
-5.51344
-5.51344
-5.51409
-5.5115
-5.51182
-5.51118
-5.51377
-5.51312
-5.51215
-5.51312
-5.51409
-5.51377
-5.51377
-5.51279
-5.51474
-5.51571
-5.51571
-5.51539
-5.51474
-5.51669
-5.51766
-5.51669
-5.51572
-5.51442
-5.51538
-5.51441
-5.51409
-5.51376
-5.51118
-5.51183
-5.51247
-5.51344
-5.51183
-5.51151
-5.51183
-5.51312
-5.51085
-5.51182
-5.51182
-5.51215
-5.5157
-5.5157
-5.51635
-5.51765
-5.51765
-5.51797
-5.51798
-5.51733
-5.51409
-5.51539
-5.51603
-5.51214
-5.5115
-5.51214
-5.51408
-5.51408
-5.51505
-5.51505
-5.51472
-5.51505
-5.51375
-5.51278
-5.51343
-5.51278
-5.51311
-5.51214
-5.51376
-5.51408
-5.51409
-5.51344
-5.51311
-5.51149
-5.51117
-5.50987
-5.5102
-5.51084
-5.51149
-5.51278
-5.51084
-5.51052
-5.51247
-5.51506
-5.51409
-5.51344
-5.51182
-5.5115
-5.51085
-5.51021
-5.50988
-5.51182
-5.50955
-5.50923
-5.50729
-5.50762
-5.50729
-5.50729
-5.506
-5.50665
-5.50762
-5.50891
-5.50859
-5.51085
-5.51215
-5.51377
-5.51182
-5.51409
-5.51474
-5.51312
-5.51442
-5.51571
-5.51668
-5.51701
-5.51765
-5.51636
-5.517
-5.5183
-5.51635
-5.51603
-5.51538
-5.51409
-5.51052
-5.5115
-5.51214
-5.5102
-5.51117
-5.51182
-5.5115
-5.50826
-5.50696
-5.50632
-5.5102
-5.50858
-5.50891
-5.50761
-5.50891
-5.50858
-5.50923
-5.5115
-5.51053
-5.5115
-5.51182
-5.51247
-5.51312
-5.51312
-5.51376
-5.51538
-5.51377
-5.51506
-5.51377
-5.51441
-5.51279
-5.51052
-5.51441
-5.51182
-5.51117
-5.51117
-5.50987
-5.5102
-5.51085
-5.51085
-5.50988
-5.5115
-5.51247
-5.51215
-5.51442
-5.51474
-5.51474
-5.51182
-5.51344
-5.51214
-5.51278
-5.51408
-5.51246
-5.51246
-5.51311
-5.51311
-5.51279
-5.51247
-5.51215
-5.51247
-5.51215
-5.51182
-5.51312
-5.51376
-5.51311
-5.51376
-5.51279
-5.51247
-5.51571
-5.51344
-5.51215
-5.51247
-5.51182
-5.50923
-5.50858
-5.50826
-5.50891
-5.50923
-5.50794
-5.50923
-5.50858
-5.50859
-5.50891
-5.50891
-5.51085
-5.51215
-5.50923
-5.50794
-5.50891
-5.50858
-5.50988
-5.5115
-5.51247
-5.51183
-5.51021
-5.50956
-5.50794
-5.50535
-5.50599
-5.50955
-5.50826
-5.50794
-5.50535
-5.50761
-5.50859
-5.50859
-5.51118
-5.51377
-5.51507
-5.51572
-5.51572
-5.51572
-5.51507
-5.51443
-5.51507
-5.51281
-5.51151
-5.51345
-5.51475
-5.51474
-5.51572
-5.51669
-5.51474
-5.51507
-5.51572
-5.51604
-5.51442
-5.51247
-5.51377
-5.51279
-5.5115
-5.51085
-5.51021
-5.51215
-5.51312
-5.51247
-5.5115
-5.5128
-5.50956
-5.50858
-5.51053
-5.50891
-5.50988
-5.50923
-5.50729
-5.50826
-5.50826
-5.50891
-5.51053
-5.51021
-5.50891
-5.50891
-5.51085
-5.51053
-5.5115
-5.51377
-5.5128
-5.51183
-5.51312
-5.51506
-5.51474
-5.51442
-5.51409
-5.51312
-5.51377
-5.51539
-5.51409
-5.51377
-5.51506
-5.51312
-5.51247
-5.51247
-5.51377
-5.51409
-5.51182
-5.51376
-5.51344
-5.51376
-5.51343
-5.51279
-5.51214
-5.51214
-5.51214
-5.51149
-5.51214
-5.51441
-5.51538
-5.51441
-5.51344
-5.51214
-5.51441
-5.51246
-5.5144
-5.51375
-5.5144
-5.51407
-5.51505
-5.5144
-5.51408
-5.51635
-5.51603
-5.51409
-5.51214
-5.51344
-5.51182
-5.51441
-5.51376
-5.5144
-5.51505
-5.51311
-5.51214
-5.51246
-5.51408
-5.51343
-5.5144
-5.51505
-5.51181
-5.51116
-5.51181
-5.51052
-5.50955
-5.51214
-5.5115
-5.51182
-5.51052
-5.51084
-5.51311
-5.51246
-5.51408
-5.51505
-5.51603
-5.51668
-5.51571
-5.517
-5.51668
-5.5157
-5.51506
-5.51505
-5.51441
-5.51635
-5.51602
-5.51408
-5.51343
-5.51376
-5.5144
-5.51408
-5.51667
