0.5  0.268173  0.000882045
0.515  0.279166  0.000822167
0.53  0.287788  0.000901016
0.545  0.291994  0.000887561
0.56  0.300097  0.000960045
0.575  0.305651  0.000921925
0.59  0.3093  0.00124725
0.605  0.314436  0.00109067
0.62  0.319836  0.000948443
0.635  0.324786  0.00104603
0.65  0.330156  0.00100794
0.665  0.333371  0.00123861
0.68  0.339914  0.000667887
0.695  0.342938  0.00101609
0.71  0.346496  0.00100752
0.725  0.348493  0.0013953
0.74  0.350203  0.00134628
0.755  0.352511  0.00111962
0.77  0.354564  0.00118151
0.785  0.355065  0.0010269
0.8  0.358075  0.000820402
0.815  0.359194  0.00135199
0.83  0.362561  0.00111829
0.845  0.36117  0.00118209
0.86  0.362684  0.00120072
0.875  0.366827  0.00128759
0.89  0.363784  0.00117174
0.905  0.364465  0.00114367
0.92  0.366793  0.00134983
0.935  0.367935  0.00110069
0.95  0.366543  0.00114571
0.965  0.367526  0.00105549
0.98  0.367593  0.00106201
0.995  0.368259  0.0012664
1.01  0.367487  0.00116862
1.025  0.366061  0.00107829
1.04  0.367055  0.0010598
1.055  0.36771  0.00118896
1.07  0.368638  0.00127025
1.085  0.366714  0.001149
1.1  0.368807  0.00112397
1.115  0.366084  0.00107973
1.13  0.364699  0.0011886
1.145  0.365823  0.00137497
1.16  0.365689  0.00108273
1.175  0.363762  0.00137395
1.19  0.360735  0.0015992
1.205  0.363679  0.00135771
1.22  0.360546  0.00121156
1.235  0.3602  0.00119192
1.25  0.360595  0.00130755
1.265  0.358427  0.00132953
1.28  0.356885  0.00114731
1.295  0.356437  0.00114511
1.31  0.354222  0.0011451
1.325  0.354057  0.000810958
1.34  0.353412  0.000967143
1.355  0.353497  0.00139672
1.37  0.352112  0.00103508
1.385  0.351735  0.00130799
1.4  0.349155  0.00114229
1.415  0.350085  0.00104783
1.43  0.346345  0.000883924
1.445  0.346029  0.000796006
1.46  0.345999  0.00107377
1.475  0.344343  0.00150445
1.49  0.344607  0.00106191
1.505  0.342179  0.00130853
1.52  0.341299  0.000983393
1.535  0.340363  0.0012703
1.55  0.338919  0.00110359
1.565  0.337049  0.00120715
1.58  0.336201  0.00124285
1.595  0.334305  0.000940292
1.61  0.334449  0.00126042
1.625  0.333146  0.00105112
1.64  0.331831  0.000897557
1.655  0.330103  0.00111973
1.67  0.328335  0.00117137
1.685  0.327094  0.000898327
1.7  0.327788  0.000859308
1.715  0.325981  0.00131356
1.73  0.32508  0.00112644
1.745  0.322112  0.000961013
1.76  0.320229  0.00113554
1.775  0.318862  0.00103142
1.79  0.319723  0.000963486
1.805  0.317788  0.0013191
1.82  0.318254  0.00089009
1.835  0.31561  0.000900414
1.85  0.317264  0.000846393
1.865  0.314002  0.00101332
1.88  0.31236  0.000794334
1.895  0.31129  0.000582059
1.91  0.309795  0.0011065
1.925  0.308915  0.000741386
1.94  0.308574  0.000823613
1.955  0.30759  0.000938152
1.97  0.305526  0.00105657
1.985  0.30533  0.000756093
