0.5  81.6013  1.04566
0.515152  72.9131  1.35782
0.530303  67.593  1.1335
0.545455  63.5872  0.858258
0.560606  56.7287  0.861149
0.575758  50.9556  0.928709
0.590909  47.8233  0.691887
0.606061  43.6524  0.843118
0.621212  38.8402  0.572019
0.636364  34.7615  0.50144
0.651515  33.2496  0.524519
0.666667  29.1268  0.482011
0.681818  26.3299  0.323255
0.69697  25.3285  0.480544
0.712121  23.3302  0.440158
0.727273  20.88  0.295979
0.742424  19.4824  0.236709
0.757576  18.543  0.279118
0.772727  16.9948  0.233197
0.787879  15.7652  0.238102
0.80303  14.8714  0.289206
0.818182  14.2131  0.143472
0.833333  12.8091  0.164952
0.848485  12.4618  0.211447
0.863636  11.5534  0.169509
0.878788  11.0831  0.126135
0.893939  10.4801  0.101486
0.909091  10.007  0.15019
0.924242  9.35499  0.112128
0.939394  8.86535  0.0920559
0.954545  8.56237  0.0972524
0.969697  8.02352  0.100573
0.984848  7.68679  0.0758101
1  7.33052  0.0658247
1.01515  7.30551  0.0909045
1.0303  6.78361  0.083066
1.04545  6.45243  0.0733357
1.06061  6.31229  0.0391313
1.07576  6.05971  0.0704038
1.09091  5.80392  0.0535057
1.10606  5.54459  0.0598184
1.12121  5.24685  0.0494915
1.13636  5.12425  0.0491175
1.15152  4.83348  0.041036
1.16667  4.69406  0.0316664
1.18182  4.59593  0.0312194
1.19697  4.41957  0.0300144
1.21212  4.18311  0.0345871
1.22727  4.17283  0.044319
1.24242  4.00209  0.0340906
1.25758  3.91317  0.0297367
1.27273  3.77121  0.0227196
1.28788  3.65833  0.0289291
1.30303  3.53271  0.0211404
1.31818  3.48335  0.0275162
1.33333  3.37181  0.0270815
1.34848  3.29173  0.0240446
1.36364  3.14966  0.0174034
1.37879  3.0853  0.0179204
1.39394  3.01883  0.0267324
1.40909  2.94456  0.0230319
1.42424  2.87104  0.0204407
1.43939  2.78415  0.0212981
1.45455  2.69103  0.0169463
1.4697  2.66037  0.0166922
1.48485  2.57785  0.0138999
1.5  2.51879  0.012158
1.51515  2.46276  0.0144391
1.5303  2.42913  0.0124408
1.54545  2.35013  0.00984106
1.56061  2.3133  0.0127828
1.57576  2.27286  0.0110415
1.59091  2.20459  0.0142473
1.60606  2.15403  0.0129639
1.62121  2.1313  0.00910359
1.63636  2.07468  0.0144281
1.65152  2.0168  0.00852053
1.66667  2.00158  0.0108549
1.68182  1.954  0.00823639
1.69697  1.89305  0.0123724
1.71212  1.8731  0.00892053
1.72727  1.85212  0.00827003
1.74242  1.81694  0.0106212
1.75758  1.77606  0.00949618
1.77273  1.75238  0.0104832
1.78788  1.70832  0.00753467
1.80303  1.67647  0.0129621
1.81818  1.66714  0.00867649
1.83333  1.64261  0.00857863
1.84848  1.61302  0.00793941
1.86364  1.57011  0.00664892
1.87879  1.54553  0.00837279
1.89394  1.51264  0.00940876
1.90909  1.49034  0.00650519
1.92424  1.47025  0.00693871
1.93939  1.44055  0.00808071
1.95455  1.42352  0.00701969
1.9697  1.39352  0.00852303
1.98485  1.38033  0.00688496
2  1.36266  0.00693798
