0.5  0.0268912  0.00140083
0.515152  0.03152  0.00132048
0.530303  0.0367918  0.00123104
0.545455  0.0386093  0.00150023
0.560606  0.0434808  0.00124612
0.575758  0.0482286  0.000965691
0.590909  0.0558712  0.000992743
0.606061  0.0572596  0.000949469
0.621212  0.0626788  0.00129545
0.636364  0.0640426  0.00119955
0.651515  0.0706611  0.000835444
0.666667  0.0740454  0.000790067
0.681818  0.0765641  0.00089364
0.69697  0.0823382  0.000894902
0.712121  0.0852355  0.00065072
0.727273  0.0892578  0.000651456
0.742424  0.0914755  0.000715823
0.757576  0.0939803  0.000607959
0.772727  0.0981573  0.000652639
0.787879  0.100482  0.000575758
0.80303  0.103525  0.000539305
0.818182  0.105574  0.000526158
0.833333  0.108275  0.000639036
0.848485  0.112006  0.000459536
0.863636  0.114206  0.000502071
0.878788  0.116721  0.000501409
0.893939  0.119657  0.0004985
0.909091  0.122826  0.000498238
0.924242  0.124358  0.000513929
0.939394  0.126948  0.000382278
0.954545  0.129676  0.000462545
0.969697  0.130706  0.000333395
0.984848  0.132693  0.000501391
1  0.135877  0.00052764
1.01515  0.136488  0.00049246
1.0303  0.139496  0.000579592
1.04545  0.140741  0.000514139
1.06061  0.14365  0.000630116
1.07576  0.144652  0.000446474
1.09091  0.147016  0.000438784
1.10606  0.147729  0.000538364
1.12121  0.149847  0.000378624
1.13636  0.152145  0.000564466
1.15152  0.152537  0.000538719
1.16667  0.153486  0.000570516
1.18182  0.155657  0.000533046
1.19697  0.15644  0.00044218
1.21212  0.158056  0.000374998
1.22727  0.159502  0.000513806
1.24242  0.160938  0.000543767
1.25758  0.162345  0.000608973
1.27273  0.163299  0.000520185
1.28788  0.162853  0.000530223
1.30303  0.165478  0.000613047
1.31818  0.166806  0.000681794
1.33333  0.16712  0.000474118
1.34848  0.168673  0.000539514
1.36364  0.169322  0.000579753
1.37879  0.169758  0.000692345
1.39394  0.171634  0.000518382
1.40909  0.171712  0.00065843
1.42424  0.173118  0.000533262
1.43939  0.172871  0.00044043
1.45455  0.174652  0.000628182
1.4697  0.1737  0.000583445
1.48485  0.175046  0.000579834
1.5  0.176902  0.000583123
1.51515  0.174756  0.000382299
1.5303  0.17727  0.000517829
1.54545  0.177064  0.00077561
1.56061  0.178201  0.000636876
1.57576  0.177117  0.000548441
1.59091  0.178986  0.000673737
1.60606  0.179711  0.000483749
1.62121  0.179273  0.000637588
1.63636  0.179174  0.000613718
1.65152  0.179504  0.000517395
1.66667  0.180724  0.000730429
1.68182  0.181093  0.000673402
1.69697  0.180492  0.000535608
1.71212  0.181214  0.000435312
1.72727  0.182117  0.000578211
1.74242  0.182068  0.000563686
1.75758  0.181792  0.000526334
1.77273  0.182635  0.000407312
1.78788  0.182731  0.00054295
1.80303  0.183815  0.0006771
1.81818  0.183502  0.00069056
1.83333  0.182942  0.000494722
1.84848  0.182742  0.000531001
1.86364  0.184239  0.000680386
1.87879  0.183784  0.000454153
1.89394  0.183777  0.00053877
1.90909  0.183558  0.000646953
1.92424  0.184045  0.000560064
1.93939  0.184041  0.000531756
1.95455  0.183543  0.000614586
1.9697  0.18415  0.000541295
1.98485  0.183606  0.000500003
2  0.183782  0.000563318
