0.5  -0.970943  0.0015624
0.515152  -0.968957  0.0015196
0.530303  -0.962498  0.00156054
0.545455  -0.959086  0.00151131
0.560606  -0.951135  0.0015776
0.575758  -0.946088  0.00128339
0.590909  -0.939721  0.00101397
0.606061  -0.929617  0.00181635
0.621212  -0.926102  0.00138355
0.636364  -0.92143  0.00126213
0.651515  -0.912426  0.00103641
0.666667  -0.907282  0.00107553
0.681818  -0.898298  0.00098012
0.69697  -0.896282  0.000995304
0.712121  -0.88622  0.000919207
0.727273  -0.881882  0.000687207
0.742424  -0.875756  0.000847106
0.757576  -0.866295  0.000742302
0.772727  -0.85951  0.000753237
0.787879  -0.85464  0.000822274
0.80303  -0.845694  0.00078182
0.818182  -0.84043  0.000589887
0.833333  -0.832654  0.000841866
0.848485  -0.82801  0.000665293
0.863636  -0.820782  0.000785703
0.878788  -0.814245  0.000699554
0.893939  -0.807748  0.000862191
0.909091  -0.799848  0.000731359
0.924242  -0.794349  0.000658934
0.939394  -0.78711  0.000746623
0.954545  -0.779933  0.000505243
0.969697  -0.773906  0.000666487
0.984848  -0.767842  0.000600433
1  -0.762822  0.000460154
1.01515  -0.754392  0.000597565
1.0303  -0.748246  0.000530151
1.04545  -0.742933  0.000543762
1.06061  -0.737752  0.000575427
1.07576  -0.730371  0.000729043
1.09091  -0.724636  0.00046481
1.10606  -0.717658  0.000545491
1.12121  -0.712994  0.000573112
1.13636  -0.70598  0.000605998
1.15152  -0.701187  0.000430797
1.16667  -0.694804  0.000414456
1.18182  -0.688518  0.000504832
1.19697  -0.683972  0.000345609
1.21212  -0.678904  0.000578423
1.22727  -0.672981  0.00050447
1.24242  -0.666253  0.00065898
1.25758  -0.661074  0.000582791
1.27273  -0.656442  0.00050184
1.28788  -0.650586  0.000536678
1.30303  -0.645632  0.000453926
1.31818  -0.641163  0.00043791
1.33333  -0.634646  0.000367367
1.34848  -0.630582  0.000440942
1.36364  -0.625156  0.000396597
1.37879  -0.619029  0.000516671
1.39394  -0.615664  0.000506774
1.40909  -0.610752  0.000399727
1.42424  -0.605762  0.000452474
1.43939  -0.60094  0.000483688
1.45455  -0.595826  0.00046358
1.4697  -0.592056  0.000434439
1.48485  -0.587229  0.000408736
1.5  -0.583296  0.000643082
1.51515  -0.577973  0.000396689
1.5303  -0.5736  0.000493955
1.54545  -0.570122  0.000429923
1.56061  -0.566322  0.000558498
1.57576  -0.560156  0.000467239
1.59091  -0.556699  0.000503393
1.60606  -0.552674  0.000344922
1.62121  -0.548568  0.000485447
1.63636  -0.54465  0.000347555
1.65152  -0.540589  0.00040824
1.66667  -0.537372  0.000382245
1.68182  -0.533112  0.000517563
1.69697  -0.529782  0.000382919
1.71212  -0.525784  0.000605385
1.72727  -0.522406  0.000432257
1.74242  -0.518545  0.000481436
1.75758  -0.514432  0.000391906
1.77273  -0.511704  0.000391538
1.78788  -0.506056  0.000341708
1.80303  -0.503912  0.000522267
1.81818  -0.500126  0.000377817
1.83333  -0.496876  0.000443625
1.84848  -0.493432  0.000357004
1.86364  -0.490259  0.000565786
1.87879  -0.487268  0.000391396
1.89394  -0.484305  0.00038052
1.90909  -0.481239  0.000434629
1.92424  -0.477436  0.000351671
1.93939  -0.473824  0.000352791
1.95455  -0.4716  0.000441376
1.9697  -0.468132  0.000364902
1.98485  -0.465272  0.000412419
2  -0.462276  0.000456024
