0.5  -0.973984  0.00102616
0.515152  -0.96981  0.00119554
0.530303  -0.96306  0.00097921
0.545455  -0.956771  0.0010834
0.560606  -0.950927  0.000999432
0.575758  -0.946495  0.00110813
0.590909  -0.941537  0.000961096
0.606061  -0.933573  0.00133049
0.621212  -0.927422  0.000947826
0.636364  -0.919562  0.00113084
0.651515  -0.912706  0.000975889
0.666667  -0.905664  0.000817944
0.681818  -0.900688  0.00109882
0.69697  -0.892327  0.000712251
0.712121  -0.88654  0.00082689
0.727273  -0.877759  0.000669335
0.742424  -0.874266  0.000713418
0.757576  -0.866383  0.000645717
0.772727  -0.860175  0.000595583
0.787879  -0.852803  0.000634379
0.80303  -0.846268  0.000818549
0.818182  -0.83965  0.000507136
0.833333  -0.832839  0.000545555
0.848485  -0.826676  0.000481057
0.863636  -0.820916  0.000499867
0.878788  -0.814329  0.000630519
0.893939  -0.807608  0.000522514
0.909091  -0.800153  0.000477294
0.924242  -0.794306  0.00059029
0.939394  -0.786664  0.000581479
0.954545  -0.780552  0.000563533
0.969697  -0.774516  0.00072892
0.984848  -0.767643  0.000505266
1  -0.762867  0.000381956
1.01515  -0.755618  0.000435988
1.0303  -0.748638  0.000494724
1.04545  -0.742617  0.000439634
1.06061  -0.735478  0.000683847
1.07576  -0.730748  0.00053024
1.09091  -0.72381  0.000309047
1.10606  -0.71871  0.000452288
1.12121  -0.711821  0.000508814
1.13636  -0.706505  0.000502361
1.15152  -0.70058  0.000437236
1.16667  -0.694438  0.000356257
1.18182  -0.689454  0.000679281
1.19697  -0.684132  0.000441902
1.21212  -0.678074  0.000528169
1.22727  -0.672275  0.000408268
1.24242  -0.666315  0.000491983
1.25758  -0.661154  0.000519669
1.27273  -0.655772  0.000483773
1.28788  -0.65037  0.000219455
1.30303  -0.644932  0.000350538
1.31818  -0.640679  0.00035977
1.33333  -0.63419  0.000421167
1.34848  -0.630046  0.000498368
1.36364  -0.625437  0.000423692
1.37879  -0.619864  0.000464948
1.39394  -0.615776  0.000441106
1.40909  -0.610329  0.000504165
1.42424  -0.60618  0.000394967
1.43939  -0.601006  0.000442887
1.45455  -0.596548  0.000481799
1.4697  -0.591787  0.000450561
1.48485  -0.587041  0.000361462
1.5  -0.582576  0.000400076
1.51515  -0.579216  0.000397737
1.5303  -0.573893  0.000445149
1.54545  -0.569082  0.000405848
1.56061  -0.565642  0.000381591
1.57576  -0.560564  0.000360062
1.59091  -0.557162  0.000498206
1.60606  -0.553414  0.000406054
1.62121  -0.548144  0.000527198
1.63636  -0.545088  0.000349565
1.65152  -0.541387  0.000370235
1.66667  -0.537196  0.000509474
1.68182  -0.533103  0.000499821
1.69697  -0.529728  0.000329392
1.71212  -0.526129  0.000333669
1.72727  -0.521548  0.000453477
1.74242  -0.518422  0.000396922
1.75758  -0.514036  0.000369531
1.77273  -0.510914  0.000455582
1.78788  -0.506783  0.000354448
1.80303  -0.504506  0.000463261
1.81818  -0.500529  0.000428905
1.83333  -0.49729  0.00036959
1.84848  -0.493535  0.000280703
1.86364  -0.489917  0.000377615
1.87879  -0.486572  0.000266236
1.89394  -0.484347  0.000352823
1.90909  -0.480688  0.00036062
1.92424  -0.478017  0.000367529
1.93939  -0.474476  0.000285268
1.95455  -0.471002  0.000404505
1.9697  -0.468046  0.000366035
1.98485  -0.465283  0.000414125
2  -0.462379  0.000415712
