5.11989042  0
5.01823901  0.0718784057
4.9957099  0.0513283387
4.98886108  0.0389504981
5.01711892  0.0401219966
5.00891385  0.034263708
5.01556916  0.0300082896
5.01940831  0.0265016986
5.010735  0.0249359795
5.0013752  0.0241351558
4.99756551  0.0222396944
4.9980403  0.0203914539
4.98903521  0.0207160484
4.9905944  0.0192949177
4.98552221  0.0186633684
4.98542534  0.0174971593
4.98328954  0.0165977557
4.98621058  0.0159306208
4.98814547  0.0152092164
4.99290974  0.0151766239
4.99047389  0.0146481004
4.99309407  0.0142146886
4.9915348  0.0136819135
4.99850845  0.0147826161
4.99926214  0.0142105118
4.99391091  0.0146368684
4.99521554  0.0141527855
4.9975448  0.0138376753
4.99541939  0.0135227561
4.99436433  0.0131130912
4.99696465  0.0129453413
4.99576308  0.0125964395
4.99340097  0.0124342302
4.99226019  0.012120735
4.99641653  0.0124667055
4.99320256  0.0125278475
4.995381  0.0123772093
4.99441036  0.0120894928
4.99405327  0.0117847784
4.99604877  0.0116578831
4.9954719  0.0113878084
4.9946324  0.0111475707
4.99458415  0.0108884293
4.99526986  0.0106625346
4.99789347  0.0107435229
4.99890481  0.0105574622
4.99744131  0.0104337791
4.99639076  0.0102691611
4.9959132  0.0100706848
4.99612373  0.00987147154
4.99562946  0.00969027964
4.99803774  0.00979861924
4.99587619  0.00984927048
4.99851822  0.0100149653
4.99974701  0.009907972
5.00099328  0.00980911156
4.9995653  0.00974040844
4.99917759  0.00958018324
4.99804999  0.00948393507
4.99658459  0.00943840413
4.99680045  0.00928614428
4.99661151  0.00913828964
4.9975919  0.00904567459
4.99823319  0.00892703932
4.99988288  0.00894082901
5.00052281  0.00882823316
5.00097894  0.00870824428
5.00192519  0.00863143896
5.00100845  0.0085548903
5.00107208  0.00843291419
5.00003769  0.00837734044
4.99844032  0.00841190018
4.9964943  0.00851879373
4.99634243  0.00840502842
4.9968414  0.00830775862
4.99714283  0.00820391267
4.9970281  0.00809817056
4.99693302  0.00799490598
4.99744055  0.00790979752
4.99659515  0.007855973
4.99715608  0.00777898585
4.99704585  0.00768490119
4.99582292  0.00768900119
4.9960435  0.00760062875
4.99726593  0.00760887808
4.99812152  0.00756835393
4.99716826  0.00754115532
4.99786622  0.00748769004
4.99773343  0.00740473621
4.99733097  0.00733338995
4.99687052  0.0072672446
4.99666687  0.00719110565
4.99612191  0.00713440115
4.99660621  0.00707492209
4.99667124  0.00700074807
4.99615359  0.00694693514
4.99606841  0.0068758395
4.99624367  0.00680791113
4.99741829  0.00683972693
4.99695199  0.00678720652
4.99680104  0.00672168466
4.99813117  0.00678611628
4.99812977  0.0067202318
4.99871759  0.0066812731
4.99848421  0.00662171683
4.99792491  0.00658282631
4.99859088  0.0065549058
4.9974142  0.00659898069
4.99649678  0.00660190371
4.99709642  0.00656906247
4.99704627  0.0065100732
4.99671231  0.00646050787
4.99679425  0.00640385485
4.9972625  0.0063647772
4.9966017  0.00634364173
4.99576665  0.00634367827
4.99609261  0.00629782808
4.99629005  0.00624755071
4.99640219  0.00619605662
4.99561706  0.00619396681
4.9963567  0.0061867805
4.99659638  0.00614071002
4.9964313  0.00609300393
4.99645176  0.00604390114
4.99670185  0.00600072192
4.99589946  0.00600650358
4.99665351  0.00600635423
4.99620558  0.00597610907
4.99568707  0.00595223362
4.99579247  0.00590738029
4.99593863  0.00586409353
4.99728753  0.00597279562
4.99763039  0.00593772018
4.9975694  0.00589372204
4.99715962  0.00586429322
4.99650809  0.00585725516
4.9962203  0.00582156739
4.99696575  0.00582691482
4.99691082  0.00578525351
4.99672366  0.00574695673
4.99652152  0.0057097521
4.99676986  0.00567494038
4.99688862  0.005636498
4.99707466  0.00560042524
4.99582113  0.00570036296
4.99522364  0.00569254713
4.99524759  0.00565387272
4.99524683  0.00561567092
4.99493074  0.0055868711
4.99470192  0.00555430903
4.99450545  0.0055209993
4.99469742  0.00548801364
4.9949492  0.00545791651
4.99478248  0.00542502119
4.99446363  0.00539938308
4.99460271  0.00536656271
4.99405578  0.00536017891
4.99347766  0.00535733927
4.99387657  0.0053384766
4.99404394  0.00530773393
4.99346807  0.00530591412
4.99347681  0.00527316875
4.99351196  0.00524093518
4.9938433  0.00521944146
4.99325006  0.00522141234
4.99349378  0.00519564263
4.99390736  0.0051809661
4.99476855  0.00522121094
4.99504678  0.00519772389
4.99483717  0.00517137398
4.99419777  0.00518050912
4.99446861  0.00515746497
4.99473998  0.00513478745
4.9946553  0.00510597548
4.99476985  0.00507808335
4.99450443  0.00505616237
4.99498253  0.00505014975
4.99526509  0.00502967661
4.99526282  0.00500157837
4.99549619  0.00497923328
4.99482828  0.00499631954
4.99466705  0.00497146781
4.99441267  0.00495080527
4.99420013  0.00492845881
4.99473518  0.00493077637
4.99433007  0.00492088043
4.99466858  0.00490619444
4.99507929  0.00489725865
4.99546496  0.00488650972
4.99582426  0.00487398321
4.99527063  0.00487980741
4.99513701  0.00485622066
4.99560429  0.00485348778
4.99507114  0.00485766449
4.99563047  0.0048648483
4.99558295  0.00484025967
4.99513196  0.00483665434
4.99536776  0.00481797109
4.99575808  0.0048095446
4.99529579  0.0048076626
4.99558439  0.00479239841
4.99589952  0.00477902299
4.99612498  0.00476079626
4.99615462  0.00473755127
4.99555568  0.00475215051
4.99536165  0.00473304126
4.99493225  0.00472961439
4.99536132  0.00472629814
4.99551006  0.00470602413
4.99597983  0.00470700336
4.99594903  0.00468479605
4.99540736  0.00469390827
4.99522102  0.00467556855
4.9946463  0.00468890908
4.9949666  0.00467802757
4.99468612  0.00466477072
4.99504922  0.00465738428
4.995388  0.00464832502
4.99530456  0.00462784862
4.99492397  0.00462243618
4.9948343  0.00460238989
4.99539981  0.00461627041
4.99571479  0.00460630334
4.99581325  0.0045867917
4.99592049  0.00456765935
4.99627142  0.00456090948
4.99604924  0.00454622595
4.99636667  0.00453735526
4.99607272  0.00452705369
4.99566515  0.0045256803
4.99599305  0.00451795157
4.99637764  0.00451481776
4.99688  0.00452330238
4.99685935  0.00450401913
4.99690626  0.00448509734
4.9966698  0.00447232158
4.99638698  0.0044623847
4.99641559  0.0044437269
4.99665504  0.00443158049
4.99671543  0.00441352712
4.99646993  0.00440203633
4.99640467  0.00438432988
4.99648367  0.00436699916
4.99659284  0.00435046581
4.99678661  0.00433702216
4.99642709  0.00433426761
4.99652775  0.00431788863
4.99714426  0.00434426733
4.99761674  0.00435243754
4.99767748  0.00433545174
4.99776735  0.00431911022
4.99804619  0.00431096277
4.99811408  0.00429445796
4.99845894  0.00429137469
4.99874249  0.00428390294
4.99900527  0.00427522148
4.99851387  0.00428673516
4.99835919  0.00427290971
4.99808031  0.00426550292
4.99808717  0.00424910266
4.9982125  0.00423467041
4.9984171  0.00422344722
4.99892009  0.00423723445
4.99911617  0.00422571899
4.99934106  0.00421575265
4.99891959  0.00422091896
4.99900275  0.00420592936
4.99931154  0.00420155563
4.99927299  0.00418611332
4.99939317  0.00417233391
4.99933782  0.0041573049
4.99920143  0.00414425752
4.99877691  0.00415076261
4.99842473  0.00415052816
4.99833897  0.00413632122
4.99791981  0.0041425183
4.99822929  0.00413910783
4.99818238  0.00412448474
4.99824661  0.00411020158
4.99860994  0.00411154986
4.99906199  0.00412169413
4.99922013  0.00411011076
4.99937774  0.00409860833
4.9995176  0.00408656191
4.99957895  0.00407268367
4.99984878  0.0040673725
4.99991072  0.004053672
4.99992334  0.0040396164
5.00009222  0.00402916701
5.00003642  0.00401565971
5.00031749  0.00401168506
5.00001932  0.004009012
5.00000084  0.00399537195
4.9999399  0.00398224698
4.99970857  0.00397546114
4.99998583  0.00397168693
4.99978074  0.00396360612
4.99970427  0.00395104293
4.99970441  0.00393782874
4.99999098  0.00393511684
4.99995113  0.00392224519
5.00010998  0.00391247305
5.00014238  0.00389969473
5.00026059  0.00388865812
5.00038174  0.00387779519
5.00045639  0.00386584106
5.00045765  0.00385324895
5.00075645  0.00385230575
5.00056654  0.00384451684
5.00041022  0.00383529169
5.00066253  0.00383124947
5.00084093  0.00382312125
5.00105428  0.00381685514
5.00061941  0.00382939238
5.00072504  0.00381869193
5.0005477  0.00381072298
5.00039266  0.00380185419
5.00068251  0.00380093169
5.0008548  0.00379291926
5.00097711  0.00378303779
5.00097696  0.00377125263
5.00077206  0.00376510271
5.00055682  0.00375959333
5.00096737  0.00377033891
5.00101919  0.00375909406
5.00082856  0.00375239358
5.00071339  0.00374268566
5.00084528  0.00373359852
5.00096536  0.00372418064
5.00104751  0.00371380116
5.00115962  0.00370427308
5.00109132  0.00369374527
5.00070955  0.00370232934
5.00050676  0.00369679432
5.00047847  0.00368586739
5.00029402  0.00367950969
5.00019144  0.00367002079
5.00017229  0.0036592127
4.99987654  0.00366035097
4.99998341  0.00365114487
5.00018258  0.0036458662
5.00033307  0.00363831047
5.00025488  0.00362854318
5.00029582  0.00361822594
5.00053468  0.00361561404
5.00079116  0.00361424974
5.00085441  0.00360438756
5.00076805  0.00359506465
5.00103583  0.00359472272
5.00100225  0.00358460896
5.00123369  0.00358185995
5.00094242  0.00358350718
5.00090381  0.00357356357
5.00076718  0.00356607974
5.00086337  0.00355733151
5.00089021  0.00354744022
5.00092932  0.00353771906
5.00110707  0.00353229968
5.00114698  0.00352268593
5.00139988  0.00352196649
5.00122943  0.00351633255
5.00115864  0.00350733136
5.00103548  0.00349983088
5.00093405  0.00349168561
5.00100607  0.0034828621
5.00112272  0.00347529888
5.0009823  0.00346866479
5.00096181  0.00345929962
5.00077614  0.00345490399
5.00055941  0.00345235723
5.00022551  0.0034591611
5.00018867  0.00345005845
4.99995446  0.00344874965
4.99999608  0.00343977959
5.00009488  0.00343202537
5.00002902  0.0034235296
5.00006931  0.00341468573
4.99995531  0.00340755449
4.99954052  0.00342371584
4.99964128  0.00341618835
4.99962575  0.00340725727
4.99981122  0.00340338157
4.99987858  0.00339516211
4.99989176  0.00338634611
4.99993775  0.00337786272
5.00041931  0.00340326506
5.00050323  0.00339550562
5.00077545  0.00339764849
5.00061949  0.00339249164
5.00065668  0.00338399679
5.00047354  0.00338029433
5.00059178  0.00337373864
5.00044653  0.00336827958
5.00007818  0.0033798114
5.0002099  0.00337382059
5.00042901  0.00337240836
5.00039255  0.00336411071
5.00028404  0.00335740762
5.00031139  0.00334910445
5.00042931  0.00334280711
5.00067763  0.00334368157
5.00095282  0.0033466688
5.00064615  0.00335238591
5.0005674  0.0033450127
5.00053036  0.00333695853
5.00021942  0.00334319468
5.00023315  0.00333500865
5.00007136  0.00333075705
5.0001584  0.0033237505
5.00050494  0.00333366114
5.0005523  0.00332588632
5.00071829  0.00332195335
5.00048383  0.00332217359
5.00066751  0.00331922306
5.00068288  0.00331126054
5.00070585  0.00330338041
5.00088172  0.00330013679
5.00085605  0.00329234153
5.00088513  0.00328461236
5.00092416  0.0032770237
5.00083412  0.00327047661
5.00076414  0.00326347532
5.00072373  0.00325601038
5.00092759  0.00325470702
5.00085376  0.00324788636
5.00098834  0.00324304947
5.00074866  0.0032442995
5.00084378  0.00323811368
5.00085094  0.00323057354
5.00068001  0.00322757958
5.00068883  0.00322010303
5.00073306  0.00321295286
5.00083965  0.0032073002
5.00082975  0.00319992538
5.00100124  0.00319716115
5.00067575  0.00320635397
5.00075561  0.0032000113
5.0007989  0.00319299809
5.00066399  0.00318857329
5.00112895  0.00321504727
5.00091929  0.00321458572
5.00079989  0.00320952964
5.00106285  0.00321303872
5.00106332  0.00320580218
5.0012095  0.00320192903
5.00125639  0.00319509326
5.00126014  0.00318794759
5.00122766  0.00318099704
5.00127372  0.00317424578
5.00140805  0.00317003325
5.00161208  0.0031695636
5.00188789  0.00317452866
5.00178865  0.00316907179
5.0017965  0.00316210119
5.00170744  0.00315640544
5.00162417  0.00315058182
5.00163936  0.00314372442
5.00170043  0.00313745338
5.00178595  0.00313178331
5.0017383  0.00312533754
5.00197241  0.00312731399
5.00188838  0.00312167354
5.00209042  0.0031214627
5.00212505  0.0031149274
5.00226761  0.00311148919
5.00221418  0.00310527079
5.00222158  0.00309863019
5.00218267  0.00309225346
5.00217491  0.00308566991
5.00212361  0.00307953113
5.00241739  0.00308697411
5.00254157  0.00308293064
5.00274872  0.00308336492
5.00271998  0.00307699392
5.00277617  0.00307102916
5.00271468  0.00306519311
5.002944  0.00306733357
5.00310409  0.00306509123
5.00310159  0.00305869331
5.00305179  0.00305272644
5.00304922  0.0030463809
5.00298748  0.00304068606
5.00312081  0.00303731246
5.00312186  0.0030310372
5.00315407  0.00302495873
5.00316386  0.0030187504
5.00314249  0.00301262738
5.00302299  0.00300882327
5.00312407  0.00300436771
5.00316869  0.00299856769
5.00309658  0.00299332763
5.00314032  0.00298756326
5.00306224  0.0029825235
5.00294281  0.00297887636
5.00280777  0.00297591742
5.00258366  0.00297834424
5.00269578  0.00297446125
5.00252626  0.00297331549
5.00242558  0.00296906087
5.00229928  0.00296580808
