1.52485713  0
1.51195194  0.00912534314
1.50629231  0.0076396341
1.50297721  0.00640875768
1.4952318  0.00861854271
1.49614192  0.00723001356
1.49892172  0.00671029849
1.50070839  0.00610473539
1.49932022  0.00558202975
1.50238357  0.00580383737
1.50525977  0.00594634019
1.50430589  0.00552679132
1.50205863  0.00553972542
1.5014322  0.00517932747
1.5022546  0.0048988966
1.49913367  0.00549767958
1.49941959  0.00518171625
1.5008684  0.00509235981
1.49878483  0.00523326241
1.49878948  0.00497160136
1.50086567  0.00515016273
1.50098546  0.00491745737
1.50113813  0.00470602427
1.49945154  0.00480266782
1.50119585  0.00491712986
1.50102608  0.00473093913
1.50007914  0.00464952276
1.49919502  0.00456675337
1.49817241  0.00452232409
1.49823522  0.00437201602
1.49824145  0.00423098769
1.49854539  0.00410967196
1.49810274  0.00400890431
1.49838118  0.00390065274
1.49872157  0.00380402811
1.49991341  0.0038805817
1.50052266  0.0038232276
1.49857921  0.00418753822
1.49844919  0.00408218347
1.49770501  0.00404739265
1.49720999  0.0039788327
1.49753453  0.00389731239
1.49758233  0.00380697031
1.49920976  0.0040534017
1.49914534  0.00396383797
1.49933146  0.00388203481
1.49931683  0.0037994659
1.49920484  0.0037219606
1.49900562  0.00365132975
1.49943783  0.0036037925
1.50038322  0.00365503173
1.50090848  0.00362228761
1.50106894  0.00355749493
1.50066648  0.00351430744
1.50119287  0.003489612
1.50159825  0.00345076247
1.50222613  0.00344687278
1.50321137  0.00352544091
1.50290742  0.00347876543
1.50327555  0.00344020891
1.50329474  0.00338386556
1.50287079  0.00335573931
1.50332674  0.00333330456
1.50296121  0.00330120252
1.5020363  0.00337749969
1.5025053  0.00335873152
1.50291313  0.00333326881
1.50297318  0.00328479107
1.50339584  0.00326426451
1.50285961  0.00326137972
1.50331174  0.00324663301
1.50233805  0.00334436326
1.50184565  0.00333460215
1.50196204  0.00329157064
1.50226527  0.00326162045
1.50252402  0.00322895206
1.50266152  0.00318994374
1.50201856  0.00321319038
1.50128116  0.00325603264
1.50082965  0.003246486
1.5002087  0.00326524956
1.50023985  0.003225578
1.50004246  0.00319274974
1.50010101  0.00315527776
1.49943191  0.00318831137
1.49978965  0.00317124345
1.50004747  0.00314525527
1.5002437  0.00311562936
1.50058588  0.00309935562
1.5009773  0.00308953549
1.50094259  0.00305577954
1.50033479  0.00308241744
1.50036043  0.00304937977
1.49994783  0.00304472552
1.50001721  0.00301346628
1.5001664  0.00298576652
1.50044077  0.00296756511
1.50068413  0.0029472453
1.50056613  0.00291983641
1.50067876  0.00289280954
1.50115229  0.00290266566
1.50102621  0.00287694507
1.50096703  0.00284962217
1.50087622  0.00282366834
1.50084837  0.00279691362
1.5005947  0.0027820074
1.50067133  0.00275706263
1.50066756  0.00273153685
1.50116472  0.00275134826
1.50088957  0.00274005988
1.50060615  0.00272999312
1.50086783  0.0027181308
1.50072536  0.00269780768
1.50077906  0.0026746771
1.50088801  0.00265363682
1.50058727  0.00264774644
1.50084374  0.00263750787
1.50102217  0.00262118474
1.5007953  0.00260895749
1.50072371  0.00258819838
1.50114123  0.00260026639
1.501041  0.00258088342
1.50111473  0.00256095334
1.50112405  0.00254031745
1.50111884  0.00252000024
1.50107139  0.00250044684
1.50081138  0.00249424024
1.50132171  0.00252642083
1.50114701  0.00251286918
1.50106658  0.00249482618
1.5007558  0.00249506376
1.50076661  0.00247618519
1.50069516  0.00245859796
1.50081048  0.00244295346
1.50086467  0.00242545836
1.50029705  0.00247315109
1.50016335  0.00245871028
1.50025609  0.002442642
1.50061317  0.00245103063
1.50081935  0.00244217962
1.50088841  0.00242583537
1.50072292  0.00241438994
1.50075575  0.00239772924
1.50088272  0.00238443792
1.50093055  0.00236847313
1.50153021  0.00242697702
1.50165718  0.00241378593
1.50137569  0.00241383393
1.50106871  0.00241707499
1.50084321  0.00241145763
1.50056809  0.00241112998
1.50063174  0.00239610707
1.50082172  0.00238796608
1.50055406  0.0023874132
1.50040918  0.00237640245
1.5006667  0.00237508151
1.50054335  0.00236315453
1.5007935  0.00236140033
1.50104793  0.00236021508
1.5011871  0.00234956359
1.50115787  0.00233515182
1.50116315  0.00232074326
1.50138587  0.00231716775
1.50131918  0.00230399817
1.5012052  0.00229285193
1.5011133  0.00228088059
1.50110183  0.00226725149
1.50077138  0.00227770938
1.50082835  0.00226494415
1.50061812  0.00226135679
1.5006135  0.0022481372
1.50062277  0.00223508573
1.50060697  0.00222222195
1.50014931  0.00225608571
1.50010896  0.00224355459
1.50010012  0.00223082454
1.500113  0.00221825815
1.50021546  0.00220816115
1.49984547  0.00222660581
1.49993664  0.00221610141
1.49972769  0.00221368613
1.49969839  0.002201717
1.49977612  0.00219105761
1.4997838  0.00217916315
1.4997364  0.00216789939
1.49985376  0.00215941826
1.49980393  0.0021484453
1.49940917  0.00217298232
1.49927719  0.00216548957
1.49932537  0.00215462828
1.49920197  0.00214687858
1.49924327  0.00213609422
1.49926756  0.00212516447
1.49924285  0.00211435366
1.49887824  0.00213471669
1.49910475  0.0021358088
1.49931541  0.00213533019
1.49923585  0.00212602717
1.49886494  0.00214745545
1.4988567  0.00213673396
1.49881997  0.0021264192
1.49875899  0.00211676645
1.49860398  0.00211200691
1.49847243  0.00210574693
1.49844225  0.00209569123
1.49833239  0.00208839555
1.49857663  0.00209253924
1.49855107  0.00208263505
1.49880282  0.00208783147
1.4986661  0.00208236163
1.49899081  0.00209765633
1.49868667  0.00210969524
1.49874077  0.00210048412
1.49864765  0.00209273181
1.49848993  0.00208893319
1.49848734  0.0020792638
1.49845152  0.00206999047
1.49833521  0.00206376065
1.49846295  0.00205828709
1.49843232  0.00204915918
1.49834982  0.00204154686
1.49857813  0.00204507701
1.49870183  0.00203964374
1.49869146  0.00203056455
1.49874179  0.00202216344
1.498684  0.00201404124
1.49872012  0.00200549262
1.49872687  0.00199670794
1.49866665  0.00198889645
1.49874845  0.00198193029
1.49877463  0.00197352342
1.49888229  0.00196795115
1.49896901  0.00196141484
1.49889437  0.00195445217
1.49882589  0.00194733477
1.49870239  0.00194299555
1.49858798  0.00193816283
1.49834458  0.00194524263
1.49828227  0.00193810111
1.4982533  0.0019302423
1.49814933  0.00192503109
1.49816263  0.00191712235
1.49796797  0.00191909006
1.49800473  0.00191157708
1.49785615  0.00190954046
1.4977619  0.00190410244
1.49810523  0.0019270968
1.49818483  0.00192096946
1.49825373  0.00191449008
1.49820312  0.00190750096
1.49818558  0.00189998198
1.49812849  0.00189330001
1.49788219  0.00190176918
1.49803087  0.00190008471
1.49771739  0.00191831877
1.49785012  0.00191541202
1.4977573  0.00191020698
1.49790127  0.0019082211
1.49788322  0.00190093878
1.49786431  0.00189372162
1.49806348  0.00189691114
1.49808998  0.00188985608
1.49820957  0.00188645058
1.49821513  0.00187931312
1.49832418  0.00187538286
1.49843268  0.00187146845
1.49833278  0.00186712357
1.49826254  0.00186147767
1.49811889  0.00186009199
1.49818234  0.00185428469
1.49820163  0.0018475426
1.49808195  0.00184462237
1.4980363  0.00183843017
1.49820347  0.00183930506
1.49833437  0.00183726897
1.49827591  0.00183154203
1.49824611  0.00182517246
1.4982419  0.00181861193
1.49811775  0.00181632671
1.49809918  0.00180993476
1.49818174  0.00180537584
1.49832715  0.00180482012
1.49848872  0.00180565994
1.49855951  0.00180068929
1.49857205  0.00179441475
1.49859046  0.00178823503
1.49856227  0.00178222641
1.49838842  0.00178449795
1.49831002  0.00178004453
1.4981027  0.00178593878
1.49811659  0.0017798556
1.49806153  0.00177461169
1.49800827  0.00176935402
1.49804143  0.00176364652
1.49808962  0.00175832632
1.49794602  0.00175824069
1.49792683  0.00175242532
1.49783269  0.00174907148
1.49788667  0.00174405434
1.49788065  0.0017382512
1.49802722  0.00173864461
1.49792865  0.00173567974
1.49799826  0.00173134691
1.49798227  0.00172572554
1.49791386  0.00172142263
1.49783451  0.001717625
1.49776664  0.00171337047
1.49769593  0.00170926641
1.49777995  0.00170579881
1.49772781  0.00170109298
1.49770052  0.00169584205
1.49760075  0.00169333922
1.4975365  0.00168914753
1.49756048  0.00168393823
1.49764226  0.00168057728
1.49764491  0.00167526108
1.49774713  0.00167309221
1.49766484  0.00166985305
1.49767358  0.00166464127
1.49764614  0.00165966547
1.49759942  0.00165515257
1.49774523  0.00165642224
1.49769466  0.00165206585
1.49772463  0.00164723878
1.49785513  0.00164733124
1.49793355  0.0016441437
1.49796776  0.00163947167
1.49795326  0.0016345374
1.49808289  0.00163470117
1.49810902  0.00162995627
1.49817061  0.00162619545
1.49818727  0.00162138252
1.4982547  0.00161791528
1.49831315  0.00161412648
1.49829747  0.0016093843
1.49844092  0.0016109747
1.49839828  0.00160675843
1.49850885  0.00160580462
1.4985922  0.00160322956
1.49863092  0.00159898158
1.49859508  0.00159469405
1.49868894  0.00159279058
1.49870339  0.00158821242
1.49864204  0.00158477979
1.49875992  0.00158456412
1.49874256  0.0015800795
1.4987961  0.00157643253
1.49875543  0.00157242696
1.4988342  0.0015698933
1.49884687  0.00156545901
1.49898727  0.00156728222
1.4989583  0.00156309749
1.49881784  0.00156496772
1.49890928  0.00156321623
1.49884516  0.00156012726
1.49880724  0.00155620578
1.49873801  0.00155338541
1.49870269  0.00154944784
1.49868588  0.00154522311
1.49891507  0.00155783636
1.49893236  0.00155361696
1.49900157  0.00155086589
1.49897049  0.0015469049
1.49901804  0.0015433857
1.49903835  0.00153929088
1.49897116  0.00153655112
1.49902412  0.0015332769
1.49895212  0.00153079985
1.49892661  0.001526864
1.49881657  0.00152669736
1.4987362  0.00152469586
1.49876867  0.00152094284
1.49895831  0.00152864197
1.4988761  0.0015267638
1.49869615  0.00153325972
1.49868983  0.00152919493
1.49864326  0.00152584763
1.49855561  0.00152432666
1.4985117  0.0015209369
1.49847902  0.00151728548
1.49841733  0.00151455682
1.49838922  0.00151085284
1.49833741  0.00150779606
1.4984335  0.00150692799
1.49850469  0.00150469482
1.49847817  0.00150103047
1.4984434  0.00149755437
1.49835932  0.00149605309
1.49828906  0.00149385634
1.49856435  0.00151517977
1.49854788  0.00151139414
1.49840785  0.00151401144
1.4983947  0.00151021608
1.4983399  0.00150737716
1.49823336  0.00150732098
1.49815347  0.00150563048
1.49809924  0.00150281444
1.4980626  0.00149948498
1.49812149  0.00149688294
1.49821497  0.0014960565
1.49829598  0.00149451736
1.49841458  0.00149549801
1.4982534  0.00150044785
1.49831243  0.00149789491
1.49822866  0.00149653726
1.49828061  0.00149375246
1.49827412  0.00149009639
1.49819799  0.00148838769
1.49818487  0.00148480641
1.49818133  0.00148118917
1.49812391  0.00147869784
1.49811938  0.00147511571
1.49801202  0.00147544524
1.49805578  0.00147253005
1.49813947  0.0014713584
1.49812704  0.00146787402
1.49818907  0.00146566383
1.49808257  0.00146602116
1.49806757  0.00146259905
1.49814691  0.00146126683
1.49818644  0.00145833043
1.49812162  0.00145631434
1.49821607  0.00145593102
1.49823017  0.00145256553
1.49820961  0.00144929333
1.49823088  0.00144604737
1.49816017  0.00144438886
1.49806769  0.00144397178
1.49810568  0.00144110556
1.49807851  0.00143801024
1.49807791  0.00143467392
1.49815905  0.00143364607
1.49829648  0.0014369062
1.49841709  0.00143864872
1.49832115  0.00143853686
1.49824555  0.00143722266
1.49816356  0.00143627053
1.49820022  0.00143345905
1.49808192  0.00143506646
1.498218  0.00143824239
1.49829471  0.00143702523
1.49832924  0.00143418879
1.49817847  0.00143885389
1.49810969  0.0014372566
1.49825981  0.00144184548
1.49819272  0.00144017269
1.49817018  0.0014371271
1.49819062  0.00143406448
1.49819021  0.00143087063
1.49808712  0.00143139932
1.49803811  0.00142906434
1.49806016  0.00142607274
1.49806491  0.00142293259
1.49799166  0.00142168243
1.49798843  0.00141856153
1.49793236  0.00141655822
1.49797189  0.00141400978
1.49791998  0.00141187494
1.49799789  0.00141094728
1.49800726  0.00140791111
1.49798372  0.00140505385
1.49798169  0.00140201408
1.49790952  0.00140084243
1.49783999  0.00139954784
1.49790512  0.00139805299
1.49793792  0.00139543736
1.49796362  0.00139268595
1.49802002  0.00139085168
1.49800693  0.00138794764
1.49801047  0.00138499908
1.49810107  0.00138501816
1.49815659  0.0013831965
1.49808234  0.00138226387
1.49807105  0.0013793938
1.49801131  0.00137778284
1.49802623  0.00137496907
1.49803484  0.00137211352
1.49802738  0.00136926326
1.4981001  0.00136833433
1.49814213  0.0013661289
1.49804988  0.00136639957
1.49813798  0.00136640142
1.49809534  0.00136423751
1.4980374  0.00136264865
1.49800995  0.00136011556
1.49799015  0.00135746096
1.49804322  0.00135571034
1.49812326  0.00135529281
1.49817275  0.0013534247
1.49817643  0.00135066761
1.49822011  0.00134862279
1.49826594  0.00134666032
1.4983024  0.00134442207
1.49829465  0.00134172288
1.49830552  0.00133905637
1.49842263  0.00134146749
1.49837518  0.00133960725
1.49834944  0.00133716447
1.49831194  0.00133501042
1.49826544  0.00133314999
