0.5  -186.699  0.450716
0.515152  -173.129  0.265459
0.530303  -161.546  0.422738
0.545455  -151.077  0.257357
0.560606  -141.447  0.371923
0.575758  -132.233  0.270826
0.590909  -123.587  0.242427
0.606061  -115.953  0.229109
0.621212  -108.925  0.229656
0.636364  -102.595  0.241585
0.651515  -96.4519  0.22699
0.666667  -90.637  0.133197
0.681818  -85.4285  0.141373
0.69697  -80.4682  0.175042
0.712121  -75.9439  0.109786
0.727273  -71.6443  0.127408
0.742424  -67.7326  0.104435
0.757576  -64.1024  0.0971941
0.772727  -60.7431  0.10448
0.787879  -57.58  0.0699033
0.80303  -54.4781  0.0869687
0.818182  -51.652  0.0656616
0.833333  -49.0969  0.0823496
0.848485  -46.5465  0.0646654
0.863636  -44.3268  0.0503536
0.878788  -42.0074  0.0458048
0.893939  -39.8641  0.0699205
0.909091  -38.0307  0.0459214
0.924242  -36.1932  0.0396956
0.939394  -34.456  0.0459572
0.954545  -32.7031  0.0535246
0.969697  -31.2166  0.038786
0.984848  -29.8445  0.0343985
1  -28.3982  0.0479221
1.01515  -27.0913  0.0452139
1.0303  -25.8505  0.0390274
1.04545  -24.7293  0.0428022
1.06061  -23.6621  0.0269149
1.07576  -22.56  0.029258
1.09091  -21.6027  0.0334309
1.10606  -20.64  0.025224
1.12121  -19.8064  0.02538
1.13636  -18.9016  0.0321018
1.15152  -18.1244  0.0242622
1.16667  -17.4029  0.0197943
1.18182  -16.6353  0.0264754
1.19697  -15.9422  0.0188231
1.21212  -15.2999  0.0253548
1.22727  -14.7149  0.0247625
1.24242  -14.0719  0.022201
1.25758  -13.5382  0.0162351
1.27273  -13.0687  0.0125293
1.28788  -12.5267  0.0188469
1.30303  -12.0268  0.0130228
1.31818  -11.5711  0.0151213
1.33333  -11.1237  0.0132062
1.34848  -10.6858  0.0141204
1.36364  -10.2841  0.0148174
1.37879  -9.87922  0.0137482
1.39394  -9.53707  0.0146968
1.40909  -9.21426  0.0142187
1.42424  -8.87417  0.014939
1.43939  -8.53368  0.0106966
1.45455  -8.2269  0.0114151
1.4697  -7.9183  0.0130656
1.48485  -7.67984  0.00967395
1.5  -7.40552  0.0130523
1.51515  -7.16015  0.0131832
1.5303  -6.88874  0.0121556
1.54545  -6.67327  0.00780293
1.56061  -6.42404  0.00718352
1.57576  -6.2094  0.0111447
1.59091  -6.01646  0.00782
1.60606  -5.82953  0.0072614
1.62121  -5.60981  0.00967241
1.63636  -5.43704  0.00681264
1.65152  -5.27165  0.0067737
1.66667  -5.08359  0.00695747
1.68182  -4.91533  0.0101729
1.69697  -4.78581  0.00686491
1.71212  -4.62925  0.00805298
1.72727  -4.46835  0.00764867
1.74242  -4.33693  0.00649102
1.75758  -4.20138  0.00731655
1.77273  -4.07355  0.00527809
1.78788  -3.9473  0.00590814
1.80303  -3.83522  0.00515062
1.81818  -3.71657  0.00572
1.83333  -3.6033  0.00455048
1.84848  -3.49035  0.00579259
1.86364  -3.3935  0.00759374
1.87879  -3.29117  0.00438609
1.89394  -3.19737  0.00554463
1.90909  -3.11302  0.00460654
1.92424  -3.02501  0.0039797
1.93939  -2.93456  0.00642814
1.95455  -2.84736  0.00363673
1.9697  -2.76089  0.00444133
1.98485  -2.69988  0.00527838
2  -2.61194  0.00433666
