0.5  1919.16  2.58011
0.515  1752.3  2.5805
0.53  1601.35  2.60627
0.545  1469.03  2.4436
0.56  1347.68  2.26505
0.575  1239.81  1.55321
0.59  1141.61  1.84209
0.605  1054.73  1.21979
0.62  974.422  1.34615
0.635  899.624  1.18781
0.65  833.371  1.13328
0.665  773.433  0.893567
0.68  717.502  0.911786
0.695  666.459  0.919594
0.71  621.699  0.983978
0.725  579.431  0.960004
0.74  540.623  0.935172
0.755  505.77  0.705372
0.77  472.596  0.686996
0.785  442.488  0.683784
0.8  414.375  0.681753
0.815  388.757  0.663086
0.83  364.831  0.648366
0.845  342.982  0.605703
0.86  323.717  0.570323
0.875  304.649  0.487638
0.89  287.508  0.500581
0.905  271.312  0.458039
0.92  256.46  0.408423
0.935  242.436  0.371728
0.95  229.49  0.39335
0.965  217.493  0.365942
0.98  206.124  0.328924
0.995  195.467  0.340513
1.01  185.463  0.318252
1.025  176.192  0.311411
1.04  167.599  0.319462
1.055  159.177  0.240819
1.07  151.486  0.249331
1.085  144.491  0.209262
1.1  137.82  0.275963
1.115  131.248  0.226938
1.13  125.335  0.208001
1.145  119.528  0.215479
1.16  114.272  0.223586
1.175  109.445  0.215218
1.19  104.748  0.170848
1.205  100.306  0.170025
1.22  96.1551  0.182973
1.235  92.0452  0.166503
1.25  88.2432  0.156096
1.265  84.6574  0.153133
1.28  81.3298  0.141527
1.295  78.0139  0.154329
1.31  74.9485  0.146927
1.325  72.0618  0.142983
1.34  69.4533  0.158114
1.355  66.705  0.159994
1.37  64.1326  0.137741
1.385  61.8007  0.159229
1.4  59.5928  0.146504
1.415  57.5542  0.148528
1.43  55.4334  0.122643
1.445  53.4736  0.118677
1.46  51.6103  0.128795
1.475  49.7602  0.103926
1.49  48.0525  0.0999168
1.505  46.4646  0.103106
1.52  44.9746  0.101849
1.535  43.4402  0.1068
1.55  42.0077  0.103499
1.565  40.7072  0.109759
1.58  39.3227  0.0879046
1.595  38.0752  0.0849459
1.61  36.9098  0.0863895
1.625  35.6858  0.0863066
1.64  34.679  0.0861769
1.655  33.6071  0.0829522
1.67  32.5365  0.0892952
1.685  31.6205  0.0705082
1.7  30.6689  0.0754077
1.715  29.7466  0.068216
1.73  28.8737  0.0653354
1.745  28.0468  0.0656048
1.76  27.2926  0.0679114
1.775  26.5869  0.0598561
1.79  25.8326  0.0575496
1.805  25.1231  0.0556983
1.82  24.4282  0.0517758
1.835  23.7437  0.051094
1.85  23.0795  0.0472773
1.865  22.4491  0.0453664
1.88  21.8828  0.050107
1.895  21.3212  0.0428501
1.91  20.747  0.0482037
1.925  20.2111  0.0422566
1.94  19.7018  0.0416336
1.955  19.2313  0.040065
1.97  18.7208  0.0453443
1.985  18.3002  0.0331013
