0.5  0.222017  0.0119257
0.515152  0.223183  0.0109278
0.530303  0.254118  0.0105213
0.545455  0.261705  0.00964953
0.560606  0.295272  0.00950188
0.575758  0.308198  0.00726806
0.590909  0.326361  0.00546225
0.606061  0.361238  0.00924953
0.621212  0.360335  0.00670036
0.636364  0.364317  0.00578229
0.651515  0.386056  0.00450845
0.666667  0.389022  0.00443433
0.681818  0.406818  0.00383487
0.69697  0.395939  0.00373725
0.712121  0.414565  0.00321459
0.727273  0.411561  0.00233281
0.742424  0.413956  0.00269552
0.757576  0.426057  0.00225547
0.772727  0.428764  0.00215155
0.787879  0.425679  0.00227084
0.80303  0.432811  0.00208859
0.818182  0.429913  0.00149686
0.833333  0.432778  0.00203977
0.848485  0.427985  0.00155222
0.863636  0.428803  0.00171639
0.878788  0.427701  0.00146495
0.893939  0.426122  0.00170399
0.909091  0.427308  0.00140682
0.924242  0.423373  0.00119511
0.939394  0.422516  0.00132898
0.954545  0.421329  0.000859938
0.969697  0.418027  0.00108256
0.984848  0.414678  0.000948671
1  0.409724  0.000709321
1.01515  0.40982  0.000874566
1.0303  0.406351  0.000747122
1.04545  0.401715  0.000736731
1.06061  0.397056  0.000763876
1.07576  0.395059  0.000931465
1.09091  0.391043  0.000553358
1.10606  0.388468  0.000624618
1.12121  0.38328  0.000658144
1.13636  0.380623  0.000655735
1.15152  0.375633  0.000458
1.16667  0.37244  0.000426748
1.18182  0.369078  0.000497131
1.19697  0.364045  0.000336483
1.21212  0.359511  0.000539478
1.22727  0.355922  0.000444008
1.24242  0.352995  0.000552457
1.25758  0.348889  0.000490724
1.27273  0.344315  0.000418958
1.28788  0.340811  0.000423689
1.30303  0.336575  0.000351149
1.31818  0.332143  0.000336543
1.33333  0.329246  0.000267256
1.34848  0.324626  0.00031124
1.36364  0.321051  0.000271119
1.37879  0.317931  0.000332988
1.39394  0.31315  0.000305896
1.40909  0.309386  0.000237152
1.42424  0.305822  0.000270194
1.43939  0.302177  0.000278353
1.45455  0.298768  0.000258768
1.4697  0.294593  0.000238211
1.48485  0.291215  0.00022926
1.5  0.287337  0.000334721
1.51515  0.284311  0.000205045
1.5303  0.280789  0.000247701
1.54545  0.276933  0.000202135
1.56061  0.27331  0.000264753
1.57576  0.270867  0.000209346
1.59091  0.267198  0.000231484
1.60606  0.263906  0.000151443
1.62121  0.260671  0.000210566
1.63636  0.257419  0.000141317
1.65152  0.254279  0.000160606
1.66667  0.250939  0.000144286
1.68182  0.248023  0.000197571
1.69697  0.244776  0.000138902
1.71212  0.241892  0.000215008
1.72727  0.238848  0.000152673
1.74242  0.235987  0.00015988
1.75758  0.233283  0.000134908
1.77273  0.230201  0.000123229
1.78788  0.228082  0.00010789
1.80303  0.224889  0.000161422
1.81818  0.222312  0.000116123
1.83333  0.219603  0.0001287
1.84848  0.216961  9.86884e-05
1.86364  0.21432  0.000157299
1.87879  0.211739  0.000105001
1.89394  0.209151  0.000106206
1.90909  0.20661  0.000113108
1.92424  0.204338  9.73025e-05
1.93939  0.202072  8.54989e-05
1.95455  0.19947  0.000110661
1.9697  0.197215  8.63536e-05
1.98485  0.194886  9.61961e-05
2  0.192653  0.000106402
