0.5  0.88633  0.0216499
0.515152  0.851273  0.0223471
0.530303  0.848045  0.0149818
0.545455  0.813702  0.0174065
0.560606  0.759299  0.0179799
0.575758  0.761536  0.0134946
0.590909  0.710526  0.011477
0.606061  0.649484  0.0157588
0.621212  0.624867  0.018777
0.636364  0.571285  0.0153724
0.651515  0.542721  0.0133853
0.666667  0.532785  0.0109934
0.681818  0.46385  0.013473
0.69697  0.424852  0.0201094
0.712121  0.407125  0.0106563
0.727273  0.40624  0.0155488
0.742424  0.386187  0.00846042
0.757576  0.334502  0.00970523
0.772727  0.331541  0.0117552
0.787879  0.308653  0.00959283
0.80303  0.293076  0.00771863
0.818182  0.284702  0.00558062
0.833333  0.250728  0.00701992
0.848485  0.234781  0.00848797
0.863636  0.234431  0.00679341
0.878788  0.21793  0.00650774
0.893939  0.218495  0.00520189
0.909091  0.192746  0.00575822
0.924242  0.199209  0.00641896
0.939394  0.185925  0.00486941
0.954545  0.161179  0.00707669
0.969697  0.155705  0.00545195
0.984848  0.158729  0.00473472
1  0.143222  0.00581793
1.01515  0.141976  0.00487156
1.0303  0.138812  0.00424582
1.04545  0.121233  0.00335267
1.06061  0.125091  0.0034009
1.07576  0.118886  0.00389603
1.09091  0.113604  0.00349121
1.10606  0.108774  0.00272351
1.12121  0.104974  0.00243028
1.13636  0.0995376  0.00478596
1.15152  0.102798  0.00378019
1.16667  0.0950284  0.00295688
1.18182  0.0921822  0.00274835
1.19697  0.0853264  0.00313617
1.21212  0.087  0.00282195
1.22727  0.085752  0.00207841
1.24242  0.0827004  0.00217359
1.25758  0.0762746  0.00254247
1.27273  0.0764746  0.00191565
1.28788  0.074386  0.00234401
1.30303  0.0652248  0.00202819
1.31818  0.0669642  0.0024087
1.33333  0.0667294  0.00297322
1.34848  0.068103  0.0020131
1.36364  0.0620834  0.00200465
1.37879  0.0643506  0.00254504
1.39394  0.0637092  0.00242474
1.40909  0.0596636  0.00215468
1.42424  0.0564772  0.00278891
1.43939  0.055066  0.00176506
1.45455  0.0544728  0.00212002
1.4697  0.0527688  0.00141406
1.48485  0.0512682  0.00206516
1.5  0.0495174  0.00173035
1.51515  0.0487878  0.00201432
1.5303  0.0471644  0.00183502
1.54545  0.0456526  0.00155399
1.56061  0.0446582  0.00222027
1.57576  0.0469704  0.00128507
1.59091  0.0473862  0.00144612
1.60606  0.0428866  0.0013092
1.62121  0.041337  0.00141277
1.63636  0.041563  0.00170119
1.65152  0.0404832  0.00118279
1.66667  0.041082  0.00136868
1.68182  0.0358764  0.00158245
1.69697  0.0394446  0.00199129
1.71212  0.039628  0.00133022
1.72727  0.037805  0.00138241
1.74242  0.0372258  0.00123033
1.75758  0.0352102  0.00152918
1.77273  0.0374548  0.00133225
1.78788  0.0336142  0.00146573
1.80303  0.029845  0.00197837
1.81818  0.0299174  0.0012085
1.83333  0.0308604  0.00137774
1.84848  0.0346054  0.00158104
1.86364  0.0313686  0.00137691
1.87879  0.0298986  0.00121135
1.89394  0.029303  0.00127927
1.90909  0.0290582  0.00125258
1.92424  0.029064  0.00141037
1.93939  0.029432  0.00125046
1.95455  0.0284922  0.00117034
1.9697  0.028067  0.00128095
1.98485  0.0263734  0.00117575
2  0.0275514  0.00117853
