0.5  0.901276  0.0197584
0.515152  0.884236  0.020467
0.530303  0.844361  0.0220799
0.545455  0.819293  0.0269646
0.560606  0.756022  0.022494
0.575758  0.661989  0.0360018
0.590909  0.643707  0.0284206
0.606061  0.636306  0.0223427
0.621212  0.614229  0.027662
0.636364  0.601902  0.0196862
0.651515  0.53674  0.0314629
0.666667  0.545319  0.0100488
0.681818  0.477927  0.0194563
0.69697  0.479937  0.0195045
0.712121  0.440863  0.0151727
0.727273  0.397855  0.00992564
0.742424  0.380337  0.0131636
0.757576  0.349139  0.0113582
0.772727  0.329816  0.0118503
0.787879  0.299938  0.0144509
0.80303  0.253298  0.0141084
0.818182  0.276501  0.0132347
0.833333  0.263755  0.00881805
0.848485  0.25052  0.00905699
0.863636  0.239771  0.00670954
0.878788  0.22508  0.0101392
0.893939  0.208642  0.00858907
0.909091  0.211804  0.00918177
0.924242  0.19127  0.00753668
0.939394  0.175958  0.00670113
0.954545  0.166687  0.00870155
0.969697  0.15376  0.00608867
0.984848  0.150347  0.0074809
1  0.151668  0.00771241
1.01515  0.139164  0.00688726
1.0303  0.131278  0.00577472
1.04545  0.136965  0.00594881
1.06061  0.120833  0.00226605
1.07576  0.11843  0.00405387
1.09091  0.117778  0.0047449
1.10606  0.10907  0.00374623
1.12121  0.101425  0.00523142
1.13636  0.099349  0.00414292
1.15152  0.0896614  0.00480687
1.16667  0.0931992  0.00297045
1.18182  0.0903928  0.00546558
1.19697  0.0820244  0.00415672
1.21212  0.0890702  0.00293947
1.22727  0.0763276  0.0036244
1.24242  0.0792274  0.00366296
1.25758  0.0785736  0.00371121
1.27273  0.0783482  0.00269186
1.28788  0.0798206  0.00345569
1.30303  0.0682392  0.00321986
1.31818  0.0624682  0.00376025
1.33333  0.0625408  0.00260859
1.34848  0.0656544  0.00246128
1.36364  0.062982  0.00283417
1.37879  0.0586224  0.00265539
1.39394  0.0605124  0.00309328
1.40909  0.059096  0.00273019
1.42424  0.052883  0.00215393
1.43939  0.0539286  0.00179945
1.45455  0.0553658  0.00248927
1.4697  0.052079  0.00296827
1.48485  0.054897  0.0025117
1.5  0.0512096  0.00169744
1.51515  0.0450986  0.00204206
1.5303  0.0463758  0.00218333
1.54545  0.0486714  0.00238461
1.56061  0.044308  0.00189299
1.57576  0.0465304  0.0020725
1.59091  0.0436364  0.00200169
1.60606  0.0376872  0.00199589
1.62121  0.0448602  0.00222785
1.63636  0.0414722  0.0020539
1.65152  0.040555  0.00134413
1.66667  0.0364694  0.00152925
1.68182  0.0375468  0.00226177
1.69697  0.0408554  0.00178881
1.71212  0.0349664  0.00177508
1.72727  0.0365954  0.0016703
1.74242  0.0342146  0.00193668
1.75758  0.0332532  0.00155428
1.77273  0.0367012  0.00140635
1.78788  0.0323074  0.00137603
1.80303  0.0335502  0.00152069
1.81818  0.0334494  0.00200002
1.83333  0.0335738  0.00167174
1.84848  0.032233  0.00138953
1.86364  0.0296392  0.00181742
1.87879  0.0358378  0.00139711
1.89394  0.029511  0.00138172
1.90909  0.0316252  0.00148539
1.92424  0.0276246  0.00130651
1.93939  0.027402  0.00142762
1.95455  0.0268082  0.001187
1.9697  0.028157  0.00156714
1.98485  0.027786  0.00115898
2  0.0273996  0.00158121
