1.55541875  0
1.53017447  0.0178504029
1.52433907  0.0128186458
1.51680316  0.0116198601
1.51182231  0.0103082787
1.50879615  0.00902349615
1.5085687  0.00773729132
1.51030282  0.00696174964
1.51163873  0.00631509633
1.50910352  0.00617152566
1.50830644  0.00566171727
1.51149653  0.00602194305
1.50901858  0.00604708786
1.50730043  0.00585415386
1.50502127  0.00589085749
1.50529658  0.00552910843
1.50384962  0.00538987691
1.50395037  0.00509138084
1.50517124  0.004967636
1.50486564  0.00472864484
1.50346853  0.0047053396
1.50052795  0.00533171795
1.49898086  0.00531962657
1.49801845  0.00518430397
1.49697084  0.00508167552
1.49574915  0.00503093778
1.49401498  0.00513479965
1.49379596  0.00495608306
1.49499438  0.00492794753
1.49571329  0.00481583562
1.49679656  0.00478076973
1.49738665  0.0046676457
1.49698136  0.00454376317
1.49750931  0.00444068907
1.49842487  0.00440718394
1.49751312  0.00437805708
1.49702566  0.00428678203
1.49643375  0.00421463958
1.49691597  0.00413406704
1.4972302  0.00404263981
1.49692227  0.0039557491
1.49594133  0.00398133161
1.495938  0.00388874391
1.49588789  0.00380068617
1.49627997  0.0037363953
1.49760888  0.00388431041
1.49791832  0.00381397143
1.49757198  0.00375020571
1.49661941  0.00379272182
1.49592643  0.00377964524
1.49655572  0.00375755633
1.49604986  0.00371919011
1.49524841  0.0037343713
1.49526662  0.00366526068
1.49443707  0.00369130074
1.49458121  0.00362819785
1.49414335  0.00359086972
1.49352645  0.00358155705
1.49392548  0.003543012
1.49339747  0.00352308618
1.49354418  0.003468384
1.49292534  0.00346721172
1.49270328  0.00341927969
1.49334346  0.00342525825
1.49352509  0.00337737412
1.49320099  0.00334171597
1.49390035  0.00336422453
1.49414105  0.0033233503
1.49425327  0.00327707978
1.49430513  0.00323067462
1.49469115  0.00320815138
1.49422221  0.00319768179
1.49408124  0.00315698395
1.49423572  0.00311809918
1.49404375  0.00308242823
1.49449064  0.00307409495
1.49524388  0.00312509147
1.49618743  0.00322432169
1.49652519  0.00320114955
1.49598069  0.00320710836
1.49563137  0.00318648234
1.49569462  0.00314825046
1.49558988  0.0031120615
1.49606241  0.00311068089
1.49679189  0.00315846168
1.4971057  0.00313728605
1.49669197  0.00312838713
1.49701633  0.00310960657
1.49672555  0.00308823217
1.49606287  0.00312421025
1.496489  0.00311880481
1.49710604  0.00314535189
1.49737878  0.00312333345
1.49732434  0.00309058088
1.49733145  0.00305805663
1.49747868  0.00302974367
1.49727603  0.00300527873
1.49716177  0.00297678385
1.49805565  0.00307800034
1.49832538  0.0030590154
1.498898  0.00308185785
1.49910987  0.00305891769
1.49901048  0.00303083375
1.49897678  0.00300187848
1.49952651  0.00302320481
1.49957739  0.00299511214
1.50001221  0.00299851732
1.50014305  0.0029736067
1.50018416  0.00294660997
1.5001316  0.00292029127
1.50028601  0.0028980617
1.50028594  0.00287218615
1.50057703  0.00286148126
1.50031952  0.00284794354
1.50025277  0.002823961
1.50026758  0.00279965536
1.5002788  0.00277574917
1.50064508  0.00277628744
1.50030248  0.00277401629
1.50027683  0.00275101804
1.49996225  0.00274621004
1.49949442  0.00276326108
1.49971362  0.00274947594
1.50024735  0.00277862475
1.50025583  0.00275640869
1.50012238  0.00273776124
1.49987316  0.00272752342
1.49994296  0.00270710747
1.50003351  0.00268763611
1.50000803  0.00266708274
1.50005617  0.00264715788
1.49984357  0.00263562749
1.50000274  0.00262061243
1.49993326  0.00260197644
1.499715  0.00259184017
1.50019194  0.00261629611
1.49988858  0.00261472726
1.49987143  0.00259583621
1.50015031  0.00259209867
1.50048295  0.0025948393
1.50029011  0.00258359159
1.5002341  0.00256600439
1.50010843  0.00255113557
1.49995179  0.00253822413
1.50027912  0.00254173761
1.50010553  0.00253024886
1.49983314  0.00252765606
1.4997006  0.0025140499
1.49947013  0.0025077186
1.49917719  0.00250805223
1.49916905  0.00249145582
1.49940205  0.0024859362
1.49941656  0.00246973058
1.49934018  0.00245487422
1.49922096  0.00244192916
1.49944255  0.00243630822
1.49974987  0.00244009735
1.49989452  0.00242893701
1.49971251  0.00242047056
1.49982415  0.00240791581
1.49963536  0.00240034926
1.49954058  0.00238740275
1.49942847  0.00237538675
1.49941057  0.00236097015
1.49980005  0.00237857013
1.49982108  0.00236433434
1.50004336  0.00236060231
1.50042706  0.00237753009
1.50057259  0.00236791194
1.50055801  0.00235402797
1.50018743  0.00236925134
1.50020695  0.00235555707
1.50046566  0.00235610541
1.50053616  0.00234361901
1.50073124  0.00233833183
1.5007151  0.00232510154
1.50073105  0.00231202008
1.50079888  0.00230002609
1.50089885  0.00228934846
1.50086018  0.0022769565
1.50087171  0.00226440583
1.500899  0.0022521284
1.50058386  0.00226176214
1.50044896  0.00225348965
1.50059567  0.00224607921
1.50069421  0.00223616419
1.50057407  0.00222743107
1.50044716  0.00221919562
1.50020275  0.00222087146
1.5002639  0.00221002414
1.50023815  0.00219860331
1.5003959  0.00219280478
1.50046865  0.00218264939
1.50053755  0.00217248595
1.50046907  0.00216242423
1.500397  0.00215259214
1.50048635  0.00214351893
1.50057846  0.00213467123
1.50049151  0.00212571444
1.50058875  0.00211730907
1.50091171  0.00213126427
1.50084112  0.00212188236
1.50119058  0.00214001297
1.50088718  0.00215092216
1.50081396  0.00214167558
1.50097414  0.00213726091
1.50065611  0.00215046755
1.50046379  0.00214871154
1.5006013  0.0021428262
1.50064705  0.00213311057
1.50064784  0.00212300119
1.50053162  0.00211616605
1.5003502  0.0021139933
1.50038851  0.00210446193
1.50027638  0.0020976586
1.50016933  0.00209067677
1.50028672  0.00208433507
1.50031642  0.00207498549
1.50015338  0.00207190586
1.49993311  0.00207416416
1.5001106  0.00207235913
1.50007067  0.00206340877
1.50005127  0.00205424706
1.50024691  0.00205437151
1.50037535  0.00204925229
1.5006869  0.0020637307
1.5006103  0.00205606029
1.50058855  0.00204715755
1.50068593  0.0020405327
1.50051876  0.00203849686
1.50054534  0.00202984546
1.50051983  0.00202125644
1.50051414  0.00201258953
1.50042914  0.00200578261
1.50052512  0.00199954224
1.5004409  0.00199284221
1.50047331  0.00198469708
1.50053  0.00197716746
1.50051502  0.00196895152
1.50070991  0.00197036914
1.50055653  0.00196815417
1.50035544  0.00197026763
1.50036037  0.00196216571
1.50007225  0.00197516481
1.50004829  0.00196724817
1.49999089  0.00196008868
1.50008505  0.00195441357
1.49988223  0.00195702883
1.49989712  0.00194922595
1.49999398  0.00194383418
1.50000636  0.00193612926
1.49984607  0.00193507026
1.49979904  0.00192799307
1.49981597  0.00192047685
1.49967296  0.00191826297
1.49989662  0.00192376459
1.49968814  0.00192754301
1.49987434  0.001929045
1.50008401  0.00193295798
1.49999247  0.00192768983
1.50002384  0.00192055917
1.50008674  0.00191425856
1.50021107  0.00191101371
1.50014162  0.00190503662
1.50027879  0.00190277989
1.50029434  0.00189569007
1.50030384  0.00188861393
1.50045833  0.00188787486
1.50047668  0.00188094591
1.5005617  0.00187590007
1.50066383  0.00187175607
1.5006513  0.00186491655
1.50082038  0.00186573445
1.50093163  0.00186223857
1.50074014  0.0018652861
1.50065716  0.00186037269
1.50071501  0.00185455595
1.50066362  0.00184859673
1.5006892  0.00184214784
1.50057446  0.00183913843
1.50065695  0.00183444228
1.5005265  0.00183256922
1.50044368  0.00182796413
1.50044807  0.00182153289
1.50064102  0.00182533228
1.50066444  0.00181910024
1.50061905  0.00181332815
1.5005248  0.00180947919
1.50039303  0.00180800987
1.50050221  0.00180506899
1.50039437  0.00180208483
1.50028774  0.00179906491
1.50017529  0.00179643559
1.50019108  0.00179039465
1.50015336  0.0017847228
1.50032384  0.00178681715
1.50020605  0.00178467931
1.5001388  0.00177995713
1.5001016  0.00177439276
1.49993464  0.00177631553
1.50002826  0.00177287929
1.49993422  0.00176950097
1.49996597  0.0017639459
1.50008775  0.00176234226
1.50014738  0.00175757252
1.50041063  0.00177143449
1.50027215  0.00177106909
1.500432  0.0017725175
1.50043063  0.00176678172
1.50044604  0.00176114964
1.50040656  0.00175592928
1.50045436  0.00175095167
1.5003387  0.00174917306
1.50030603  0.00174390759
1.50054563  0.00175475426
1.50054887  0.00174920422
1.50041753  0.0017486096
1.50036535  0.00174388929
1.50038948  0.00173858945
1.50035013  0.00173360163
1.50039033  0.00172866715
1.50039572  0.00172330703
1.50050368  0.00172135001
1.50036836  0.00172134851
1.50036623  0.00171605337
1.50026968  0.00171350323
1.50028618  0.00170834263
1.50016504  0.00170742392
1.50031763  0.00170903909
1.50022744  0.00170623837
1.50027316  0.00170169605
1.50035942  0.00169875541
1.5005781  0.00170767145
1.5007059  0.00170733424
1.50072935  0.00170239867
1.50085568  0.00170201321
1.50102931  0.00170579552
1.50103469  0.00170075726
1.50095525  0.00169759418
1.50090706  0.0016932853
1.50090428  0.00168832193
1.50107217  0.00169171214
1.50117054  0.00168963781
1.5011362  0.00168507492
1.50116159  0.00168038194
1.50114395  0.00167561802
1.50100754  0.00167633196
1.50092971  0.00167332073
1.50097441  0.00166912292
1.50081464  0.00167198329
1.50075132  0.00166841829
1.50084861  0.001666513
1.50085428  0.00166180163
1.50091789  0.00165832441
1.50113909  0.0016683404
1.50108268  0.00166460735
1.50112367  0.00166044915
1.50112187  0.001655812
1.50108147  0.00165169269
1.50098799  0.00164974772
1.50087776  0.00164885591
1.50087053  0.00164431693
1.50087889  0.00163980838
1.50078909  0.00163776025
1.50068238  0.00163674612
1.50071618  0.00163262321
1.50079457  0.00163005548
1.50089985  0.00162902179
1.50088839  0.00162464741
1.50080542  0.00162237338
1.50097202  0.00162653188
1.50099592  0.00162233501
1.50100748  0.00161802675
1.50091587  0.00161629159
1.50093774  0.00161212941
1.5008262  0.00161169571
1.50077427  0.001608257
1.50075716  0.00160409337
1.50068983  0.00160127349
1.50066068  0.00159732479
1.5005911  0.0015946474
1.50060716  0.00159055386
1.50070197  0.00158922421
1.50073227  0.00158537436
1.50070159  0.00158155336
1.50086146  0.00158551636
1.50093167  0.00158297296
1.50091911  0.00157894295
1.50085141  0.00157633485
1.50085915  0.00157231198
1.50090068  0.00156883909
1.50089509  0.00156484692
1.50091014  0.00156093749
1.50090147  0.00155699979
1.50085224  0.00155383586
1.50088871  0.00155033976
1.50087616  0.00154648541
1.50099046  0.00154681821
1.50096277  0.00154318933
1.5009756  0.00153938469
1.50097158  0.00153555107
1.50096348  0.00153175266
1.50103412  0.00152957998
1.50092205  0.00152989416
1.5008174  0.00152969166
1.50078606  0.00152624487
1.50089542  0.00152640765
1.50083656  0.00152380109
1.50096878  0.00152580107
1.50087002  0.00152527224
1.50100522  0.0015275417
1.50095592  0.00152462941
1.50103341  0.00152290547
1.50090825  0.00152436087
1.50091037  0.00152068918
1.50079253  0.00152159236
1.50072862  0.00151928503
1.50078534  0.00151670881
1.50082386  0.00151357794
1.50075634  0.00151147925
1.50070132  0.00150889032
1.5005811  0.00151009645
1.5005711  0.00150655959
1.500584  0.00150306165
1.50057213  0.00149957196
1.50057393  0.00149605292
1.50058064  0.00149256432
1.50048959  0.00149185153
1.50051043  0.00148851968
1.50040391  0.00148886471
1.50049393  0.00148812946
1.50045168  0.00148528439
1.50039421  0.00148296561
1.50032566  0.00148113228
1.50023619  0.0014804272
1.50017771  0.00147818626
1.5002552  0.00147683349
1.50031133  0.00147452795
1.50031891  0.00147118859
1.5003104  0.00146786957
1.50026654  0.00146519613
1.50025565  0.00146192169
1.50020836  0.00145938648
1.50016277  0.00145681142
1.50009849  0.00145495492
1.5000936  0.00145170092
1.50012105  0.00144871264
1.50014354  0.0014456536
1.50008128  0.0014437741
1.50011439  0.00144094522
1.5000652  0.00143858956
1.50021273  0.00144295185
1.50033195  0.0014446836
1.50032092  0.00144154362
1.50033558  0.00143845
1.50039933  0.00143670713
1.50042654  0.00143382103
1.50047291  0.00143143996
1.50051355  0.00142889815
1.50051872  0.00142580122
1.50058301  0.00142415722
1.50057292  0.00142111038
1.50058701  0.0014181109
1.50056487  0.00141522751
1.50060879  0.00141286521
1.50058584  0.00141001968
1.50055182  0.00140741063
1.50058246  0.00140473676
1.5004917  0.00140467038
1.50033881  0.00140997753
1.5003297  0.00140701337
1.50021665  0.00140856662
1.50021915  0.0014055909
1.50026685  0.00140343463
1.50031749  0.00140139317
1.50035686  0.00139900207
1.50035313  0.00139607413
1.5004085  0.00139425114
1.50047517  0.00139293369
1.50045933  0.00139012186
1.5004996  0.0013878149
1.50050947  0.00138497073
1.50058271  0.00138403866
1.50056714  0.00138126673
1.50065431  0.00138116693
1.50070406  0.00137922057
1.50068778  0.00137648452
1.50080958  0.00137904173
1.50086241  0.00137723337
1.50089716  0.00137486102
1.50090353  0.00137207565
1.50091036  0.00136930389
1.5009496  0.00136708861
1.50088682  0.00136576237
1.5009163  0.00136332141
1.5008943  0.0013607502
1.50097183  0.00136021893
1.50105369  0.00135994871
1.50102659  0.00135749336
1.50101671  0.00135481433
