4.96317945  0
4.96779207  0.00326161777
4.96152098  0.00556289206
4.96114713  0.00418471219
4.97604927  0.0137428719
4.97697857  0.0114837701
4.97999077  0.010230658
4.98794633  0.0116410788
4.98168011  0.0119153691
4.98994595  0.0132850391
4.98768166  0.012268752
4.98984685  0.0114358165
4.99363434  0.0111657353
4.99045804  0.0108105254
4.99209503  0.0102130131
4.98851726  0.0101821055
4.99779616  0.013148013
4.98950535  0.0148025237
4.99053606  0.0140592822
4.98616051  0.0140206796
4.98878072  0.0135956592
4.98826445  0.0129874731
4.98292959  0.0134740227
4.98043915  0.0131407471
4.97744369  0.0129520286
4.97463813  0.0127541135
4.97868941  0.0129091477
4.97545746  0.012846314
4.97111167  0.0131178297
4.96931345  0.0128032269
4.97405732  0.0132399357
4.97724678  0.013204765
4.97633566  0.0128360153
4.97658067  0.0124608236
4.97955468  0.0124546446
4.98204714  0.012355565
4.98384258  0.0121513827
4.98573581  0.0119781881
4.98819461  0.0119207449
4.98620102  0.0117882471
4.98530677  0.011534598
4.98694542  0.0113757657
4.98927333  0.0113469022
4.98894604  0.0110937372
4.99126986  0.0110879263
4.99312363  0.0110007567
4.99217268  0.0108077215
4.99202109  0.0105836237
4.9911299  0.0104050848
4.99025918  0.01023335
4.99290911  0.0103701199
4.99336328  0.0101806354
4.99305317  0.00999326991
4.99271665  0.00981387399
4.99402439  0.00972218124
4.99293866  0.00960900491
4.99058314  0.00972485203
4.9890145  0.00968286884
4.99036781  0.00961285942
4.99065021  0.0094567922
4.99029042  0.00930860465
4.99017088  0.00915923341
4.98995149  0.00901647577
4.987362  0.0092399586
4.98652125  0.00913597545
4.98674338  0.00900025152
4.98587027  0.00890816877
4.98609429  0.00877998252
4.98549815  0.00867295081
4.98837597  0.0090138686
4.98921753  0.00892611134
4.98996168  0.00883310235
4.98795697  0.00893669555
4.98778171  0.00881764767
4.98750286  0.00870448734
4.98840302  0.00863637363
4.98868995  0.00852897799
4.987782  0.00846782198
4.98565481  0.00862368049
4.98635997  0.00854466692
4.9866456  0.0084439498
4.98713018  0.00835486765
4.98661062  0.0082703459
4.9856319  0.00822959619
4.98451238  0.00820857207
4.98516226  0.00813880888
4.98507004  0.00804578179
4.98633655  0.00805341672
4.98607305  0.00796723825
4.9867269  0.00790549744
4.98725564  0.00783628588
4.98720562  0.00775126851
4.98777206  0.00768859035
4.98833286  0.0076272219
4.98852924  0.00754946309
4.98947014  0.00752922635
4.98983904  0.00746063729
4.98975142  0.00738502274
4.9900932  0.00731833089
4.98913964  0.00730700662
4.98838266  0.00727376476
4.98786056  0.00722116668
4.98792123  0.00715131308
4.98906478  0.00717340039
4.98894318  0.00710611299
4.99013918  0.00713901204
4.99008076  0.00707253136
4.98971008  0.00701675194
4.9899027  0.0069550215
4.98835127  0.00706271184
4.98849404  0.00700052675
4.98800707  0.00695493852
4.988142  0.00689469911
4.98995225  0.00706787186
4.98991543  0.00700650801
4.9899331  0.00694612936
4.99039528  0.00690211934
4.99107674  0.00687718612
4.9908081  0.00682463944
4.99071738  0.00676837046
4.98988525  0.006763392
4.98941497  0.0067242848
4.98957424  0.00667150178
4.98958263  0.00661770462
4.98959049  0.00656476766
4.98871801  0.00657038897
4.98841754  0.00652552054
4.98827227  0.00647615667
4.9882201  0.006426164
4.98830664  0.00637731456
4.98693431  0.00647460289
4.98651333  0.00643922444
4.98732386  0.00644161953
4.98740271  0.00639403024
4.98694288  0.00636317962
4.98718222  0.00632089093
4.98808408  0.00633876457
4.9881941  0.00629378623
4.98825294  0.00624878226
4.98845449  0.00620739777
4.98903077  0.00619006613
4.98826714  0.00619339772
4.98772004  0.0061742038
4.98872788  0.00621303855
4.98972953  0.00625041064
4.9896813  0.00620778572
4.98982203  0.00616715088
4.98985104  0.0061255492
4.99003458  0.00608718706
4.99010367  0.00604699791
4.98947925  0.00603910427
4.99023401  0.00604635328
4.99015626  0.00600733448
4.99099303  0.00602632189
4.9907656  0.00599173235
4.99129192  0.00597639538
4.99232769  0.00602741461
4.99196209  0.00600034411
4.99168295  0.00596909544
4.99077538  0.0060003867
4.98992442  0.00602315587
4.98949292  0.00600141272
4.98986505  0.00597612089
4.98966264  0.00594310813
4.9904174  0.00595482309
4.98984603  0.00594629901
4.99047781  0.00594416007
4.99021124  0.00591475251
4.9903253  0.00588085375
4.98970764  0.0058786077
4.98912147  0.00587338168
4.98964033  0.00586210765
4.98990662  0.00583426766
4.98996067  0.00580098783
4.98995094  0.00576784749
4.98997643  0.00573513192
4.9899237  0.0057029724
4.99007058  0.00567282436
4.98932483  0.00568993969
4.98882808  0.00567997147
4.98898285  0.00565069848
4.98906711  0.00562027888
4.98821045  0.00565447759
4.98791534  0.0056314425
4.98807026  0.00560313297
4.98835808  0.00558039615
4.98855347  0.00555397396
4.98880296  0.00553003227
4.98860723  0.00550423564
4.98859557  0.00547527833
4.98877974  0.00544970851
4.9885952  0.00542444815
4.98891248  0.00540561294
4.98907073  0.00538006506
4.98909422  0.00535252627
4.98949849  0.0053404624
4.98929975  0.00531705021
4.98950391  0.00529411467
4.99014425  0.00530609469
4.98987929  0.00528617512
4.98978333  0.00526074672
4.98971411  0.00523515879
4.98964072  0.00520988424
4.98980974  0.00518708657
4.9897864  0.00516183619
4.9893543  0.0051548329
4.98978199  0.00514764224
4.98970393  0.00512348581
4.98950865  0.00510269172
4.989365  0.0050804148
4.98895167  0.00507312283
4.98895643  0.00504919524
4.98908842  0.00502721501
4.98859715  0.00502767038
4.98898702  0.00501937939
4.9894793  0.00502022423
4.98983169  0.00500944189
4.98908173  0.00504228722
4.98939141  0.00502876362
4.9893302  0.00500627818
4.9896803  0.00499585209
4.98942241  0.00497999996
4.98948258  0.0049580316
4.99010692  0.00497505274
4.99009354  0.0049529594
4.98996341  0.00493275269
4.9895466  0.00492860155
4.99010475  0.00493848872
4.99016153  0.0049172496
4.98962996  0.00492451796
4.98997784  0.00491547141
4.98991036  0.00489474711
4.99057106  0.00491812831
4.99109085  0.00492450243
4.99108446  0.00490355125
4.99103292  0.00488304431
4.99093157  0.00486349258
4.99087246  0.00484341692
4.99018991  0.0048710076
4.99031316  0.00485227081
4.99009866  0.00483687587
4.98953435  0.00484969568
4.98908757  0.00485027419
4.98925444  0.00483326594
4.98939466  0.00481557162
4.98995512  0.00482850123
4.98949558  0.00483077132
4.98945207  0.00481148832
4.98885833  0.00482866021
4.98934532  0.00483384087
4.98974044  0.00483070433
4.98984319  0.00481262751
4.99002528  0.00479704877
4.99018586  0.00478084975
4.98944604  0.00481900433
4.98949408  0.00480041951
4.98959866  0.00478287987
4.98963648  0.00476449111
4.98959756  0.00474625434
4.98936005  0.00473393842
4.98943388  0.00471637645
4.98923268  0.00470266489
4.98951122  0.00469302608
4.98955523  0.00467545575
4.98930005  0.00466477097
4.98940868  0.00464849909
4.9896116  0.00463551576
4.98956138  0.00461849115
4.98955566  0.00460132558
4.98952494  0.00458438615
4.98974758  0.00457287254
4.98975011  0.00455606121
4.98964267  0.00454063891
4.98937074  0.0045322028
4.98950717  0.00451777486
4.98941936  0.00450225929
4.98961647  0.00449031849
4.9897727  0.00447688307
4.98959018  0.00446455592
4.98966431  0.00444922649
4.98965933  0.00443339574
4.9896714  0.00441769091
4.98992765  0.0044095065
4.99019789  0.00440225325
4.99054507  0.00440047502
4.9907365  0.0043892505
4.99063145  0.00437521379
4.99031334  0.00437157094
4.99020539  0.00435777726
4.99041012  0.00434755726
4.99032543  0.0043334421
4.99035115  0.0043186779
4.99081173  0.00432842858
4.99116006  0.00432769929
4.99132474  0.00431616106
4.99167096  0.00431544295
4.99158107  0.00430184882
4.99145421  0.00428928331
4.99157124  0.00427653408
4.99117286  0.00428079369
4.99140643  0.00427293913
4.99125102  0.00426161564
4.99128542  0.00424768976
4.99092928  0.00424862095
4.99076282  0.00423795092
4.99090251  0.00422640296
4.99077274  0.00421462777
4.99122651  0.00422530054
4.99117608  0.0042119273
4.99128184  0.00419966788
4.99166174  0.00420331198
4.99180542  0.00419229481
4.99141242  0.00419728125
4.9916775  0.00419227654
4.99159363  0.00417980662
4.9921157  0.00419905683
4.99196095  0.00418866111
4.99208197  0.00417723707
4.99243131  0.00417872419
4.992779  0.00418010563
4.99271344  0.00416759763
4.99249343  0.00416045779
4.99277134  0.00415684835
4.99261631  0.0041469084
4.99299127  0.00415106597
4.99297469  0.00413836577
4.99317643  0.0041306248
4.99320648  0.00411814076
4.9931787  0.00410571732
4.99334185  0.00409651605
4.99333344  0.00408414852
4.99330264  0.00407196294
4.993453  0.00406250965
4.99345856  0.00405035025
4.99344919  0.00403827048
4.99352554  0.00402697358
4.99326822  0.00402323735
4.9930354  0.00401806516
4.99304876  0.00400623466
4.99289383  0.00399744603
4.99226053  0.00403557815
4.99258629  0.00403690528
4.99277838  0.00402970335
4.99285412  0.00401870079
4.99296312  0.00400853037
4.99314685  0.0040011533
4.99309035  0.00399002144
4.99316885  0.0039793279
4.99323334  0.00396844841
4.99340732  0.00396092201
4.99327449  0.00395186405
4.99309364  0.003944773
4.99299943  0.00393472292
4.99317417  0.00392748606
4.99341816  0.00392399423
4.99340101  0.00391300927
4.99356062  0.0039053026
4.99375432  0.00389919432
4.99387173  0.00389010049
4.99363234  0.00388665348
4.99357136  0.00387636546
4.99345074  0.00386753346
4.9933676  0.00385777271
4.99326292  0.00384859445
4.99329541  0.00383818748
4.99346956  0.00383164969
4.99338021  0.00382225101
4.99335449  0.00381195097
4.99330309  0.00380196692
4.99315173  0.00379470336
4.99330926  0.00378774358
4.99312993  0.00378180426
4.99334295  0.00377766001
4.99330714  0.00376772901
4.99312197  0.00376222911
4.9933552  0.00375944529
4.99336296  0.00374948129
4.99363558  0.00374945984
4.99349702  0.00374212595
4.99369977  0.00373776631
4.99354999  0.00373095575
4.99381042  0.00373026743
4.99387327  0.00372105729
4.99381884  0.00371176518
4.99371601  0.00370354823
4.99393604  0.00370048362
4.99386166  0.00369166906
4.99385507  0.00368216032
4.99344857  0.00369506568
4.99365187  0.00369118
4.99389072  0.00368945917
4.99383454  0.00368047504
4.99383939  0.00367111316
4.99368757  0.00366493373
4.99375089  0.00365620237
4.99364504  0.00364850141
4.99381801  0.00364340898
4.99382145  0.00363425631
4.99393418  0.00362689605
4.99378262  0.00362099412
4.99385514  0.00361269027
4.99406838  0.00360999154
4.99395675  0.00360275926
4.99398834  0.00359397999
4.9938196  0.00358906517
4.99358043  0.0035881851
4.99344233  0.00358202546
4.9931822  0.0035826791
4.99312495  0.0035743769
4.99316606  0.00356589535
4.99330246  0.00355982712
4.9934073  0.00355273006
4.99361764  0.0035503491
4.99337948  0.00354975201
4.99345975  0.00354210571
4.99355006  0.00353474213
4.99355728  0.00352627291
4.99337131  0.00352273705
4.99345674  0.00351536527
4.99323859  0.00351375787
4.99313986  0.00350679832
4.99332647  0.00350344951
4.99322614  0.0034966034
4.99335718  0.00349081136
4.99342635  0.0034832829
4.99357537  0.00347829252
4.99348381  0.00347135146
4.9932602  0.00347043583
4.99333233  0.00346309573
4.99353732  0.00346110373
4.99380162  0.00346315042
4.99362958  0.0034594047
4.99341914  0.00345780964
4.99318503  0.00345775854
4.99308665  0.00345120904
4.99287969  0.00344949335
4.99319535  0.00345601256
4.99303874  0.00345166868
4.99320166  0.00344764908
4.99310012  0.0034413085
4.9928908  0.00343986546
4.99280097  0.00343325575
4.99269703  0.00342707847
4.99248329  0.00342601866
4.9924302  0.00341873118
4.99242099  0.00341107827
4.9923902  0.00340358614
4.99219173  0.00340177033
4.99237947  0.00339937027
4.99254778  0.00339598031
4.99257947  0.00338859831
4.99259935  0.00338115968
4.99269438  0.00337503109
4.99286493  0.00337190367
4.99284889  0.00336453105
4.99268015  0.00336138137
4.99290701  0.00336167261
4.99291776  0.00335434992
4.99295128  0.00334720938
4.99277857  0.00334438553
4.99275165  0.00333723926
4.99275828  0.00333002239
4.99262551  0.00332547599
4.9926184  0.00331831662
4.99252579  0.00331247248
4.99218819  0.00332252283
4.99226706  0.00331634406
4.99236577  0.00331072653
4.99253782  0.0033081349
4.99246083  0.00330199208
4.99262488  0.00329905421
4.99274397  0.00329421337
4.99302969  0.00329961644
4.9927068  0.00330841571
4.99257783  0.00330396362
4.99258972  0.00329704393
4.99270453  0.00329213019
4.99251263  0.00329083078
4.99238858  0.00328629775
4.99259376  0.0032858501
4.99265386  0.00327956845
4.99250604  0.00327609407
4.99211356  0.00329273806
4.99206995  0.00328622359
4.99223033  0.00328335929
4.99236032  0.00327917537
4.9923818  0.00327251233
4.9922229  0.00326966181
4.99239183  0.00326733599
4.99224175  0.00326411273
4.9923343  0.00325877651
4.99225445  0.00325313107
4.99239  0.00324935512
4.99249864  0.00324459325
4.99258523  0.00323919373
4.99276792  0.00323781094
4.99281542  0.00323164466
4.99270247  0.00322712874
4.99294699  0.00322991165
4.99287472  0.00322426013
