    1     0.02464     0.02464              0
    2    0.030208    0.027424     0.00196859
    3    0.039104   0.0313173     0.00343915
    4      0.0212    0.028788     0.00338397
    5     0.02008   0.0270464     0.00312335
    6     0.03408   0.0282187      0.0028142
    7    0.036304   0.0293737     0.00263858
    8      0.0184    0.028002     0.00264136
    9    0.033024     0.02856     0.00240609
   10    0.024112   0.0281152     0.00220621
   11     0.01848   0.0272393     0.00217258
   12     0.02008   0.0266427     0.00207183
   13    0.029168   0.0268369     0.00192155
   14    0.023472   0.0265966     0.00179926
   15    0.023632   0.0263989     0.00169013
   16     0.03184    0.026739     0.00161835
   17    0.034464   0.0271934     0.00158566
   18    0.030576   0.0273813     0.00150867
   19    0.021024   0.0270467      0.0014659
   20    0.023936   0.0268912     0.00140083
    1   0.0339628   0.0339628              0
    2   0.0284499   0.0312064     0.00194912
    3   0.0260273     0.02948     0.00191712
    4   0.0247849   0.0283062     0.00176087
    5   0.0391652    0.030478     0.00239953
    6   0.0289934   0.0302306     0.00201233
    7   0.0257322    0.029588     0.00182458
    8   0.0363699   0.0304357      0.0017826
    9   0.0329845   0.0307189     0.00160687
   10   0.0223313   0.0298801     0.00165064
   11   0.0347704   0.0303247      0.0015593
   12   0.0343976   0.0306641     0.00146583
   13   0.0313539   0.0307172     0.00135404
   14   0.0398019   0.0313661     0.00140423
   15   0.0253751   0.0309667     0.00136623
   16   0.0225487   0.0304406     0.00137843
   17   0.0423798   0.0311429     0.00146537
   18   0.0349101   0.0313522     0.00139883
   19   0.0276268   0.0311561     0.00133888
   20   0.0384353     0.03152     0.00132048
    1   0.0312878   0.0312878              0
    2    0.046992   0.0391399     0.00555228
    3   0.0311067   0.0364622       0.004299
    4    0.032027   0.0353534      0.0033642
    5    0.039253   0.0361333      0.0027803
    6   0.0343954   0.0358437     0.00233195
    7   0.0391323   0.0363135      0.0020456
    8   0.0405655    0.036845     0.00185766
    9   0.0398565   0.0371796     0.00168112
   10   0.0375182   0.0372134     0.00151335
   11   0.0283461   0.0364073     0.00157592
   12    0.041184   0.0368054     0.00149402
   13     0.04488   0.0374265     0.00150267
   14   0.0296887   0.0368738     0.00149353
   15   0.0327963    0.036602     0.00141848
   16   0.0352101    0.036515     0.00133249
   17   0.0335054   0.0363379     0.00126581
   18   0.0304279   0.0360096     0.00123734
   19   0.0438994   0.0364249     0.00123994
   20   0.0437637   0.0367918     0.00123104
    1   0.0338067   0.0338067              0
    2   0.0437507   0.0387787     0.00351573
    3   0.0402307   0.0392627     0.00237691
    4   0.0536947   0.0428707     0.00359739
    5   0.0270893   0.0397144     0.00403137
    6   0.0412427   0.0399691     0.00336752
    7   0.0354787   0.0393276     0.00294691
    8   0.0414187    0.039589     0.00259011
    9   0.0249627   0.0379639     0.00276556
   10    0.032736   0.0374411     0.00253794
   11   0.0375467   0.0374507     0.00230723
   12    0.039644   0.0376334     0.00212219
   13   0.0366667   0.0375591     0.00196025
   14   0.0470947   0.0382402     0.00193495
   15   0.0417853   0.0384765     0.00182033
   16   0.0413453   0.0386558     0.00171536
   17   0.0393067   0.0386941     0.00161489
   18   0.0475493   0.0391861     0.00159835
   19   0.0309027   0.0387501     0.00157256
   20   0.0359333   0.0386093     0.00150023
    1   0.0330642   0.0330642              0
    2    0.041341   0.0372026     0.00292628
    3   0.0430819   0.0391624     0.00252316
    4   0.0426396   0.0400317     0.00203662
    5   0.0418547   0.0403963     0.00166161
    6   0.0588078   0.0434649     0.00312477
    7   0.0444662   0.0436079     0.00268164
    8   0.0409557   0.0432764     0.00236684
    9   0.0493894   0.0439556     0.00219916
   10   0.0515157   0.0447116     0.00210519
   11   0.0405133   0.0443299      0.0019481
   12   0.0375736   0.0437669     0.00186534
   13   0.0376878   0.0432993      0.0017795
   14   0.0458789   0.0434836     0.00166191
   15   0.0382158   0.0431324     0.00158779
   16   0.0422971   0.0430802     0.00148941
   17   0.0436099   0.0431113     0.00140212
   18   0.0474201   0.0433507      0.0013445
   19   0.0406275   0.0432074     0.00128136
   20   0.0486759   0.0434808     0.00124612
    1   0.0498543   0.0498543              0
    2   0.0482008   0.0490276    0.000584591
    3   0.0455886   0.0478813     0.00101386
    4   0.0464362     0.04752    0.000822244
    5   0.0453941   0.0470948    0.000759813
    6   0.0493541   0.0474714    0.000720466
    7   0.0539533   0.0483974     0.00105656
    8   0.0504657   0.0486559    0.000955597
    9   0.0459638   0.0483568    0.000895012
   10    0.041184   0.0476395     0.00105446
   11   0.0454775   0.0474429    0.000976746
   12   0.0373491   0.0466018     0.00120426
   13   0.0505768   0.0469076     0.00114979
   14    0.045408   0.0468005     0.00107264
   15   0.0504935   0.0470467       0.001029
   16   0.0469086    0.047038    0.000964719
   17   0.0493958   0.0471767    0.000917886
   18   0.0545091   0.0475841    0.000953006
   19   0.0526194   0.0478491    0.000938973
   20     0.05544   0.0482286    0.000965691
    1   0.0584997   0.0584997              0
    2   0.0569022   0.0577009    0.000564815
    3   0.0659729   0.0604583     0.00228262
    4   0.0536123   0.0587468     0.00226445
    5   0.0506474   0.0571269     0.00231969
    6   0.0575791   0.0572023      0.0019343
    7   0.0500517   0.0561807     0.00190874
    8   0.0513785   0.0555805     0.00176201
    9   0.0584185   0.0558958      0.0015942
   10   0.0606117   0.0563674     0.00150291
   11   0.0514597   0.0559212     0.00143097
   12   0.0595557   0.0562241      0.0013434
   13   0.0499705   0.0557431     0.00132339
   14   0.0517034   0.0554545     0.00125992
   15   0.0568615   0.0555483     0.00117942
   16   0.0605982   0.0558639     0.00114715
   17   0.0548172   0.0558024     0.00108133
   18   0.0587163   0.0559642      0.0010333
   19   0.0598671   0.0561697    0.000999124
   20   0.0502006   0.0558712    0.000992743
    1   0.0590172   0.0590172              0
    2   0.0614064   0.0602118     0.00084471
    3   0.0554532   0.0586256     0.00141226
    4   0.0656304   0.0603768     0.00184984
    5     0.05511   0.0593234     0.00175433
    6   0.0630168    0.059939     0.00156622
    7   0.0566148   0.0594641     0.00141263
    8    0.055836   0.0590106     0.00130683
    9    0.053856   0.0584379     0.00128099
   10   0.0593472   0.0585288     0.00115612
   11   0.0512688   0.0578688       0.001225
   12   0.0601524   0.0580591     0.00113761
   13   0.0562584   0.0579206      0.0010585
   14   0.0498432   0.0573436     0.00112924
   15   0.0599016   0.0575142     0.00106675
   16   0.0581988   0.0575569     0.00100094
   17   0.0632412   0.0578913    0.000996344
   18   0.0580008   0.0578974     0.00094101
   19   0.0510312    0.057536    0.000958365
   20    0.052008   0.0572596    0.000949469
    1   0.0662318   0.0662318              0
    2   0.0569081     0.06157     0.00329643
    3   0.0640168   0.0623856      0.0022963
    4   0.0593678   0.0616311       0.001842
    5    0.054706   0.0602461     0.00192513
    6   0.0755298   0.0627934     0.00282505
    7   0.0632956   0.0628651     0.00242238
    8   0.0512418   0.0614122     0.00251788
    9   0.0695543   0.0623169     0.00239514
   10   0.0661932   0.0627045     0.00218677
   11   0.0654591   0.0629549     0.00200226
   12   0.0635017   0.0630005     0.00183592
   13   0.0633729   0.0630291     0.00169492
   14    0.068112   0.0633922     0.00161227
   15   0.0589042    0.063093      0.0015323
   16   0.0609132   0.0629568     0.00144257
   17   0.0642228   0.0630312     0.00135964
   18   0.0675325   0.0632813     0.00130689
   19   0.0623813   0.0632339     0.00123897
   20   0.0521303   0.0626788     0.00129545
    1   0.0656983   0.0656983              0
    2   0.0620274   0.0638629     0.00129784
    3   0.0670434    0.064923     0.00122391
    4   0.0602297   0.0637497     0.00136936
    5   0.0606069   0.0631211     0.00123133
    6   0.0545977   0.0617006     0.00165366
    7   0.0683634   0.0626524     0.00166903
    8   0.0599029   0.0623087     0.00149537
    9   0.0592491   0.0619688     0.00136731
   10    0.073216   0.0630935     0.00162875
   11   0.0728766   0.0639829     0.00170631
   12   0.0684766   0.0643573     0.00160468
   13   0.0673326   0.0645862     0.00149748
   14   0.0673451   0.0647833     0.00140342
   15   0.0628069   0.0646515     0.00131603
   16   0.0664903   0.0647664     0.00123879
   17   0.0561566     0.06426     0.00126522
   18   0.0586206   0.0639467     0.00123311
   19   0.0585326   0.0636617     0.00120068
   20     0.07128   0.0640426     0.00119955
    1   0.0715256   0.0715256              0
    2   0.0674244    0.069475        0.00145
    3   0.0724465   0.0704655     0.00126036
    4    0.069389   0.0701964     0.00097358
    5   0.0756759   0.0712923     0.00125197
    6   0.0701626    0.071104     0.00105737
    7   0.0734043   0.0714326    0.000956021
    8   0.0705924   0.0713276    0.000842268
    9   0.0685049    0.071014    0.000804959
   10   0.0700398   0.0709165    0.000730334
   11    0.079814   0.0717254     0.00101764
   12   0.0659632   0.0712452     0.00103997
   13   0.0681243   0.0710051    0.000987296
   14   0.0716238   0.0710493    0.000917763
   15   0.0638512   0.0705695    0.000973991
   16    0.074141   0.0707927    0.000938347
   17   0.0690084   0.0706877    0.000889001
   18     0.07559   0.0709601    0.000880341
   19   0.0655211   0.0706738    0.000879318
   20   0.0704205   0.0706611    0.000835444
    1    0.068592    0.068592              0
    2    0.072108     0.07035     0.00124309
    3    0.069636    0.070112    0.000851208
    4    0.077256    0.071898     0.00167329
    5     0.07824   0.0731664     0.00175471
    6    0.076824    0.073776     0.00156457
    7     0.07044   0.0732994     0.00141178
    8    0.079068   0.0740205     0.00140746
    9    0.080628   0.0747547     0.00142979
   10    0.072672   0.0745464     0.00130189
   11     0.07644   0.0747185     0.00119486
   12     0.07482    0.074727     0.00109532
   13     0.07692   0.0748957     0.00102397
   14     0.07302   0.0747617    0.000959557
   15    0.074832   0.0747664    0.000895598
   16    0.072336   0.0746145    0.000852407
   17    0.071148   0.0744106    0.000826295
   18    0.068328   0.0740727    0.000846673
   19     0.07674   0.0742131    0.000813667
   20     0.07086   0.0740454    0.000790067
    1   0.0750229   0.0750229              0
    2   0.0750112   0.0750171    4.14836e-06
    3   0.0803733   0.0768025     0.00145779
    4   0.0837291   0.0785341      0.0018559
    5   0.0775456   0.0783364     0.00149521
    6   0.0743893   0.0776786     0.00138318
    7   0.0753045   0.0773394     0.00122645
    8   0.0756448   0.0771276     0.00109129
    9   0.0765365   0.0770619    0.000972007
   10   0.0769589   0.0770516    0.000874861
   11   0.0804555   0.0773611    0.000848289
   12   0.0714325    0.076867    0.000910164
   13   0.0798453   0.0770961    0.000868507
   14   0.0731339   0.0768131    0.000851336
   15   0.0788128   0.0769464    0.000804951
   16   0.0648267   0.0761889     0.00105233
   17   0.0737909   0.0760479     0.00099984
   18   0.0797515   0.0762536    0.000965233
   19   0.0796928   0.0764346    0.000931248
   20    0.079024   0.0765641     0.00089364
    1   0.0833551   0.0833551              0
    2   0.0824943   0.0829247    0.000304363
    3   0.0868101   0.0842198     0.00107676
    4   0.0798657   0.0831313      0.0012413
    5   0.0871889   0.0839428     0.00123003
    6   0.0732198   0.0821557     0.00192674
    7   0.0806348   0.0819384     0.00166369
    8   0.0886696   0.0827798     0.00165487
    9   0.0843537   0.0829547     0.00148021
   10   0.0782129   0.0824805     0.00140609
   11   0.0808184   0.0823294     0.00128636
   12   0.0791082    0.082061     0.00120684
   13   0.0825172   0.0820961     0.00111452
   14   0.0799117     0.08194     0.00104578
   15    0.086305    0.082231     0.00101574
   16   0.0821155   0.0822238    0.000952281
   17   0.0883711   0.0825854    0.000962475
   18   0.0840668   0.0826677    0.000912516
   19   0.0833092   0.0827015    0.000865113
   20   0.0754351   0.0823382    0.000894902
    1    0.081649    0.081649              0
    2   0.0834128   0.0825309    0.000623578
    3   0.0876592   0.0842403     0.00145635
    4   0.0843003   0.0842553     0.00109234
    5   0.0871649   0.0848372     0.00101713
    6   0.0887602   0.0854911     0.00103667
    7   0.0829746   0.0851316    0.000948858
    8    0.083278   0.0848999    0.000858075
    9     0.08357   0.0847521     0.00077535
   10   0.0876705   0.0850439    0.000750731
   11   0.0836711   0.0849191    0.000692779
   12   0.0887602   0.0852392    0.000705125
   13   0.0770318   0.0846079    0.000889707
   14   0.0900858   0.0849992    0.000908129
   15   0.0863224   0.0850874     0.00085186
   16   0.0858506   0.0851351    0.000799953
   17   0.0851765   0.0851375    0.000752901
   18   0.0841317   0.0850816    0.000713144
   19   0.0870301   0.0851842    0.000682944
   20     0.08621   0.0852355     0.00065072
    1    0.092741    0.092741              0
    2    0.093489    0.093115    0.000264458
    3    0.088649   0.0916263     0.00122821
    4    0.087901    0.090695     0.00122436
    5    0.089727   0.0905014     0.00099468
    6    0.085646   0.0896922     0.00111031
    7    0.092125   0.0900397     0.00100462
    8    0.088715   0.0898741    0.000892584
    9    0.094402   0.0903772    0.000924381
   10    0.083952   0.0897347     0.00103135
   11    0.092378    0.089975    0.000965178
   12    0.086834   0.0897133    0.000919554
   13    0.092026   0.0898912    0.000865858
   14    0.084161   0.0894819     0.00089554
   15    0.087351   0.0893398    0.000847029
   16    0.088682   0.0892987    0.000795087
   17    0.090684   0.0893802    0.000752481
   18    0.089078   0.0893634    0.000710864
   19    0.086889   0.0892332    0.000685276
   20    0.089727   0.0892578    0.000651456
    1    0.093025    0.093025              0
    2   0.0901156   0.0915703     0.00102862
    3   0.0924323   0.0918576    0.000724774
    4   0.0974645   0.0932593     0.00133007
    5   0.0905897   0.0927254     0.00116631
    6   0.0924647    0.092682    0.000972733
    7   0.0965701   0.0932374    0.000979605
    8   0.0890488   0.0927138    0.000987207
    9   0.0927987   0.0927233    0.000877562
   10   0.0930358   0.0927545    0.000790362
   11   0.0928957   0.0927673    0.000718615
   12   0.0909238   0.0926137    0.000674953
   13   0.0896738   0.0923876    0.000659833
   14   0.0928418     0.09242    0.000613499
   15   0.0934021   0.0924855    0.000576083
   16   0.0932944    0.092536    0.000542291
   17    0.087745   0.0922542    0.000579011
   18   0.0917966   0.0922288    0.000547402
   19   0.0830038   0.0917433    0.000701618
   20   0.0863873   0.0914755    0.000715823
    1   0.0911222   0.0911222              0
    2   0.0893693   0.0902458    0.000619765
    3   0.0943642   0.0916186     0.00119461
    4   0.0953357   0.0925478     0.00120433
    5   0.0933398   0.0927062    0.000973827
    6   0.0933504   0.0928136    0.000817419
    7   0.0921888   0.0927243    0.000705501
    8   0.0947654   0.0929795    0.000661841
    9   0.0917453   0.0928423    0.000602343
   10   0.0943853   0.0929966    0.000561522
   11   0.0945226   0.0931354    0.000527332
   12   0.0975427   0.0935026     0.00059776
   13   0.0894643    0.093192    0.000627322
   14   0.0970675   0.0934688    0.000640687
   15   0.0932765    0.093456    0.000598103
   16   0.0967085   0.0936593    0.000594263
   17   0.0899501   0.0934411    0.000598021
   18    0.094343   0.0934912    0.000566893
   19   0.0989578   0.0937789    0.000605683
   20   0.0978067   0.0939803    0.000607959
    1   0.0971002   0.0971002              0
    2   0.0996264   0.0983633    0.000893117
    3    0.095744   0.0974902    0.000928825
    4   0.0954955   0.0969915    0.000819621
    5   0.0993158   0.0974564    0.000776405
    6   0.0992433   0.0977542    0.000701803
    7    0.101728   0.0983219    0.000798803
    8     0.09592   0.0980216    0.000753265
    9   0.0947398    0.097657    0.000752676
   10   0.0928141   0.0971727    0.000818512
   11    0.102898   0.0976932      0.0008944
   12   0.0980631    0.097724    0.000820398
   13   0.0992226   0.0978393    0.000765346
   14   0.0943464   0.0975898    0.000750243
   15   0.0968414   0.0975399    0.000701884
   16    0.103581   0.0979175    0.000752756
   17   0.0988602   0.0979729    0.000710516
   18   0.0974522    0.097944    0.000671632
   19    0.102908   0.0982053    0.000685221
   20   0.0972452   0.0981573    0.000652639
    1    0.103122    0.103122              0
    2    0.100462    0.101792    0.000940561
    3    0.100513    0.101366    0.000717235
    4    0.102259    0.101589    0.000571656
    5    0.102229    0.101717    0.000471424
    6    0.103001    0.101931    0.000438707
    7   0.0969388    0.101218    0.000759852
    8   0.0997615    0.101036    0.000686331
    9    0.104189    0.101386    0.000693735
   10   0.0984415    0.101092    0.000684006
   11   0.0991929    0.100919    0.000643236
   12   0.0974871    0.100633    0.000650113
   13     0.10561    0.101016    0.000703865
   14     0.09834    0.100825    0.000679045
   15    0.101498     0.10087    0.000635256
   16    0.102229    0.100955    0.000601206
   17   0.0998631     0.10089     0.00056926
   18   0.0947354    0.100548    0.000632045
   19   0.0987969    0.100456    0.000605465
   20     0.10098    0.100482    0.000575758
    1     0.10303     0.10303              0
    2     0.10295     0.10299    2.81775e-05
    3   0.0988655    0.101615     0.00112267
    4     0.10288    0.101931     0.00088544
    5    0.102422     0.10203    0.000713769
    6    0.101127    0.101879    0.000610453
    7    0.103478    0.102108    0.000564366
    8    0.105331     0.10251    0.000621226
    9    0.104773    0.102762    0.000600924
   10    0.105311    0.103017    0.000592441
   11    0.104942    0.103192    0.000563855
   12    0.101864    0.103081    0.000527611
   13    0.104026    0.103154    0.000492005
   14    0.106018    0.103358    0.000497591
   15    0.101984    0.103267    0.000472784
   16    0.106507    0.103469    0.000484659
   17    0.109007    0.103795    0.000554927
   18    0.103458    0.103776    0.000524414
   19   0.0984471    0.103496    0.000566882
   20    0.104086    0.103525    0.000539305
    1    0.105502    0.105502              0
    2    0.104916    0.105209    0.000207418
    3    0.107204    0.105874    0.000560213
    4    0.106969    0.106148    0.000482442
    5     0.10736     0.10639     0.00044272
    6    0.109687     0.10694    0.000622693
    7    0.104573    0.106602    0.000618722
    8    0.104045    0.106282    0.000618408
    9    0.105395    0.106183      0.0005575
   10     0.10383    0.105948    0.000549172
   11    0.102002    0.105589    0.000605188
   12    0.108152    0.105803    0.000591236
   13    0.104182    0.105678    0.000558745
   14    0.104876    0.105621    0.000521761
   15    0.103361     0.10547    0.000508267
   16    0.100242    0.105144    0.000571983
   17     0.10602    0.105195    0.000540658
   18    0.105903    0.105234     0.00051205
   19    0.110215    0.105497    0.000548109
   20    0.107047    0.105574    0.000526158
    1    0.107309    0.107309              0
    2     0.10921    0.108259    0.000672034
    3    0.109094    0.108538     0.00050239
    4    0.106963    0.108144    0.000508098
    5    0.109325     0.10838    0.000458085
    6    0.108269    0.108362    0.000382113
    7    0.109574    0.108535    0.000364695
    8    0.106848    0.108324    0.000375144
    9     0.10392    0.107835    0.000569244
   10    0.115469    0.108598    0.000887125
   11     0.10657    0.108414    0.000825421
   12    0.110256    0.108567    0.000770782
   13    0.112493    0.108869    0.000768369
   14    0.108125    0.108816    0.000715323
   15    0.102931    0.108424    0.000767717
   16    0.111782    0.108634    0.000747884
   17    0.108701    0.108638    0.000703901
   18     0.10441    0.108403    0.000702894
   19     0.10752    0.108356    0.000667433
   20    0.106723    0.108275    0.000639036
    1     0.11401     0.11401              0
    2    0.107919    0.110965     0.00215344
    3    0.111559    0.111163      0.0014447
    4    0.110663    0.111038     0.00108892
    5    0.111521    0.111135     0.00087541
    6    0.113124    0.111466    0.000789809
    7    0.110135    0.111276    0.000699493
    8    0.108711    0.110955    0.000681567
    9    0.116235    0.111542     0.00082035
   10     0.11104    0.111492    0.000739848
   11    0.114189    0.111737    0.000712072
   12    0.112228    0.111778    0.000653908
   13    0.110823    0.111705    0.000607717
   14     0.11138    0.111681    0.000564751
   15    0.112549    0.111739    0.000530054
   16    0.113303    0.111837    0.000505857
   17    0.115877    0.112075    0.000528989
   18      0.1127    0.112109     0.00050074
   19    0.111889    0.112098    0.000474519
   20    0.110267    0.112006    0.000459536
    1    0.113057    0.113057              0
    2    0.110732    0.111894     0.00082203
    3    0.112751     0.11218    0.000595575
    4    0.112696    0.112309    0.000460422
    5    0.116317    0.113111    0.000806154
    6    0.114178    0.113288    0.000691135
    7    0.113418    0.113307     0.00059265
    8    0.114391    0.113442    0.000533828
    9    0.113418     0.11344    0.000474521
   10    0.115373    0.113633    0.000464772
   11    0.113001    0.113576    0.000426054
   12    0.116077    0.113784    0.000438575
   13    0.114984    0.113876    0.000414432
   14    0.114011    0.113886    0.000384941
   15    0.118485    0.114193    0.000465643
   16    0.117318    0.114388    0.000475752
   17    0.118856    0.114651    0.000515267
   18    0.112297     0.11452    0.000502955
   19     0.11063    0.114315    0.000516476
   20    0.112131    0.114206    0.000502071
    1    0.112482    0.112482              0
    2    0.117243    0.114863      0.0016833
    3    0.116023     0.11525     0.00116582
    4    0.115705    0.115363      0.0008799
    5     0.11514    0.115319    0.000705049
    6    0.119146    0.115957    0.000827192
    7    0.118108    0.116264     0.00076399
    8    0.121586    0.116929     0.00091327
    9    0.112956    0.116488    0.000912299
   10    0.118937    0.116733    0.000853303
   11    0.117498    0.116802    0.000778563
   12    0.117371     0.11685    0.000715123
   13    0.119137    0.117026    0.000681413
   14    0.118846    0.117156    0.000645022
   15     0.11718    0.117157    0.000602023
   16     0.11738    0.117171    0.000564557
   17    0.113939    0.116981    0.000562455
   18    0.115741    0.116912    0.000535407
   19    0.114257    0.116772    0.000525142
   20    0.115741    0.116721    0.000501409
    1    0.116062    0.116062              0
    2    0.116634    0.116348    0.000202496
    3    0.117476    0.116724    0.000335272
    4    0.121655    0.117957      0.0010968
    5    0.120831    0.118532     0.00101705
    6    0.119283    0.118657    0.000855223
    7     0.12161    0.119079    0.000830616
    8    0.118818    0.119046    0.000727428
    9      0.1228    0.119463    0.000756809
   10    0.119239    0.119441    0.000681462
   11    0.117646    0.119278    0.000638754
   12    0.118782    0.119236    0.000586857
   13    0.123686    0.119579     0.00063373
   14    0.121905    0.119745    0.000609868
   15     0.11829    0.119648    0.000576871
   16    0.120939    0.119728    0.000546431
   17    0.117655    0.119606    0.000527731
   18    0.118039    0.119519    0.000505543
   19    0.123463    0.119727     0.00051979
   20    0.118326    0.119657      0.0004985
    1    0.123429    0.123429              0
    2    0.126201    0.124815     0.00098005
    3    0.121238    0.123622      0.0011725
    4     0.11975    0.122654     0.00121494
    5    0.123209    0.122765    0.000976997
    6    0.123015    0.122807    0.000815052
    7     0.12056    0.122486    0.000759197
    8    0.124678     0.12276    0.000712046
    9    0.117858    0.122215    0.000815019
   10    0.122003    0.122194    0.000733793
   11    0.121774    0.122156    0.000668076
   12    0.127398    0.122593    0.000741574
   13    0.125206    0.122794    0.000711261
   14    0.123684    0.122857    0.000663292
   15    0.124758    0.122984    0.000631054
   16    0.121836    0.122912    0.000595679
   17     0.12452    0.123007    0.000568096
   18     0.12269    0.122989    0.000536808
   19    0.120604    0.122864    0.000523029
   20    0.122109    0.122826    0.000498238
    1    0.123587    0.123587              0
    2    0.126703    0.125145      0.0011017
    3    0.124141     0.12481    0.000783655
    4    0.125448    0.124969    0.000603737
    5    0.125915    0.125159    0.000511756
    6    0.123777    0.124928    0.000475444
    7    0.122288    0.124551     0.00053665
    8    0.127231    0.124886      0.0005645
    9    0.122011    0.124567    0.000585212
   10    0.121786    0.124289     0.00058905
   11    0.119371    0.123842    0.000684419
   12    0.125794    0.124004     0.00064643
   13    0.126356    0.124185    0.000621512
   14    0.121639    0.124003     0.00060314
   15     0.12704    0.124206    0.000595944
   16    0.123716    0.124175    0.000559482
   17    0.121033     0.12399    0.000556263
   18    0.126235    0.124115    0.000539159
   19    0.125906    0.124209    0.000518959
   20    0.127187    0.124358    0.000513929
    1    0.125937    0.125937              0
    2    0.126201    0.126069    9.33381e-05
    3    0.125638    0.125925    0.000132561
    4    0.126635    0.126103     0.00018301
    5    0.129215    0.126725    0.000575734
    6    0.126507    0.126689    0.000480923
    7    0.127546    0.126811     0.00042753
    8    0.129147    0.127103    0.000463183
    9    0.126124    0.126994    0.000424308
   10    0.126175    0.126912     0.00038971
   11     0.12632    0.126859    0.000357987
   12    0.129224    0.127056    0.000378544
   13     0.12718    0.127065    0.000349546
   14    0.128636    0.127177    0.000342114
   15    0.130399    0.127392    0.000380798
   16    0.125179    0.127254    0.000381304
   17     0.12368    0.127044    0.000412786
   18    0.127529    0.127071    0.000390733
   19    0.127614    0.127099    0.000371215
   20    0.124071    0.126948    0.000382278
    1    0.133475    0.133475              0
    2    0.128296    0.130885      0.0018312
    3    0.130148    0.130639      0.0012372
    4    0.129645    0.130391    0.000952552
    5    0.126779    0.129668     0.00099912
    6    0.130458      0.1298     0.00084122
    7    0.130366    0.129881    0.000724917
    8    0.134841    0.130501    0.000859496
    9    0.127365    0.130152    0.000831614
   10    0.127994    0.129937    0.000775961
   11    0.130056    0.129947    0.000705495
   12    0.130022    0.129954    0.000646731
   13    0.128899    0.129873    0.000602049
   14    0.131723    0.130005    0.000573378
   15    0.129209    0.129952      0.0005376
   16    0.126494    0.129736    0.000545716
   17    0.129997    0.129751    0.000513832
   18    0.131631    0.129855     0.00049579
   19    0.128296    0.129773    0.000476444
   20    0.127818    0.129676    0.000462545
    1    0.131208    0.131208              0
    2     0.12964    0.130424    0.000554195
    3    0.130738    0.130529    0.000379188
    4    0.130243    0.130457    0.000291054
    5    0.131406    0.130647    0.000288132
    6    0.130845     0.13068    0.000241992
    7    0.130754    0.130691    0.000207654
    8    0.134863    0.131212    0.000520574
    9    0.130342    0.131115     0.00047163
   10    0.128403    0.130844    0.000496374
   11    0.130531    0.130816    0.000452062
   12    0.128667    0.130637    0.000448454
   13    0.130416     0.13062    0.000414278
   14    0.129929     0.13057    0.000387612
   15    0.134079    0.130804    0.000426548
   16    0.129113    0.130699    0.000412786
   17    0.130366    0.130679    0.000388967
   18    0.130961    0.130695    0.000367672
   19    0.131373     0.13073     0.00035005
   20    0.130243    0.130706    0.000333395
    1    0.131894    0.131894              0
    2    0.134144    0.133019    0.000795528
    3    0.134226    0.133422    0.000623746
    4    0.134478    0.133686    0.000520689
    5    0.131277    0.133204    0.000599284
    6    0.136541     0.13376    0.000712156
    7    0.129368    0.133133    0.000842628
    8    0.137475    0.133675    0.000895214
    9    0.131643     0.13345    0.000823747
   10    0.135761    0.133681    0.000773123
   11    0.131171    0.133453    0.000735722
   12     0.13053    0.133209    0.000713592
   13    0.131358    0.133067    0.000672751
   14    0.133194    0.133076    0.000624759
   15    0.131651    0.132981    0.000590287
   16    0.129652    0.132773    0.000588908
   17      0.1349    0.132898    0.000567404
   18     0.13256    0.132879    0.000536191
   19    0.130254    0.132741    0.000525476
   20    0.131781    0.132693    0.000501391
    1       0.133       0.133              0
    2    0.135008    0.134004    0.000709935
    3    0.132104    0.133371    0.000701007
    4    0.133456    0.133392     0.00052608
    5     0.13808     0.13433    0.000938297
    6    0.134664    0.134385    0.000783568
    7    0.136752    0.134723    0.000740989
    8     0.13468    0.134718    0.000648385
    9    0.133808    0.134617    0.000584173
   10    0.133472    0.134502    0.000536858
   11     0.13868    0.134882    0.000607715
   12    0.133888    0.134799    0.000562691
   13    0.141264    0.135297    0.000705727
   14    0.134488    0.135239    0.000657677
   15    0.137336    0.135379    0.000628517
   16    0.135792    0.135404    0.000589765
   17    0.138608    0.135593    0.000584403
   18    0.135968    0.135614    0.000552308
   19    0.138112    0.135745    0.000538663
   20    0.138384    0.135877     0.00052764
    1    0.137241    0.137241              0
    2    0.136019     0.13663    0.000431863
    3    0.137745    0.137002    0.000418329
    4    0.139447    0.137613    0.000615465
    5    0.138509    0.137792    0.000517827
    6    0.135239    0.137367    0.000580623
    7    0.136445    0.137235      0.0005124
    8    0.138029    0.137334    0.000457854
    9    0.137524    0.137355    0.000407468
   10    0.136579    0.137278     0.00037405
   11    0.131488    0.136751    0.000606211
   12    0.134341     0.13655     0.00058804
   13    0.131409    0.136155    0.000662588
   14    0.138951    0.136355    0.000644652
   15    0.135491    0.136297     0.00060424
   16    0.138911     0.13646    0.000588151
   17    0.135129    0.136382    0.000558748
   18    0.135239    0.136319    0.000531303
   19    0.138438     0.13643    0.000514921
   20    0.137595    0.136488     0.00049246
    1    0.136108    0.136108              0
    2    0.143771    0.139939     0.00270955
    3    0.141908    0.140596     0.00188413
    4    0.144307    0.141523      0.0016256
    5    0.139408      0.1411     0.00135444
    6    0.140231    0.140955     0.00113643
    7    0.142203    0.141134    0.000987958
    8    0.137653    0.140698    0.000955482
    9    0.142529    0.140902    0.000870696
   10    0.137459    0.140557    0.000848983
   11    0.135455    0.140094     0.00088953
   12    0.139881    0.140076    0.000815579
   13    0.137451    0.139874    0.000777439
   14    0.136713    0.139648    0.000753978
   15     0.14204    0.139808    0.000720373
   16    0.138903    0.139751    0.000677566
   17    0.140867    0.139817    0.000640882
   18    0.137761    0.139703    0.000615366
   19    0.136224     0.13952    0.000609606
   20    0.139043    0.139496    0.000579592
    1    0.141948    0.141948              0
    2    0.138443    0.140195      0.0012391
    3    0.138474    0.139622    0.000949719
    4    0.143348    0.140553     0.00107626
    5    0.146049    0.141652      0.0013069
    6    0.137984    0.141041     0.00122377
    7    0.140333     0.14094     0.00105312
    8     0.13943    0.140751    0.000938233
    9    0.143165    0.141019    0.000871461
   10    0.137938    0.140711    0.000837017
   11     0.14217    0.140844    0.000771355
   12    0.141213    0.140875    0.000707689
   13    0.139874    0.140798    0.000657423
   14    0.140486    0.140775    0.000610841
   15    0.140746    0.140773    0.000570121
   16    0.136454    0.140503    0.000594995
   17    0.142246    0.140606    0.000568758
   18    0.139729    0.140557    0.000539245
   19    0.140754    0.140568    0.000510963
   20    0.144045    0.140741    0.000514139
    1    0.140652    0.140652              0
    2    0.142205    0.141429    0.000549361
    3    0.141315    0.141391    0.000367533
    4    0.142869     0.14176    0.000422417
    5    0.147161    0.142841      0.0010235
    6    0.143835    0.143006    0.000866226
    7    0.145811    0.143407    0.000829987
    8    0.142288    0.143267     0.00073792
    9    0.146392    0.143614    0.000733065
   10    0.145102    0.143763    0.000674684
   11     0.14744    0.144097     0.00069122
   12    0.142794    0.143989    0.000642098
   13    0.141489    0.143796    0.000620832
   14    0.140712    0.143576    0.000614337
   15    0.140523    0.143373    0.000606154
   16    0.150676    0.143829     0.00071991
   17    0.140033    0.143606    0.000711349
   18    0.146037    0.143741    0.000684535
   19    0.144491     0.14378    0.000649644
   20    0.141172     0.14365    0.000630116
    1    0.146501    0.146501              0
    2    0.145959     0.14623    0.000191935
    3    0.147148    0.146536     0.00028081
    4    0.146137    0.146436    0.000227644
    5    0.140983    0.145346    0.000992299
    6    0.144434    0.145194     0.00083847
    7     0.14459    0.145108    0.000723109
    8    0.144984    0.145092    0.000632885
    9    0.148532    0.145474    0.000668055
   10    0.146873    0.145614    0.000615722
   11    0.142634    0.145343    0.000616466
   12    0.144166    0.145245    0.000572843
   13    0.143118    0.145082     0.00055166
   14    0.141526    0.144828    0.000567705
   15     0.14491    0.144833    0.000529885
   16    0.142039    0.144659    0.000524747
   17    0.144776    0.144665    0.000493925
   18    0.146695    0.144778    0.000479179
   19    0.144635    0.144771    0.000454018
   20    0.142404    0.144652    0.000446474
    1    0.146175    0.146175              0
    2    0.142677    0.144426     0.00123673
    3    0.147085    0.145312     0.00109692
    4    0.148947    0.146221     0.00113849
    5    0.147026    0.146382    0.000922099
    6    0.147774    0.146614    0.000797062
    7    0.144445    0.146304    0.000741003
    8    0.146953    0.146385    0.000652797
    9    0.152592    0.147075    0.000871472
   10    0.148419    0.147209    0.000794627
   11    0.145618    0.147065    0.000735439
   12    0.145413    0.146927    0.000686917
   13    0.149043     0.14709    0.000653071
   14    0.147451    0.147116    0.000606934
   15    0.147261    0.147125    0.000566549
   16    0.147473    0.147147    0.000531557
   17    0.145889    0.147073    0.000505411
   18    0.146637    0.147049    0.000477912
   19    0.147913    0.147094    0.000454919
   20    0.145537    0.147016    0.000438784
    1    0.146741    0.146741              0
    2    0.153836    0.150288     0.00250862
    3    0.149033     0.14987     0.00170693
    4    0.145865    0.148869     0.00154617
    5    0.152802    0.149655     0.00142301
    6    0.148014    0.149382     0.00121187
    7    0.147189    0.149069     0.00107847
    8     0.14512    0.148575     0.00105053
    9    0.147196    0.148422    0.000944908
   10    0.147717    0.148351    0.000853042
   11    0.149026    0.148413    0.000777695
   12    0.146921    0.148288    0.000722749
   13    0.143876    0.147949    0.000742574
   14    0.148339    0.147977    0.000690056
   15    0.150328    0.148134    0.000661615
   16    0.146111    0.148007    0.000632222
   17    0.145403    0.147854    0.000613318
   18    0.145591    0.147728    0.000591996
   19    0.148831    0.147786    0.000563675
   20    0.146647    0.147729    0.000538364
    1    0.148054    0.148054              0
    2    0.149688    0.148871    0.000577687
    3    0.151186    0.149643    0.000738526
    4    0.148439    0.149342    0.000612119
    5     0.14774    0.149022    0.000567371
    6    0.148668    0.148963    0.000475865
    7    0.148026    0.148829    0.000426298
    8    0.149089    0.148861    0.000374247
    9    0.149324    0.148913     0.00033618
   10    0.150402    0.149062    0.000333907
   11    0.152371    0.149362    0.000417639
   12      0.1517    0.149557    0.000425855
   13     0.15195    0.149741    0.000431038
   14    0.147983    0.149616    0.000418151
   15    0.151329     0.14973    0.000405577
   16    0.146841    0.149549     0.00041849
   17    0.151208    0.149647    0.000405085
   18    0.150794    0.149711     0.00038756
   19    0.152706    0.149868    0.000397941
   20    0.149438    0.149847    0.000378624
    1    0.151374    0.151374              0
    2    0.151642    0.151508    9.45826e-05
    3    0.152606    0.151874    0.000305482
    4     0.15495    0.152643     0.00070438
    5    0.155331    0.153181    0.000740719
    6    0.154162    0.153344    0.000635068
    7    0.152965     0.15329    0.000546647
    8      0.1525    0.153191    0.000487142
    9    0.156112    0.153516    0.000530204
   10    0.152747    0.153439    0.000482727
   11    0.148966    0.153032    0.000585552
   12    0.149628    0.152749    0.000601561
   13    0.152353    0.152718    0.000556058
   14    0.156774    0.153008    0.000586966
   15    0.151402    0.152901     0.00055751
   16    0.153303    0.152926    0.000523232
   17    0.148551    0.152669    0.000552126
   18    0.151114    0.152582    0.000528167
   19    0.147059    0.152292    0.000574838
   20    0.149361    0.152145    0.000564466
    1    0.150779    0.150779              0
    2    0.151717    0.151248    0.000331596
    3    0.154968    0.152488     0.00103639
    4    0.155308    0.153193    0.000988495
    5    0.156406    0.153836    0.000977619
    6    0.151529    0.153451     0.00088705
    7    0.148785    0.152785    0.000979282
    8    0.148569    0.152258    0.000988502
    9    0.153419    0.152387    0.000887047
   10    0.154384    0.152586     0.00082053
   11    0.152092    0.152541    0.000747167
   12    0.153836    0.152649    0.000692642
   13     0.15073    0.152502    0.000654906
   14    0.152245    0.152483    0.000608385
   15    0.153447    0.152548    0.000571205
   16    0.151772    0.152499    0.000537556
   17    0.158067    0.152827    0.000597424
   18    0.150153    0.152678    0.000582399
   19    0.150126    0.152544    0.000567028
   20    0.152404    0.152537    0.000538719
    1    0.155952    0.155952              0
    2    0.153024    0.154488      0.0010352
    3    0.150981    0.153319     0.00117794
    4    0.154519    0.153619    0.000920868
    5    0.152743    0.153444    0.000753176
    6    0.151735    0.153159    0.000679362
    7    0.154903    0.153408    0.000626331
    8    0.154793    0.153581     0.00057147
    9    0.155369     0.15378    0.000541406
   10    0.158475    0.154249    0.000660202
   11    0.150631     0.15392    0.000677197
   12    0.154581    0.153975    0.000622994
   13    0.153586    0.153945     0.00057579
   14     0.15395    0.153946    0.000534662
   15    0.149767    0.153667    0.000566975
   16    0.148697    0.153357    0.000610732
   17    0.156987     0.15357    0.000611012
   18     0.15541    0.153672    0.000585556
   19    0.154341    0.153708    0.000555793
   20    0.149273    0.153486    0.000570516
    1     0.15599     0.15599              0
    2    0.155638    0.155814    0.000124451
    3    0.155361    0.155663    0.000148729
    4    0.156708    0.155924    0.000252198
    5    0.158711    0.156482    0.000537869
    6    0.157872    0.156713    0.000495636
    7    0.157858    0.156877    0.000451021
    8    0.153472    0.156451    0.000560579
    9    0.151732    0.155927    0.000701907
   10    0.156024    0.155937    0.000631783
   11    0.160451    0.156347    0.000694977
   12    0.156302    0.156343    0.000637072
   13    0.158366    0.156499    0.000606773
   14    0.152822    0.156236    0.000617657
   15    0.151719    0.155935    0.000645742
   16    0.154359    0.155837    0.000612853
   17    0.155767    0.155832    0.000576817
   18    0.152626    0.155654    0.000571619
   19    0.157655     0.15576    0.000551151
   20    0.153709    0.155657    0.000533046
    1    0.155386    0.155386              0
    2    0.156883    0.156134     0.00052931
    3    0.154209    0.155493    0.000631641
    4    0.159483     0.15649    0.000985243
    5    0.157164    0.156625    0.000797346
    6    0.161528    0.157442    0.000998989
    7    0.156315    0.157281     0.00086916
    8    0.155646    0.157077    0.000784164
    9    0.158039    0.157184    0.000704288
   10    0.153688    0.156834    0.000715363
   11    0.154971    0.156665    0.000670072
   12    0.156903    0.156685    0.000614527
   13    0.157177    0.156722    0.000568422
   14     0.15566    0.156647    0.000532864
   15    0.156261    0.156621    0.000497958
   16    0.159697    0.156813    0.000502574
   17    0.156188    0.156776    0.000474355
   18    0.155005    0.156678    0.000458098
   19    0.154356    0.156556    0.000449986
   20    0.154236     0.15644     0.00044218
    1    0.158908    0.158908              0
    2    0.160103    0.159506    0.000422355
    3    0.155899    0.158303     0.00102126
    4      0.1597    0.158652    0.000823498
    5    0.156301    0.158182    0.000781616
    6    0.157232    0.158024    0.000667204
    7    0.156466    0.157801    0.000607862
    8    0.158644    0.157907    0.000540934
    9    0.157628    0.157876    0.000481717
   10     0.15673    0.157761    0.000446957
   11    0.159878    0.157954    0.000445847
   12    0.156235     0.15781    0.000431077
   13    0.156585    0.157716    0.000408093
   14    0.160525    0.157917     0.00042542
   15    0.158519    0.157957    0.000398947
   16    0.154955    0.157769    0.000415802
   17    0.158261    0.157798    0.000392349
   18    0.161126    0.157983    0.000411807
   19    0.159126    0.158043    0.000394502
   20    0.158308    0.158056    0.000374998
    1    0.156321    0.156321              0
    2    0.160238    0.158279     0.00138509
    3    0.159384    0.158648    0.000971126
    4    0.163497     0.15986     0.00127789
    5    0.158661     0.15962     0.00104458
    6    0.162793    0.160149    0.000995406
    7     0.16014    0.160148    0.000853206
    8    0.158719    0.159969    0.000765012
    9    0.156171    0.159547    0.000787887
   10    0.155688    0.159161    0.000798026
   11    0.159326    0.159176    0.000725618
   12    0.160277    0.159268    0.000670925
   13    0.160681    0.159377    0.000628064
   14    0.162722    0.159616    0.000627004
   15     0.15883    0.159563    0.000587386
   16    0.156464     0.15937    0.000581739
   17    0.157181    0.159241    0.000561584
   18    0.158908    0.159222    0.000530688
   19    0.162376    0.159388     0.00052808
   20    0.161666    0.159502    0.000513806
    1    0.164041    0.164041              0
    2    0.160583    0.162312      0.0012225
    3    0.161336    0.161987    0.000857156
    4    0.162791    0.162188    0.000666067
    5     0.16341    0.162432    0.000575937
    6    0.167357    0.163253    0.000889788
    7    0.160699    0.162888    0.000834141
    8    0.159372    0.162449    0.000837676
    9    0.161465    0.162339    0.000751696
   10    0.157936    0.161899    0.000795082
   11    0.159321    0.161665    0.000756559
   12    0.162598    0.161742    0.000697502
   13    0.160351    0.161635    0.000652008
   14     0.15869    0.161425    0.000638482
   15    0.161993    0.161463    0.000597038
   16    0.159881    0.161364     0.00056785
   17    0.161787    0.161389    0.000534992
   18    0.157672    0.161182    0.000543654
   19    0.156314    0.160926    0.000572251
   20    0.161169    0.160938    0.000543767
    1    0.163807    0.163807              0
    2    0.165887    0.164847    0.000735459
    3    0.163241    0.164312      0.0006569
    4    0.163432    0.164092    0.000528232
    5    0.163871    0.164048    0.000424432
    6    0.166479    0.164453    0.000511798
    7    0.158883    0.163657    0.000857348
    8    0.162764    0.163546    0.000757417
    9     0.15798    0.162927    0.000890612
   10    0.160321    0.162667    0.000838814
   11     0.15735    0.162183    0.000890975
   12    0.165868     0.16249    0.000868035
   13    0.166097    0.162768    0.000844443
   14    0.160213    0.162585    0.000803602
   15    0.160805    0.162467    0.000758747
   16     0.16396     0.16256    0.000717042
   17    0.162211    0.162539    0.000675158
   18    0.164004    0.162621    0.000642536
   19    0.160544    0.162512    0.000617947
   20    0.159189    0.162345    0.000608973
    1    0.168545    0.168545              0
    2     0.16495    0.166747     0.00127118
    3    0.166163    0.166553    0.000862256
    4    0.163542      0.1658    0.000918229
    5    0.160305    0.164701     0.00122717
    6     0.16253    0.164339     0.00107467
    7    0.160895    0.163847     0.00102759
    8    0.165528    0.164057     0.00092037
    9    0.163705    0.164018    0.000818938
   10    0.163045    0.163921      0.0007428
   11    0.164296    0.163955    0.000676056
   12    0.163611    0.163926    0.000620325
   13    0.161958    0.163775      0.0005908
   14    0.160625     0.16355    0.000589881
   15    0.166685    0.163759    0.000586408
   16    0.163944     0.16377    0.000549872
   17    0.159852     0.16354    0.000563769
   18    0.163787    0.163554    0.000532615
   19    0.159481    0.163339     0.00054601
   20    0.162536    0.163299    0.000520185
    1    0.165053    0.165053              0
    2     0.16932    0.167187     0.00150878
    3    0.162146    0.165506     0.00170117
    4    0.161997    0.164629     0.00148501
    5    0.162643    0.164232        0.00124
    6    0.164929    0.164348     0.00103876
    7    0.160251    0.163763     0.00104227
    8    0.163015    0.163669    0.000916161
    9    0.157953    0.163034     0.00101083
   10    0.161711    0.162902    0.000918369
   11    0.162326    0.162849    0.000836372
   12    0.162512    0.162821    0.000767146
   13    0.165637    0.163038    0.000738073
   14    0.162543    0.163002    0.000686198
   15    0.161475    0.162901    0.000647965
   16    0.163146    0.162916    0.000607648
   17    0.164289    0.162997    0.000577245
   18    0.165071    0.163112    0.000556565
   19    0.160593    0.162979    0.000542836
   20     0.16045    0.162853    0.000530223
    1    0.159763    0.159763              0
    2    0.167652    0.163708     0.00278929
    3    0.168377    0.165264     0.00225227
    4    0.169034    0.166206     0.00187604
    5    0.165215    0.166008     0.00151127
    6    0.170415    0.166743     0.00142676
    7     0.16314    0.166228     0.00131249
    8    0.161372    0.165621     0.00128115
    9    0.164595    0.165507     0.00114386
   10    0.164325    0.165389     0.00103556
   11     0.16877    0.165696    0.000985983
   12    0.162919    0.165465    0.000930585
   13    0.164472    0.165388    0.000862128
   14    0.168985    0.165645    0.000837944
   15    0.165853    0.165659    0.000782196
   16    0.163379    0.165516    0.000746175
   17    0.167032    0.165606    0.000707589
   18    0.163183    0.165471    0.000680961
   19    0.165344    0.165464    0.000645154
   20    0.165743    0.165478    0.000613047
    1    0.166939    0.166939              0
    2    0.164542     0.16574    0.000847553
    3    0.163122    0.164867    0.000909537
    4     0.16544    0.165011    0.000693322
    5    0.168359     0.16568    0.000816367
    6     0.16811    0.166085    0.000774277
    7    0.164894    0.165915     0.00068212
    8    0.161495    0.165363    0.000789511
    9     0.17106    0.165996    0.000921252
   10    0.169615    0.166358    0.000897428
   11    0.167837    0.166492    0.000825863
   12    0.168505     0.16666    0.000773885
   13    0.162733    0.166358     0.00077105
   14    0.166423    0.166362    0.000715989
   15    0.173572    0.166843    0.000813757
   16    0.169009    0.166978     0.00077407
   17    0.169403    0.167121    0.000741559
   18    0.168256    0.167184    0.000703036
   19    0.163273    0.166978    0.000695513
   20    0.163528    0.166806    0.000681794
    1    0.166374    0.166374              0
    2    0.164508    0.165441    0.000659731
    3     0.16764    0.166174    0.000742721
    4    0.166518     0.16626    0.000561998
    5    0.162984    0.165605    0.000738626
    6    0.164586    0.165435    0.000634739
    7    0.169254    0.165981    0.000742382
    8    0.168552    0.166302    0.000715794
    9    0.165426    0.166205    0.000642845
   10     0.16497    0.166081    0.000590298
   11    0.170076    0.166444    0.000638651
   12    0.169836    0.166727    0.000644945
   13    0.168558    0.166868     0.00061052
   14    0.169446    0.167052    0.000594036
   15     0.16677    0.167033    0.000554731
   16     0.16791    0.167088     0.00052276
   17     0.16578    0.167011    0.000497639
   18    0.164376    0.166865    0.000491053
   19    0.169512    0.167004    0.000484573
   20    0.169332     0.16712    0.000474118
    1    0.169506    0.169506              0
    2    0.165952    0.167729     0.00125639
    3    0.164855    0.166771      0.0011461
    4    0.166919    0.166808    0.000860177
    5     0.16912     0.16727    0.000802884
    6    0.165389    0.166957    0.000727755
    7     0.16982    0.167366    0.000729756
    8    0.169791    0.167669    0.000698649
    9    0.168746    0.167789    0.000631196
   10    0.173107     0.16832    0.000759778
   11    0.168491    0.168336    0.000690866
   12    0.168847    0.168379    0.000634607
   13    0.165727    0.168175    0.000617707
   14     0.16721    0.168106    0.000577416
   15    0.167874     0.16809    0.000539127
   16    0.169619    0.168186    0.000513823
   17    0.169856    0.168284      0.0004929
   18    0.171244    0.168448    0.000492184
   19    0.166901    0.168367    0.000472967
   20    0.174495    0.168673    0.000539514
    1    0.169746    0.169746              0
    2    0.168191    0.168969    0.000549658
    3    0.162982    0.166973     0.00167013
    4    0.169969    0.167722     0.00141058
    5    0.170978    0.168373     0.00126991
    6    0.168197    0.168344      0.0010586
    7    0.166807    0.168124    0.000929865
    8    0.167769     0.16808    0.000814692
    9     0.16974    0.168264    0.000744764
   10    0.169553    0.168393    0.000681335
   11    0.169734    0.168515    0.000630209
   12    0.169852    0.168627    0.000587451
   13    0.174668    0.169091     0.00070244
   14    0.170726    0.169208    0.000661898
   15    0.171007    0.169328    0.000628548
   16    0.165792    0.169107    0.000626914
   17    0.165991    0.168924    0.000616242
   18    0.171131    0.169046    0.000594078
   19     0.17001    0.169097    0.000564972
   20    0.173595    0.169322    0.000579753
    1    0.166012    0.166012              0
    2    0.167254    0.166633    0.000438997
    3     0.16802    0.167096    0.000477596
    4    0.168571    0.167464    0.000479982
    5     0.17214      0.1684    0.000920251
    6    0.170486    0.168747    0.000829982
    7    0.169697    0.168883    0.000722415
    8    0.168763    0.168868    0.000632269
    9    0.169825    0.168974    0.000570882
   10     0.16885    0.168962    0.000513929
   11    0.172842    0.169314    0.000575661
   12    0.169749    0.169351    0.000528827
   13    0.171879    0.169545    0.000522676
   14    0.172801    0.169778    0.000534585
   15    0.176184    0.170205    0.000647438
   16     0.16346    0.169783    0.000731462
   17    0.164626     0.16948     0.00074871
   18    0.170701    0.169548     0.00071018
   19    0.168467    0.169491    0.000675077
   20    0.174843    0.169758    0.000692345
    1    0.170917    0.170917              0
    2    0.170119    0.170518    0.000282043
    3    0.169878    0.170305    0.000256295
    4    0.171583    0.170624    0.000336896
    5    0.169511    0.170402    0.000335124
    6     0.17366    0.170945    0.000569035
    7    0.170383    0.170865    0.000493366
    8    0.173723    0.171222     0.00054599
    9    0.171784    0.171284    0.000488879
   10    0.178596    0.172016    0.000821422
   11    0.171485    0.171967    0.000748161
   12    0.171129    0.171897    0.000689065
   13     0.16892    0.171668    0.000673053
   14    0.169643    0.171524    0.000640339
   15    0.172157    0.171566    0.000599038
   16    0.171353    0.171553    0.000561746
   17    0.172541    0.171611    0.000531703
   18    0.170785    0.171565    0.000504139
   19    0.175744    0.171785    0.000523385
   20    0.168776    0.171634    0.000518382
    1    0.174019    0.174019              0
    2    0.171634    0.172826    0.000843054
    3    0.171583    0.172412    0.000656047
    4    0.178441    0.173919     0.00139506
    5    0.168387    0.172813     0.00149167
    6    0.170504    0.172428     0.00129172
    7    0.170181    0.172107     0.00114639
    8     0.17311    0.172232     0.00100993
    9    0.170357    0.172024    0.000918969
   10    0.179889     0.17281     0.00111391
   11    0.171293    0.172673     0.00102114
   12     0.16917    0.172381    0.000976871
   13    0.170124    0.172207    0.000917022
   14    0.168602     0.17195    0.000886932
   15    0.171793    0.171939    0.000827864
   16    0.171521    0.171913    0.000776536
   17    0.167688    0.171664    0.000769596
   18     0.17131    0.171645    0.000727092
   19    0.171509    0.171638    0.000688859
   20    0.173127    0.171712     0.00065843
    1    0.170701    0.170701              0
    2    0.168393    0.169547    0.000816212
    3     0.17392    0.171005     0.00130863
    4      0.1777    0.172678     0.00175062
    5    0.172757    0.172694     0.00140057
    6    0.174156    0.172938     0.00118813
    7    0.172139    0.172824     0.00102386
    8     0.17465    0.173052     0.00092098
    9    0.174027     0.17316     0.00082499
   10    0.169673    0.172812    0.000812847
   11    0.174392    0.172955    0.000751537
   12    0.172656     0.17293    0.000689322
   13    0.178166    0.173333    0.000744727
   14    0.172336    0.173262    0.000694931
   15    0.171297    0.173131    0.000660836
   16    0.172179    0.173071    0.000622208
   17    0.171538    0.172981    0.000592107
   18    0.176509    0.173177    0.000590765
   19    0.172729    0.173154    0.000560142
   20    0.172443    0.173118    0.000533262
    1    0.172962    0.172962              0
    2    0.174557    0.173759    0.000563959
    3     0.17235     0.17329    0.000537027
    4    0.173123    0.173248    0.000404385
    5    0.173756     0.17335    0.000336055
    6    0.170477    0.172871    0.000519041
    7    0.175529    0.173251    0.000567065
    8    0.169988    0.172843    0.000625873
    9    0.172122    0.172763    0.000561428
   10    0.172328    0.172719    0.000506965
   11    0.173429    0.172784    0.000464959
   12    0.171561    0.172682    0.000437235
   13    0.173429    0.172739    0.000407356
   14    0.171233    0.172632    0.000392209
   15    0.167704    0.172303    0.000484494
   16    0.172745    0.172331    0.000454999
   17     0.17409    0.172434    0.000439843
   18    0.175546    0.172607    0.000448094
   19    0.175213    0.172744    0.000444998
   20    0.175279    0.172871     0.00044043
    1    0.167756    0.167756              0
    2    0.174949    0.171352     0.00254346
    3    0.174949    0.172551     0.00195796
    4    0.174328    0.172996       0.001518
    5    0.178893    0.174175     0.00160863
    6     0.17572    0.174432     0.00136097
    7    0.178684     0.17504     0.00129499
    8    0.172271    0.174694     0.00117846
    9    0.169136    0.174076     0.00119845
   10    0.172007    0.173869     0.00109632
   11    0.173723    0.173856    0.000996735
   12    0.174245    0.173888    0.000914202
   13     0.17413    0.173907    0.000844067
   14     0.17512    0.173994    0.000788211
   15    0.176473    0.174159    0.000752795
   16    0.177402    0.174362    0.000732532
   17     0.17452    0.174371    0.000689501
   18    0.178183    0.174583    0.000682953
   19    0.176985    0.174709    0.000658602
   20    0.173558    0.174652    0.000628182
    1    0.172427    0.172427              0
    2    0.171502    0.171965    0.000327164
    3    0.175312    0.173081    0.000936852
    4    0.174861    0.173526    0.000801382
    5    0.172607    0.173342    0.000661828
    6    0.175688    0.173733    0.000656952
    7    0.170974    0.173339    0.000670988
    8    0.170402    0.172972    0.000680131
    9    0.170392    0.172685    0.000662229
   10    0.171214    0.172538    0.000612137
   11    0.172389    0.172524    0.000556637
   12    0.175998    0.172814    0.000580666
   13    0.169902     0.17259    0.000577596
   14    0.172302    0.172569    0.000536705
   15    0.177299    0.172885    0.000586281
   16    0.175329    0.173037     0.00056919
   17    0.173581    0.173069    0.000536607
   18     0.17891    0.173394    0.000596901
   19    0.177843    0.173628    0.000609698
   20    0.175067      0.1737    0.000583445
    1    0.174434    0.174434              0
    2    0.177958    0.176196     0.00124578
    3     0.17236    0.174917     0.00133409
    4    0.174596    0.174837     0.00100299
    5    0.174666    0.174802    0.000802972
    6    0.171358    0.174228    0.000849979
    7    0.172608    0.173997    0.000759437
    8    0.173006    0.173873    0.000674526
    9    0.172737    0.173747    0.000611277
   10    0.173119    0.173684     0.00055336
   11    0.177085    0.173993    0.000583056
   12    0.173286    0.173934    0.000537434
   13    0.176002    0.174093    0.000519093
   14    0.179046    0.174447    0.000590375
   15    0.176104    0.174558    0.000561258
   16     0.17097    0.174333    0.000569216
   17    0.178335    0.174569    0.000582369
   18    0.180409    0.174893     0.00063399
   19    0.176271    0.174966    0.000604757
   20    0.176573    0.175046    0.000579834
    1    0.176037    0.176037              0
    2    0.176811    0.176424    0.000273415
    3    0.174869    0.175906    0.000460718
    4    0.174992    0.175677    0.000398167
    5    0.174357    0.175413     0.00039651
    6    0.178171    0.175873    0.000534016
    7    0.180725    0.176566    0.000788291
    8    0.176464    0.176553    0.000689858
    9    0.175077    0.176389      0.0006324
   10     0.17872    0.176622    0.000610599
   11    0.177381    0.176691    0.000558975
   12    0.171648    0.176271     0.00065151
   13    0.178992     0.17648    0.000634122
   14    0.180021    0.176733    0.000637274
   15    0.173499    0.176518     0.00063022
   16    0.182037    0.176863    0.000678714
   17    0.180528    0.177078    0.000672164
   18    0.175547    0.176993    0.000640185
   19    0.175152    0.176896    0.000613781
   20    0.177019    0.176902    0.000583123
    1     0.17216     0.17216              0
    2    0.175592    0.173876      0.0012134
    3    0.173036    0.173596     0.00084058
    4    0.172809    0.173399     0.00065304
    5    0.174192    0.173558    0.000541363
    6    0.174926    0.173786     0.00049687
    7    0.172297    0.173573    0.000469215
    8    0.178469    0.174185    0.000704484
    9    0.175111    0.174288    0.000633676
   10    0.174435    0.174303     0.00057048
   11    0.178015     0.17464    0.000610335
   12    0.176463    0.174792    0.000578062
   13    0.175027     0.17481    0.000533877
   14    0.173865    0.174743    0.000499993
   15    0.174409     0.17472    0.000467155
   16    0.175344    0.174759    0.000439578
   17    0.174699    0.174756    0.000413734
   18     0.17471    0.174753    0.000390757
   19    0.176896    0.174866    0.000386119
   20    0.172656    0.174756    0.000382299
    1    0.179123    0.179123              0
    2    0.180963    0.180043    0.000650594
    3    0.178046    0.179377    0.000695361
    4      0.1716    0.177433     0.00176271
    5    0.178166    0.177579     0.00141625
    6    0.177607    0.177584     0.00118022
    7    0.173194    0.176957     0.00116637
    8    0.178694    0.177174     0.00104059
    9    0.179996    0.177488     0.00097105
   10    0.177026    0.177441    0.000875039
   11    0.178103    0.177502    0.000797556
   12    0.175118    0.177303    0.000755419
   13    0.175563    0.177169    0.000709073
   14    0.178657    0.177275    0.000666346
   15    0.175918    0.177185    0.000628037
   16    0.177026    0.177175    0.000588863
   17    0.178673    0.177263    0.000560779
   18    0.174219    0.177094    0.000554539
   19    0.179865     0.17724    0.000544193
   20    0.177847     0.17727    0.000517829
    1    0.181363    0.181363              0
    2    0.178205    0.179784      0.0011164
    3    0.179256    0.179608    0.000758011
    4    0.175695     0.17863     0.00102033
    5    0.172521    0.177408      0.0013639
    6    0.171476    0.176419     0.00145136
    7    0.173168    0.175955     0.00131623
    8    0.175498    0.175898     0.00115294
    9    0.176336    0.175947     0.00102586
   10    0.174597    0.175812    0.000932108
   11    0.180271    0.176217    0.000931354
   12    0.185804    0.177016     0.00114629
   13    0.177382    0.177044     0.00105846
   14    0.176393    0.176998    0.000983878
   15    0.172402    0.176691    0.000964802
   16    0.178951    0.176832    0.000914777
   17    0.174675    0.176706    0.000869727
   18    0.177455    0.176747    0.000822404
   19    0.178609    0.176845    0.000784935
   20    0.181223    0.177064     0.00077561
    1    0.175317    0.175317              0
    2    0.181494    0.178405     0.00218393
    3    0.177695    0.178168     0.00146872
    4    0.180576     0.17877     0.00121865
    5    0.181099    0.179236     0.00106018
    6    0.180391    0.179429    0.000900803
    7    0.175973    0.178935    0.000897267
    8    0.176085    0.178579    0.000852878
    9    0.176455    0.178343    0.000790097
   10    0.180258    0.178534    0.000733939
   11    0.180212    0.178687    0.000682883
   12    0.180889     0.17887    0.000650162
   13    0.175265    0.178593    0.000656631
   14    0.179746    0.178675    0.000614868
   15    0.173589    0.178336    0.000660794
   16    0.180884    0.178495    0.000638387
   17    0.179474    0.178553    0.000603424
   18    0.178428    0.178546     0.00056994
   19    0.170877    0.178142    0.000667739
   20    0.179305    0.178201    0.000636876
    1    0.175002    0.175002              0
    2    0.172402    0.173702    0.000919021
    3    0.176997      0.1748     0.00108608
    4    0.181327    0.176432     0.00163114
    5    0.177469    0.176639     0.00131803
    6    0.177205    0.176734     0.00110172
    7    0.177499    0.176843    0.000949748
    8    0.176768    0.176834    0.000831076
    9    0.175941    0.176734    0.000744632
   10    0.177012    0.176762    0.000670686
   11    0.177911    0.176867    0.000617787
   12    0.173402    0.176578    0.000630158
   13    0.176885    0.176602    0.000582127
   14      0.1736    0.176387    0.000578674
   15     0.18115    0.176705     0.00062112
   16      0.1818    0.177023    0.000658888
   17     0.17987    0.177191    0.000641063
   18    0.176819     0.17717     0.00060578
   19    0.177322    0.177178     0.00057395
   20    0.175966    0.177117    0.000548441
    1    0.175492    0.175492              0
    2    0.175678    0.175585    6.57811e-05
    3    0.181044    0.177405     0.00148627
    4    0.178001    0.177554     0.00112216
    5     0.18041    0.178125     0.00103295
    6    0.174044    0.177445     0.00106137
    7    0.176443    0.177302    0.000919357
    8    0.181225    0.177792    0.000926029
    9    0.176493    0.177648    0.000834313
   10    0.178861    0.177769    0.000759657
   11    0.177348    0.177731    0.000691562
   12    0.178348    0.177782    0.000635844
   13    0.184267    0.178281    0.000757746
   14    0.178645    0.178307    0.000704067
   15    0.178087    0.178292    0.000657282
   16    0.183855     0.17864    0.000702144
   17    0.177453     0.17857    0.000664303
   18    0.176553    0.178458    0.000636778
   19    0.183945    0.178747    0.000665535
   20    0.183523    0.178986    0.000673737
    1    0.182464    0.182464              0
    2     0.18218    0.182322    0.000100382
    3    0.178484    0.181043      0.0010467
    4    0.179286    0.180603    0.000872307
    5    0.178564    0.180195    0.000787484
    6    0.180302    0.180213    0.000656437
    7    0.181781    0.180437    0.000599672
    8    0.182618     0.18071    0.000583403
    9    0.177079    0.180306      0.0006431
   10    0.179764    0.180252    0.000581073
   11    0.175844    0.179851    0.000651959
   12    0.179196    0.179797    0.000599911
   13    0.179699    0.179789    0.000553811
   14    0.181104    0.179883    0.000522153
   15    0.179191    0.179837    0.000489377
   16     0.17943    0.179812    0.000459451
   17    0.178853    0.179755    0.000435875
   18    0.177383    0.179623    0.000431123
   19    0.184501     0.17988    0.000478803
   20    0.176501    0.179711    0.000483749
    1    0.178804    0.178804              0
    2    0.179402    0.179103    0.000211101
    3    0.174442    0.177549     0.00127627
    4     0.17163    0.176069     0.00159967
    5    0.176012    0.176058     0.00127978
    6    0.180275    0.176761     0.00124461
    7    0.179964    0.177218     0.00114786
    8    0.179268    0.177475     0.00103258
    9    0.180013    0.177757    0.000955607
   10    0.181143    0.178095    0.000918102
   11    0.180862    0.178347     0.00086841
   12    0.183867    0.178807     0.00090977
   13    0.180522    0.178939    0.000849297
   14    0.178429    0.178902    0.000789412
   15    0.183586    0.179215    0.000796144
   16     0.18102    0.179328    0.000754339
   17    0.180023    0.179368    0.000711076
   18    0.180319    0.179421    0.000673531
   19    0.180354     0.17947    0.000639868
   20    0.175523    0.179273    0.000637588
    1    0.184282    0.184282              0
    2    0.176875    0.180578     0.00261865
    3     0.17755    0.179569     0.00193059
    4    0.180688    0.179849     0.00146809
    5    0.175536    0.178986     0.00140524
    6    0.178826    0.178959     0.00117129
    7    0.173829    0.178227     0.00121174
    8    0.177701    0.178161     0.00106205
    9    0.177828    0.178124    0.000944685
   10    0.183069    0.178618    0.000971071
   11    0.178777    0.178633    0.000882899
   12    0.182952    0.178993    0.000879634
   13    0.181334    0.179173    0.000830197
   14    0.181872    0.179366     0.00079296
   15    0.179148    0.179351    0.000740228
   16    0.175306    0.179098    0.000735879
   17    0.178136    0.179042    0.000694763
   18    0.178244    0.178997    0.000657578
   19    0.179188    0.179007    0.000623044
   20    0.182336    0.179174    0.000613718
    1    0.182136    0.182136              0
    2    0.180654    0.181395    0.000524063
    3    0.180654    0.181148    0.000403424
    4    0.180692    0.181034    0.000318224
    5    0.178309    0.180489      0.0005499
    6    0.176928    0.179895    0.000709524
    7    0.176202    0.179368    0.000780069
    8    0.180019    0.179449    0.000686794
    9    0.180232    0.179536    0.000615968
   10    0.179273     0.17951    0.000554933
   11    0.181947    0.179731    0.000546925
   12    0.180518    0.179797    0.000505259
   13    0.182267    0.179987    0.000500836
   14    0.180847    0.180048    0.000468817
   15    0.180295    0.180065    0.000437851
   16    0.182669    0.180228     0.00043969
   17    0.178009    0.180097    0.000432765
   18    0.173513    0.179731    0.000541664
   19    0.176294     0.17955    0.000542527
   20    0.178619    0.179504    0.000517395
    1    0.181522    0.181522              0
    2    0.182016    0.181769    0.000174797
    3    0.175248    0.179595     0.00177856
    4    0.178339    0.179281     0.00136135
    5    0.180744    0.179574     0.00112008
    6    0.186864    0.180789     0.00144966
    7    0.180883    0.180802     0.00124262
    8    0.186014    0.181454     0.00124645
    9    0.183322    0.181661      0.0011251
   10     0.18156    0.181651     0.00101263
   11    0.179678    0.181472    0.000936322
   12    0.177941    0.181178     0.00090335
   13    0.173928     0.18062    0.000991155
   14    0.185083    0.180939    0.000970276
   15    0.180082    0.180882    0.000907272
   16    0.182069    0.180956    0.000853597
   17    0.177581    0.180757     0.00082615
   18    0.177773    0.180591    0.000796717
   19    0.183432    0.180741    0.000768683
   20    0.180408    0.180724    0.000730429
    1    0.179458    0.179458              0
    2    0.184662     0.18206     0.00183985
    3    0.180352    0.181491     0.00131167
    4    0.179249     0.18093     0.00109699
    5    0.181661    0.181076    0.000887262
    6    0.181765    0.181191    0.000746774
    7    0.182992    0.181449    0.000682987
    8    0.177213    0.180919    0.000776154
    9    0.176252    0.180401    0.000845577
   10     0.17952    0.180312    0.000765591
   11    0.177641     0.18007    0.000733499
   12    0.179178    0.179995    0.000676131
   13    0.187939    0.180606    0.000856874
   14    0.180048    0.180566    0.000796596
   15    0.182036    0.180664    0.000749493
   16    0.186774    0.181046    0.000793985
   17    0.178816    0.180915    0.000758041
   18    0.181989    0.180975    0.000718271
   19    0.184576    0.181164    0.000705037
   20    0.179734    0.181093    0.000673402
    1    0.180138    0.180138              0
    2     0.17861    0.179374    0.000540028
    3    0.178092    0.178946    0.000501408
    4    0.177865    0.178676    0.000442955
    5    0.183607    0.179662    0.000950627
    6    0.180303    0.179769    0.000798155
    7    0.180779    0.179913    0.000697043
    8    0.183881    0.180409    0.000766285
    9    0.179185    0.180273    0.000693105
   10    0.182179    0.180464    0.000649463
   11     0.18249    0.180648    0.000615989
   12    0.182782    0.180826    0.000589774
   13     0.17976    0.180744    0.000550072
   14    0.178346    0.180573    0.000536782
   15    0.179756    0.180518    0.000503752
   16    0.176163    0.180246    0.000540818
   17    0.181656    0.180329    0.000515322
   18    0.176757    0.180131      0.0005235
   19    0.182646    0.180263    0.000512409
   20    0.184847    0.180492    0.000535608
    1    0.182314    0.182314              0
    2    0.179366     0.18084     0.00104241
    3    0.185921    0.182534     0.00154777
    4     0.18323    0.182708     0.00117057
    5    0.179202    0.182007     0.00112704
    6    0.182202    0.182039    0.000939666
    7    0.181697     0.18199    0.000806697
    8     0.18059    0.181815    0.000724604
    9    0.181595    0.181791    0.000644508
   10     0.18159    0.181771     0.00058037
   11    0.178828    0.181503    0.000586016
   12    0.181604    0.181512    0.000537241
   13    0.179137    0.181329    0.000526057
   14    0.183674    0.181496    0.000514456
   15    0.179128    0.181339    0.000503818
   16    0.178338    0.181151    0.000506033
   17    0.181711    0.181184    0.000477339
   18    0.179782    0.181106    0.000457134
   19    0.180455    0.181072    0.000434358
   20    0.183917    0.181214    0.000435312
    1    0.185254    0.185254              0
    2    0.182225    0.183739     0.00107093
    3    0.183702    0.183727    0.000714026
    4    0.179265    0.182612     0.00110451
    5     0.18028    0.182145    0.000977129
    6    0.180423    0.181858    0.000855386
    7    0.181618    0.181824    0.000733875
    8    0.182104    0.181859    0.000642978
    9    0.182683    0.181951    0.000578024
   10    0.181789    0.181934    0.000520446
   11     0.17852    0.181624    0.000558093
   12    0.184013    0.181823     0.00054593
   13    0.182359    0.181864     0.00050549
   14    0.181762    0.181857    0.000469437
   15    0.186745    0.182183    0.000539527
   16    0.183415     0.18226    0.000511275
   17    0.177075    0.181955    0.000564905
   18    0.178052    0.181738     0.00057363
   19    0.184717    0.181895    0.000564454
   20    0.186333    0.182117    0.000578211
    1    0.180829    0.180829              0
    2    0.184428    0.182628     0.00127264
    3    0.186099    0.183785     0.00126976
    4    0.179924     0.18282      0.0012672
    5     0.18312     0.18288     0.00101517
    6    0.184483    0.183147    0.000880444
    7    0.179424    0.182615    0.000901141
    8    0.186003    0.183039    0.000882404
    9    0.179984    0.182699    0.000847134
   10    0.181508     0.18258     0.00077075
   11    0.182757    0.182596    0.000700849
   12    0.178501    0.182255    0.000720768
   13    0.181715    0.182213    0.000666521
   14      0.1821    0.182205    0.000618961
   15    0.181177    0.182137    0.000581477
   16    0.185916    0.182373    0.000591159
   17    0.181072    0.182296    0.000561317
   18    0.185131    0.182454    0.000551775
   19    0.179525      0.1823    0.000543846
   20    0.177674    0.182068    0.000563686
    1    0.182442    0.182442              0
    2    0.182679    0.182561    8.36824e-05
    3    0.185346    0.183489    0.000760209
    4    0.181382    0.182962    0.000730251
    5    0.181231    0.182616    0.000661174
    6    0.181295    0.182396    0.000586486
    7    0.182952    0.182475    0.000508054
    8    0.179793     0.18214    0.000544045
    9    0.185414    0.182504    0.000592894
   10    0.181841    0.182438    0.000537294
   11    0.179379     0.18216    0.000555766
   12     0.18526    0.182418    0.000566323
   13    0.179952    0.182228    0.000553606
   14    0.182133    0.182221    0.000514105
   15    0.180034    0.182076     0.00050008
   16    0.180972    0.182007    0.000473559
   17    0.183498    0.182094    0.000453757
   18    0.184213    0.182212    0.000443548
   19    0.180772    0.182136    0.000426633
   20    0.175246    0.181792    0.000526334
    1    0.181154    0.181154              0
    2    0.182462    0.181808    0.000462702
    3    0.181203    0.181606    0.000349628
    4    0.184299     0.18228    0.000639234
    5    0.187702    0.183364      0.0010965
    6    0.181456    0.183046    0.000958754
    7    0.182106    0.182912    0.000831143
    8    0.183794    0.183022    0.000734525
    9    0.184967    0.183238    0.000683966
   10    0.181781    0.183092      0.0006309
   11    0.181127    0.182914     0.00059832
   12    0.181465    0.182793    0.000560506
   13    0.181957    0.182729    0.000521066
   14    0.183333    0.182772    0.000485634
   15    0.185531    0.182956    0.000486853
   16    0.183618    0.182997    0.000458179
   17    0.180048    0.182824    0.000462905
   18    0.181059    0.182726     0.00044745
   19    0.181903    0.182682    0.000425991
   20    0.181736    0.182635    0.000407312
    1    0.181619    0.181619              0
    2    0.180876    0.181247    0.000262612
    3    0.184491    0.182329    0.000900114
    4    0.182263    0.182312    0.000675235
    5    0.187104    0.183271     0.00101327
    6    0.184746    0.183517     0.00087373
    7    0.183019    0.183445    0.000751796
    8    0.186142    0.183783    0.000729498
    9    0.185149    0.183934    0.000664054
   10    0.184554    0.183996    0.000600531
   11    0.183359    0.183938    0.000548724
   12    0.181892    0.183768    0.000528845
   13    0.184102    0.183794    0.000488789
   14    0.185207    0.183895    0.000464188
   15    0.177681     0.18348    0.000589791
   16    0.180437     0.18329    0.000582787
   17    0.178477    0.183007    0.000613424
   18    0.180903     0.18289     0.00059038
   19    0.181762    0.182831    0.000562287
   20    0.180836    0.182731     0.00054295
    1     0.18957     0.18957              0
    2    0.180177    0.184873     0.00332095
    3     0.17814    0.182629     0.00287399
    4    0.178859    0.181686     0.00230485
    5    0.184574    0.182264     0.00191486
    6    0.179973    0.181882     0.00163335
    7    0.180878    0.181738      0.0014063
    8    0.182737    0.181863     0.00123604
    9    0.187507     0.18249     0.00124765
   10    0.182644    0.182506     0.00112298
   11    0.185474    0.182776     0.00105282
   12    0.186735    0.183105     0.00101546
   13    0.184844    0.183239    0.000946119
   14    0.183039    0.183225    0.000878647
   15    0.183535    0.183246    0.000820315
   16     0.18862    0.183581    0.000834995
   17    0.184946    0.183662    0.000789729
   18    0.184649    0.183717    0.000747757
   19    0.185195    0.183794    0.000712438
   20    0.184197    0.183815      0.0006771
    1    0.184382    0.184382              0
    2    0.185504    0.184943    0.000396687
    3     0.18561    0.185165    0.000320707
    4    0.179225     0.18368     0.00130835
    5    0.182002    0.183344      0.0010889
    6    0.185526    0.183708    0.000966212
    7     0.18539    0.183948    0.000857524
    8    0.181218    0.183607    0.000815406
    9    0.182459     0.18348    0.000734712
   10    0.180932    0.183225    0.000704009
   11    0.180022    0.182934    0.000697638
   12    0.184897    0.183097    0.000658405
   13    0.186454    0.183355    0.000656454
   14    0.182534    0.183297    0.000612181
   15    0.189442    0.183706    0.000695063
   16    0.187119     0.18392    0.000683559
   17    0.186327    0.184061    0.000657851
   18    0.183454    0.184028    0.000622169
   19    0.181566    0.183898    0.000602761
   20    0.175978    0.183502     0.00069056
    1     0.18302     0.18302              0
    2    0.180868    0.181944     0.00076059
    3    0.178268    0.180719     0.00112173
    4    0.181012    0.180792    0.000843696
    5    0.182081     0.18105    0.000713283
    6    0.185629    0.181813    0.000915811
    7    0.184172     0.18215    0.000844691
    8    0.181514    0.182071    0.000742834
    9    0.179764    0.181814    0.000703105
   10    0.184071     0.18204    0.000668038
   11    0.184412    0.182256    0.000641156
   12    0.183443    0.182355    0.000595311
   13    0.185201    0.182574    0.000588421
   14    0.184678    0.182724    0.000565262
   15    0.179686    0.182521    0.000562694
   16    0.185428    0.182703    0.000556086
   17    0.181951    0.182659    0.000525133
   18    0.186314    0.182862    0.000533785
   19    0.185153    0.182982    0.000519138
   20    0.182182    0.182942    0.000494722
    1    0.181597    0.181597              0
    2     0.18103    0.181314    0.000200447
    3    0.181576    0.181401    0.000151446
    4    0.186877     0.18277     0.00119106
    5    0.182969     0.18281    0.000953513
    6    0.183121    0.182862    0.000795999
    7    0.188669    0.183691     0.00102735
    8    0.181234    0.183384    0.000943744
    9    0.179083    0.182906     0.00095224
   10    0.183813    0.182997    0.000861324
   11    0.185735    0.183246    0.000818193
   12    0.179788    0.182958    0.000799135
   13    0.183398    0.182992    0.000738379
   14    0.182978    0.182991    0.000685638
   15    0.182389    0.182951      0.0006411
   16     0.18345    0.182982     0.00060179
   17    0.185055    0.183104     0.00057862
   18    0.181584    0.183019    0.000552596
   19    0.180329    0.182878    0.000541346
   20    0.180165    0.182742    0.000531001
    1    0.185757    0.185757              0
    2    0.180825    0.183291     0.00174383
    3    0.183843    0.183475     0.00117221
    4    0.188041    0.184616     0.00132294
    5    0.184839    0.184661      0.0010591
    6    0.180735    0.184007     0.00106572
    7    0.186294    0.184333    0.000962264
    8    0.185053    0.184423    0.000846179
    9    0.182564    0.184217    0.000776982
   10    0.185332    0.184328    0.000707247
   11    0.191398    0.184971    0.000888195
   12     0.18416    0.184903    0.000816743
   13    0.185131    0.184921    0.000754104
   14      0.1848    0.184912    0.000700289
   15    0.182684    0.184764    0.000669177
   16    0.177636    0.184318    0.000761344
   17    0.184568    0.184333    0.000716702
   18     0.18486    0.184362    0.000677483
   19    0.179022    0.184081    0.000697694
   20    0.187234    0.184239    0.000680386
    1    0.184591    0.184591              0
    2    0.187402    0.185997    0.000993599
    3    0.184378    0.185457     0.00079543
    4    0.183037    0.184852    0.000793988
    5      0.1844    0.184762    0.000640326
    6    0.185562    0.184895    0.000547328
    7    0.182969     0.18462    0.000533839
    8    0.184102    0.184555    0.000471023
    9    0.179584    0.184003    0.000668211
   10     0.18348    0.183951    0.000603432
   11    0.180861     0.18367    0.000610438
   12    0.183225    0.183633    0.000560694
   13     0.18715    0.183903    0.000579195
   14    0.185962     0.18405    0.000556187
   15    0.186282    0.184199    0.000538637
   16    0.184217      0.1842    0.000504973
   17    0.180533    0.183984    0.000519294
   18    0.182726    0.183915    0.000495126
   19    0.182667    0.183849    0.000473402
   20    0.182552    0.183784    0.000454153
    1     0.18423     0.18423              0
    2    0.182958    0.183594    0.000449516
    3     0.18559    0.184259     0.00062038
    4    0.183833    0.184153    0.000474365
    5     0.18442    0.184206    0.000382489
    6    0.180141    0.183529    0.000695798
    7     0.18415    0.183617    0.000602026
    8    0.180749    0.183259    0.000624463
    9    0.187271    0.183705    0.000696257
   10    0.178815    0.183216    0.000779663
   11    0.182988    0.183195    0.000709059
   12    0.184935     0.18334    0.000664636
   13    0.184403    0.183422     0.00061852
   14    0.183905    0.183456    0.000575301
   15    0.190333    0.183915    0.000696066
   16    0.182295    0.183813     0.00065988
   17    0.181805    0.183695    0.000631549
   18    0.184454    0.183737    0.000597866
   19    0.184209    0.183762    0.000566914
   20    0.184065    0.183777     0.00053877
    1    0.183304    0.183304              0
    2    0.187092    0.185198     0.00133933
    3    0.182374    0.184257     0.00117819
    4    0.180597    0.183342     0.00118686
    5    0.182344    0.183142    0.000966105
    6    0.185684    0.183566    0.000893161
    7    0.185793    0.183884    0.000820285
    8    0.182839    0.183753     0.00072808
    9    0.184863    0.183877    0.000657534
   10    0.180488    0.183538    0.000673464
   11    0.189912    0.184117    0.000824703
   12    0.181318    0.183884    0.000788287
   13    0.189175    0.184291    0.000826057
   14     0.18211    0.184135    0.000781609
   15    0.182835    0.184049    0.000734294
   16    0.183455    0.184011    0.000689338
   17    0.178498    0.183687    0.000721068
   18    0.185609    0.183794    0.000688867
   19    0.180086    0.183599    0.000679694
   20    0.182776    0.183558    0.000646953
    1    0.187124    0.187124              0
    2    0.185274    0.186199    0.000654102
    3     0.18448    0.185626    0.000639587
    4    0.186035    0.185728    0.000487788
    5    0.182933    0.185169    0.000634224
    6    0.184484    0.185055    0.000538702
    7    0.185199    0.185076    0.000462138
    8    0.185095    0.185078    0.000404377
    9    0.179919    0.184505     0.00064905
   10    0.179582    0.184013    0.000747864
   11    0.189485     0.18451    0.000829018
   12    0.182825     0.18437    0.000771732
   13    0.184309    0.184365    0.000712382
   14     0.18497    0.184408    0.000662809
   15     0.18465    0.184424    0.000618818
   16     0.18221    0.184286     0.00059542
   17    0.183399    0.184234    0.000562677
   18    0.180846    0.184046    0.000562011
   19    0.180638    0.183866    0.000560312
   20     0.18744    0.184045    0.000560064
    1    0.182292    0.182292              0
    2    0.185254    0.183773     0.00104714
    3    0.187543     0.18503     0.00124108
    4    0.187197    0.185571     0.00104237
    5    0.182276    0.184912     0.00102127
    6    0.183377    0.184656    0.000882531
    7    0.179895    0.183976    0.000984238
    8    0.183967    0.183975    0.000861209
    9    0.180696    0.183611    0.000839069
   10    0.182733    0.183523    0.000759734
   11    0.184222    0.183587    0.000693324
   12    0.187015    0.183872    0.000691919
   13    0.179574    0.183542    0.000713342
   14    0.187881    0.183852    0.000726628
   15    0.182346    0.183751    0.000685086
   16    0.184123    0.183774    0.000642663
   17    0.185439    0.183872    0.000612277
   18    0.185509    0.183963    0.000584978
   19    0.185497    0.184044    0.000559732
   20    0.183975    0.184041    0.000531756
    1     0.17925     0.17925              0
    2    0.179839    0.179545    0.000208383
    3    0.183609    0.180899     0.00111487
    4    0.185967    0.182166     0.00137939
    5    0.185279    0.182789     0.00123604
    6    0.183887    0.182972     0.00104351
    7    0.182054    0.182841    0.000902641
    8    0.188987    0.183609     0.00106786
    9    0.186097    0.183885    0.000984357
   10     0.18622    0.184119    0.000913192
   11    0.184816    0.184182    0.000832373
   12    0.183994    0.184167    0.000763157
   13    0.182369    0.184028    0.000716874
   14    0.180736    0.183793    0.000703192
   15    0.187023    0.184008    0.000688482
   16    0.185385    0.184094    0.000650807
   17    0.184104    0.184095    0.000612525
   18    0.182344    0.183998    0.000586168
   19    0.180596    0.183819    0.000582011
   20    0.178313    0.183543    0.000614586
    1    0.184638    0.184638              0
    2    0.181819    0.183228    0.000996564
    3    0.186798    0.184418     0.00117708
    4     0.18285    0.184026    0.000945813
    5    0.183127    0.183846    0.000773575
    6    0.183253    0.183747    0.000650946
    7     0.18904    0.184504    0.000895187
    8    0.188017    0.184943    0.000884472
    9    0.185966    0.185056    0.000793467
   10    0.185933    0.185144    0.000718949
   11    0.183387    0.184984    0.000671107
   12    0.182526    0.184779    0.000645702
   13    0.183423    0.184675    0.000604401
   14    0.185417    0.184728    0.000563551
   15    0.182924    0.184608    0.000538668
   16     0.18521    0.184645    0.000506315
   17    0.181819    0.184479    0.000503092
   18    0.178358    0.184139    0.000578761
   19    0.186331    0.184254    0.000559682
   20    0.182172     0.18415    0.000541295
    1    0.182805    0.182805              0
    2    0.181064    0.181934    0.000615604
    3    0.186497    0.183455     0.00130783
    4    0.183889    0.183564    0.000985365
    5    0.183039    0.183459    0.000793866
    6    0.183813    0.183518    0.000663743
    7    0.185582    0.183813    0.000631043
    8    0.188037    0.184341    0.000740823
    9    0.182446     0.18413    0.000687761
   10    0.184643    0.184181    0.000620894
   11    0.181866    0.183971    0.000599071
   12    0.185755     0.18412    0.000567304
   13    0.182994    0.184033    0.000530227
   14    0.180104    0.183752     0.00056172
   15    0.178476    0.183401    0.000624773
   16    0.184856    0.183492    0.000592313
   17    0.184453    0.183548    0.000560166
   18    0.185933    0.183681    0.000544484
   19    0.184147    0.183705     0.00051638
   20    0.181721    0.183606    0.000500003
    1    0.185088    0.185088              0
    2    0.185428    0.185258    0.000120208
    3     0.18086    0.183792     0.00119966
    4    0.185856    0.184308     0.00100461
    5     0.18644    0.184734    0.000889587
    6    0.179348    0.183837     0.00110506
    7    0.180724    0.183392     0.00103279
    8    0.184664    0.183551    0.000915852
    9     0.18566    0.183785    0.000843537
   10    0.184192    0.183826    0.000760163
   11    0.185532    0.183981    0.000706701
   12    0.179592    0.183615    0.000736402
   13    0.182892     0.18356    0.000681854
   14    0.185996    0.183734    0.000654981
   15    0.183408    0.183712    0.000611675
   16    0.179384    0.183441    0.000630426
   17    0.183332    0.183435    0.000593375
   18    0.183244    0.183424    0.000560505
   19    0.188036    0.183667    0.000581184
   20     0.18596    0.183782    0.000563318
