    1     1912.41     1912.41              0
    2     1918.69     1915.55        2.22098
    3     1927.48     1919.53        3.56893
    4     1897.53     1914.03        5.46433
    5     1918.64     1914.95        4.44856
    6     1917.95     1915.45        3.73505
    7     1922.54     1916.46         3.3359
    8     1929.39     1918.08          3.287
    9     1916.08     1917.86        2.92928
   10     1941.91     1920.26        3.48658
   11     1906.87     1919.04        3.37538
   12      1944.1     1921.13        3.68392
   13     1910.44     1920.31        3.49115
   14     1929.18     1920.94        3.29879
   15     1905.03     1919.88        3.24506
   16     1910.35     1919.29        3.09641
   17     1908.39     1918.64        2.97987
   18     1916.93     1918.55        2.81585
   19     1920.88     1918.67        2.67033
   20     1928.33     1919.16        2.58011
    1     1743.68     1743.68              0
    2     1749.91      1746.8        2.20204
    3     1752.89     1748.83        2.21413
    4     1746.45     1748.23        1.73867
    5     1753.85     1749.36        1.71606
    6     1759.06     1750.97        2.05556
    7     1736.08     1748.85        2.64288
    8     1751.87     1749.22        2.33945
    9     1745.08     1748.76        2.12441
   10     1775.75     1751.46        3.19511
   11        1739     1750.33        3.09884
   12     1773.19     1752.23         3.3756
   13     1766.68     1753.35        3.29389
   14      1764.5     1754.14        3.15357
   15     1731.04      1752.6        3.29812
   16     1749.47     1752.41        3.09779
   17      1742.3     1751.81         2.9721
   18     1750.39     1751.73        2.80804
   19     1752.41     1751.77        2.66047
   20     1762.45      1752.3         2.5805
    1      1588.5      1588.5              0
    2     1618.89     1603.69        10.7438
    3     1609.78     1605.72        7.35168
    4     1588.67     1601.46        6.63616
    5     1595.69     1600.31        5.40825
    6     1607.24     1601.46        4.62856
    7     1604.22     1601.85        3.98408
    8     1615.79      1603.6        3.84811
    9     1601.95     1603.41        3.42488
   10     1604.96     1603.57        3.08587
   11     1579.06     1601.34        3.51914
   12      1617.1     1602.65        3.46243
   13     1611.66     1603.35        3.26464
   14      1606.9      1603.6        3.04131
   15     1581.71     1602.14        3.16944
   16     1599.19     1601.96         2.9767
   17     1588.04     1601.14          2.912
   18     1606.54     1601.44        2.76565
   19     1589.65     1600.82        2.68879
   20     1611.44     1601.35        2.60627
    1     1447.78     1447.78              0
    2     1489.62      1468.7        14.7934
    3     1485.31     1474.24        10.8484
    4     1460.25     1470.74        8.68158
    5     1463.25     1469.24        7.07347
    6     1471.17     1469.56        5.90183
    7     1467.53     1469.27        5.06585
    8     1482.51     1470.93        4.69496
    9     1473.12     1471.17        4.17963
   10     1481.25     1472.18        3.88142
   11     1448.61     1470.04        4.07734
   12     1471.45     1470.15        3.73927
   13     1464.62     1469.73        3.47577
   14     1480.95     1470.53        3.31859
   15     1461.93     1469.96        3.14647
   16     1465.94      1469.7        2.95983
   17     1460.53     1469.17        2.83446
   18     1472.62     1469.36        2.68346
   19     1461.82     1468.96        2.57134
   20     1470.26     1469.03         2.4436
    1     1341.31     1341.31              0
    2     1372.57     1356.94         11.054
    3     1358.28     1357.38         7.3783
    4     1332.69     1351.21        7.69428
    5     1342.88     1349.54        6.33335
    6     1352.34     1350.01        5.29486
    7     1347.92     1349.71        4.54685
    8      1358.5     1350.81        4.10911
    9     1344.42      1350.1        3.71341
   10     1352.27     1350.32        3.34843
   11     1330.55     1348.52        3.49317
   12     1344.99     1348.23        3.21444
   13     1338.54     1347.48        3.05222
   14     1363.57     1348.63        3.04284
   15     1342.01     1348.19        2.87177
   16     1341.45     1347.77        2.72303
   17     1341.41     1347.39        2.58842
   18        1342     1347.09        2.46189
   19     1349.23     1347.21        2.33487
   20     1356.62     1347.68        2.26505
    1     1241.19     1241.19              0
    2     1262.92     1252.06        7.68339
    3     1240.83     1248.32          5.964
    4     1229.59     1243.63          6.037
    5     1238.21     1242.55        4.92606
    6     1243.73     1242.75          4.109
    7     1239.32     1242.26        3.55108
    8     1235.75     1241.44        3.19885
    9     1232.02      1240.4           3.01
   10     1239.27     1240.28         2.7111
   11     1231.31     1239.47        2.58444
   12     1236.78     1239.24        2.37878
   13     1237.16     1239.08        2.20119
   14     1246.71     1239.63        2.11031
   15     1237.61     1239.49        1.97391
   16     1239.82     1239.52        1.85065
   17     1236.75     1239.35         1.7489
   18     1236.31     1239.18         1.6599
   19     1246.44     1239.57        1.61587
   20     1244.42     1239.81        1.55321
    1     1134.32     1134.32              0
    2     1161.95     1148.14        9.76821
    3     1141.99     1146.09        6.72376
    4     1130.18     1142.11        6.10691
    5     1136.46     1140.98        4.98889
    6     1144.93     1141.64         4.2006
    7     1134.15     1140.57        3.73422
    8     1145.07     1141.13        3.30948
    9     1145.54     1141.62        2.97783
   10     1138.96     1141.36         2.6919
   11     1138.17     1141.07        2.46276
   12     1141.13     1141.07        2.25754
   13     1141.18     1141.08         2.0839
   14     1149.14     1141.66        2.01301
   15     1137.42     1141.37        1.89855
   16      1146.3     1141.68        1.80469
   17     1135.07     1141.29        1.73989
   18     1126.11     1140.45        1.83624
   19      1155.3     1141.23        1.89875
   20      1148.9     1141.61        1.84209
    1     1052.47     1052.47              0
    2     1066.24     1059.35        4.86985
    3     1059.05     1059.25        3.24758
    4     1044.17     1055.48        4.07396
    5     1055.62     1055.51        3.25927
    6     1052.62     1055.03         2.7515
    7     1054.27     1054.92        2.36055
    8     1054.08     1054.82         2.0678
    9     1053.74      1054.7        1.84146
   10     1050.45     1054.27        1.70552
   11      1053.9     1054.24         1.5508
   12     1053.24     1054.15        1.42381
   13     1059.39     1054.56        1.36998
   14     1060.01     1054.95        1.32636
   15     1046.79      1054.4        1.34474
   16     1063.45     1054.97        1.37444
   17     1051.06     1054.74        1.31268
   18     1046.61     1054.29        1.31512
   19     1058.46     1054.51        1.26415
   20     1058.89     1054.73        1.21979
    1     972.696     972.696              0
    2     991.552     982.124        6.66646
    3     977.241     980.496        4.63872
    4     967.426     977.229        4.48452
    5     972.401     976.263         3.6901
    6     978.861     976.696        3.10037
    7     973.415     976.228        2.69266
    8     977.953     976.443         2.3647
    9     974.808     976.262        2.10892
   10     972.934     975.929         1.9241
   11     967.562     975.168        1.89356
   12     975.548       975.2        1.73603
   13     976.275     975.283        1.60445
   14      980.62     975.664        1.53448
   15     963.077     974.825        1.64571
   16     975.301     974.854        1.54312
   17      971.66     974.667        1.46375
   18     966.452      974.21        1.45182
   19     980.441     974.538        1.41196
   20      972.21     974.422        1.34615
    1     894.343     894.343              0
    2     913.314     903.829        6.70718
    3     900.743       902.8        4.54964
    4     892.795     900.299        4.04174
    5     902.953      900.83        3.26806
    6     901.393     900.924        2.72473
    7     897.778     900.474        2.37224
    8     905.656     901.122        2.16232
    9     897.623     900.733         1.9567
   10     896.207      900.28        1.81263
   11     897.484     900.026        1.66558
   12     894.542     899.569        1.58824
   13     898.801      899.51        1.46716
   14     909.159     900.199        1.51562
   15      903.58     900.425        1.43124
   16     898.205     900.286        1.34849
   17     894.218     899.929        1.31556
   18      892.53     899.518        1.30512
   19     902.865     899.694        1.24825
   20     898.291     899.624        1.18781
    1     830.239     830.239              0
    2     839.758     834.999        3.36533
    3     835.176     835.058        2.24408
    4     824.475     832.412          2.843
    5     832.529     832.436         2.2745
    6      831.55     832.288         1.9002
    7     836.751     832.926         1.7324
    8     833.878     833.045        1.51993
    9     835.691     833.339        1.37919
   10     830.201     833.025        1.27647
   11     832.914     833.015        1.16047
   12     830.774     832.828        1.07868
   13     839.753     833.361        1.11954
   14     843.541     834.088        1.25368
   15     833.289     834.035        1.17123
   16     827.222     833.609        1.17288
   17      834.21     833.644        1.10442
   18     829.126     833.393         1.0712
   19     841.594     833.825        1.09834
   20      824.75     833.371        1.13328
    1     772.314     772.314              0
    2     779.475     775.894        2.53182
    3     771.904     774.564        2.00712
    4     768.364     773.014        2.01692
    5     770.978     772.607        1.65412
    6     774.397     772.905         1.4051
    7     775.308     773.249        1.24561
    8     777.966     773.838        1.22152
    9     772.671     773.708        1.09266
   10     770.176     773.355        1.03893
   11     768.596     772.923        1.03063
   12     772.414      772.88       0.945617
   13     778.058     773.278       0.953081
   14     779.121     773.696       0.972076
   15     776.983     773.915       0.931647
   16     765.694     773.401        1.00518
   17     775.613     773.531       0.954436
   18     771.656     773.427       0.907081
   19      778.62       773.7       0.899577
   20     768.345     773.433       0.893567
    1     718.513     718.513              0
    2     720.113     719.313       0.565826
    3     710.225     716.284        2.50203
    4     713.094     715.486        1.99953
    5     720.593     716.508        1.84213
    6     722.553     717.515        1.78956
    7     724.604     718.528        1.79776
    8      721.38     718.885        1.60801
    9     720.611     719.076        1.44074
   10     711.155     718.284        1.49869
   11     712.034     717.716        1.46622
   12     719.863     717.895         1.3549
   13     715.682     717.725        1.26132
   14     721.705     718.009        1.20284
   15     718.507     718.042        1.12311
   16     712.108     717.671        1.11246
   17     716.522     717.604        1.04907
   18      716.37     717.535       0.993026
   19     719.741     717.651       0.947526
   20     714.672     717.502       0.911786
    1      666.17      666.17              0
    2     669.653     667.911        1.23137
    3     661.638      665.82        1.89433
    4     657.335     663.699        2.32241
    5     667.075     664.374        1.95362
    6     673.035     665.818        2.09445
    7      671.42     666.618        1.94217
    8     671.984     667.289        1.81152
    9     669.899     667.579        1.63329
   10     662.146     667.035        1.55771
   11     665.632     666.908        1.42131
   12     670.421     667.201        1.33269
   13     668.107      667.27          1.232
   14     669.702     667.444        1.15617
   15     667.299     667.434        1.07914
   16     664.868     667.274        1.02354
   17     661.393     666.928        1.02013
   18     662.419     666.678       0.993733
   19     662.288     666.447       0.967909
   20     666.696     666.459       0.919594
    1     619.965     619.965              0
    2     627.162     623.563        2.54463
    3     613.503      620.21        3.22107
    4     614.912     618.885        2.67427
    5     622.345     619.577        2.22715
    6     625.992     620.646        2.09691
    7     627.478     621.622        2.01167
    8     630.148     622.688        2.02291
    9     622.853     622.706        1.79822
   10     615.907     622.026        1.74222
   11     621.938     622.018        1.58386
   12     623.209     622.118        1.45498
   13     622.771     622.168        1.34392
   14     623.217     622.243        1.25002
   15     625.568     622.464        1.18617
   16     615.407     622.023        1.19122
   17      619.29     621.863        1.13195
   18     618.191     621.659        1.08728
   19     623.471     621.754        1.03423
   20     620.655     621.699       0.983978
    1     580.614     580.614              0
    2      588.01     584.312        2.61481
    3      574.87     581.165        3.10533
    4     576.291     579.946        2.55693
    5     577.144     579.386        2.10608
    6     582.663     579.932         1.8245
    7     585.426     580.717        1.72444
    8     584.613     581.204        1.57615
    9     581.951     581.287        1.40321
   10     573.357     580.494        1.46996
   11     576.536     580.134        1.37966
   12     575.162      579.72        1.32546
   13     579.727      579.72         1.2235
   14     584.803     580.083        1.18875
   15     581.644     580.187        1.11405
   16     575.942     579.922        1.07555
   17     576.561     579.724         1.0303
   18     577.686     579.611       0.979263
   19     582.913     579.785       0.943015
   20     572.705     579.431       0.960004
    1     541.801     541.801              0
    2      547.11     544.455        1.87708
    3     535.374     541.428        2.77029
    4     532.361     539.161        2.85848
    5     538.571     539.043        2.28922
    6     544.356     539.929        2.07188
    7     546.689     540.895        1.98828
    8     543.502     541.221        1.76626
    9     542.321     541.343        1.57424
   10     535.067     540.715        1.53682
   11     538.599     540.523         1.4091
   12     540.186     540.495        1.29195
   13     542.118      540.62        1.19859
   14     546.155     541.015        1.17639
   15     544.242      541.23        1.11746
   16      538.99      541.09        1.05635
   17     535.529     540.763        1.04364
   18       536.2      540.51        1.01598
   19     544.199     540.704       0.980895
   20     539.088     540.623       0.935172
    1     508.744     508.744              0
    2     508.604     508.674      0.0497037
    3     502.798     506.715        1.59975
    4     504.456     506.151        1.29568
    5     501.353     505.191        1.34567
    6     507.407      505.56        1.17098
    7     513.563     506.704        1.45867
    8     508.396     506.915        1.29159
    9     505.702      506.78        1.15509
   10     501.899     506.292        1.13807
   11     503.289     506.019        1.06686
   12     506.721     506.078        0.97956
   13     507.651     506.199       0.911654
   14     509.083     506.405       0.869502
   15     507.821     506.499       0.816645
   16     502.314     506.238       0.806413
   17     502.741     506.032       0.784767
   18     501.659     505.789       0.777862
   19     506.807     505.843       0.738766
   20     504.393      505.77       0.705372
    1     472.173     472.173              0
    2      472.39     472.282      0.0768813
    3     469.966      471.51       0.632271
    4     465.775     470.076        1.32914
    5     473.912     470.843        1.26552
    6     475.632     471.641         1.2818
    7     477.866     472.531        1.37291
    8     473.893     472.701        1.21182
    9     474.563     472.908        1.09469
   10     471.231      472.74       0.997986
   11     471.447     472.623       0.914159
   12     472.855     472.642       0.838184
   13     475.582     472.868       0.803631
   14      478.69     473.284        0.84703
   15     472.035     473.201       0.794646
   16     468.888     472.931       0.789372
   17     470.225     472.772        0.75882
   18       470.7     472.657       0.725343
   19     475.019     472.781       0.697738
   20     469.077     472.596       0.686996
    1     442.016     442.016              0
    2     446.898     444.457        1.72629
    3     438.134     442.349         2.0702
    4     437.718     441.192        1.84832
    5     445.236         442        1.64613
    6     446.427     442.738        1.52821
    7     447.318     443.392        1.44318
    8     443.986     443.467        1.26469
    9     443.679      443.49        1.12439
   10     440.105     443.152         1.0617
   11     441.911     443.039       0.971159
   12     441.215     442.887       0.902041
   13     444.508     443.012       0.841226
   14     448.244     443.385       0.860155
   15     442.086     443.299       0.807162
   16     439.885     443.085       0.784399
   17     439.941       442.9       0.759759
   18     439.414     442.707       0.741829
   19     440.766     442.605       0.709786
   20     440.275     442.488       0.683784
    1     415.044     415.044              0
    2     418.729     416.886        1.30272
    3     413.203     415.659        1.32633
    4     407.711     413.672        1.98747
    5     414.634     413.864        1.59927
    6     416.031     414.225        1.37287
    7     417.345     414.671        1.24701
    8     416.961     414.957        1.12349
    9     416.925     415.176        1.01972
   10     412.462     414.905       0.953163
   11     411.515     414.596       0.914973
   12     410.945     414.292       0.887879
   13     418.561     414.621       0.878216
   14     419.556     414.973       0.883407
   15     414.219     414.923       0.825942
   16     411.323     414.698       0.804377
   17     411.022     414.482       0.785578
   18     411.757      414.33       0.756377
   19     415.088      414.37       0.717619
   20     414.465     414.375       0.681753
    1     388.094     388.094              0
    2     393.326      390.71        1.84982
    3     385.614     389.011        1.85583
    4     383.324     387.589        1.85832
    5     388.585     387.788        1.49729
    6     392.623     388.594        1.44843
    7     393.213     389.254        1.38365
    8     389.513     389.286        1.21108
    9      393.14     389.715        1.14971
   10     388.563     389.599        1.04048
   11     386.174     389.288       0.991412
   12     385.188     388.946       0.965875
   13     391.539     389.146       0.911932
   14     391.593     389.321       0.863385
   15      390.43     389.395       0.808988
   16     385.948     389.179       0.786579
   17     388.189     389.121       0.742463
   18     385.673     388.929       0.725503
   19     387.201     388.838       0.692995
   20     387.214     388.757       0.663086
    1     363.767     363.767              0
    2      368.53     366.149        1.68381
    3     362.112     364.803        1.57072
    4     360.434     363.711        1.51088
    5     364.019     363.772        1.20996
    6     368.671     364.589        1.25381
    7     369.415     365.278        1.24996
    8     365.677     365.328        1.09471
    9     369.668      365.81        1.07407
   10     366.118     365.841       0.967102
   11     362.563     365.543       0.923955
   12     363.314     365.357       0.865424
   13     366.633     365.455       0.804395
   14     368.559     365.677       0.776893
   15     365.853     365.689       0.725188
   16     361.604     365.434       0.723416
   17     363.886     365.343       0.686564
   18     362.461     365.182        0.66682
   19     360.716     364.947       0.671884
   20     362.611     364.831       0.648366
    1     342.364     342.364              0
    2     347.326     344.845        1.75411
    3     342.712     344.134        1.30557
    4     339.403     342.951        1.41706
    5     342.118     342.785         1.1434
    6     343.573     342.916       0.960349
    7     347.766     343.609        1.04361
    8     343.601     343.608       0.913158
    9     345.477     343.816       0.834979
   10     341.453     343.579       0.784194
   11     341.809     343.418       0.729227
   12     341.239     343.237       0.690701
   13     345.629     343.421        0.66164
   14     347.519     343.713       0.676027
   15      345.93     343.861        0.64691
   16     341.457     343.711       0.623685
   17      338.32     343.394       0.662727
   18     340.031     343.207       0.651715
   19     340.962     343.089       0.628039
   20     340.946     342.982       0.605703
    1     323.492     323.492              0
    2     327.361     325.427        1.36808
    3     322.975     324.609           1.13
    4     318.969     323.199        1.48642
    5     322.977     323.155         1.1898
    6     324.239     323.336        1.00512
    7     326.338     323.765       0.948636
    8         325     323.919       0.842525
    9     325.168     324.058       0.760249
   10     323.717     324.024       0.684989
   11     321.791     323.821       0.652096
   12     321.965     323.666       0.615819
   13     324.527     323.732       0.571998
   14     328.491     324.072       0.624007
   15     328.571     324.372       0.650514
   16     322.848     324.277        0.61679
   17     319.692     324.007        0.63675
   18     320.575     323.816       0.629274
   19     322.919     323.769       0.597926
   20     322.721     323.717       0.570323
    1     303.002     303.002              0
    2      306.16     304.581        1.11629
    3     304.971     304.711       0.751707
    4      301.31     303.861       0.927268
    5     304.725     304.034       0.757743
    6     305.036     304.201       0.649609
    7      308.63     304.833       0.808226
    8     304.562     304.799       0.707908
    9     306.142     304.949       0.644769
   10     304.835     304.937       0.580391
   11     303.858     304.839       0.535862
   12     300.713     304.495       0.591305
   13     306.489     304.649       0.565367
   14     308.815     304.946       0.598201
   15     308.044     305.153       0.592896
   16     303.584     305.055       0.563888
   17     303.228     304.947       0.540857
   18     302.416     304.807       0.528776
   19     303.068     304.715       0.508804
   20     303.393     304.649       0.487638
    1     285.654     285.654              0
    2     290.084     287.869        1.56655
    3     286.805     287.514        1.08379
    4     283.597     286.535        1.17476
    5      286.17     286.462       0.942072
    6     290.882     287.199        1.03372
    7     289.313     287.501       0.929141
    8     287.132     287.455       0.814141
    9      289.11     287.639       0.744171
   10     287.465     287.621       0.669956
   11     287.257     287.588       0.609871
   12     283.985     287.288       0.628618
   13     290.677     287.549       0.632016
   14      290.79      287.78       0.627856
   15     288.926     287.857        0.59063
   16     284.802     287.666        0.58375
   17     286.737     287.611       0.551959
   18     285.219     287.478       0.537052
   19     289.592     287.589       0.520184
   20     285.951     287.508       0.500581
    1     270.934     270.934              0
    2     272.989     271.961       0.726621
    3     269.874     271.265        0.74665
    4     267.005       270.2        1.07916
    5     269.695     270.099       0.868053
    6     273.352     270.641       0.876496
    7     274.336     271.169       0.896219
    8     272.419     271.325       0.797695
    9     271.882     271.387       0.711456
   10     271.431     271.392       0.640324
   11     270.735     271.332       0.584892
   12     268.655     271.109       0.577116
   13     274.197     271.346       0.579544
   14      273.83     271.524       0.564656
   15     272.213      271.57       0.528876
   16     269.325     271.429       0.514085
   17     271.062     271.408       0.484299
   18      271.81      271.43       0.457909
   19      272.85     271.505       0.439866
   20     267.656     271.312       0.458039
    1     254.522     254.522              0
    2     259.328     256.925        1.69888
    3      256.96     256.937        1.13263
    4      253.34     256.037        1.15242
    5     254.919     255.814       0.943411
    6     256.507     255.929       0.793215
    7     260.002     256.511       0.867462
    8     257.305      256.61        0.76468
    9     258.497      256.82       0.707875
   10     257.768     256.915       0.643402
   11      255.52     256.788       0.597282
   12     253.806     256.539       0.596956
   13     257.993     256.651       0.561417
   14     258.539     256.786       0.537257
   15     257.467     256.831       0.503352
   16     254.807     256.705       0.487531
   17     256.025     256.665       0.460488
   18     255.972     256.626       0.436514
   19      254.93     256.537       0.422576
   20     254.995      256.46       0.408423
    1     241.246     241.246              0
    2     245.144     243.195        1.37793
    3     244.509     243.633        0.98573
    4     238.615     242.378        1.31413
    5     240.779     242.058        1.08955
    6     242.152     242.074       0.908069
    7     244.645     242.441       0.849383
    8     243.203     242.537       0.748527
    9     244.538     242.759       0.697613
   10     241.684     242.651       0.636085
   11     241.499     242.547        0.58682
   12     240.821     242.403       0.555262
   13     244.057      242.53       0.526934
   14     243.707     242.614       0.495952
   15     243.512     242.674       0.466483
   16     240.338     242.528       0.459616
   17     242.317     242.516       0.432746
   18     242.518     242.516       0.408705
   19     241.696     242.473       0.389465
   20     241.736     242.436       0.371728
    1     229.943     229.943              0
    2     231.664     230.804       0.608449
    3     229.674     230.427       0.508922
    4     226.174     229.364       0.996749
    5     228.653     229.222       0.807474
    6      230.27     229.397       0.691539
    7     232.235     229.802       0.701633
    8     228.994     229.701       0.621156
    9     230.966     229.842       0.567825
   10     229.591     229.817       0.511594
   11     227.688     229.623       0.500359
   12     227.414     229.439       0.491363
   13     232.541     229.678       0.508222
   14     232.008     229.844       0.498438
   15     230.739     229.904       0.468766
   16     227.859     229.776       0.456557
   17     227.679     229.653       0.446059
   18     229.465     229.642       0.421399
   19     227.807     229.546        0.41014
   20     228.439      229.49        0.39335
    1     217.774     217.774              0
    2     219.257     218.515       0.524351
    3     218.363     218.465       0.352007
    4     214.783     217.544       0.839761
    5     215.275     217.091       0.784909
    6     218.785     217.373       0.703061
    7     218.826     217.581       0.632535
    8     215.756     217.352       0.593154
    9     218.999     217.535       0.554756
   10     218.251     217.607       0.503873
   11     216.589     217.514        0.46649
   12     215.297      217.33       0.462779
   13     219.422     217.491       0.454314
   14     218.852     217.588        0.43214
   15      219.67     217.727       0.425035
   16     214.925     217.552       0.433036
   17     217.506     217.549       0.407571
   18     218.128     217.581       0.386198
   19     215.314     217.462       0.383865
   20     218.087     217.493       0.365942
    1     204.902     204.902              0
    2     208.099     206.501        1.13036
    3     205.013     206.005       0.855423
    4     204.701     205.679       0.700895
    5     205.087     205.561        0.57064
    6     208.114     205.986        0.61406
    7     207.655     206.225       0.570751
    8     203.416     205.873       0.597688
    9     208.284     206.141       0.588225
   10     207.842     206.311       0.553433
   11     206.092     206.291        0.50348
   12     205.002     206.184       0.472856
   13     205.318     206.117        0.44115
   14     207.639     206.226       0.422821
   15     207.881     206.336        0.40877
   16     204.937     206.249       0.392471
   17     206.247     206.249       0.369385
   18     206.208     206.246       0.348871
   19     204.264     206.142       0.345761
   20     205.789     206.124       0.328924
    1      194.88      194.88              0
    2     196.506     195.693       0.574802
    3     194.613     195.333       0.483051
    4     192.149     194.537       0.778838
    5     193.408     194.311       0.654982
    6     196.704      194.71        0.65608
    7     195.703     194.852       0.577479
    8     194.864     194.853       0.505296
    9     198.046     195.208       0.560017
   10     195.569     195.244       0.505179
   11     195.541     195.271       0.459972
   12      195.51     195.291       0.422072
   13     195.682     195.321       0.390676
   14     197.908     195.506       0.404123
   15     198.437     195.701       0.421797
   16      194.05     195.598        0.40787
   17      195.51     195.593       0.383911
   18     195.561     195.591       0.362586
   19     193.639     195.488       0.357761
   20      195.06     195.467       0.340513
    1     183.591     183.591              0
    2     186.273     184.932       0.948143
    3     184.819     184.894        0.63284
    4     182.976     184.415       0.630629
    5     184.333     184.398       0.504712
    6     185.887     184.646       0.477687
    7     186.283      184.88       0.463138
    8     183.911     184.759       0.420799
    9     187.949     185.113       0.501552
   10      186.82     185.284       0.479547
   11     185.687     185.321        0.43735
   12     184.594      185.26       0.405077
   13     185.867     185.307       0.376594
   14     188.603     185.542       0.416843
   15     186.822     185.628       0.397683
   16     185.206     185.601       0.373698
   17     184.484     185.536       0.357446
   18     186.196     185.572       0.339465
   19     183.764     185.477       0.334678
   20      185.19     185.463       0.318252
    1     175.275     175.275              0
    2     175.481     175.378      0.0728089
    3     174.908     175.222       0.136773
    4     173.669     174.833       0.351534
    5     176.485     175.164       0.407917
    6     175.428     175.208       0.342292
    7     177.274     175.503       0.400928
    8     175.185     175.463        0.35278
    9     178.545     175.806       0.450094
   10     177.342     175.959       0.430515
   11     175.972      175.96       0.391379
   12     176.558      176.01       0.361918
   13       176.7     176.063       0.337951
   14     179.313     176.295       0.385382
   15     177.936     176.405       0.374894
   16     176.102     176.386       0.351939
   17     175.736     176.348       0.333306
   18     176.827     176.374        0.31585
   19     174.057     176.252       0.321923
   20     175.048     176.192       0.311411
    1     167.658     167.658              0
    2     166.192     166.925       0.518115
    3     166.679     166.843       0.351809
    4     164.254     166.196        0.61954
    5     167.522     166.461       0.549456
    6     168.496       166.8       0.552733
    7     167.493     166.899        0.48255
    8     166.125     166.802       0.431826
    9      168.39     166.979       0.418348
   10     167.782     167.059       0.384143
   11     167.045     167.058       0.349223
   12     168.647      167.19       0.344331
   13      167.15     167.187       0.317857
   14     171.922     167.525       0.439708
   15      168.12     167.565       0.412179
   16     167.848     167.583       0.386798
   17     166.681      167.53       0.367668
   18     168.838     167.602       0.354348
   19     167.307     167.587        0.33604
   20     167.833     167.599       0.319462
    1     158.695     158.695              0
    2     159.016     158.856       0.113592
    3     158.401     158.704       0.145099
    4     156.725     158.209       0.442041
    5     158.967     158.361       0.378717
    6     159.305     158.518       0.346723
    7     159.011     158.589       0.304249
    8     157.483      158.45       0.295963
    9     159.701     158.589       0.293901
   10     159.785     158.709       0.287793
   11      158.07     158.651       0.267424
   12     159.753     158.743       0.260439
   13     159.628     158.811       0.249153
   14     162.217     159.054       0.329403
   15     159.503     159.084       0.308797
   16     158.979     159.077       0.289566
   17     159.717     159.115       0.274967
   18     160.307     159.181       0.267547
   19     159.107     159.177       0.253494
   20      159.18     159.177       0.240819
    1     149.874     149.874              0
    2     151.707     150.791       0.648117
    3     151.256     150.946       0.450243
    4     149.389     150.557       0.477052
    5     151.208     150.687       0.399054
    6     151.735     150.862        0.36879
    7     151.233     150.915       0.319893
    8     149.952     150.794       0.301702
    9     152.539     150.988       0.324533
   10     152.144     151.104       0.311986
   11     151.367     151.128       0.284539
   12     151.427     151.153       0.261917
   13         152     151.218        0.24975
   14     154.599     151.459       0.328538
   15     151.733     151.477       0.307143
   16     150.949     151.444       0.289719
   17     152.332     151.497        0.27734
   18      152.51     151.553        0.26758
   19     151.532     151.552       0.253499
   20     150.227     151.486       0.249331
    1     143.117     143.117              0
    2      145.08     144.099       0.693853
    3     143.685     143.961       0.476088
    4     142.647     143.632       0.456496
    5     143.671      143.64       0.365264
    6     144.968     143.861        0.36536
    7     144.682     143.979       0.331423
    8     144.529     144.047       0.297042
    9     146.488     144.318        0.36751
   10     145.712     144.458        0.35619
   11     144.307     144.444       0.324071
   12     144.315     144.433       0.297244
   13     144.161     144.412       0.275118
   14     145.974     144.524       0.277167
   15     144.856     144.546       0.259571
   16     144.409     144.538       0.243488
   17     144.974     144.563       0.230516
   18     144.937     144.584       0.218645
   19     144.134      144.56       0.208415
   20      143.17     144.491       0.209262
    1     136.263     136.263              0
    2     138.426     137.345       0.764755
    3     137.119      137.27       0.513533
    4     135.387     136.799       0.560808
    5     136.788     136.797       0.448651
    6     137.531     136.919       0.390193
    7     138.315     137.118       0.382008
    8     137.631     137.183       0.339591
    9     139.924     137.487       0.416672
   10     138.564     137.595       0.388659
   11     137.251     137.564       0.354578
   12     138.694     137.658       0.337313
   13      136.75     137.588       0.318512
   14     138.737      137.67       0.306151
   15     139.587     137.798       0.311285
   16     137.429     137.775       0.292682
   17     139.566      137.88       0.293819
   18     138.976     137.941       0.283738
   19     137.657     137.926       0.269199
   20     135.798      137.82       0.275963
    1     129.912     129.912              0
    2     130.774     130.343       0.304487
    3     129.801     130.163       0.250881
    4     129.725     130.053       0.210673
    5     131.085      130.26           0.25
    6     132.037     130.556        0.34134
    7     131.842     130.739       0.338421
    8      131.17     130.793       0.300367
    9     133.563     131.101       0.394297
   10     132.426     131.233       0.376462
   11     131.857      131.29       0.346476
   12     131.667     131.322       0.319022
   13      130.11     131.228       0.307796
   14     131.673      131.26       0.287447
   15      132.22     131.324        0.27532
   16     131.244     131.319       0.258159
   17     131.786     131.347       0.244429
   18     131.382     131.349       0.230857
   19     131.215     131.341       0.218814
   20     129.473     131.248       0.226938
    1     123.016     123.016              0
    2     125.434     124.225       0.854746
    3      124.59     124.347       0.578436
    4     123.557     124.149       0.466279
    5     125.962     124.512       0.494296
    6     126.517     124.846       0.512596
    7     125.519     124.942         0.4483
    8     124.677     124.909       0.393492
    9     126.944     125.135       0.409602
   10     125.565     125.178       0.370889
   11      125.79     125.234       0.341315
   12     125.237     125.234       0.312873
   13     124.958     125.213       0.289525
   14     125.488     125.232       0.269512
   15     125.788     125.269       0.254078
   16     125.768     125.301       0.240104
   17     126.284     125.358       0.232845
   18     125.411     125.361       0.219928
   19     125.968     125.393        0.21066
   20      124.23     125.335       0.208001
    1     117.579     117.579              0
    2     118.975     118.277       0.493306
    3      118.56     118.371       0.337791
    4     118.308     118.356        0.25371
    5     118.889     118.462       0.224304
    6     121.204     118.919       0.457102
    7     119.501     119.002       0.399278
    8     119.166     119.023       0.349892
    9     121.407     119.288       0.398883
   10     119.284     119.287       0.358995
   11     119.492     119.306       0.326838
   12     119.209     119.298       0.299701
   13     118.671      119.25       0.280497
   14     120.177     119.316       0.268163
   15     119.786     119.347       0.252109
   16     120.917     119.445       0.254727
   17     120.847     119.528       0.252738
   18     119.802     119.543       0.239156
   19     119.365     119.534       0.226752
   20     119.425     119.528       0.215479
    1     112.633     112.633              0
    2     113.516     113.074       0.312115
    3     113.779     113.309        0.28305
    4     112.815     113.186       0.237761
    5     113.824     113.314       0.221885
    6     115.956     113.754       0.442527
    7     114.752     113.897       0.401628
    8     113.741     113.877       0.351892
    9     116.049     114.118       0.386772
   10     113.776     114.084       0.349604
   11     115.241     114.189       0.333271
   12      113.98     114.172       0.305956
   13     113.363      114.11        0.28868
   14     115.062     114.178       0.275956
   15     114.635     114.208       0.259235
   16     115.393     114.282        0.25338
   17     115.074     114.329       0.242716
   18     112.802     114.244         0.2436
   19     115.086     114.288       0.234772
   20     113.966     114.272       0.223586
    1     108.323     108.323              0
    2     108.067     108.195       0.090483
    3     109.113     108.501       0.256838
    4     107.423     108.232       0.302623
    5     109.149     108.415        0.29246
    6     110.994     108.845       0.461886
    7     109.574     108.949       0.407493
    8     108.857     108.938       0.356718
    9     110.593     109.121       0.361402
   10     109.271     109.136        0.32557
   11     110.148     109.228       0.308677
   12      108.81     109.193       0.284914
   13     108.738     109.158       0.265146
   14     110.301      109.24       0.258455
   15     110.273     109.309       0.250236
   16     110.429     109.379       0.244199
   17     110.561     109.448        0.23953
   18     108.307     109.385       0.234467
   19     110.159     109.426       0.225641
   20      109.82     109.445       0.215218
    1     103.876     103.876              0
    2     104.246     104.061        0.13071
    3     104.131     104.085      0.0892133
    4     103.984     104.059      0.0703431
    5     103.841     104.016      0.0684752
    6     105.467     104.258       0.228051
    7     105.005     104.364       0.219046
    8     103.905     104.307        0.19904
    9      106.16     104.513       0.262639
   10     104.039     104.466       0.240622
   11     105.387     104.549       0.232883
   12     104.137     104.515       0.215998
   13     103.997     104.475       0.203024
   14     104.865     104.503       0.190425
   15     105.691     104.582        0.19351
   16      105.71     104.653       0.193827
   17      106.03     104.734        0.19863
   18      104.42     104.716       0.188357
   19     105.075     104.735       0.179387
   20     104.984     104.748       0.170848
    1     99.4359     99.4359              0
    2     99.2896     99.3628      0.0517387
    3     99.9144     99.5467       0.154047
    4     99.5711     99.5528       0.115656
    5      99.141     99.4704       0.118266
    6     101.124      99.746       0.270225
    7     101.035     99.9302        0.28762
    8     99.6343     99.8932       0.254035
    9     101.109     100.028       0.259262
   10     99.6394     99.9894       0.236234
   11      101.03     100.084       0.232936
   12     99.4849     100.034        0.21881
   13     100.578     100.076       0.205935
   14      100.96     100.139        0.20068
   15      101.18     100.209        0.19894
   16     100.363     100.218       0.186739
   17      101.71     100.306       0.195295
   18     99.7101     100.273       0.187229
   19     100.523     100.286       0.177837
   20     100.678     100.306       0.170025
    1     95.6101     95.6101              0
    2     94.2538     94.9319       0.479508
    3     95.8423     95.2354       0.404455
    4     95.0741     95.1951       0.305346
    5     95.0904     95.1741       0.244993
    6     96.5716      95.407       0.294765
    7     96.1446     95.5124       0.270834
    8     95.9379     95.5656       0.242146
    9     97.3717     95.7663       0.286574
   10     96.0885     95.7985       0.259722
   11     96.4629     95.8589       0.243032
   12     95.6071     95.8379       0.223684
   13     96.4609     95.8858       0.211549
   14      97.348     95.9903        0.22072
   15     96.5709      96.029       0.209372
   16     96.7287     96.0727       0.200802
   17     97.7508     96.1714       0.211869
   18     95.5544     96.1371       0.202853
   19     96.3395     96.1478       0.192456
   20     96.2945     96.1551       0.182973
    1     92.1603     92.1603              0
    2     90.8679     91.5141       0.456934
    3      92.354     91.7941       0.380855
    4     90.9185     91.5752       0.342816
    5     90.9282     91.4458       0.297672
    6     92.0919     91.5535       0.266826
    7     92.1356     91.6366        0.24132
    8     91.4973     91.6192       0.211782
    9     92.9487      91.767       0.234169
   10     92.0705     91.7973        0.21271
   11     92.1897      91.833       0.196342
   12     91.1153     91.7732        0.18887
   13     91.9158     91.7841        0.17466
   14     93.0629     91.8755        0.18453
   15     91.6206     91.8585       0.173008
   16     92.9277     91.9253       0.174625
   17     93.6376      92.026       0.191207
   18     91.6916     92.0075       0.181485
   19     92.1009     92.0124       0.171999
   20      92.669     92.0452       0.166503
    1      88.506      88.506              0
    2     87.7069     88.1065       0.282508
    3     88.4861      88.233       0.214822
    4       86.85     87.8873       0.340017
    5     86.8668     87.6832       0.327592
    6     87.8677     87.7139       0.274433
    7     88.3244     87.8011         0.2487
    8     88.3088     87.8646       0.225564
    9     89.1161     88.0036        0.23956
   10     87.8814     87.9914       0.215916
   11     88.1472     88.0056       0.196751
   12     88.0937     88.0129       0.180492
   13     88.3084     88.0357       0.168033
   14     89.4485     88.1366       0.183856
   15     88.3626     88.1516       0.172215
   16     89.3883     88.2289       0.177954
   17     89.3917     88.2973       0.180152
   18     87.8604     88.2731       0.171771
   19     87.8603     88.2513       0.164098
   20     88.0884     88.2432       0.156096
    1     84.6129     84.6129              0
    2     84.1249     84.3689       0.172524
    3     84.8081     84.5153       0.165881
    4      83.626      84.293       0.229227
    5     83.2612     84.0866       0.260175
    6     84.0041     84.0729       0.217176
    7     84.7765     84.1734       0.208118
    8     85.1858     84.2999         0.2172
    9     85.5022     84.4335       0.230517
   10     84.1258     84.4028       0.209509
   11     85.2281     84.4778       0.203454
   12     84.6594     84.4929       0.187062
   13     84.1372     84.4656       0.174663
   14     85.2249     84.5198         0.1704
   15     84.7262     84.5336       0.159595
   16     85.9601     84.6227       0.172739
   17     85.8462     84.6947       0.176936
   18     84.5905     84.6889       0.167201
   19      84.106     84.6582        0.16119
   20     84.6413     84.6574       0.153133
    1     80.6478     80.6478              0
    2     80.6577     80.6527     0.00350273
    3     81.6765      80.994       0.278636
    4     80.5654     80.8868       0.228648
    5      80.267     80.7629       0.213903
    6     80.5929     80.7345       0.180119
    7     81.7272     80.8763       0.202663
    8     81.4275     80.9452       0.188675
    9     82.2301      81.088       0.215041
   10     81.8006     81.1593       0.205005
   11     81.7543     81.2134       0.193374
   12     80.9784     81.1938       0.178248
   13       80.89     81.1704       0.166061
   14     81.4763     81.1923        0.15563
   15     81.5629      81.217       0.147203
   16     82.5761     81.3019       0.160654
   17     82.3672     81.3646       0.162968
   18     81.4955     81.3719       0.154076
   19     80.9139     81.3478        0.14784
   20     80.9897     81.3298       0.141527
    1     77.6965     77.6965              0
    2      77.728     77.7122      0.0111297
    3     77.7907     77.7384      0.0226262
    4     76.7912     77.5016       0.205771
    5     76.9931     77.3999       0.188077
    6       77.55     77.4249       0.158386
    7     79.2858     77.6907       0.281076
    8     77.9993     77.7293       0.248573
    9     78.5104     77.8161       0.235619
   10     78.0967     77.8442       0.213721
   11     78.4379     77.8981       0.200992
   12      77.311     77.8492       0.190104
   13     77.0611     77.7886       0.184894
   14     78.5459     77.8427       0.179426
   15     78.5099     77.8872        0.17289
   16     79.1801      77.968       0.179981
   17     78.9923     78.0282       0.179197
   18     78.2399       78.04       0.169627
   19     77.5767     78.0156       0.162442
   20     77.9813     78.0139       0.154329
    1     74.8809     74.8809              0
    2     74.2043     74.5426       0.239216
    3     74.7144     74.5999       0.166187
    4     74.0501     74.4624       0.172341
    5     73.9737     74.3647       0.163258
    6     74.9373     74.4601       0.161548
    7     75.9078     74.6669       0.236297
    8     74.7451     74.6767       0.206962
    9     75.9877     74.8224       0.229573
   10     74.6623     74.8064       0.207173
   11      75.916     74.9072       0.211479
   12     74.0487     74.8357       0.205601
   13     74.4822     74.8085       0.191575
   14     75.4286     74.8528        0.18294
   15     75.0629     74.8668       0.171279
   16     75.7833     74.9241       0.169882
   17     75.9222     74.9828       0.169731
   18     75.0291     74.9854       0.160321
   19     74.4401     74.9567        0.15443
   20     74.7925     74.9485       0.146927
    1      71.699      71.699              0
    2     71.7691      71.734      0.0247879
    3     72.4193     71.9624       0.187224
    4     71.0537     71.7352       0.241726
    5     70.9728     71.5828       0.236637
    6     71.8443     71.6264       0.201173
    7     72.5223     71.7544       0.209225
    8     72.4176     71.8373       0.198819
    9     73.0612     71.9732       0.218337
   10     71.8457     71.9605       0.196875
   11     73.0278     72.0575       0.201475
   12     71.5423     72.0146       0.189205
   13     71.5063     71.9755       0.178645
   14     72.6219     72.0217       0.171747
   15     71.7369     72.0027       0.161344
   16     72.7199     72.0475       0.157364
   17     73.1103       72.11       0.160044
   18     72.3485     72.1233         0.1517
   19     71.3649     72.0834       0.148874
   20     71.6522     72.0618       0.142983
    1     69.4151     69.4151              0
    2     69.1977     69.3064      0.0768477
    3     69.6013     69.4047      0.0952308
    4        68.1     69.0785       0.291362
    5     68.2835     68.9195       0.273056
    6     69.0389     68.9394        0.22827
    7     70.2204     69.1224       0.258817
    8     69.4951      69.169        0.23062
    9     70.0706     69.2692       0.225706
   10     69.3348     69.2757        0.20323
   11     70.3044     69.3692       0.205146
   12     69.2035     69.3554       0.188514
   13     68.5286     69.2918        0.18443
   14     70.1752     69.3549       0.181729
   15     68.9057      69.325       0.172064
   16     70.4199     69.3934       0.174388
   17      70.871     69.4803       0.184522
   18     69.4598     69.4792       0.174275
   19     69.3607      69.473       0.165214
   20     69.0805     69.4533       0.158114
    1     66.5037     66.5037              0
    2     65.9241     66.2139       0.204904
    3     66.9209     66.4496        0.23598
    4     65.5397     66.2221        0.26482
    5      65.688     66.1153       0.232407
    6     66.1013      66.113       0.193684
    7     67.9454     66.3747       0.293771
    8     66.6922     66.4144       0.259716
    9     66.9886     66.4782       0.238567
   10     65.8978     66.4202       0.221659
   11     66.9605     66.4693       0.206879
   12     66.5921     66.4795       0.189891
   13     65.9993     66.4426       0.178842
   14     67.2093     66.4974       0.174251
   15     66.5941     66.5038       0.162754
   16     67.6846     66.5776       0.168486
   17     68.1837     66.6721       0.183158
   18      66.959      66.688       0.173675
   19     66.4025      66.673       0.165183
   20     67.3131      66.705       0.159994
    1     64.0394     64.0394              0
    2     63.1448     63.5921       0.316273
    3     64.5493     63.9112       0.335152
    4     62.9273     63.6652       0.329479
    5     63.3835     63.6089       0.268357
    6     64.3113     63.7259       0.247853
    7     65.2738     63.9471       0.295028
    8     64.3152     63.9931       0.261714
    9     64.2547     64.0222       0.234243
   10     63.8532     64.0053       0.211427
   11      64.513     64.0514       0.197181
   12     63.6944     64.0217        0.18298
   13     63.5064      63.982       0.173144
   14     64.4259     64.0137       0.163654
   15     63.6957     63.9925       0.154111
   16     64.7052     64.0371       0.150779
   17     65.1961     64.1052       0.156566
   18     64.7989     64.1438       0.152537
   19     63.9138     64.1317       0.144988
   20     64.1494     64.1326       0.137741
    1     61.4142     61.4142              0
    2     60.7425     61.0784       0.237476
    3     62.3028     61.4865       0.368937
    4     60.3161     61.1939         0.3752
    5      61.174     61.1899       0.300181
    6     61.7649     61.2858       0.265007
    7     62.9256       61.52       0.314066
    8     62.2985     61.6173       0.289489
    9     62.0651     61.6671       0.261564
   10     61.2068     61.6211       0.239424
   11     61.9456     61.6506       0.219469
   12     61.6083      61.647       0.201208
   13     61.0653     61.6023       0.190641
   14     62.2382     61.6477       0.182355
   15     61.5671     61.6423       0.170277
   16      62.592     61.7017       0.169665
   17     63.2848     61.7948        0.18347
   18     62.1051     61.8121       0.174085
   19     61.3118     61.7857       0.166902
   20     62.0855     61.8007       0.159229
    1     59.2997     59.2997              0
    2     58.4785     58.8891       0.290312
    3     59.9974     59.2585       0.358386
    4     58.1361     58.9779       0.362362
    5     59.0569     58.9937       0.290233
    6     59.4959     59.0774       0.253643
    7     60.6982     59.3089       0.305317
    8     59.8952     59.3822       0.275806
    9     60.1203     59.4642       0.257064
   10     59.5298     59.4708       0.231441
   11     59.8355     59.5039       0.212763
   12     59.4646     59.5007       0.195058
   13     59.0717     59.4677       0.182823
   14      60.282     59.5258       0.178779
   15     58.9319     59.4862       0.171189
   16     60.4656     59.5474       0.171084
   17     60.3715     59.5959       0.167746
   18      59.787     59.6065       0.158763
   19     59.0302     59.5762       0.153277
   20     59.9072     59.5928       0.146504
    1     57.0181     57.0181              0
    2     56.6595     56.8388       0.126782
    3     57.6918     57.1231        0.24706
    4     56.4361     56.9513       0.237614
    5     57.0354     56.9681       0.190685
    6     57.5356     57.0627       0.180845
    7     58.8102     57.3124       0.278292
    8     58.0848     57.4089       0.259716
    9     58.1253     57.4885        0.24275
   10     57.8399     57.5237       0.221003
   11     57.7802      57.547       0.202139
   12     56.9326     57.4958       0.191668
   13     56.4963     57.4189       0.191724
   14     58.3803     57.4876       0.189929
   15     57.2649     57.4727       0.177846
   16      58.165      57.516       0.171912
   17     58.4058     57.5683       0.169581
   18     57.7585     57.5789       0.160489
   19     56.9021     57.5433       0.155945
   20     57.7611     57.5542       0.148528
    1     54.9712     54.9712              0
    2     54.6107      54.791       0.127439
    3     55.7466     55.1095       0.273609
    4     54.4822     54.9527       0.246081
    5     54.8905     54.9402       0.197179
    6     55.6038     55.0508       0.192851
    7     56.3308     55.2337       0.236607
    8     55.7681     55.3005       0.216257
    9     55.3832     55.3097       0.192424
   10      55.883      55.367       0.181522
   11     56.0231     55.4267       0.174543
   12     55.0829      55.398       0.162331
   13     54.9306     55.3621       0.153775
   14     55.9737     55.4057       0.148867
   15     54.7667     55.3631        0.14491
   16     56.0542     55.4063       0.142144
   17     56.2424     55.4555       0.142036
   18     55.4002     55.4524       0.134178
   19     55.0191     55.4296       0.129039
   20      55.505     55.4334       0.122643
    1      53.076      53.076              0
    2     52.5888     52.8324       0.172243
    3     53.6265     53.0971       0.244724
    4      52.455     52.9366       0.230246
    5     52.5079     52.8508       0.199523
    6     53.5809     52.9725        0.19996
    7     53.9573     53.1132       0.215265
    8     53.8683     53.2076       0.208022
    9     53.8269     53.2764        0.19596
   10     53.6472     53.3135       0.179838
   11     54.2798     53.4013       0.183698
   12     53.4661     53.4067       0.168469
   13      53.361     53.4032       0.155547
   14     53.9926     53.4453       0.150025
   15     52.9362     53.4114       0.143811
   16     54.0954     53.4541       0.141034
   17     54.0659     53.4901       0.137253
   18      53.511     53.4913       0.129632
   19      53.057     53.4684       0.124808
   20     53.5731     53.4736       0.118677
    1     50.8546     50.8546              0
    2     50.8591     50.8569       0.001583
    3     51.7505     51.1548       0.243225
    4     50.4147     50.9697         0.2428
    5     51.0662      50.989       0.195004
    6     51.6874     51.1054       0.194158
    7     52.2298     51.2661       0.223185
    8      51.869     51.3414       0.207621
    9     52.3266     51.4509       0.211451
   10     51.9322      51.499       0.195708
   11     52.4307     51.5837       0.195385
   12     51.5748      51.583       0.179104
   13     51.1924     51.5529       0.167828
   14     52.1448     51.5952       0.161078
   15     50.8175     51.5434       0.158464
   16     52.3485     51.5937       0.156347
   17      52.031     51.6194       0.149251
   18     51.5288     51.6144       0.141044
   19     51.2682     51.5962       0.134792
   20     51.8795     51.6103       0.128795
    1     48.9852     48.9852              0
    2      49.208     49.0966      0.0787663
    3     49.6539     49.2824        0.16051
    4      49.012     49.2148       0.133867
    5      49.191       49.21       0.107178
    6     49.4668     49.2528       0.097487
    7     50.2192     49.3909       0.152701
    8      49.949     49.4607       0.148696
    9       50.29     49.5528       0.158173
   10     49.8368     49.5812       0.144883
   11      50.628     49.6764       0.159939
   12     49.3745     49.6512       0.148576
   13     49.7332     49.6575       0.137281
   14     49.9565     49.6789       0.129126
   15     49.5254     49.6686       0.120922
   16      50.394      49.714       0.121566
   17      50.433     49.7563       0.121549
   18     49.7696      49.757       0.114799
   19      49.633     49.7505       0.108942
   20     49.9444     49.7602       0.103926
    1     47.4143     47.4143              0
    2     47.4768     47.4456      0.0221041
    3     47.8106     47.5672       0.100451
    4     47.2258     47.4819       0.105551
    5     47.1771     47.4209       0.100514
    6     48.0523     47.5262       0.127448
    7      48.575      47.676       0.176566
    8     48.3857     47.7647       0.175372
    9     48.4819     47.8444       0.173049
   10     48.2864     47.8886       0.161291
   11     48.4048     47.9355       0.153304
   12     48.2536      47.962       0.142801
   13     48.1757     47.9785       0.132759
   14     48.6338     48.0253       0.131271
   15      48.034     48.0259       0.122521
   16     48.6919     48.0675        0.12173
   17     48.1852     48.0744       0.114766
   18     48.1619     48.0793       0.108493
   19     47.6524     48.0568       0.105083
   20     47.9709     48.0525      0.0999168
    1     45.9111     45.9111              0
    2     45.8625     45.8868      0.0171764
    3     46.3415     46.0384       0.124282
    4     45.8128      45.982       0.105232
    5      45.767      45.939      0.0925565
    6      46.657     46.0587       0.133727
    7     47.0295     46.1974       0.172123
    8     47.2119     46.3242       0.191716
    9     47.1414      46.415       0.190708
   10     46.7027     46.4437       0.173794
   11     46.3681     46.4369        0.15813
   12     46.5957     46.4501       0.145505
   13      45.877      46.406       0.140833
   14      46.915     46.4424       0.135385
   15     46.3828     46.4384       0.126418
   16     47.1108     46.4804       0.125306
   17     46.7682     46.4974       0.119073
   18     46.4267     46.4934       0.112522
   19     46.2134     46.4787       0.107561
   20     46.1963     46.4646       0.103106
    1     44.2913     44.2913              0
    2     44.6486     44.4699       0.126322
    3     44.9754     44.6384       0.161304
    4     44.5032     44.6046       0.124471
    5     44.2936     44.5424       0.114061
    6     44.7358     44.5746      0.0995008
    7     45.6855     44.7333       0.169884
    8     45.6302     44.8454       0.181913
    9     45.4639     44.9141       0.174195
   10     45.4619     44.9689       0.165164
   11     45.0202     44.9736       0.150215
   12     44.8345      44.962       0.138144
   13     44.5654     44.9315       0.130843
   14     45.5576     44.9762       0.128914
   15     45.0555     44.9815       0.120428
   16     45.3141     45.0023       0.114682
   17     45.4877     45.0308       0.111434
   18     44.8734     45.0221       0.105586
   19     44.2912     44.9836       0.106808
   20     44.8027     44.9746       0.101849
    1     42.7879     42.7879              0
    2      42.688     42.7379      0.0353232
    3      43.637     43.0376       0.245836
    4     42.8406     42.9884       0.189247
    5     42.9777     42.9862        0.15141
    6     43.1367     43.0113       0.128236
    7     44.1182     43.1694       0.183063
    8      44.024     43.2763        0.18879
    9      43.992     43.3558       0.183799
   10     43.6065     43.3808        0.16712
   11     43.7795     43.4171       0.155808
   12      43.398     43.4155       0.142832
   13     43.0819     43.3898        0.13413
   14     44.0696     43.4384       0.133047
   15     43.5689     43.4471       0.124461
   16     43.8397     43.4716       0.119077
   17     44.0508     43.5057       0.116845
   18     43.3378     43.4964       0.110725
   19     42.8293     43.4613       0.110323
   20     43.0399     43.4402         0.1068
    1     41.6385     41.6385              0
    2     41.4203     41.5294       0.077144
    3     41.9316     41.6634       0.120943
    4     41.2492     41.5599       0.127557
    5     41.2215     41.4922       0.118648
    6      41.715     41.5293       0.104523
    7     42.7969     41.7104       0.190082
    8     42.6532     41.8283       0.199539
    9     42.6335     41.9177       0.196405
   10     42.3121     41.9572       0.180679
   11     42.3134     41.9896       0.167132
   12     41.6367     41.9602       0.155769
   13     42.0476     41.9669       0.143932
   14     42.5778     42.0105        0.14011
   15     41.9987     42.0097       0.130771
   16     42.1824     42.0205       0.123043
   17      42.477     42.0474       0.118699
   18     41.9262     42.0406       0.112295
   19     41.6673      42.021       0.108091
   20     41.7553     42.0077       0.103499
    1     39.7708     39.7708              0
    2     40.5137     40.1422       0.262643
    3     41.0157     40.4334       0.295247
    4      39.734     40.2586       0.268254
    5     40.3471     40.2763       0.215187
    6     40.2909     40.2787       0.179336
    7      41.353     40.4322       0.209328
    8     41.3702     40.5494       0.213488
    9     41.3853     40.6423       0.208994
   10     40.9594      40.674       0.190485
   11     41.2687     40.7281       0.180676
   12     40.6687     40.7231       0.165688
   13     40.2577     40.6873       0.156763
   14     41.1516     40.7205       0.149031
   15     40.5869     40.7116       0.139361
   16     40.7313     40.7128       0.130657
   17     41.2454     40.7441       0.126672
   18     40.5758     40.7348       0.119979
   19     40.3649     40.7153       0.115233
   20     40.5523     40.7072       0.109759
    1     38.7121     38.7121              0
    2     38.8853     38.7987      0.0612399
    3      39.313     38.9701       0.145805
    4     38.5135      38.856       0.147425
    5     39.0172     38.8882       0.121418
    6     39.0142     38.9092        0.10298
    7     40.1449     39.0857       0.185746
    8     39.5695     39.1462       0.172089
    9     39.9285     39.2331       0.173536
   10     39.4964     39.2594       0.158167
   11     39.5781     39.2884       0.146418
   12     39.4793     39.3043       0.135077
   13     38.9143     39.2743       0.127976
   14     39.6552     39.3015       0.121692
   15     39.3473     39.3046       0.113618
   16      39.554     39.3202       0.107581
   17     39.5471     39.3335       0.102077
   18     39.4249     39.3386      0.0965327
   19     39.0651     39.3242       0.092519
   20     39.2949     39.3227      0.0879046
    1     37.6877     37.6877              0
    2      37.539     37.6133      0.0525655
    3     38.0768     37.7678       0.130911
    4     37.5567      37.715       0.108299
    5     37.6441     37.7008      0.0875633
    6     37.5656     37.6783      0.0758147
    7     38.9777     37.8639       0.183733
    8     38.0077     37.8819       0.161643
    9     38.5627     37.9576       0.160411
   10     38.2547     37.9873       0.147097
   11     38.2447     38.0107       0.135573
   12     38.5126     38.0525       0.130567
   13     37.8779     38.0391       0.121213
   14     38.1719     38.0486       0.112925
   15     38.1315     38.0541       0.105532
   16     38.4747     38.0804       0.102158
   17     38.4528     38.1023      0.0984689
   18     37.9429     38.0934      0.0933957
   19     37.8952      38.083      0.0890611
   20     37.9277     38.0752      0.0849459
    1     36.5774     36.5774              0
    2      36.626     36.6017      0.0171783
    3     36.8134     36.6723      0.0587462
    4     36.1885     36.5513       0.113624
    5     36.4414     36.5293      0.0930004
    6     36.4591     36.5176      0.0782342
    7     37.8716     36.7111       0.191221
    8      37.156     36.7667        0.17522
    9     37.4144     36.8386       0.169887
   10     37.0656     36.8613       0.154407
   11     37.3807     36.9086       0.147413
   12     37.0389     36.9194       0.135528
   13     36.8123     36.9112       0.125353
   14     37.0126     36.9184       0.116608
   15     37.0508     36.9272       0.109168
   16     36.8917      36.925       0.102368
   17     37.3065     36.9475      0.0987748
   18     36.7536     36.9367      0.0938726
   19     36.6583      36.922      0.0900683
   20     36.6777     36.9098      0.0863895
    1     35.3474     35.3474              0
    2     35.4396     35.3935       0.032622
    3     35.5368     35.4413      0.0446478
    4     35.3429     35.4167       0.039682
    5     35.2425     35.3818      0.0444779
    6     35.1956     35.3508      0.0466557
    7     36.8553     35.5657       0.202964
    8     35.9818     35.6177       0.184136
    9     36.1846     35.6807       0.174116
   10     35.8554     35.6982       0.157578
   11     35.9932      35.725       0.145517
   12     35.7745     35.7291       0.133449
   13     35.4031     35.7041       0.125517
   14     35.6306     35.6988       0.116661
   15     35.7946     35.7052       0.109058
   16     35.5698     35.6967        0.10257
   17     36.0423     35.7171      0.0985305
   18     35.6687     35.7144      0.0930933
   19     35.3177     35.6935      0.0905047
   20     35.5394     35.6858      0.0863066
    1     34.1491     34.1491              0
    2     34.3523     34.2507      0.0718096
    3     34.5048     34.3354      0.0841091
    4       34.22     34.3065      0.0678523
    5     34.2678     34.2988      0.0547232
    6     34.2441     34.2897      0.0463567
    7     35.5843     34.4746       0.175784
    8     35.0792     34.5502       0.169279
    9     35.2504      34.628       0.167397
   10        34.8     34.6452       0.151538
   11     34.8074     34.6599       0.138477
   12     34.7756     34.6696       0.127273
   13     34.4203     34.6504       0.118918
   14     35.0583     34.6795       0.113937
   15      34.702      34.681       0.106351
   16     35.0305     34.7029       0.101923
   17     34.9518     34.7175      0.0969733
   18     34.5895     34.7104      0.0918462
   19     34.2235     34.6848      0.0905162
   20     34.5685      34.679      0.0861769
    1     33.1172     33.1172              0
    2     33.2507      33.184      0.0471927
    3     33.5436     33.3038       0.102801
    4     33.2118     33.2808      0.0796324
    5     33.2681     33.2783      0.0637466
    6     33.4398     33.3052      0.0585274
    7     34.6418     33.4962       0.183759
    8     34.0137     33.5608       0.171798
    9     33.7182     33.5783       0.153597
   10     33.8263     33.6031       0.140224
   11     33.8913     33.6293       0.129901
   12     33.7477     33.6392        0.11945
   13     33.1851     33.6043       0.115256
   14     33.8513     33.6219       0.108366
   15      33.376     33.6055       0.102374
   16     33.9718     33.6284      0.0985019
   17     33.8932      33.644      0.0939311
   18     33.4638      33.634      0.0892446
   19     33.2207     33.6122      0.0871574
   20      33.509     33.6071      0.0829522
    1     32.3164     32.3164              0
    2     32.2887     32.3025       0.009803
    3     32.3268     32.3106     0.00928995
    4     32.0281       32.24      0.0615518
    5     31.8267     32.1573      0.0888226
    6     32.4573     32.2073       0.086954
    7     33.4432     32.3839       0.179647
    8     32.9161     32.4504       0.169061
    9     32.5613     32.4627       0.150725
   10      32.723     32.4888       0.137881
   11     32.9506     32.5307       0.131584
   12     32.6074     32.5371       0.120774
   13     32.0581     32.5003       0.116971
   14     32.8314     32.5239       0.110982
   15     32.3314     32.5111       0.104322
   16     32.9788     32.5403       0.101814
   17     33.1517     32.5763       0.101978
   18      32.365     32.5646      0.0969861
   19     32.2828     32.5497      0.0930085
   20      32.285     32.5365      0.0892952
    1     31.5691     31.5691              0
    2     31.4846     31.5269      0.0298759
    3     31.4378     31.4972      0.0313744
    4     31.0612     31.3882      0.0972932
    5     31.1485     31.3403      0.0888616
    6     31.4772     31.3631      0.0769259
    7     32.2118     31.4843       0.130184
    8     31.9552     31.5432       0.126518
    9     31.8625     31.5787       0.117331
   10     31.8145     31.6022       0.107942
   11     31.7405     31.6148      0.0988581
   12     31.5695      31.611      0.0906921
   13     31.1974     31.5792      0.0891223
   14     31.9984     31.6092       0.087643
   15     31.6901     31.6146      0.0819659
   16       31.96     31.6361      0.0796352
   17     31.9396      31.654      0.0769252
   18     31.7002     31.6566      0.0726944
   19     31.1509     31.6299      0.0735793
   20     31.4404     31.6205      0.0705082
    1     30.9354     30.9354              0
    2     30.2009     30.5681       0.259679
    3     30.5506     30.5623       0.173185
    4     30.2856     30.4931       0.143035
    5     30.2171     30.4379       0.124627
    6     30.4099     30.4333       0.103943
    7     31.3188     30.5598       0.147158
    8     31.2018       30.64       0.149051
    9     30.7345     30.6505       0.132859
   10     30.8692     30.6724       0.121359
   11     30.7023     30.6751       0.110357
   12     30.7953     30.6851       0.101614
   13     30.1606     30.6448       0.101492
   14     30.9538     30.6669      0.0966133
   15     30.6725     30.6672      0.0901731
   16     31.1169     30.6953      0.0888085
   17     30.8417     30.7039      0.0840006
   18      30.616     30.6991      0.0794757
   19     30.2181     30.6737      0.0792214
   20     30.5771     30.6689      0.0754077
    1     29.6535     29.6535              0
    2     29.4612     29.5574      0.0679925
    3     29.4521     29.5223      0.0536204
    4     29.2603     29.4568      0.0695386
    5     29.2251     29.4105      0.0693746
    6      29.484     29.4227      0.0588845
    7     30.2962     29.5475       0.126068
    8     30.0473       29.61       0.124836
    9     29.8126     29.6325       0.112977
   10     30.1691     29.6861       0.113713
   11     29.8752     29.7033       0.104666
   12     29.9836     29.7267      0.0985148
   13     29.4292     29.7038      0.0935564
   14     29.8895     29.7171      0.0878088
   15     29.6046     29.7096      0.0822743
   16     30.0461     29.7306      0.0797754
   17     30.0546     29.7497      0.0773264
   18     29.8918     29.7576      0.0734323
   19     29.4326     29.7405      0.0715319
   20     29.8627     29.7466       0.068216
    1     28.8464     28.8464              0
    2     28.7249     28.7856      0.0429656
    3      28.638     28.7364      0.0493455
    4     28.4125     28.6554      0.0792963
    5     28.2074     28.5658       0.102212
    6     28.7738     28.6005      0.0908631
    7     29.3082     28.7016       0.121763
    8     28.9968     28.7385       0.111996
    9     28.8707     28.7532       0.100511
   10     29.3391     28.8118       0.106171
   11     28.8781     28.8178        0.09669
   12     29.1892     28.8487      0.0934539
   13     28.4574     28.8186      0.0909846
   14     29.1214     28.8403      0.0870176
   15     28.8002     28.8376      0.0812574
   16     29.2421     28.8629      0.0800157
   17     29.0979     28.8767      0.0764939
   18     28.8789     28.8768      0.0722443
   19     28.7596     28.8707      0.0687047
   20     28.9308     28.8737      0.0653354
    1     28.2224     28.2224              0
    2     27.8659     28.0441        0.12603
    3     27.6825     27.9236       0.129416
    4     27.6672     27.8595       0.111811
    5     27.5468      27.797       0.105503
    6     27.9074     27.8154      0.0895098
    7     28.4332     27.9036        0.11209
    8     28.2112     27.9421       0.104466
    9     27.9399     27.9418      0.0928591
   10     28.4541     27.9931      0.0966758
   11     28.1548     28.0078      0.0889982
   12     28.2548     28.0283      0.0839288
   13     27.6922     28.0025      0.0813587
   14     28.4258     28.0327      0.0809708
   15     27.8536     28.0208      0.0764485
   16      28.586     28.0561       0.079414
   17      28.187     28.0638       0.075115
   18     28.1109     28.0664      0.0709875
   19     27.7713     28.0509      0.0689299
   20      27.969     28.0468      0.0656048
    1     27.6068     27.6068              0
    2     26.9637     27.2852       0.227361
    3     26.8342     27.1349       0.195055
    4     26.8668     27.0679       0.157388
    5     26.8961     27.0335       0.129606
    6     27.0821     27.0416       0.108257
    7     27.7271     27.1395       0.129731
    8     27.4503     27.1784       0.119189
    9      27.283       27.19       0.106511
   10     27.8168     27.2527       0.112806
   11      27.335     27.2602       0.102798
   12      27.432     27.2745      0.0952241
   13     27.0108     27.2542      0.0900327
   14      27.477     27.2701      0.0849965
   15     27.1001     27.2588      0.0800825
   16     27.7991     27.2925      0.0818879
   17     27.4713     27.3031      0.0777429
   18     27.3693     27.3067      0.0735108
   19     26.9951     27.2903      0.0714478
   20     27.3357     27.2926      0.0679114
    1     26.7424     26.7424              0
    2     26.3256      26.534       0.147366
    3     26.2735     26.4472       0.121165
    4     26.3551     26.4241      0.0930369
    5     26.0107     26.3415       0.104925
    6      26.265     26.3287      0.0882086
    7     26.9418     26.4163       0.110865
    8     26.8392     26.4692       0.108884
    9     26.5648     26.4798      0.0973033
   10     26.9617      26.528      0.0987904
   11     26.9026      26.562      0.0955004
   12     26.6984     26.5734      0.0882152
   13       26.42     26.5616      0.0822152
   14     26.6304     26.5665      0.0764896
   15     26.5433      26.565       0.071406
   16      26.966       26.59      0.0712065
   17     26.7826     26.6014      0.0679129
   18     26.7241     26.6082      0.0644812
   19     26.3476     26.5945      0.0625291
   20     26.4436     26.5869      0.0598561
    1     25.9212     25.9212              0
    2     25.4043     25.6628       0.182742
    3     25.4661     25.5972       0.133066
    4     25.7464     25.6345       0.104896
    5     25.5069      25.609      0.0869677
    6      25.563     25.6013      0.0728096
    7     26.1801      25.684      0.0987628
    8     26.1379     25.7407       0.101412
    9     25.7658     25.7435      0.0901822
   10     26.1628     25.7854      0.0903851
   11     25.9947     25.8045      0.0841456
   12     25.7925     25.8035      0.0771394
   13     25.5476     25.7838      0.0736737
   14     26.1388     25.8091      0.0726449
   15     25.7721     25.8067      0.0678438
   16     26.2433      25.834      0.0688731
   17      26.075     25.8481      0.0662656
   18     25.8266     25.8469       0.062595
   19     25.6079     25.8344      0.0605512
   20     25.7989     25.8326      0.0575496
    1      25.025      25.025              0
    2     24.6874     24.8562       0.119368
    3     24.7896      24.834      0.0816126
    4     25.1177     24.9049      0.0867101
    5     24.8199     24.8879      0.0710135
    6     24.7841     24.8706      0.0612485
    7     25.4609     24.9549      0.0940783
    8     25.3654     25.0063      0.0952871
    9     25.0659     25.0129      0.0849295
   10     25.3529     25.0469      0.0829654
   11      25.446     25.0832      0.0829782
   12     25.1902     25.0921      0.0765413
   13     25.0346     25.0877      0.0707812
   14     25.4793     25.1156      0.0710398
   15     25.0037     25.1082      0.0666949
   16     25.3301      25.122      0.0639524
   17     25.3046     25.1328      0.0610852
   18      25.373     25.1461      0.0591311
   19     24.8369     25.1298      0.0582149
   20     24.9941     25.1231      0.0556983
    1     24.3987     24.3987              0
    2     24.1725     24.2856       0.079972
    3     24.2301     24.2671      0.0554154
    4     24.3695     24.2927      0.0471031
    5     24.1038     24.2549      0.0506144
    6     24.0838     24.2264      0.0495635
    7     24.6895     24.2925      0.0745397
    8     24.5314     24.3224      0.0709513
    9     24.2448     24.3138      0.0635897
   10      24.632     24.3456      0.0647038
   11     24.6274     24.3712      0.0636921
   12     24.5303     24.3845      0.0597476
   13     24.2165     24.3716      0.0565313
   14     24.9484     24.4128      0.0658175
   15     24.1832     24.3975      0.0631841
   16     24.7086     24.4169       0.062156
   17     24.4857      24.421      0.0586314
   18     24.6431     24.4333      0.0566579
   19     24.4991     24.4368      0.0537817
   20     24.2647     24.4282      0.0517758
    1     23.6354     23.6354              0
    2     23.2108     23.4231        0.15013
    3     23.5647     23.4703       0.107249
    4     23.5799     23.4977      0.0838645
    5     23.4265     23.4835      0.0682886
    6      23.491     23.4847      0.0569188
    7     24.0934     23.5717      0.0941274
    8      23.869     23.6088      0.0893986
    9     23.7187      23.621      0.0802939
   10     23.9735     23.6563      0.0796242
   11     23.8571     23.6745      0.0744493
   12     23.9627     23.6986      0.0720136
   13     23.6062     23.6915      0.0668233
   14     24.0772      23.719      0.0674921
   15      23.544     23.7073      0.0639928
   16     23.9401     23.7219      0.0616239
   17     23.9374     23.7346      0.0592888
   18      23.903     23.7439      0.0567286
   19     23.7134     23.7423      0.0537656
   20     23.7691     23.7437       0.051094
    1     22.9653     22.9653              0
    2      22.993     22.9792     0.00980797
    3     22.8934     22.9506      0.0242363
    4     22.8984     22.9375      0.0214047
    5     22.6388     22.8778       0.056113
    6     22.8471     22.8727      0.0469928
    7     23.4705     22.9581      0.0887347
    8     23.1415      22.981      0.0805496
    9     22.9385     22.9763      0.0717378
   10     23.3022     23.0089      0.0715866
   11     23.2628      23.032      0.0686998
   12     23.2174     23.0474      0.0646894
   13     22.9049     23.0364      0.0606347
   14     23.2556     23.0521      0.0582889
   15     22.9883     23.0479      0.0545577
   16     23.3546      23.067      0.0544132
   17     23.3367     23.0829       0.053474
   18      23.269     23.0932      0.0514932
   19       22.98     23.0873      0.0491268
   20     22.9323     23.0795      0.0472773
    1     22.4336     22.4336              0
    2     22.2018     22.3177      0.0819557
    3     22.3816      22.339      0.0573408
    4     22.2407     22.3144      0.0479829
    5     21.9924       22.25       0.069223
    6     22.2151     22.2442      0.0579304
    7     22.6536     22.3027      0.0734704
    8     22.4583     22.3222      0.0668102
    9     22.4349     22.3347      0.0605502
   10     22.8046     22.3817      0.0704057
   11      22.636     22.4048      0.0676948
   12     22.6443     22.4247      0.0649294
   13     22.4878     22.4296      0.0601155
   14     22.5257     22.4365      0.0562119
   15     22.1565     22.4178      0.0554773
   16     22.6973     22.4353      0.0546918
   17     22.4848     22.4382      0.0515522
   18     22.6777     22.4515       0.050376
   19     22.4306     22.4504      0.0477366
   20     22.4252     22.4491      0.0453664
    1     21.8603     21.8603              0
    2     21.6746     21.7675      0.0656419
    3     21.6534     21.7294      0.0536517
    4     21.6376     21.7065      0.0448835
    5     21.4229     21.6498      0.0621448
    6     21.6442     21.6488      0.0517944
    7     22.3336     21.7467       0.100865
    8     21.9411      21.771      0.0911376
    9     21.9621     21.7922      0.0834493
   10     22.1028     21.8233      0.0806774
   11     22.0953      21.848      0.0770397
   12     22.1366      21.872       0.074279
   13     21.8405     21.8696      0.0686049
   14     22.0069     21.8794      0.0644011
   15     21.7467     21.8706      0.0607121
   16     22.1187     21.8861      0.0588654
   17     21.9692      21.891      0.0556053
   18     22.0457     21.8996      0.0531768
   19     21.8678     21.8979      0.0504043
   20      21.595     21.8828       0.050107
    1     21.2404     21.2404              0
    2      21.205     21.2227      0.0125101
    3     21.1537     21.1997      0.0205641
    4      21.054     21.1633      0.0351101
    5     20.9473     21.1201      0.0477688
    6      21.252     21.1421      0.0445775
    7     21.7036     21.2223      0.0835184
    8     21.2759      21.229      0.0733475
    9     21.2048     21.2263       0.065247
   10     21.6061     21.2643      0.0688928
   11     21.3834     21.2751      0.0634749
   12     21.4722     21.2915      0.0602734
   13     21.3786     21.2982      0.0560077
   14     21.4489      21.309      0.0530314
   15     21.2577     21.3056      0.0496061
   16     21.3725     21.3098      0.0466819
   17     21.4204     21.3163      0.0443872
   18     21.6506     21.3348      0.0456432
   19     21.3129     21.3337      0.0432555
   20     21.0845     21.3212      0.0428501
    1     20.6043     20.6043              0
    2     20.5438     20.5741      0.0213886
    3     20.7762     20.6414      0.0568196
    4     20.4545     20.5947      0.0587718
    5     20.2211       20.52      0.0817176
    6     20.5185     20.5197      0.0680984
    7     21.0977     20.6023      0.0961807
    8     20.5458     20.5952       0.084417
    9     20.8635      20.625       0.080129
   10     21.0394     20.6665      0.0821343
   11     20.7006     20.6696      0.0747262
   12     20.9406     20.6922      0.0718314
   13     20.7666     20.6979      0.0665338
   14     20.8886     20.7115      0.0631609
   15     20.7019     20.7109      0.0589534
   16     20.8746     20.7211      0.0561501
   17     21.0213     20.7388      0.0555541
   18     20.9008     20.7478       0.053192
   19     20.8198     20.7516      0.0505274
   20      20.661      20.747      0.0482037
    1     20.1198     20.1198              0
    2      20.033     20.0764      0.0306693
    3     20.0383     20.0637      0.0229221
    4     20.0558     20.0617      0.0172756
    5     19.8493     20.0192      0.0404461
    6     19.9559     20.0087      0.0350544
    7     20.5162     20.0812      0.0735392
    8      20.183     20.0939      0.0654388
    9     20.3345     20.1206      0.0633911
   10     20.4062     20.1492      0.0631588
   11     20.2379     20.1573      0.0579294
   12     20.2556     20.1655      0.0536779
   13     20.0605     20.1574      0.0501519
   14     20.4563     20.1787      0.0509122
   15       20.22     20.1815      0.0475923
   16     20.1636     20.1804      0.0446309
   17      20.565      20.203      0.0473959
   18     20.4214     20.2151      0.0462899
   19     20.2665     20.2178      0.0439324
   20     20.0821     20.2111      0.0422566
    1     19.6394     19.6394              0
    2     19.5424     19.5909      0.0342979
    3     19.5516     19.5778      0.0252513
    4     19.3574     19.5227      0.0513474
    5     19.3229     19.4827      0.0544572
    6     19.4849     19.4831      0.0453822
    7     19.9257     19.5463      0.0702894
    8     19.6549     19.5599      0.0627999
    9     19.7293     19.5787      0.0585747
   10      19.879     19.6088      0.0599237
   11     19.8053     19.6266      0.0570776
   12     19.6509     19.6286      0.0523569
   13     19.6537     19.6306       0.048365
   14     19.8806     19.6484      0.0480952
   15     19.7556     19.6556      0.0454168
   16     19.7232     19.6598      0.0427743
   17     19.9365     19.6761       0.043243
   18     19.9193     19.6896      0.0429003
   19      19.999     19.7059      0.0436234
   20     19.6241     19.7018      0.0416336
    1     19.1188     19.1188              0
    2     19.0111      19.065      0.0380636
    3     19.1289     19.0863      0.0307728
    4     18.8684     19.0318      0.0525074
    5     18.9773     19.0209      0.0431215
    6     19.0507     19.0259      0.0362187
    7     19.5435     19.0998      0.0751726
    8     19.3032     19.1253      0.0699438
    9     19.3393      19.149      0.0660908
   10     19.4322     19.1773      0.0652659
   11     19.3169       19.19      0.0605527
   12     19.1866     19.1897      0.0555074
   13       19.26     19.1951      0.0515001
   14      19.549     19.2204      0.0536674
   15     19.1362     19.2148      0.0503822
   16     19.2399     19.2164      0.0472577
   17     19.3093     19.2218      0.0447928
   18     19.3951     19.2315      0.0433264
   19     19.3601     19.2382      0.0415717
   20     19.0998     19.2313       0.040065
    1     18.5789     18.5789              0
    2     18.4798     18.5293      0.0350454
    3     18.6512       18.57      0.0405696
    4     18.2303      18.485      0.0795915
    5     18.5132     18.4907      0.0638722
    6     18.4973     18.4918      0.0532363
    7     18.9974      18.564      0.0809641
    8     18.7721       18.59       0.074904
    9     18.7575     18.6086      0.0688547
   10     18.8877     18.6365      0.0673889
   11     18.8698     18.6577      0.0645122
   12     18.7982     18.6694      0.0601882
   13     18.6685     18.6694      0.0555584
   14     18.9051     18.6862       0.054082
   15     18.5396     18.6764      0.0513526
   16      18.877      18.689      0.0496492
   17     18.9815     18.7062       0.049622
   18     18.9386     18.7191      0.0485163
   19     18.9083     18.7291      0.0469734
   20      18.564     18.7208      0.0453443
    1     18.2349     18.2349              0
    2     18.0709     18.1529      0.0580103
    3     18.2329     18.1796      0.0443867
    4     18.1132      18.163      0.0362629
    5     18.0404     18.1385      0.0363632
    6     18.1438     18.1393      0.0303136
    7     18.6136     18.2071      0.0678927
    8      18.336     18.2232      0.0612895
    9     18.2599     18.2273      0.0546151
   10     18.5245      18.257      0.0566679
   11     18.3967     18.2697      0.0529201
   12     18.3545     18.2768      0.0489789
   13     18.3902     18.2855      0.0459819
   14     18.4137     18.2947      0.0435998
   15      18.178     18.2869      0.0413813
   16     18.3512     18.2909      0.0389899
   17     18.4309     18.2991      0.0375561
   18     18.3197     18.3003      0.0354869
   19     18.4225     18.3067      0.0341974
   20     18.1765     18.3002      0.0331013
