    1     0.00054     0.00054              0
    2    0.000288    0.000414    8.90955e-05
    3    -0.00096    -4.4e-05    0.000378643
    4   -0.000448   -0.000145    0.000297148
    5    0.000368   -4.24e-05    0.000254816
    6     -0.0007   -0.000152    0.000234737
    7   -0.000648-0.000222857    0.000211627
    8     9.2e-05  -0.0001835    0.000188798
    9    0.000304-0.000129333    0.000175419
   10   -0.000528  -0.0001692    0.000162344
   11    0.000376-0.000119636    0.000154967
   12     0.00022-9.13333e-05    0.000144614
   13    0.000844-1.93846e-05    0.000150326
   14     0.00078 3.77143e-05    0.000150041
   15   -0.000452 5.06667e-06    0.000143547
   16   -0.000104   -1.75e-06    0.000134737
   17   -0.000396-2.49412e-05    0.000128791
   18   -0.000848-7.06667e-05    0.000129499
   19    0.001056-1.13684e-05    0.000135582
   20    0.000592    1.88e-05    0.000132117
    1   -0.000164   -0.000164              0
    2     9.6e-05    -3.4e-05    9.19239e-05
    3    0.000476    0.000136    0.000151731
    4    0.000268    0.000169    0.000117332
    5   -0.000532    2.88e-05    0.000156638
    6     7.6e-05 3.66667e-05    0.000130729
    7   -0.000104 1.65714e-05    0.000113588
    8   -0.000684    -7.1e-05    0.000128796
    9    0.000116-5.02222e-05    0.000116149
   10    0.000408    -4.4e-06    0.000113213
   11    0.000524 4.36364e-05    0.000112652
   12    0.000808 0.000107333    0.000119928
   13    0.000316 0.000123385    0.000111771
   14    0.000168 0.000126571    0.000103833
   15      -8e-06   0.0001176    9.72977e-05
   16    -0.00084   5.775e-05    0.000108068
   17   -0.000172 4.42353e-05    0.000102552
   18    0.000668 7.88889e-05    0.000102543
   19    0.000556    0.000104    0.000100173
   20   -0.000408    7.84e-05    9.83815e-05
    1    -0.00018    -0.00018              0
    2   -0.000396   -0.000288    7.63675e-05
    3    -0.00016-0.000245333    6.16898e-05
    4     2.8e-05   -0.000177    7.51182e-05
    5    0.001036    6.56e-05    0.000225156
    6     2.8e-05 5.93333e-05    0.000187717
    7   -0.000108 3.54286e-05    0.000162415
    8   -0.000804   -6.95e-05    0.000172714
    9    -0.00028-9.28889e-05    0.000155099
   10   -0.000384   -0.000122    0.000142295
   11   -0.000624-0.000167636    0.000136481
   12    0.000108-0.000144667    0.000127026
   13    0.000368-0.000105231    0.000123224
   14   -0.000384-0.000125143     0.00011602
   15   -0.000228   -0.000132    0.000108488
   16   -0.000492  -0.0001545    0.000104014
   17   -0.000116-0.000152235    9.79205e-05
   18   -0.000848-0.000190889    9.98185e-05
   19   -0.000204-0.000191579    9.45673e-05
   20    -0.00094   -0.000229    9.69606e-05
    1    0.000588    0.000588              0
    2   -0.000452     6.8e-05    0.000367696
    3    0.000408 0.000181333    0.000262015
    4   -0.000296     6.2e-05    0.000222029
    5   -0.000312   -1.28e-05    0.000189805
    6   -0.000652-0.000119333    0.000185677
    7    0.000412-4.34286e-05    0.000173976
    8    0.000424     1.5e-05    0.000161743
    9    0.000556 7.51111e-05    0.000154539
   10   -0.000196     4.8e-05    0.000141443
   11   -0.000216     2.4e-05    0.000130605
   12    0.000624     7.4e-05    0.000128937
   13   -0.000216 5.16923e-05    0.000120933
   14    0.000388 7.57143e-05    0.000114656
   15    0.000592 0.000110133     0.00011206
   16   -0.000328   8.275e-05     0.00010835
   17     0.00024     9.2e-05    0.000102371
   18    0.000312 0.000104222    9.74102e-05
   19   -0.000776 5.78947e-05    0.000102711
   20     0.00034     7.2e-05    9.85389e-05
    1   -0.000872   -0.000872              0
    2    0.000104   -0.000384    0.000345068
    3   -0.000596-0.000454667    0.000237171
    4   -0.000476    -0.00046    0.000177938
    5    0.000616  -0.0002448      0.0002394
    6    0.000188-0.000172667    0.000210087
    7   -0.000628-0.000237714    0.000189877
    8    0.000248   -0.000177    0.000175582
    9    0.001252-1.82222e-05    0.000216259
   10    0.000536    3.72e-05     0.00020161
   11      -4e-06 3.34545e-05    0.000183316
   12    0.000116 4.03333e-05    0.000168169
   13    -0.00084-2.73846e-05    0.000168316
   14      -6e-05-2.97143e-05    0.000156309
   15    -6.4e-05    -3.2e-05    0.000145905
   16   -0.000488   -6.05e-05    0.000139542
   17    0.000572-2.32941e-05    0.000136203
   18   -0.000932-7.37778e-05    0.000137675
   19    0.000332-5.24211e-05    0.000132075
   20    0.000748   -1.24e-05    0.000131395
    1    -0.00056    -0.00056              0
    2    0.001048    0.000244    0.000568514
    3     0.00072 0.000402667    0.000400539
    4    0.000164    0.000343    0.000304816
    5       2e-05   0.0002784    0.000250605
    6     0.00018    0.000262    0.000209373
    7   -0.000244 0.000189714    0.000191535
    8   -0.000596    9.15e-05    0.000191122
    9   -0.000744-1.33333e-06    0.000191107
   10   -0.000792   -8.04e-05    0.000187641
   11    0.000224-5.27273e-05    0.000172611
   12   -0.000864-0.000120333    0.000170954
   13   -0.000404-0.000142154    0.000159191
   14   -0.001048-0.000206857    0.000160431
   15     6.8e-05-0.000188533    0.000150779
   16    0.000164  -0.0001665    0.000142956
   17     7.6e-05-0.000152235    0.000135256
   18    -8.8e-05-0.000148667    0.000127789
   19     3.2e-05-0.000139158    0.000121417
   20    0.000408  -0.0001118    0.000118388
    1   -0.000464   -0.000464              0
    2   -0.000752   -0.000608    0.000101823
    3   -0.000628-0.000614667    6.81001e-05
    4   -0.000412   -0.000564     6.7335e-05
    5   -0.000188  -0.0004888     8.6173e-05
    6   -0.000344-0.000464667    7.51142e-05
    7      0.0009-0.000269714     0.00019163
    8    -7.2e-05   -0.000245    0.000169263
    9     2.4e-05-0.000215111    0.000153072
   10    -3.6e-05  -0.0001972    0.000138809
   11    0.000468-0.000136727    0.000138738
   12      -8e-05   -0.000132    0.000127257
   13   -0.000924-0.000192923    0.000131244
   14   -0.001108-0.000258286    0.000137183
   15    0.000628  -0.0001992    0.000140186
   16    0.000548  -0.0001525    0.000138985
   17   -0.000868-0.000194588    0.000137034
   18   -0.000892-0.000233333    0.000134787
   19           0-0.000221053    0.000128251
   20    0.000432  -0.0001884    0.000125927
    1    0.000404    0.000404              0
    2     0.00078    0.000592    0.000132936
    3    0.000804 0.000662667    0.000105752
    4    -0.00062    0.000342     0.00028881
    5    -0.00018   0.0002376    0.000249204
    6     0.00032 0.000251333    0.000208048
    7   -0.000452 0.000150857    0.000201131
    8    0.000456    0.000189     0.00017957
    9       8e-05 0.000176889    0.000160026
   10    0.000596   0.0002188    0.000149411
   11   -0.000144 0.000185818    0.000139421
   12   -0.000928     9.3e-05    0.000155662
   13    0.001028 0.000164923    0.000159441
   14    -1.2e-05 0.000152286    0.000148552
   15     -0.0002   0.0001288    0.000140493
   16   -0.001312   3.875e-05    0.000157956
   17    0.000124 4.37647e-05    0.000148744
   18   -0.000532 1.17778e-05    0.000143879
   19     0.00022 2.27368e-05    0.000136723
   20   -0.000244     9.4e-06    0.000130536
    1    0.000796    0.000796              0
    2   -0.000152    0.000322    0.000335169
    3   -0.000148 0.000165333     0.00025747
    4    0.000552    0.000262    0.000210469
    5     7.2e-05    0.000224    0.000171771
    6   -0.000312 0.000134667    0.000164743
    7   -0.000328 6.85714e-05    0.000153897
    8   -0.000384     1.2e-05    0.000144684
    9   -0.000648-6.13333e-05    0.000146015
   10    0.000672     1.2e-05    0.000148692
   11     0.00208      0.0002    0.000224507
   12    0.000228 0.000202333     0.00020581
   13     0.00062 0.000234462     0.00019247
   14   -0.000972 0.000148286    0.000197072
   15    -2.4e-05   0.0001368    0.000184268
   16    0.000508     0.00016    0.000174206
   17    0.000312 0.000168941    0.000164188
   18    -0.00028    0.000144    0.000156949
   19      0.0004 0.000157474    0.000149266
   20    -0.00092   0.0001036    0.000151212
    1       4e-05       4e-05              0
    2    0.000252    0.000146    7.49533e-05
    3    0.001516 0.000602667      0.0003762
    4    0.000972    0.000695    0.000293262
    5    0.000616   0.0006792    0.000235035
    6    0.000124 0.000586667    0.000213301
    7     0.00074 0.000608571    0.000183951
    8     0.00038     0.00058    0.000163161
    9    0.000112    0.000528    0.000153094
   10     0.00098   0.0005732    0.000144303
   11     0.00068 0.000582909    0.000131511
   12    0.000644    0.000588     0.00012065
   13    0.000156 0.000554769    0.000115855
   14    -0.00024    0.000498     0.00012069
   15    -0.00042   0.0004368    0.000127218
   16    0.000288   0.0004275    0.000119606
   17     0.00034 0.000422353    0.000112681
   18   -0.000332 0.000380444    0.000113948
   19     0.00114 0.000420421    0.000114749
   20    0.000572    0.000428    0.000109262
    1    -0.00072    -0.00072              0
    2   -0.000412   -0.000566    0.000108894
    3     0.00048-0.000217333    0.000293796
    4      0.0001   -0.000138    0.000230809
    5   -0.000172  -0.0001448    0.000184748
    6   -0.000696-0.000236667    0.000175315
    7     -0.0002-0.000231429    0.000150349
    8    0.000496  -0.0001405    0.000156656
    9    0.000424-7.77778e-05    0.000151286
   10   -0.000808  -0.0001508    0.000152768
   11   -0.000492-0.000181818    0.000141994
   12    0.001004    -8.3e-05    0.000160913
   13     3.2e-05-7.41538e-05    0.000148778
   14    0.000332-4.51429e-05    0.000140952
   15    0.000556-5.06667e-06    0.000137134
   16   -0.001268    -8.4e-05    0.000149564
   17   -0.000556-0.000111765     0.00014332
   18       8e-05-0.000101111    0.000135754
   19     5.2e-05-9.30526e-05    0.000128848
   20   -0.000132    -9.5e-05     0.00012242
    1    0.000936    0.000936              0
    2    -0.00094      -2e-06    0.000663266
    3   -0.000332   -0.000112    0.000451207
    4   -0.000204   -0.000135    0.000338991
    5    0.000128   -8.24e-05    0.000275243
    6       8e-06-6.73333e-05    0.000229781
    7   -0.000972-0.000196571    0.000230451
    8    0.000704    -8.4e-05    0.000227484
    9   -0.000924-0.000177333    0.000220525
   10    0.000696      -9e-05    0.000215072
   11   -0.000444-0.000122182    0.000197913
   12     0.00012   -0.000102    0.000182446
   13    0.000232-7.63077e-05    0.000170211
   14     0.00096-2.28571e-06    0.000173403
   15      0.0012 7.78667e-05    0.000179414
   16   -0.000144     6.4e-05    0.000168735
   17   -0.000896 7.52941e-06    0.000167994
   18    -0.00042-1.62222e-05    0.000160331
   19    0.001084 4.16842e-05    0.000162012
   20    0.000696    7.44e-05     0.00015718
    1       4e-06       4e-06              0
    2       6e-05     3.2e-05     1.9799e-05
    3    -7.2e-05-2.66667e-06    3.12315e-05
    4    0.000572    0.000141    0.000126605
    5    0.000308   0.0001744    0.000105598
    6     0.00014 0.000168667    8.81535e-05
    7    0.001188 0.000314286    0.000154548
    8   -0.001392    0.000101    0.000241022
    9   -0.001804-0.000110667    0.000292787
   10   -0.000352  -0.0001348    0.000264501
   11   -0.000276-0.000147636    0.000240767
   12     5.2e-05   -0.000131    0.000221277
   13    0.000608-7.41538e-05    0.000211431
   14   -0.000728-0.000120857    0.000201421
   15   -0.000144  -0.0001224    0.000187999
   16    0.001044   -4.95e-05    0.000189858
   17     0.00076-1.88235e-06    0.000184565
   18    0.000216 1.02222e-05    0.000174707
   19    0.000284 2.46316e-05    0.000166105
   20    -0.00066    -9.6e-06    0.000161289
    1   -0.000116   -0.000116              0
    2   -0.001148   -0.000632    0.000364867
    3   -0.000508-0.000590667    0.000245575
    4     4.4e-05   -0.000432    0.000229791
    5   -0.000356  -0.0004168    0.000184335
    6    0.000544-0.000256667    0.000212051
    7   -0.000848-0.000341143    0.000197871
    8     -0.0001   -0.000311    0.000175418
    9     7.6e-05   -0.000268    0.000161111
   10     0.00086  -0.0001552    0.000180212
   11    -3.2e-05   -0.000144    0.000164177
   12    0.000612    -8.1e-05    0.000162133
   13    0.000424-4.21538e-05    0.000154245
   14    0.000412-9.71429e-06    0.000146599
   15    0.000124      -8e-07    0.000137096
   16    -1.6e-05   -1.75e-06    0.000128531
   17   -0.001864-0.000111294    0.000161021
   18   -0.000416-0.000128222    0.000152963
   19   -0.000388-0.000141895    0.000145522
   20    0.001724   -4.86e-05    0.000165471
    1     9.6e-05     9.6e-05              0
    2     2.4e-05       6e-05    2.54558e-05
    3    -0.00036      -8e-05    0.000115562
    4    0.000676    0.000109     0.00018521
    5    -0.00028    3.12e-05    0.000163695
    6    0.000304 7.66667e-05    0.000142587
    7    0.000716    0.000168    0.000148618
    8   -0.002344   -0.000146     0.00032122
    9    0.000672-5.51111e-05     0.00029811
   10    0.001008    5.12e-05    0.000286629
   11    -0.00112-5.52727e-05    0.000279649
   12    -0.00162-0.000185667    0.000285129
   13    0.000648-0.000121538    0.000270311
   14   -0.001324-0.000207429    0.000264297
   15    0.000444   -0.000164    0.000250219
   16    -8.8e-05 -0.00015925    0.000234626
   17    -0.00072-0.000192235    0.000223131
   18    -0.00056-0.000212667    0.000211668
   19    0.000332   -0.000184     0.00020246
   20    0.000276   -0.000161    0.000193639
    1     9.2e-05     9.2e-05              0
    2    -0.00038   -0.000144    0.000166877
    3   -0.000924   -0.000404    0.000239674
    4    -0.00032   -0.000383    0.000180673
    5     -0.0008  -0.0004664    0.000162652
    6   -0.000352-0.000447333    0.000136657
    7     -0.0006-0.000469143    0.000118862
    8   -0.000316    -0.00045    0.000105534
    9    0.000236-0.000373778    0.000118171
   10    -0.00046  -0.0003824    0.000106668
   11    0.000116-0.000337091    0.000106158
   12   -0.001456-0.000430333    0.000132058
   13   -0.001252-0.000493538    0.000136188
   14   -0.000212-0.000473429    0.000127936
   15   -0.000436-0.000470933    0.000119431
   16   -0.000232   -0.000456    0.000112897
   17   -0.001252-0.000502824    0.000115558
   18    -0.00114-0.000538222    0.000114432
   19    -0.00038-0.000529895    0.000108712
   20   -0.000636  -0.0005352    0.000103405
    1   -0.000624   -0.000624              0
    2     0.00034   -0.000142    0.000340825
    3   -0.000476-0.000253333    0.000244726
    4   -0.000476   -0.000309     0.00018977
    5   -0.000104   -0.000268    0.000156182
    6    0.000548   -0.000132    0.000179869
    7    0.001224 6.17143e-05    0.000236504
    8      0.0003    9.15e-05    0.000208808
    9     0.00036 0.000121333    0.000187726
   10   -0.000464    6.28e-05    0.000177845
   11   -0.000108 4.72727e-05    0.000162354
   12   -0.000332 1.56667e-05    0.000151869
   13    0.000376 4.33846e-05    0.000142694
   14   -0.000872    -2.2e-05    0.000146719
   15   -0.000568   -5.84e-05    0.000141381
   16   -0.000364   -7.75e-05    0.000133829
   17   -0.001012-0.000132471    0.000136781
   18    0.001908-1.91111e-05    0.000169778
   19   -0.000616-5.05263e-05    0.000163723
   20   -0.001724  -0.0001342    0.000175621
    1    0.000336    0.000336              0
    2   -0.000204     6.6e-05    0.000190919
    3   -0.000992-0.000286667    0.000314827
    4    -4.4e-05   -0.000226    0.000241895
    5     0.00058   -6.48e-05    0.000241323
    6   -0.000232-9.26667e-05    0.000202705
    7   -0.000432-0.000141143     0.00017945
    8     0.00064   -4.35e-05    0.000181651
    9    0.000988 7.11111e-05    0.000194289
   10   -0.001052   -4.12e-05    0.000204764
   11    0.000524 1.01818e-05    0.000192488
   12    0.001292    0.000117    0.000203943
   13   -0.001216 1.44615e-05    0.000212475
   14      -0.001    -5.8e-05    0.000209289
   15     -0.0004   -8.08e-05    0.000196575
   16    -0.00062  -0.0001145    0.000187155
   17    0.000136-9.97647e-05    0.000176725
   18    -0.00022-0.000106444    0.000167033
   19    0.000604-6.90526e-05    0.000162373
   20    -4.4e-05   -6.78e-05     0.00015426
    1   -0.000444   -0.000444              0
    2   -0.000628   -0.000536    6.50538e-05
    3     0.00048-0.000197333    0.000279901
    4     0.00048    -2.8e-05    0.000256074
    5    0.000272     3.2e-05    0.000211772
    6    0.000576 0.000122667    0.000194921
    7    0.000704 0.000205714    0.000183918
    8     0.00082   0.0002825     0.00017623
    9    0.000664 0.000324889    0.000161666
   10   -0.000468   0.0002456    0.000163793
   11     -0.0008 0.000150545    0.000174316
   12   -0.001268 3.23333e-05    0.000195812
   13    -4.4e-05 2.64615e-05    0.000180838
   14   -0.000888-3.88571e-05     0.00017933
   15    0.000484      -4e-06    0.000170728
   16   -0.000232  -1.825e-05    0.000160651
   17    0.000276-9.41176e-07    0.000152131
   18   -0.000108-6.88889e-06    0.000143795
   19    0.000848 3.81053e-05    0.000143094
   20   -0.001324      -3e-05    0.000151281
    1    -2.8e-05    -2.8e-05              0
    2   -0.000232    -0.00013    7.21249e-05
    3   -0.001012   -0.000424    0.000244818
    4     0.00032   -0.000238    0.000244256
    5   -0.000924  -0.0003752    0.000230743
    6       0.001   -0.000146    0.000284167
    7   -0.000496   -0.000196    0.000247932
    8    0.000824   -6.85e-05    0.000247563
    9    0.000564 1.77778e-06    0.000229814
   10   -0.001012   -9.96e-05      0.0002281
   11    0.000832-1.49091e-05    0.000222531
   12     2.8e-05-1.13333e-05    0.000204016
   13   -0.000432-4.36923e-05    0.000190871
   14     0.00046-7.71429e-06    0.000180597
   15   -0.000796-6.02667e-05    0.000176037
   16     0.00028    -3.9e-05    0.000166314
   17    -0.00108-0.000100235    0.000167425
   18      0.0005-6.68889e-05     0.00016141
   19    0.000256-4.98947e-05    0.000153807
   20     -0.0006   -7.74e-05    0.000148556
    1   -0.000476   -0.000476              0
    2    0.000304    -8.6e-05    0.000275772
    3    0.000172           0    0.000196801
    4    0.001036    0.000259    0.000268508
    5    0.000812   0.0003696    0.000236491
    6    -4.4e-05 0.000300667    0.000206878
    7   -0.000292    0.000216    0.000193877
    8    0.001156   0.0003335    0.000202136
    9   -0.001036 0.000181333    0.000229925
   10    0.000676   0.0002308    0.000212187
   11    -0.00042 0.000171636    0.000200976
   12   -0.000232    0.000138    0.000187022
   13    0.001488 0.000241846    0.000199393
   14    0.001192 0.000309714    0.000196361
   15    0.000488   0.0003216     0.00018363
   16    0.000868  0.00035575      0.0001753
   17    -0.00052 0.000304235    0.000172391
   18   -0.000316 0.000269778    0.000166222
   19   -0.000436 0.000232632    0.000161571
   20      0.0005    0.000246    0.000154044
    1   -0.000784   -0.000784              0
    2   -0.000752   -0.000768    1.13137e-05
    3    0.000384   -0.000384    0.000313625
    4    0.000296   -0.000214    0.000277494
    5    -7.2e-05  -0.0001856    0.000223444
    6   -0.000992    -0.00032     0.00022299
    7    -0.00022-0.000305714    0.000191591
    8    0.000376  -0.0002205    0.000185628
    9     0.00024-0.000169333     0.00017191
   10   -0.000648  -0.0002172    0.000161245
   11    0.000476-0.000154182    0.000158423
   12   -0.001408-0.000258667    0.000176342
   13    -0.00042-0.000271077    0.000163213
   14   -0.000932-0.000318286    0.000158236
   15      -8e-06  -0.0002976    0.000149032
   16   -0.001196 -0.00035375    0.000149923
   17    0.000876-0.000281412    0.000157592
   18   -0.000672-0.000303111    0.000150324
   19    0.001656     -0.0002    0.000174222
   20    0.000744  -0.0001528    0.000171786
    1   -0.001064   -0.001064              0
    2      0.0012     6.8e-05    0.000800445
    3    0.001272 0.000469333    0.000626211
    4    0.001476    0.000721    0.000517765
    5   -0.000864    0.000404    0.000501959
    6     6.8e-05    0.000348    0.000421411
    7    -0.00124 0.000121143    0.000417833
    8   -0.001064    -2.7e-05    0.000390985
    9    -0.00032-5.95556e-05    0.000348895
   10    0.000212   -3.24e-05    0.000315061
   11    0.000612 2.61818e-05    0.000291814
   12    0.000488 6.46667e-05    0.000270022
   13    -0.00156-6.03077e-05    0.000276665
   14   -0.000152-6.68571e-05     0.00025698
   15    0.000276    -4.4e-05    0.000240863
   16    0.000488  -1.075e-05    0.000228092
   17   -0.000936-6.51765e-05    0.000221073
   18   -0.000104-6.73333e-05    0.000208802
   19   -0.000928-0.000112632    0.000202666
   20   -0.000232  -0.0001186    0.000192621
    1    0.000844    0.000844              0
    2     4.4e-05    0.000444    0.000282843
    3    0.000568 0.000485333    0.000191558
    4     -0.0006    0.000214    0.000275421
    5    0.000752   0.0003216    0.000240439
    6   -0.000952 0.000109333    0.000278736
    7   -0.000436 3.14286e-05    0.000249566
    8     0.00138      0.0002    0.000269351
    9    0.000796 0.000266222     0.00024743
   10   -0.000568   0.0001828    0.000236332
   11       4e-05 0.000169818    0.000215204
   12    0.000984 0.000237667     0.00020769
   13    0.000248 0.000238462    0.000191716
   14    0.000492 0.000256571    0.000178875
   15   -0.000468 0.000208267     0.00017335
   16     0.00022    0.000209    0.000162517
   17   -0.000772 0.000151294     0.00016288
   18   -0.000348 0.000123556    0.000156175
   19    -0.00114 5.70526e-05    0.000161495
   20    -5.2e-05    5.16e-05    0.000153512
    1    -0.00024    -0.00024              0
    2    0.000552    0.000156    0.000280014
    3      0.0006    0.000304    0.000222375
    4    0.000532    0.000361    0.000173933
    5      0.0005   0.0003888    0.000141351
    6   -0.000752 0.000198667    0.000209763
    7      -8e-05 0.000158857    0.000183536
    8     0.00012    0.000154    0.000160658
    9   -0.001124     1.2e-05    0.000195748
   10   -0.000828    -7.2e-05    0.000193359
   11    0.000664-5.09091e-06    0.000186999
   12    0.000412 2.96667e-05    0.000174616
   13   -0.001068-5.47692e-05    0.000180448
   14    -9.6e-05-5.77143e-05    0.000167582
   15    -0.00068   -9.92e-05    0.000161464
   16   -0.001176  -0.0001665    0.000164802
   17     7.6e-05-0.000152235    0.000155724
   18   -0.000688   -0.000182     0.00014989
   19   -0.000188-0.000182316    0.000142002
   20     0.00058  -0.0001442    0.000139924
    1    0.000184    0.000184              0
    2    0.000384    0.000284    7.07107e-05
    3     9.6e-05 0.000221333    6.95722e-05
    4    0.001064    0.000432    0.000189758
    5    0.000508   0.0004472    0.000152414
    6   -0.000224 0.000335333    0.000162974
    7    0.000316 0.000332571    0.000139715
    8    0.000832    0.000395    0.000135482
    9   -0.001008 0.000239111    0.000190011
   10    -0.00136    7.92e-05    0.000228602
   11   -0.001212-3.81818e-05     0.00023604
   12    -0.00116-0.000131667    0.000234152
   13    0.000644    -7.2e-05    0.000223613
   14    -3.6e-05-6.94286e-05    0.000207656
   15   -0.000124-7.30667e-05    0.000193844
   16    0.000756  -2.125e-05    0.000188527
   17    0.000164-1.03529e-05    0.000177752
   18    0.001092 5.08889e-05    0.000178115
   19   -0.000224 3.64211e-05    0.000169327
   20   -0.001312    -3.1e-05    0.000173765
    1    0.001004    0.001004              0
    2    -0.00176   -0.000378    0.000977222
    3   -0.001116   -0.000624    0.000681742
    4   -0.001092   -0.000741    0.000521249
    5    0.000116  -0.0005696    0.000444287
    6    0.001128-0.000286667    0.000451427
    7    0.001504-3.08571e-05    0.000453664
    8     0.00012    -1.2e-05    0.000397347
    9   -0.000248-3.82222e-05    0.000354062
   10   -0.000864  -0.0001208    0.000328144
   11    0.000192-9.23636e-05    0.000299543
   12   -0.000328   -0.000112    0.000275224
   13    0.000296-8.06154e-05    0.000255836
   14      0.0001-6.77143e-05    0.000237887
   15    0.000804    -9.6e-06    0.000229016
   16     0.00092    4.85e-05     0.00022195
   17    0.000432 7.10588e-05    0.000210038
   18    0.000168 7.64444e-05    0.000198438
   19     0.00046 9.66316e-05    0.000189018
   20    -9.6e-05     8.7e-05    0.000179812
    1   -0.001076   -0.001076              0
    2    0.000452   -0.000312     0.00054023
    3   -0.000716-0.000446667    0.000376564
    4   -0.000936   -0.000569     0.00030164
    5   -0.000244   -0.000504    0.000248217
    6    -7.6e-05-0.000432667    0.000216855
    7     2.8e-05-0.000366857    0.000195607
    8   -0.000184   -0.000344    0.000172486
    9    0.001092-0.000184444    0.000214794
   10   -0.000528  -0.0002188    0.000196043
   11       4e-06-0.000198545    0.000179264
   12    -3.6e-05   -0.000185    0.000164837
   13   -0.000416-0.000202769    0.000153112
   14    0.000244-0.000170857    0.000145463
   15   -0.000808-0.000213333    0.000141831
   16   -0.000996 -0.00026225    0.000141151
   17     3.6e-05-0.000244706    0.000133934
   18    0.000784-0.000187556    0.000138149
   19   -0.000252-0.000190947     0.00013092
   20      -8e-06  -0.0001818    0.000124693
    1    0.000688    0.000688              0
    2    0.000716    0.000702    9.89949e-06
    3    -0.00036    0.000348    0.000289115
    4     1.2e-05    0.000264    0.000228714
    5    0.001016   0.0004144      0.0002271
    6     1.2e-05 0.000347333    0.000198907
    7    0.000576     0.00038    0.000173153
    8   -0.001056   0.0002005    0.000226159
    9   -0.000988 6.84444e-05    0.000236462
   10    -8.4e-05    5.32e-05    0.000213306
   11    0.001016 0.000140727     0.00021111
   12     0.00092 0.000205667     0.00020326
   13    -0.00158 6.83077e-05    0.000229389
   14    0.002084 0.000212286    0.000254204
   15    0.000756 0.000248533    0.000239827
   16   -0.000436  0.00020575    0.000228622
   17    0.000628 0.000230588    0.000216519
   18   -0.000652 0.000181556    0.000209969
   19    0.000132 0.000178947    0.000198934
   20     0.00132    0.000236    0.000196999
    1   -0.000188   -0.000188              0
    2     0.00086    0.000336    0.000370524
    3     0.00128 0.000650667    0.000356408
    4    0.000688     0.00066    0.000267428
    5     0.00016     0.00056    0.000231887
    6   -0.000336 0.000410667    0.000236485
    7    0.001316     0.00054    0.000235426
    8   -0.000492    0.000411    0.000238738
    9   -0.000792 0.000277333     0.00024681
   10   -0.000352   0.0002144    0.000230013
   11   -0.000428    0.000156     0.00021639
   12   -0.000508 0.000100667     0.00020531
   13    0.000112 0.000101538    0.000189519
   14    0.001576 0.000206857    0.000203148
   15   -0.001428 9.78667e-05     0.00021688
   16    -0.00104   2.675e-05    0.000214669
   17   -0.001216-4.63529e-05    0.000214127
   18    0.000272-2.86667e-05     0.00020296
   19   -0.000124-3.36842e-05     0.00019234
   20   -0.000472   -5.56e-05    0.000183967
    1    -0.00054    -0.00054              0
    2    -0.00134    -0.00094    0.000282843
    3   -0.000728-0.000869333    0.000197192
    4   -0.000224   -0.000708    0.000203455
    5   -0.000328   -0.000632    0.000176389
    6    0.000672-0.000414667    0.000246916
    7    0.000408-0.000297143    0.000237973
    8    0.000536   -0.000193    0.000229888
    9     0.00028-0.000140444    0.000210266
   10    0.000264     -0.0001     0.00019309
   11    0.000684-2.87273e-05    0.000188231
   12    0.000252-5.33333e-06    0.000173993
   13     0.00074     5.2e-05    0.000169793
   14   -0.000648       2e-06    0.000164862
   15    0.001416 9.62667e-05    0.000178802
   16    0.001108   0.0001595    0.000178458
   17    -0.00056 0.000117176    0.000172907
   18      0.0004 0.000132889    0.000164013
   19    0.000624 0.000158737    0.000157404
   20   -0.000892   0.0001062    0.000158059
    1   -0.000216   -0.000216              0
    2    0.001156     0.00047    0.000485075
    3   -0.000276 0.000221333    0.000381838
    4   -0.000412     6.3e-05    0.000317513
    5    -5.6e-05    3.92e-05    0.000254901
    6    -5.6e-05 2.33333e-05    0.000212911
    7    -0.00044-4.28571e-05    0.000192509
    8    0.002416   0.0002645    0.000333217
    9   -0.000664 0.000161333    0.000311755
   10    -0.00156   -1.08e-05    0.000324641
   11   -0.001636-0.000158545    0.000327024
   12   -0.001864-0.000300667    0.000329209
   13   -0.000124-0.000287077    0.000304166
   14   -0.001128-0.000347143    0.000288309
   15   -0.001456-0.000421067    0.000278405
   16   -0.000172  -0.0004055    0.000261439
   17     0.00038-0.000359294     0.00025011
   18     0.00056-0.000308222    0.000241373
   19    0.000312-0.000275579    0.000230866
   20   -0.001396  -0.0003316    0.000226018
    1     0.00156     0.00156              0
    2   -0.001596    -1.8e-05     0.00111581
    3    0.000676 0.000213333    0.000767482
    4   -0.000592     1.2e-05     0.00060144
    5     -0.0008  -0.0001504    0.000502599
    6    0.000524    -3.8e-05    0.000431218
    7    -0.00138-0.000229714    0.000410024
    8   -0.000316  -0.0002405    0.000358913
    9    0.000368-0.000172889    0.000325339
   10   -0.000708  -0.0002264    0.000297173
   11    -0.00024-0.000227636     0.00027016
   12    -0.00104-0.000295333    0.000255988
   13     0.00082-0.000209538    0.000250261
   14     0.00136-9.74286e-05    0.000256269
   15    0.000824    -3.6e-05    0.000246437
   16   -0.001384 -0.00012025    0.000245013
   17   -0.000452-0.000139765    0.000231376
   18     0.00046-0.000106444    0.000220908
   19      0.0011-4.29474e-05    0.000218217
   20   -0.000784      -8e-05    0.000210428
    1    0.001296    0.001296              0
    2    0.000592    0.000944    0.000248902
    3    0.000308    0.000732    0.000239785
    4    0.000368    0.000641    0.000196349
    5       4e-06   0.0005136    0.000194058
    6    0.001096 0.000610667      0.0001844
    7   -0.000152 0.000501714    0.000187501
    8   -0.000436   0.0003845    0.000197329
    9    0.001204 0.000475556    0.000195285
   10   -0.000196   0.0004084    0.000186947
   11    0.000124 0.000382545    0.000171731
   12   -0.001508    0.000225    0.000218021
   13    0.000404 0.000238769    0.000201684
   14   -0.001192 0.000136571    0.000211593
   15    0.000356   0.0001512    0.000197992
   16    0.000204   0.0001545    0.000185645
   17    0.000388 0.000168235    0.000175232
   18    0.000348 0.000178222    0.000165781
   19   -0.001364 9.70526e-05    0.000175807
   20    0.000528   0.0001186    0.000168332
    1     0.00092     0.00092              0
    2    0.000432    0.000676    0.000172534
    3    0.000704 0.000685333    0.000115275
    4    0.000312    0.000592    0.000118355
    5   -0.000924   0.0002888    0.000287244
    6    0.000624 0.000344667    0.000244743
    7    0.001092 0.000451429    0.000231899
    8    -0.00084     0.00029    0.000252933
    9    -8.4e-05 0.000248444    0.000228217
   10   -0.000444   0.0001792    0.000215645
   11    0.000456 0.000204364    0.000197503
   12   -0.000672 0.000131333    0.000194078
   13   -0.000976 4.61538e-05    0.000196956
   14       2e-05 4.42857e-05    0.000182897
   15   -0.001216-3.97333e-05    0.000189019
   16    0.001848   7.825e-05    0.000210836
   17    0.002044 0.000193882    0.000227948
   18    0.001492    0.000266    0.000226405
   19       4e-05 0.000254105    0.000214802
   20    0.000564   0.0002696     0.00020462
    1     0.00124     0.00124              0
    2     0.00094     0.00109    0.000106066
    3    0.001112  0.00109733    7.09637e-05
    4   -0.000156    0.000784    0.000276525
    5   -0.001888   0.0002496    0.000526692
    6   -0.000368 0.000146667    0.000448856
    7     0.00106 0.000277143    0.000403252
    8    0.000328   0.0002835    0.000352895
    9   -0.000244 0.000224889    0.000318515
   10   -0.000184    0.000184    0.000289276
   11    0.001008 0.000258909    0.000272505
   12   -0.001008 0.000153333    0.000269472
   13    0.000252 0.000160923    0.000248851
   14     0.00096    0.000218    0.000237531
   15   -0.000816 0.000149067    0.000231482
   16       8e-05  0.00014475    0.000217055
   17     1.6e-05 0.000137176    0.000204419
   18    0.001256 0.000199333    0.000202292
   19   -0.000332 0.000171368    0.000193568
   20     2.4e-05    0.000164     0.00018403
    1   -0.001176   -0.001176              0
    2   -0.000296   -0.000736    0.000311127
    3    0.000544-0.000309333    0.000405444
    4     3.2e-05   -0.000224    0.000312934
    5   -0.001316  -0.0004424    0.000317542
    6   -0.000864-0.000512667    0.000272282
    7    0.001644-0.000204571    0.000368552
    8    -0.00066  -0.0002615     0.00032685
    9     0.00028-0.000201333    0.000296019
   10    0.000348  -0.0001464    0.000271467
   11       4e-06-0.000132727    0.000247132
   12   -0.000228-0.000140667    0.000226665
   13    0.000928-5.84615e-05     0.00022364
   14   -0.001612-0.000169429    0.000233579
   15    -0.00062-0.000199467     0.00021993
   16    0.001248   -0.000109    0.000224019
   17    0.000416-7.81176e-05     0.00021296
   18   -0.001268-0.000144222    0.000211139
   19    0.001596-5.26316e-05    0.000218993
   20     0.00036    -3.2e-05    0.000209013
    1   -0.000908   -0.000908              0
    2   -0.000148   -0.000528    0.000268701
    3    0.000572-0.000161333    0.000348882
    4    0.001008    0.000131    0.000364089
    5    -0.00206  -0.0003072    0.000488318
    6    -8.8e-05-0.000270667    0.000408296
    7    0.000316-0.000186857    0.000358466
    8    0.000732    -7.2e-05    0.000331549
    9       8e-06-6.31111e-05    0.000294829
   10    0.000108    -4.6e-05    0.000265842
   11    -0.00012-5.27273e-05     0.00024176
   12   -0.002072   -0.000221    0.000273986
   13   -0.000124-0.000213538    0.000253012
   14    0.000356-0.000172857    0.000238188
   15    -2.8e-05  -0.0001632    0.000222504
   16    0.000532 -0.00011975    0.000212798
   17   -0.001084-0.000176471    0.000207702
   18    0.000836-0.000120222    0.000203637
   19    -3.2e-05-0.000115579    0.000192972
   20    0.002152    -2.2e-06    0.000214055
    1    0.000124    0.000124              0
    2   -0.000648   -0.000262    0.000272943
    3    -2.8e-05   -0.000184    0.000192785
    4   -0.002608    -0.00079    0.000544365
    5     0.00106    -0.00042    0.000546967
    6   -0.001236   -0.000556    0.000472411
    7   -0.002204-0.000791429    0.000459861
    8   -0.001324   -0.000858    0.000407168
    9     -0.0001-0.000773778    0.000370536
   10   -0.000756   -0.000772    0.000333486
   11     0.00014-0.000689091    0.000313306
   12   -0.001216   -0.000733    0.000290258
   13    0.000524-0.000636308    0.000283579
   14    0.000144-0.000580571    0.000268745
   15    0.000548-0.000505333    0.000261148
   16    0.001112 -0.00040425    0.000263665
   17   -0.002284-0.000514824    0.000270348
   18    0.000748-0.000444667    0.000264275
   19   -0.000196-0.000431579     0.00025069
   20     3.2e-05  -0.0004084    0.000239225
    1   -0.001544   -0.001544              0
    2    0.001376    -8.4e-05     0.00103238
    3   -0.001324-0.000497333    0.000766541
    4   -0.001308     -0.0007    0.000601101
    5   -0.000328  -0.0006256    0.000485463
    6   -0.001028-0.000692667    0.000409159
    7   -0.000228-0.000626286    0.000356052
    8      -8e-06   -0.000549    0.000319823
    9   -0.000808-0.000577778    0.000285579
   10    0.000312  -0.0004888    0.000270528
   11   -0.000332-0.000474545    0.000246309
   12    0.002012-0.000267333    0.000300561
   13    0.001356-0.000142462     0.00030227
   14     0.00142-3.08571e-05    0.000300577
   15   -0.000492   -6.16e-05    0.000282107
   16   -0.000668   -9.95e-05    0.000267009
   17    0.001888 1.74118e-05    0.000275712
   18     0.00156 0.000103111    0.000273389
   19    -0.00104 4.29474e-05    0.000265538
   20   -0.001728   -4.56e-05    0.000266616
    1    0.000276    0.000276              0
    2   -0.000664   -0.000194     0.00033234
    3   -0.000512     -0.0003    0.000237865
    4    0.003048    0.000537    0.000746494
    5    0.001036   0.0006368    0.000603829
    6    0.000892 0.000679333    0.000504687
    7    0.001484 0.000794286    0.000445488
    8   -0.000596   0.0006205    0.000422341
    9    0.001192    0.000684    0.000380158
   10    -0.00072   0.0005436    0.000367154
   11    0.001396 0.000621091    0.000341856
   12   -0.000928    0.000492    0.000336861
   13    0.000316 0.000478462    0.000311221
   14   -0.000196 0.000430286    0.000292695
   15   -0.000816   0.0003472    0.000284731
   16     0.00118  0.00039925    0.000271651
   17    0.001136 0.000442588    0.000259106
   18    -0.00024 0.000404667     0.00024747
   19   -0.000512 0.000356421    0.000239102
   20     -0.0005   0.0003136     0.00023095
    1   -0.000488   -0.000488              0
    2    0.001268     0.00039     0.00062084
    3    0.000976 0.000585333    0.000443559
    4   -0.000304    0.000363    0.000384373
    5     0.00038   0.0003664    0.000307514
    6    0.000372 0.000367333    0.000256263
    7    0.000304 0.000358286    0.000219813
    8   -0.001776    9.15e-05    0.000315073
    9    0.000744    0.000164    0.000288286
   10    0.000532   0.0002008    0.000261796
   11   -0.000132 0.000170545    0.000239738
   12    0.000484 0.000196667    0.000221178
   13     -0.0004 0.000150769    0.000208872
   14   -0.001036     6.6e-05    0.000210452
   15    0.000568 9.94667e-05    0.000199066
   16    0.002368  0.00024125    0.000231678
   17    -0.00208 0.000104706    0.000255134
   18     0.00114 0.000162222    0.000247358
   19   -0.001276 8.65263e-05    0.000245648
   20    0.001248   0.0001446    0.000240132
    1   -0.000424   -0.000424              0
    2   -0.000128   -0.000276    0.000104652
    3    0.000396    -5.2e-05     0.00019575
    4      -4e-06      -4e-05     0.00014718
    5   -0.000588  -0.0001496     0.00015321
    6    -0.00128   -0.000338    0.000214196
    7   -0.000396-0.000346286    0.000183756
    8   -0.000444  -0.0003585    0.000161192
    9   -0.000912    -0.00042     0.00015457
   10       6e-05   -0.000372    0.000146376
   11    0.000472-0.000295273    0.000151853
   12      -6e-05-0.000275667    0.000140458
   13    0.000716-0.000199385    0.000148934
   14   -0.000108-0.000192857    0.000138439
   15    -0.00022-0.000194667    0.000129222
   16    -0.00292   -0.000365    0.000204637
   17    0.001368-0.000263059    0.000216507
   18      0.0003-0.000231778    0.000206726
   19   -0.000756-0.000259368    0.000197679
   20    0.001168   -0.000188    0.000200264
    1   -0.000396   -0.000396              0
    2    0.001744    0.000674    0.000756604
    3    0.000688 0.000678667    0.000504417
    4    0.000868    0.000726    0.000380527
    5   -0.000632   0.0004544    0.000389469
    6    0.000396 0.000444667    0.000324679
    7    0.001248 0.000559429    0.000297889
    8      0.0007    0.000577     0.00026117
    9           0 0.000512889    0.000239891
   10    0.000872   0.0005488    0.000218573
   11   -0.000776 0.000428364    0.000229498
   12   -0.000404    0.000359    0.000220606
   13     -0.0001 0.000323692    0.000206443
   14   -0.000308 0.000278571    0.000196566
   15    0.000348   0.0002832    0.000183516
   16   -0.001044  0.00020025     0.00018987
   17     0.00104 0.000249647    0.000185015
   18   -0.000984 0.000181111       0.000187
   19    -0.00064 0.000137895    0.000182083
   20   -0.000936    8.42e-05    0.000180723
    1    -9.2e-05    -9.2e-05              0
    2   -0.001556   -0.000824    0.000517602
    3    -0.00082-0.000822667     0.00034507
    4    -0.00108   -0.000887    0.000264731
    5     0.00022  -0.0006656    0.000289944
    6   -0.000148-0.000579333    0.000254129
    7   -0.001564    -0.00072    0.000253788
    8    0.001196  -0.0004805    0.000315441
    9     0.00094-0.000322667    0.000317432
   10   -0.001096     -0.0004    0.000294958
   11   -0.000392-0.000399273    0.000268145
   12   -0.001772-0.000513667    0.000269096
   13   -0.000284   -0.000496    0.000248976
   14   -0.000992-0.000531429    0.000233699
   15   -0.001472-0.000594133    0.000226375
   16       0.001  -0.0004945    0.000233123
   17     -0.0007-0.000506588    0.000219723
   18    0.000152    -0.00047    0.000210541
   19    -0.00028    -0.00046    0.000199697
   20   -0.000376  -0.0004558    0.000189756
    1    0.000652    0.000652              0
    2      0.0005    0.000576    5.37401e-05
    3   -0.000376 0.000258667    0.000261567
    4   -0.001076    -7.5e-05    0.000349263
    5    -0.00064   -0.000188    0.000297129
    6     0.00172     0.00013    0.000381549
    7   -0.000184 8.51429e-05    0.000329668
    8   -0.000156     5.5e-05    0.000289834
    9    0.001176 0.000179556    0.000283132
   10   -0.000376    0.000124    0.000260212
   11    0.001264 0.000227636    0.000256365
   12      0.0001    0.000217    0.000235222
   13   -0.000632 0.000151692    0.000226012
   14    0.000748 0.000194286    0.000213844
   15   -0.000752   0.0001312    0.000208686
   16   -0.001148   5.125e-05    0.000210401
   17   -0.001044-1.31765e-05    0.000207655
   18    -0.00124-8.13333e-05    0.000207002
   19   -0.000104-8.25263e-05     0.00019611
   20   -0.000584  -0.0001076    0.000187901
    1      0.0011      0.0011              0
    2   -0.000264    0.000418    0.000482247
    3    0.000488 0.000441333    0.000322062
    4   -0.001068     6.4e-05    0.000406362
    5    0.000736   0.0001984    0.000346603
    6    0.000748     0.00029    0.000300697
    7    0.000916 0.000379429    0.000270712
    8   -0.000396   0.0002825    0.000253633
    9     -0.0001     0.00024    0.000228984
   10    0.000932   0.0003092    0.000216289
   11   -0.000372 0.000247273    0.000205301
   12    -2.8e-05 0.000224333     0.00018947
   13   -0.000372 0.000178462    0.000180363
   14   -0.000896 0.000101714    0.000183081
   15    0.000316    0.000116    0.000171432
   16   -0.000732     6.3e-05    0.000168712
   17      -2e-05 5.81176e-05    0.000158858
   18    0.001112 0.000116667     0.00016046
   19   -0.000852 6.56842e-05    0.000159909
   20   -0.000152    5.48e-05    0.000152283
    1    -0.00112    -0.00112              0
    2   -0.001256   -0.001188    4.80833e-05
    3    0.000356-0.000673333    0.000421444
    4   -0.000836   -0.000714    0.000318039
    5    0.000876   -0.000396    0.000381621
    6    0.001256-0.000120667     0.00040535
    7    0.000964 3.42857e-05    0.000375895
    8     0.00076    0.000125    0.000339678
    9     0.00026     0.00014    0.000302267
   10   -0.000604    6.56e-05    0.000281047
   11     5.6e-05 6.47273e-05    0.000255499
   12    0.001236 0.000162333    0.000252163
   13    0.000988 0.000225846    0.000240631
   14     0.00022 0.000225429    0.000223444
   15   -0.000716 0.000162667    0.000217183
   16   -0.000732  0.00010675    0.000210685
   17    -0.00138 1.92941e-05     0.00021568
   18   -0.001092-4.24444e-05    0.000212351
   19   -0.001036-9.47368e-05    0.000207513
   20   -0.000356  -0.0001078    0.000197548
    1   -0.000224   -0.000224              0
    2    0.000404       9e-05    0.000222032
    3   -0.001684-0.000501333    0.000505002
    4    -7.2e-05   -0.000394    0.000389991
    5    -0.00052  -0.0004192    0.000312806
    6   -0.001228   -0.000554    0.000288257
    7   -0.001976-0.000757143    0.000310514
    8   -0.000324   -0.000703     0.00027638
    9    0.002676-0.000327556    0.000430872
   10   -0.001184  -0.0004132    0.000396205
   11   -0.001428-0.000505455    0.000370772
   12   -0.000392   -0.000496    0.000339994
   13     6.8e-05-0.000452615    0.000316597
   14    -0.00044-0.000451714    0.000293984
   15   -0.000192  -0.0004344    0.000274895
   16     -0.0002 -0.00041975    0.000258104
   17     0.00108-0.000331529    0.000257557
   18    0.001056-0.000254444    0.000254523
   19    0.001532-0.000160421    0.000257909
   20   -0.000368  -0.0001708    0.000245223
    1   -0.000848   -0.000848              0
    2    0.000384   -0.000232    0.000435578
    3    -0.00062-0.000361333     0.00030899
    4    0.000252   -0.000208    0.000267092
    5    -3.2e-05  -0.0001728     0.00021598
    6     5.6e-05-0.000134667    0.000183319
    7   -0.000656-0.000209143    0.000171594
    8    0.001304      -2e-05    0.000232048
    9    0.000436 3.06667e-05    0.000211724
   10    -2.4e-05    2.52e-05    0.000190623
   11   -0.001344-9.92727e-05    0.000210037
   12    0.000436-5.46667e-05    0.000197214
   13       4e-06-5.01538e-05    0.000182095
   14    -0.00086   -0.000108    0.000178039
   15   -0.000324  -0.0001224    0.000166751
   16   -0.002196   -0.000252    0.000200463
   17    0.001308-0.000160235    0.000208619
   18    0.001712-5.62222e-05    0.000221446
   19    0.001352 1.78947e-05    0.000221848
   20    0.001476    9.08e-05    0.000222412
    1    -0.00168    -0.00168              0
    2   -0.001756   -0.001718    2.68701e-05
    3   -0.000304 -0.00124667    0.000385259
    4    0.000608   -0.000783    0.000494701
    5   -0.000224  -0.0006712    0.000408198
    6    0.001312-0.000340667    0.000454704
    7   -0.000864-0.000415429    0.000395845
    8   -0.001496  -0.0005505     0.00036869
    9   -0.000804-0.000578667    0.000328798
   10    0.000516  -0.0004692    0.000313612
   11    0.001524   -0.000288    0.000333364
   12   -0.001072-0.000353333     0.00031192
   13   -0.000112-0.000334769    0.000288478
   14   -0.001196-0.000396286    0.000274353
   15   -0.000372-0.000394667    0.000256068
   16    -0.00114 -0.00044125    0.000244264
   17   -0.000328-0.000434588    0.000229986
   18     0.00012-0.000403778    0.000219263
   19    0.000548-0.000353684    0.000213369
   20    0.001456  -0.0002632    0.000221055
    1   -0.000128   -0.000128              0
    2   -0.000632    -0.00038    0.000178191
    3    0.000868     3.6e-05    0.000359837
    4    0.000672    0.000195    0.000302976
    5   -0.001164   -7.68e-05    0.000343291
    6    0.001592 0.000201333    0.000382498
    7    -0.00108 1.82857e-05    0.000369065
    8     -0.0006    -5.9e-05    0.000330925
    9     0.00108 6.75556e-05    0.000317434
   10   -0.002104  -0.0001496    0.000352221
   11    0.001408      -8e-06    0.000347501
   12    -0.00166-0.000145667    0.000344735
   13   -0.001476   -0.000248    0.000333059
   14    -0.00144-0.000333143    0.000319967
   15    0.001088  -0.0002384    0.000312348
   16       8e-06   -0.000223    0.000293205
   17    0.000972-0.000152706    0.000284259
   18     0.00072-0.000104222    0.000272571
   19   -0.000272-0.000113053    0.000258368
   20    0.000364   -8.92e-05    0.000246548
    1   -0.000444   -0.000444              0
    2    0.000316    -6.4e-05    0.000268701
    3   -0.000912-0.000346667    0.000292157
    4      -4e-05    -0.00027    0.000228956
    5    0.000712   -7.36e-05    0.000253787
    6   -0.000244   -0.000102    0.000213072
    7   -0.000468-0.000154286     0.00018894
    8    0.000584    -6.2e-05    0.000186503
    9    0.001364 9.64444e-05    0.000223156
   10    -0.00036    5.08e-05    0.000205455
   11   -0.002264-0.000159636    0.000274123
   12    0.001568-1.56667e-05    0.000286603
   13    0.000584 3.04615e-05    0.000268243
   14     9.2e-05 3.48571e-05    0.000249119
   15    0.000556    6.96e-05    0.000234921
   16    -0.00176  -4.475e-05    0.000246503
   17   -0.000204-5.41176e-05    0.000232181
   18    0.000724-1.08889e-05     0.00022327
   19   -0.000432-3.30526e-05    0.000212616
   20   -0.000848   -7.38e-05    0.000205853
    1   -0.000248   -0.000248              0
    2     -0.0012   -0.000724    0.000336583
    3   -0.000676   -0.000708    0.000224769
    4    -2.4e-05   -0.000537    0.000224385
    5    0.000164  -0.0003968     0.00021897
    6   -0.001156-0.000523333    0.000215962
    7   -0.000284-0.000489143    0.000187797
    8    0.000156  -0.0004085     0.00018081
    9   -0.000568-0.000426222    0.000161586
   10    0.001036    -0.00028    0.000200978
   11   -0.001416-0.000383273    0.000207551
   12   -0.000452   -0.000389    0.000190334
   13   -0.000236-0.000377231    0.000176057
   14    0.001096   -0.000272    0.000192376
   15    0.001584-0.000148267    0.000215703
   16   -0.001412 -0.00022725    0.000216199
   17   -0.000764-0.000258824    0.000205774
   18     0.00098    -0.00019     0.00020553
   19    0.001304-0.000111368    0.000209214
   20   -0.000132  -0.0001124    0.000198756
    1    0.001064    0.001064              0
    2    0.001488    0.001276    0.000149907
    3    0.000172    0.000908    0.000316655
    4    0.000588    0.000828     0.00024739
    5   -0.000824   0.0004976    0.000355669
    6     -0.0015 0.000164667    0.000424521
    7    0.000544 0.000218857    0.000367318
    8    0.000924    0.000307     0.00033181
    9   -0.000908    0.000172    0.000321233
   10    0.000888   0.0002436    0.000296982
   11   -0.002736-2.72727e-05    0.000373622
   12   -0.001628-0.000160667    0.000365525
   13     -0.0009-0.000217538    0.000341803
   14    0.001744-7.74286e-05    0.000344912
   15   -0.001036-0.000141333    0.000327784
   16   -0.000464  -0.0001615    0.000307917
   17   -0.001348-0.000231294    0.000297609
   18    0.001272-0.000147778    0.000292559
   19   -0.001136-0.000199789    0.000281747
   20    0.002812   -4.92e-05    0.000305262
    1   -0.001876   -0.001876              0
    2    -0.00094   -0.001408    0.000330926
    3    -0.00112   -0.001312    0.000234128
    4     0.00208   -0.000464    0.000755091
    5   -0.001172  -0.0006056    0.000617207
    6    -0.00082-0.000641333    0.000515372
    7    0.000288-0.000508571    0.000458529
    8   -0.000636  -0.0005245    0.000401489
    9    0.002536-0.000184444    0.000479742
   10    0.000732   -9.28e-05    0.000440434
   11     6.8e-05-7.81818e-05    0.000400637
   12    0.001196     2.8e-05    0.000381062
   13   -0.000808-3.63077e-05    0.000357134
   14    -0.00056-7.37143e-05    0.000333578
   15   -0.000776-0.000120533    0.000314608
   16     0.00096    -5.3e-05    0.000302106
   17    0.001648 4.70588e-05    0.000300449
   18    0.000136     5.2e-05    0.000283798
   19    0.001188 0.000111789    0.000275087
   20    -0.00026    9.32e-05     0.00026196
    1   -0.000492   -0.000492              0
    2    -3.6e-05   -0.000264     0.00016122
    3      0.0011 0.000190667     0.00038648
    4    0.000752    0.000331    0.000314307
    5   -0.000504    0.000164    0.000292465
    6   -0.001328-8.46667e-05     0.00033306
    7     0.00152 0.000144571    0.000355727
    8     5.2e-05    0.000133     0.00031145
    9     0.00106    0.000236    0.000293382
   10   -0.001376    7.48e-05    0.000305133
   11    0.000368 0.000101455    0.000278555
   12   -0.000864     2.1e-05    0.000266708
   13    0.001424 0.000128923    0.000267137
   14   -0.000964 5.08571e-05    0.000259211
   15    -0.00026 3.01333e-05    0.000242757
   16    0.002188    0.000165    0.000262387
   17    0.000132 0.000163059     0.00024696
   18   -0.000752 0.000112222    0.000238415
   19   -0.001352 3.51579e-05    0.000237996
   20    0.002288   0.0001478    0.000251343
    1    0.000248    0.000248              0
    2    0.002112     0.00118    0.000659024
    3   -0.001276 0.000361333    0.000799899
    4    0.001416    0.000625     0.00064191
    5   -0.000736   0.0003528    0.000568318
    6    0.001536     0.00055    0.000506658
    7      0.0015 0.000685714    0.000452089
    8   -0.001592    0.000401    0.000476877
    9    0.000124 0.000370222    0.000424882
   10   -0.002016   0.0001316    0.000444378
   11   -0.000952 3.30909e-05    0.000414755
   12   -0.000612-2.06667e-05     0.00038366
   13    0.000404     1.2e-05    0.000355536
   14   -0.000724-4.05714e-05    0.000334004
   15    -0.00124-0.000120533    0.000321167
   16   -0.001096  -0.0001815    0.000306826
   17     -0.0004-0.000194353    0.000289046
   18   -0.001252-0.000253111    0.000278896
   19    0.000528   -0.000212     0.00026723
   20     6.8e-05   -0.000198    0.000254235
    1     0.00102     0.00102              0
    2    0.001148    0.001084    4.52548e-05
    3   -0.000548     0.00054    0.000445198
    4    0.000616    0.000559    0.000334303
    5   -0.000992   0.0002488    0.000385363
    6    0.000964    0.000368    0.000339071
    7    -0.00072 0.000212571    0.000324305
    8    -0.00016    0.000166    0.000287091
    9     1.6e-05 0.000149333    0.000255676
   10    0.001452   0.0002796    0.000261194
   11   -0.001892 8.21818e-05    0.000303006
   12    0.001564 0.000205667    0.000301871
   13     4.4e-05 0.000193231    0.000278906
   14    -0.00088 0.000116571    0.000269314
   15   -0.001152     3.2e-05    0.000264305
   16    0.000496     6.1e-05    0.000249372
   17    0.000736 0.000100706    0.000237843
   18    -4.8e-05 9.24444e-05    0.000224773
   19   -0.000176 7.83158e-05    0.000213386
   20   -0.000396    5.46e-05     0.00020403
    1    0.000392    0.000392              0
    2   -0.001544   -0.000576    0.000684479
    3    0.000584-0.000189333    0.000554889
    4   -0.000364   -0.000233    0.000417881
    5    0.001276    6.88e-05    0.000429682
    6    0.000384 0.000121333    0.000361265
    7      -8e-06 0.000102857    0.000310128
    8    -0.00132    -7.5e-05    0.000318302
    9     0.00142 9.11111e-05    0.000323387
   10   -0.000796     2.4e-06    0.000302972
   11   -0.001596-0.000142909    0.000308312
   12    -1.2e-05   -0.000132    0.000282812
   13     5.2e-05-0.000117846    0.000261412
   14     0.00068-6.08571e-05    0.000248874
   15    0.000908 3.73333e-06    0.000240518
   16    0.000296     2.2e-05    0.000226178
   17    0.000316 3.92941e-05    0.000213534
   18    0.001696 0.000131333    0.000220616
   19     6.8e-05    0.000128     0.00020903
   20   -0.001344    5.44e-05    0.000211139
    1    0.000548    0.000548              0
    2    0.001216    0.000882    0.000236174
    3     -0.0004 0.000454667    0.000382796
    4   -0.002212   -0.000212    0.000644793
    5    0.001328     9.6e-05    0.000584787
    6   -0.000636    -2.6e-05    0.000499887
    7     9.2e-05-9.14286e-06    0.000428759
    8     3.2e-05      -4e-06    0.000375195
    9    -2.8e-05-6.66667e-06    0.000333516
   10   -0.000208   -2.68e-05    0.000300771
   11   -0.000876   -0.000104    0.000283163
   12   -0.000424-0.000130667    0.000260819
   13    0.001004-4.33846e-05    0.000254942
   14    0.001568 7.17143e-05    0.000261426
   15   -0.000564 2.93333e-05    0.000247409
   16    -0.00028       1e-05      0.0002327
   17    -0.00036-1.17647e-05    0.000220027
   18    -0.00186-0.000114444     0.00023052
   19    0.000228-9.64211e-05    0.000219091
   20    0.001404   -2.14e-05    0.000220607
    1      -2e-05      -2e-05              0
    2    0.002332    0.001156    0.000831558
    3    0.000268     0.00086    0.000604763
    4   -0.001088    0.000373    0.000619358
    5    -9.2e-05     0.00028     0.00050242
    6   -0.000528 0.000145333    0.000436358
    7   -0.000604 3.82857e-05    0.000386929
    8    0.000788    0.000132    0.000349728
    9    0.001304 0.000262222    0.000334235
   10    -3.6e-05   0.0002324    0.000302139
   11    0.000452 0.000252364    0.000275331
   12    -0.00012 0.000221333    0.000254129
   13    0.002564 0.000401538    0.000291555
   14     0.00126 0.000462857    0.000277102
   15     8.8e-05 0.000437867    0.000259753
   16    0.001232   0.0004875    0.000248215
   17   -0.000456    0.000432    0.000239739
   18     0.00018    0.000418    0.000226829
   19    0.001884 0.000495158    0.000227635
   20   -0.000976   0.0004216    0.000227828
    1     0.00092     0.00092              0
    2   -0.000964    -2.2e-05    0.000666095
    3   -0.000136      -6e-05    0.000445146
    4    0.001152    0.000243     0.00042464
    5    0.001464   0.0004872     0.00040387
    6   -0.001416     0.00017     0.00044398
    7    0.000188 0.000172571    0.000380562
    8   -0.000452    9.45e-05    0.000340905
    9    0.000604 0.000151111    0.000307692
   10   -0.000264   0.0001096    0.000279709
   11    0.000296 0.000126545    0.000254793
   12    0.001412 0.000233667    0.000255087
   13     0.00148 0.000329538     0.00025284
   14   -0.000276 0.000286286    0.000238451
   15    0.000348   0.0002904    0.000222589
   16   -0.000436    0.000245    0.000213257
   17    0.000212 0.000243059    0.000200722
   18    0.002312    0.000358    0.000220033
   19     0.00026 0.000352842    0.000208513
   20     0.00032   0.0003512    0.000198093
    1   -0.000412   -0.000412              0
    2   -0.001816   -0.001114    0.000496389
    3    0.000388-0.000613333     0.00052595
    4    0.001268   -0.000143    0.000567019
    5    0.000372      -4e-05    0.000462876
    6       2e-05      -3e-05    0.000385838
    7   -0.001152-0.000190286    0.000362486
    8    0.000712   -7.75e-05    0.000334261
    9   -0.000572-0.000132444    0.000301603
   10      0.0012       8e-07    0.000299432
   11   -0.001272-0.000114909    0.000293718
   12    0.000264-8.33333e-05    0.000270934
   13      -4e-06-7.72308e-05    0.000250161
   14   -0.000856-0.000132857    0.000238397
   15    0.000592-8.45333e-05    0.000227349
   16   -0.000564  -0.0001145    0.000215105
   17   -0.001056-0.000169882     0.00020946
   18   -0.001152-0.000224444    0.000204807
   19    0.000924   -0.000164    0.000202751
   20   -0.000292  -0.0001704    0.000192714
    1    0.000996    0.000996              0
    2   -0.000336     0.00033    0.000470933
    3   -0.001572   -0.000304    0.000605424
    4    0.000288   -0.000156    0.000471811
    5    0.001608   0.0001968    0.000491978
    6    0.001044    0.000338    0.000429767
    7   -0.000804 0.000174857    0.000398134
    8    0.001244   0.0003085    0.000370119
    9   -0.001096 0.000152444    0.000360395
   10    0.001472   0.0002844    0.000347675
   11     0.00082 0.000333091    0.000319459
   12   -0.000396 0.000272333    0.000298559
   13    0.000124 0.000260923    0.000275811
   14    0.000816 0.000300571    0.000258944
   15     0.00052   0.0003152    0.000242094
   16     5.6e-05    0.000299    0.000227505
   17   -0.000272 0.000265412    0.000216587
   18   -0.000932 0.000198889    0.000214528
   19    0.000776 0.000229263    0.000205376
   20    0.000732   0.0002544    0.000196639
    1     0.00074     0.00074              0
    2   -0.001412   -0.000336    0.000760847
    3    0.000156   -0.000172    0.000524609
    4    0.000316      -5e-05    0.000407395
    5    -0.00046   -0.000132    0.000334067
    6    -0.00018    -0.00014    0.000278485
    7   -0.001236-0.000296571    0.000279268
    8    0.000552  -0.0001905    0.000263736
    9    -0.00208-0.000400444    0.000306818
   10     -0.0016  -0.0005204    0.000298667
   11    0.002192-0.000273818    0.000359159
   12    0.001072-0.000161667    0.000346297
   13   -0.000108-0.000157538    0.000319684
   14   -0.000688-0.000195429    0.000299086
   15    0.000304-0.000162133    0.000280994
   16     8.4e-05 -0.00014675    0.000263853
   17    -0.00222-0.000268706    0.000275077
   18   -0.001508-0.000337556    0.000268273
   19   -0.000944-0.000369474    0.000256045
   20     1.2e-05  -0.0003504    0.000243952
    1    -0.00124    -0.00124              0
    2   -0.000272   -0.000756     0.00034224
    3   -0.001488      -0.001    0.000302899
    4   -0.000164   -0.000791    0.000290463
    5    0.000872  -0.0004584    0.000377484
    6   -0.001252-0.000590667    0.000336947
    7   -0.002264-0.000829714    0.000363858
    8    -1.2e-05  -0.0007275    0.000332423
    9    0.001792-0.000447556    0.000396199
   10    0.000332  -0.0003696    0.000364168
   11   -0.000736-0.000402909    0.000332581
   12   -0.001044-0.000456333    0.000309127
   13    0.001124-0.000334769    0.000308326
   14    0.000464-0.000277714    0.000291534
   15     2.4e-05  -0.0002576    0.000272791
   16   -0.000604 -0.00027925    0.000256599
   17    -4.8e-05-0.000265647    0.000241865
   18   -0.000396-0.000272889    0.000228537
   19    0.000912-0.000210526    0.000224856
   20    -4.4e-05  -0.0002022    0.000213768
    1    0.000484    0.000484              0
    2   -0.000148    0.000168    0.000223446
    3   -0.001792-0.000485333    0.000553853
    4   -0.000604   -0.000515    0.000416184
    5   -0.000584  -0.0005288    0.000333176
    6     -0.0001-0.000457333    0.000285208
    7    0.000836-0.000272571    0.000298367
    8   -0.000176  -0.0002605    0.000261315
    9   -0.000316-0.000266667    0.000232353
   10   -0.000352  -0.0002752    0.000209274
   11    0.002652-9.09091e-06     0.00031713
   12    -3.6e-05-1.13333e-05     0.00029071
   13    0.001064 7.13846e-05    0.000279869
   14    0.002316 0.000231714    0.000302334
   15    0.000588 0.000255467     0.00028311
   16     0.00056   0.0002745    0.000266055
   17      0.0011 0.000323059    0.000254797
   18    0.000728 0.000345556    0.000241633
   19       6e-05 0.000330526    0.000229383
   20     4.4e-05   0.0003162     0.00021836
    1    0.000432    0.000432              0
    2   -0.000336     4.8e-05    0.000271529
    3     -0.0004-0.000101333    0.000218254
    4    -0.00024   -0.000136    0.000166421
    5   -0.000532  -0.0002152     0.00015081
    6    0.001928    0.000142    0.000349458
    7   -0.002604-0.000250286    0.000470771
    8   -0.000644  -0.0002995    0.000414489
    9    0.000232-0.000240444    0.000372618
   10   -0.000868  -0.0003032      0.0003406
   11    0.001156-0.000170545    0.000334473
   12    0.000692-9.86667e-05    0.000314229
   13    -9.6e-05-9.84615e-05    0.000290057
   14   -0.000392-0.000119429    0.000270096
   15   -0.000268-0.000129333    0.000252271
   16    0.000496  -9.025e-05    0.000239512
   17    0.002052 3.57647e-05     0.00025644
   18    -0.00174-6.28889e-05    0.000260479
   19    0.000368-4.02105e-05    0.000247755
   20    0.000384    -1.9e-05    0.000236273
    1    0.000212    0.000212              0
    2      -6e-05     7.6e-05    9.61665e-05
    3    0.001672    0.000608    0.000439082
    4    0.000316    0.000535    0.000335325
    5    0.000448   0.0005176    0.000268711
    6    0.000608 0.000532667    0.000224348
    7     2.8e-05 0.000460571    0.000203553
    8    0.000712    0.000492    0.000180519
    9    -0.00056 0.000375111     0.00019466
   10   -0.000396    0.000298    0.000189854
   11   -0.000764 0.000201455    0.000195608
   12    0.000216 0.000202667    0.000179311
   13   -0.000536 0.000145846    0.000174288
   14   -0.002204    -2.2e-05    0.000228806
   15     -0.0013  -0.0001072    0.000228866
   16   -0.000452 -0.00012875    0.000215574
   17    0.002444 2.25882e-05    0.000250443
   18    -0.00014 1.35556e-05    0.000236692
   19    0.000448 3.64211e-05    0.000225336
   20    0.000436    5.64e-05    0.000214953
    1    0.000512    0.000512              0
    2     9.2e-05    0.000302    0.000148492
    3      0.0003 0.000301333    9.89964e-05
    4     0.00106    0.000491    0.000180257
    5     0.00106   0.0006048     0.00017651
    6   -0.000376 0.000441333    0.000209532
    7   -0.000276 0.000338857    0.000203118
    8   -0.001668     8.8e-05    0.000294365
    9     6.8e-05 8.57778e-05    0.000261666
   10   -0.000288    4.84e-05    0.000238154
   11    0.002068    0.000232    0.000278421
   12    0.001508 0.000338333    0.000274775
   13   -0.000268 0.000291692    0.000257567
   14    0.000352    0.000296    0.000239205
   15   -0.000444 0.000246667    0.000228289
   16    0.000784  0.00028025    0.000216477
   17    -0.00048 0.000235529    0.000208311
   18    0.003076 0.000393333    0.000249448
   19    0.002624 0.000510737    0.000262498
   20    0.000664   0.0005184    0.000249485
    1    0.000228    0.000228              0
    2    -4.4e-05     9.2e-05    9.61665e-05
    3   -0.000936-0.000250667    0.000287037
    4    -0.00022   -0.000243     0.00021538
    5   -0.002164  -0.0006272    0.000384417
    6   -0.000232-0.000561333    0.000325942
    7   -0.001112    -0.00064    0.000288716
    8    0.001288   -0.000399    0.000338587
    9      0.0007-0.000276889    0.000322234
   10    0.000308  -0.0002184    0.000295271
   11    0.000704-0.000134545    0.000280082
   12     4.8e-05-0.000119333    0.000257155
   13    0.000212-9.38462e-05    0.000238633
   14    0.001968 5.34286e-05    0.000263139
   15    0.000528 8.50667e-05    0.000247491
   16    0.000544  0.00011375    0.000233679
   17    0.000448 0.000133412    0.000220759
   18    0.000892 0.000175556    0.000212479
   19    0.000212 0.000177474    0.000201304
   20    0.000692   0.0002032    0.000192876
    1     2.4e-05     2.4e-05              0
    2    0.000252    0.000138    8.06102e-05
    3   -0.000116 5.33333e-05    8.75612e-05
    4     2.8e-05     4.7e-05    6.58995e-05
    5    0.000716   0.0001808    0.000130772
    6   -0.001172-4.46667e-05    0.000232892
    7   -0.000388-9.37143e-05    0.000204721
    8    0.000916    3.25e-05    0.000214538
    9     0.00014 4.44444e-05    0.000191033
   10      0.0011     0.00015    0.000198966
   11    0.000184 0.000153091    0.000180902
   12   -0.000948 6.13333e-05    0.000187661
   13    0.000532 9.75385e-05    0.000176683
   14    0.000252 0.000108571    0.000164407
   15   -0.000232 8.58667e-05    0.000155006
   16      -0.002   -4.45e-05    0.000192486
   17   -0.000268-5.76471e-05    0.000181611
   18   -0.001284-0.000125778    0.000183858
   19    -7.2e-05-0.000122947    0.000174203
   20     -0.0001  -0.0001218    0.000165496
    1    0.001088    0.001088              0
    2    -0.00016    0.000464    0.000441235
    3    0.000716    0.000548    0.000302046
    4      0.0001    0.000436    0.000246426
    5    -0.00286  -0.0002232    0.000621692
    6   -0.000828   -0.000324    0.000526185
    7    -0.00174-0.000526286    0.000488353
    8    -0.00112  -0.0006005    0.000432911
    9   -0.000684-0.000609778    0.000384909
   10    0.002812  -0.0002676    0.000474745
   11    0.001724-8.65455e-05    0.000464831
   12    0.001192       2e-05    0.000438135
   13   -0.000268-2.15385e-06    0.000404992
   14    0.000192 1.17143e-05    0.000376302
   15    -0.00014     1.6e-06    0.000351351
   16   -0.000764  -4.625e-05    0.000332634
   17     0.00072-1.17647e-06    0.000316106
   18   -0.000604-3.46667e-05    0.000300314
   19   -0.000392-5.34737e-05    0.000285096
   20   -0.000748   -8.82e-05    0.000272948
    1    0.001468    0.001468              0
    2    -0.00226   -0.000396     0.00131805
    3    -4.8e-05    -0.00028    0.000883788
    4    0.001044     5.1e-05    0.000722169
    5     0.00086   0.0002128    0.000595585
    6    0.000292    0.000226    0.000496467
    7     0.00124 0.000370857    0.000446176
    8   -0.000996      0.0002    0.000421851
    9     -0.0004 0.000133333     0.00038021
   10   -0.002136   -9.36e-05     0.00040428
   11   -0.001052-0.000180727    0.000376799
   12    -0.00162-0.000300667    0.000363988
   13   -0.000268-0.000298154    0.000335997
   14    0.000404   -0.000248    0.000315719
   15    0.000124  -0.0002232    0.000295643
   16   -0.000212  -0.0002225    0.000277166
   17     0.00036-0.000188235    0.000262972
   18   -0.000624-0.000212444    0.000249474
   19    0.001208-0.000137684    0.000247292
   20    0.000652   -9.82e-05    0.000238059
    1    0.000388    0.000388              0
    2    0.001244    0.000816    0.000302642
    3     3.2e-05 0.000554667    0.000293662
    4     0.00092    0.000646    0.000234019
    5    0.000152   0.0005472    0.000207024
    6   -0.000352 0.000397333    0.000220181
    7    0.001768 0.000593143     0.00026169
    8   -0.000156   0.0004995    0.000245162
    9   -0.000756     0.00036    0.000254534
   10    -0.00146    0.000178    0.000286862
   11    -0.00142 3.27273e-05    0.000295286
   12     0.00022 4.83333e-05    0.000271091
   13    0.001232 0.000139385    0.000265088
   14     0.00014 0.000139429    0.000246153
   15   -0.000884    7.12e-05    0.000239011
   16   -0.000924       9e-06    0.000232025
   17     0.00172 0.000109647    0.000239212
   18   -0.001636 1.26667e-05    0.000244793
   19   -0.000212 8.42105e-07    0.000232195
   20    0.000712    3.64e-05    0.000223291
    1    0.000696    0.000696              0
    2   -0.000936    -0.00012    0.000576999
    3     0.00014-3.33333e-05    0.000391121
    4   -0.001332   -0.000358    0.000406331
    5   -0.002712  -0.0008288    0.000531967
    6      0.0009-0.000540667    0.000515465
    7    0.000668   -0.000368    0.000469857
    8   -0.001348  -0.0004905    0.000426796
    9    0.000488-0.000381778    0.000392978
   10     2.4e-05  -0.0003412    0.000355769
   11   -0.000296-0.000337091     0.00032345
   12      0.0016-0.000175667    0.000334359
   13     0.00096-8.83077e-05    0.000319848
   14    -0.00168   -0.000202    0.000316564
   15    0.000276-0.000170133    0.000297059
   16     1.2e-05 -0.00015875    0.000278711
   17    0.000964-9.27059e-05    0.000270028
   18     0.00034-6.86667e-05    0.000256094
   19   -0.000268-7.91579e-05     0.00024283
   20     2.8e-05   -7.38e-05    0.000230748
    1    0.001584    0.001584              0
    2   -0.000964     0.00031    0.000900854
    3    -0.00058 1.33333e-05    0.000647578
    4    -0.00278   -0.000685    0.000775655
    5   -0.001332  -0.0008144    0.000631225
    6     0.00024-0.000638667     0.00054994
    7    0.000696   -0.000448    0.000503345
    8    -0.00218  -0.0006645    0.000484757
    9   -0.001148-0.000718222    0.000433862
   10   -0.001868  -0.0008332    0.000405424
   11   -0.000424   -0.000796     0.00037027
   12   -0.000412   -0.000764    0.000340794
   13    0.001192-0.000613538    0.000346204
   14     8.4e-05-0.000563714    0.000325041
   15     0.00128  -0.0004408    0.000325784
   16    0.000312 -0.00039375    0.000308801
   17   -0.000808-0.000418118    0.000291596
   18   -0.002204-0.000517333    0.000291788
   19   -0.000408-0.000511579    0.000276487
   20    -0.00082   -0.000527    0.000263093
    1    0.000276    0.000276              0
    2     0.00066    0.000468    0.000135765
    3   -0.001524   -0.000196    0.000549657
    4     0.00066     1.8e-05    0.000451986
    5   -0.000892   -0.000164    0.000396542
    6    0.001428 0.000101333    0.000409715
    7   -0.000968-5.14286e-05    0.000378593
    8    -7.2e-05    -5.4e-05    0.000331278
    9     2.8e-05-4.48889e-05    0.000294594
   10     0.00038    -2.4e-06    0.000268182
   11   -0.001436-0.000132727    0.000273642
   12    -0.00088   -0.000195    0.000257827
   13   -0.000508-0.000219077    0.000239116
   14    0.000252-0.000185429    0.000224391
   15   -0.000176  -0.0001848    0.000209433
   16    0.000176 -0.00016225    0.000197553
   17    0.001916      -4e-05    0.000220538
   18    0.000524-8.66667e-06      0.0002105
   19    -3.2e-05-9.89474e-06    0.000199424
   20    0.000472    1.42e-05    0.000190903
    1     0.00052     0.00052              0
    2    0.001232    0.000876     0.00025173
    3    0.001064 0.000938667    0.000175447
    4    0.000772    0.000897    0.000136443
    5     0.00166   0.0010496    0.000174769
    6    0.000436 0.000947333    0.000172993
    7   -0.000156 0.000789714    0.000208042
    8    -0.00106   0.0005585    0.000282692
    9   -0.000444 0.000447111    0.000272345
   10    0.001256    0.000528    0.000256842
   11    0.001356 0.000603273    0.000244274
   12   -0.000552    0.000507    0.000242147
   13     -0.0011 0.000383385    0.000253114
   14    0.000676 0.000404286    0.000235896
   15   -0.001276 0.000292267    0.000245329
   16    0.001884  0.00039175    0.000249352
   17     0.00204 0.000488706    0.000252832
   18    0.000348 0.000480889    0.000238907
   19   -0.000724 0.000417474    0.000234598
   20     -0.0012   0.0003366    0.000236398
    1    0.002184    0.002184              0
    2   -0.001164     0.00051      0.0011837
    3    0.000476 0.000498667    0.000789185
    4    -0.00082    0.000169    0.000657147
    5    0.000768   0.0002888    0.000536527
    6    0.000852 0.000382667    0.000455243
    7    0.001136 0.000490286    0.000402728
    8   -0.000428   0.0003755    0.000368382
    9     1.6e-05 0.000335556    0.000329609
   10    -0.00152     0.00015    0.000344946
   11   -0.001004 4.50909e-05    0.000329154
   12    0.000316 6.76667e-05    0.000302498
   13   -0.001136-2.49231e-05    0.000293057
   14    0.000816 3.51429e-05    0.000278212
   15   -0.001292-5.33333e-05    0.000273371
   16    0.002088    8.05e-05    0.000287183
   17   -0.001252 2.11765e-06    0.000280783
   18     0.00046 2.75556e-05    0.000266333
   19   -0.002844-0.000123579    0.000292066
   20   -0.001004  -0.0001676    0.000280761
    1    0.001032    0.001032              0
    2   -0.001644   -0.000306    0.000946109
    3    0.000608-1.33333e-06    0.000678022
    4   -0.002028   -0.000508    0.000671656
    5    -5.2e-05  -0.0004168    0.000543481
    6   -0.000312-0.000399333    0.000453182
    7   -0.000252-0.000378286     0.00038893
    8   -0.001188  -0.0004795    0.000353238
    9   -0.001292-0.000569778    0.000325321
   10    -0.00226  -0.0007388    0.000333822
   11   -0.000356   -0.000704    0.000305283
   12    0.001192   -0.000546    0.000318113
   13   -0.000428-0.000536923    0.000293772
   14    0.000788-0.000442286    0.000287628
   15    0.002608-0.000238933    0.000332659
   16   -0.001568   -0.000322    0.000322072
   17   -0.000432-0.000328471    0.000303192
   18    0.002276-0.000183778    0.000319011
   19    0.000612-0.000141895    0.000304958
   20    0.001428   -6.34e-05    0.000299642
    1   -0.000328   -0.000328              0
    2   -0.002008   -0.001168     0.00059397
    3    -0.00064   -0.000992    0.000421249
    4   -0.000664    -0.00091    0.000323819
    5   -0.000176  -0.0007632    0.000290431
    6   -0.000572-0.000731333    0.000243767
    7    0.001736-0.000378857     0.00038749
    8    0.001748   -0.000113    0.000420479
    9    -0.00116-0.000229333    0.000389519
   10    0.001852   -2.12e-05     0.00040235
   11   -0.002264-0.000225091    0.000414224
   12   -0.000844-0.000276667    0.000382903
   13     0.00068-0.000203077    0.000360451
   14    0.002372-1.91429e-05    0.000378738
   15    -0.00178-0.000136533    0.000371236
   16    -0.00038 -0.00015175    0.000348345
   17   -0.000712-0.000184706     0.00032941
   18   -0.000664-0.000211333    0.000312183
   19   -0.000976-0.000251579    0.000298336
   20    0.000544  -0.0002118    0.000286059
    1   -0.001664   -0.001664              0
    2    0.001736     3.6e-05     0.00120208
    3   -0.000712-0.000213333    0.000826842
    4    0.000664       6e-06     0.00064857
    5    0.001164   0.0002376    0.000558679
    6    0.001556 0.000457333    0.000506939
    7    0.000924    0.000524    0.000438881
    8    0.002392   0.0007575    0.000441791
    9   -0.001352 0.000523111     0.00045061
   10    0.000796   0.0005504    0.000406374
   11    0.001184    0.000608    0.000373491
   12   -0.000548 0.000511667    0.000354573
   13   -0.000444 0.000438154    0.000334832
   14     -0.0004 0.000378286    0.000316222
   15   -0.000136    0.000344    0.000296994
   16    -0.00032   0.0003025    0.000281316
   17    0.002336 0.000422118    0.000289083
   18   -0.000708 0.000359333    0.000279757
   19   -0.001696 0.000251158    0.000285182
   20   -0.000552    0.000211    0.000273736
    1    0.000132    0.000132              0
    2     -0.0003    -8.4e-05    0.000152735
    3    0.000304 4.53333e-05    0.000146695
    4     0.00044    0.000144    0.000139305
    5     0.00094   0.0003032    0.000180819
    6   -0.001688-2.86667e-05    0.000338356
    7   -0.000644-0.000116571    0.000301222
    8   -0.000424   -0.000155    0.000266009
    9   -0.000108-0.000149778    0.000236504
   10   -0.000768  -0.0002116    0.000220786
   11    0.000656-0.000132727     0.00021434
   12    0.000512    -7.9e-05      0.0002031
   13   -0.000744-0.000130154    0.000193812
   14   -0.000336-0.000144857    0.000180525
   15    0.001552-3.17333e-05     0.00020083
   16   -0.000148    -3.9e-05     0.00018841
   17   -0.000324-5.57647e-05    0.000178071
   18   -0.000228-6.53333e-05    0.000168435
   19      0.0001-5.66316e-05    0.000159795
   20    0.002476       7e-05    0.000195649
    1    0.003096    0.003096              0
    2    -0.00026    0.001418     0.00118653
    3           0 0.000945333    0.000880142
    4   -0.000452    0.000596    0.000726131
    5   -0.000256   0.0004256    0.000600566
    6   -0.002008       2e-05    0.000622547
    7       0.001     0.00016    0.000549128
    8    -0.00084     3.5e-05    0.000494509
    9    0.000596 9.73333e-05    0.000443475
   10     2.4e-05       9e-05    0.000399188
   11    0.001644 0.000231273     0.00038709
   12   -0.001412 9.43333e-05     0.00037828
   13    -0.00102 8.61538e-06    0.000358762
   14    0.001412 0.000108857    0.000346858
   15    0.001368   0.0001928    0.000333737
   16    0.001204    0.000256    0.000318806
   17   -0.002236 0.000109412    0.000332048
   18    -2.4e-05    0.000102    0.000313684
   19   -0.001328 2.67368e-05     0.00030607
   20    -0.00042     4.4e-06     0.00029158
    1   -0.001144   -0.001144              0
    2    -0.00086   -0.001002    0.000100409
    3    0.000324    -0.00056    0.000367047
    4     0.00106   -0.000155    0.000445871
    5   -0.000224  -0.0001688     0.00035691
    6   -0.000568-0.000235333    0.000303563
    7   -0.001864   -0.000468    0.000337791
    8    -0.00104  -0.0005395     0.00030304
    9    0.000176    -0.00046    0.000279603
   10    0.000312  -0.0003828    0.000262083
   11     4.4e-05   -0.000344    0.000241113
   12    0.001336   -0.000204    0.000258489
   13   -0.000488-0.000225846    0.000239526
   14    0.000708-0.000159143    0.000231519
   15    0.001476-5.01333e-05    0.000240382
   16     6.8e-05  -4.275e-05    0.000225471
   17   -0.000104-4.63529e-05    0.000212237
   18    0.001404 3.42222e-05    0.000215198
   19    0.000936 8.16842e-05     0.00020904
   20     0.00094   0.0001246    0.000202946
    1    0.001844    0.001844              0
    2   -0.000544     0.00065    0.000844285
    3    -0.00194-0.000213333    0.000902056
    4    0.000136   -0.000126    0.000680756
    5   -0.000132  -0.0001272    0.000544606
    6    -0.00018   -0.000136    0.000453909
    7   -0.000252-0.000152571    0.000389368
    8   -0.001272  -0.0002925    0.000364975
    9   -0.002176-0.000501778    0.000379711
   10     0.00056  -0.0003956    0.000356276
   11   -0.000456-0.000401091     0.00032393
   12   -0.000444-0.000404667    0.000296955
   13      -0.001-0.000450462    0.000277621
   14   -0.001224-0.000505714    0.000263232
   15    0.000464-0.000441067    0.000253497
   16     0.00206 -0.00028475    0.000281757
   17   -0.000968-0.000324941    0.000268034
   18    0.001232-0.000238444    0.000266735
   19   -0.000872-0.000271789    0.000254772
   20   -0.000904  -0.0003034    0.000243987
    1    0.000836    0.000836              0
    2   -0.000344    0.000246    0.000417193
    3    0.002608  0.00103333    0.000700441
    4    0.001496    0.001149    0.000534796
    5    0.000604     0.00104    0.000438804
    6   -0.000324 0.000812667    0.000420454
    7   -0.000296 0.000654286    0.000389078
    8   -0.001448   0.0003915    0.000419912
    9   -0.000196 0.000326222    0.000378295
   10    0.000732   0.0003668    0.000342635
   11   -0.000236    0.000312    0.000315838
   12    -0.00106 0.000197667    0.000309521
   13    0.001092 0.000266462    0.000293258
   14    0.001168 0.000330857    0.000279291
   15   -0.001372 0.000217333    0.000282804
   16   -0.002124     7.1e-05    0.000300614
   17    0.000936 0.000121882    0.000287204
   18   -0.000108 0.000109111    0.000271532
   19    -0.00056 7.38947e-05    0.000259515
   20   -0.000884     2.6e-05     0.00025092
    1      -2e-05      -2e-05              0
    2    0.000264    0.000122    0.000100409
    3    0.000324 0.000189333    8.66222e-05
    4    0.001936    0.000626    0.000383704
    5   -0.001828   0.0001352    0.000535662
    6    0.001732 0.000401333    0.000508215
    7   -0.000312 0.000299429    0.000445712
    8   -0.000312    0.000223    0.000396497
    9      0.0021 0.000431556    0.000403581
   10    -0.00084   0.0003044    0.000382731
   11     0.00056 0.000327636    0.000348642
   12   -0.001256 0.000195667    0.000343659
   13   -0.000512 0.000141231    0.000321506
   14    0.000164 0.000142857    0.000298545
   15      -4e-05 0.000130667    0.000278891
   16   -0.001096     5.4e-05    0.000271794
   17   -0.001252-2.28235e-05    0.000266442
   18   -0.002224-0.000145111    0.000278291
   19   -0.000596-0.000168842    0.000264654
   20     -0.0015  -0.0002354    0.000259656
    1    0.000564    0.000564              0
    2    0.003568    0.002066     0.00106207
    3    -0.00156 0.000857333      0.0012146
    4   -0.000932     0.00041    0.000989904
    5   -0.000736   0.0001808    0.000818027
    6   -0.000884 3.33333e-06    0.000700675
    7   -0.000516-7.08571e-05    0.000604493
    8    0.000652    1.95e-05    0.000535642
    9     0.00066 9.06667e-05    0.000480831
   10   -0.001456    -6.4e-05    0.000456947
   11    -0.00018-7.45455e-05    0.000415528
   12    0.001672     7.1e-05     0.00040559
   13   -0.002424-0.000120923    0.000417336
   14    0.001508-4.57143e-06     0.00040342
   15   -0.000732-5.30667e-05    0.000379429
   16    -0.00138   -0.000136    0.000364665
   17   -0.001848-0.000236706    0.000356849
   18   -0.002368-0.000355111    0.000356127
   19   -0.001284   -0.000404    0.000340722
   20   -0.000368  -0.0004022    0.000323691
    1     0.00084     0.00084              0
    2    -0.00082       1e-05    0.000586899
    3   -0.002328-0.000769333    0.000746991
    4   -0.001228   -0.000884    0.000568976
    5    0.000572  -0.0005928    0.000524431
    6   -0.001512   -0.000746    0.000458857
    7    0.001096-0.000482857    0.000462647
    8    0.000992  -0.0002985    0.000440017
    9      0.0019-5.42222e-05    0.000453896
   10   -0.000436   -9.24e-05    0.000410108
   11   -0.000528   -0.000132    0.000374733
   12   -0.001064-0.000209667    0.000351462
   13   -0.001284-0.000292308    0.000334001
   14     0.00012-0.000262857    0.000311439
   15    -0.00012-0.000253333    0.000290822
   16   -0.000352  -0.0002595    0.000272711
   17    0.000836-0.000195059    0.000264173
   18     0.00134-0.000109778    0.000262902
   19    0.000296-8.84211e-05    0.000249931
   20     -0.0014   -0.000154    0.000245888
    1      -6e-05      -6e-05              0
    2     0.00044     0.00019    0.000176777
    3    0.002032    0.000804    0.000514995
    4   -0.001596    0.000204    0.000647446
    5     0.00086   0.0003352    0.000531084
    6      0.0008 0.000412667    0.000448184
    7     0.00258 0.000722286    0.000479318
    8   -0.001548   0.0004385    0.000496354
    9    0.001592 0.000566667    0.000457451
   10   -0.001396   0.0003704    0.000451852
   11    0.000404 0.000373455    0.000410785
   12   -0.000352    0.000313    0.000380976
   13   -0.000276 0.000267692    0.000354354
   14   -0.000816 0.000190286    0.000337391
   15   -0.001128   0.0001024    0.000326144
   16   -0.001676   -8.75e-06    0.000324147
   17     0.00272 0.000151765    0.000342525
   18   -0.001208 7.62222e-05    0.000331721
   19    -5.6e-05 6.92632e-05    0.000314335
   20   -0.000912    2.02e-05    0.000302423
    1     0.00134     0.00134              0
    2    0.000832    0.001086    0.000179605
    3   -0.000364 0.000602667    0.000412405
    4    0.002828    0.001159    0.000572537
    5     0.00098   0.0011232    0.000459148
    6    0.002016    0.001272    0.000406019
    7    0.000956  0.00122686    0.000350517
    8     0.00062    0.001151    0.000314804
    9    0.000484  0.00107689    0.000288417
   10     0.00262   0.0012312     0.00029801
   11    0.000508  0.00116545    0.000278076
   12     0.00124  0.00117167    0.000254973
   13    0.000192  0.00109631    0.000246244
   14    -0.00084    0.000958    0.000264662
   15    0.002136  0.00103653    0.000258407
   16    0.000484    0.001002    0.000244553
   17    0.000484 0.000971529    0.000232058
   18    0.000628 0.000952444    0.000219949
   19   -0.000912 0.000854316     0.00022922
   20    0.001812   0.0009022    0.000222704
    1    0.000992    0.000992              0
    2   -0.000924     3.4e-05    0.000677408
    3    0.002688 0.000918667    0.000851883
    4     0.00106    0.000954    0.000639644
    5    0.000188   0.0008008    0.000529744
    6    0.001988 0.000998667    0.000476977
    7   -0.000224    0.000824    0.000439657
    8    0.000892   0.0008325    0.000384782
    9   -0.000552 0.000678667    0.000371509
   10   -0.003372   0.0002736    0.000509378
   11   -0.001112 0.000147636    0.000478392
   12    -0.00142     1.7e-05    0.000456014
   13   -0.000896-5.32308e-05     0.00042631
   14    -0.00096   -0.000118    0.000400749
   15           0-0.000110133     0.00037411
   16   -0.002668    -0.00027    0.000383367
   17      0.0019-0.000142353    0.000381475
   18    0.002132    -1.6e-05    0.000380633
   19   -0.002268-0.000134526    0.000378604
   20   -0.000788  -0.0001672    0.000361081
    1   -0.001448   -0.001448              0
    2    -0.00076   -0.001104    0.000243245
    3    0.000888    -0.00044    0.000565887
    4     0.00074   -0.000145    0.000495375
    5      0.0005    -1.6e-05    0.000412755
    6     -0.0001      -3e-05      0.0003442
    7     0.00018           0    0.000296333
    8     -0.0008     -0.0001    0.000275648
    9      -0.001     -0.0002    0.000262534
   10   -0.001112  -0.0002912    0.000251623
   11    -5.2e-05-0.000269455    0.000229686
   12    -0.00172-0.000390333    0.000240257
   13    0.000952-0.000287077    0.000242953
   14   -0.001088-0.000344286    0.000232237
   15   -0.000276-0.000339733    0.000216799
   16    0.000476 -0.00028875    0.000209158
   17   -0.000644-0.000309647    0.000197896
   18    0.001392-0.000215111    0.000208261
   19    0.001232-0.000138947    0.000210768
   20    0.001296   -6.72e-05     0.00021209
    1      0.0009      0.0009              0
    2   -0.000164    0.000368    0.000376181
    3   -0.000112    0.000208    0.000282774
    4    0.000168    0.000198    0.000212257
    5   -0.000992      -4e-05    0.000272303
    6    0.001288 0.000181333    0.000303836
    7   -0.001136-6.85714e-06    0.000313337
    8   -0.000296    -4.3e-05    0.000276247
    9      0.0006 2.84444e-05    0.000254624
   10   -0.000884   -6.28e-05    0.000244965
   11   -0.001764-0.000217455     0.00026709
   12    0.000108-0.000190333    0.000246206
   13      -0.001-0.000252615    0.000235012
   14    0.001892-9.94286e-05    0.000263463
   15    0.000292-7.33333e-05    0.000247187
   16    0.001396    1.85e-05    0.000248211
   17    0.000144 2.58824e-05     0.00023372
   18   -0.000708-1.48889e-05    0.000224264
   19   -0.001796-0.000108632    0.000231224
   20   -0.000392  -0.0001228    0.000220097
    1   -0.001064   -0.001064              0
    2    0.000144    -0.00046    0.000427092
    3     0.00072-6.66667e-05    0.000429198
    4    -0.00102   -0.000305    0.000382388
    5    0.000936   -5.68e-05    0.000377973
    6    0.000372 1.46667e-05    0.000321663
    7   -0.001964   -0.000268    0.000380135
    8    0.001964     1.1e-05    0.000422783
    9   -0.000844    -8.4e-05    0.000386333
   10    -0.00022   -9.76e-05    0.000347939
   11     0.00042-5.05455e-05    0.000319474
   12    0.000312-2.03333e-05    0.000294277
   13    0.000868     4.8e-05    0.000279461
   14    0.001572 0.000156857    0.000279899
   15    0.001296   0.0002328    0.000271346
   16     5.6e-05  0.00022175    0.000254612
   17    0.000376 0.000230824    0.000239796
   18    0.001372 0.000294222    0.000234706
   19   -0.002612 0.000141263    0.000267593
   20    0.000492   0.0001588    0.000254787
    1   -0.000192   -0.000192              0
    2       8e-06    -9.2e-05    7.07107e-05
    3   -0.001208   -0.000464    0.000307373
    4   -0.002032   -0.000856    0.000410356
    5    0.000268  -0.0006312    0.000384966
    6    -0.00116-0.000719333     0.00033074
    7   -0.001212-0.000789714    0.000290883
    8   -0.002872    -0.00105    0.000352224
    9     2.8e-05-0.000930222    0.000332832
   10    0.002204  -0.0006168    0.000422066
   11    0.000364-0.000527636    0.000393001
   12     8.8e-05-0.000476333    0.000363584
   13     -0.0006-0.000485846    0.000335741
   14   -0.000664-0.000498571       0.000312
   15   -0.000516-0.000499733    0.000291203
   16    0.001156 -0.00039625    0.000290809
   17    0.000864-0.000322118    0.000282994
   18    -0.00014   -0.000312    0.000267453
   19    0.000564-0.000265895    0.000257319
   20     2.8e-05  -0.0002512    0.000244873
    1    0.000452    0.000452              0
    2   -0.000908   -0.000228    0.000480833
    3    0.002912 0.000818667    0.000912741
    4   -0.001552    0.000226    0.000855603
    5   -0.001264    -7.2e-05    0.000734547
    6   -0.000844-0.000200667     0.00062329
    7    0.000936-3.82857e-05    0.000554997
    8   -0.000388    -8.2e-05    0.000487341
    9    -0.00118   -0.000204    0.000448203
   10     0.00082  -0.0001016    0.000414915
   11    -0.00072-0.000157818    0.000380985
   12    0.001224-4.26667e-05    0.000366225
   13   -0.001288-0.000138462    0.000350359
   14    0.000672-8.05714e-05    0.000330081
   15    0.001148 1.33333e-06    0.000318075
   16    0.000712   4.575e-05    0.000301281
   17   -0.001252-3.05882e-05     0.00029307
   18    0.001644 6.24444e-05    0.000291181
   19    -0.00252-7.34737e-05    0.000305937
   20    0.001932    2.68e-05    0.000306633
