    1    0.974872    0.974872              0
    2    0.969488     0.97218     0.00190353
    3    0.961688    0.968683     0.00312484
    4    0.979856    0.971476     0.00336818
    5      0.9802    0.973221     0.00311385
    6     0.96564    0.971957     0.00283966
    7    0.964032    0.970825      0.0026501
    8    0.981656    0.972179     0.00264213
    9    0.967296    0.971636     0.00240362
   10    0.976512    0.972124     0.00221215
   11    0.982744    0.973089     0.00221171
   12    0.980808    0.973733     0.00211887
   13    0.971792    0.973583     0.00196113
   14    0.977776    0.973883     0.00184377
   15    0.977176    0.974102     0.00173388
   16     0.96936    0.973806     0.00165065
   17    0.966056     0.97335     0.00161528
   18    0.969784    0.973152     0.00153764
   19    0.979232    0.973472     0.00148964
   20    0.975896    0.973593     0.00142008
    1    0.965072    0.965072              0
    2    0.970784    0.967928      0.0020195
    3    0.974016    0.969957     0.00213496
    4    0.975048     0.97123     0.00194388
    5    0.961776    0.969339     0.00229749
    6    0.971096    0.969632     0.00193314
    7     0.97372    0.970216     0.00174296
    8     0.96372    0.969404     0.00170377
    9    0.966752    0.969109     0.00153973
   10    0.978112     0.97001     0.00162781
   11     0.96484     0.96954     0.00154618
   12    0.963792    0.969061     0.00148967
   13     0.96908    0.969062     0.00137508
   14    0.958856    0.968333     0.00145735
   15     0.97544    0.968807     0.00143514
   16    0.977912    0.969376      0.0014539
   17    0.957256    0.968663     0.00153325
   18    0.963824    0.968394     0.00147145
   19    0.972448    0.968608     0.00140938
   20    0.960984    0.968226     0.00138951
    1    0.968088    0.968088              0
    2    0.952256    0.960172     0.00559746
    3    0.967024    0.962456     0.00417168
    4    0.966992     0.96359     0.00327927
    5    0.958272    0.962526     0.00279057
    6    0.963624    0.962709     0.00233147
    7    0.959208    0.962209     0.00205135
    8    0.957352    0.961602     0.00188264
    9    0.958208    0.961225     0.00171081
   10    0.960072     0.96111     0.00154361
   11    0.971624    0.962065     0.00167326
   12     0.95648      0.9616     0.00159725
   13    0.953392    0.960969      0.0015943
   14    0.970632    0.961659     0.00162297
   15    0.965736    0.961931     0.00153737
   16       0.964     0.96206     0.00144671
   17    0.965104    0.962239     0.00137265
   18    0.967904    0.962554     0.00133198
   19    0.953752    0.962091     0.00134001
   20    0.955112    0.961742     0.00131766
    1    0.964928    0.964928              0
    2    0.952872      0.9589     0.00426244
    3     0.95644     0.95808     0.00291944
    4    0.941592    0.953958     0.00418777
    5    0.970696    0.957306     0.00449323
    6       0.957    0.957255     0.00374464
    7    0.961904    0.957919     0.00326807
    8    0.956168      0.9577     0.00286688
    9    0.973208    0.959423     0.00302212
   10    0.965912    0.960072      0.0027887
   11    0.960984    0.960155     0.00253642
   12    0.958056     0.95998     0.00233107
   13    0.960712    0.960036     0.00215244
   14    0.951128      0.9594     0.00209063
   15    0.955312    0.959127     0.00196894
   16    0.955776    0.958918     0.00185699
   17    0.958976    0.958921     0.00174776
   18    0.950312    0.958443     0.00171486
   19    0.966928     0.95889     0.00168175
   20    0.962032    0.959047     0.00160498
    1     0.96416     0.96416              0
    2    0.954464    0.959312     0.00342805
    3    0.953352    0.957325     0.00280252
    4    0.953176    0.956288     0.00228583
    5    0.955624    0.956155     0.00183251
    6    0.936328    0.952851     0.00338112
    7    0.950608     0.95253     0.00291324
    8    0.956168    0.952985     0.00258433
    9    0.945656    0.952171     0.00242209
   10    0.943224    0.951276     0.00233928
   11     0.95752    0.951844     0.00219441
   12    0.958424    0.952392     0.00207893
   13     0.95944    0.952934     0.00198845
   14    0.951256    0.952814     0.00185003
   15     0.95948    0.953259     0.00177926
   16    0.953736    0.953289     0.00166831
   17    0.951696    0.953195      0.0015728
   18      0.9492    0.952973       0.001501
   19     0.95464    0.953061     0.00142456
   20    0.945928    0.952704     0.00139726
    1     0.94584     0.94584              0
    2    0.946072    0.945956    8.20244e-05
    3    0.949464    0.947125    0.000956321
    4    0.947392    0.947192    0.000719561
    5    0.949832     0.94772     0.00074458
    6    0.945128    0.947288      0.0007352
    7    0.939744     0.94621     0.00118011
    8     0.94412    0.945949     0.00106113
    9     0.94852    0.946235    0.000980923
   10    0.954256    0.947037     0.00116553
   11    0.947696    0.947097     0.00106111
   12    0.957672    0.947978     0.00128765
   13    0.944408    0.947703     0.00121753
   14    0.948952    0.947793     0.00113383
   15    0.943792    0.947526     0.00108916
   16     0.94704    0.947496     0.00102151
   17    0.945936    0.947404    0.000965528
   18     0.93888     0.94693     0.00102143
   19    0.941968    0.946669      0.0010005
   20    0.937144    0.946193     0.00105777
    1    0.933608    0.933608              0
    2    0.933184    0.933396    0.000149907
    3     0.92328    0.930024     0.00275504
    4    0.937936    0.932002       0.002684
    5    0.943424    0.934286       0.002964
    6     0.93508    0.934419     0.00247295
    7    0.942928    0.935634     0.00239992
    8     0.94404    0.936685     0.00231856
    9      0.9342    0.936409     0.00207732
   10    0.931224     0.93589     0.00193321
   11    0.942272    0.936471     0.00184246
   12     0.93144    0.936051     0.00173595
   13     0.94128    0.936454     0.00164835
   14    0.941856    0.936839     0.00157514
   15    0.935512    0.936751     0.00147261
   16    0.932736      0.9365     0.00140179
   17    0.939144    0.936656     0.00132793
   18    0.932096    0.936402     0.00127809
   19    0.933104    0.936229     0.00122255
   20    0.943096    0.936572     0.00120868
    1    0.931976    0.931976              0
    2    0.929096    0.930536     0.00101823
    3    0.935328    0.932133      0.0014703
    4     0.92408     0.93012     0.00206304
    5    0.936208    0.931338     0.00197736
    6    0.926144    0.930472     0.00182747
    7    0.932808    0.930806     0.00159658
    8    0.935592    0.931404     0.00150494
    9     0.93612    0.931928     0.00142603
   10    0.932952     0.93203      0.0012871
   11     0.93908    0.932671     0.00132003
   12    0.931344    0.932561     0.00121466
   13    0.934472    0.932708     0.00113008
   14    0.941872    0.933362     0.00122436
   15    0.929464    0.933102     0.00116999
   16    0.932248    0.933049     0.00109808
   17    0.927336    0.932713      0.0010837
   18    0.931368    0.932638     0.00102606
   19    0.939912    0.933021     0.00104103
   20    0.939248    0.933332     0.00103449
    1    0.921016    0.921016              0
    2    0.931328    0.926172     0.00364584
    3    0.924552    0.925632     0.00247023
    4    0.930248    0.926786     0.00210504
    5    0.935688    0.928566     0.00231772
    6    0.909544    0.925396     0.00347946
    7    0.924056    0.925205     0.00298765
    8    0.938224    0.926832     0.00302514
    9    0.916144    0.925644      0.0029128
   10    0.921712    0.925251     0.00264793
   11    0.921896    0.924946     0.00242471
   12     0.92436    0.924897     0.00222315
   13    0.923384    0.924781     0.00205518
   14    0.919168     0.92438     0.00194709
   15     0.93056    0.924792     0.00186037
   16    0.926984    0.924929     0.00174913
   17    0.924496    0.924904     0.00164643
   18    0.920072    0.924635     0.00157669
   19    0.925768    0.924695     0.00149483
   20    0.938352    0.925378     0.00156832
    1    0.920696    0.920696              0
    2    0.925264     0.92298     0.00161503
    3    0.916336    0.920765     0.00210454
    4    0.925272    0.921892     0.00185564
    5    0.926008    0.922715     0.00165708
    6    0.932656    0.924372     0.00204801
    7    0.918024    0.923465     0.00194589
    8    0.927424     0.92396     0.00176445
    9    0.924832    0.924057     0.00157106
   10    0.911376    0.922789     0.00185648
   11    0.908264    0.921468     0.00210557
   12    0.914928    0.920923      0.0019994
   13    0.919056     0.92078     0.00185075
   14      0.9184     0.92061     0.00172634
   15     0.92448    0.920868     0.00163042
   16    0.919112    0.920758     0.00153221
   17    0.933032     0.92148     0.00160319
   18    0.928392    0.921864     0.00155943
   19    0.926744    0.922121     0.00149836
   20     0.91216    0.921623     0.00150394
    1    0.911664    0.911664              0
    2    0.916944    0.914304     0.00186676
    3    0.909872    0.912827     0.00173315
    4    0.914608    0.913272     0.00135587
    5    0.904944    0.911606     0.00184281
    6    0.914504    0.912089      0.0015977
    7    0.910912    0.911921     0.00137828
    8    0.912656    0.912013     0.00120905
    9    0.913608     0.91219     0.00108763
   10    0.914352    0.912406     0.00100012
   11     0.90148    0.911413     0.00131286
   12     0.91572    0.911772     0.00125155
   13    0.913816    0.911929     0.00116512
   14    0.909024    0.911722     0.00110022
   15    0.920088    0.912279     0.00115966
   16    0.907288    0.911967     0.00112836
   17    0.914824    0.912136     0.00107443
   18     0.90532    0.911757      0.0010794
   19    0.919944    0.912188     0.00110525
   20     0.91152    0.912154     0.00105049
    1    0.911712    0.911712              0
    2     0.90624    0.908976     0.00193464
    3    0.909848    0.909267     0.00131142
    4    0.902576    0.907594     0.00175093
    5    0.902712    0.906618     0.00165069
    6    0.901656    0.905791     0.00156909
    7    0.912352    0.906728      0.0016006
    8     0.89868    0.905722     0.00168731
    9    0.898672    0.904939      0.0016718
   10    0.906656     0.90511     0.00151342
   11    0.905368    0.905134     0.00137601
   12    0.904992    0.905122      0.0012614
   13    0.902288    0.904904     0.00118305
   14    0.909496    0.905232     0.00114312
   15    0.904128    0.905158     0.00106927
   16    0.910816    0.905512      0.0010593
   17    0.909936    0.905772     0.00102846
   18    0.912328    0.906136      0.0010338
   19     0.90104    0.905868     0.00101359
   20     0.90824    0.905987    0.000969823
    1    0.903688    0.903688              0
    2    0.904408    0.904048    0.000254558
    3    0.898272    0.902123     0.00158116
    4    0.891944    0.899578     0.00250256
    5    0.900208    0.899704     0.00200521
    6    0.904712    0.900539     0.00183653
    7     0.90056    0.900542     0.00157417
    8    0.902048     0.90073     0.00138861
    9    0.900672    0.900724     0.00123434
   10    0.899264    0.900578      0.0011195
   11    0.894328    0.900009     0.00115292
   12    0.909528    0.900803     0.00130141
   13    0.897216    0.900527      0.0012302
   14     0.90636    0.900943     0.00121083
   15    0.895072    0.900552      0.0011917
   16    0.915912    0.901512     0.00145333
   17    0.902648    0.901579     0.00136938
   18    0.897192    0.901335     0.00131481
   19     0.89768    0.901143      0.0012596
   20     0.89988     0.90108     0.00119821
    1    0.890568    0.890568              0
    2    0.893264    0.891916     0.00095318
    3    0.883944    0.889259     0.00226084
    4    0.896384     0.89104     0.00229239
    5    0.883824    0.889597     0.00224265
    6     0.90016    0.891357     0.00246487
    7    0.893784    0.891704     0.00213699
    8     0.88584    0.890971     0.00199161
    9    0.891736    0.891056     0.00177213
   10    0.897056    0.891656     0.00169345
   11     0.89332    0.891807     0.00154624
   12    0.895464    0.892112      0.0014471
   13     0.89172    0.892082      0.0013361
   14    0.896288    0.892382       0.001274
   15    0.886832    0.892012     0.00124164
   16    0.890192    0.891899     0.00116923
   17    0.884288    0.891451     0.00118306
   18      0.8862    0.891159     0.00115274
   19    0.888176    0.891002     0.00110271
   20    0.900416    0.891473     0.00114363
    1      0.8892      0.8892              0
    2    0.887568    0.888384    0.000576999
    3    0.884136    0.886968     0.00121847
    4    0.888496     0.88735     0.00097189
    5     0.88088    0.886056      0.0013943
    6    0.881656    0.885323     0.00134097
    7     0.88748    0.885631     0.00118429
    8    0.887392    0.885851     0.00105651
    9    0.887608    0.886046    0.000956991
   10    0.885216    0.885963    0.000864886
   11    0.887536    0.886106    0.000797991
   12    0.881216    0.885699    0.000829041
   13    0.896024    0.886493     0.00108072
   14    0.882272    0.886191     0.00104473
   15    0.883928    0.886041    0.000985922
   16    0.880264     0.88568    0.000988196
   17    0.886328    0.885718    0.000930803
   18    0.885848    0.885725     0.00087912
   19    0.884256    0.885648    0.000836243
   20    0.886088     0.88567    0.000794721
    1     0.87272     0.87272              0
    2    0.872344    0.872532    0.000132936
    3     0.87988    0.874981     0.00200184
    4     0.87848    0.875856     0.00168164
    5    0.877512    0.876187     0.00137754
    6    0.884328    0.877544     0.00168875
    7     0.87612    0.877341      0.0014597
    8     0.88116    0.877818     0.00135307
    9    0.872704     0.87725     0.00131664
   10    0.885704    0.878095     0.00143089
   11    0.872104    0.877551     0.00140064
   12    0.883176    0.878019     0.00136011
   13    0.875176    0.877801     0.00127295
   14    0.882072    0.878106     0.00121804
   15    0.881192    0.878311     0.00115408
   16    0.879904    0.878411     0.00108623
   17    0.878048     0.87839     0.00102255
   18    0.878224     0.87838    0.000965781
   19    0.881768    0.878559    0.000931263
   20    0.877808    0.878521    0.000885456
    1      0.8668      0.8668              0
    2      0.8752       0.871     0.00296985
    3    0.871576    0.871192      0.0019861
    4     0.86608    0.869914     0.00185574
    5    0.871552    0.870242     0.00151324
    6    0.868184    0.869899     0.00129931
    7    0.866272    0.869381     0.00121259
    8    0.877616     0.87041     0.00143284
    9    0.871896    0.870575     0.00128311
   10    0.870664    0.870584     0.00115483
   11    0.872136    0.870725     0.00105843
   12    0.875032    0.871084     0.00102928
   13     0.87476    0.871367    0.000988185
   14    0.869904    0.871262    0.000923108
   15    0.871776    0.871297    0.000862202
   16    0.868984    0.871152     0.00082034
   17    0.877064      0.8715     0.00084258
   18    0.870032    0.871418    0.000799706
   19    0.883976    0.872079    0.000993895
   20    0.882352    0.872593     0.00106871
    1    0.870368    0.870368              0
    2    0.872184    0.871276    0.000642053
    3    0.866848      0.8698     0.00127891
    4    0.863552    0.868238     0.00165828
    5    0.866752    0.867941       0.001353
    6    0.865248    0.867492     0.00119963
    7    0.868648    0.867657     0.00103956
    8    0.867776    0.867672    0.000909718
    9    0.867536    0.867657    0.000808763
   10    0.866216    0.867513    0.000740611
   11     0.86564    0.867343    0.000692576
   12    0.865616    0.867199    0.000649634
   13    0.873376    0.867674    0.000753672
   14    0.866592    0.867597    0.000703789
   15    0.870288    0.867776    0.000679357
   16    0.860696    0.867333    0.000767598
   17     0.87252    0.867639    0.000780724
   18    0.866808    0.867592    0.000738713
   19     0.85868    0.867123    0.000835595
   20    0.863208    0.866928    0.000816426
    1    0.861408    0.861408              0
    2    0.859528    0.860468     0.00066468
    3    0.863728    0.861555    0.000991759
    4     0.86192    0.861646    0.000748013
    5     0.85904    0.861125    0.000758561
    6    0.859304    0.860821    0.000690171
    7    0.854576    0.859929       0.001016
    8    0.861448    0.860119    0.000906563
    9    0.861008    0.860218    0.000811197
   10     0.86532    0.860728    0.000875961
   11    0.854064    0.860122    0.000983763
   12     0.85988    0.860102    0.000901989
   13    0.856328    0.859812    0.000878082
   14    0.861416    0.859926    0.000822805
   15      0.8636    0.860171    0.000803576
   16    0.852472     0.85969    0.000885788
   17    0.858824    0.859639    0.000835147
   18    0.858048    0.859551    0.000793413
   19    0.852624    0.859186    0.000831201
   20    0.856496    0.859052     0.00080045
    1    0.849752    0.849752              0
    2     0.85284    0.851296     0.00109177
    3     0.85612    0.852904     0.00150118
    4     0.84892    0.851908     0.00141832
    5    0.850376    0.851602     0.00116728
    6    0.853936    0.851991     0.00103555
    7    0.857288    0.852747     0.00113081
    8    0.852768     0.85275    0.000989461
    9    0.851096    0.852566    0.000896426
   10    0.854344    0.852744    0.000824223
   11    0.851496    0.852631    0.000757062
   12    0.856152    0.852924    0.000748691
   13    0.849928    0.852694    0.000725703
   14    0.854464     0.85282    0.000684797
   15    0.853784    0.852884    0.000642153
   16    0.849384    0.852665    0.000638196
   17     0.85444     0.85277    0.000609131
   18    0.860056    0.853175    0.000696927
   19    0.852712     0.85315    0.000660672
   20    0.853592    0.853172    0.000628007
    1     0.84508     0.84508              0
    2     0.84512      0.8451    1.41421e-05
    3    0.850968    0.847056      0.0015971
    4    0.849296    0.847616     0.00129228
    5    0.848752    0.847843      0.0010536
    6    0.851296    0.848419     0.00102316
    7     0.84908    0.848513    0.000881346
    8    0.843008    0.847825     0.00100452
    9    0.846952    0.847728    0.000897579
   10    0.842808    0.847236     0.00093297
   11    0.844568    0.846993    0.000879117
   12    0.854688    0.847635     0.00101306
   13    0.845216    0.847449    0.000952066
   14     0.84284    0.847119    0.000939248
   15    0.845288    0.846997    0.000884532
   16    0.843672     0.84679    0.000853316
   17     0.84092    0.846444    0.000870172
   18    0.847416    0.846498    0.000823502
   19     0.85252    0.846815    0.000838934
   20      0.8468    0.846814    0.000796988
    1     0.84216     0.84216              0
    2     0.83828     0.84022     0.00137179
    3    0.843136    0.841192     0.00121087
    4    0.834688    0.839566      0.0016756
    5     0.83764    0.839181     0.00138405
    6    0.833944    0.838308     0.00140182
    7    0.842248    0.838871     0.00130969
    8    0.845072    0.839646      0.0013561
    9    0.840944     0.83979     0.00121307
   10    0.843848    0.840196     0.00115764
   11    0.845384    0.840668     0.00114445
   12    0.838496    0.840487     0.00106329
   13    0.842336    0.840629     0.00099097
   14    0.837688    0.840419    0.000942189
   15    0.842856    0.840581    0.000893275
   16    0.849064    0.841111    0.000982255
   17    0.838112    0.840935    0.000940189
   18     0.84064    0.840919    0.000888099
   19    0.836944    0.840709    0.000865644
   20     0.84244    0.840796    0.000826675
    1    0.833744    0.833744              0
    2    0.831352    0.832548      0.0008457
    3    0.832176    0.832424    0.000572818
    4    0.834832    0.833026    0.000675552
    5    0.834632    0.833347    0.000612056
    6     0.83264    0.833229    0.000521273
    7    0.832992    0.833195    0.000447906
    8    0.834704    0.833384    0.000429784
    9    0.840728      0.8342    0.000858964
   10    0.826528    0.833433     0.00106178
   11    0.833056    0.833399    0.000965804
   12     0.83204    0.833285    0.000891931
   13    0.831792     0.83317    0.000830685
   14     0.83604    0.833375    0.000796236
   15    0.838992     0.83375     0.00082652
   16     0.83276    0.833688    0.000777174
   17    0.834272    0.833722    0.000732217
   18    0.837456     0.83393    0.000720319
   19    0.836688    0.834075    0.000696882
   20    0.835168     0.83413    0.000664178
    1    0.827936    0.827936              0
    2    0.830128    0.829032    0.000774989
    3    0.826952    0.828339    0.000766427
    4    0.826176    0.827798     0.00074139
    5    0.828312    0.827901    0.000600197
    6    0.824928    0.827405    0.000674342
    7     0.83112    0.827936    0.000758597
    8    0.831808     0.82842    0.000803472
    9     0.82196    0.827702    0.000983889
   10    0.827472    0.827679     0.00088577
   11    0.824768    0.827415    0.000843857
   12    0.826808    0.827364    0.000775048
   13    0.824888    0.827174     0.00073846
   14    0.823928    0.826942    0.000721184
   15    0.820552    0.826516    0.000788944
   16    0.827552     0.82658    0.000742289
   17    0.821352    0.826273    0.000759674
   18    0.826968    0.826312    0.000718451
   19    0.825672    0.826278    0.000681425
   20     0.82548    0.826238    0.000648521
    1    0.820936    0.820936              0
    2     0.82352    0.822228    0.000913582
    3    0.822344    0.822267    0.000609872
    4    0.819776    0.821644     0.00070711
    5    0.814672     0.82025     0.00136948
    6    0.818504    0.819959     0.00117173
    7      0.8224    0.820307     0.00105497
    8    0.819616    0.820221    0.000926631
    9    0.821928    0.820411     0.00084286
   10    0.818864    0.820256    0.000772634
   11    0.822224    0.820435    0.000722812
   12     0.81592    0.820059    0.000754169
   13    0.818672    0.819952    0.000703659
   14    0.821768    0.820082    0.000665246
   15    0.816696    0.819856    0.000658075
   16    0.812896    0.819421    0.000747007
   17      0.8184    0.819361    0.000705476
   18    0.819464    0.819367    0.000666306
   19     0.82336    0.819577    0.000663558
   20    0.822376    0.819717    0.000644971
    1    0.819976    0.819976              0
    2    0.813352    0.816664     0.00234194
    3    0.813296    0.815541     0.00181049
    4    0.813808    0.815108     0.00140877
    5    0.816632    0.815413     0.00115952
    6    0.808216    0.814213     0.00146035
    7    0.810296    0.813654     0.00135471
    8    0.810536    0.813264     0.00124016
    9    0.818464    0.813842     0.00122961
   10    0.814488    0.813906     0.00110835
   11     0.81288    0.813813     0.00101151
   12    0.813432    0.813781    0.000927716
   13     0.80912    0.813423    0.000923049
   14    0.808736    0.813088    0.000915814
   15    0.811632    0.812991    0.000859888
   16    0.813352    0.813014    0.000806441
   17    0.817952    0.813304    0.000809637
   18    0.814704    0.813382    0.000768384
   19    0.811968    0.813307    0.000731537
   20    0.814856    0.813385    0.000699046
    1    0.808032    0.808032              0
    2    0.809576    0.808804    0.000545886
    3    0.809664    0.809091    0.000432696
    4    0.803688     0.80774     0.00121389
    5    0.806016    0.807395     0.00101891
    6    0.807688    0.807444    0.000850259
    7    0.806992    0.807379    0.000731241
    8    0.806144    0.807225     0.00065594
    9    0.809112    0.807435    0.000615656
   10    0.807528    0.807444    0.000554161
   11    0.807496    0.807449    0.000503803
   12    0.806744     0.80739    0.000465229
   13     0.80628    0.807305    0.000437208
   14    0.801272    0.806874    0.000580717
   15    0.810928    0.807144    0.000601623
   16    0.805048    0.807013    0.000578108
   17    0.810008    0.807189    0.000570315
   18     0.80804    0.807236    0.000540586
   19     0.80744    0.807247     0.00051224
   20    0.808464    0.807308    0.000490228
    1    0.799184    0.799184              0
    2     0.79768    0.798432    0.000531744
    3    0.802976    0.799947     0.00128652
    4     0.80236     0.80055     0.00109728
    5     0.80276    0.800992     0.00096274
    6    0.803224    0.801364    0.000871194
    7    0.800376    0.801223    0.000758085
    8    0.802656    0.801402    0.000684163
    9    0.804752    0.801774    0.000702136
   10    0.797136     0.80131    0.000770029
   11    0.801736    0.801349    0.000700998
   12    0.794152    0.800749    0.000861768
   13    0.797424    0.800494    0.000832576
   14     0.79716    0.800255    0.000806437
   15    0.795872    0.799963     0.00080388
   16    0.794712    0.799635    0.000817895
   17    0.798288    0.799556    0.000773612
   18     0.79992    0.799576    0.000730898
   19     0.80284    0.799748    0.000712333
   20     0.80048    0.799784    0.000677656
    1     0.79556     0.79556              0
    2    0.791968    0.793764     0.00126996
    3    0.791328    0.792952     0.00107534
    4    0.795264     0.79353     0.00094922
    5    0.794184    0.793661    0.000768335
    6    0.797552    0.794309     0.00087204
    7    0.793664    0.794217     0.00075232
    8    0.788568    0.793511    0.000932545
    9    0.794312      0.7936    0.000833165
   10    0.799224    0.794162    0.000920292
   11    0.794776    0.794218    0.000838318
   12    0.789656    0.793838    0.000850307
   13    0.792496    0.793735     0.00079114
   14    0.796896    0.793961    0.000766176
   15    0.790376    0.793722    0.000751442
   16    0.794136    0.793747    0.000704923
   17    0.796104    0.793886    0.000676949
   18    0.791152    0.793734    0.000656161
   19    0.787528    0.793408    0.000698211
   20    0.792344    0.793354    0.000665323
    1    0.788832    0.788832              0
    2    0.788088     0.78846    0.000263044
    3    0.787608    0.788176    0.000290728
    4     0.78916    0.788422    0.000304846
    5    0.789248    0.788587    0.000285147
    6    0.784544    0.787913    0.000659453
    7    0.785352    0.787547    0.000658985
    8    0.786344    0.787397    0.000593533
    9     0.78856    0.787526    0.000541469
   10    0.788392    0.787613    0.000494196
   11    0.791232    0.787942    0.000547955
   12    0.785704    0.787755    0.000533081
   13    0.787024    0.787699    0.000495034
   14     0.78768    0.787698    0.000459677
   15    0.785144    0.787527    0.000459478
   16    0.791248     0.78776    0.000486052
   17    0.787544    0.787747    0.000457627
   18    0.785912    0.787645    0.000443417
   19    0.784656    0.787488    0.000447121
   20       0.793    0.787764    0.000502576
    1    0.775248    0.775248              0
    2     0.78216    0.778704     0.00244376
    3    0.782368    0.779925     0.00191014
    4    0.777536    0.779328     0.00152314
    5    0.783272    0.780117     0.00140803
    6    0.776568    0.779525     0.00129162
    7    0.779104    0.779465     0.00110851
    8       0.778    0.779282    0.000984958
    9     0.78112    0.779486     0.00089644
   10    0.782736    0.779811    0.000863695
   11    0.779168    0.779753    0.000787154
   12     0.77852     0.77965     0.00072823
   13    0.783848    0.779973    0.000740356
   14     0.77912    0.779912    0.000689976
   15    0.783776     0.78017    0.000690392
   16    0.782608    0.780322     0.00066385
   17     0.77996    0.780301    0.000625141
   18    0.777064    0.780121     0.00061573
   19    0.780304    0.780131    0.000583398
   20    0.779128     0.78008    0.000556378
    1    0.775216    0.775216              0
    2    0.773232    0.774224     0.00070145
    3    0.774656    0.774368    0.000482188
    4    0.775832    0.774734    0.000480886
    5    0.773712     0.77453    0.000425939
    6    0.777352       0.775    0.000557123
    7    0.775144    0.775021    0.000477913
    8    0.770016    0.774395     0.00071923
    9    0.775368    0.774503     0.00064739
   10    0.778224    0.774875     0.00068124
   11      0.7752    0.774905    0.000619948
   12    0.775784    0.774978      0.0005726
   13      0.7754     0.77501    0.000529473
   14    0.774184    0.774951    0.000494933
   15    0.775032    0.774957    0.000461967
   16    0.776832    0.775074    0.000447714
   17    0.775696    0.775111     0.00042287
   18    0.773328    0.775012     0.00041081
   19    0.773376    0.774925    0.000398105
   20    0.777288    0.775044    0.000395337
    1    0.771232    0.771232              0
    2    0.769088     0.77016    0.000758018
    3    0.770896    0.770405    0.000543599
    4    0.766104     0.76933      0.0010166
    5    0.765376    0.768539     0.00107783
    6    0.769592    0.768715    0.000912362
    7    0.769792    0.768869    0.000794899
    8    0.764504    0.768323    0.000862678
    9     0.77104    0.768625    0.000817943
   10    0.764304    0.768193    0.000842583
   11    0.769216    0.768286    0.000771102
   12    0.765584    0.768061    0.000738983
   13    0.768816    0.768119    0.000684419
   14     0.76788    0.768102    0.000635744
   15    0.768968    0.768159    0.000595979
   16    0.766992    0.768086    0.000563179
   17    0.765688    0.767945    0.000547438
   18    0.770056    0.768063    0.000529434
   19    0.773664    0.768357    0.000577848
   20     0.77128    0.768504    0.000567131
    1    0.764496    0.764496              0
    2     0.76224    0.763368    0.000797616
    3    0.764288    0.763675    0.000587748
    4    0.764192    0.763804    0.000454819
    5    0.761952    0.763434    0.000492085
    6     0.76276    0.763321    0.000422683
    7    0.757944    0.762553     0.00079817
    8     0.76044    0.762289    0.000740818
    9    0.760008    0.762036    0.000700518
   10      0.7632    0.762152    0.000640071
   11    0.759592    0.761919    0.000622757
   12    0.765648     0.76223    0.000643729
   13    0.755528    0.761714    0.000773578
   14     0.76716    0.762103    0.000810231
   15    0.757128    0.761772     0.00082131
   16    0.766248    0.762051    0.000816237
   17    0.761152    0.761999    0.000769936
   18    0.759784    0.761876    0.000736927
   19    0.761544    0.761858    0.000698348
   20    0.760448    0.761788     0.00066698
    1    0.753576    0.753576              0
    2    0.754984     0.75428    0.000497803
    3     0.75156    0.753373    0.000811275
    4     0.75444     0.75364    0.000650809
    5    0.752688     0.75345    0.000547791
    6    0.761056    0.754717     0.00124406
    7    0.755576     0.75484     0.00107236
    8     0.75884     0.75534     0.00104842
    9    0.751816    0.754948     0.00100239
   10    0.757392    0.755193    0.000931455
   11      0.7566    0.755321    0.000855517
   12    0.757888    0.755535    0.000810533
   13    0.761736    0.756012    0.000877399
   14    0.752952    0.755793    0.000841506
   15    0.754048    0.755677    0.000793408
   16    0.752168    0.755457    0.000773534
   17    0.757352    0.755569    0.000736016
   18    0.757424    0.755672    0.000702304
   19    0.755968    0.755688    0.000665513
   20      0.7566    0.755733      0.0006338
    1    0.752968    0.752968              0
    2    0.746512     0.74974     0.00228254
    3    0.749904    0.749795     0.00152235
    4    0.743624    0.748252     0.00175741
    5    0.748448    0.748291     0.00140636
    6    0.749672    0.748521     0.00119065
    7     0.74692    0.748293      0.0010423
    8    0.746584    0.748079    0.000933639
    9    0.747808    0.748049    0.000830386
   10    0.751464     0.74839    0.000814552
   11    0.750928    0.748621    0.000772479
   12    0.749888    0.748727    0.000715284
   13    0.748944    0.748743    0.000660457
   14    0.750616    0.748877     0.00062668
   15    0.745616     0.74866     0.00062147
   16    0.749872    0.748736    0.000587229
   17     0.74568    0.748556     0.00057954
   18    0.748816     0.74857    0.000547523
   19      0.7492    0.748603    0.000519709
   20    0.747144     0.74853    0.000498819
    1     0.74684     0.74684              0
    2     0.74696      0.7469    4.24264e-05
    3    0.740304    0.744701     0.00179543
    4    0.740088    0.743548     0.00167657
    5    0.739944    0.742827     0.00148816
    6    0.746576    0.743452       0.001365
    7     0.74144    0.743165     0.00119988
    8    0.743072    0.743153     0.00104995
    9    0.738264     0.74261     0.00106458
   10     0.74492    0.742841    0.000982872
   11     0.74164    0.742732    0.000899562
   12    0.745824    0.742989    0.000860718
   13    0.740792     0.74282    0.000810936
   14    0.736736    0.742386    0.000861631
   15    0.743896    0.742486     0.00081005
   16    0.745176    0.742655    0.000776668
   17    0.743976    0.742732    0.000734861
   18    0.744616    0.742837    0.000701448
   19    0.743568    0.742875    0.000665585
   20    0.743632    0.742913     0.00063338
    1    0.738656    0.738656              0
    2    0.736568    0.737612    0.000738219
    3    0.740496    0.738573    0.000926453
    4    0.738896    0.738654    0.000698343
    5    0.731656    0.737254     0.00137085
    6    0.736152    0.737071     0.00115462
    7    0.735456     0.73684     0.00101245
    8    0.739856    0.737217    0.000953507
    9     0.73468    0.736935    0.000888253
   10    0.735864    0.736828     0.00080586
   11    0.734032    0.736574    0.000771646
   12    0.736832    0.736595    0.000707642
   13    0.736264     0.73657    0.000653667
   14    0.738112     0.73668    0.000616188
   15    0.741056    0.736972    0.000640456
   16    0.728072    0.736416     0.00080658
   17    0.735888    0.736384    0.000759731
   18    0.733904    0.736247    0.000729915
   19    0.733296    0.736091    0.000707826
   20    0.741032    0.736338    0.000714242
    1    0.729656    0.729656              0
    2     0.72888    0.729268    0.000274357
    3    0.725608    0.728048     0.00101278
    4    0.729008    0.728288    0.000787507
    5    0.730272    0.728685    0.000723096
    6    0.731096    0.729087    0.000705467
    7       0.729    0.729074    0.000604794
    8    0.733904    0.729678    0.000773925
    9    0.726832    0.729362    0.000749758
   10    0.728536    0.729279    0.000679315
   11    0.728688    0.729225    0.000619681
   12    0.730664    0.729345    0.000579521
   13    0.730624    0.729444    0.000543225
   14    0.732592    0.729669       0.000549
   15    0.732024    0.729826    0.000534386
   16    0.732144     0.72997    0.000520261
   17     0.73352    0.730179    0.000529901
   18     0.73148    0.730252    0.000505365
   19    0.732744    0.730383      0.0004955
   20    0.731648    0.730446    0.000474747
    1     0.72792     0.72792              0
    2    0.725392    0.726656    0.000893783
    3    0.725616    0.726309    0.000659668
    4    0.723352     0.72557    0.000809159
    5    0.724152    0.725286    0.000695253
    6    0.727128    0.725593    0.000643572
    7     0.72316    0.725246    0.000638651
    8    0.726016    0.725342    0.000566031
    9     0.71804    0.724531    0.000915571
   10    0.719808    0.724058     0.00093794
   11    0.725192    0.724161    0.000858315
   12    0.727112    0.724407    0.000821252
   13    0.726408    0.724561    0.000772364
   14    0.725944     0.72466    0.000723483
   15    0.725856     0.72474     0.00067963
   16     0.72424    0.724708    0.000637871
   17    0.725744    0.724769     0.00060325
   18    0.726248    0.724852    0.000575302
   19    0.725776      0.7249    0.000547076
   20    0.723696     0.72484    0.000523025
    1    0.719408    0.719408              0
    2    0.715696    0.717552     0.00131239
    3    0.716776    0.717293    0.000900057
    4     0.71744     0.71733    0.000675789
    5    0.718192    0.717502    0.000562192
    6    0.719528     0.71784    0.000560771
    7    0.716488    0.717647    0.000512845
    8    0.718712     0.71778    0.000465702
    9    0.718552    0.717866    0.000421783
   10    0.724984    0.718578    0.000774675
   11    0.715352    0.718284    0.000757719
   12    0.717392     0.71821    0.000698216
   13    0.717016    0.718118     0.00065052
   14     0.71852    0.718147    0.000604687
   15    0.714472    0.717902    0.000611995
   16    0.716344    0.717804    0.000581439
   17    0.719704    0.717916    0.000557869
   18    0.722824    0.718189    0.000589753
   19    0.718592     0.71821    0.000559095
   20     0.71964    0.718282    0.000535692
    1       0.713       0.713              0
    2    0.714352    0.713676    0.000478004
    3    0.714896    0.714083     0.00046022
    4    0.712544    0.713698    0.000479703
    5    0.713696    0.713698    0.000383763
    6    0.711864    0.713392    0.000424381
    7    0.711264    0.713088    0.000459926
    8    0.709784    0.712675    0.000557855
    9    0.711816     0.71258     0.00050397
   10      0.7114    0.712462    0.000467173
   11    0.708384    0.712091    0.000552532
   12    0.714912    0.712326    0.000554249
   13    0.714584      0.7125    0.000538143
   14    0.708288    0.712199    0.000577704
   15    0.715272    0.712404    0.000574371
   16    0.711032    0.712318    0.000544834
   17    0.713152    0.712367    0.000514989
   18      0.7114    0.712313    0.000489173
   19    0.712896    0.712344    0.000464387
   20    0.710288    0.712241    0.000452403
    1    0.703856    0.703856              0
    2    0.708752    0.706304       0.001731
    3    0.703968    0.705525     0.00131755
    4    0.703072    0.704912     0.00112187
    5    0.701856    0.704301     0.00105088
    6    0.703008    0.704085    0.000897552
    7    0.702128    0.703806    0.000811718
    8    0.702672    0.703664    0.000722518
    9    0.707232     0.70406    0.000743085
   10     0.70744    0.704398    0.000741656
   11    0.705312    0.704481    0.000678868
   12    0.709504      0.7049    0.000740158
   13    0.708256    0.705158    0.000726849
   14    0.705032    0.705149    0.000674987
   15    0.705568    0.705177    0.000630566
   16    0.707264    0.705308    0.000604495
   17    0.706296    0.705366    0.000571726
   18    0.709712    0.705607     0.00058875
   19    0.710032     0.70584    0.000602065
   20    0.708984    0.705997    0.000592129
    1    0.698368    0.698368              0
    2    0.699768    0.699068    0.000494975
    3    0.699496    0.699211     0.00034994
    4    0.702616    0.700062    0.000782598
    5    0.702728    0.700595     0.00078703
    6    0.702248    0.700871    0.000702413
    7    0.699552    0.700682    0.000626821
    8    0.704256    0.701129    0.000689512
    9    0.700152     0.70102    0.000621386
   10     0.70104    0.701022    0.000559251
   11    0.700352    0.700961     0.00051172
   12    0.699016    0.700799    0.000494091
   13     0.70072    0.700793    0.000456122
   14     0.69992    0.700731    0.000427785
   15    0.700512    0.700716    0.000399515
   16    0.698128    0.700555    0.000405976
   17    0.698528    0.700435    0.000399213
   18    0.700504    0.700439    0.000377053
   19    0.701456    0.700493    0.000360986
   20    0.699072    0.700422    0.000349856
    1    0.691648    0.691648              0
    2    0.697752      0.6947     0.00215809
    3    0.697232    0.695544     0.00159525
    4    0.693864    0.695124     0.00125051
    5    0.696544    0.695408     0.00103215
    6    0.691384    0.694737     0.00105577
    7    0.693056    0.694497    0.000931864
    8    0.691008    0.694061    0.000911751
    9    0.694952     0.69416    0.000815802
   10    0.691984    0.693942    0.000762691
   11     0.69396    0.693944    0.000693357
   12     0.69148    0.693739    0.000665287
   13     0.69524    0.693854    0.000624054
   14     0.69444    0.693896     0.00058088
   15    0.695032    0.693972    0.000547069
   16    0.698552    0.694258    0.000582984
   17    0.692168    0.694135    0.000561504
   18    0.694232     0.69414    0.000530335
   19    0.695544    0.694214    0.000507542
   20    0.699264    0.694467    0.000541335
    1    0.691096    0.691096              0
    2    0.690768    0.690932    0.000115966
    3    0.687376    0.689747    0.000970904
    4    0.687616    0.689214    0.000861999
    5     0.69132    0.689635    0.000785796
    6    0.687928    0.689351    0.000704463
    7    0.687168    0.689039    0.000669284
    8    0.693056    0.689541    0.000750722
    9    0.692504     0.68987    0.000735965
   10    0.687608    0.689644     0.00069627
   11    0.685576    0.689274    0.000724559
   12    0.689096    0.689259    0.000664332
   13    0.686112    0.689017    0.000655862
   14    0.687976    0.688943    0.000613217
   15    0.690808    0.689067    0.000584807
   16    0.687216    0.688952    0.000559584
   17    0.686576    0.688812    0.000543835
   18    0.690544    0.688908    0.000522067
   19     0.68704     0.68881    0.000503762
   20     0.68968    0.688853     0.00048045
    1      0.6854      0.6854              0
    2    0.683208    0.684304    0.000774989
    3    0.683856    0.684155    0.000530852
    4    0.681744    0.683552    0.000656445
    5    0.683432    0.683528    0.000525595
    6    0.680624    0.683044    0.000622136
    7    0.682512    0.682968    0.000537882
    8    0.685624      0.6833    0.000563874
    9    0.679528    0.682881    0.000638248
   10    0.682624    0.682855     0.00057494
   11    0.683248    0.682891     0.00052378
   12     0.68236    0.682847    0.000481997
   13     0.68428    0.682957    0.000457357
   14    0.679912    0.682739    0.000473588
   15     0.68828    0.683109    0.000568082
   16    0.681456    0.683006    0.000541887
   17    0.683808    0.683053    0.000512064
   18    0.684392    0.683127    0.000488991
   19     0.68708    0.683335     0.00050558
   20    0.684624      0.6834     0.00048439
    1    0.678608    0.678608              0
    2    0.676032     0.67732    0.000910754
    3    0.680496    0.678379     0.00105633
    4    0.678544     0.67842    0.000793057
    5     0.68124    0.678984    0.000810554
    6     0.67792    0.678807     0.00069459
    7    0.676144    0.678426     0.00069172
    8    0.681832    0.678852    0.000724508
    9    0.677904    0.678747    0.000651619
   10    0.676912    0.678563     0.00061174
   11    0.679712    0.678668    0.000564972
   12    0.677952    0.678608    0.000521029
   13     0.67872    0.678617    0.000481021
   14    0.678904    0.678637      0.0004471
   15     0.67656    0.678499    0.000438214
   16    0.681352    0.678677    0.000445637
   17    0.675608    0.678496    0.000454521
   18    0.679888    0.678574    0.000435795
   19    0.679352    0.678615    0.000414779
   20    0.678016    0.678585    0.000395119
    1    0.677336    0.677336              0
    2    0.676864      0.6771    0.000166877
    3     0.67276    0.675653     0.00118643
    4      0.6784     0.67634     0.00107024
    5       0.676    0.676272    0.000858349
    6    0.672272    0.675605    0.000939155
    7    0.671312    0.674992    0.000985112
    8    0.670856    0.674475     0.00098837
    9     0.67232    0.674236    0.000907092
   10    0.673472    0.674159     0.00081959
   11    0.670512    0.673828    0.000809375
   12     0.67304    0.673762    0.000744583
   13     0.67272    0.673682    0.000691609
   14    0.669984    0.673418    0.000690806
   15     0.67364    0.673433    0.000644912
   16    0.676032    0.673595    0.000624734
   17     0.67512    0.673685     0.00059439
   18    0.674288    0.673718    0.000562313
   19    0.672048     0.67363    0.000539545
   20     0.67276    0.673587     0.00051432
    1    0.661632    0.661632              0
    2    0.666096    0.663864     0.00157826
    3    0.667744    0.665157     0.00149071
    4     0.66596    0.665358     0.00113146
    5     0.66684    0.665654     0.00094319
    6    0.663416    0.665281    0.000856601
    7    0.662936    0.664946    0.000797065
    8    0.666832    0.665182    0.000731456
    9     0.66688    0.665371    0.000674076
   10     0.66704    0.665538    0.000626998
   11    0.670808    0.666017    0.000730473
   12    0.664472    0.665888    0.000680848
   13      0.6624     0.66562    0.000679289
   14    0.665112    0.665583    0.000631735
   15    0.667584    0.665717    0.000603534
   16    0.667176    0.665808    0.000572662
   17    0.668824    0.665985     0.00056579
   18     0.66836    0.666117    0.000549522
   19    0.668872    0.666262    0.000539387
   20    0.664928    0.666196    0.000516527
    1     0.66116     0.66116              0
    2     0.66104      0.6611    4.24264e-05
    3    0.661176    0.661125    3.50407e-05
    4    0.661024      0.6611    3.42345e-05
    5    0.663968    0.661674    0.000513774
    6    0.660008    0.661396     0.00049752
    7    0.659384    0.661109    0.000502662
    8     0.65748    0.660655    0.000611114
    9     0.66452    0.661084    0.000677504
   10    0.664592    0.661435    0.000694641
   11    0.662264    0.661511    0.000635565
   12    0.662256    0.661573    0.000585629
   13     0.66004    0.661455    0.000552321
   14      0.6636    0.661608    0.000533701
   15    0.659872    0.661492    0.000510516
   16    0.662184    0.661535    0.000480435
   17    0.658168    0.661337    0.000491317
   18     0.65944    0.661232    0.000475195
   19    0.658904    0.661109    0.000465714
   20     0.66384    0.661246    0.000462006
    1    0.654296    0.654296              0
    2    0.657056    0.655676    0.000975807
    3     0.65312    0.654824    0.000952437
    4    0.652792    0.654316    0.000838935
    5      0.6588    0.655213     0.00104587
    6    0.650032    0.654349     0.00117513
    7    0.657168    0.654752     0.00107403
    8     0.65368    0.654618    0.000948096
    9    0.654728     0.65463    0.000842831
   10     0.65792    0.654959    0.000820243
   11    0.658896    0.655317    0.000820045
   12    0.654296    0.655232    0.000756109
   13    0.657288     0.65539    0.000714296
   14    0.658312    0.655599    0.000693094
   15      0.6546    0.655532    0.000650079
   16    0.652016    0.655312    0.000645528
   17    0.660216    0.655601    0.000668901
   18     0.65668    0.655661     0.00063442
   19    0.659536    0.655865    0.000632965
   20    0.652192    0.655681    0.000627391
    1    0.646792    0.646792              0
    2    0.647016    0.646904     7.9196e-05
    3    0.653832    0.649213      0.0018863
    4     0.65272     0.65009     0.00160557
    5    0.653264    0.650725     0.00140435
    6    0.651264    0.650815     0.00117317
    7    0.654496    0.651341     0.00111725
    8    0.653144    0.651566     0.00100007
    9     0.65228    0.651645    0.000892096
   10    0.652128    0.651694    0.000804191
   11    0.651112    0.651641    0.000732818
   12    0.650992    0.651587    0.000673741
   13    0.649656    0.651438    0.000638074
   14    0.652128    0.651487    0.000594396
   15    0.652064    0.651526    0.000556011
   16    0.650616    0.651469    0.000524161
   17    0.649624     0.65136    0.000504438
   18      0.6512    0.651352    0.000476493
   19    0.650088    0.651285    0.000456031
   20    0.651096    0.651276    0.000433328
    1    0.644344    0.644344              0
    2    0.644992    0.644668    0.000229103
    3    0.649056    0.646131     0.00120399
    4    0.643688     0.64552     0.00104646
    5     0.64444    0.645304    0.000859172
    6    0.642832    0.644892    0.000808749
    7    0.647352    0.645243     0.00076577
    8     0.64604    0.645343    0.000676492
    9     0.64836    0.645678    0.000679324
   10    0.644368    0.645547    0.000623899
   11    0.645424    0.645536    0.000567281
   12    0.646096    0.645583    0.000521924
   13    0.647696    0.645745     0.00050646
   14    0.644584    0.645662    0.000477028
   15    0.646616    0.645726    0.000449444
   16      0.6472    0.645818    0.000430693
   17    0.644504    0.645741    0.000412236
   18    0.642424    0.645556     0.00042854
   19     0.64376    0.645462    0.000416285
   20    0.643936    0.645386    0.000402402
    1    0.637232    0.637232              0
    2    0.643544    0.640388     0.00223163
    3    0.643928    0.641568     0.00177248
    4    0.642952    0.641914     0.00136271
    5    0.646464    0.642824     0.00136049
    6     0.63976    0.642313     0.00122585
    7    0.638776    0.641808     0.00115018
    8      0.6412    0.641732     0.00100891
    9     0.63852    0.641375    0.000957855
   10    0.641784    0.641416    0.000862942
   11    0.637656    0.641074    0.000849498
   12     0.63448    0.640525     0.00093978
   13    0.640776    0.640544    0.000867688
   14    0.641648    0.640623    0.000809286
   15    0.639808    0.640569    0.000757154
   16    0.637752    0.640393    0.000730009
   17    0.639336     0.64033    0.000689707
   18    0.639032    0.640258    0.000655151
   19    0.641256    0.640311    0.000622771
   20    0.640376    0.640314    0.000591641
    1    0.633312    0.633312              0
    2    0.633864    0.633588    0.000195161
    3    0.636824    0.634667    0.000890286
    4    0.638312    0.635578      0.0010338
    5     0.63768    0.635998    0.000908505
    6    0.634384    0.635729    0.000795935
    7    0.637768    0.636021    0.000733581
    8    0.632936    0.635635    0.000736272
    9    0.634632    0.635524    0.000662844
   10    0.635096    0.635481    0.000597937
   11      0.6312    0.635092    0.000658148
   12    0.633296    0.634942     0.00062008
   13    0.637864    0.635167    0.000611764
   14     0.63556    0.635195    0.000568711
   15      0.6322    0.634995    0.000564757
   16    0.635512    0.635027    0.000530383
   17    0.632048    0.634852    0.000527347
   18    0.637656    0.635008    0.000520547
   19    0.636064    0.635064    0.000496108
   20     0.63592    0.635106    0.000473147
    1     0.63416     0.63416              0
    2    0.633008    0.633584    0.000407294
    3    0.634136    0.633768     0.00031032
    4    0.631104    0.633102    0.000621961
    5     0.62952    0.632386    0.000811269
    6    0.633648    0.632596    0.000702811
    7    0.629656    0.632176    0.000717006
    8    0.631032    0.632033    0.000641482
    9    0.628728    0.631666    0.000667086
   10    0.627368    0.631236    0.000725735
   11    0.627048    0.630855    0.000753032
   12    0.627536    0.630579    0.000739338
   13    0.629296     0.63048    0.000689018
   14    0.632384    0.630616    0.000653087
   15     0.63016    0.630586    0.000610255
   16    0.627528    0.630394    0.000601291
   17    0.631296    0.630448    0.000568255
   18    0.628064    0.630315    0.000551898
   19    0.629952    0.630296    0.000523181
   20    0.628512    0.630207    0.000504569
    1    0.626368    0.626368              0
    2     0.62468    0.625524    0.000596798
    3    0.625648    0.625565    0.000399294
    4    0.624352    0.625262     0.00039836
    5    0.627688    0.625747    0.000538421
    6    0.623456    0.625365    0.000568187
    7    0.625656    0.625407    0.000488532
    8     0.62656    0.625551    0.000448226
    9      0.6202    0.624956    0.000687721
   10    0.627816    0.625242    0.000675789
   11    0.623496    0.625084    0.000632728
   12    0.620696    0.624718    0.000677459
   13    0.627096    0.624901    0.000649573
   14    0.625328    0.624931    0.000603891
   15    0.624232    0.624885    0.000565429
   16    0.626776    0.625003    0.000542303
   17    0.625896    0.625056    0.000512941
   18    0.623944    0.624994    0.000488147
   19    0.624128    0.624948    0.000464577
   20     0.61832    0.624617    0.000546927
    1      0.6232      0.6232              0
    2    0.621768    0.622484    0.000506288
    3     0.62128    0.622083    0.000470428
    4    0.621928    0.622044    0.000354407
    5    0.622544    0.622144    0.000297299
    6    0.621512    0.622039    0.000265755
    7    0.621016    0.621893     0.00026492
    8    0.621216    0.621808    0.000244933
    9      0.6218    0.621807     0.00021772
   10    0.620128    0.621639    0.000252528
   11    0.619344    0.621431    0.000303779
   12    0.620272    0.621334    0.000293405
   13    0.619928    0.621226    0.000290085
   14    0.620224    0.621154    0.000278051
   15    0.623808    0.621331    0.000310741
   16    0.618056    0.621127    0.000352349
   17    0.619256    0.621016    0.000348379
   18    0.619712    0.620944    0.000336478
   19    0.617824     0.62078    0.000356594
   20    0.618368    0.620659    0.000358575
    1     0.61728     0.61728              0
    2    0.615376    0.616328    0.000673166
    3    0.614168    0.615608    0.000739595
    4      0.6146    0.615356    0.000596084
    5     0.61772    0.615829    0.000637365
    6    0.615448    0.615765    0.000534288
    7    0.612264    0.615265    0.000651289
    8     0.61664    0.615437    0.000592118
    9      0.6154    0.615433    0.000526341
   10    0.611608     0.61505    0.000596713
   11    0.610184    0.614608    0.000687165
   12    0.615912    0.614717    0.000638435
   13    0.613848     0.61465    0.000592811
   14    0.614976    0.614673    0.000550925
   15    0.615872    0.614753    0.000519962
   16    0.613616    0.614682    0.000492297
   17    0.614536    0.614673    0.000463413
   18     0.61376    0.614623    0.000440438
   19    0.615528     0.61467    0.000419826
   20    0.616064     0.61474    0.000404577
    1    0.609712    0.609712              0
    2    0.609496    0.609604    7.63675e-05
    3    0.607808    0.609005    0.000491453
    4    0.605712    0.608182    0.000802662
    5    0.609552    0.608456    0.000687308
    6    0.609216    0.608583    0.000584312
    7    0.610104      0.6088    0.000539746
    8    0.615024    0.609578    0.000867565
    9    0.609368    0.609555    0.000771483
   10    0.606208     0.60922     0.00076348
   11    0.610592    0.609345    0.000704187
   12    0.611728    0.609543     0.00067293
   13     0.60956    0.609545    0.000621167
   14    0.611912    0.609714    0.000599373
   15    0.611704    0.609846    0.000573913
   16    0.611136    0.609927    0.000543674
   17    0.610136    0.609939    0.000511832
   18    0.611432    0.610022    0.000490069
   19    0.612304    0.610142    0.000478765
   20    0.611856    0.610228     0.00046243
    1     0.60716     0.60716              0
    2    0.606536    0.606848    0.000220617
    3    0.601096    0.604931     0.00157239
    4    0.606824    0.605404      0.0012485
    5    0.606792    0.605682      0.0010292
    6    0.608104    0.606085    0.000933504
    7     0.60816    0.606382    0.000845888
    8      0.6066    0.606409    0.000740592
    9    0.604528      0.6062    0.000687162
   10     0.60788    0.606368    0.000638653
   11    0.605816    0.606318    0.000582561
   12    0.608184    0.606473    0.000554384
   13    0.602296    0.606152    0.000597653
   14     0.60592    0.606135    0.000555193
   15    0.605552    0.606097    0.000519541
   16    0.602016    0.605842    0.000546089
   17    0.606968    0.605908    0.000517971
   18    0.605616    0.605892    0.000489449
   19    0.603032    0.605741    0.000486277
   20    0.608584    0.605883    0.000482292
    1    0.602032    0.602032              0
    2    0.600192    0.601112    0.000650538
    3     0.60064    0.600955    0.000452318
    4    0.599384    0.600562    0.000480336
    5    0.600064    0.600462     0.00039446
    6      0.6002    0.600419    0.000331132
    7    0.604088    0.600943     0.00056221
    8    0.602016    0.601077    0.000507685
    9    0.603904    0.601391    0.000539771
   10    0.597368    0.600989     0.00061779
   11    0.600616    0.600955    0.000562556
   12    0.602816     0.60111    0.000536629
   13    0.600336     0.60105    0.000498642
   14     0.59916    0.600915    0.000480961
   15    0.600368    0.600879    0.000450279
   16    0.601664    0.600928    0.000424802
   17     0.60216       0.601    0.000405948
   18    0.598544    0.600864    0.000405686
   19    0.604024     0.60103    0.000417035
   20    0.597896    0.600874    0.000424609
    1    0.597544    0.597544              0
    2    0.597056      0.5973    0.000172534
    3     0.60116    0.598587     0.00105684
    4     0.59304      0.5972     0.00143889
    5      0.5948     0.59672     0.00122856
    6    0.601312    0.597485     0.00123947
    7    0.594848    0.597109      0.0011182
    8     0.59084    0.596325     0.00122252
    9    0.601416    0.596891      0.0012105
   10    0.598496    0.597051     0.00110004
   11     0.59816    0.597152     0.00100465
   12    0.595152    0.596985    0.000934648
   13    0.595824    0.596896     0.00086701
   14     0.59792    0.596969     0.00080816
   15      0.5914    0.596598    0.000835224
   16    0.594456    0.596464    0.000793678
   17    0.594552    0.596352    0.000754918
   18    0.592064    0.596113    0.000749615
   19    0.594096    0.596007    0.000717642
   20    0.592992    0.595856    0.000697415
    1    0.593984    0.593984              0
    2    0.590112    0.592048     0.00136896
    3    0.592504      0.5922    0.000921039
    4    0.592952    0.592388    0.000709707
    5      0.5964     0.59319    0.000915114
    6    0.589944    0.592649    0.000908577
    7    0.598536     0.59349     0.00110121
    8    0.590288     0.59309     0.00103376
    9    0.591408    0.592903    0.000935635
   10    0.591872      0.5928    0.000847734
   11    0.591456    0.592678    0.000779423
   12    0.591656    0.592593    0.000719107
   13    0.595616    0.592825    0.000700389
   14    0.592856    0.592827    0.000650364
   15    0.589056    0.592576    0.000653804
   16     0.59208    0.592545    0.000613675
   17    0.590984    0.592453    0.000584406
   18    0.592976    0.592482     0.00055266
   19    0.589464    0.592323    0.000545926
   20    0.592064     0.59231    0.000518784
    1    0.585768    0.585768              0
    2     0.58572    0.585744    1.69706e-05
    3     0.58856    0.586683    0.000766502
    4     0.58664    0.586672     0.00057495
    5    0.591512     0.58764    0.000980399
    6    0.590448    0.588108    0.000921959
    7     0.58644     0.58787    0.000820466
    8     0.58912    0.588026    0.000732641
    9    0.589056     0.58814    0.000660115
   10    0.587608    0.588087    0.000596247
   11    0.588984    0.588169    0.000547588
   12     0.58848    0.588195     0.00050257
   13    0.586504    0.588065    0.000480443
   14      0.5824     0.58766    0.000592493
   15    0.587896    0.587676    0.000553202
   16    0.589296    0.587777    0.000527814
   17    0.586496    0.587702    0.000502116
   18    0.586184    0.587617    0.000481248
   19    0.588664    0.587672    0.000459061
   20      0.5866    0.587619    0.000439229
    1    0.579944    0.579944              0
    2    0.585392    0.582668     0.00192616
    3    0.581288    0.582208     0.00133791
    4    0.582904    0.582382     0.00101468
    5    0.584496    0.582805     0.00089551
    6    0.582136    0.582693    0.000753164
    7    0.584064    0.582889     0.00067054
    8    0.581888    0.582764    0.000598286
    9    0.583544    0.582851     0.00053805
   10    0.582168    0.582782    0.000488557
   11    0.582856    0.582789    0.000444188
   12    0.581024    0.582642    0.000430839
   13    0.582584    0.582638    0.000397721
   14    0.584296    0.582756    0.000386552
   15    0.583288    0.582791    0.000362405
   16    0.577224    0.582443    0.000478484
   17    0.579544    0.582273    0.000479774
   18    0.584288    0.582385    0.000465997
   19    0.582248    0.582378    0.000441527
   20    0.579008    0.582209    0.000450451
    1    0.577392    0.577392              0
    2    0.579464    0.578428    0.000732563
    3    0.580392    0.579083    0.000724041
    4      0.5778    0.578762     0.00060992
    5     0.58112    0.579234    0.000644986
    6    0.581744    0.579652    0.000659375
    7    0.581504    0.579917    0.000615975
    8    0.575688    0.579388    0.000731411
    9    0.578632    0.579304    0.000654949
   10    0.578968     0.57927    0.000590315
   11    0.576288    0.578999    0.000595668
   12     0.57892    0.578993    0.000546066
   13     0.57836    0.578944    0.000506225
   14    0.577784    0.578861    0.000476799
   15    0.579584    0.578909    0.000447441
   16    0.578464    0.578882     0.00042034
   17    0.582464    0.579092    0.000445318
   18    0.581184    0.579208    0.000435477
   19    0.576704    0.579077    0.000432046
   20    0.581464    0.579196    0.000426615
    1    0.575096    0.575096              0
    2      0.5724    0.573748     0.00095318
    3    0.574856    0.574117    0.000703377
    4    0.577176    0.574882    0.000846656
    5    0.571128    0.574131    0.000953798
    6      0.5772    0.574643    0.000921822
    7    0.575912    0.574824    0.000807771
    8     0.57388    0.574706    0.000715367
    9    0.574616    0.574696    0.000635951
   10    0.575144    0.574741    0.000573932
   11    0.574768    0.574743    0.000521762
   12    0.575744    0.574827      0.0004849
   13    0.574904    0.574833    0.000447637
   14    0.570856    0.574549    0.000497688
   15    0.574952    0.574575    0.000465235
   16      0.5728    0.574464    0.000449197
   17    0.572064    0.574323    0.000444414
   18    0.572944    0.574247    0.000426279
   19     0.57004    0.574025    0.000457743
   20    0.574008    0.574024    0.000434857
    1    0.569256    0.569256              0
    2    0.566664     0.56796     0.00091641
    3     0.56672    0.567547    0.000697957
    4    0.569816    0.568114    0.000717927
    5    0.570808    0.568653    0.000749742
    6    0.571344    0.569101    0.000746999
    7     0.56812    0.568961    0.000653307
    8    0.568064    0.568849    0.000581189
    9    0.569584    0.568931    0.000522319
   10     0.57364    0.569402    0.000648523
   11    0.567064    0.569189    0.000623413
   12    0.568728    0.569151    0.000572644
   13    0.569456    0.569174    0.000529076
   14    0.572744    0.569429    0.000549305
   15    0.572184    0.569613    0.000542519
   16    0.568224    0.569526    0.000515509
   17    0.570488    0.569583    0.000488281
   18     0.56964    0.569586    0.000461164
   19    0.568464    0.569527    0.000440656
   20    0.570152    0.569558    0.000419731
    1    0.563264    0.563264              0
    2    0.564272    0.563768    0.000356382
    3    0.564496    0.564011    0.000309364
    4    0.563672    0.563926    0.000243333
    5    0.563056    0.563752     0.00024923
    6     0.56584      0.5641    0.000379547
    7     0.56792    0.564646    0.000600914
    8    0.562712    0.564404    0.000572353
    9    0.567624    0.564762    0.000610424
   10    0.565152    0.564801    0.000550627
   11    0.566928    0.564994    0.000533449
   12    0.564176    0.564926    0.000493333
   13    0.566704    0.565063    0.000473963
   14    0.565408    0.565087     0.00044075
   15    0.564256    0.565032    0.000414837
   16    0.563256    0.564921    0.000403487
   17    0.562488    0.564778    0.000404339
   18    0.564296    0.564751    0.000382761
   19    0.564056    0.564715     0.00036436
   20    0.564208    0.564689    0.000347021
    1       0.562       0.562              0
    2     0.56168     0.56184    0.000113137
    3    0.569488    0.564389     0.00208289
    4    0.561352     0.56363     0.00169493
    5     0.56344    0.563592     0.00135637
    6    0.560192    0.563025     0.00124306
    7    0.562272    0.562918     0.00107013
    8     0.56396    0.563048    0.000944259
    9     0.56064     0.56278    0.000876428
   10      0.5634    0.562842    0.000790972
   11    0.560912    0.562667    0.000738277
   12     0.56144    0.562565    0.000683797
   13    0.557248    0.562156    0.000743508
   14     0.56152     0.56211    0.000691785
   15    0.560232    0.561985    0.000656901
   16       0.559    0.561798    0.000641792
   17     0.56048    0.561721    0.000608708
   18    0.561712     0.56172    0.000574891
   19     0.55676    0.561459    0.000600998
   20    0.561024    0.561438    0.000571342
    1    0.556656    0.556656              0
    2    0.558984     0.55782    0.000823072
    3    0.553856    0.556499     0.00121039
    4    0.557872    0.556842    0.000955244
    5    0.557856    0.557045    0.000785428
    6    0.555672    0.556816    0.000687041
    7     0.55744    0.556905    0.000594647
    8    0.557176    0.556939    0.000521279
    9    0.556264    0.556864    0.000468724
   10    0.557376    0.556915    0.000424638
   11    0.558704    0.557078    0.000416009
   12    0.557976    0.557153    0.000388017
   13     0.55828    0.557239    0.000367732
   14    0.556768    0.557206    0.000343003
   15    0.557872     0.55725       0.000323
   16    0.553592    0.557021    0.000375102
   17    0.552984    0.556784    0.000421572
   18    0.558112    0.556858    0.000404556
   19    0.555192     0.55677    0.000392649
   20    0.561072    0.556985    0.000427894
    1    0.553152    0.553152              0
    2    0.551272    0.552212     0.00066468
    3    0.555928    0.553451     0.00110418
    4    0.555248      0.5539    0.000915006
    5    0.553184    0.553757    0.000743126
    6    0.552048    0.553472    0.000671632
    7    0.551176    0.553144    0.000650867
    8     0.55296    0.553121    0.000569915
    9    0.552376    0.553038    0.000512567
   10    0.550296    0.552764    0.000529609
   11    0.550576    0.552565    0.000517469
   12     0.55264    0.552571    0.000474384
   13    0.550016    0.552375    0.000476881
   14    0.550968    0.552274    0.000453281
   15    0.548888    0.552049    0.000475971
   16     0.55244    0.552073    0.000446851
   17    0.549656    0.551931    0.000442607
   18     0.55348    0.552017    0.000426303
   19    0.549032     0.55186    0.000431844
   20    0.554048    0.551969    0.000423885
    1     0.54876     0.54876              0
    2    0.547216    0.547988    0.000545886
    3    0.550944    0.548973    0.000883004
    4    0.550504    0.549356    0.000740543
    5     0.54848    0.549181    0.000612809
    6    0.546216    0.548687    0.000681367
    7     0.54736    0.548497    0.000609818
    8    0.546536    0.548252    0.000580777
    9    0.549008    0.548336    0.000522286
   10     0.54492    0.547994    0.000570942
   11     0.54744    0.547944    0.000521258
   12    0.550512    0.548158    0.000519896
   13    0.551112    0.548385    0.000527228
   14     0.54852    0.548395    0.000489657
   15    0.550408    0.548529     0.00047505
   16    0.547792    0.548483    0.000447587
   17    0.550336    0.548592    0.000434328
   18    0.550104    0.548676    0.000418243
   19    0.551144    0.548806    0.000415912
   20    0.551304    0.548931    0.000413447
    1    0.543672    0.543672              0
    2     0.54252    0.543096    0.000407294
    3    0.543624    0.543272    0.000307211
    4     0.54624    0.544014     0.00068265
    5    0.544896     0.54419    0.000568455
    6    0.544728     0.54428    0.000480722
    7    0.545544    0.544461    0.000444669
    8    0.544824    0.544506    0.000391399
    9    0.545624     0.54463    0.000367094
   10    0.545568    0.544724    0.000342154
   11     0.54552    0.544796    0.000318609
   12    0.545664    0.544869     0.00030015
   13    0.543544    0.544767     0.00029385
   14    0.545112    0.544791    0.000273893
   15    0.545488    0.544838     0.00025954
   16     0.54516    0.544858    0.000244099
   17    0.547088    0.544989    0.000262632
   18    0.547792    0.545145    0.000290558
   19    0.541544    0.544955    0.000331359
   20    0.549816    0.545198     0.00039396
    1     0.54152     0.54152              0
    2    0.542048    0.541784    0.000186676
    3    0.541752    0.541773    0.000124755
    4    0.541624    0.541736    9.89949e-05
    5    0.540472    0.541483    0.000239579
    6    0.540296    0.541285    0.000269232
    7    0.540792    0.541215    0.000239817
    8    0.539696    0.541025    0.000274905
    9    0.538464     0.54074    0.000362887
   10     0.54196    0.540862    0.000346486
   11    0.541144    0.540888    0.000315931
   12      0.5398    0.540797    0.000302334
   13    0.539288    0.540681    0.000300544
   14    0.544296    0.540939    0.000373883
   15    0.540216    0.540891    0.000352054
   16    0.541456    0.540926    0.000331816
   17     0.54048      0.5409    0.000313335
   18    0.540936    0.540902    0.000295934
   19    0.543552    0.541042    0.000311491
   20    0.543184    0.541149    0.000313794
    1    0.539216    0.539216              0
    2    0.534952    0.537084     0.00150755
    3    0.536752    0.536973     0.00100909
    4    0.538848    0.537442    0.000858782
    5    0.536128    0.537179    0.000726124
    6       0.535    0.536816    0.000689984
    7    0.538024    0.536989    0.000612616
    8    0.537528    0.537056    0.000539737
    9    0.540728    0.537464    0.000614934
   10    0.538672    0.537585    0.000565181
   11    0.538856      0.5377    0.000525483
   12    0.537368    0.537673    0.000482422
   13    0.537648    0.537671    0.000445316
   14    0.534208    0.537423     0.00047728
   15    0.537592    0.537435    0.000445594
   16    0.535552    0.537317    0.000433002
   17    0.536792    0.537286    0.000408631
   18     0.53368    0.537086    0.000432259
   19    0.532272    0.536832    0.000478025
   20    0.535096    0.536746    0.000461941
    1    0.532248    0.532248              0
    2     0.53276    0.532504    0.000181019
    3    0.532704    0.532571    0.000132388
    4    0.533136    0.532712    0.000157607
    5    0.532544    0.532678    0.000129618
    6    0.537664    0.533509    0.000766187
    7    0.531624     0.53324    0.000702477
    8    0.533608    0.533286    0.000616172
    9    0.534232    0.533391    0.000556601
   10       0.533    0.533352    0.000502313
   11    0.531728    0.533204    0.000477852
   12    0.535208    0.533371    0.000466291
   13    0.530272    0.533133    0.000487576
   14     0.53324    0.533141    0.000452809
   15    0.532624    0.533106     0.00042393
   16    0.532432    0.533064    0.000399522
   17     0.53308    0.533065    0.000376022
   18    0.533768    0.533104    0.000357155
   19    0.532696    0.533083    0.000339002
   20     0.53368    0.533112    0.000323366
    1    0.528624    0.528624              0
    2    0.526664    0.527644    0.000692965
    3    0.530432    0.528573    0.000888367
    4    0.533024    0.529686     0.00117151
    5    0.532072    0.530163     0.00102982
    6     0.53028    0.530183    0.000858371
    7     0.53188    0.530425    0.000769233
    8    0.530304     0.53041    0.000673228
    9    0.526808     0.53001    0.000707455
   10    0.529032    0.529912    0.000643431
   11    0.530296    0.529947    0.000585883
   12    0.530104     0.52996    0.000537206
   13    0.529312     0.52991     0.00049819
   14    0.529024    0.529847    0.000466608
   15    0.532128    0.529999    0.000459616
   16    0.528744     0.52992    0.000437531
   17    0.529448    0.529893    0.000412676
   18    0.531544    0.529984    0.000399816
   19    0.525672    0.529757     0.00043849
   20     0.52912    0.529726    0.000417722
    1    0.527448    0.527448              0
    2    0.526424    0.526936    0.000362039
    3    0.525952    0.526608    0.000360523
    4     0.52636    0.526546    0.000275672
    5    0.525384    0.526314    0.000303059
    6    0.525168    0.526123    0.000306856
    7    0.523944    0.525811    0.000390141
    8    0.526208    0.525861    0.000344508
    9    0.527104    0.525999    0.000332764
   10    0.524552    0.525854    0.000329454
   11    0.526648    0.525927    0.000307301
   12    0.524936    0.525844    0.000292569
   13    0.526896    0.525925    0.000281033
   14    0.525696    0.525909    0.000261434
   15    0.526608    0.525955    0.000248129
   16    0.525272    0.525913    0.000236266
   17      0.5222    0.525694    0.000307137
   18    0.527336    0.525785    0.000303316
   19    0.524296    0.525707    0.000297309
   20    0.525096    0.525676    0.000284008
    1    0.519248    0.519248              0
    2     0.52364    0.521444     0.00155281
    3    0.522208    0.521699     0.00105588
    4    0.529104     0.52355     0.00178821
    5    0.521848     0.52321     0.00146261
    6    0.521728    0.522963     0.00123951
    7    0.519984    0.522537     0.00113313
    8    0.520448    0.522276     0.00102113
    9     0.52056    0.522085    0.000925305
   10     0.51912    0.521789    0.000879006
   11     0.52276    0.521877    0.000803518
   12    0.523336    0.521999    0.000745699
   13    0.522992    0.522075    0.000692242
   14    0.521936    0.522065    0.000642867
   15     0.51556    0.521631    0.000731811
   16    0.522192    0.521666    0.000686911
   17    0.522744     0.52173    0.000649422
   18     0.52336     0.52182    0.000619625
   19    0.520608    0.521757     0.00059029
   20    0.519272    0.521632      0.0005737
    1    0.519504    0.519504              0
    2    0.520416     0.51996    0.000322441
    3    0.518952    0.519624    0.000348528
    4    0.518568     0.51936    0.000347275
    5    0.517888    0.519066    0.000382781
    6      0.5192    0.519088    0.000319639
    7    0.521168    0.519385    0.000388257
    8    0.514608    0.518788    0.000653774
    9    0.517832    0.518682    0.000589698
   10    0.519256    0.518739    0.000533517
   11    0.514744    0.518376    0.000595955
   12     0.52264    0.518731    0.000643564
   13    0.519392    0.518782    0.000596062
   14    0.516336    0.518607    0.000578529
   15    0.519736    0.518683    0.000544831
   16    0.515464    0.518482    0.000546657
   17    0.518576    0.518487    0.000514529
   18    0.516144    0.518357     0.00050214
   19    0.521128    0.518503    0.000496441
   20    0.519896    0.518572    0.000476481
    1    0.510904    0.510904              0
    2    0.514504    0.512704     0.00127279
    3    0.516456    0.513955      0.0013277
    4    0.511736      0.5134     0.00110558
    5    0.513256    0.513371    0.000884838
    6     0.51704    0.513983    0.000924815
    7       0.518    0.514557    0.000954299
    8    0.512536    0.514304    0.000867791
    9    0.511952    0.514043    0.000809765
   10    0.511248    0.513763    0.000775515
   11    0.513928    0.513778    0.000705158
   12    0.513848    0.513784    0.000646419
   13    0.514088    0.513807    0.000597117
   14    0.515248     0.51391    0.000563263
   15    0.513576    0.513888    0.000526153
   16    0.516008     0.51402    0.000509679
   17    0.515968    0.514135    0.000492404
   18    0.517816     0.51434    0.000505733
   19    0.515392    0.514395    0.000482139
   20    0.516016    0.514476    0.000464795
    1    0.512424    0.512424              0
    2    0.509576       0.511     0.00100692
    3     0.51056    0.510853    0.000681878
    4      0.5116     0.51104    0.000536351
    5    0.510216    0.510875    0.000453693
    6     0.51096    0.510889    0.000378298
    7     0.51288    0.511174    0.000417685
    8    0.508792    0.510876    0.000459484
    9    0.510208    0.510802    0.000414382
   10    0.508064    0.510528    0.000454473
   11    0.509048    0.510393    0.000432615
   12    0.507824    0.510179    0.000446419
   13      0.5102    0.510181    0.000412082
   14    0.513256    0.510401    0.000437285
   15    0.508488    0.510273    0.000426317
   16    0.513136    0.510452    0.000435608
   17    0.513368    0.510624    0.000442468
   18      0.5104    0.510611    0.000418061
   19    0.511248    0.510645    0.000397399
   20    0.514064    0.510816    0.000412671
    1    0.506016    0.506016              0
    2    0.508552    0.507284    0.000896611
    3    0.505736    0.506768    0.000731299
    4    0.505272    0.506394     0.00063697
    5    0.510136    0.507142    0.000841279
    6    0.504824    0.506756    0.000784802
    7     0.51004    0.507225    0.000800725
    8     0.50916    0.507467    0.000736255
    9    0.505016    0.507195    0.000703014
   10    0.505776    0.507053    0.000646868
   11     0.50952    0.507277     0.00062574
   12      0.5046    0.507054    0.000612073
   13    0.507992    0.507126    0.000569227
   14    0.508304     0.50721    0.000534749
   15     0.50872    0.507311    0.000508483
   16    0.503848    0.507095    0.000520731
   17    0.507464    0.507116    0.000490553
   18    0.507632    0.507145    0.000464137
   19    0.506232    0.507097    0.000442188
   20    0.509264    0.507205    0.000433152
    1    0.500936    0.500936              0
    2    0.508008    0.504472     0.00250033
    3    0.506488    0.505144     0.00175487
    4    0.507088     0.50563     0.00138181
    5    0.500384    0.504581     0.00145006
    6     0.50464    0.504591     0.00120842
    7    0.501944    0.504213     0.00109334
    8    0.502288    0.503972    0.000982781
    9    0.500576    0.503595    0.000943243
   10    0.505416    0.503777    0.000866325
   11    0.502184    0.503632    0.000799577
   12    0.502128    0.503507    0.000742704
   13       0.501    0.503314    0.000710162
   14    0.503288    0.503312    0.000659438
   15    0.505872    0.503483    0.000637178
   16     0.50264     0.50343    0.000599527
   17    0.502176    0.503356    0.000568781
   18    0.503224    0.503349    0.000537229
   19    0.503648    0.503365    0.000509185
   20    0.502192    0.503306    0.000487089
    1     0.50148     0.50148              0
    2    0.495512    0.498496     0.00211001
    3     0.50136    0.499451      0.0016082
    4    0.505584    0.500984     0.00179392
    5    0.501544    0.501096     0.00143863
    6    0.497976    0.500576     0.00128941
    7     0.49944    0.500414     0.00111538
    8    0.501872    0.500596    0.000990738
    9      0.5008    0.500619    0.000880915
   10    0.503344    0.500891    0.000833916
   11    0.501872     0.50098    0.000762858
   12     0.50212    0.501075    0.000705173
   13    0.498232    0.500857    0.000684007
   14    0.497552    0.500621     0.00067465
   15     0.49844    0.500475    0.000645145
   16    0.497552    0.500293    0.000630162
   17    0.502032    0.500395    0.000601344
   18    0.502632    0.500519    0.000580638
   19    0.504096    0.500707    0.000579794
   20    0.498552      0.5006    0.000560731
    1    0.497512    0.497512              0
    2     0.49836    0.497936    0.000299813
    3     0.49744    0.497771    0.000241192
    4    0.500072    0.498346    0.000530075
    5    0.499976    0.498672    0.000514633
    6    0.499144    0.498751    0.000434832
    7    0.496472    0.498425    0.000479315
    8    0.497848    0.498353    0.000424795
    9    0.499896    0.498524    0.000410738
   10    0.495904    0.498262     0.00044548
   11    0.499816    0.498404    0.000426784
   12    0.498568    0.498417    0.000391438
   13    0.495728     0.49821    0.000412385
   14    0.500656    0.498385    0.000418293
   15    0.500952    0.498556    0.000423967
   16      0.4932    0.498221     0.00051288
   17    0.496544    0.498123    0.000492112
   18    0.493784    0.497882     0.00052047
   19    0.500104    0.497999    0.000506047
   20    0.494128    0.497805    0.000516429
    1    0.492656    0.492656              0
    2    0.493576    0.493116    0.000325269
    3     0.49724    0.494491     0.00114317
    4    0.493952    0.494356     0.00086527
    5    0.489088    0.493302     0.00116928
    6    0.494192    0.493451    0.000983757
    7    0.488344    0.492721     0.00108037
    8    0.495368    0.493052    0.000994695
    9    0.492896    0.493035    0.000884324
   10    0.494896    0.493221    0.000815245
   11    0.492376    0.493144    0.000744741
   12    0.492928    0.493126    0.000682897
   13    0.493432     0.49315    0.000630772
   14    0.493208    0.493154     0.00058573
   15    0.497064    0.493414    0.000601903
   16    0.493064    0.493393    0.000564682
   17      0.4948    0.493475    0.000537501
   18    0.494472    0.493531    0.000510484
   19    0.494296    0.493571    0.000485203
   20    0.494424    0.493614    0.000462814
    1    0.493184    0.493184              0
    2    0.489632    0.491408     0.00125582
    3    0.487928    0.490248     0.00126412
    4    0.491424    0.490542    0.000981682
    5    0.494256    0.491285     0.00102867
    6      0.4894    0.490971    0.000903921
    7    0.490832    0.490951    0.000775006
    8    0.489872    0.490816    0.000689764
    9    0.489176    0.490634    0.000636738
   10    0.490984    0.490669    0.000574027
   11    0.491496    0.490744    0.000526745
   12     0.49072    0.490742    0.000482854
   13    0.493784    0.490976    0.000499202
   14    0.487496    0.490727    0.000521774
   15    0.489232    0.490628    0.000496422
   16    0.493248    0.490792    0.000491667
   17    0.487992    0.490627    0.000489547
   18    0.495048    0.490872    0.000520332
   19    0.491136    0.490886    0.000493131
   20    0.487344    0.490709    0.000499269
    1    0.486736    0.486736              0
    2    0.487152    0.486944    0.000147078
    3    0.487064    0.486984    0.000103348
    4    0.487968     0.48723    0.000226705
    5    0.491496    0.488083    0.000784381
    6    0.484896    0.487552    0.000813882
    7    0.486904    0.487459    0.000702858
    8    0.487432    0.487456    0.000615009
    9    0.488784    0.487604    0.000564098
   10    0.492312    0.488074    0.000676219
   11    0.487624    0.488033    0.000615983
   12    0.487528    0.487991    0.000566089
   13    0.487416    0.487947    0.000524271
   14    0.487784    0.487935    0.000486953
   15    0.484792    0.487726    0.000497543
   16    0.485808    0.487606    0.000480669
   17     0.48892    0.487683    0.000458566
   18    0.485392    0.487556    0.000450412
   19    0.487112    0.487533    0.000427312
   20    0.485152    0.487414      0.0004222
    1    0.481752    0.481752              0
    2     0.48464    0.483196     0.00102106
    3    0.480264    0.482219     0.00104888
    4    0.483376    0.482508    0.000825603
    5    0.484304    0.482867    0.000734477
    6    0.483472    0.482968    0.000618942
    7    0.481616    0.482775    0.000559847
    8     0.48544    0.483108    0.000580586
    9    0.483256    0.483124    0.000516309
   10     0.48304    0.483116    0.000464747
   11    0.484616    0.483252    0.000442051
   12    0.484616    0.483366    0.000419565
   13    0.482312    0.483285    0.000395047
   14    0.480648    0.483097    0.000409275
   15    0.483904     0.48315    0.000385513
   16    0.481176    0.483027    0.000380657
   17      0.4856    0.483178    0.000387187
   18     0.48396    0.483222    0.000368104
   19    0.482312    0.483174    0.000351831
   20    0.480992    0.483065    0.000350745
    1    0.481184    0.481184              0
    2    0.482504    0.481844     0.00046669
    3    0.481192    0.481627    0.000358175
    4    0.480816    0.481424    0.000320886
    5    0.481032    0.481346    0.000266114
    6      0.4824    0.481521    0.000273703
    7    0.478144    0.481039    0.000504546
    8    0.477672    0.480618     0.00059151
    9    0.479296    0.480471    0.000543719
   10    0.481512    0.480575    0.000499211
   11     0.48388    0.480876    0.000536671
   12    0.481464    0.480925    0.000494183
   13    0.480224    0.480871    0.000459099
   14    0.480904    0.480873    0.000426312
   15    0.482424    0.480977    0.000410237
   16    0.483448    0.481131    0.000412655
   17    0.484328    0.481319    0.000429098
   18    0.478888    0.481184    0.000425985
   19    0.481208    0.481185    0.000403566
   20    0.480864    0.481169    0.000383708
    1    0.478328    0.478328              0
    2     0.47888    0.478604    0.000195161
    3    0.474928    0.477379      0.0010089
    4    0.474416    0.476638    0.000991969
    5     0.47644    0.476598    0.000794365
    6    0.475088    0.476347    0.000700724
    7    0.477792    0.476553    0.000630307
    8    0.482056    0.477241    0.000847453
    9    0.481016     0.47766    0.000850784
   10     0.47936     0.47783    0.000782497
   11    0.475912    0.477656    0.000730537
   12    0.476992    0.477601    0.000671752
   13    0.475872    0.477468    0.000633103
   14    0.482688    0.477841    0.000688993
   15    0.482352    0.478141    0.000705659
   16    0.478024    0.478134    0.000661593
   17    0.477864    0.478118    0.000622866
   18    0.477088    0.478061    0.000590886
   19    0.478328    0.478075    0.000559954
   20    0.477392    0.478041    0.000532996
    1    0.475672    0.475672              0
    2    0.475952    0.475812    9.89949e-05
    3     0.47308    0.474901    0.000746479
    4    0.473976     0.47467    0.000594625
    5    0.477584    0.475253    0.000705702
    6    0.473888    0.475025    0.000623668
    7    0.475424    0.475082    0.000537166
    8    0.474752    0.475041    0.000471605
    9    0.474376    0.474967    0.000424953
   10      0.4734     0.47481    0.000410337
   11     0.47192    0.474548    0.000449357
   12    0.472304    0.474361    0.000449127
   13    0.472808    0.474241    0.000430166
   14    0.474016    0.474225    0.000399741
   15    0.473864    0.474201    0.000373816
   16    0.473696    0.474169    0.000351783
   17    0.475496    0.474248    0.000339633
   18    0.473208     0.47419    0.000325638
   19    0.473728    0.474165    0.000309405
   20    0.472136    0.474064    0.000310128
    1    0.471928    0.471928              0
    2    0.471752     0.47184    6.22254e-05
    3    0.469072    0.470917    0.000754495
    4    0.469592    0.470586    0.000634466
    5    0.471592    0.470787    0.000538531
    6    0.473144     0.47118    0.000574435
    7    0.469024    0.470872    0.000568984
    8    0.469392    0.470687     0.00052708
    9    0.473216    0.470968    0.000538232
   10     0.46892    0.470763     0.00052192
   11    0.468056    0.470517    0.000529328
   12    0.470768    0.470538     0.00048563
   13    0.470336    0.470522    0.000448522
   14     0.46816    0.470354    0.000447103
   15    0.472488    0.470496    0.000439354
   16    0.471328    0.470548     0.00041496
   17    0.470768    0.470561    0.000390753
   18    0.470808    0.470575    0.000369285
   19    0.471912    0.470645    0.000356494
   20     0.47032    0.470629    0.000339039
    1    0.470328    0.470328              0
    2    0.468216    0.469272    0.000746705
    3    0.468792    0.469112     0.00051466
    4    0.468088    0.468856    0.000445134
    5    0.465536    0.468192     0.00069248
    6    0.470776    0.468623     0.00069826
    7    0.466496    0.468319    0.000661307
    8    0.470072    0.468538    0.000613881
    9    0.467056    0.468373    0.000567327
   10    0.470008    0.468537    0.000533625
   11     0.46788    0.468477    0.000488443
   12    0.468616    0.468489    0.000447876
   13    0.473112    0.468844     0.00053635
   14    0.466904    0.468706    0.000515635
   15     0.46904    0.468728     0.00048174
   16    0.468904    0.468739    0.000451757
   17     0.46384    0.468451    0.000508863
   18    0.469232    0.468494     0.00048244
   19      0.4672    0.468426    0.000461832
   20    0.467168    0.468363    0.000443004
    1       0.463       0.463              0
    2    0.466008    0.464504     0.00106349
    3    0.463984    0.464331     0.00072298
    4    0.467928     0.46523    0.000949009
    5    0.466936    0.465571    0.000818248
    6    0.467632    0.465915    0.000750506
    7    0.467048    0.466077    0.000660524
    8    0.463296    0.465729     0.00066313
    9    0.470688     0.46628    0.000785695
   10    0.467192    0.466371    0.000712399
   11     0.46776    0.466497    0.000658728
   12    0.466056    0.466461    0.000604861
   13    0.463952    0.466268    0.000588311
   14    0.465392    0.466205    0.000549604
   15    0.463712    0.466039    0.000537509
   16    0.464296     0.46593    0.000514835
   17    0.466904    0.465987    0.000487728
   18    0.462968     0.46582    0.000488625
   19    0.463336    0.465689    0.000480074
   20    0.464256    0.465617    0.000461385
    1    0.460056    0.460056              0
    2    0.462904     0.46148     0.00100692
    3     0.46464    0.462533       0.001091
    4     0.46064     0.46206     0.00091519
    5    0.461136    0.461875    0.000750578
    6    0.462896    0.462045    0.000644475
    7    0.462688    0.462137    0.000558908
    8    0.462384    0.462168    0.000489896
    9     0.45944    0.461865    0.000520861
   10     0.46072     0.46175    0.000481193
   11    0.461848    0.461759     0.00043753
   12       0.463    0.461863    0.000413105
   13    0.465624    0.462152    0.000471895
   14    0.462704    0.462191    0.000439833
   15    0.462728    0.462227    0.000411962
   16    0.465248    0.462416    0.000427293
   17    0.459672    0.462255     0.00043157
   18     0.46268    0.462278     0.00040824
   19     0.46564    0.462455    0.000423364
   20     0.46356     0.46251    0.000405784
