  0.5     0.76192    0.000565639
0.515    0.749456    0.000486953
 0.53    0.736449    0.000553621
0.545    0.724842    0.000591656
 0.56    0.712574    0.000537457
0.575    0.700968    0.000438143
 0.59    0.689957    0.000503213
0.605    0.679074    0.000376935
 0.62    0.668095    0.000469577
0.635    0.656928    0.000380949
 0.65    0.646438    0.000413943
0.665    0.636465    0.000350194
 0.68     0.62625    0.000358846
0.695    0.615873    0.000447038
 0.71      0.6068    0.000436205
0.725    0.597549    0.000401476
 0.74    0.588489    0.000476938
0.755    0.580078    0.000374722
 0.77    0.571108    0.000403275
0.785    0.562806    0.000397045
  0.8    0.554303    0.000463505
0.815    0.546147    0.000491431
 0.83    0.538109    0.000478432
0.845    0.530479     0.00043822
 0.86    0.523644    0.000439103
0.875    0.516093     0.00038648
 0.89     0.50898    0.000439244
0.905     0.50226    0.000462557
 0.92    0.495616    0.000448702
0.935    0.488987    0.000409562
 0.95    0.482526    0.000407372
0.965      0.4764    0.000401875
 0.98    0.470119    0.000377339
0.995    0.464112    0.000434982
 1.01     0.45823    0.000412979
1.025    0.452543    0.000435128
 1.04    0.447249     0.00045847
1.055    0.441463    0.000396212
 1.07    0.436063    0.000403889
1.085    0.431063    0.000422943
  1.1    0.425859    0.000482219
1.115    0.420588    0.000442631
 1.13    0.415965    0.000422551
1.145     0.41088    0.000442587
 1.16    0.406187     0.00045066
1.175    0.401914    0.000420522
 1.19    0.397473    0.000384725
1.205    0.392949    0.000334083
 1.22    0.388859    0.000391874
1.235    0.384526     0.00037447
 1.25     0.38018    0.000397925
1.265    0.376116    0.000405528
 1.28    0.372364    0.000356883
1.295    0.368212    0.000383488
 1.31    0.364425    0.000388337
1.325    0.360404    0.000398389
 1.34    0.357268    0.000466121
1.355    0.353252     0.00047943
 1.37    0.349688    0.000466944
1.385    0.346265    0.000481985
  1.4    0.342987    0.000442963
1.415    0.339854    0.000460958
 1.43    0.336501    0.000411216
1.445    0.333216     0.00041558
 1.46     0.32998    0.000391814
1.475    0.326654    0.000355919
 1.49    0.323471    0.000343071
1.505    0.320736    0.000356759
 1.52    0.318036    0.000372416
1.535    0.315051    0.000399731
 1.55    0.312069    0.000397714
1.565    0.309495    0.000424328
 1.58    0.306513    0.000373853
1.595    0.303752    0.000380753
 1.61    0.301147    0.000356735
1.625    0.298191     0.00039014
 1.64    0.296022    0.000367479
1.655    0.293348    0.000369196
 1.67    0.290709    0.000449238
1.685    0.288492    0.000363659
  1.7    0.286073     0.00038267
1.715    0.283457    0.000331187
 1.73     0.28114    0.000331846
1.745     0.27892      0.0003548
 1.76    0.276839    0.000357147
1.775    0.274826     0.00036729
 1.79    0.272509    0.000316783
1.805    0.270298    0.000348693
 1.82    0.268292    0.000327853
1.835    0.265995    0.000341248
 1.85    0.263738    0.000307751
1.865    0.261656    0.000313157
 1.88    0.259773    0.000335933
1.895    0.257746    0.000305777
 1.91     0.25548    0.000300492
1.925    0.253537    0.000346765
 1.94    0.251725    0.000331849
1.955    0.249972    0.000314539
 1.97     0.24789    0.000379738
1.985    0.246336    0.000255633
