0.5  0.973593  0.00142008
0.515152  0.968226  0.00138951
0.530303  0.961742  0.00131766
0.545455  0.959047  0.00160498
0.560606  0.952704  0.00139726
0.575758  0.946193  0.00105777
0.590909  0.936572  0.00120868
0.606061  0.933332  0.00103449
0.621212  0.925378  0.00156832
0.636364  0.921623  0.00150394
0.651515  0.912154  0.00105049
0.666667  0.905987  0.000969823
0.681818  0.90108  0.00119821
0.69697  0.891473  0.00114363
0.712121  0.88567  0.000794721
0.727273  0.878521  0.000885456
0.742424  0.872593  0.00106871
0.757576  0.866928  0.000816426
0.772727  0.859052  0.00080045
0.787879  0.853172  0.000628007
0.80303  0.846814  0.000796988
0.818182  0.840796  0.000826675
0.833333  0.83413  0.000664178
0.848485  0.826238  0.000648521
0.863636  0.819717  0.000644971
0.878788  0.813385  0.000699046
0.893939  0.807308  0.000490228
0.909091  0.799784  0.000677656
0.924242  0.793354  0.000665323
0.939394  0.787764  0.000502576
0.954545  0.78008  0.000556378
0.969697  0.775044  0.000395337
0.984848  0.768504  0.000567131
1  0.761788  0.00066698
1.01515  0.755733  0.0006338
1.0303  0.74853  0.000498819
1.04545  0.742913  0.00063338
1.06061  0.736338  0.000714242
1.07576  0.730446  0.000474747
1.09091  0.72484  0.000523025
1.10606  0.718282  0.000535692
1.12121  0.712241  0.000452403
1.13636  0.705997  0.000592129
1.15152  0.700422  0.000349856
1.16667  0.694467  0.000541335
1.18182  0.688853  0.00048045
1.19697  0.6834  0.00048439
1.21212  0.678585  0.000395119
1.22727  0.673587  0.00051432
1.24242  0.666196  0.000516527
1.25758  0.661246  0.000462006
1.27273  0.655681  0.000627391
1.28788  0.651276  0.000433328
1.30303  0.645386  0.000402402
1.31818  0.640314  0.000591641
1.33333  0.635106  0.000473147
1.34848  0.630207  0.000504569
1.36364  0.624617  0.000546927
1.37879  0.620659  0.000358575
1.39394  0.61474  0.000404577
1.40909  0.610228  0.00046243
1.42424  0.605883  0.000482292
1.43939  0.600874  0.000424609
1.45455  0.595856  0.000697415
1.4697  0.59231  0.000518784
1.48485  0.587619  0.000439229
1.5  0.582209  0.000450451
1.51515  0.579196  0.000426615
1.5303  0.574024  0.000434857
1.54545  0.569558  0.000419731
1.56061  0.564689  0.000347021
1.57576  0.561438  0.000571342
1.59091  0.556985  0.000427894
1.60606  0.551969  0.000423885
1.62121  0.548931  0.000413447
1.63636  0.545198  0.00039396
1.65152  0.541149  0.000313794
1.66667  0.536746  0.000461941
1.68182  0.533112  0.000323366
1.69697  0.529726  0.000417722
1.71212  0.525676  0.000284008
1.72727  0.521632  0.0005737
1.74242  0.518572  0.000476481
1.75758  0.514476  0.000464795
1.77273  0.510816  0.000412671
1.78788  0.507205  0.000433152
1.80303  0.503306  0.000487089
1.81818  0.5006  0.000560731
1.83333  0.497805  0.000516429
1.84848  0.493614  0.000462814
1.86364  0.490709  0.000499269
1.87879  0.487414  0.0004222
1.89394  0.483065  0.000350745
1.90909  0.481169  0.000383708
1.92424  0.478041  0.000532996
1.93939  0.474064  0.000310128
1.95455  0.470629  0.000339039
1.9697  0.468363  0.000443004
1.98485  0.465617  0.000461385
2  0.46251  0.000405784
