0.5  0.00403275  0.000216589
0.515152  0.00456772  0.000199804
0.530303  0.00518195  0.000177474
0.545455  0.00523926  0.000205024
0.560606  0.00571799  0.000169215
0.575758  0.00615131  0.000120603
0.590909  0.00686468  0.000129754
0.606061  0.00684667  0.000105432
0.621212  0.0072699  0.000151043
0.636364  0.00726867  0.000136704
0.651515  0.00774577  9.06593e-05
0.666667  0.00789007  7.97694e-05
0.681818  0.00791505  9.41927e-05
0.69697  0.00828249  8.37997e-05
0.712121  0.00832951  5.50874e-05
0.727273  0.00845227  5.91173e-05
0.742424  0.0084839  6.89808e-05
0.757576  0.00847961  4.98275e-05
0.772727  0.00860202  4.60127e-05
0.787879  0.00859082  3.49653e-05
0.80303  0.00859612  4.17273e-05
0.818182  0.00857689  4.16513e-05
0.833333  0.00858631  3.13871e-05
0.848485  0.00864227  2.96466e-05
0.863636  0.00862131  2.90135e-05
0.878788  0.0085893  2.91117e-05
0.893939  0.00854084  2.00319e-05
0.909091  0.00854896  2.60275e-05
0.924242  0.00850469  2.4856e-05
0.939394  0.0084262  1.8325e-05
0.954545  0.00842165  1.97226e-05
0.969697  0.00832141  1.3165e-05
0.984848  0.00827363  1.80075e-05
1  0.00822625  1.97791e-05
1.01515  0.00815653  1.84614e-05
1.0303  0.00811979  1.38855e-05
1.04545  0.00803508  1.73617e-05
1.06061  0.00797575  1.82568e-05
1.07576  0.00789928  1.24509e-05
1.09091  0.00781569  1.28533e-05
1.10606  0.00775615  1.23283e-05
1.12121  0.00768187  1.01792e-05
1.13636  0.00761262  1.31459e-05
1.15152  0.00753054  7.40396e-06
1.16667  0.00745562  1.1332e-05
1.18182  0.00737479  9.41545e-06
1.19697  0.00729084  9.37578e-06
1.21212  0.00719615  7.44993e-06
1.22727  0.00710748  9.26837e-06
1.24242  0.00706181  9.04619e-06
1.25758  0.00697385  7.73204e-06
1.27273  0.00689905  1.0318e-05
1.28788  0.00680416  6.74974e-06
1.30303  0.006735  6.50576e-06
1.31818  0.00665562  8.6459e-06
1.33333  0.0065781  6.57719e-06
1.34848  0.00649825  7.08625e-06
1.36364  0.00642763  7.38172e-06
1.37879  0.00633847  5.00512e-06
1.39394  0.00627594  5.18123e-06
1.40909  0.00619515  5.58754e-06
1.42424  0.0061149  5.83264e-06
1.43939  0.00604506  4.97188e-06
1.45455  0.00597555  7.76294e-06
1.4697  0.00589131  5.73017e-06
1.48485  0.00581986  4.68094e-06
1.5  0.00575865  4.65747e-06
1.51515  0.00567355  4.21814e-06
1.5303  0.00561207  4.24141e-06
1.54545  0.00554361  4.01354e-06
1.56061  0.00548152  3.03831e-06
1.57576  0.00540462  5.09063e-06
1.59091  0.00534156  3.72652e-06
1.60606  0.00528351  3.65008e-06
1.62121  0.00521035  3.2719e-06
1.63636  0.00514367  3.25765e-06
1.65152  0.00508092  2.58686e-06
1.66667  0.00502286  3.50191e-06
1.68182  0.00496075  2.39623e-06
1.69697  0.00489619  3.26578e-06
1.71212  0.00483827  1.91584e-06
1.72727  0.00478206  4.07842e-06
1.74242  0.00472023  3.30022e-06
1.75758  0.00466526  3.05976e-06
1.77273  0.00460991  2.81528e-06
1.78788  0.00455443  2.72976e-06
1.80303  0.00450166  2.9077e-06
1.81818  0.00444355  3.31873e-06
1.83333  0.00438599  3.16339e-06
1.84848  0.00433868  2.66233e-06
1.86364  0.00428442  2.95612e-06
1.87879  0.00423295  2.28127e-06
1.89394  0.00418887  1.95432e-06
1.90909  0.00413263  2.01026e-06
1.92424  0.00408365  2.79928e-06
1.93939  0.00403981  1.55317e-06
1.95455  0.00399433  1.69442e-06
1.9697  0.00394381  2.20976e-06
1.98485  0.00389628  2.20047e-06
2  0.00385189  1.96155e-06
