  0.5    1.88e-05    0.000132117
0.515    7.84e-05    9.83815e-05
 0.53   -0.000229    9.69606e-05
0.545     7.2e-05    9.85389e-05
 0.56   -1.24e-05    0.000131395
0.575  -0.0001118    0.000118388
 0.59  -0.0001884    0.000125927
0.605     9.4e-06    0.000130536
 0.62   0.0001036    0.000151212
0.635    0.000428    0.000109262
 0.65    -9.5e-05     0.00012242
0.665    7.44e-05     0.00015718
 0.68    -9.6e-06    0.000161289
0.695   -4.86e-05    0.000165471
 0.71   -0.000161    0.000193639
0.725  -0.0005352    0.000103405
 0.74  -0.0001342    0.000175621
0.755   -6.78e-05     0.00015426
 0.77      -3e-05    0.000151281
0.785   -7.74e-05    0.000148556
  0.8    0.000246    0.000154044
0.815  -0.0001528    0.000171786
 0.83  -0.0001186    0.000192621
0.845    5.16e-05    0.000153512
 0.86  -0.0001442    0.000139924
0.875    -3.1e-05    0.000173765
 0.89     8.7e-05    0.000179812
0.905  -0.0001818    0.000124693
 0.92    0.000236    0.000196999
0.935   -5.56e-05    0.000183967
 0.95   0.0001062    0.000158059
0.965  -0.0003316    0.000226018
 0.98      -8e-05    0.000210428
0.995   0.0001186    0.000168332
 1.01   0.0002696     0.00020462
1.025    0.000164     0.00018403
 1.04    -3.2e-05    0.000209013
1.055    -2.2e-06    0.000214055
 1.07  -0.0004084    0.000239225
1.085   -4.56e-05    0.000266616
  1.1   0.0003136     0.00023095
1.115   0.0001446    0.000240132
 1.13   -0.000188    0.000200264
1.145    8.42e-05    0.000180723
 1.16  -0.0004558    0.000189756
1.175  -0.0001076    0.000187901
 1.19    5.48e-05    0.000152283
1.205  -0.0001078    0.000197548
 1.22  -0.0001708    0.000245223
1.235    9.08e-05    0.000222412
 1.25  -0.0002632    0.000221055
1.265   -8.92e-05    0.000246548
 1.28   -7.38e-05    0.000205853
1.295  -0.0001124    0.000198756
 1.31   -4.92e-05    0.000305262
1.325    9.32e-05     0.00026196
 1.34   0.0001478    0.000251343
1.355   -0.000198    0.000254235
 1.37    5.46e-05     0.00020403
1.385    5.44e-05    0.000211139
  1.4   -2.14e-05    0.000220607
1.415   0.0004216    0.000227828
 1.43   0.0003512    0.000198093
1.445  -0.0001704    0.000192714
 1.46   0.0002544    0.000196639
1.475  -0.0003504    0.000243952
 1.49  -0.0002022    0.000213768
1.505   0.0003162     0.00021836
 1.52    -1.9e-05    0.000236273
1.535    5.64e-05    0.000214953
 1.55   0.0005184    0.000249485
1.565   0.0002032    0.000192876
 1.58  -0.0001218    0.000165496
1.595   -8.82e-05    0.000272948
 1.61   -9.82e-05    0.000238059
1.625    3.64e-05    0.000223291
 1.64   -7.38e-05    0.000230748
1.655   -0.000527    0.000263093
 1.67    1.42e-05    0.000190903
1.685   0.0003366    0.000236398
  1.7  -0.0001676    0.000280761
1.715   -6.34e-05    0.000299642
 1.73  -0.0002118    0.000286059
1.745    0.000211    0.000273736
 1.76       7e-05    0.000195649
1.775     4.4e-06     0.00029158
 1.79   0.0001246    0.000202946
1.805  -0.0003034    0.000243987
 1.82     2.6e-05     0.00025092
1.835  -0.0002354    0.000259656
 1.85  -0.0004022    0.000323691
1.865   -0.000154    0.000245888
 1.88    2.02e-05    0.000302423
1.895   0.0009022    0.000222704
 1.91  -0.0001672    0.000361081
1.925   -6.72e-05     0.00021209
 1.94  -0.0001228    0.000220097
1.955   0.0001588    0.000254787
 1.97  -0.0002512    0.000244873
1.985    2.68e-05    0.000306633
