0.5  3.88e-05  5.4689e-05
0.515152  3.2e-06  5.74377e-05
0.530303  6.3e-05  5.34923e-05
0.545455  -4.34e-05  4.41853e-05
0.560606  -2.14e-05  5.79657e-05
0.575758  -2e-05  6.08631e-05
0.590909  0.0001146  5.90073e-05
0.606061  6.94e-05  6.66161e-05
0.621212  3.84e-05  7.42118e-05
0.636364  4.08e-05  7.57964e-05
0.651515  -6e-06  8.14889e-05
0.666667  7.78e-05  8.59039e-05
0.681818  1.4e-06  6.11917e-05
0.69697  5.56e-05  0.000107317
0.712121  -0.000139  7.36749e-05
0.727273  5.66e-05  7.39509e-05
0.742424  -0.0001728  8.86037e-05
0.757576  9e-06  9.6883e-05
0.772727  0.0001016  9.66306e-05
0.787879  -6.8e-06  0.000117882
0.80303  0.0001634  0.000109853
0.818182  -5.06e-05  7.23593e-05
0.833333  -0.0001056  9.67973e-05
0.848485  -4.54e-05  8.88276e-05
0.863636  0.0001118  0.000113231
0.878788  4e-06  0.000113049
0.893939  9.46e-05  8.96363e-05
0.909091  0.000112  9.36637e-05
0.924242  -9.82e-05  0.000155247
0.939394  2.02e-05  0.000129246
0.954545  -5.46e-05  0.00013613
0.969697  -7.14e-05  0.000124444
0.984848  3.92e-05  0.000146973
1  2.46e-05  0.000112368
1.01515  0.0001078  0.00014335
1.0303  9.38e-05  0.000127995
1.04545  2.66e-05  0.000154019
1.06061  3.64e-05  0.00013544
1.07576  -7.8e-06  0.000113368
1.09091  -0.0004204  0.000156914
1.10606  1.88e-05  0.000164797
1.12121  -6.58e-05  0.000126807
1.13636  6.32e-05  0.000143502
1.15152  4.46e-05  0.000123067
1.16667  -6.98e-05  0.000165697
1.18182  2.6e-05  0.00017156
1.19697  9.16e-05  0.000176144
1.21212  -0.0002134  0.000151258
1.22727  -9.6e-06  0.000155
1.24242  4.72e-05  0.000153046
1.25758  0.000136  0.000119905
1.27273  8.88e-05  0.000150562
1.28788  0.0002154  0.000183356
1.30303  -0.0001384  0.000151223
1.31818  -0.0001566  0.000191085
1.33333  4.12e-05  0.000154432
1.34848  -2e-06  0.000192333
1.36364  5.84e-05  0.000147235
1.37879  -0.0005412  0.000128094
1.39394  -4.8e-05  0.000175391
1.40909  5.06e-05  0.00015841
1.42424  0.0001618  0.000188228
1.43939  -0.0003144  0.000147151
1.45455  0.0004214  0.000134775
1.4697  5.96e-05  0.000110145
1.48485  0.0001036  0.000213054
1.5  -0.0001432  0.00019758
1.51515  -0.000189  0.000245128
1.5303  -2.58e-05  0.00017399
1.54545  0.0001434  0.000229906
1.56061  -0.0002228  0.000180646
1.57576  -0.0001118  0.000188116
1.59091  -0.000187  0.000156665
1.60606  -9.2e-05  0.000184823
1.62121  0.0003958  0.000186505
1.63636  -5.32e-05  0.000217449
1.65152  -6.98e-05  0.000132037
1.66667  -9.88e-05  0.000163815
1.68182  -6.34e-05  0.000199463
1.69697  -9.36e-05  0.000195555
1.71212  0.0002754  0.000226427
1.72727  -0.0001582  0.000219405
1.74242  -9e-06  0.000218287
1.75758  0.000196  0.000228422
1.77273  7.66e-05  0.000173216
1.78788  0.0002168  0.000243017
1.80303  -7.36e-05  0.000197722
1.81818  9.6e-06  0.000182732
1.83333  1.12e-05  0.000145154
1.84848  -0.0002408  0.000196038
1.86364  0.0001854  0.000203632
1.87879  0.0003352  0.000220715
1.89394  8.72e-05  0.000261398
1.90909  -0.0004408  0.000215129
1.92424  0.0001356  0.000182618
1.93939  0.0002656  0.000187847
1.95455  -0.0001684  0.000264044
1.9697  -0.0001358  0.000233116
1.98485  -0.0001294  0.000260178
2  -5.02e-05  0.00029085
