0  375.071
1  365.286
2  359.243
3  353.421
4  341.76
5  311.521
6  309.611
7  306.561
8  303.588
9  298.874
10  283.078
11  282.035
12  280.179
13  278.4
14  263.082
15  262.408
16  261.118
17  254.317
18  252.741
19  250.412
20  248.936
21  245.001
22  228.897
23  227.629
24  226.174
25  225.206
26  224.634
27  223.429
28  222.879
29  210.216
30  210.164
31  209.935
32  209.663
33  208.998
34  208.426
35  207.393
36  201.868
37  200.899
38  193.196
39  192.728
40  192.203
41  191.407
42  188.659
43  186.584
44  186.504
45  186.386
46  186.279
47  185.828
48  185.374
49  185.154
50  185.119
51  181.971
52  181.914
53  181.811
54  181.509
55  180.807
56  179.596
57  178.409
58  177.618
59  176.978
60  176.045
61  176.076
62  176.009
63  175.229
64  174.734
65  173.759
66  170.492
67  170.344
68  170.116
69  169.702
70  169.759
71  169.465
72  169.124
73  167.593
74  167.404
75  167.269
76  165.988
77  165.797
78  165.496
79  163.698
80  163.665
81  163.654
82  163.626
83  163.593
84  163.55
85  163.454
86  163.29
87  163.165
88  163.061
89  162.988
90  162.859
91  162.684
92  162.427
93  162.41
94  161.211
95  161.096
96  160.974
97  160.912
98  159.767
99  159.726
100  159.57
101  159.416
102  159.164
103  159.061
104  157.552
105  157.465
106  155.738
107  155.737
108  155.734
109  155.708
110  155.637
111  155.476
112  155.223
113  155
114  154.809
115  153.076
116  153.075
117  153.07
118  153.062
119  153.033
120  153.019
121  153.009
122  153
123  153.004
124  152.969
125  152.913
126  152.877
127  152.802
128  152.718
129  152.524
130  152.276
131  152.106
132  151.972
133  152.082
134  151.772
135  151.661
136  149.617
137  149.598
138  149.573
139  149.562
140  149.534
141  149.507
142  149.33
143  149.33
144  149.32
145  149.317
146  149.307
147  149.281
148  149.219
149  149.145
150  149.017
151  148.907
152  148.672
153  148.109
154  146.847
155  144.426
156  142.773
157  140.365
158  134.35
159  134.109
160  133.883
161  133.742
162  133.494
163  133.122
164  133.109
165  132.372
166  132.365
167  132.354
168  132.325
169  132.261
170  132.236
171  132.178
172  132.128
173  131.794
174  131.78
175  131.74
176  131.678
177  131.581
178  131.357
179  131.115
180  130.84
181  130.604
182  130.351
183  129.944
184  129.426
185  129.307
186  126.814
187  126.814
188  126.814
189  126.796
190  126.761
191  126.734
192  126.627
193  126.406
194  126.039
195  125.675
196  125.403
197  125.039
198  124.987
199  124.717
200  124.692
201  124.667
202  124.622
203  124.592
204  124.714
205  122.385
206  122.372
207  122.345
208  122.331
209  122.318
210  122.301
211  122.312
212  122.303
213  122.294
214  122.281
215  122.262
216  122.26
217  122.255
218  122.257
219  122.259
220  122.255
221  122.204
222  122.204
223  122.143
224  122.084
225  121.935
226  121.824
227  121.437
228  120.892
229  120.263
230  119.342
231  115.048
232  112.972
233  112.972
234  112.958
235  112.943
236  112.929
237  112.875
238  112.825
239  112.735
240  112.56
241  112.301
242  112.062
243  112.015
244  111.942
245  111.914
246  111.981
247  111.966
248  112
249  111.904
250  111.874
251  111.767
252  111.783
253  111.643
254  111.773
255  111.888
256  111.777
257  111.665
258  111.52
259  111.563
260  111.869
261  111.809
262  109.364
263  109.364
264  109.364
265  109.364
266  109.364
267  109.364
268  109.364
269  109.364
270  109.364
271  109.364
272  109.357
273  109.357
274  109.343
275  109.336
276  109.315
277  109.231
278  109.071
279  108.932
280  108.821
281  108.807
282  108.647
283  108.518
284  108.44
285  108.434
286  108.137
287  108.015
288  107.2
289  106.824
290  106.209
291  105.198
292  104.154
293  103.43
294  102.63
295  100.981
296  96.9438
297  96.6447
298  96.487
299  96.4511
300  96.5021
301  95.8836
302  95.4969
303  93.3131
304  92.2797
305  89.4675
306  88.8904
307  88.0117
308  87.3439
309  86.6334
310  85.9414
311  84.9421
312  83.2704
313  79.0742
314  78.3576
315  76.1294
316  76.1037
317  76.0524
318  76.0011
319  75.8216
320  75.3731
321  74.7065
322  73.9762
323  73.077
324  72.529
325  69.7385
326  69.7355
327  69.7304
328  69.7162
329  69.6867
330  69.6684
331  69.6592
332  69.6491
333  69.643
334  69.6318
335  69.6098
336  69.6016
337  69.5806
338  69.4885
339  69.4885
340  69.4885
341  69.4885
342  69.4885
343  69.4885
344  69.4885
345  69.4885
346  69.4885
347  69.4885
348  69.4885
349  69.4885
350  69.4885
351  69.4885
352  69.4885
353  69.4885
354  69.4885
355  69.4885
356  69.4885
357  69.4885
358  69.4885
359  69.4885
360  69.4885
361  69.4885
362  69.4885
363  69.4885
364  69.4885
365  69.4885
366  69.4885
367  69.4885
368  69.4885
369  69.4885
370  69.4885
371  69.4885
372  69.4885
373  69.4885
374  69.4885
375  69.4885
376  69.4885
377  69.4885
378  69.4885
379  69.4885
380  69.4885
381  69.4885
382  69.4885
383  69.4885
384  69.4885
385  69.4885
386  69.4885
387  69.4885
388  69.4885
389  69.4885
390  69.4885
391  69.4885
392  69.4885
393  69.4885
394  69.4885
395  69.4885
396  69.4885
397  69.4885
398  69.4885
399  69.4885
400  69.4885
401  69.4885
402  69.4885
403  69.4885
404  69.4885
405  69.4885
406  69.4885
407  69.4885
408  69.4885
409  69.4885
410  69.4885
411  69.4885
412  69.4885
413  69.4885
414  69.4885
415  69.4885
416  69.4885
417  69.4885
418  69.4885
419  69.4885
420  69.4885
421  69.4885
422  69.4885
423  69.4885
424  69.4885
425  69.4885
426  69.4885
427  69.4885
428  69.4885
429  69.4885
430  69.4885
431  69.4885
432  69.4885
433  69.4885
434  69.4885
435  69.4885
436  69.4885
437  69.4885
438  69.4885
439  69.4885
440  69.4885
441  69.4885
442  69.4885
443  69.4885
444  69.4885
445  69.4885
446  69.4885
447  69.4885
448  69.4885
449  69.4885
450  69.4885
451  69.4885
452  69.4885
453  69.4885
454  69.4885
455  69.4885
456  69.4885
457  69.4885
458  69.4885
459  69.4885
460  69.4885
461  69.4885
462  69.4885
463  69.4885
464  69.4885
465  69.4885
466  69.4885
467  69.4885
468  69.4885
469  69.4885
470  69.4885
471  69.4885
472  69.4885
473  69.4885
474  69.4885
475  69.4885
476  69.4885
477  69.4885
478  69.4885
479  69.4885
480  69.4885
481  69.4885
482  69.4885
483  69.4885
484  69.4885
485  69.4885
486  69.4885
487  69.4885
488  69.4885
489  69.4885
490  69.4885
491  69.4885
492  69.4885
493  69.4885
494  69.4885
495  69.4885
496  69.4885
497  69.4885
498  69.4885
499  69.4885
500  69.4885
501  69.4885
502  69.4885
503  69.4885
504  69.4885
505  69.4885
506  69.4885
507  69.4885
508  69.4885
509  69.4885
510  69.4885
511  69.4885
512  69.4885
513  69.4885
514  69.4885
515  69.4885
516  69.4885
517  69.4885
518  69.4885
519  69.4885
520  69.4885
521  69.4885
522  69.4885
523  69.4885
524  69.4885
525  69.4885
526  69.4885
527  69.4885
528  69.4885
529  69.4885
530  69.4885
531  69.4885
532  69.4885
533  69.4885
534  69.4885
535  69.4885
536  69.4885
537  69.4885
538  69.4885
539  69.4885
540  69.4885
541  69.4885
542  69.4885
543  69.4885
544  69.4885
545  69.4885
546  69.4885
547  69.4885
548  69.4885
549  69.4885
550  69.4885
551  69.4885
552  69.4885
553  69.4885
554  69.4885
555  69.4885
556  69.4885
557  69.4885
558  69.4885
559  69.4885
560  69.4885
561  69.4885
562  69.4885
563  69.4885
564  69.4885
565  69.4885
566  69.4885
567  69.4885
568  69.4885
569  69.4885
570  69.4885
571  69.4885
572  69.4885
573  69.4885
574  69.4885
575  69.4885
576  69.4885
577  69.4885
578  69.4885
579  69.4885
580  69.4885
581  69.4885
582  69.4885
583  69.4885
584  69.4885
585  69.4885
586  69.4885
587  69.4885
588  69.4885
589  69.4885
590  69.4885
591  69.4885
592  69.4885
593  69.4885
594  69.4885
595  69.4885
596  69.4885
597  69.4885
598  69.4885
599  69.4885
600  69.4885
601  69.4885
602  69.4885
603  69.4885
604  69.4885
605  69.4885
606  69.4885
607  69.4885
608  69.4885
609  69.4885
610  69.4885
611  69.4885
612  69.4885
613  69.4885
614  69.4885
615  69.4885
616  69.4885
617  69.4885
618  69.4885
619  69.4885
620  69.4885
621  69.4885
622  69.4885
623  69.4885
624  69.4885
625  69.4885
626  69.4885
627  69.4885
628  69.4885
629  69.4885
630  69.4885
631  69.4885
632  69.4885
633  69.4885
634  69.4885
635  69.4885
636  69.4885
637  69.4885
638  69.4885
639  69.4885
640  69.4885
641  69.4885
642  69.4885
643  69.4885
644  69.4885
645  69.4885
646  69.4885
647  69.4885
648  69.4885
649  69.4885
650  69.4885
651  69.4885
652  69.4885
653  69.4885
654  69.4885
655  69.4885
656  69.4885
657  69.4885
658  69.4885
659  69.4885
660  69.4885
661  69.4885
662  69.4885
663  69.4885
664  69.4885
665  69.4885
666  69.4885
667  69.4885
668  69.4885
669  69.4885
670  69.4885
671  69.4885
672  69.4885
673  69.4885
674  69.4885
675  69.4885
676  69.4885
677  69.4885
678  69.4885
679  69.4885
680  69.4885
681  69.4885
682  69.4885
683  69.4885
684  69.4885
685  69.4885
686  69.4885
687  69.4885
688  69.4885
689  69.4885
690  69.4885
691  69.4885
692  69.4885
693  69.4885
694  69.4885
695  69.4885
696  69.4885
697  69.4885
698  69.4885
699  69.4885
700  69.4885
701  69.4885
702  69.4885
703  69.4885
704  69.4885
705  69.4885
706  69.4885
707  69.4885
708  69.4885
709  69.4885
710  69.4885
711  69.4885
712  69.4885
713  69.4885
714  69.4885
715  69.4885
716  69.4885
717  69.4885
718  69.4885
719  69.4885
720  69.4885
721  69.4885
722  69.4885
723  69.4885
724  69.4885
725  69.4885
726  69.4885
727  69.4885
728  69.4885
729  69.4885
730  69.4885
731  69.4885
732  69.4885
733  69.4885
734  69.4885
735  69.4885
736  69.4885
737  69.4885
738  69.4885
739  69.4885
740  69.4885
741  69.4885
742  69.4885
743  69.4885
744  69.4885
745  69.4885
746  69.4885
747  69.4885
748  69.4885
749  69.4885
750  69.4885
751  69.4885
752  69.4885
753  69.4885
754  69.4885
755  69.4885
756  69.4885
757  69.4885
758  69.4885
759  69.4885
760  69.4885
761  69.4885
762  69.4885
763  69.4885
764  69.4885
765  69.4885
766  69.4885
767  69.4885
768  69.4885
769  69.4885
770  69.4885
771  69.4885
772  69.4885
773  69.4885
774  69.4885
775  69.4885
776  69.4885
777  69.4885
778  69.4885
779  69.4885
780  69.4885
781  69.4885
782  69.4885
783  69.4885
784  69.4885
785  69.4885
786  69.4885
787  69.4885
788  69.4885
789  69.4885
790  69.4885
791  69.4885
792  69.4885
793  69.4885
794  69.4885
795  69.4885
796  69.4885
797  69.4885
798  69.4885
799  69.4885
800  69.4885
801  69.4885
802  69.4885
803  69.4885
804  69.4885
805  69.4885
806  69.4885
807  69.4885
808  69.4885
809  69.4885
810  69.4885
811  69.4885
812  69.4885
813  69.4885
814  69.4885
815  69.4885
816  69.4885
817  69.4885
818  69.4885
819  69.4885
820  69.4885
821  69.4885
822  69.4885
823  69.4885
824  69.4885
825  69.4885
826  69.4885
827  69.4885
828  69.4885
829  69.4885
830  69.4885
831  69.4885
832  69.4885
833  69.4885
834  69.4885
835  69.4885
836  69.4885
837  69.4885
838  69.4885
839  69.4885
840  69.4885
841  69.4885
842  69.4885
843  69.4885
844  69.4885
845  69.4885
846  69.4885
847  69.4885
848  69.4885
849  69.4885
850  69.4885
851  69.4885
852  69.4885
853  69.4885
854  69.4885
855  69.4885
856  69.4885
857  69.4885
858  69.4885
859  69.4885
860  69.4885
861  69.4885
862  69.4885
863  69.4885
864  69.4885
865  69.4885
866  69.4885
867  69.4885
868  69.4885
869  69.4885
870  69.4885
871  69.4885
872  69.4885
873  69.4885
874  69.4885
875  69.4885
876  69.4885
877  69.4885
878  69.4885
879  69.4885
880  69.4885
881  69.4885
882  69.4885
883  69.4885
884  69.4885
885  69.4885
886  69.4885
887  69.4885
888  69.4885
889  69.4885
890  69.4885
891  69.4885
892  69.4885
893  69.4885
894  69.4885
895  69.4885
896  69.4885
897  69.4885
898  69.4885
899  69.4885
900  69.4885
901  69.4885
902  69.4885
903  69.4885
904  69.4885
905  69.4885
906  69.4885
907  69.4885
908  69.4885
909  69.4885
910  69.4885
911  69.4885
912  69.4885
913  69.4885
914  69.4885
915  69.4885
916  69.4885
917  69.4885
918  69.4885
919  69.4885
920  69.4885
921  69.4885
922  69.4885
923  69.4885
924  69.4885
925  69.4885
926  69.4885
927  69.4885
928  69.4885
929  69.4885
930  69.4885
931  69.4885
932  69.4885
933  69.4885
934  69.4885
935  69.4885
936  69.4885
937  69.4885
938  69.4885
939  69.4885
940  69.4885
941  69.4885
942  69.4885
943  69.4885
944  69.4885
945  69.4885
946  69.4885
947  69.4885
948  69.4885
949  69.4885
950  69.4885
951  69.4885
952  69.4885
953  69.4885
954  69.4885
955  69.4885
956  69.4885
957  69.4885
958  69.4885
959  69.4885
960  69.4885
961  69.4885
962  69.4885
963  69.4885
964  69.4885
965  69.4885
966  69.4885
967  69.4885
968  69.4885
969  69.4885
970  69.4885
971  69.4885
972  69.4885
973  69.4885
974  69.4885
975  69.4885
976  69.4885
977  69.4885
978  69.4885
979  69.4885
980  69.4885
981  69.4885
982  69.4885
983  69.4885
984  69.4885
985  69.4885
986  69.4885
987  69.4885
988  69.4885
989  69.4885
990  69.4885
991  69.4885
992  69.4885
993  69.4885
994  69.4885
995  69.4885
996  69.4885
997  69.4885
998  69.4885
999  69.4885
