0  320.325
1  294.867
2  294.867
3  291.412
4  270.741
5  270.741
6  270.741
7  270.741
8  268.607
9  268.587
10  251.314
11  251.233
12  248.984
13  248.984
14  236.832
15  230.49
16  228.79
17  228.79
18  218.02
19  211.61
20  211.61
21  211.61
22  210.292
23  210.292
24  210.292
25  210.292
26  210.292
27  210.292
28  205.468
29  203.435
30  203.435
31  193.881
32  193.881
33  193.881
34  191.062
35  189.839
36  186.632
37  186.632
38  186.632
39  186.632
40  186.632
41  186.632
42  186.632
43  182.029
44  182.029
45  182.029
46  182.029
47  182.029
48  182.029
49  182.029
50  180.747
51  171.92
52  171.92
53  171.92
54  171.92
55  171.92
56  170.961
57  169.028
58  169.028
59  169.028
60  169.028
61  169.028
62  169.028
63  168.252
64  168.069
65  168.069
66  167.327
67  167.327
68  166.279
69  166.279
70  166.279
71  166.279
72  166.096
73  163.548
74  163.548
75  163.548
76  163.274
77  163.274
78  163.274
79  163.274
80  161.98
81  161.98
82  161.98
83  161.98
84  161.98
85  161.765
86  161.591
87  161.318
88  161.318
89  161.318
90  159.84
91  159.84
92  159.84
93  159.84
94  159.84
95  155.74
96  155.74
97  155.74
98  155.74
99  155.74
100  155.74
101  155.74
102  155.74
103  155.74
104  155.74
105  155.513
106  155.513
107  155.513
108  155.513
109  153.078
110  153.078
111  153.078
112  152.879
113  152.879
114  152.879
115  152.879
116  152.879
117  152.879
118  152.879
119  149.869
120  149.869
121  149.869
122  149.869
123  149.869
124  149.869
125  149.869
126  149.869
127  149.869
128  149.67
129  149.331
130  149.331
131  149.331
132  149.331
133  149.331
134  149.331
135  149.331
136  149.331
137  149.331
138  149.331
139  149.094
140  149.094
141  149.094
142  149.094
143  149.094
144  147.308
145  147.308
146  147.308
147  147.308
148  147.308
149  147.308
150  135.669
151  135.669
152  135.669
153  132.384
154  132.384
155  132.384
156  132.384
157  132.384
158  132.384
159  132.384
160  132.384
161  131.807
162  131.807
163  131.807
164  131.807
165  131.807
166  131.807
167  131.807
168  131.807
169  131.807
170  131.807
171  131.807
172  128.367
173  128.367
174  128.367
175  128.367
176  127.39
177  127.39
178  127.39
179  126.814
180  126.814
181  126.814
182  126.814
183  126.814
184  126.814
185  126.814
186  126.814
187  126.814
188  126.814
189  122.421
190  122.421
191  122.421
192  122.421
193  122.421
194  122.421
195  122.421
196  122.205
197  122.205
198  122.205
199  122.205
200  122.205
201  122.205
202  122.205
203  122.205
204  122.205
205  122.205
206  122.205
207  122.205
208  122.205
209  122.205
210  122.205
211  122.205
212  122.205
213  122.205
214  122.205
215  122.205
216  122.205
217  122.205
218  122.13
219  122.13
220  122.13
221  122.13
222  122.13
223  112.972
224  112.972
225  112.972
226  112.972
227  112.972
228  112.972
229  112.972
230  112.972
231  112.972
232  112.972
233  112.972
234  109.364
235  109.364
236  109.364
237  109.364
238  109.364
239  109.364
240  109.364
241  109.364
242  109.364
243  109.364
244  109.364
245  109.364
246  109.364
247  109.364
248  109.364
249  109.364
250  109.364
251  109.364
252  109.364
253  109.364
254  109.364
255  109.364
256  109.364
257  109.364
258  109.364
259  109.364
260  109.364
261  109.364
262  109.364
263  109.364
264  109.364
265  109.364
266  109.364
267  109.364
268  109.364
269  109.364
270  109.364
271  109.364
272  107.624
273  107.624
274  107.624
275  107.624
276  107.624
277  107.624
278  107.624
279  107.624
280  107.624
281  107.624
282  107.624
283  103.652
284  103.652
285  103.652
286  103.652
287  96.2748
288  96.2748
289  96.2748
290  96.2748
291  96.2748
292  93.7719
293  91.8198
294  91.8198
295  91.8198
296  91.8198
297  88.4541
298  86.0209
299  86.0209
300  86.0209
301  86.0209
302  86.0209
303  81.6441
304  81.6441
305  80.61
306  80.61
307  76.155
308  76.155
309  76.155
310  76.155
311  76.155
312  76.155
313  76.155
314  76.155
315  69.7426
316  69.7426
317  69.7426
318  69.7426
319  69.7426
320  69.7426
321  69.7426
322  69.7426
323  69.4885
324  69.4885
325  69.4885
326  69.4885
327  69.4885
328  69.4885
329  69.4885
330  69.4885
331  69.4885
332  69.4885
333  69.4885
334  69.4885
335  69.4885
336  69.4885
337  69.4885
338  69.4885
339  69.4885
340  69.4885
341  69.4885
342  69.4885
343  69.4885
344  69.4885
345  69.4885
346  69.4885
347  69.4885
348  69.4885
349  69.4885
350  69.4885
351  69.4885
352  69.4885
353  69.4885
354  69.4885
355  69.4885
356  69.4885
357  69.4885
358  69.4885
359  69.4885
360  69.4885
361  69.4885
362  69.4885
363  69.4885
364  69.4885
365  69.4885
366  69.4885
367  69.4885
368  69.4885
369  69.4885
370  69.4885
371  69.4885
372  69.4885
373  69.4885
374  69.4885
375  69.4885
376  69.4885
377  69.4885
378  69.4885
379  69.4885
380  69.4885
381  69.4885
382  69.4885
383  69.4885
384  69.4885
385  69.4885
386  69.4885
387  69.4885
388  69.4885
389  69.4885
390  69.4885
391  69.4885
392  69.4885
393  69.4885
394  69.4885
395  69.4885
396  69.4885
397  69.4885
398  69.4885
399  69.4885
400  69.4885
401  69.4885
402  69.4885
403  69.4885
404  69.4885
405  69.4885
406  69.4885
407  69.4885
408  69.4885
409  69.4885
410  69.4885
411  69.4885
412  69.4885
413  69.4885
414  69.4885
415  69.4885
416  69.4885
417  69.4885
418  69.4885
419  69.4885
420  69.4885
421  69.4885
422  69.4885
423  69.4885
424  69.4885
425  69.4885
426  69.4885
427  69.4885
428  69.4885
429  69.4885
430  69.4885
431  69.4885
432  69.4885
433  69.4885
434  69.4885
435  69.4885
436  69.4885
437  69.4885
438  69.4885
439  69.4885
440  69.4885
441  69.4885
442  69.4885
443  69.4885
444  69.4885
445  69.4885
446  69.4885
447  69.4885
448  69.4885
449  69.4885
450  69.4885
451  69.4885
452  69.4885
453  69.4885
454  69.4885
455  69.4885
456  69.4885
457  69.4885
458  69.4885
459  69.4885
460  69.4885
461  69.4885
462  69.4885
463  69.4885
464  69.4885
465  69.4885
466  69.4885
467  69.4885
468  69.4885
469  69.4885
470  69.4885
471  69.4885
472  69.4885
473  69.4885
474  69.4885
475  69.4885
476  69.4885
477  69.4885
478  69.4885
479  69.4885
480  69.4885
481  69.4885
482  69.4885
483  69.4885
484  69.4885
485  69.4885
486  69.4885
487  69.4885
488  69.4885
489  69.4885
490  69.4885
491  69.4885
492  69.4885
493  69.4885
494  69.4885
495  69.4885
496  69.4885
497  69.4885
498  69.4885
499  69.4885
500  69.4885
501  69.4885
502  69.4885
503  69.4885
504  69.4885
505  69.4885
506  69.4885
507  69.4885
508  69.4885
509  69.4885
510  69.4885
511  69.4885
512  69.4885
513  69.4885
514  69.4885
515  69.4885
516  69.4885
517  69.4885
518  69.4885
519  69.4885
520  69.4885
521  69.4885
522  69.4885
523  69.4885
524  69.4885
525  69.4885
526  69.4885
527  69.4885
528  69.4885
529  69.4885
530  69.4885
531  69.4885
532  69.4885
533  69.4885
534  69.4885
535  69.4885
536  69.4885
537  69.4885
538  69.4885
539  69.4885
540  69.4885
541  69.4885
542  69.4885
543  69.4885
544  69.4885
545  69.4885
546  69.4885
547  69.4885
548  69.4885
549  69.4885
550  69.4885
551  69.4885
552  69.4885
553  69.4885
554  69.4885
555  69.4885
556  69.4885
557  69.4885
558  69.4885
559  69.4885
560  69.4885
561  69.4885
562  69.4885
563  69.4885
564  69.4885
565  69.4885
566  69.4885
567  69.4885
568  69.4885
569  69.4885
570  69.4885
571  69.4885
572  69.4885
573  69.4885
574  69.4885
575  69.4885
576  69.4885
577  69.4885
578  69.4885
579  69.4885
580  69.4885
581  69.4885
582  69.4885
583  69.4885
584  69.4885
585  69.4885
586  69.4885
587  69.4885
588  69.4885
589  69.4885
590  69.4885
591  69.4885
592  69.4885
593  69.4885
594  69.4885
595  69.4885
596  69.4885
597  69.4885
598  69.4885
599  69.4885
600  69.4885
601  69.4885
602  69.4885
603  69.4885
604  69.4885
605  69.4885
606  69.4885
607  69.4885
608  69.4885
609  69.4885
610  69.4885
611  69.4885
612  69.4885
613  69.4885
614  69.4885
615  69.4885
616  69.4885
617  69.4885
618  69.4885
619  69.4885
620  69.4885
621  69.4885
622  69.4885
623  69.4885
624  69.4885
625  69.4885
626  69.4885
627  69.4885
628  69.4885
629  69.4885
630  69.4885
631  69.4885
632  69.4885
633  69.4885
634  69.4885
635  69.4885
636  69.4885
637  69.4885
638  69.4885
639  69.4885
640  69.4885
641  69.4885
642  69.4885
643  69.4885
644  69.4885
645  69.4885
646  69.4885
647  69.4885
648  69.4885
649  69.4885
650  69.4885
651  69.4885
652  69.4885
653  69.4885
654  69.4885
655  69.4885
656  69.4885
657  69.4885
658  69.4885
659  69.4885
660  69.4885
661  69.4885
662  69.4885
663  69.4885
664  69.4885
665  69.4885
666  69.4885
667  69.4885
668  69.4885
669  69.4885
670  69.4885
671  69.4885
672  69.4885
673  69.4885
674  69.4885
675  69.4885
676  69.4885
677  69.4885
678  69.4885
679  69.4885
680  69.4885
681  69.4885
682  69.4885
683  69.4885
684  69.4885
685  69.4885
686  69.4885
687  69.4885
688  69.4885
689  69.4885
690  69.4885
691  69.4885
692  69.4885
693  69.4885
694  69.4885
695  69.4885
696  69.4885
697  69.4885
698  69.4885
699  69.4885
700  69.4885
701  69.4885
702  69.4885
703  69.4885
704  69.4885
705  69.4885
706  69.4885
707  69.4885
708  69.4885
709  69.4885
710  69.4885
711  69.4885
712  69.4885
713  69.4885
714  69.4885
715  69.4885
716  69.4885
717  69.4885
718  69.4885
719  69.4885
720  69.4885
721  69.4885
722  69.4885
723  69.4885
724  69.4885
725  69.4885
726  69.4885
727  69.4885
728  69.4885
729  69.4885
730  69.4885
731  69.4885
732  69.4885
733  69.4885
734  69.4885
735  69.4885
736  69.4885
737  69.4885
738  69.4885
739  69.4885
740  69.4885
741  69.4885
742  69.4885
743  69.4885
744  69.4885
745  69.4885
746  69.4885
747  69.4885
748  69.4885
749  69.4885
750  69.4885
751  69.4885
752  69.4885
753  69.4885
754  69.4885
755  69.4885
756  69.4885
757  69.4885
758  69.4885
759  69.4885
760  69.4885
761  69.4885
762  69.4885
763  69.4885
764  69.4885
765  69.4885
766  69.4885
767  69.4885
768  69.4885
769  69.4885
770  69.4885
771  69.4885
772  69.4885
773  69.4885
774  69.4885
775  69.4885
776  69.4885
777  69.4885
778  69.4885
779  69.4885
780  69.4885
781  69.4885
782  69.4885
783  69.4885
784  69.4885
785  69.4885
786  69.4885
787  69.4885
788  69.4885
789  69.4885
790  69.4885
791  69.4885
792  69.4885
793  69.4885
794  69.4885
795  69.4885
796  69.4885
797  69.4885
798  69.4885
799  69.4885
800  69.4885
801  69.4885
802  69.4885
803  69.4885
804  69.4885
805  69.4885
806  69.4885
807  69.4885
808  69.4885
809  69.4885
810  69.4885
811  69.4885
812  69.4885
813  69.4885
814  69.4885
815  69.4885
816  69.4885
817  69.4885
818  69.4885
819  69.4885
820  69.4885
821  69.4885
822  69.4885
823  69.4885
824  69.4885
825  69.4885
826  69.4885
827  69.4885
828  69.4885
829  69.4885
830  69.4885
831  69.4885
832  69.4885
833  69.4885
834  69.4885
835  69.4885
836  69.4885
837  69.4885
838  69.4885
839  69.4885
840  69.4885
841  69.4885
842  69.4885
843  69.4885
844  69.4885
845  69.4885
846  69.4885
847  69.4885
848  69.4885
849  69.4885
850  69.4885
851  69.4885
852  69.4885
853  69.4885
854  69.4885
855  69.4885
856  69.4885
857  69.4885
858  69.4885
859  69.4885
860  69.4885
861  69.4885
862  69.4885
863  69.4885
864  69.4885
865  69.4885
866  69.4885
867  69.4885
868  69.4885
869  69.4885
870  69.4885
871  69.4885
872  69.4885
873  69.4885
874  69.4885
875  69.4885
876  69.4885
877  69.4885
878  69.4885
879  69.4885
880  69.4885
881  69.4885
882  69.4885
883  69.4885
884  69.4885
885  69.4885
886  69.4885
887  69.4885
888  69.4885
889  69.4885
890  69.4885
891  69.4885
892  69.4885
893  69.4885
894  69.4885
895  69.4885
896  69.4885
897  69.4885
898  69.4885
899  69.4885
900  69.4885
901  69.4885
902  69.4885
903  69.4885
904  69.4885
905  69.4885
906  69.4885
907  69.4885
908  69.4885
909  69.4885
910  69.4885
911  69.4885
912  69.4885
913  69.4885
914  69.4885
915  69.4885
916  69.4885
917  69.4885
918  69.4885
919  69.4885
920  69.4885
921  69.4885
922  69.4885
923  69.4885
924  69.4885
925  69.4885
926  69.4885
927  69.4885
928  69.4885
929  69.4885
930  69.4885
931  69.4885
932  69.4885
933  69.4885
934  69.4885
935  69.4885
936  69.4885
937  69.4885
938  69.4885
939  69.4885
940  69.4885
941  69.4885
942  69.4885
943  69.4885
944  69.4885
945  69.4885
946  69.4885
947  69.4885
948  69.4885
949  69.4885
950  69.4885
951  69.4885
952  69.4885
953  69.4885
954  69.4885
955  69.4885
956  69.4885
957  69.4885
958  69.4885
959  69.4885
960  69.4885
961  69.4885
962  69.4885
963  69.4885
964  69.4885
965  69.4885
966  69.4885
967  69.4885
968  69.4885
969  69.4885
970  69.4885
971  69.4885
972  69.4885
973  69.4885
974  69.4885
975  69.4885
976  69.4885
977  69.4885
978  69.4885
979  69.4885
980  69.4885
981  69.4885
982  69.4885
983  69.4885
984  69.4885
985  69.4885
986  69.4885
987  69.4885
988  69.4885
989  69.4885
990  69.4885
991  69.4885
992  69.4885
993  69.4885
994  69.4885
995  69.4885
996  69.4885
997  69.4885
998  69.4885
999  69.4885
